<?xml version="1.0" encoding="UTF-8" ?>
<testsuite errors="7" failures="10" hostname="lwo1-dhp-f35258.synapse.com" name="org.openqa.selenium.qtwebkit.QtWebkitDriverTest" tests="551" time="199.087" timestamp="2013-03-05T10:59:03">
  <properties>
    <property name="java.vendor" value="Oracle Corporation" />
    <property name="compiler.debug" value="on" />
    <property name="project.jdk.classpath" value="jdk.classpath.1.6" />
    <property name="sun.java.launcher" value="SUN_STANDARD" />
    <property name="sun.management.compiler" value="HotSpot Tiered Compilers" />
    <property name="os.name" value="Linux" />
    <property name="sun.boot.class.path" value="/usr/lib/jvm/java-1.7.0-openjdk-1.7.0.6/jre/lib/resources.jar:/usr/lib/jvm/java-1.7.0-openjdk-1.7.0.6/jre/lib/rt.jar:/usr/lib/jvm/java-1.7.0-openjdk-1.7.0.6/jre/lib/sunrsasign.jar:/usr/lib/jvm/java-1.7.0-openjdk-1.7.0.6/jre/lib/jsse.jar:/usr/lib/jvm/java-1.7.0-openjdk-1.7.0.6/jre/lib/jce.jar:/usr/lib/jvm/java-1.7.0-openjdk-1.7.0.6/jre/lib/charsets.jar:/usr/lib/jvm/java-1.7.0-openjdk-1.7.0.6/jre/lib/netx.jar:/usr/lib/jvm/java-1.7.0-openjdk-1.7.0.6/jre/lib/plugin.jar:/usr/lib/jvm/java-1.7.0-openjdk-1.7.0.6/jre/lib/rhino.jar:/usr/lib/jvm/java-1.7.0-openjdk-1.7.0.6/jre/lib/jfr.jar:/usr/lib/jvm/java-1.7.0-openjdk-1.7.0.6/jre/classes" />
    <property name="compiler.args" value="" />
    <property name="sun.desktop" value="gnome" />
    <property name="java.vm.specification.vendor" value="Oracle Corporation" />
    <property name="ant.home" value="/usr/share/ant" />
    <property name="java.runtime.version" value="1.7.0_06-icedtea-mockbuild_2012_08_31_14_28-b00" />
    <property name="path.variable.maven_repository" value="/home/dmytro/.m2/repository" />
    <property name="user.name" value="liberus" />
    <property name="user.language" value="en" />
    <property name="sun.boot.library.path" value="/usr/lib/jvm/java-1.7.0-openjdk-1.7.0.6/jre/lib/i386" />
    <property name="module.jdk.bin.selenium" value="/usr/lib/jvm/java-1.7.0-openjdk-1.7.0.6/bin" />
    <property name="ant.project.default-target" value="all" />
    <property name="ant.project.name" value="selenium" />
    <property name="compiler.args.selenium" value="" />
    <property name="java.version" value="1.7.0_06-icedtea" />
    <property name="user.timezone" value="" />
    <property name="sun.arch.data.model" value="32" />
    <property name="java.endorsed.dirs" value="/usr/lib/jvm/java-1.7.0-openjdk-1.7.0.6/jre/lib/endorsed" />
    <property name="sun.cpu.isalist" value="" />
    <property name="sun.jnu.encoding" value="UTF-8" />
    <property name="file.encoding.pkg" value="sun.io" />
    <property name="module.jdk.classpath.selenium" value="jdk.classpath.1.6" />
    <property name="file.separator" value="/" />
    <property name="java.specification.name" value="Java Platform API Specification" />
    <property name="project.jdk.bin" value="/usr/lib/jvm/java-1.7.0-openjdk-1.7.0.6/bin" />
    <property name="java.class.version" value="51.0" />
    <property name="user.country" value="US" />
    <property name="java.home" value="/usr/lib/jvm/java-1.7.0-openjdk-1.7.0.6/jre" />
    <property name="java.vm.info" value="mixed mode" />
    <property name="ant.file" value="/home/liberus/workspace/NDSProject/wd/test/Java/build.xml" />
    <property name="os.version" value="3.5.3-1.fc17.i686" />
    <property name="test.class.name" value="org.openqa.selenium.qtwebkit.QtWebkitDriverTest" />
    <property name="jdk.bin.1.6" value="/usr/lib/jvm/java-1.7.0-openjdk-1.7.0.6/bin" />
    <property name="ant.file.module_selenium" value="/home/liberus/workspace/NDSProject/wd/test/Java/module_selenium.xml" />
    <property name="test.reports" value="/home/liberus/workspace/NDSProject/wd/test/Java/report" />
    <property name="selenium.testoutput.dir" value="/home/liberus/workspace/NDSProject/wd/test/Java/out/test" />
    <property name="path.separator" value=":" />
    <property name="java.vm.version" value="23.2-b09" />
    <property name="ant.library.dir" value="/usr/share/ant/lib" />
    <property name="java.awt.printerjob" value="sun.print.PSPrinterJob" />
    <property name="sun.io.unicode.encoding" value="UnicodeLittle" />
    <property name="awt.toolkit" value="sun.awt.X11.XToolkit" />
    <property name="compiler.max.memory" value="128m" />
    <property name="user.home" value="/home/liberus" />
    <property name="java.specification.vendor" value="Oracle Corporation" />
    <property name="project.jdk.home" value="/usr/lib/jvm/java-1.7.0-openjdk-1.7.0.6" />
    <property name="java.library.path" value="/usr/java/packages/lib/i386:/lib:/usr/lib" />
    <property name="java.vendor.url" value="http://java.oracle.com/" />
    <property name="java.vm.vendor" value="Oracle Corporation" />
    <property name="jdk.home.1.6" value="/usr/lib/jvm/java-1.7.0-openjdk-1.7.0.6" />
    <property name="ant.file.type.selenium" value="file" />
    <property name="java.runtime.name" value="OpenJDK Runtime Environment" />
    <property name="sun.java.command" value="org.apache.tools.ant.taskdefs.optional.junit.JUnitTestRunner org.openqa.selenium.qtwebkit.QtWebkitDriverTest filtertrace=true haltOnError=false haltOnFailure=false formatter=org.apache.tools.ant.taskdefs.optional.junit.SummaryJUnitResultFormatter showoutput=false outputtoformatters=true logfailedtests=true logtestlistenerevents=false formatter=org.apache.tools.ant.taskdefs.optional.junit.XMLJUnitResultFormatter,/home/liberus/workspace/NDSProject/wd/test/Java/report/TEST-org.openqa.selenium.qtwebkit.QtWebkitDriverTest.xml crashfile=/home/liberus/workspace/NDSProject/wd/test/Java/junitvmwatcher5200338193887668568.properties propsfile=/home/liberus/workspace/NDSProject/wd/test/Java/junit4947080375092324919.properties" />
    <property name="java.class.path" value="/home/liberus/workspace/NDSProject/wd/test/Java/out/test:/home/liberus/workspace/NDSProject/wd/test/Java/lib/selenium-2.25.0/selenium-java-2.25.0.jar:/home/liberus/workspace/NDSProject/wd/test/Java/third_party/java/jetty/jetty-repacked-7.6.1.jar:/home/liberus/workspace/NDSProject/wd/test/Java/third_party/java/commons-fileupload/commons-fileupload-1.2.2.jar:/home/liberus/workspace/NDSProject/wd/test/Java/third_party/java/servlet-api/servlet-api-2.5-6.1.9.jar:/home/liberus/workspace/NDSProject/wd/test/Java/lib/common.jar:/home/liberus/workspace/NDSProject/wd/test/Java/lib/guava-r05.jar:/home/liberus/workspace/NDSProject/wd/test/Java/lib/jmock-2.5.1.jar:/home/liberus/workspace/NDSProject/wd/test/Java/lib/jmock-junit4-2.4.0.jar:/home/liberus/workspace/NDSProject/wd/test/Java/lib/junit/junit-dep-4.10-src.jar:/home/liberus/workspace/NDSProject/wd/test/Java/lib/junit/junit-dep-4.10.jar:/home/liberus/workspace/NDSProject/wd/test/Java/lib/my_lib.jar:/home/liberus/workspace/NDSProject/wd/test/Java/lib/selenium-2.25.0/libs/apache-mime4j-0.6.jar:/home/liberus/workspace/NDSProject/wd/test/Java/lib/selenium-2.25.0/libs/bsh-1.3.0.jar:/home/liberus/workspace/NDSProject/wd/test/Java/lib/selenium-2.25.0/libs/cglib-nodep-2.1_3.jar:/home/liberus/workspace/NDSProject/wd/test/Java/lib/selenium-2.25.0/libs/commons-codec-1.6.jar:/home/liberus/workspace/NDSProject/wd/test/Java/lib/selenium-2.25.0/libs/commons-collections-3.2.1.jar:/home/liberus/workspace/NDSProject/wd/test/Java/lib/selenium-2.25.0/libs/commons-exec-1.1.jar:/home/liberus/workspace/NDSProject/wd/test/Java/lib/selenium-2.25.0/libs/commons-io-2.0.1.jar:/home/liberus/workspace/NDSProject/wd/test/Java/lib/selenium-2.25.0/libs/commons-jxpath-1.3.jar:/home/liberus/workspace/NDSProject/wd/test/Java/lib/selenium-2.25.0/libs/commons-lang-2.6.jar:/home/liberus/workspace/NDSProject/wd/test/Java/lib/selenium-2.25.0/libs/commons-logging-1.1.1.jar:/home/liberus/workspace/NDSProject/wd/test/Java/lib/selenium-2.25.0/libs/cssparser-0.9.5.jar:/home/liberus/workspace/NDSProject/wd/test/Java/lib/selenium-2.25.0/libs/guava-12.0.jar:/home/liberus/workspace/NDSProject/wd/test/Java/lib/selenium-2.25.0/libs/hamcrest-core-1.1.jar:/home/liberus/workspace/NDSProject/wd/test/Java/lib/selenium-2.25.0/libs/hamcrest-library-1.1.jar:/home/liberus/workspace/NDSProject/wd/test/Java/lib/selenium-2.25.0/libs/htmlunit-2.9.jar:/home/liberus/workspace/NDSProject/wd/test/Java/lib/selenium-2.25.0/libs/htmlunit-core-js-2.9.jar:/home/liberus/workspace/NDSProject/wd/test/Java/lib/selenium-2.25.0/libs/httpclient-4.1.3.jar:/home/liberus/workspace/NDSProject/wd/test/Java/lib/selenium-2.25.0/libs/httpcore-4.1.3.jar:/home/liberus/workspace/NDSProject/wd/test/Java/lib/selenium-2.25.0/libs/httpmime-4.1.3.jar:/home/liberus/workspace/NDSProject/wd/test/Java/lib/selenium-2.25.0/libs/ini4j-0.5.2.jar:/home/liberus/workspace/NDSProject/wd/test/Java/lib/selenium-2.25.0/libs/jcommander-1.13.jar:/home/liberus/workspace/NDSProject/wd/test/Java/lib/selenium-2.25.0/libs/jna-3.4.0.jar:/home/liberus/workspace/NDSProject/wd/test/Java/lib/selenium-2.25.0/libs/jna-platform-3.4.0.jar:/home/liberus/workspace/NDSProject/wd/test/Java/lib/selenium-2.25.0/libs/json-20080701.jar:/home/liberus/workspace/NDSProject/wd/test/Java/lib/selenium-2.25.0/libs/junit-dep-4.10.jar:/home/liberus/workspace/NDSProject/wd/test/Java/lib/selenium-2.25.0/libs/nekohtml-1.9.15.jar:/home/liberus/workspace/NDSProject/wd/test/Java/lib/selenium-2.25.0/libs/netty-3.2.7.Final.jar:/home/liberus/workspace/NDSProject/wd/test/Java/lib/selenium-2.25.0/libs/operadriver-0.14.jar:/home/liberus/workspace/NDSProject/wd/test/Java/lib/selenium-2.25.0/libs/protobuf-java-2.4.1.jar:/home/liberus/workspace/NDSProject/wd/test/Java/lib/selenium-2.25.0/libs/sac-1.3.jar:/home/liberus/workspace/NDSProject/wd/test/Java/lib/selenium-2.25.0/libs/serializer-2.7.1.jar:/home/liberus/workspace/NDSProject/wd/test/Java/lib/selenium-2.25.0/libs/testng-6.0.1-nobsh-noguice.jar:/home/liberus/workspace/NDSProject/wd/test/Java/lib/selenium-2.25.0/libs/webbit-0.4.8-SNAPSHOT.jar:/home/liberus/workspace/NDSProject/wd/test/Java/lib/selenium-2.25.0/libs/xalan-2.7.1.jar:/home/liberus/workspace/NDSProject/wd/test/Java/lib/selenium-2.25.0/libs/xercesImpl-2.9.1.jar:/home/liberus/workspace/NDSProject/wd/test/Java/lib/selenium-2.25.0/libs/xml-apis-1.3.04.jar:/home/liberus/workspace/NDSProject/wd/test/Java/lib/selenium-2.25.0/selenium-java-2.25.0-srcs.jar:/home/liberus/workspace/NDSProject/wd/test/Java/lib/selenium-api-2.9.0.jar:/usr/share/java/junit.jar:/usr/share/java/ant-launcher.jar:/usr/share/java/ant.jar:/usr/share/java/ant/ant-junit.jar:/usr/share/java/ant/ant-junit4.jar" />
    <property name="ant.version" value="Apache Ant(TM) version 1.8.3 compiled on February 29 2012" />
    <property name="java.vm.specification.name" value="Java Virtual Machine Specification" />
    <property name="ant.file.type" value="file" />
    <property name="java.vm.specification.version" value="1.7" />
    <property name="sun.cpu.endian" value="little" />
    <property name="sun.os.patch.level" value="unknown" />
    <property name="java.io.tmpdir" value="/tmp" />
    <property name="ant.file.type.module_selenium" value="file" />
    <property name="java.vendor.url.bug" value="http://bugreport.sun.com/bugreport/" />
    <property name="os.arch" value="i386" />
    <property name="java.awt.graphicsenv" value="sun.awt.X11GraphicsEnvironment" />
    <property name="compiler.generate.no.warnings" value="off" />
    <property name="selenium.output.dir" value="/home/liberus/workspace/NDSProject/wd/test/Java/out" />
    <property name="java.ext.dirs" value="/usr/lib/jvm/java-1.7.0-openjdk-1.7.0.6/jre/lib/ext:/usr/java/packages/lib/ext" />
    <property name="module.selenium.basedir" value="/home/liberus/workspace/NDSProject/wd/test/Java" />
    <property name="user.dir" value="/home/liberus/workspace/NDSProject/wd/test/Java" />
    <property name="line.separator" value="&#xa;" />
    <property name="java.vm.name" value="OpenJDK Server VM" />
    <property name="basedir" value="/home/liberus/workspace/NDSProject/wd/test/Java" />
    <property name="ant.java.version" value="1.7" />
    <property name="ant.core.lib" value="/usr/share/java/ant.jar" />
    <property name="file.encoding" value="UTF-8" />
    <property name="java.specification.version" value="1.7" />
    <property name="ant.project.invoked-targets" value="test" />
    <property name="ant.file.selenium" value="/home/liberus/workspace/NDSProject/wd/test/Java/build.xml" />
    <property name="module.jdk.home.selenium" value="/usr/lib/jvm/java-1.7.0-openjdk-1.7.0.6" />
  </properties>
  <testcase classname="org.openqa.selenium.AlertsTest" name="testShouldBeAbleToOverrideTheWindowAlertMethod" time="0.817" />
  <testcase classname="org.openqa.selenium.AlertsTest" name="testShouldAllowUsersToAcceptAnAlertManually" time="0.147" />
  <testcase classname="org.openqa.selenium.AlertsTest" name="testCanQuitWhenAnAlertIsPresent" time="2.181" />
  <testcase classname="org.openqa.selenium.AlertsTest" name="testShouldAllowAUserToAcceptAPrompt" time="0.085" />
  <testcase classname="org.openqa.selenium.AlertsTest" name="testShouldAllowAUserToDismissAPrompt" time="0.184" />
  <testcase classname="org.openqa.selenium.AlertsTest" name="testShouldAllowAUserToSetTheValueOfAPrompt" time="0.292" />
  <testcase classname="org.openqa.selenium.AlertsTest" name="testSettingTheValueOfAnAlertThrows" time="0.159" />
  <testcase classname="org.openqa.selenium.AlertsTest" name="testShouldAllowTheUserToGetTheTextOfAnAlert" time="0.162" />
  <testcase classname="org.openqa.selenium.AlertsTest" name="testShouldAllowTheUserToGetTheTextOfAPrompt" time="0.18" />
  <testcase classname="org.openqa.selenium.AlertsTest" name="testAlertShouldNotAllowAdditionalCommandsIfDismissed" time="0.155" />
  <testcase classname="org.openqa.selenium.AlertsTest" name="testShouldAllowUsersToAcceptAnAlertInAFrame" time="0.405" />
  <testcase classname="org.openqa.selenium.AlertsTest" name="testShouldAllowUsersToAcceptAnAlertInANestedFrame" time="0.555" />
  <testcase classname="org.openqa.selenium.AlertsTest" name="testSwitchingToMissingAlertThrows" time="0.045" />
  <testcase classname="org.openqa.selenium.AlertsTest" name="testPromptShouldUseDefaultValueIfNoKeysSent" time="0.322" />
  <testcase classname="org.openqa.selenium.AlertsTest" name="testPromptShouldHaveNullValueIfDismissed" time="0.311" />
  <testcase classname="org.openqa.selenium.AlertsTest" name="testHandlesTwoAlertsFromOneInteraction" time="0.484" />
  <testcase classname="org.openqa.selenium.AlertsTest" name="testShouldHandleAlertOnPageLoad" time="0.338" />
  <testcase classname="org.openqa.selenium.AlertsTest" name="testShouldAllowUsersToAcceptAnAlertWithNoTextManually" time="0.15" />
  <testcase classname="org.openqa.selenium.AlertsTest" name="testShouldAllowUsersToDismissAnAlertManually" time="0.173" />
  <testcase classname="org.openqa.selenium.AtomsInjectionTest" name="testInjectingAtomShouldNotTrampleOnUnderscoreGlobal" time="0.049" />
  <testcase classname="org.openqa.selenium.ByTest" name="shouldUseXPathToFindByNameIfDriverDoesNotImplementFindsByName" time="0.018" />
  <testcase classname="org.openqa.selenium.ByTest" name="innerClassesArePublicSoThatTheyCanBeReusedElsewhere" time="0.001" />
  <testcase classname="org.openqa.selenium.ByTest" name="testHashCodeDoesNotFallIntoEndlessRecursion" time="0.0" />
  <testcase classname="org.openqa.selenium.ByTest" name="shouldUseFindsByNameToLocateElementsByName" time="0.005" />
  <testcase classname="org.openqa.selenium.ChildrenFindingTest" name="testFindElementByXPath" time="0.214" />
  <testcase classname="org.openqa.selenium.ChildrenFindingTest" name="testFindingElementsOnElementByXPathShouldFindTopLevelElements" time="0.151" />
  <testcase classname="org.openqa.selenium.ChildrenFindingTest" name="testFindingDotSlashElementsOnElementByXPathShouldFindNotTopLevelElements" time="0.218" />
  <testcase classname="org.openqa.selenium.ChildrenFindingTest" name="testFindElementByXPathWhenNoMatch" time="0.093" />
  <testcase classname="org.openqa.selenium.ChildrenFindingTest" name="testfindElementsByXPath" time="0.337" />
  <testcase classname="org.openqa.selenium.ChildrenFindingTest" name="testfindElementsByXPathWhenNoMatch" time="0.091" />
  <testcase classname="org.openqa.selenium.ChildrenFindingTest" name="testfindElementByName" time="0.217" />
  <testcase classname="org.openqa.selenium.ChildrenFindingTest" name="testfindElementsByName" time="0.113" />
  <testcase classname="org.openqa.selenium.ChildrenFindingTest" name="testfindElementById" time="0.223" />
  <testcase classname="org.openqa.selenium.ChildrenFindingTest" name="testfindElementByIdWhenMultipleMatchesExist" time="0.21" />
  <testcase classname="org.openqa.selenium.ChildrenFindingTest" name="testfindElementByIdWhenNoMatchInContext" time="0.093" />
  <testcase classname="org.openqa.selenium.ChildrenFindingTest" name="testfindElementsById" time="0.117" />
  <testcase classname="org.openqa.selenium.ChildrenFindingTest" name="testFindElementByLinkText" time="0.217" />
  <testcase classname="org.openqa.selenium.ChildrenFindingTest" name="testFindElementsByLinkTest" time="0.313" />
  <testcase classname="org.openqa.selenium.ChildrenFindingTest" name="testfindElementsByLinkText" time="0.115" />
  <testcase classname="org.openqa.selenium.ChildrenFindingTest" name="testShouldFindChildElementsByClassName" time="0.216" />
  <testcase classname="org.openqa.selenium.ChildrenFindingTest" name="testShouldFindChildrenByClassName" time="0.093" />
  <testcase classname="org.openqa.selenium.ChildrenFindingTest" name="testShouldFindChildElementsByTagName" time="0.217" />
  <testcase classname="org.openqa.selenium.ChildrenFindingTest" name="testShouldFindChildrenByTagName" time="0.114" />
  <testcase classname="org.openqa.selenium.ChildrenFindingTest" name="testShouldBeAbleToFindAnElementByCssSelector" time="0.215" />
  <testcase classname="org.openqa.selenium.ChildrenFindingTest" name="testShouldBeAbleToFindAnElementsByCssSelector" time="0.095" />
  <testcase classname="org.openqa.selenium.ClickScrollingTest" name="testClickingOnAnchorScrollsPage" time="0.173" />
  <testcase classname="org.openqa.selenium.ClickScrollingTest" name="testShouldScrollToClickOnAnElementHiddenByOverflow" time="0.153" />
  <testcase classname="org.openqa.selenium.ClickScrollingTest" name="testShouldBeAbleToClickRadioButtonScrolledIntoView" time="0.155" />
  <testcase classname="org.openqa.selenium.ClickScrollingTest" name="testShouldScrollOverflowElementsIfClickPointIsOutOfViewButElementIsInView" time="0.319" />
  <testcase classname="org.openqa.selenium.ClickScrollingTest" name="testShouldBeAbleToClickElementInAFrameThatIsOutOfView" time="0.46" />
  <testcase classname="org.openqa.selenium.ClickScrollingTest" name="testShouldBeAbleToClickElementThatIsOutOfViewInAFrame" time="0.467" />
  <testcase classname="org.openqa.selenium.ClickScrollingTest" name="testShouldBeAbleToClickElementThatIsOutOfViewInAFrameThatIsOutOfView" time="0.482" />
  <testcase classname="org.openqa.selenium.ClickScrollingTest" name="testShouldBeAbleToClickElementThatIsOutOfViewInANestedFrame" time="0.647" />
  <testcase classname="org.openqa.selenium.ClickScrollingTest" name="testShouldBeAbleToClickElementThatIsOutOfViewInANestedFrameThatIsOutOfView" time="0.681" />
  <testcase classname="org.openqa.selenium.ClickTest" name="testCanClickOnALinkAndFollowIt" time="0.202" />
  <testcase classname="org.openqa.selenium.ClickTest" name="testCanClickOnAnAnchorAndNotReloadThePage" time="0.156" />
  <testcase classname="org.openqa.selenium.ClickTest" name="testCanClickOnALinkThatUpdatesAnotherFrame" time="0.399" />
  <testcase classname="org.openqa.selenium.ClickTest" name="testElementsFoundByJsCanLoadUpdatesInAnotherFrame" time="0.369" />
  <testcase classname="org.openqa.selenium.ClickTest" name="testJsLoactedElementsCanUpdateFramesIfFoundSomehowElse" time="0.453" />
  <testcase classname="org.openqa.selenium.ClickTest" name="testCanClickOnAnElementWithTopSetToANegativeNumber" time="0.655" />
  <testcase classname="org.openqa.selenium.ClickTest" name="testClickingLabelShouldSetCheckbox" time="0.334" />
  <testcase classname="org.openqa.selenium.ClickTest" name="testCanClickOnALinkWithEnclosedImage" time="0.161" />
  <testcase classname="org.openqa.selenium.ClickTest" name="testCanClickOnAnImageEnclosedInALink" time="0.231" />
  <testcase classname="org.openqa.selenium.ClickTest" name="testCanClickOnALinkThatContainsTextWrappedInASpan" time="0.17" />
  <testcase classname="org.openqa.selenium.ClickTest" name="testCanClickOnALinkThatContainsEmbeddedBlockElements" time="0.168" />
  <testcase classname="org.openqa.selenium.ClickTest" name="testCanClickOnAnElementEnclosedInALink" time="0.224" />
  <testcase classname="org.openqa.selenium.ClickTest" name="testShouldBeAbleToClickOnAnElementInTheViewport" time="0.167" />
  <testcase classname="org.openqa.selenium.ClickTest" name="testClicksASurroundingStrongTag" time="0.146" />
  <testcase classname="org.openqa.selenium.CookieImplementationTest" name="testShouldGetCookieByName" time="0.075" />
  <testcase classname="org.openqa.selenium.CookieImplementationTest" name="testShouldBeAbleToAddCookie" time="0.09" />
  <testcase classname="org.openqa.selenium.CookieImplementationTest" name="testGetAllCookies" time="0.115" />
  <testcase classname="org.openqa.selenium.CookieImplementationTest" name="testDeleteAllCookies" time="0.075" />
  <testcase classname="org.openqa.selenium.CookieImplementationTest" name="testDeleteCookieWithName" time="0.151" />
  <testcase classname="org.openqa.selenium.CookieImplementationTest" name="testShouldNotDeleteCookiesWithASimilarName" time="0.123" />
  <testcase classname="org.openqa.selenium.CookieImplementationTest" name="testAddCookiesWithDifferentPathsThatAreRelatedToOurs" time="0.114" />
  <testcase classname="org.openqa.selenium.CookieImplementationTest" name="testShouldNotGetCookieOnDifferentDomain" time="0.068">
    <error message="Expected valid hostname but was lwo1-dhp-f35258.synapse.com" type="java.lang.IllegalArgumentException">java.lang.IllegalArgumentException: Expected valid hostname but was lwo1-dhp-f35258.synapse.com
	at com.google.common.base.Preconditions.checkArgument(Preconditions.java:115)
	at org.openqa.selenium.environment.DomainHelper.getUrlForSecondValidHostname(DomainHelper.java:42)
	at org.openqa.selenium.CookieImplementationTest.testShouldNotGetCookieOnDifferentDomain(CookieImplementationTest.java:216)
	at org.openqa.selenium.testing.SeleniumTestRunner$2.evaluate(SeleniumTestRunner.java:107)
	at org.openqa.selenium.testing.SeleniumTestRunner.runChild(SeleniumTestRunner.java:80)
	at org.openqa.selenium.testing.SeleniumTestRunner.runChild(SeleniumTestRunner.java:40)
	at org.openqa.selenium.testing.ParallelSuite$2.run(ParallelSuite.java:40)
	at org.openqa.selenium.testing.ParallelSuite$ThreadPool$1.run(ParallelSuite.java:79)
</error>
  </testcase>
  <testcase classname="org.openqa.selenium.CookieImplementationTest" name="testShouldBeAbleToIncludeLeadingPeriodInDomainName" time="0.084" />
  <testcase classname="org.openqa.selenium.CookieImplementationTest" name="testShouldBeAbleToSetDomainToTheCurrentDomain" time="0.087" />
  <testcase classname="org.openqa.selenium.CookieImplementationTest" name="testShouldWalkThePathToDeleteACookie" time="0.091">
    <failure message="expected:&lt;2&gt; but was:&lt;1&gt;" type="junit.framework.AssertionFailedError">junit.framework.AssertionFailedError: expected:&lt;2&gt; but was:&lt;1&gt;
	at org.openqa.selenium.CookieImplementationTest.testShouldWalkThePathToDeleteACookie(CookieImplementationTest.java:294)
	at org.openqa.selenium.testing.SeleniumTestRunner$2.evaluate(SeleniumTestRunner.java:107)
	at org.openqa.selenium.testing.SeleniumTestRunner.runChild(SeleniumTestRunner.java:80)
	at org.openqa.selenium.testing.SeleniumTestRunner.runChild(SeleniumTestRunner.java:40)
	at org.openqa.selenium.testing.ParallelSuite$2.run(ParallelSuite.java:40)
	at org.openqa.selenium.testing.ParallelSuite$ThreadPool$1.run(ParallelSuite.java:79)
</failure>
  </testcase>
  <testcase classname="org.openqa.selenium.CookieImplementationTest" name="testShouldIgnoreThePortNumberOfTheHostWhenSettingTheCookie" time="0.09" />
  <testcase classname="org.openqa.selenium.CookieImplementationTest" name="testCookieEqualityAfterSetAndGet" time="0.064">
    <failure message="Cookie was null" type="junit.framework.AssertionFailedError">junit.framework.AssertionFailedError: Cookie was null
	at org.openqa.selenium.CookieImplementationTest.testCookieEqualityAfterSetAndGet(CookieImplementationTest.java:341)
	at org.openqa.selenium.testing.SeleniumTestRunner$2.evaluate(SeleniumTestRunner.java:107)
	at org.openqa.selenium.testing.SeleniumTestRunner.runChild(SeleniumTestRunner.java:80)
	at org.openqa.selenium.testing.SeleniumTestRunner.runChild(SeleniumTestRunner.java:40)
	at org.openqa.selenium.testing.ParallelSuite$2.run(ParallelSuite.java:40)
	at org.openqa.selenium.testing.ParallelSuite$ThreadPool$1.run(ParallelSuite.java:79)
</failure>
  </testcase>
  <testcase classname="org.openqa.selenium.CookieImplementationTest" name="testRetainsCookieExpiry" time="0.057" />
  <testcase classname="org.openqa.selenium.CookieImplementationTest" name="testSettingACookieThatExpiredInThePast" time="0.038" />
  <testcase classname="org.openqa.selenium.CookieImplementationTest" name="testCanSetCookieWithoutOptionalFieldsSet" time="0.088" />
  <testcase classname="org.openqa.selenium.CorrectEventFiringTest" name="testShouldFireClickEventWhenClicking" time="0.335" />
  <testcase classname="org.openqa.selenium.CorrectEventFiringTest" name="testShouldFireMouseDownEventWhenClicking" time="0.311" />
  <testcase classname="org.openqa.selenium.CorrectEventFiringTest" name="testShouldFireMouseUpEventWhenClicking" time="0.332" />
  <testcase classname="org.openqa.selenium.CorrectEventFiringTest" name="testShouldFireMouseOverEventWhenClicking" time="0.307" />
  <testcase classname="org.openqa.selenium.CorrectEventFiringTest" name="testShouldNotThrowIfEventHandlerThrows" time="0.191" />
  <testcase classname="org.openqa.selenium.CorrectEventFiringTest" name="testsShouldIssueMouseDownEvents" time="0.452" />
  <testcase classname="org.openqa.selenium.CorrectEventFiringTest" name="testShouldIssueClickEvents" time="0.428" />
  <testcase classname="org.openqa.selenium.CorrectEventFiringTest" name="testShouldIssueMouseUpEvents" time="0.43" />
  <testcase classname="org.openqa.selenium.CorrectEventFiringTest" name="testMouseEventsShouldBubbleUpToContainingElements" time="0.428" />
  <testcase classname="org.openqa.selenium.CorrectEventFiringTest" name="testShouldEmitOnChangeEventsWhenSelectingElements" time="0.804" />
  <testcase classname="org.openqa.selenium.CorrectEventFiringTest" name="testShouldEmitOnChangeEventsWhenChangingTheStateOfACheckbox" time="0.332" />
  <testcase classname="org.openqa.selenium.CorrectEventFiringTest" name="testShouldEmitClickEventWhenClickingOnATextInputElement" time="0.366" />
  <testcase classname="org.openqa.selenium.CorrectEventFiringTest" name="testShouldFireTwoClickEventsWhenClickingOnALabel" time="0.314" />
  <testcase classname="org.openqa.selenium.CorrectEventFiringTest" name="testClearingAnElementShouldCauseTheOnChangeHandlerToFire" time="0.334" />
  <testcase classname="org.openqa.selenium.CorrectEventFiringTest" name="testSendingKeysToAnotherElementShouldCauseTheBlurEventToFire" time="0.835" />
  <testcase classname="org.openqa.selenium.CorrectEventFiringTest" name="testSendingKeysToAnElementShouldCauseTheFocusEventToFire" time="0.491" />
  <testcase classname="org.openqa.selenium.CorrectEventFiringTest" name="testSendingKeysToAFocusedElementShouldNotBlurThatElement" time="0.767" />
  <testcase classname="org.openqa.selenium.CorrectEventFiringTest" name="testSubmittingFormFromFormElementShouldFireOnSubmitForThatForm" time="0.337" />
  <testcase classname="org.openqa.selenium.CorrectEventFiringTest" name="testSubmittingFormFromFormInputSubmitElementShouldFireOnSubmitForThatForm" time="0.331" />
  <testcase classname="org.openqa.selenium.CorrectEventFiringTest" name="testSubmittingFormFromFormInputTextElementShouldFireOnSubmitForThatFormAndNotClickOnThatInput" time="0.497" />
  <testcase classname="org.openqa.selenium.CorrectEventFiringTest" name="testShouldReportTheXAndYCoordinatesWhenClicking" time="0.483" />
  <testcase classname="org.openqa.selenium.DragAndDropTest" name="testDragAndDrop" time="0.507" />
  <testcase classname="org.openqa.selenium.DragAndDropTest" name="testDragAndDropToElement" time="0.354" />
  <testcase classname="org.openqa.selenium.DragAndDropTest" name="testDragAndDropToElementInIframe" time="1.222" />
  <testcase classname="org.openqa.selenium.DragAndDropTest" name="testElementInDiv" time="0.205" />
  <testcase classname="org.openqa.selenium.DragAndDropTest" name="testShouldAllowUsersToDragAndDropToElementsOffTheCurrentViewPort" time="0.187" />
  <testcase classname="org.openqa.selenium.DragAndDropTest" name="testDragAndDropOnJQueryItems" time="1.018" />
  <testcase classname="org.openqa.selenium.ElementAttributeTest" name="testShouldReturnNullWhenGettingTheValueOfAnAttributeThatIsNotListed" time="0.226" />
  <testcase classname="org.openqa.selenium.ElementAttributeTest" name="testShouldReturnNullWhenGettingSrcAttributeOfInvalidImgTag" time="0.179" />
  <testcase classname="org.openqa.selenium.ElementAttributeTest" name="testShouldReturnAnAbsoluteUrlWhenGettingSrcAttributeOfAValidImgTag" time="0.153" />
  <testcase classname="org.openqa.selenium.ElementAttributeTest" name="testShouldReturnAnAbsoluteUrlWhenGettingHrefAttributeOfAValidAnchorTag" time="0.158" />
  <testcase classname="org.openqa.selenium.ElementAttributeTest" name="testShouldReturnEmptyAttributeValuesWhenPresentAndTheValueIsActuallyEmpty" time="0.153" />
  <testcase classname="org.openqa.selenium.ElementAttributeTest" name="testShouldReturnTheValueOfTheIndexAttrbuteEvenIfItIsMissing" time="0.215" />
  <testcase classname="org.openqa.selenium.ElementAttributeTest" name="testShouldIndicateTheElementsThatAreDisabledAreNotEnabled" time="0.118" />
  <testcase classname="org.openqa.selenium.ElementAttributeTest" name="testElementsShouldBeDisabledIfTheyAreDisabledUsingRandomDisabledStrings" time="0.213" />
  <testcase classname="org.openqa.selenium.ElementAttributeTest" name="testShouldThrowExceptionIfSendingKeysToElementDisabledUsingRandomDisabledStrings" time="0.89" />
  <testcase classname="org.openqa.selenium.ElementAttributeTest" name="testShouldIndicateWhenATextAreaIsDisabled" time="0.061" />
  <testcase classname="org.openqa.selenium.ElementAttributeTest" name="testShouldIndicateWhenASelectIsDisabled" time="0.126" />
  <testcase classname="org.openqa.selenium.ElementAttributeTest" name="testShouldReturnTheValueOfCheckedForACheckboxOnlyIfItIsChecked" time="0.393" />
  <testcase classname="org.openqa.selenium.ElementAttributeTest" name="testShouldOnlyReturnTheValueOfSelectedForRadioButtonsIfItIsSet" time="0.895" />
  <testcase classname="org.openqa.selenium.ElementAttributeTest" name="testShouldReturnTheValueOfSelectedForOptionsOnlyIfTheyAreSelected" time="0.552" />
  <testcase classname="org.openqa.selenium.ElementAttributeTest" name="testShouldReturnValueOfClassAttributeOfAnElement" time="0.155" />
  <testcase classname="org.openqa.selenium.ElementAttributeTest" name="testShouldReturnTheContentsOfATextAreaAsItsValue" time="0.178" />
  <testcase classname="org.openqa.selenium.ElementAttributeTest" name="testShouldTreatReadonlyAsAValue" time="0.307" />
  <testcase classname="org.openqa.selenium.ElementAttributeTest" name="testShouldGetNumericAtribute" time="0.159" />
  <testcase classname="org.openqa.selenium.ElementAttributeTest" name="testCanReturnATextApproximationOfTheStyleAttribute" time="0.179" />
  <testcase classname="org.openqa.selenium.ElementAttributeTest" name="testShouldCorrectlyReportValueOfColspan" time="1.427" />
  <testcase classname="org.openqa.selenium.ElementAttributeTest" name="testShouldReturnValueOfOnClickAttribute" time="0.313" />
  <testcase classname="org.openqa.selenium.ElementAttributeTest" name="testGetAttributeDoesNotReturnAnObjectForSvgProperties" time="0.154" />
  <testcase classname="org.openqa.selenium.ElementAttributeTest" name="testCanRetrieveTheCurrentValueOfATextFormField_textInput" time="0.551" />
  <testcase classname="org.openqa.selenium.ElementAttributeTest" name="testCanRetrieveTheCurrentValueOfATextFormField_emailInput" time="0.553" />
  <testcase classname="org.openqa.selenium.ElementAttributeTest" name="testCanRetrieveTheCurrentValueOfATextFormField_textArea" time="0.552" />
  <testcase classname="org.openqa.selenium.ElementAttributeTest" name="testShouldReturnTrueForPresentBooleanAttributes" time="0.824" />
  <testcase classname="org.openqa.selenium.ElementEqualityTest" name="testSameElementLookedUpDifferentWaysShouldBeEqual" time="0.093" />
  <testcase classname="org.openqa.selenium.ElementEqualityTest" name="testDifferentElementsShouldNotBeEqual" time="0.063" />
  <testcase classname="org.openqa.selenium.ElementEqualityTest" name="testSameElementLookedUpDifferentWaysUsingFindElementShouldHaveSameHashCode" time="0.115" />
  <testcase classname="org.openqa.selenium.ElementEqualityTest" name="testSameElementLookedUpDifferentWaysUsingFindElementsShouldHaveSameHashCode" time="0.097" />
  <testcase classname="org.openqa.selenium.ElementEqualityTest" name="testAnElementFoundInADifferentFrameViaJsShouldHaveSameId" time="0.184" />
  <testcase classname="org.openqa.selenium.ElementFindingTest" name="testShouldBeAbleToFindAnElementByCssSelector" time="0.085" />
  <testcase classname="org.openqa.selenium.ElementFindingTest" name="testShouldReturnTitleOfPageIfSet" time="0.028" />
  <testcase classname="org.openqa.selenium.ElementFindingTest" name="testShouldNotBeAbleToLocateASingleElementThatDoesNotExist" time="0.038" />
  <testcase classname="org.openqa.selenium.ElementFindingTest" name="testShouldBeAbleToClickOnLinkIdentifiedByText" time="0.182" />
  <testcase classname="org.openqa.selenium.ElementFindingTest" name="testDriverShouldBeAbleToFindElementsAfterLoadingMoreThanOnePageAtATime" time="0.177" />
  <testcase classname="org.openqa.selenium.ElementFindingTest" name="testshouldBeAbleToClickOnLinkIdentifiedById" time="0.179" />
  <testcase classname="org.openqa.selenium.ElementFindingTest" name="testShouldThrowAnExceptionWhenThereIsNoLinkToClickAndItIsFoundWithLinkText" time="0.049" />
  <testcase classname="org.openqa.selenium.ElementFindingTest" name="testShouldfindAnElementBasedOnId" time="0.152" />
  <testcase classname="org.openqa.selenium.ElementFindingTest" name="testShouldNotBeAbleTofindElementsBasedOnIdIfTheElementIsNotThere" time="0.053" />
  <testcase classname="org.openqa.selenium.ElementFindingTest" name="testShouldBeAbleToFindChildrenOfANode" time="0.123" />
  <testcase classname="org.openqa.selenium.ElementFindingTest" name="testReturnAnEmptyListWhenThereAreNoChildrenOfANode" time="0.095" />
  <testcase classname="org.openqa.selenium.ElementFindingTest" name="testShouldFindElementsByName" time="0.181" />
  <testcase classname="org.openqa.selenium.ElementFindingTest" name="testShouldFindElementsByClass" time="0.156" />
  <testcase classname="org.openqa.selenium.ElementFindingTest" name="testShouldFindElementsByClassWhenItIsTheFirstNameAmongMany" time="0.157" />
  <testcase classname="org.openqa.selenium.ElementFindingTest" name="testShouldFindElementsByClassWhenItIsTheLastNameAmongMany" time="0.153" />
  <testcase classname="org.openqa.selenium.ElementFindingTest" name="testShouldFindElementsByClassWhenItIsInTheMiddleAmongMany" time="0.178" />
  <testcase classname="org.openqa.selenium.ElementFindingTest" name="testShouldFindElementByClassWhenItsNameIsSurroundedByWhitespace" time="0.157" />
  <testcase classname="org.openqa.selenium.ElementFindingTest" name="testShouldFindElementsByClassWhenItsNameIsSurroundedByWhitespace" time="0.154" />
  <testcase classname="org.openqa.selenium.ElementFindingTest" name="testShouldNotFindElementsByClassWhenTheNameQueriedIsShorterThanCandidateName" time="0.056" />
  <testcase classname="org.openqa.selenium.ElementFindingTest" name="testShouldBeAbleToFindMultipleElementsByXPath" time="0.056" />
  <testcase classname="org.openqa.selenium.ElementFindingTest" name="testShouldBeAbleToFindMultipleElementsByLinkText" time="0.039" />
  <testcase classname="org.openqa.selenium.ElementFindingTest" name="testShouldBeAbleToFindMultipleElementsByPartialLinkText" time="0.084" />
  <testcase classname="org.openqa.selenium.ElementFindingTest" name="testShouldBeAbleToFindElementByPartialLinkText" time="0.036" />
  <testcase classname="org.openqa.selenium.ElementFindingTest" name="testShouldFindElementByLinkTextContainingEqualsSign" time="0.155" />
  <testcase classname="org.openqa.selenium.ElementFindingTest" name="testShouldFindElementByPartialLinkTextContainingEqualsSign" time="0.177" />
  <testcase classname="org.openqa.selenium.ElementFindingTest" name="testShouldFindElementsByLinkTextContainingEqualsSign" time="0.152" />
  <testcase classname="org.openqa.selenium.ElementFindingTest" name="testShouldFindElementsByPartialLinkTextContainingEqualsSign" time="0.16" />
  <testcase classname="org.openqa.selenium.ElementFindingTest" name="testShouldBeAbleToFindMultipleElementsByName" time="0.053" />
  <testcase classname="org.openqa.selenium.ElementFindingTest" name="testShouldBeAbleToFindMultipleElementsById" time="0.06" />
  <testcase classname="org.openqa.selenium.ElementFindingTest" name="testShouldBeAbleToFindMultipleElementsByClassName" time="0.06" />
  <testcase classname="org.openqa.selenium.ElementFindingTest" name="testWhenFindingByNameShouldNotReturnById" time="0.649" />
  <testcase classname="org.openqa.selenium.ElementFindingTest" name="testShouldFindGrandChildren" time="0.088" />
  <testcase classname="org.openqa.selenium.ElementFindingTest" name="testShouldNotFindElementOutSideTree" time="0.123" />
  <testcase classname="org.openqa.selenium.ElementFindingTest" name="testShouldReturnElementsThatDoNotSupportTheNameProperty" time="0.031" />
  <testcase classname="org.openqa.selenium.ElementFindingTest" name="testShouldFindHiddenElementsByName" time="0.06" />
  <testcase classname="org.openqa.selenium.ElementFindingTest" name="testShouldfindAnElementBasedOnTagName" time="0.047" />
  <testcase classname="org.openqa.selenium.ElementFindingTest" name="testShouldfindElementsBasedOnTagName" time="0.052" />
  <testcase classname="org.openqa.selenium.ElementFindingTest" name="testFindingByCompoundClassNameIsAnError" time="0.01">
    <error message="Compound class names are not supported. Consider searching for one class name and filtering the results.&#xa;Build info: version: &apos;2.25.0&apos;, revision: &apos;17482&apos;, time: &apos;2012-07-18 21:09:54&apos;&#xa;System info: os.name: &apos;Linux&apos;, os.arch: &apos;i386&apos;, os.version: &apos;3.5.3-1.fc17.i686&apos;, java.version: &apos;1.7.0_06-icedtea&apos;&#xa;Driver info: driver.version: unknown" type="org.openqa.selenium.IllegalLocatorException">org.openqa.selenium.IllegalLocatorException: Compound class names are not supported. Consider searching for one class name and filtering the results.
Build info: version: &apos;2.25.0&apos;, revision: &apos;17482&apos;, time: &apos;2012-07-18 21:09:54&apos;
System info: os.name: &apos;Linux&apos;, os.arch: &apos;i386&apos;, os.version: &apos;3.5.3-1.fc17.i686&apos;, java.version: &apos;1.7.0_06-icedtea&apos;
Driver info: driver.version: unknown
	at org.openqa.selenium.By.className(By.java:131)
	at org.openqa.selenium.ElementFindingTest.testFindingByCompoundClassNameIsAnError(ElementFindingTest.java:408)
	at org.openqa.selenium.testing.SeleniumTestRunner$2.evaluate(SeleniumTestRunner.java:107)
	at org.openqa.selenium.testing.SeleniumTestRunner.runChild(SeleniumTestRunner.java:80)
	at org.openqa.selenium.testing.SeleniumTestRunner.runChild(SeleniumTestRunner.java:40)
	at org.openqa.selenium.testing.ParallelSuite$2.run(ParallelSuite.java:40)
	at org.openqa.selenium.testing.ParallelSuite$ThreadPool$1.run(ParallelSuite.java:79)
</error>
  </testcase>
  <testcase classname="org.openqa.selenium.ElementFindingTest" name="testShouldBeAbleToClickOnLinksWithNoHrefAttribute" time="0.167" />
  <testcase classname="org.openqa.selenium.ElementFindingTest" name="testShouldNotBeAbleToFindAnElementOnABlankPage" time="0.058" />
  <testcase classname="org.openqa.selenium.ElementFindingTest" name="testShouldNotBeAbleToLocateASingleElementOnABlankPage" time="0.036" />
  <testcase classname="org.openqa.selenium.ElementFindingTest" name="testRemovingAnElementDynamicallyFromTheDomShouldCauseAStaleRefException" time="0.302" />
  <testcase classname="org.openqa.selenium.ElementFindingTest" name="testFindingALinkByXpathUsingContainsKeywordShouldWork" time="0.06" />
  <testcase classname="org.openqa.selenium.ElementFindingTest" name="testShouldBeAbleToFindElementsByCssSelector" time="0.061" />
  <testcase classname="org.openqa.selenium.ElementFindingTest" name="testFindingByTagNameShouldNotIncludeParentElementIfSameTagType" time="0.153" />
  <testcase classname="org.openqa.selenium.ElementFindingTest" name="testFindingByCssShouldNotIncludeParentElementIfSameTagType" time="0.223" />
  <testcase classname="org.openqa.selenium.ElementFindingTest" name="testAnElementFoundInADifferentFrameIsStale" time="0.204" />
  <testcase classname="org.openqa.selenium.ElementFindingTest" name="testAnElementFoundInADifferentFrameViaJsCanBeUsed" time="0.187" />
  <testcase classname="org.openqa.selenium.ElementSelectingTest" name="testShouldBeAbleToSelectAnEnabledUnselectedCheckbox" time="0.799" />
  <testcase classname="org.openqa.selenium.ElementSelectingTest" name="testShouldBeAbleToSelectAnEnabledUnselectedRadioButton" time="0.828" />
  <testcase classname="org.openqa.selenium.ElementSelectingTest" name="testShouldNotBeAbleToSelectADisabledCheckbox" time="0.369" />
  <testcase classname="org.openqa.selenium.ElementSelectingTest" name="testShouldNotBeAbleToSelectADisabledCheckboxDisabledWithRandomString" time="0.367" />
  <testcase classname="org.openqa.selenium.ElementSelectingTest" name="testShouldNotBeAbleToSelectADisabledRadioButton" time="0.368" />
  <testcase classname="org.openqa.selenium.ElementSelectingTest" name="testShouldNotBeAbleToSelectADisabledRadioButtonDisabledWithRandomString" time="0.369" />
  <testcase classname="org.openqa.selenium.ElementSelectingTest" name="testSelectingRadioButtonShouldUnselectItsSibling" time="1.506" />
  <testcase classname="org.openqa.selenium.ElementSelectingTest" name="testShouldBeAbleToToggleAnEnabledUnselectedCheckbox" time="1.753" />
  <testcase classname="org.openqa.selenium.ElementSelectingTest" name="testShouldBeAbleToToggleAnEnabledSelectedCheckbox" time="1.775" />
  <testcase classname="org.openqa.selenium.ElementSelectingTest" name="testClickingOnASelectedRadioButtonShouldLeaveItSelected" time="0.368" />
  <testcase classname="org.openqa.selenium.ElementSelectingTest" name="testShouldBeAbleToToggleSelectableCheckboxByClickingOnIt" time="1.228" />
  <testcase classname="org.openqa.selenium.ElementSelectingTest" name="testShouldBeAbleToSelectSelectableRadioButtonByClickingOnIt" time="1.227" />
  <testcase classname="org.openqa.selenium.ElementSelectingTest" name="testClickingDisabledSelectedCheckboxShouldBeNoop" time="0.581" />
  <testcase classname="org.openqa.selenium.ElementSelectingTest" name="testClickingDisabledUnselectedCheckboxShouldBeNoop" time="0.585" />
  <testcase classname="org.openqa.selenium.ElementSelectingTest" name="testClickingDisabledSelectedRadioButtonShouldBeNoop" time="0.583" />
  <testcase classname="org.openqa.selenium.ElementSelectingTest" name="testClickingDisabledUnselectedRadioButtonShouldBeNoop" time="0.608" />
  <testcase classname="org.openqa.selenium.ErrorsTest" name="testShouldNotGenerateErrorsWhenOpeningANewPage" time="0.03" />
  <testcase classname="org.openqa.selenium.ExecutingAsyncJavascriptTest" name="shouldNotTimeoutIfCallbackInvokedImmediately" time="0.031" />
  <testcase classname="org.openqa.selenium.ExecutingAsyncJavascriptTest" name="shouldBeAbleToReturnJavascriptPrimitivesFromAsyncScripts_NeitherNullNorUndefined" time="0.024" />
  <testcase classname="org.openqa.selenium.ExecutingAsyncJavascriptTest" name="shouldBeAbleToReturnJavascriptPrimitivesFromAsyncScripts_NullAndUndefined" time="0.023" />
  <testcase classname="org.openqa.selenium.ExecutingAsyncJavascriptTest" name="shouldBeAbleToReturnAnArrayLiteralFromAnAsyncScript" time="0.013" />
  <testcase classname="org.openqa.selenium.ExecutingAsyncJavascriptTest" name="shouldBeAbleToReturnAnArrayObjectFromAnAsyncScript" time="0.012" />
  <testcase classname="org.openqa.selenium.ExecutingAsyncJavascriptTest" name="shouldBeAbleToReturnArraysOfPrimitivesFromAsyncScripts" time="0.018" />
  <testcase classname="org.openqa.selenium.ExecutingAsyncJavascriptTest" name="shouldBeAbleToReturnWebElementsFromAsyncScripts" time="0.016" />
  <testcase classname="org.openqa.selenium.ExecutingAsyncJavascriptTest" name="shouldBeAbleToReturnArraysOfWebElementsFromAsyncScripts" time="0.015" />
  <testcase classname="org.openqa.selenium.ExecutingAsyncJavascriptTest" name="shouldTimeoutIfScriptDoesNotInvokeCallback" time="0.013" />
  <testcase classname="org.openqa.selenium.ExecutingAsyncJavascriptTest" name="shouldTimeoutIfScriptDoesNotInvokeCallbackWithAZeroTimeout" time="0.016" />
  <testcase classname="org.openqa.selenium.ExecutingAsyncJavascriptTest" name="shouldNotTimeoutIfScriptCallsbackInsideAZeroTimeout" time="0.015" />
  <testcase classname="org.openqa.selenium.ExecutingAsyncJavascriptTest" name="shouldTimeoutIfScriptDoesNotInvokeCallbackWithLongTimeout" time="0.512" />
  <testcase classname="org.openqa.selenium.ExecutingAsyncJavascriptTest" name="shouldDetectPageLoadsWhileWaitingOnAnAsyncScriptAndReturnAnError" time="0.02" />
  <testcase classname="org.openqa.selenium.ExecutingAsyncJavascriptTest" name="shouldCatchErrorsWhenExecutingInitialScript" time="0.01" />
  <testcase classname="org.openqa.selenium.ExecutingAsyncJavascriptTest" name="shouldBeAbleToExecuteAsynchronousScripts" time="6.18" />
  <testcase classname="org.openqa.selenium.ExecutingAsyncJavascriptTest" name="shouldBeAbleToPassMultipleArgumentsToAsyncScripts" time="0.013" />
  <testcase classname="org.openqa.selenium.ExecutingJavascriptTest" name="testShouldBeAbleToExecuteSimpleJavascriptAndReturnAString" time="0.023" />
  <testcase classname="org.openqa.selenium.ExecutingJavascriptTest" name="testShouldBeAbleToExecuteSimpleJavascriptAndReturnALong" time="0.017" />
  <testcase classname="org.openqa.selenium.ExecutingJavascriptTest" name="testShouldBeAbleToExecuteSimpleJavascriptAndReturnAWebElement" time="0.027" />
  <testcase classname="org.openqa.selenium.ExecutingJavascriptTest" name="testShouldBeAbleToExecuteSimpleJavascriptAndReturnABoolean" time="0.018" />
  <testcase classname="org.openqa.selenium.ExecutingJavascriptTest" name="testShouldBeAbleToExecuteSimpleJavascriptAndReturnAStringsArray" time="0.017" />
  <testcase classname="org.openqa.selenium.ExecutingJavascriptTest" name="testShouldBeAbleToExecuteSimpleJavascriptAndReturnAnArray" time="0.019" />
  <testcase classname="org.openqa.selenium.ExecutingJavascriptTest" name="testShouldBeAbleToExecuteJavascriptAndReturnABasicObjectLiteral" time="0.023" />
  <testcase classname="org.openqa.selenium.ExecutingJavascriptTest" name="testShouldBeAbleToExecuteSimpleJavascriptAndReturnAnObjectLiteral" time="0.018" />
  <testcase classname="org.openqa.selenium.ExecutingJavascriptTest" name="testShouldBeAbleToExecuteSimpleJavascriptAndReturnAComplexObject" time="0.016" />
  <testcase classname="org.openqa.selenium.ExecutingJavascriptTest" name="testPassingAndReturningALongShouldReturnAWholeNumber" time="0.023" />
  <testcase classname="org.openqa.selenium.ExecutingJavascriptTest" name="testPassingAndReturningADoubleShouldReturnADecimal" time="0.016" />
  <testcase classname="org.openqa.selenium.ExecutingJavascriptTest" name="testShouldThrowAnExceptionWhenTheJavascriptIsBad" time="0.016" />
  <testcase classname="org.openqa.selenium.ExecutingJavascriptTest" name="testShouldBeAbleToCallFunctionsDefinedOnThePage" time="0.057" />
  <testcase classname="org.openqa.selenium.ExecutingJavascriptTest" name="testShouldBeAbleToPassAStringAnAsArgument" time="0.019" />
  <testcase classname="org.openqa.selenium.ExecutingJavascriptTest" name="testShouldBeAbleToPassABooleanAnAsArgument" time="0.017" />
  <testcase classname="org.openqa.selenium.ExecutingJavascriptTest" name="testShouldBeAbleToPassANumberAnAsArgument" time="0.016" />
  <testcase classname="org.openqa.selenium.ExecutingJavascriptTest" name="testShouldBeAbleToPassAWebElementAsArgument" time="0.037" />
  <testcase classname="org.openqa.selenium.ExecutingJavascriptTest" name="testPassingArrayAsOnlyArgumentFlattensArray" time="0.021" />
  <testcase classname="org.openqa.selenium.ExecutingJavascriptTest" name="testShouldBeAbleToPassAnArrayAsAdditionalArgument" time="0.018" />
  <testcase classname="org.openqa.selenium.ExecutingJavascriptTest" name="testShouldBeAbleToPassACollectionAsArgument" time="0.021" />
  <testcase classname="org.openqa.selenium.ExecutingJavascriptTest" name="testShouldThrowAnExceptionIfAnArgumentIsNotValid" time="0.012" />
  <testcase classname="org.openqa.selenium.ExecutingJavascriptTest" name="testShouldBeAbleToPassInMoreThanOneArgument" time="0.022" />
  <testcase classname="org.openqa.selenium.ExecutingJavascriptTest" name="testShouldBeAbleToGrabTheBodyOfFrameOnceSwitchedTo" time="0.141" />
  <testcase classname="org.openqa.selenium.ExecutingJavascriptTest" name="testShouldBeAbleToReturnAnArrayOfWebElements" time="0.019" />
  <testcase classname="org.openqa.selenium.ExecutingJavascriptTest" name="testJavascriptStringHandlingShouldWorkAsExpected" time="0.029" />
  <testcase classname="org.openqa.selenium.ExecutingJavascriptTest" name="testShouldBeAbleToExecuteABigChunkOfJavascriptCode" time="0.26" />
  <testcase classname="org.openqa.selenium.ExecutingJavascriptTest" name="testShouldBeAbleToExecuteScriptAndReturnElementsList" time="0.02" />
  <testcase classname="org.openqa.selenium.ExecutingJavascriptTest" name="testShouldBeAbleToCreateAPersistentValue" time="0.027" />
  <testcase classname="org.openqa.selenium.ExecutingJavascriptTest" name="testCanHandleAnArrayOfElementsAsAnObjectArray" time="0.04" />
  <testcase classname="org.openqa.selenium.ExecutingJavascriptTest" name="testCanPassAMapAsAParameter" time="0.014" />
  <testcase classname="org.openqa.selenium.FormHandlingTest" name="testShouldClickOnSubmitInputElements" time="0.167" />
  <testcase classname="org.openqa.selenium.FormHandlingTest" name="testClickingOnUnclickableElementsDoesNothing" time="0.174" />
  <testcase classname="org.openqa.selenium.FormHandlingTest" name="testShouldBeAbleToClickImageButtons" time="0.164" />
  <testcase classname="org.openqa.selenium.FormHandlingTest" name="testShouldBeAbleToSubmitForms" time="0.179" />
  <testcase classname="org.openqa.selenium.FormHandlingTest" name="testShouldSubmitAFormWhenAnyInputElementWithinThatFormIsSubmitted" time="0.174" />
  <testcase classname="org.openqa.selenium.FormHandlingTest" name="testShouldSubmitAFormWhenAnyElementWihinThatFormIsSubmitted" time="0.212" />
  <testcase classname="org.openqa.selenium.FormHandlingTest" name="testShouldNotBeAbleToSubmitAFormThatDoesNotExist" time="0.024" />
  <testcase classname="org.openqa.selenium.FormHandlingTest" name="testShouldBeAbleToEnterTextIntoATextAreaBySettingItsValue" time="0.464" />
  <testcase classname="org.openqa.selenium.FormHandlingTest" name="testSendKeysKeepsCapitalization" time="0.43" />
  <testcase classname="org.openqa.selenium.FormHandlingTest" name="testShouldSubmitAFormUsingTheNewlineLiteral" time="0.427" />
  <testcase classname="org.openqa.selenium.FormHandlingTest" name="testShouldSubmitAFormUsingTheEnterKey" time="0.406" />
  <testcase classname="org.openqa.selenium.FormHandlingTest" name="testShouldEnterDataIntoFormFields" time="0.699" />
  <testcase classname="org.openqa.selenium.FormHandlingTest" name="testShouldBeAbleToAlterTheContentsOfAFileUploadInputElement" time="0.697" />
  <testcase classname="org.openqa.selenium.FormHandlingTest" name="testShouldBeAbleToSendKeysToAFileUploadInputElementInAnXhtmlDocument" time="0.709" />
  <testcase classname="org.openqa.selenium.FormHandlingTest" name="testShouldBeAbleToUploadTheSameFileTwice" time="0.855">
    <error message="getAttribute execution failed;&#xa; Element does not exist in cache (WARNING: The server did not provide any stacktrace information)&#xa;Command duration or timeout: 117 milliseconds&#xa;For documentation on this error, please visit: http://seleniumhq.org/exceptions/stale_element_reference.html&#xa;Build info: version: &apos;2.25.0&apos;, revision: &apos;17482&apos;, time: &apos;2012-07-18 21:09:54&apos;&#xa;System info: os.name: &apos;Linux&apos;, os.arch: &apos;i386&apos;, os.version: &apos;3.5.3-1.fc17.i686&apos;, java.version: &apos;1.7.0_06-icedtea&apos;&#xa;Driver info: driver.version: RemoteWebDriver&#xa;Session ID: 8b3bcef18cb03aea2365d8f03934f0a7" type="org.openqa.selenium.StaleElementReferenceException">org.openqa.selenium.StaleElementReferenceException: getAttribute execution failed;
 Element does not exist in cache (WARNING: The server did not provide any stacktrace information)
Command duration or timeout: 117 milliseconds
For documentation on this error, please visit: http://seleniumhq.org/exceptions/stale_element_reference.html
Build info: version: &apos;2.25.0&apos;, revision: &apos;17482&apos;, time: &apos;2012-07-18 21:09:54&apos;
System info: os.name: &apos;Linux&apos;, os.arch: &apos;i386&apos;, os.version: &apos;3.5.3-1.fc17.i686&apos;, java.version: &apos;1.7.0_06-icedtea&apos;
Driver info: driver.version: RemoteWebDriver
Session ID: 8b3bcef18cb03aea2365d8f03934f0a7
	at java.lang.reflect.Constructor.newInstance(Constructor.java:525)
	at org.openqa.selenium.remote.ErrorHandler.createThrowable(ErrorHandler.java:188)
	at org.openqa.selenium.remote.ErrorHandler.throwIfResponseFailed(ErrorHandler.java:145)
	at org.openqa.selenium.remote.RemoteWebDriver.execute(RemoteWebDriver.java:498)
	at org.openqa.selenium.remote.RemoteWebElement.execute(RemoteWebElement.java:244)
	at org.openqa.selenium.remote.RemoteWebElement.getAttribute(RemoteWebElement.java:121)
	at org.openqa.selenium.FormHandlingTest.testShouldBeAbleToUploadTheSameFileTwice(FormHandlingTest.java:229)
	at org.openqa.selenium.testing.SeleniumTestRunner$2.evaluate(SeleniumTestRunner.java:107)
	at org.openqa.selenium.testing.SeleniumTestRunner.runChild(SeleniumTestRunner.java:80)
	at org.openqa.selenium.testing.SeleniumTestRunner.runChild(SeleniumTestRunner.java:40)
	at org.openqa.selenium.testing.ParallelSuite$2.run(ParallelSuite.java:40)
	at org.openqa.selenium.testing.ParallelSuite$ThreadPool$1.run(ParallelSuite.java:79)
</error>
  </testcase>
  <testcase classname="org.openqa.selenium.FormHandlingTest" name="testSendingKeyboardEventsShouldAppendTextInInputs" time="0.829" />
  <testcase classname="org.openqa.selenium.FormHandlingTest" name="testSendingKeyboardEventsShouldAppendTextInInputsWithExistingValue" time="0.436" />
  <testcase classname="org.openqa.selenium.FormHandlingTest" name="testSendingKeyboardEventsShouldAppendTextinTextAreas" time="0.454" />
  <testcase classname="org.openqa.selenium.FormHandlingTest" name="testShouldBeAbleToClearTextFromInputElements" time="0.677" />
  <testcase classname="org.openqa.selenium.FormHandlingTest" name="testEmptyTextBoxesShouldReturnAnEmptyStringNotNull" time="0.152" />
  <testcase classname="org.openqa.selenium.FormHandlingTest" name="testShouldBeAbleToClearTextFromTextAreas" time="0.649" />
  <testcase classname="org.openqa.selenium.FrameSwitchingTest" name="testShouldAlwaysFocusOnTheTopMostFrameAfterANavigationEvent" time="0.532" />
  <testcase classname="org.openqa.selenium.FrameSwitchingTest" name="testShouldNotAutomaticallySwitchFocusToAnIFrameWhenAPageContainingThemIsLoaded" time="0.024" />
  <testcase classname="org.openqa.selenium.FrameSwitchingTest" name="testShouldBeAbleToSwitchToAFrameByItsIndex" time="0.6" />
  <testcase classname="org.openqa.selenium.FrameSwitchingTest" name="testShouldBeAbleToSwitchToAnIframeByItsIndex" time="0.216" />
  <testcase classname="org.openqa.selenium.FrameSwitchingTest" name="testShouldBeAbleToSwitchToAFrameByItsName" time="0.587" />
  <testcase classname="org.openqa.selenium.FrameSwitchingTest" name="testShouldBeAbleToSwitchToAnIframeByItsName" time="0.218" />
  <testcase classname="org.openqa.selenium.FrameSwitchingTest" name="testShouldBeAbleToSwitchToAFrameByItsID" time="0.584" />
  <testcase classname="org.openqa.selenium.FrameSwitchingTest" name="testShouldBeAbleToSwitchToAnIframeByItsID" time="0.219" />
  <testcase classname="org.openqa.selenium.FrameSwitchingTest" name="testShouldBeAbleToSwitchToFrameWithNameContainingDot" time="0.588" />
  <testcase classname="org.openqa.selenium.FrameSwitchingTest" name="testShouldBeAbleToSwitchToAFrameUsingAPreviouslyLocatedWebElement" time="0.644" />
  <testcase classname="org.openqa.selenium.FrameSwitchingTest" name="testShouldBeAbleToSwitchToAnIFrameUsingAPreviouslyLocatedWebElement" time="0.274" />
  <testcase classname="org.openqa.selenium.FrameSwitchingTest" name="testShouldEnsureElementIsAFrameBeforeSwitching" time="0.531" />
  <testcase classname="org.openqa.selenium.FrameSwitchingTest" name="testFrameSearchesShouldBeRelativeToTheCurrentlySelectedFrame" time="0.871" />
  <testcase classname="org.openqa.selenium.FrameSwitchingTest" name="testShouldSelectChildFramesByChainedCalls" time="0.655" />
  <testcase classname="org.openqa.selenium.FrameSwitchingTest" name="testShouldThrowFrameNotFoundExceptionLookingUpSubFramesWithSuperFrameNames" time="0.53" />
  <testcase classname="org.openqa.selenium.FrameSwitchingTest" name="testShouldThrowAnExceptionWhenAFrameCannotBeFound" time="0.013" />
  <testcase classname="org.openqa.selenium.FrameSwitchingTest" name="testShouldThrowAnExceptionWhenAFrameCannotBeFoundByIndex" time="0.012" />
  <testcase classname="org.openqa.selenium.FrameSwitchingTest" name="testShouldContinueToReferToTheSameFrameOnceItHasBeenSelected" time="1.026" />
  <testcase classname="org.openqa.selenium.FrameSwitchingTest" name="testShouldFocusOnTheReplacementWhenAFrameFollowsALinkToA_TopTargettedPage" time="0.799" />
  <testcase classname="org.openqa.selenium.FrameSwitchingTest" name="testShouldAllowAUserToSwitchFromAnIframeBackToTheMainContentOfThePage" time="0.069" />
  <testcase classname="org.openqa.selenium.FrameSwitchingTest" name="testShouldAllowTheUserToSwitchToAnIFrameAndRemainFocusedOnIt" time="0.519" />
  <testcase classname="org.openqa.selenium.FrameSwitchingTest" name="testShouldBeAbleToClickInAFrame" time="1.113" />
  <testcase classname="org.openqa.selenium.FrameSwitchingTest" name="testShouldBeAbleToClickInASubFrame" time="1.391" />
  <testcase classname="org.openqa.selenium.FrameSwitchingTest" name="testClosingTheFinalBrowserWindowShouldNotCauseAnExceptionToBeThrown" time="0.018" />
  <testcase classname="org.openqa.selenium.FrameSwitchingTest" name="testShouldBeAbleToFindElementsInIframesByXPath" time="0.098" />
  <testcase classname="org.openqa.selenium.FrameSwitchingTest" name="testGetCurrentUrl" time="0.563" />
  <testcase classname="org.openqa.selenium.FrameSwitchingTest" name="testShouldBeAbleToCarryOnWorkingIfTheFrameIsDeletedFromUnderUs" time="0.581" />
  <testcase classname="org.openqa.selenium.FrameSwitchingTest" name="testJavaScriptShouldExecuteInTheContextOfTheCurrentFrame" time="0.53" />
  <testcase classname="org.openqa.selenium.GetMultipleAttributeTest" name="testMultipleAttributeShouldBeTrueWhenSet" time="0.061" />
  <testcase classname="org.openqa.selenium.GetMultipleAttributeTest" name="testMultipleAttributeShouldBeTrueWhenSelectHasMutilpeWithValueAsBlank" time="0.176" />
  <testcase classname="org.openqa.selenium.GetMultipleAttributeTest" name="testMultipleAttributeShouldBeTrueWhenSelectHasMutilpeWithoutAValue" time="0.153" />
  <testcase classname="org.openqa.selenium.GetMultipleAttributeTest" name="testMultipleAttributeShouldBeTrueWhenSelectHasMutilpeWithValueAsSomethingElse" time="0.161" />
  <testcase classname="org.openqa.selenium.I18nTest" name="testCn" time="0.153" />
  <testcase classname="org.openqa.selenium.I18nTest" name="testEnteringHebrewTextFromLeftToRight" time="0.455" />
  <testcase classname="org.openqa.selenium.I18nTest" name="testEnteringHebrewTextFromRightToLeft" time="0.435" />
  <testcase classname="org.openqa.selenium.I18nTest" name="testShouldBeAbleToReturnTheTextInAPage" time="0.178" />
  <testcase classname="org.openqa.selenium.ImplicitWaitTest" name="testShouldImplicitlyWaitForASingleElement" time="1.188" />
  <testcase classname="org.openqa.selenium.ImplicitWaitTest" name="testShouldStillFailToFindAnElementWhenImplicitWaitsAreEnabled" time="0.541" />
  <testcase classname="org.openqa.selenium.ImplicitWaitTest" name="testShouldReturnAfterFirstAttemptToFindOneAfterDisablingImplicitWaits" time="0.021" />
  <testcase classname="org.openqa.selenium.ImplicitWaitTest" name="testShouldImplicitlyWaitUntilAtLeastOneElementIsFoundWhenSearchingForMany" time="1.141" />
  <testcase classname="org.openqa.selenium.ImplicitWaitTest" name="testShouldStillFailToFindElementsWhenImplicitWaitsAreEnabled" time="0.532" />
  <testcase classname="org.openqa.selenium.ImplicitWaitTest" name="testShouldStillFailToFindElementsByIdWhenImplicitWaitsAreEnabled" time="0.535" />
  <testcase classname="org.openqa.selenium.ImplicitWaitTest" name="testShouldReturnAfterFirstAttemptToFindManyAfterDisablingImplicitWaits" time="0.146" />
  <testcase classname="org.openqa.selenium.JavascriptEnabledDriverTest" name="testDocumentShouldReflectLatestTitle" time="0.34" />
  <testcase classname="org.openqa.selenium.JavascriptEnabledDriverTest" name="testDocumentShouldReflectLatestDom" time="0.585" />
  <testcase classname="org.openqa.selenium.JavascriptEnabledDriverTest" name="testShouldWaitForLoadsToCompleteAfterJavascriptCausesANewPageToLoad" time="0.717" />
  <testcase classname="org.openqa.selenium.JavascriptEnabledDriverTest" name="testShouldBeAbleToFindElementAfterJavascriptCausesANewPageToLoad" time="0.618" />
  <testcase classname="org.openqa.selenium.JavascriptEnabledDriverTest" name="testShouldBeAbleToDetermineTheLocationOfAnElement" time="0.051" />
  <testcase classname="org.openqa.selenium.JavascriptEnabledDriverTest" name="testShouldBeAbleToDetermineTheSizeOfAnElement" time="0.093" />
  <testcase classname="org.openqa.selenium.JavascriptEnabledDriverTest" name="testShouldFireOnChangeEventWhenSettingAnElementsValue" time="0.493" />
  <testcase classname="org.openqa.selenium.JavascriptEnabledDriverTest" name="testShouldBeAbleToSubmitFormsByCausingTheOnClickEventToFire" time="0.279" />
  <testcase classname="org.openqa.selenium.JavascriptEnabledDriverTest" name="testShouldBeAbleToClickOnSubmitButtons" time="0.082" />
  <testcase classname="org.openqa.selenium.JavascriptEnabledDriverTest" name="testIssue80ClickShouldGenerateClickEvent" time="0.372" />
  <testcase classname="org.openqa.selenium.JavascriptEnabledDriverTest" name="testShouldBeAbleToSwitchToFocusedElement" time="0.274" />
  <testcase classname="org.openqa.selenium.JavascriptEnabledDriverTest" name="testIfNoElementHasFocusTheActiveElementIsTheBody" time="0.212" />
  <testcase classname="org.openqa.selenium.JavascriptEnabledDriverTest" name="testChangeEventIsFiredAppropriatelyWhenFocusIsLost" time="1.256" />
  <testcase classname="org.openqa.selenium.JavascriptEnabledDriverTest" name="testShouldBeAbleToClickIfEvenSomethingHorribleHappens" time="0.315" />
  <testcase classname="org.openqa.selenium.JavascriptEnabledDriverTest" name="testShouldBeAbleToGetTheLocationOfAnElement" time="0.084" />
  <testcase classname="org.openqa.selenium.JavascriptEnabledDriverTest" name="testShouldBeAbleToClickALinkThatClosesAWindow" time="0.345" />
  <testcase classname="org.openqa.selenium.MiscTest" name="testShouldReportTheCurrentUrlCorrectly" time="0.036" />
  <testcase classname="org.openqa.selenium.MiscTest" name="testShouldReturnTheSourceOfAPage" time="0.02" />
  <testcase classname="org.openqa.selenium.MiscTest" name="testClickingShouldNotTrampleWOrHInGlobalScope" time="0.18" />
  <testcase classname="org.openqa.selenium.ObjectStateAssumptionsTest" name="testUninitializedWebDriverDoesNotThrowNPE" time="0.146" />
  <testcase classname="org.openqa.selenium.ObjectStateAssumptionsTest" name="testinitializedWebDriverDoesNotThrowNPE" time="0.152" />
  <testcase classname="org.openqa.selenium.ObjectStateAssumptionsTest" name="testOptionsForUninitializedWebDriver" time="0.003" />
  <testcase classname="org.openqa.selenium.OpacityTest" name="testShouldBeAbleToClickOnElementsWithOpacityZero" time="0.213" />
  <testcase classname="org.openqa.selenium.OpacityTest" name="testShouldBeAbleToSelectOptionsFromAnInvisibleSelect" time="0.672" />
  <testcase classname="org.openqa.selenium.PageLoadingTest" name="testShouldBeAbleToLoadAPageWithFramesetsAndWaitUntilAllFramesAreLoaded" time="0.805" />
  <testcase classname="org.openqa.selenium.PageLoadingTest" name="testShouldDoNothingIfThereIsNothingToGoBackTo" time="0.064" />
  <testcase classname="org.openqa.selenium.PageLoadingTest" name="testShouldBeAbleToNavigateBackInTheBrowserHistory" time="0.152" />
  <testcase classname="org.openqa.selenium.PageLoadingTest" name="testShouldBeAbleToNavigateBackInTheBrowserHistoryInPresenceOfIframes" time="0.192" />
  <testcase classname="org.openqa.selenium.PageLoadingTest" name="testShouldBeAbleToNavigateForwardsInTheBrowserHistory" time="0.23" />
  <testcase classname="org.openqa.selenium.PageLoadingTest" name="testShouldBeAbleToRefreshAPage" time="0.019" />
  <testcase classname="org.openqa.selenium.PageLoadingTest" name="testShouldNotHangIfDocumentOpenCallIsNeverFollowedByDocumentCloseCall" time="0.17" />
  <testcase classname="org.openqa.selenium.PageLoadingTest" name="testShouldWaitForDocumentToBeLoaded" time="0.016" />
  <testcase classname="org.openqa.selenium.PageLoadingTest" name="testShouldFollowRedirectsSentInTheHttpResponseHeaders" time="0.026" />
  <testcase classname="org.openqa.selenium.PageLoadingTest" name="testShouldFollowMetaRedirects" time="0.011" />
  <testcase classname="org.openqa.selenium.PageLoadingTest" name="testShouldBeAbleToGetAFragmentOnTheCurrentPage" time="0.07" />
  <testcase classname="org.openqa.selenium.PageLoadingTest" name="testShouldReturnWhenGettingAUrlThatDoesNotResolve" time="0.048" />
  <testcase classname="org.openqa.selenium.PageLoadingTest" name="testShouldReturnWhenGettingAUrlThatDoesNotConnect" time="0.003" />
  <testcase classname="org.openqa.selenium.PartialLinkTextMatchTest" name="testLinkWithFormattingTags" time="0.128" />
  <testcase classname="org.openqa.selenium.PartialLinkTextMatchTest" name="testLinkWithLeadingSpaces" time="0.221" />
  <testcase classname="org.openqa.selenium.PartialLinkTextMatchTest" name="testLinkWithTrailingSpace" time="0.214" />
  <testcase classname="org.openqa.selenium.PartialLinkTextMatchTest" name="testFindMultipleElements" time="0.089" />
  <testcase classname="org.openqa.selenium.PartialLinkTextMatchTest" name="testDriverCanGetLinkByLinkTestIgnoringTrailingWhitespace" time="0.178" />
  <testcase classname="org.openqa.selenium.PartialLinkTextMatchTest" name="testElementCanGetLinkByLinkTestIgnoringTrailingWhitespace" time="0.216" />
  <testcase classname="org.openqa.selenium.RenderedWebElementTest" name="testShouldAllowInheritedStylesToBeUsed" time="0.063" />
  <testcase classname="org.openqa.selenium.RenderedWebElementTest" name="testShouldAllowUsersToHoverOverElements" time="0.492" />
  <testcase classname="org.openqa.selenium.RenderedWebElementTest" name="testHoverPersists" time="2.446" />
  <testcase classname="org.openqa.selenium.RenderedWebElementTest" name="testPersistentHoverCanBeTurnedOff" time="0.007" />
  <testcase classname="org.openqa.selenium.RenderedWebElementTest" name="testShouldCorrectlyIdentifyThatAnElementHasWidth" time="0.063" />
  <testcase classname="org.openqa.selenium.RenderedWebElementTest" name="testCorrectlyDetectMapElementsAreShown" time="0.102" />
  <testcase classname="org.openqa.selenium.RenderedWebElementTest" name="testCanClickOnSuckerFishMenuItem" time="0.464" />
  <testcase classname="org.openqa.selenium.RenderedWebElementTest" name="testMovingMouseByRelativeOffset" time="0.368" />
  <testcase classname="org.openqa.selenium.RenderedWebElementTest" name="testMovingMouseToRelativeElementOffset" time="0.276" />
  <testcase classname="org.openqa.selenium.RotatableTest" name="testRotateToLandscapeMode" time="0.001" />
  <testcase classname="org.openqa.selenium.RotatableTest" name="testRotateToPortrait" time="0.0" />
  <testcase classname="org.openqa.selenium.RotatableTest" name="testGetOrientationReturnsInitialValue" time="0.0" />
  <testcase classname="org.openqa.selenium.support.ui.SelectElementTest" name="shouldThrowAnExceptionIfTheElementIsNotASelectElement" time="0.032" />
  <testcase classname="org.openqa.selenium.support.ui.SelectElementTest" name="shouldIndicateThatASelectCanSupportMultipleOptions" time="0.184" />
  <testcase classname="org.openqa.selenium.support.ui.SelectElementTest" name="shouldIndicateThatASelectCanSupportMultipleOptionsWithEmptyMultipleAttribute" time="0.177" />
  <testcase classname="org.openqa.selenium.support.ui.SelectElementTest" name="shouldIndicateThatASelectCanSupportMultipleOptionsWithTrueMultipleAttribute" time="0.16" />
  <testcase classname="org.openqa.selenium.support.ui.SelectElementTest" name="shouldNotIndicateThatANormalSelectSupportsMulitpleOptions" time="0.179" />
  <testcase classname="org.openqa.selenium.support.ui.SelectElementTest" name="shouldIndicateThatASelectCanSupportMultipleOptionsWithFalseMultipleAttribute" time="0.159" />
  <testcase classname="org.openqa.selenium.support.ui.SelectElementTest" name="shouldReturnAllOptionsWhenAsked" time="0.672" />
  <testcase classname="org.openqa.selenium.support.ui.SelectElementTest" name="shouldReturnOptionWhichIsSelected" time="0.764" />
  <testcase classname="org.openqa.selenium.support.ui.SelectElementTest" name="shouldReturnOptionsWhichAreSelected" time="0.866" />
  <testcase classname="org.openqa.selenium.support.ui.SelectElementTest" name="shouldReturnFirstSelectedOption" time="0.456" />
  <testcase classname="org.openqa.selenium.support.ui.SelectElementTest" name="shouldThrowANoSuchElementExceptionIfNothingIsSelected" time="0.648" />
  <testcase classname="org.openqa.selenium.support.ui.SelectElementTest" name="shouldAllowOptionsToBeSelectedByVisibleText" time="0.954" />
  <testcase classname="org.openqa.selenium.support.ui.SelectElementTest" name="shouldNotAllowInvisibleOptionsToBeSelectedByVisibleText" time="0.051" />
  <testcase classname="org.openqa.selenium.support.ui.SelectElementTest" name="shouldThrowExceptionOnSelectByVisibleTextIfOptionDoesNotExist" time="0.275" />
  <testcase classname="org.openqa.selenium.support.ui.SelectElementTest" name="shouldAllowOptionsToBeSelectedByIndex" time="1.395" />
  <testcase classname="org.openqa.selenium.support.ui.SelectElementTest" name="shouldThrowExceptionOnSelectByIndexIfOptionDoesNotExist" time="0.643" />
  <testcase classname="org.openqa.selenium.support.ui.SelectElementTest" name="shouldAllowOptionsToBeSelectedByReturnedValue" time="0.977" />
  <testcase classname="org.openqa.selenium.support.ui.SelectElementTest" name="shouldThrowExceptionOnSelectByReturnedValueIfOptionDoesNotExist" time="0.21" />
  <testcase classname="org.openqa.selenium.support.ui.SelectElementTest" name="shouldAllowUserToDeselectAllWhenSelectSupportsMultipleSelections" time="1.63" />
  <testcase classname="org.openqa.selenium.support.ui.SelectElementTest" name="shouldNotAllowUserToDeselectAllWhenSelectDoesNotSupportMultipleSelections" time="0.16" />
  <testcase classname="org.openqa.selenium.support.ui.SelectElementTest" name="shouldAllowUserToDeselectOptionsByVisibleText" time="1.07" />
  <testcase classname="org.openqa.selenium.support.ui.SelectElementTest" name="shouldNotAllowUserToDeselectOptionsByInvisibleText" time="0.033" />
  <testcase classname="org.openqa.selenium.support.ui.SelectElementTest" name="shouldAllowOptionsToBeDeselectedByIndex" time="1.505" />
  <testcase classname="org.openqa.selenium.support.ui.SelectElementTest" name="shouldAllowOptionsToBeDeselectedByReturnedValue" time="1.046" />
  <testcase classname="org.openqa.selenium.support.ui.SelectElementTest" name="shouldConvertAnUnquotedStringIntoOneWithQuotes" time="0.176" />
  <testcase classname="org.openqa.selenium.support.ui.SelectElementTest" name="shouldConvertAStringWithATickIntoOneWithQuotes" time="0.184" />
  <testcase classname="org.openqa.selenium.support.ui.SelectElementTest" name="shouldConvertAStringWithAQuotIntoOneWithTicks" time="0.158" />
  <testcase classname="org.openqa.selenium.support.ui.SelectElementTest" name="shouldProvideConcatenatedStringsWhenStringToEscapeContainsTicksAndQuotes" time="0.176" />
  <testcase classname="org.openqa.selenium.support.ui.SelectElementTest" name="shouldProvideConcatenatedStringsWhenStringEndsWithQuote" time="0.183" />
  <testcase classname="org.openqa.selenium.SelectElementHandlingTest" name="testShouldBeAbleToChangeTheSelectedOptionInASelect" time="0.649" />
  <testcase classname="org.openqa.selenium.SelectElementHandlingTest" name="testShouldBeAbleToSelectMoreThanOneOptionFromASelectWhichAllowsMultipleChoices" time="1.468" />
  <testcase classname="org.openqa.selenium.SelectElementHandlingTest" name="testShouldSelectFirstOptionByDefaultIfNoneIsSelected" time="0.674" />
  <testcase classname="org.openqa.selenium.SelectElementHandlingTest" name="testCanGetValueFromOptionViaAttributeWhenAttributeDoesntExist" time="0.306" />
  <testcase classname="org.openqa.selenium.SelectElementHandlingTest" name="testCanGetValueFromOptionViaAttributeWhenAttributeIsEmptyString" time="0.16" />
  <testcase classname="org.openqa.selenium.SlowLoadingPageTest" name="testShouldBlockUntilPageLoads" time="3.009" />
  <testcase classname="org.openqa.selenium.SlowLoadingPageTest" name="testShouldBlockUntilIFramesAreLoaded" time="3.006" />
  <testcase classname="org.openqa.selenium.SlowLoadingPageTest" name="testRefreshShouldBlockUntilPageLoads" time="3.008">
    <failure message="3000ms should have elapsed, but was: 2" type="junit.framework.AssertionFailedError">junit.framework.AssertionFailedError: 3000ms should have elapsed, but was: 2
	at org.openqa.selenium.SlowLoadingPageTest.assertElapsed(SlowLoadingPageTest.java:66)
	at org.openqa.selenium.SlowLoadingPageTest.testRefreshShouldBlockUntilPageLoads(SlowLoadingPageTest.java:62)
	at org.openqa.selenium.testing.SeleniumTestRunner$2.evaluate(SeleniumTestRunner.java:107)
	at org.openqa.selenium.testing.SeleniumTestRunner.runChild(SeleniumTestRunner.java:80)
	at org.openqa.selenium.testing.SeleniumTestRunner.runChild(SeleniumTestRunner.java:40)
	at org.openqa.selenium.testing.ParallelSuite$2.run(ParallelSuite.java:40)
	at org.openqa.selenium.testing.ParallelSuite$ThreadPool$1.run(ParallelSuite.java:79)
</failure>
  </testcase>
  <testcase classname="org.openqa.selenium.StaleElementReferenceTest" name="testShouldNotCrashWhenCallingGetSizeOnAnObsoleteElement" time="0.011">
    <error message="The element could not be found (WARNING: The server did not provide any stacktrace information)&#xa;Command duration or timeout: 7 milliseconds&#xa;For documentation on this error, please visit: http://seleniumhq.org/exceptions/no_such_element.html&#xa;Build info: version: &apos;2.25.0&apos;, revision: &apos;17482&apos;, time: &apos;2012-07-18 21:09:54&apos;&#xa;System info: os.name: &apos;Linux&apos;, os.arch: &apos;i386&apos;, os.version: &apos;3.5.3-1.fc17.i686&apos;, java.version: &apos;1.7.0_06-icedtea&apos;&#xa;Driver info: driver.version: RemoteWebDriver&#xa;Session ID: f0fb82a6f972dd0a920a24e0056c742a" type="org.openqa.selenium.NoSuchElementException">org.openqa.selenium.NoSuchElementException: The element could not be found (WARNING: The server did not provide any stacktrace information)
Command duration or timeout: 7 milliseconds
For documentation on this error, please visit: http://seleniumhq.org/exceptions/no_such_element.html
Build info: version: &apos;2.25.0&apos;, revision: &apos;17482&apos;, time: &apos;2012-07-18 21:09:54&apos;
System info: os.name: &apos;Linux&apos;, os.arch: &apos;i386&apos;, os.version: &apos;3.5.3-1.fc17.i686&apos;, java.version: &apos;1.7.0_06-icedtea&apos;
Driver info: driver.version: RemoteWebDriver
Session ID: f0fb82a6f972dd0a920a24e0056c742a
	at java.lang.reflect.Constructor.newInstance(Constructor.java:525)
	at org.openqa.selenium.remote.ErrorHandler.createThrowable(ErrorHandler.java:188)
	at org.openqa.selenium.remote.ErrorHandler.throwIfResponseFailed(ErrorHandler.java:145)
	at org.openqa.selenium.remote.RemoteWebDriver.execute(RemoteWebDriver.java:498)
	at org.openqa.selenium.remote.RemoteWebDriver.findElement(RemoteWebDriver.java:268)
	at org.openqa.selenium.remote.RemoteWebDriver.findElementById(RemoteWebDriver.java:297)
	at org.openqa.selenium.By$ById.findElement(By.java:215)
	at org.openqa.selenium.remote.RemoteWebDriver.findElement(RemoteWebDriver.java:260)
	at org.openqa.selenium.StaleElementReferenceTest.testShouldNotCrashWhenCallingGetSizeOnAnObsoleteElement(StaleElementReferenceTest.java:46)
	at org.openqa.selenium.testing.SeleniumTestRunner$2.evaluate(SeleniumTestRunner.java:107)
	at org.openqa.selenium.testing.SeleniumTestRunner.runChild(SeleniumTestRunner.java:80)
	at org.openqa.selenium.testing.SeleniumTestRunner.runChild(SeleniumTestRunner.java:40)
	at org.openqa.selenium.testing.ParallelSuite$2.run(ParallelSuite.java:40)
	at org.openqa.selenium.testing.ParallelSuite$ThreadPool$1.run(ParallelSuite.java:79)
</error>
  </testcase>
  <testcase classname="org.openqa.selenium.StaleElementReferenceTest" name="testShouldNotCrashWhenQueryingTheAttributeOfAStaleElement" time="0.01">
    <error message="The element could not be found (WARNING: The server did not provide any stacktrace information)&#xa;Command duration or timeout: 7 milliseconds&#xa;For documentation on this error, please visit: http://seleniumhq.org/exceptions/no_such_element.html&#xa;Build info: version: &apos;2.25.0&apos;, revision: &apos;17482&apos;, time: &apos;2012-07-18 21:09:54&apos;&#xa;System info: os.name: &apos;Linux&apos;, os.arch: &apos;i386&apos;, os.version: &apos;3.5.3-1.fc17.i686&apos;, java.version: &apos;1.7.0_06-icedtea&apos;&#xa;Driver info: driver.version: RemoteWebDriver&#xa;Session ID: f0fb82a6f972dd0a920a24e0056c742a" type="org.openqa.selenium.NoSuchElementException">org.openqa.selenium.NoSuchElementException: The element could not be found (WARNING: The server did not provide any stacktrace information)
Command duration or timeout: 7 milliseconds
For documentation on this error, please visit: http://seleniumhq.org/exceptions/no_such_element.html
Build info: version: &apos;2.25.0&apos;, revision: &apos;17482&apos;, time: &apos;2012-07-18 21:09:54&apos;
System info: os.name: &apos;Linux&apos;, os.arch: &apos;i386&apos;, os.version: &apos;3.5.3-1.fc17.i686&apos;, java.version: &apos;1.7.0_06-icedtea&apos;
Driver info: driver.version: RemoteWebDriver
Session ID: f0fb82a6f972dd0a920a24e0056c742a
	at java.lang.reflect.Constructor.newInstance(Constructor.java:525)
	at org.openqa.selenium.remote.ErrorHandler.createThrowable(ErrorHandler.java:188)
	at org.openqa.selenium.remote.ErrorHandler.throwIfResponseFailed(ErrorHandler.java:145)
	at org.openqa.selenium.remote.RemoteWebDriver.execute(RemoteWebDriver.java:498)
	at org.openqa.selenium.remote.RemoteWebDriver.findElement(RemoteWebDriver.java:268)
	at org.openqa.selenium.remote.RemoteWebDriver.findElementByXPath(RemoteWebDriver.java:353)
	at org.openqa.selenium.By$ByXPath.findElement(By.java:343)
	at org.openqa.selenium.remote.RemoteWebDriver.findElement(RemoteWebDriver.java:260)
	at org.openqa.selenium.StaleElementReferenceTest.testShouldNotCrashWhenQueryingTheAttributeOfAStaleElement(StaleElementReferenceTest.java:61)
	at org.openqa.selenium.testing.SeleniumTestRunner$2.evaluate(SeleniumTestRunner.java:107)
	at org.openqa.selenium.testing.SeleniumTestRunner.runChild(SeleniumTestRunner.java:80)
	at org.openqa.selenium.testing.SeleniumTestRunner.runChild(SeleniumTestRunner.java:40)
	at org.openqa.selenium.testing.ParallelSuite$2.run(ParallelSuite.java:40)
	at org.openqa.selenium.testing.ParallelSuite$ThreadPool$1.run(ParallelSuite.java:79)
</error>
  </testcase>
  <testcase classname="org.openqa.selenium.StaleElementReferenceTest" name="testOldPage" time="0.011">
    <error message="The element could not be found (WARNING: The server did not provide any stacktrace information)&#xa;Command duration or timeout: 8 milliseconds&#xa;For documentation on this error, please visit: http://seleniumhq.org/exceptions/no_such_element.html&#xa;Build info: version: &apos;2.25.0&apos;, revision: &apos;17482&apos;, time: &apos;2012-07-18 21:09:54&apos;&#xa;System info: os.name: &apos;Linux&apos;, os.arch: &apos;i386&apos;, os.version: &apos;3.5.3-1.fc17.i686&apos;, java.version: &apos;1.7.0_06-icedtea&apos;&#xa;Driver info: driver.version: RemoteWebDriver&#xa;Session ID: f0fb82a6f972dd0a920a24e0056c742a" type="org.openqa.selenium.NoSuchElementException">org.openqa.selenium.NoSuchElementException: The element could not be found (WARNING: The server did not provide any stacktrace information)
Command duration or timeout: 8 milliseconds
For documentation on this error, please visit: http://seleniumhq.org/exceptions/no_such_element.html
Build info: version: &apos;2.25.0&apos;, revision: &apos;17482&apos;, time: &apos;2012-07-18 21:09:54&apos;
System info: os.name: &apos;Linux&apos;, os.arch: &apos;i386&apos;, os.version: &apos;3.5.3-1.fc17.i686&apos;, java.version: &apos;1.7.0_06-icedtea&apos;
Driver info: driver.version: RemoteWebDriver
Session ID: f0fb82a6f972dd0a920a24e0056c742a
	at java.lang.reflect.Constructor.newInstance(Constructor.java:525)
	at org.openqa.selenium.remote.ErrorHandler.createThrowable(ErrorHandler.java:188)
	at org.openqa.selenium.remote.ErrorHandler.throwIfResponseFailed(ErrorHandler.java:145)
	at org.openqa.selenium.remote.RemoteWebDriver.execute(RemoteWebDriver.java:498)
	at org.openqa.selenium.remote.RemoteWebDriver.findElement(RemoteWebDriver.java:268)
	at org.openqa.selenium.remote.RemoteWebDriver.findElementById(RemoteWebDriver.java:297)
	at org.openqa.selenium.By$ById.findElement(By.java:215)
	at org.openqa.selenium.remote.RemoteWebDriver.findElement(RemoteWebDriver.java:260)
	at org.openqa.selenium.StaleElementReferenceTest.testOldPage(StaleElementReferenceTest.java:32)
	at org.openqa.selenium.testing.SeleniumTestRunner$2.evaluate(SeleniumTestRunner.java:107)
	at org.openqa.selenium.testing.SeleniumTestRunner.runChild(SeleniumTestRunner.java:80)
	at org.openqa.selenium.testing.SeleniumTestRunner.runChild(SeleniumTestRunner.java:40)
	at org.openqa.selenium.testing.ParallelSuite$2.run(ParallelSuite.java:40)
	at org.openqa.selenium.testing.ParallelSuite$ThreadPool$1.run(ParallelSuite.java:79)
</error>
  </testcase>
  <testcase classname="org.openqa.selenium.SvgElementTest" name="testShouldClickOnGraphVisualElements" time="0.066">
    <error message="The element could not be found (WARNING: The server did not provide any stacktrace information)&#xa;Command duration or timeout: 61 milliseconds&#xa;For documentation on this error, please visit: http://seleniumhq.org/exceptions/no_such_element.html&#xa;Build info: version: &apos;2.25.0&apos;, revision: &apos;17482&apos;, time: &apos;2012-07-18 21:09:54&apos;&#xa;System info: os.name: &apos;Linux&apos;, os.arch: &apos;i386&apos;, os.version: &apos;3.5.3-1.fc17.i686&apos;, java.version: &apos;1.7.0_06-icedtea&apos;&#xa;Driver info: driver.version: RemoteWebDriver&#xa;Session ID: f0fb82a6f972dd0a920a24e0056c742a" type="org.openqa.selenium.NoSuchElementException">org.openqa.selenium.NoSuchElementException: The element could not be found (WARNING: The server did not provide any stacktrace information)
Command duration or timeout: 61 milliseconds
For documentation on this error, please visit: http://seleniumhq.org/exceptions/no_such_element.html
Build info: version: &apos;2.25.0&apos;, revision: &apos;17482&apos;, time: &apos;2012-07-18 21:09:54&apos;
System info: os.name: &apos;Linux&apos;, os.arch: &apos;i386&apos;, os.version: &apos;3.5.3-1.fc17.i686&apos;, java.version: &apos;1.7.0_06-icedtea&apos;
Driver info: driver.version: RemoteWebDriver
Session ID: f0fb82a6f972dd0a920a24e0056c742a
	at java.lang.reflect.Constructor.newInstance(Constructor.java:525)
	at org.openqa.selenium.remote.ErrorHandler.createThrowable(ErrorHandler.java:188)
	at org.openqa.selenium.remote.ErrorHandler.throwIfResponseFailed(ErrorHandler.java:145)
	at org.openqa.selenium.remote.RemoteWebDriver.execute(RemoteWebDriver.java:498)
	at org.openqa.selenium.remote.RemoteWebDriver.findElement(RemoteWebDriver.java:268)
	at org.openqa.selenium.remote.RemoteWebDriver.findElementByCssSelector(RemoteWebDriver.java:345)
	at org.openqa.selenium.By$ByCssSelector.findElement(By.java:406)
	at org.openqa.selenium.remote.RemoteWebDriver.findElement(RemoteWebDriver.java:260)
	at org.openqa.selenium.SvgElementTest.testShouldClickOnGraphVisualElements(SvgElementTest.java:53)
	at org.openqa.selenium.testing.SeleniumTestRunner$2.evaluate(SeleniumTestRunner.java:107)
	at org.openqa.selenium.testing.SeleniumTestRunner.runChild(SeleniumTestRunner.java:80)
	at org.openqa.selenium.testing.SeleniumTestRunner.runChild(SeleniumTestRunner.java:40)
	at org.openqa.selenium.testing.ParallelSuite$2.run(ParallelSuite.java:40)
	at org.openqa.selenium.testing.ParallelSuite$ThreadPool$1.run(ParallelSuite.java:79)
</error>
  </testcase>
  <testcase classname="org.openqa.selenium.SvgElementTest" name="testShouldClickOnGraphTextElements" time="0.722" />
  <testcase classname="org.openqa.selenium.TagNameTest" name="shouldReturnInput" time="0.044" />
  <testcase classname="org.openqa.selenium.TakesScreenshotTest" name="testSaveScreenshotAsFile" time="0.0" />
  <testcase classname="org.openqa.selenium.TakesScreenshotTest" name="testCaptureToBase64" time="0.001" />
  <testcase classname="org.openqa.selenium.TextHandlingTest" name="testShouldReturnTheTextContentOfASingleElementWithNoChildren" time="0.339" />
  <testcase classname="org.openqa.selenium.TextHandlingTest" name="testShouldReturnTheEntireTextContentOfChildElements" time="0.151" />
  <testcase classname="org.openqa.selenium.TextHandlingTest" name="testShouldIgnoreScriptElements" time="0.215" />
  <testcase classname="org.openqa.selenium.TextHandlingTest" name="testShouldRepresentABlockLevelElementAsANewline" time="0.184" />
  <testcase classname="org.openqa.selenium.TextHandlingTest" name="testShouldTrimText" time="0.153" />
  <testcase classname="org.openqa.selenium.TextHandlingTest" name="testShouldCollapseMultipleWhitespaceCharactersIntoASingleSpace" time="0.159" />
  <testcase classname="org.openqa.selenium.TextHandlingTest" name="testShouldConvertANonBreakingSpaceIntoANormalSpaceCharacter" time="0.178" />
  <testcase classname="org.openqa.selenium.TextHandlingTest" name="testHavingInlineElementsShouldNotAffectHowTextIsReturned" time="0.154" />
  <testcase classname="org.openqa.selenium.TextHandlingTest" name="testShouldReturnTheEntireTextOfInlineElements" time="0.159" />
  <testcase classname="org.openqa.selenium.TextHandlingTest" name="testShouldBeAbleToEnterDatesAfterFillingInOtherValuesFirst" time="0.453" />
  <testcase classname="org.openqa.selenium.TextHandlingTest" name="testShouldReturnEmptyStringWhenTextIsOnlySpaces" time="0.162" />
  <testcase classname="org.openqa.selenium.TextHandlingTest" name="testShouldReturnEmptyStringWhenTextIsEmpty" time="0.152" />
  <testcase classname="org.openqa.selenium.TextHandlingTest" name="testShouldReturnEmptyStringWhenTagIsSelfClosing" time="0.178" />
  <testcase classname="org.openqa.selenium.TextHandlingTest" name="testShouldNotTrimSpacesWhenLineWraps" time="0.161" />
  <testcase classname="org.openqa.selenium.TextHandlingTest" name="testShouldHandleSiblingBlockLevelElements" time="0.152" />
  <testcase classname="org.openqa.selenium.TextHandlingTest" name="testShouldHandleNestedBlockLevelElements" time="0.178" />
  <testcase classname="org.openqa.selenium.TextHandlingTest" name="testShouldHandleWhitespaceInInlineElements" time="0.158" />
  <testcase classname="org.openqa.selenium.TextHandlingTest" name="testReadALargeAmountOfData" time="1.041" />
  <testcase classname="org.openqa.selenium.TextHandlingTest" name="testGetTextWithLineBreakForInlineElement" time="0.176" />
  <testcase classname="org.openqa.selenium.TextHandlingTest" name="testShouldOnlyIncludeVisibleText" time="0.312" />
  <testcase classname="org.openqa.selenium.TextHandlingTest" name="testShouldGetTextFromTableCells" time="0.154" />
  <testcase classname="org.openqa.selenium.TextHandlingTest" name="testShouldGetTextWhichIsAValidJSONObject" time="0.177" />
  <testcase classname="org.openqa.selenium.TextHandlingTest" name="testShouldGetTextWhichIsAValidComplexJSONObject" time="0.154" />
  <testcase classname="org.openqa.selenium.TextPagesTest" name="testFindingAnElementOnAPlainTextPageWillNeverWork" time="0.056" />
  <testcase classname="org.openqa.selenium.TypingTest" name="testShouldFireKeyPressEvents" time="0.496" />
  <testcase classname="org.openqa.selenium.TypingTest" name="testShouldFireKeyDownEvents" time="0.497" />
  <testcase classname="org.openqa.selenium.TypingTest" name="testShouldFireKeyUpEvents" time="0.517" />
  <testcase classname="org.openqa.selenium.TypingTest" name="testShouldTypeLowerCaseLetters" time="0.428" />
  <testcase classname="org.openqa.selenium.TypingTest" name="testShouldBeAbleToTypeCapitalLetters" time="0.458" />
  <testcase classname="org.openqa.selenium.TypingTest" name="testShouldBeAbleToTypeQuoteMarks" time="0.438" />
  <testcase classname="org.openqa.selenium.TypingTest" name="testShouldBeAbleToTypeTheAtCharacter" time="0.454" />
  <testcase classname="org.openqa.selenium.TypingTest" name="testShouldBeAbleToMixUpperAndLowerCaseLetters" time="0.436" />
  <testcase classname="org.openqa.selenium.TypingTest" name="testArrowKeysShouldNotBePrintable" time="0.455" />
  <testcase classname="org.openqa.selenium.TypingTest" name="testShouldBeAbleToUseArrowKeys" time="0.435" />
  <testcase classname="org.openqa.selenium.TypingTest" name="testWillSimulateAKeyUpWhenEnteringTextIntoInputElements" time="0.518" />
  <testcase classname="org.openqa.selenium.TypingTest" name="testWillSimulateAKeyDownWhenEnteringTextIntoInputElements" time="0.492" />
  <testcase classname="org.openqa.selenium.TypingTest" name="testWillSimulateAKeyPressWhenEnteringTextIntoInputElements" time="0.491" />
  <testcase classname="org.openqa.selenium.TypingTest" name="testWillSimulateAKeyUpWhenEnteringTextIntoTextAreas" time="0.521" />
  <testcase classname="org.openqa.selenium.TypingTest" name="testWillSimulateAKeyDownWhenEnteringTextIntoTextAreas" time="0.492" />
  <testcase classname="org.openqa.selenium.TypingTest" name="testWillSimulateAKeyPressWhenEnteringTextIntoTextAreas" time="0.498" />
  <testcase classname="org.openqa.selenium.TypingTest" name="testShouldFireFocusKeyEventsInTheRightOrder" time="0.516" />
  <testcase classname="org.openqa.selenium.TypingTest" name="testShouldReportKeyCodeOfArrowKeys" time="1.779" />
  <testcase classname="org.openqa.selenium.TypingTest" name="testShouldReportKeyCodeOfArrowKeysUpDownEvents" time="2.243" />
  <testcase classname="org.openqa.selenium.TypingTest" name="testNumericNonShiftKeys" time="0.436" />
  <testcase classname="org.openqa.selenium.TypingTest" name="testNumericShiftKeys" time="0.611">
    <failure message="&#xa;Expected: a string containing &quot; up: 16&quot;&#xa;     got: &quot;down: 0 press: 126 up: 0&quot;&#xa;" type="junit.framework.AssertionFailedError">junit.framework.AssertionFailedError: 
Expected: a string containing &quot; up: 16&quot;
     got: &quot;down: 0 press: 126 up: 0&quot;

	at org.openqa.selenium.TypingTest.testNumericShiftKeys(TypingTest.java:363)
	at org.openqa.selenium.testing.SeleniumTestRunner$2.evaluate(SeleniumTestRunner.java:107)
	at org.openqa.selenium.testing.SeleniumTestRunner.runChild(SeleniumTestRunner.java:80)
	at org.openqa.selenium.testing.SeleniumTestRunner.runChild(SeleniumTestRunner.java:40)
	at org.openqa.selenium.testing.ParallelSuite$2.run(ParallelSuite.java:40)
	at org.openqa.selenium.testing.ParallelSuite$ThreadPool$1.run(ParallelSuite.java:79)
</failure>
  </testcase>
  <testcase classname="org.openqa.selenium.TypingTest" name="testLowerCaseAlphaKeys" time="0.458" />
  <testcase classname="org.openqa.selenium.TypingTest" name="testUppercaseAlphaKeys" time="0.592">
    <failure message="&#xa;Expected: a string containing &quot; up: 16&quot;&#xa;     got: &quot;down: 0 press: 90 up: 0&quot;&#xa;" type="junit.framework.AssertionFailedError">junit.framework.AssertionFailedError: 
Expected: a string containing &quot; up: 16&quot;
     got: &quot;down: 0 press: 90 up: 0&quot;

	at org.openqa.selenium.TypingTest.testUppercaseAlphaKeys(TypingTest.java:394)
	at org.openqa.selenium.testing.SeleniumTestRunner$2.evaluate(SeleniumTestRunner.java:107)
	at org.openqa.selenium.testing.SeleniumTestRunner.runChild(SeleniumTestRunner.java:80)
	at org.openqa.selenium.testing.SeleniumTestRunner.runChild(SeleniumTestRunner.java:40)
	at org.openqa.selenium.testing.ParallelSuite$2.run(ParallelSuite.java:40)
	at org.openqa.selenium.testing.ParallelSuite$ThreadPool$1.run(ParallelSuite.java:79)
</failure>
  </testcase>
  <testcase classname="org.openqa.selenium.TypingTest" name="testAllPrintableKeys" time="0.638">
    <failure message="&#xa;Expected: a string containing &quot; up: 16&quot;&#xa;     got: &quot;down: 0 press: 126 up: 0&quot;&#xa;" type="junit.framework.AssertionFailedError">junit.framework.AssertionFailedError: 
Expected: a string containing &quot; up: 16&quot;
     got: &quot;down: 0 press: 126 up: 0&quot;

	at org.openqa.selenium.TypingTest.testAllPrintableKeys(TypingTest.java:414)
	at org.openqa.selenium.testing.SeleniumTestRunner$2.evaluate(SeleniumTestRunner.java:107)
	at org.openqa.selenium.testing.SeleniumTestRunner.runChild(SeleniumTestRunner.java:80)
	at org.openqa.selenium.testing.SeleniumTestRunner.runChild(SeleniumTestRunner.java:40)
	at org.openqa.selenium.testing.ParallelSuite$2.run(ParallelSuite.java:40)
	at org.openqa.selenium.testing.ParallelSuite$ThreadPool$1.run(ParallelSuite.java:79)
</failure>
  </testcase>
  <testcase classname="org.openqa.selenium.TypingTest" name="testArrowKeysAndPageUpAndDown" time="0.435" />
  <testcase classname="org.openqa.selenium.TypingTest" name="testHomeAndEndAndPageUpAndPageDownKeys" time="0.429" />
  <testcase classname="org.openqa.selenium.TypingTest" name="testDeleteAndBackspaceKeys" time="1.252" />
  <testcase classname="org.openqa.selenium.TypingTest" name="testSpecialSpaceKeys" time="0.435" />
  <testcase classname="org.openqa.selenium.TypingTest" name="testNumberpadKeys" time="0.43">
    <failure message="&#xa;Expected: is &quot;abcd*-+.,09+;=/3abcd&quot;&#xa;     got: &quot;abcd8½»¾¼09»º»¿3abcd&quot;&#xa;" type="junit.framework.AssertionFailedError">junit.framework.AssertionFailedError: 
Expected: is &quot;abcd*-+.,09+;=/3abcd&quot;
     got: &quot;abcd8½»¾¼09»º»¿3abcd&quot;

	at org.openqa.selenium.TypingTest.testNumberpadKeys(TypingTest.java:494)
	at org.openqa.selenium.testing.SeleniumTestRunner$2.evaluate(SeleniumTestRunner.java:107)
	at org.openqa.selenium.testing.SeleniumTestRunner.runChild(SeleniumTestRunner.java:80)
	at org.openqa.selenium.testing.SeleniumTestRunner.runChild(SeleniumTestRunner.java:40)
	at org.openqa.selenium.testing.ParallelSuite$2.run(ParallelSuite.java:40)
	at org.openqa.selenium.testing.ParallelSuite$ThreadPool$1.run(ParallelSuite.java:79)
</failure>
  </testcase>
  <testcase classname="org.openqa.selenium.TypingTest" name="testFunctionKeys" time="0.738" />
  <testcase classname="org.openqa.selenium.TypingTest" name="testShiftSelectionDeletes" time="1.133" />
  <testcase classname="org.openqa.selenium.TypingTest" name="testChordControlHomeShiftEndDelete" time="1.465" />
  <testcase classname="org.openqa.selenium.TypingTest" name="testChordReveseShiftHomeSelectionDeletes" time="2.182" />
  <testcase classname="org.openqa.selenium.TypingTest" name="testChordControlCutAndPaste" time="1.563">
    <failure message="&#xa;Expected: is &quot;&quot;&#xa;     got: &quot;!\&quot;#$%&amp;&apos;()*+,-./0123456789:;&lt;=&gt;?@ ABCDEFG&quot;&#xa;" type="junit.framework.AssertionFailedError">junit.framework.AssertionFailedError: 
Expected: is &quot;&quot;
     got: &quot;!\&quot;#$%&amp;&apos;()*+,-./0123456789:;&lt;=&gt;?@ ABCDEFG&quot;

	at org.openqa.selenium.TypingTest.testChordControlCutAndPaste(TypingTest.java:615)
	at org.openqa.selenium.testing.SeleniumTestRunner$2.evaluate(SeleniumTestRunner.java:107)
	at org.openqa.selenium.testing.SeleniumTestRunner.runChild(SeleniumTestRunner.java:80)
	at org.openqa.selenium.testing.SeleniumTestRunner.runChild(SeleniumTestRunner.java:40)
	at org.openqa.selenium.testing.ParallelSuite$2.run(ParallelSuite.java:40)
	at org.openqa.selenium.testing.ParallelSuite$ThreadPool$1.run(ParallelSuite.java:79)
</failure>
  </testcase>
  <testcase classname="org.openqa.selenium.TypingTest" name="testShouldTypeIntoInputElementsThatHaveNoTypeAttribute" time="0.461" />
  <testcase classname="org.openqa.selenium.TypingTest" name="testShouldNotTypeIntoElementsThatPreventKeyDownEvents" time="0.652" />
  <testcase classname="org.openqa.selenium.TypingTest" name="testTypingIntoAnIFrameWithContentEditableOrDesignModeSet" time="0.675" />
  <testcase classname="org.openqa.selenium.TypingTest" name="testNonPrintableCharactersShouldWorkWithContentEditableOrDesignModeSet" time="0.737" />
  <testcase classname="org.openqa.selenium.TypingTest" name="testShouldBeAbleToTypeOnAnEmailInputField" time="0.458" />
  <testcase classname="org.openqa.selenium.TypingTest" name="testShouldBeAbleToTypeIntoEmptyContentEditableElement" time="0.559" />
  <testcase classname="org.openqa.selenium.UploadTest" name="testFileUploading" time="3.324" />
  <testcase classname="org.openqa.selenium.VisibilityTest" name="testShouldModifyTheVisibilityOfAnElementDynamically" time="0.293" />
  <testcase classname="org.openqa.selenium.VisibilityTest" name="testHiddenInputElementsAreNeverVisible" time="0.098" />
  <testcase classname="org.openqa.selenium.VisibilityTest" name="testShouldNotBeAbleToClickOnAnElementThatIsNotDisplayed" time="0.116" />
  <testcase classname="org.openqa.selenium.VisibilityTest" name="testShouldNotBeAbleToTypeAnElementThatIsNotDisplayed" time="0.41" />
  <testcase classname="org.openqa.selenium.VisibilityTest" name="testZeroSizedDivIsShownIfDescendantHasSize" time="0.114" />
  <testcase classname="org.openqa.selenium.VisibilityTest" name="parentNodeVisibleWhenAllChildrenAreAbsolutelyPositionedAndOverflowIsHidden" time="0.093" />
  <testcase classname="org.openqa.selenium.VisibilityTest" name="testShouldAllowTheUserToTellIfAnElementIsDisplayedOrNot" time="0.366" />
  <testcase classname="org.openqa.selenium.VisibilityTest" name="testVisibilityShouldTakeIntoAccountParentVisibility" time="0.214" />
  <testcase classname="org.openqa.selenium.VisibilityTest" name="testShouldCountElementsAsVisibleIfStylePropertyHasBeenSet" time="0.093" />
  <testcase classname="org.openqa.selenium.WebElementTest" name="testElementImplementsWrapsDriver" time="0.036" />
  <testcase classname="org.openqa.selenium.WebElementTest" name="testElementReturnsOriginDriver" time="0.061" />
  <testcase classname="org.openqa.selenium.WindowTest" name="testGetsTheSizeOfTheCurrentWindow" time="0.004" />
  <testcase classname="org.openqa.selenium.WindowTest" name="testSetsTheSizeOfTheCurrentWindow" time="0.056" />
  <testcase classname="org.openqa.selenium.WindowTest" name="testSetsTheSizeOfTheCurrentWindowFromFrame" time="0.577" />
  <testcase classname="org.openqa.selenium.WindowTest" name="testSetsTheSizeOfTheCurrentWindowFromIframe" time="0.082" />
  <testcase classname="org.openqa.selenium.WindowTest" name="testGetsThePositionOfTheCurrentWindow" time="0.004" />
  <testcase classname="org.openqa.selenium.WindowTest" name="testSetsThePositionOfTheCurrentWindow" time="0.044" />
  <testcase classname="org.openqa.selenium.XPathElementFindingTest" name="testShouldThrowAnExceptionWhenThereIsNoLinkToClickAndItIsFoundWithXPath" time="0.039" />
  <testcase classname="org.openqa.selenium.XPathElementFindingTest" name="testShouldThrowAnExceptionWhenThereIsNoLinkToClick" time="0.05" />
  <testcase classname="org.openqa.selenium.XPathElementFindingTest" name="testShouldFindSingleElementByXPath" time="0.158" />
  <testcase classname="org.openqa.selenium.XPathElementFindingTest" name="testShouldFindElementsByXPath" time="0.061" />
  <testcase classname="org.openqa.selenium.XPathElementFindingTest" name="testShouldBeAbleToFindManyElementsRepeatedlyByXPath" time="0.09" />
  <testcase classname="org.openqa.selenium.XPathElementFindingTest" name="testShouldBeAbleToIdentifyElementsByClass" time="0.182" />
  <testcase classname="org.openqa.selenium.XPathElementFindingTest" name="testShouldBeAbleToSearchForMultipleAttributes" time="0.161" />
  <testcase classname="org.openqa.selenium.XPathElementFindingTest" name="testShouldLocateElementsWithGivenText" time="0.048" />
  <testcase classname="org.openqa.selenium.XPathElementFindingTest" name="testShouldThrowInvalidSelectorExceptionWhenXPathIsSyntacticallyInvalidInDriverFindElement" time="0.044" />
  <testcase classname="org.openqa.selenium.XPathElementFindingTest" name="testShouldThrowInvalidSelectorExceptionWhenXPathIsSyntacticallyInvalidInDriverFindElements" time="0.053" />
  <testcase classname="org.openqa.selenium.XPathElementFindingTest" name="testShouldThrowInvalidSelectorExceptionWhenXPathIsSyntacticallyInvalidInElementFindElement" time="0.116" />
  <testcase classname="org.openqa.selenium.XPathElementFindingTest" name="testShouldThrowInvalidSelectorExceptionWhenXPathIsSyntacticallyInvalidInElementFindElements" time="0.123" />
  <testcase classname="org.openqa.selenium.XPathElementFindingTest" name="testShouldThrowInvalidSelectorExceptionWhenXPathReturnsWrongTypeInDriverFindElement" time="0.037" />
  <testcase classname="org.openqa.selenium.XPathElementFindingTest" name="testShouldThrowInvalidSelectorExceptionWhenXPathReturnsWrongTypeInDriverFindElements" time="0.061" />
  <testcase classname="org.openqa.selenium.XPathElementFindingTest" name="testShouldThrowInvalidSelectorExceptionWhenXPathReturnsWrongTypeInElementFindElement" time="0.117" />
  <testcase classname="org.openqa.selenium.XPathElementFindingTest" name="testShouldThrowInvalidSelectorExceptionWhenXPathReturnsWrongTypeInElementFindElements" time="0.124" />
  <testcase classname="org.openqa.selenium.interactions.ActionsTest" name="creatingAllKeyboardActions" time="0.008" />
  <testcase classname="org.openqa.selenium.interactions.ActionsTest" name="providingAnElementToKeyboardActions" time="0.002" />
  <testcase classname="org.openqa.selenium.interactions.ActionsTest" name="supplyingIndividualElementsToKeyboardActions" time="0.001" />
  <testcase classname="org.openqa.selenium.interactions.ActionsTest" name="creatingAllMouseActions" time="0.002" />
  <testcase classname="org.openqa.selenium.interactions.BasicMouseInterfaceTest" name="testDragAndDrop" time="0.663" />
  <testcase classname="org.openqa.selenium.interactions.BasicMouseInterfaceTest" name="testDraggingElementWithMouseMovesItToAnotherList" time="0.798" />
  <testcase classname="org.openqa.selenium.interactions.BasicMouseInterfaceTest" name="testDraggingElementWithMouseFiresEvents" time="0.889" />
  <testcase classname="org.openqa.selenium.interactions.BasicMouseInterfaceTest" name="testDoubleClickThenGet" time="0.17" />
  <testcase classname="org.openqa.selenium.interactions.BasicMouseInterfaceTest" name="testDoubleClick" time="0.228" />
  <testcase classname="org.openqa.selenium.interactions.BasicMouseInterfaceTest" name="testContextClick" time="0.276" />
  <testcase classname="org.openqa.selenium.interactions.BasicMouseInterfaceTest" name="testMoveAndClick" time="0.307" />
  <testcase classname="org.openqa.selenium.interactions.BasicMouseInterfaceTest" name="testShouldClickElementInIFrame" time="0.497" />
  <testcase classname="org.openqa.selenium.interactions.CompositeActionTest" name="addingActions" time="0.001" />
  <testcase classname="org.openqa.selenium.interactions.CompositeActionTest" name="invokingActions" time="0.001" />
  <testcase classname="org.openqa.selenium.interactions.IndividualKeyboardActionsTest" name="sendKeysActionWithoutProvidedElement" time="0.0" />
  <testcase classname="org.openqa.selenium.interactions.IndividualKeyboardActionsTest" name="sendKeysActionOnAnElement" time="0.001" />
  <testcase classname="org.openqa.selenium.interactions.IndividualKeyboardActionsTest" name="keyDownActionFailsOnNonModifier" time="0.0" />
  <testcase classname="org.openqa.selenium.interactions.IndividualKeyboardActionsTest" name="keyDownActionWithoutProvidedElement" time="0.001" />
  <testcase classname="org.openqa.selenium.interactions.IndividualKeyboardActionsTest" name="keyDownActionOnAnElement" time="0.0" />
  <testcase classname="org.openqa.selenium.interactions.IndividualKeyboardActionsTest" name="keyUpActionWithoutProvidedElement" time="0.001" />
  <testcase classname="org.openqa.selenium.interactions.IndividualKeyboardActionsTest" name="keyUpOnAnAnElement" time="0.0" />
  <testcase classname="org.openqa.selenium.interactions.IndividualMouseActionsTest" name="mouseClickAndHoldAction" time="0.001" />
  <testcase classname="org.openqa.selenium.interactions.IndividualMouseActionsTest" name="mouseClickAndHoldActionOnCurrentLocation" time="0.0" />
  <testcase classname="org.openqa.selenium.interactions.IndividualMouseActionsTest" name="mouseReleaseAction" time="0.001" />
  <testcase classname="org.openqa.selenium.interactions.IndividualMouseActionsTest" name="mouseReleaseActionOnCurrentLocation" time="0.0" />
  <testcase classname="org.openqa.selenium.interactions.IndividualMouseActionsTest" name="mouseClickAction" time="0.001" />
  <testcase classname="org.openqa.selenium.interactions.IndividualMouseActionsTest" name="mouseClickActionOnCurrentLocation" time="0.0" />
  <testcase classname="org.openqa.selenium.interactions.IndividualMouseActionsTest" name="mouseDoubleClickAction" time="0.0" />
  <testcase classname="org.openqa.selenium.interactions.IndividualMouseActionsTest" name="mouseDoubleClickActionOnCurrentLocation" time="0.001" />
  <testcase classname="org.openqa.selenium.interactions.IndividualMouseActionsTest" name="mouseMoveAction" time="0.0" />
  <testcase classname="org.openqa.selenium.interactions.IndividualMouseActionsTest" name="mouseMoveActionToCoordinatesInElement" time="0.0" />
  <testcase classname="org.openqa.selenium.interactions.IndividualMouseActionsTest" name="mouseContextClickAction" time="0.001" />
  <testcase classname="org.openqa.selenium.interactions.IndividualMouseActionsTest" name="mouseContextClickActionOnCurrentLocation" time="0.0" />
  <testcase classname="org.openqa.selenium.qtwebkit.QtWebDriverSwitchesTest" name="canStartWebDriverWithPos" time="5.102">
    <failure message="Condition timed out: org.openqa.selenium.qtwebkit.QtWebDriverSwitchesTest$3@cec7c6" type="junit.framework.AssertionFailedError">junit.framework.AssertionFailedError: Condition timed out: org.openqa.selenium.qtwebkit.QtWebDriverSwitchesTest$3@cec7c6
	at org.openqa.selenium.TestWaiter.waitFor(TestWaiter.java:84)
	at org.openqa.selenium.TestWaiter.waitFor(TestWaiter.java:43)
	at org.openqa.selenium.qtwebkit.QtWebDriverSwitchesTest.canStartWebDriverWithPos(QtWebDriverSwitchesTest.java:55)
	at org.openqa.selenium.testing.SeleniumTestRunner$2.evaluate(SeleniumTestRunner.java:107)
	at org.openqa.selenium.testing.SeleniumTestRunner.runChild(SeleniumTestRunner.java:80)
	at org.openqa.selenium.testing.SeleniumTestRunner.runChild(SeleniumTestRunner.java:40)
</failure>
  </testcase>
  <testcase classname="org.openqa.selenium.qtwebkit.QtWebDriverSwitchesTest" name="canStartWebDriverWithSize" time="2.019" />
  <testcase classname="org.openqa.selenium.qtwebkit.QtWebDriverSwitchesTest" name="canStartWebDriverMaximized" time="5.112">
    <failure message="Condition timed out: org.openqa.selenium.qtwebkit.QtWebDriverSwitchesTest$1@b75fd9" type="junit.framework.AssertionFailedError">junit.framework.AssertionFailedError: Condition timed out: org.openqa.selenium.qtwebkit.QtWebDriverSwitchesTest$1@b75fd9
	at org.openqa.selenium.TestWaiter.waitFor(TestWaiter.java:84)
	at org.openqa.selenium.TestWaiter.waitFor(TestWaiter.java:43)
	at org.openqa.selenium.qtwebkit.QtWebDriverSwitchesTest.canStartWebDriverMaximized(QtWebDriverSwitchesTest.java:114)
	at org.openqa.selenium.testing.SeleniumTestRunner$2.evaluate(SeleniumTestRunner.java:107)
	at org.openqa.selenium.testing.SeleniumTestRunner.runChild(SeleniumTestRunner.java:80)
	at org.openqa.selenium.testing.SeleniumTestRunner.runChild(SeleniumTestRunner.java:40)
</failure>
  </testcase>
  <system-out><![CDATA[]]></system-out>
  <system-err><![CDATA[2013-03-05 12:59:03.556:INFO:osjs.Server:jetty-7.x.y-SNAPSHOT
2013-03-05 12:59:03.634:INFO:osjw.StandardDescriptorProcessor:NO JSP Support for /common, did not find org.apache.jasper.servlet.JspServlet
2013-03-05 12:59:03.656:INFO:osjsh.ContextHandler:started o.s.j.w.WebAppContext{/common,file:/home/liberus/workspace/NDSProject/wd/test/Java/common/src/web/},/home/liberus/workspace/NDSProject/wd/test/Java/./common/src/web
2013-03-05 12:59:03.675:INFO:osjw.StandardDescriptorProcessor:NO JSP Support for /javascript, did not find org.apache.jasper.servlet.JspServlet
2013-03-05 12:59:03.678:INFO:osjsh.ContextHandler:started o.s.j.w.WebAppContext{/javascript,file:/home/liberus/workspace/NDSProject/wd/test/Java/javascript/},/home/liberus/workspace/NDSProject/wd/test/Java/./javascript
2013-03-05 12:59:03.688:INFO:osjw.StandardDescriptorProcessor:NO JSP Support for /third_party/closure/goog, did not find org.apache.jasper.servlet.JspServlet
2013-03-05 12:59:03.690:INFO:osjsh.ContextHandler:started o.s.j.w.WebAppContext{/third_party/closure/goog,file:/home/liberus/workspace/NDSProject/wd/test/Java/third_party/closure/goog/},/home/liberus/workspace/NDSProject/wd/test/Java/./third_party/closure/goog
2013-03-05 12:59:03.700:INFO:osjw.StandardDescriptorProcessor:NO JSP Support for /third_party/js, did not find org.apache.jasper.servlet.JspServlet
2013-03-05 12:59:03.703:INFO:osjsh.ContextHandler:started o.s.j.w.WebAppContext{/third_party/js,file:/home/liberus/workspace/NDSProject/wd/test/Java/third_party/js/},/home/liberus/workspace/NDSProject/wd/test/Java/./third_party/js
2013-03-05 12:59:03.718:INFO:osjs.AbstractConnector:Started SelectChannelConnector@0.0.0.0:6432
2013-03-05 12:59:03.777:INFO:osjus.SslContextFactory:Enabled Protocols [SSLv2Hello, SSLv3, TLSv1, TLSv1.1, TLSv1.2] of [SSLv2Hello, SSLv3, TLSv1, TLSv1.1, TLSv1.2]
2013-03-05 12:59:03.780:INFO:osjs.AbstractConnector:Started SslSocketConnector@0.0.0.0:17563
Mar 05, 2013 12:59:04 PM org.openqa.selenium.remote.RemoteWebDriver log
INFO: Executing: get [b1b93a9a6427a810330486e126da1302, get {"url":"http://lwo1-dhp-f35258.synapse.com:6432/common/alerts.html"}]
Mar 05, 2013 12:59:04 PM org.openqa.selenium.remote.RemoteWebDriver log
INFO: Executed: [b1b93a9a6427a810330486e126da1302, get {"url":"http://lwo1-dhp-f35258.synapse.com:6432/common/alerts.html"}]
Mar 05, 2013 12:59:04 PM org.openqa.selenium.remote.RemoteWebDriver log
INFO: Executing: executeScript [b1b93a9a6427a810330486e126da1302, executeScript {"script":"window.alert = function(msg) { document.getElementById('text').innerHTML = msg; }","args":[]}]
Mar 05, 2013 12:59:04 PM org.openqa.selenium.remote.RemoteWebDriver log
INFO: Executed: [b1b93a9a6427a810330486e126da1302, executeScript {"script":"window.alert = function(msg) { document.getElementById('text').innerHTML = msg; }","args":[]}]
Mar 05, 2013 12:59:04 PM org.openqa.selenium.remote.RemoteWebDriver log
INFO: Executing: findElement [b1b93a9a6427a810330486e126da1302, findElement {"using":"id","value":"alert"}]
Mar 05, 2013 12:59:04 PM org.openqa.selenium.remote.RemoteWebDriver log
INFO: Executed: [b1b93a9a6427a810330486e126da1302, findElement {"using":"id","value":"alert"}]
Mar 05, 2013 12:59:04 PM org.openqa.selenium.remote.RemoteWebDriver log
INFO: Executing: clickElement [b1b93a9a6427a810330486e126da1302, clickElement {"id":":wdc:1362481144185"}]
Mar 05, 2013 12:59:04 PM org.openqa.selenium.remote.RemoteWebDriver log
INFO: Executed: [b1b93a9a6427a810330486e126da1302, clickElement {"id":":wdc:1362481144185"}]
Mar 05, 2013 12:59:04 PM org.openqa.selenium.remote.RemoteWebDriver log
INFO: Executing: get [b1b93a9a6427a810330486e126da1302, get {"url":"http://lwo1-dhp-f35258.synapse.com:6432/common/alerts.html"}]
Mar 05, 2013 12:59:04 PM org.openqa.selenium.remote.RemoteWebDriver log
INFO: Executed: [b1b93a9a6427a810330486e126da1302, get {"url":"http://lwo1-dhp-f35258.synapse.com:6432/common/alerts.html"}]
Mar 05, 2013 12:59:04 PM org.openqa.selenium.remote.RemoteWebDriver log
INFO: Executing: findElement [b1b93a9a6427a810330486e126da1302, findElement {"using":"id","value":"alert"}]
Mar 05, 2013 12:59:04 PM org.openqa.selenium.remote.RemoteWebDriver log
INFO: Executed: [b1b93a9a6427a810330486e126da1302, findElement {"using":"id","value":"alert"}]
Mar 05, 2013 12:59:04 PM org.openqa.selenium.remote.RemoteWebDriver log
INFO: Executing: clickElement [b1b93a9a6427a810330486e126da1302, clickElement {"id":":wdc:1362481144255"}]
Mar 05, 2013 12:59:04 PM org.openqa.selenium.remote.RemoteWebDriver log
INFO: Executed: [b1b93a9a6427a810330486e126da1302, clickElement {"id":":wdc:1362481144255"}]
Mar 05, 2013 12:59:04 PM org.openqa.selenium.remote.RemoteWebDriver log
INFO: Executing: getAlertText [b1b93a9a6427a810330486e126da1302, getAlertText {}]
Mar 05, 2013 12:59:04 PM org.openqa.selenium.remote.RemoteWebDriver log
INFO: Executed: [b1b93a9a6427a810330486e126da1302, getAlertText {}]
Mar 05, 2013 12:59:04 PM org.openqa.selenium.remote.RemoteWebDriver log
INFO: Executing: acceptAlert [b1b93a9a6427a810330486e126da1302, acceptAlert {}]
Mar 05, 2013 12:59:04 PM org.openqa.selenium.remote.RemoteWebDriver log
INFO: Executed: [b1b93a9a6427a810330486e126da1302, acceptAlert {}]
Mar 05, 2013 12:59:04 PM org.openqa.selenium.remote.RemoteWebDriver log
INFO: Executing: getTitle [b1b93a9a6427a810330486e126da1302, getTitle {}]
Mar 05, 2013 12:59:04 PM org.openqa.selenium.remote.RemoteWebDriver log
INFO: Executed: [b1b93a9a6427a810330486e126da1302, getTitle {}]
Mar 05, 2013 12:59:04 PM org.openqa.selenium.remote.RemoteWebDriver log
INFO: Executing: get [b1b93a9a6427a810330486e126da1302, get {"url":"http://lwo1-dhp-f35258.synapse.com:6432/common/alerts.html"}]
Mar 05, 2013 12:59:04 PM org.openqa.selenium.remote.RemoteWebDriver log
INFO: Executed: [b1b93a9a6427a810330486e126da1302, get {"url":"http://lwo1-dhp-f35258.synapse.com:6432/common/alerts.html"}]
Mar 05, 2013 12:59:04 PM org.openqa.selenium.remote.RemoteWebDriver log
INFO: Executing: get [b1b93a9a6427a810330486e126da1302, get {"url":"http://lwo1-dhp-f35258.synapse.com:6432/common/alerts.html"}]
Mar 05, 2013 12:59:04 PM org.openqa.selenium.remote.RemoteWebDriver log
INFO: Executed: [b1b93a9a6427a810330486e126da1302, get {"url":"http://lwo1-dhp-f35258.synapse.com:6432/common/alerts.html"}]
Mar 05, 2013 12:59:04 PM org.openqa.selenium.remote.RemoteWebDriver log
INFO: Executing: findElement [b1b93a9a6427a810330486e126da1302, findElement {"using":"id","value":"alert"}]
Mar 05, 2013 12:59:04 PM org.openqa.selenium.remote.RemoteWebDriver log
INFO: Executed: [b1b93a9a6427a810330486e126da1302, findElement {"using":"id","value":"alert"}]
Mar 05, 2013 12:59:04 PM org.openqa.selenium.remote.RemoteWebDriver log
INFO: Executing: clickElement [b1b93a9a6427a810330486e126da1302, clickElement {"id":":wdc:1362481144418"}]
Mar 05, 2013 12:59:04 PM org.openqa.selenium.remote.RemoteWebDriver log
INFO: Executed: [b1b93a9a6427a810330486e126da1302, clickElement {"id":":wdc:1362481144418"}]
Mar 05, 2013 12:59:04 PM org.openqa.selenium.remote.RemoteWebDriver log
INFO: Executing: getAlertText [b1b93a9a6427a810330486e126da1302, getAlertText {}]
Mar 05, 2013 12:59:04 PM org.openqa.selenium.remote.RemoteWebDriver log
INFO: Executed: [b1b93a9a6427a810330486e126da1302, getAlertText {}]
Mar 05, 2013 12:59:06 PM org.openqa.selenium.remote.RemoteWebDriver log
INFO: Executing: quit [b1b93a9a6427a810330486e126da1302, quit {}]
Mar 05, 2013 12:59:06 PM org.openqa.selenium.remote.RemoteWebDriver log
INFO: Executed: [b1b93a9a6427a810330486e126da1302, quit {}]
Mar 05, 2013 12:59:06 PM org.openqa.selenium.remote.RemoteWebDriver log
INFO: Executing: quit [null, quit {}]
Mar 05, 2013 12:59:06 PM org.openqa.selenium.remote.RemoteWebDriver log
INFO: Exception: [null, quit {}]
Mar 05, 2013 12:59:06 PM org.openqa.selenium.remote.RemoteWebDriver log
INFO: Executing: get [cc1c5240d600d151d3f9d5a878bf7bd0, get {"url":"http://lwo1-dhp-f35258.synapse.com:6432/common/alerts.html"}]
Mar 05, 2013 12:59:06 PM org.openqa.selenium.remote.RemoteWebDriver log
INFO: Executed: [cc1c5240d600d151d3f9d5a878bf7bd0, get {"url":"http://lwo1-dhp-f35258.synapse.com:6432/common/alerts.html"}]
Mar 05, 2013 12:59:06 PM org.openqa.selenium.remote.RemoteWebDriver log
INFO: Executing: findElement [cc1c5240d600d151d3f9d5a878bf7bd0, findElement {"using":"id","value":"prompt"}]
Mar 05, 2013 12:59:06 PM org.openqa.selenium.remote.RemoteWebDriver log
INFO: Executed: [cc1c5240d600d151d3f9d5a878bf7bd0, findElement {"using":"id","value":"prompt"}]
Mar 05, 2013 12:59:06 PM org.openqa.selenium.remote.RemoteWebDriver log
INFO: Executing: clickElement [cc1c5240d600d151d3f9d5a878bf7bd0, clickElement {"id":":wdc:1362481146580"}]
Mar 05, 2013 12:59:06 PM org.openqa.selenium.remote.RemoteWebDriver log
INFO: Executed: [cc1c5240d600d151d3f9d5a878bf7bd0, clickElement {"id":":wdc:1362481146580"}]
Mar 05, 2013 12:59:06 PM org.openqa.selenium.remote.RemoteWebDriver log
INFO: Executing: getAlertText [cc1c5240d600d151d3f9d5a878bf7bd0, getAlertText {}]
Mar 05, 2013 12:59:06 PM org.openqa.selenium.remote.RemoteWebDriver log
INFO: Executed: [cc1c5240d600d151d3f9d5a878bf7bd0, getAlertText {}]
Mar 05, 2013 12:59:06 PM org.openqa.selenium.remote.RemoteWebDriver log
INFO: Executing: acceptAlert [cc1c5240d600d151d3f9d5a878bf7bd0, acceptAlert {}]
Mar 05, 2013 12:59:06 PM org.openqa.selenium.remote.RemoteWebDriver log
INFO: Executed: [cc1c5240d600d151d3f9d5a878bf7bd0, acceptAlert {}]
Mar 05, 2013 12:59:06 PM org.openqa.selenium.remote.RemoteWebDriver log
INFO: Executing: getTitle [cc1c5240d600d151d3f9d5a878bf7bd0, getTitle {}]
Mar 05, 2013 12:59:06 PM org.openqa.selenium.remote.RemoteWebDriver log
INFO: Executed: [cc1c5240d600d151d3f9d5a878bf7bd0, getTitle {}]
Mar 05, 2013 12:59:06 PM org.openqa.selenium.remote.RemoteWebDriver log
INFO: Executing: get [cc1c5240d600d151d3f9d5a878bf7bd0, get {"url":"http://lwo1-dhp-f35258.synapse.com:6432/common/alerts.html"}]
Mar 05, 2013 12:59:06 PM org.openqa.selenium.remote.RemoteWebDriver log
INFO: Executed: [cc1c5240d600d151d3f9d5a878bf7bd0, get {"url":"http://lwo1-dhp-f35258.synapse.com:6432/common/alerts.html"}]
Mar 05, 2013 12:59:06 PM org.openqa.selenium.remote.RemoteWebDriver log
INFO: Executing: findElement [cc1c5240d600d151d3f9d5a878bf7bd0, findElement {"using":"id","value":"prompt"}]
Mar 05, 2013 12:59:06 PM org.openqa.selenium.remote.RemoteWebDriver log
INFO: Executed: [cc1c5240d600d151d3f9d5a878bf7bd0, findElement {"using":"id","value":"prompt"}]
Mar 05, 2013 12:59:06 PM org.openqa.selenium.remote.RemoteWebDriver log
INFO: Executing: clickElement [cc1c5240d600d151d3f9d5a878bf7bd0, clickElement {"id":":wdc:1362481146663"}]
Mar 05, 2013 12:59:06 PM org.openqa.selenium.remote.RemoteWebDriver log
INFO: Executed: [cc1c5240d600d151d3f9d5a878bf7bd0, clickElement {"id":":wdc:1362481146663"}]
Mar 05, 2013 12:59:06 PM org.openqa.selenium.remote.RemoteWebDriver log
INFO: Executing: getAlertText [cc1c5240d600d151d3f9d5a878bf7bd0, getAlertText {}]
Mar 05, 2013 12:59:06 PM org.openqa.selenium.remote.RemoteWebDriver log
INFO: Executed: [cc1c5240d600d151d3f9d5a878bf7bd0, getAlertText {}]
Mar 05, 2013 12:59:06 PM org.openqa.selenium.remote.RemoteWebDriver log
INFO: Executing: dismissAlert [cc1c5240d600d151d3f9d5a878bf7bd0, dismissAlert {}]
Mar 05, 2013 12:59:06 PM org.openqa.selenium.remote.RemoteWebDriver log
INFO: Executed: [cc1c5240d600d151d3f9d5a878bf7bd0, dismissAlert {}]
Mar 05, 2013 12:59:06 PM org.openqa.selenium.remote.RemoteWebDriver log
INFO: Executing: getTitle [cc1c5240d600d151d3f9d5a878bf7bd0, getTitle {}]
Mar 05, 2013 12:59:06 PM org.openqa.selenium.remote.RemoteWebDriver log
INFO: Executed: [cc1c5240d600d151d3f9d5a878bf7bd0, getTitle {}]
Mar 05, 2013 12:59:06 PM org.openqa.selenium.remote.RemoteWebDriver log
INFO: Executing: get [cc1c5240d600d151d3f9d5a878bf7bd0, get {"url":"http://lwo1-dhp-f35258.synapse.com:6432/common/alerts.html"}]
Mar 05, 2013 12:59:06 PM org.openqa.selenium.remote.RemoteWebDriver log
INFO: Executed: [cc1c5240d600d151d3f9d5a878bf7bd0, get {"url":"http://lwo1-dhp-f35258.synapse.com:6432/common/alerts.html"}]
Mar 05, 2013 12:59:06 PM org.openqa.selenium.remote.RemoteWebDriver log
INFO: Executing: findElement [cc1c5240d600d151d3f9d5a878bf7bd0, findElement {"using":"id","value":"prompt"}]
Mar 05, 2013 12:59:06 PM org.openqa.selenium.remote.RemoteWebDriver log
INFO: Executed: [cc1c5240d600d151d3f9d5a878bf7bd0, findElement {"using":"id","value":"prompt"}]
Mar 05, 2013 12:59:06 PM org.openqa.selenium.remote.RemoteWebDriver log
INFO: Executing: clickElement [cc1c5240d600d151d3f9d5a878bf7bd0, clickElement {"id":":wdc:1362481146847"}]
Mar 05, 2013 12:59:06 PM org.openqa.selenium.remote.RemoteWebDriver log
INFO: Executed: [cc1c5240d600d151d3f9d5a878bf7bd0, clickElement {"id":":wdc:1362481146847"}]
Mar 05, 2013 12:59:06 PM org.openqa.selenium.remote.RemoteWebDriver log
INFO: Executing: getAlertText [cc1c5240d600d151d3f9d5a878bf7bd0, getAlertText {}]
Mar 05, 2013 12:59:06 PM org.openqa.selenium.remote.RemoteWebDriver log
INFO: Executed: [cc1c5240d600d151d3f9d5a878bf7bd0, getAlertText {}]
Mar 05, 2013 12:59:06 PM org.openqa.selenium.remote.RemoteWebDriver log
INFO: Executing: setAlertValue [cc1c5240d600d151d3f9d5a878bf7bd0, setAlertValue {"text":"cheese"}]
Mar 05, 2013 12:59:06 PM org.openqa.selenium.remote.RemoteWebDriver log
INFO: Executed: [cc1c5240d600d151d3f9d5a878bf7bd0, setAlertValue {"text":"cheese"}]
Mar 05, 2013 12:59:06 PM org.openqa.selenium.remote.RemoteWebDriver log
INFO: Executing: acceptAlert [cc1c5240d600d151d3f9d5a878bf7bd0, acceptAlert {}]
Mar 05, 2013 12:59:06 PM org.openqa.selenium.remote.RemoteWebDriver log
INFO: Executed: [cc1c5240d600d151d3f9d5a878bf7bd0, acceptAlert {}]
Mar 05, 2013 12:59:06 PM org.openqa.selenium.remote.RemoteWebDriver log
INFO: Executing: findElement [cc1c5240d600d151d3f9d5a878bf7bd0, findElement {"using":"id","value":"text"}]
Mar 05, 2013 12:59:07 PM org.openqa.selenium.remote.RemoteWebDriver log
INFO: Executed: [cc1c5240d600d151d3f9d5a878bf7bd0, findElement {"using":"id","value":"text"}]
Mar 05, 2013 12:59:07 PM org.openqa.selenium.remote.RemoteWebDriver log
INFO: Executing: getElementText [cc1c5240d600d151d3f9d5a878bf7bd0, getElementText {"id":":wdc:1362481146848"}]
Mar 05, 2013 12:59:07 PM org.openqa.selenium.remote.RemoteWebDriver log
INFO: Executed: [cc1c5240d600d151d3f9d5a878bf7bd0, getElementText {"id":":wdc:1362481146848"}]
Mar 05, 2013 12:59:07 PM org.openqa.selenium.remote.RemoteWebDriver log
INFO: Executing: get [cc1c5240d600d151d3f9d5a878bf7bd0, get {"url":"http://lwo1-dhp-f35258.synapse.com:6432/common/alerts.html"}]
Mar 05, 2013 12:59:07 PM org.openqa.selenium.remote.RemoteWebDriver log
INFO: Executed: [cc1c5240d600d151d3f9d5a878bf7bd0, get {"url":"http://lwo1-dhp-f35258.synapse.com:6432/common/alerts.html"}]
Mar 05, 2013 12:59:07 PM org.openqa.selenium.remote.RemoteWebDriver log
INFO: Executing: findElement [cc1c5240d600d151d3f9d5a878bf7bd0, findElement {"using":"id","value":"alert"}]
Mar 05, 2013 12:59:07 PM org.openqa.selenium.remote.RemoteWebDriver log
INFO: Executed: [cc1c5240d600d151d3f9d5a878bf7bd0, findElement {"using":"id","value":"alert"}]
Mar 05, 2013 12:59:07 PM org.openqa.selenium.remote.RemoteWebDriver log
INFO: Executing: clickElement [cc1c5240d600d151d3f9d5a878bf7bd0, clickElement {"id":":wdc:1362481147160"}]
Mar 05, 2013 12:59:07 PM org.openqa.selenium.remote.RemoteWebDriver log
INFO: Executed: [cc1c5240d600d151d3f9d5a878bf7bd0, clickElement {"id":":wdc:1362481147160"}]
Mar 05, 2013 12:59:07 PM org.openqa.selenium.remote.RemoteWebDriver log
INFO: Executing: getAlertText [cc1c5240d600d151d3f9d5a878bf7bd0, getAlertText {}]
Mar 05, 2013 12:59:07 PM org.openqa.selenium.remote.RemoteWebDriver log
INFO: Executed: [cc1c5240d600d151d3f9d5a878bf7bd0, getAlertText {}]
Mar 05, 2013 12:59:07 PM org.openqa.selenium.remote.RemoteWebDriver log
INFO: Executing: setAlertValue [cc1c5240d600d151d3f9d5a878bf7bd0, setAlertValue {"text":"cheese"}]
Mar 05, 2013 12:59:07 PM org.openqa.selenium.remote.RemoteWebDriver log
INFO: Executed: [cc1c5240d600d151d3f9d5a878bf7bd0, setAlertValue {"text":"cheese"}]
Mar 05, 2013 12:59:07 PM org.openqa.selenium.remote.RemoteWebDriver log
INFO: Executing: acceptAlert [cc1c5240d600d151d3f9d5a878bf7bd0, acceptAlert {}]
Mar 05, 2013 12:59:07 PM org.openqa.selenium.remote.RemoteWebDriver log
INFO: Executed: [cc1c5240d600d151d3f9d5a878bf7bd0, acceptAlert {}]
Mar 05, 2013 12:59:07 PM org.openqa.selenium.remote.RemoteWebDriver log
INFO: Executing: get [cc1c5240d600d151d3f9d5a878bf7bd0, get {"url":"http://lwo1-dhp-f35258.synapse.com:6432/common/alerts.html"}]
Mar 05, 2013 12:59:07 PM org.openqa.selenium.remote.RemoteWebDriver log
INFO: Executed: [cc1c5240d600d151d3f9d5a878bf7bd0, get {"url":"http://lwo1-dhp-f35258.synapse.com:6432/common/alerts.html"}]
Mar 05, 2013 12:59:07 PM org.openqa.selenium.remote.RemoteWebDriver log
INFO: Executing: findElement [cc1c5240d600d151d3f9d5a878bf7bd0, findElement {"using":"id","value":"alert"}]
Mar 05, 2013 12:59:07 PM org.openqa.selenium.remote.RemoteWebDriver log
INFO: Executed: [cc1c5240d600d151d3f9d5a878bf7bd0, findElement {"using":"id","value":"alert"}]
Mar 05, 2013 12:59:07 PM org.openqa.selenium.remote.RemoteWebDriver log
INFO: Executing: clickElement [cc1c5240d600d151d3f9d5a878bf7bd0, clickElement {"id":":wdc:1362481147313"}]
Mar 05, 2013 12:59:07 PM org.openqa.selenium.remote.RemoteWebDriver log
INFO: Executed: [cc1c5240d600d151d3f9d5a878bf7bd0, clickElement {"id":":wdc:1362481147313"}]
Mar 05, 2013 12:59:07 PM org.openqa.selenium.remote.RemoteWebDriver log
INFO: Executing: getAlertText [cc1c5240d600d151d3f9d5a878bf7bd0, getAlertText {}]
Mar 05, 2013 12:59:07 PM org.openqa.selenium.remote.RemoteWebDriver log
INFO: Executed: [cc1c5240d600d151d3f9d5a878bf7bd0, getAlertText {}]
Mar 05, 2013 12:59:07 PM org.openqa.selenium.remote.RemoteWebDriver log
INFO: Executing: acceptAlert [cc1c5240d600d151d3f9d5a878bf7bd0, acceptAlert {}]
Mar 05, 2013 12:59:07 PM org.openqa.selenium.remote.RemoteWebDriver log
INFO: Executed: [cc1c5240d600d151d3f9d5a878bf7bd0, acceptAlert {}]
Mar 05, 2013 12:59:07 PM org.openqa.selenium.remote.RemoteWebDriver log
INFO: Executing: get [cc1c5240d600d151d3f9d5a878bf7bd0, get {"url":"http://lwo1-dhp-f35258.synapse.com:6432/common/alerts.html"}]
Mar 05, 2013 12:59:07 PM org.openqa.selenium.remote.RemoteWebDriver log
INFO: Executed: [cc1c5240d600d151d3f9d5a878bf7bd0, get {"url":"http://lwo1-dhp-f35258.synapse.com:6432/common/alerts.html"}]
Mar 05, 2013 12:59:07 PM org.openqa.selenium.remote.RemoteWebDriver log
INFO: Executing: findElement [cc1c5240d600d151d3f9d5a878bf7bd0, findElement {"using":"id","value":"prompt"}]
Mar 05, 2013 12:59:07 PM org.openqa.selenium.remote.RemoteWebDriver log
INFO: Executed: [cc1c5240d600d151d3f9d5a878bf7bd0, findElement {"using":"id","value":"prompt"}]
Mar 05, 2013 12:59:07 PM org.openqa.selenium.remote.RemoteWebDriver log
INFO: Executing: clickElement [cc1c5240d600d151d3f9d5a878bf7bd0, clickElement {"id":":wdc:1362481147464"}]
Mar 05, 2013 12:59:07 PM org.openqa.selenium.remote.RemoteWebDriver log
INFO: Executed: [cc1c5240d600d151d3f9d5a878bf7bd0, clickElement {"id":":wdc:1362481147464"}]
Mar 05, 2013 12:59:07 PM org.openqa.selenium.remote.RemoteWebDriver log
INFO: Executing: getAlertText [cc1c5240d600d151d3f9d5a878bf7bd0, getAlertText {}]
Mar 05, 2013 12:59:07 PM org.openqa.selenium.remote.RemoteWebDriver log
INFO: Executed: [cc1c5240d600d151d3f9d5a878bf7bd0, getAlertText {}]
Mar 05, 2013 12:59:07 PM org.openqa.selenium.remote.RemoteWebDriver log
INFO: Executing: acceptAlert [cc1c5240d600d151d3f9d5a878bf7bd0, acceptAlert {}]
Mar 05, 2013 12:59:07 PM org.openqa.selenium.remote.RemoteWebDriver log
INFO: Executed: [cc1c5240d600d151d3f9d5a878bf7bd0, acceptAlert {}]
Mar 05, 2013 12:59:07 PM org.openqa.selenium.remote.RemoteWebDriver log
INFO: Executing: get [cc1c5240d600d151d3f9d5a878bf7bd0, get {"url":"http://lwo1-dhp-f35258.synapse.com:6432/common/alerts.html"}]
Mar 05, 2013 12:59:07 PM org.openqa.selenium.remote.RemoteWebDriver log
INFO: Executed: [cc1c5240d600d151d3f9d5a878bf7bd0, get {"url":"http://lwo1-dhp-f35258.synapse.com:6432/common/alerts.html"}]
Mar 05, 2013 12:59:07 PM org.openqa.selenium.remote.RemoteWebDriver log
INFO: Executing: findElement [cc1c5240d600d151d3f9d5a878bf7bd0, findElement {"using":"id","value":"alert"}]
Mar 05, 2013 12:59:07 PM org.openqa.selenium.remote.RemoteWebDriver log
INFO: Executed: [cc1c5240d600d151d3f9d5a878bf7bd0, findElement {"using":"id","value":"alert"}]
Mar 05, 2013 12:59:07 PM org.openqa.selenium.remote.RemoteWebDriver log
INFO: Executing: clickElement [cc1c5240d600d151d3f9d5a878bf7bd0, clickElement {"id":":wdc:1362481147638"}]
Mar 05, 2013 12:59:07 PM org.openqa.selenium.remote.RemoteWebDriver log
INFO: Executed: [cc1c5240d600d151d3f9d5a878bf7bd0, clickElement {"id":":wdc:1362481147638"}]
Mar 05, 2013 12:59:07 PM org.openqa.selenium.remote.RemoteWebDriver log
INFO: Executing: getAlertText [cc1c5240d600d151d3f9d5a878bf7bd0, getAlertText {}]
Mar 05, 2013 12:59:07 PM org.openqa.selenium.remote.RemoteWebDriver log
INFO: Executed: [cc1c5240d600d151d3f9d5a878bf7bd0, getAlertText {}]
Mar 05, 2013 12:59:07 PM org.openqa.selenium.remote.RemoteWebDriver log
INFO: Executing: dismissAlert [cc1c5240d600d151d3f9d5a878bf7bd0, dismissAlert {}]
Mar 05, 2013 12:59:07 PM org.openqa.selenium.remote.RemoteWebDriver log
INFO: Executed: [cc1c5240d600d151d3f9d5a878bf7bd0, dismissAlert {}]
Mar 05, 2013 12:59:07 PM org.openqa.selenium.remote.RemoteWebDriver log
INFO: Executing: get [cc1c5240d600d151d3f9d5a878bf7bd0, get {"url":"http://lwo1-dhp-f35258.synapse.com:6432/common/alerts.html"}]
Mar 05, 2013 12:59:07 PM org.openqa.selenium.remote.RemoteWebDriver log
INFO: Executed: [cc1c5240d600d151d3f9d5a878bf7bd0, get {"url":"http://lwo1-dhp-f35258.synapse.com:6432/common/alerts.html"}]
Mar 05, 2013 12:59:07 PM org.openqa.selenium.remote.RemoteWebDriver log
INFO: Executing: switchToFrame [cc1c5240d600d151d3f9d5a878bf7bd0, switchToFrame {"id":"iframeWithAlert"}]
Mar 05, 2013 12:59:07 PM org.openqa.selenium.remote.RemoteWebDriver log
INFO: Executed: [cc1c5240d600d151d3f9d5a878bf7bd0, switchToFrame {"id":"iframeWithAlert"}]
Mar 05, 2013 12:59:07 PM org.openqa.selenium.remote.RemoteWebDriver log
INFO: Executing: findElement [cc1c5240d600d151d3f9d5a878bf7bd0, findElement {"using":"id","value":"alertInFrame"}]
Mar 05, 2013 12:59:07 PM org.openqa.selenium.remote.RemoteWebDriver log
INFO: Executed: [cc1c5240d600d151d3f9d5a878bf7bd0, findElement {"using":"id","value":"alertInFrame"}]
Mar 05, 2013 12:59:07 PM org.openqa.selenium.remote.RemoteWebDriver log
INFO: Executing: clickElement [cc1c5240d600d151d3f9d5a878bf7bd0, clickElement {"id":":wdc:1362481147827"}]
Mar 05, 2013 12:59:08 PM org.openqa.selenium.remote.RemoteWebDriver log
INFO: Executed: [cc1c5240d600d151d3f9d5a878bf7bd0, clickElement {"id":":wdc:1362481147827"}]
Mar 05, 2013 12:59:08 PM org.openqa.selenium.remote.RemoteWebDriver log
INFO: Executing: getAlertText [cc1c5240d600d151d3f9d5a878bf7bd0, getAlertText {}]
Mar 05, 2013 12:59:08 PM org.openqa.selenium.remote.RemoteWebDriver log
INFO: Executed: [cc1c5240d600d151d3f9d5a878bf7bd0, getAlertText {}]
Mar 05, 2013 12:59:08 PM org.openqa.selenium.remote.RemoteWebDriver log
INFO: Executing: acceptAlert [cc1c5240d600d151d3f9d5a878bf7bd0, acceptAlert {}]
Mar 05, 2013 12:59:08 PM org.openqa.selenium.remote.RemoteWebDriver log
INFO: Executed: [cc1c5240d600d151d3f9d5a878bf7bd0, acceptAlert {}]
Mar 05, 2013 12:59:08 PM org.openqa.selenium.remote.RemoteWebDriver log
INFO: Executing: getTitle [cc1c5240d600d151d3f9d5a878bf7bd0, getTitle {}]
Mar 05, 2013 12:59:08 PM org.openqa.selenium.remote.RemoteWebDriver log
INFO: Executed: [cc1c5240d600d151d3f9d5a878bf7bd0, getTitle {}]
Mar 05, 2013 12:59:08 PM org.openqa.selenium.remote.RemoteWebDriver log
INFO: Executing: get [cc1c5240d600d151d3f9d5a878bf7bd0, get {"url":"http://lwo1-dhp-f35258.synapse.com:6432/common/alerts.html"}]
Mar 05, 2013 12:59:08 PM org.openqa.selenium.remote.RemoteWebDriver log
INFO: Executed: [cc1c5240d600d151d3f9d5a878bf7bd0, get {"url":"http://lwo1-dhp-f35258.synapse.com:6432/common/alerts.html"}]
Mar 05, 2013 12:59:08 PM org.openqa.selenium.remote.RemoteWebDriver log
INFO: Executing: switchToFrame [cc1c5240d600d151d3f9d5a878bf7bd0, switchToFrame {"id":"iframeWithIframe"}]
Mar 05, 2013 12:59:08 PM org.openqa.selenium.remote.RemoteWebDriver log
INFO: Executed: [cc1c5240d600d151d3f9d5a878bf7bd0, switchToFrame {"id":"iframeWithIframe"}]
Mar 05, 2013 12:59:08 PM org.openqa.selenium.remote.RemoteWebDriver log
INFO: Executing: switchToFrame [cc1c5240d600d151d3f9d5a878bf7bd0, switchToFrame {"id":"iframeWithAlert"}]
Mar 05, 2013 12:59:08 PM org.openqa.selenium.remote.RemoteWebDriver log
INFO: Executed: [cc1c5240d600d151d3f9d5a878bf7bd0, switchToFrame {"id":"iframeWithAlert"}]
Mar 05, 2013 12:59:08 PM org.openqa.selenium.remote.RemoteWebDriver log
INFO: Executing: findElement [cc1c5240d600d151d3f9d5a878bf7bd0, findElement {"using":"id","value":"alertInFrame"}]
Mar 05, 2013 12:59:08 PM org.openqa.selenium.remote.RemoteWebDriver log
INFO: Executed: [cc1c5240d600d151d3f9d5a878bf7bd0, findElement {"using":"id","value":"alertInFrame"}]
Mar 05, 2013 12:59:08 PM org.openqa.selenium.remote.RemoteWebDriver log
INFO: Executing: clickElement [cc1c5240d600d151d3f9d5a878bf7bd0, clickElement {"id":":wdc:1362481148258"}]
Mar 05, 2013 12:59:08 PM org.openqa.selenium.remote.RemoteWebDriver log
INFO: Executed: [cc1c5240d600d151d3f9d5a878bf7bd0, clickElement {"id":":wdc:1362481148258"}]
Mar 05, 2013 12:59:08 PM org.openqa.selenium.remote.RemoteWebDriver log
INFO: Executing: getAlertText [cc1c5240d600d151d3f9d5a878bf7bd0, getAlertText {}]
Mar 05, 2013 12:59:08 PM org.openqa.selenium.remote.RemoteWebDriver log
INFO: Executed: [cc1c5240d600d151d3f9d5a878bf7bd0, getAlertText {}]
Mar 05, 2013 12:59:08 PM org.openqa.selenium.remote.RemoteWebDriver log
INFO: Executing: acceptAlert [cc1c5240d600d151d3f9d5a878bf7bd0, acceptAlert {}]
Mar 05, 2013 12:59:08 PM org.openqa.selenium.remote.RemoteWebDriver log
INFO: Executed: [cc1c5240d600d151d3f9d5a878bf7bd0, acceptAlert {}]
Mar 05, 2013 12:59:08 PM org.openqa.selenium.remote.RemoteWebDriver log
INFO: Executing: getTitle [cc1c5240d600d151d3f9d5a878bf7bd0, getTitle {}]
Mar 05, 2013 12:59:08 PM org.openqa.selenium.remote.RemoteWebDriver log
INFO: Executed: [cc1c5240d600d151d3f9d5a878bf7bd0, getTitle {}]
Mar 05, 2013 12:59:08 PM org.openqa.selenium.remote.RemoteWebDriver log
INFO: Executing: get [cc1c5240d600d151d3f9d5a878bf7bd0, get {"url":"http://lwo1-dhp-f35258.synapse.com:6432/common/alerts.html"}]
Mar 05, 2013 12:59:08 PM org.openqa.selenium.remote.RemoteWebDriver log
INFO: Executed: [cc1c5240d600d151d3f9d5a878bf7bd0, get {"url":"http://lwo1-dhp-f35258.synapse.com:6432/common/alerts.html"}]
Mar 05, 2013 12:59:08 PM org.openqa.selenium.remote.RemoteWebDriver log
INFO: Executing: getAlertText [cc1c5240d600d151d3f9d5a878bf7bd0, getAlertText {}]
Mar 05, 2013 12:59:08 PM org.openqa.selenium.remote.RemoteWebDriver log
INFO: Executed: [cc1c5240d600d151d3f9d5a878bf7bd0, getAlertText {}]
Mar 05, 2013 12:59:08 PM org.openqa.selenium.remote.RemoteWebDriver log
INFO: Executing: get [cc1c5240d600d151d3f9d5a878bf7bd0, get {"url":"http://lwo1-dhp-f35258.synapse.com:6432/common/alerts.html"}]
Mar 05, 2013 12:59:08 PM org.openqa.selenium.remote.RemoteWebDriver log
INFO: Executed: [cc1c5240d600d151d3f9d5a878bf7bd0, get {"url":"http://lwo1-dhp-f35258.synapse.com:6432/common/alerts.html"}]
Mar 05, 2013 12:59:08 PM org.openqa.selenium.remote.RemoteWebDriver log
INFO: Executing: findElement [cc1c5240d600d151d3f9d5a878bf7bd0, findElement {"using":"id","value":"prompt-with-default"}]
Mar 05, 2013 12:59:08 PM org.openqa.selenium.remote.RemoteWebDriver log
INFO: Executed: [cc1c5240d600d151d3f9d5a878bf7bd0, findElement {"using":"id","value":"prompt-with-default"}]
Mar 05, 2013 12:59:08 PM org.openqa.selenium.remote.RemoteWebDriver log
INFO: Executing: clickElement [cc1c5240d600d151d3f9d5a878bf7bd0, clickElement {"id":":wdc:1362481148816"}]
Mar 05, 2013 12:59:08 PM org.openqa.selenium.remote.RemoteWebDriver log
INFO: Executed: [cc1c5240d600d151d3f9d5a878bf7bd0, clickElement {"id":":wdc:1362481148816"}]
Mar 05, 2013 12:59:08 PM org.openqa.selenium.remote.RemoteWebDriver log
INFO: Executing: getAlertText [cc1c5240d600d151d3f9d5a878bf7bd0, getAlertText {}]
Mar 05, 2013 12:59:08 PM org.openqa.selenium.remote.RemoteWebDriver log
INFO: Executed: [cc1c5240d600d151d3f9d5a878bf7bd0, getAlertText {}]
Mar 05, 2013 12:59:08 PM org.openqa.selenium.remote.RemoteWebDriver log
INFO: Executing: acceptAlert [cc1c5240d600d151d3f9d5a878bf7bd0, acceptAlert {}]
Mar 05, 2013 12:59:08 PM org.openqa.selenium.remote.RemoteWebDriver log
INFO: Executed: [cc1c5240d600d151d3f9d5a878bf7bd0, acceptAlert {}]
Mar 05, 2013 12:59:08 PM org.openqa.selenium.remote.RemoteWebDriver log
INFO: Executing: findElement [cc1c5240d600d151d3f9d5a878bf7bd0, findElement {"using":"id","value":"text"}]
Mar 05, 2013 12:59:08 PM org.openqa.selenium.remote.RemoteWebDriver log
INFO: Executed: [cc1c5240d600d151d3f9d5a878bf7bd0, findElement {"using":"id","value":"text"}]
Mar 05, 2013 12:59:08 PM org.openqa.selenium.remote.RemoteWebDriver log
INFO: Executing: getElementText [cc1c5240d600d151d3f9d5a878bf7bd0, getElementText {"id":":wdc:1362481148817"}]
Mar 05, 2013 12:59:09 PM org.openqa.selenium.remote.RemoteWebDriver log
INFO: Executed: [cc1c5240d600d151d3f9d5a878bf7bd0, getElementText {"id":":wdc:1362481148817"}]
Mar 05, 2013 12:59:09 PM org.openqa.selenium.remote.RemoteWebDriver log
INFO: Executing: get [cc1c5240d600d151d3f9d5a878bf7bd0, get {"url":"http://lwo1-dhp-f35258.synapse.com:6432/common/alerts.html"}]
Mar 05, 2013 12:59:09 PM org.openqa.selenium.remote.RemoteWebDriver log
INFO: Executed: [cc1c5240d600d151d3f9d5a878bf7bd0, get {"url":"http://lwo1-dhp-f35258.synapse.com:6432/common/alerts.html"}]
Mar 05, 2013 12:59:09 PM org.openqa.selenium.remote.RemoteWebDriver log
INFO: Executing: findElement [cc1c5240d600d151d3f9d5a878bf7bd0, findElement {"using":"id","value":"prompt-with-default"}]
Mar 05, 2013 12:59:09 PM org.openqa.selenium.remote.RemoteWebDriver log
INFO: Executed: [cc1c5240d600d151d3f9d5a878bf7bd0, findElement {"using":"id","value":"prompt-with-default"}]
Mar 05, 2013 12:59:09 PM org.openqa.selenium.remote.RemoteWebDriver log
INFO: Executing: clickElement [cc1c5240d600d151d3f9d5a878bf7bd0, clickElement {"id":":wdc:1362481149146"}]
Mar 05, 2013 12:59:09 PM org.openqa.selenium.remote.RemoteWebDriver log
INFO: Executed: [cc1c5240d600d151d3f9d5a878bf7bd0, clickElement {"id":":wdc:1362481149146"}]
Mar 05, 2013 12:59:09 PM org.openqa.selenium.remote.RemoteWebDriver log
INFO: Executing: getAlertText [cc1c5240d600d151d3f9d5a878bf7bd0, getAlertText {}]
Mar 05, 2013 12:59:09 PM org.openqa.selenium.remote.RemoteWebDriver log
INFO: Executed: [cc1c5240d600d151d3f9d5a878bf7bd0, getAlertText {}]
Mar 05, 2013 12:59:09 PM org.openqa.selenium.remote.RemoteWebDriver log
INFO: Executing: dismissAlert [cc1c5240d600d151d3f9d5a878bf7bd0, dismissAlert {}]
Mar 05, 2013 12:59:09 PM org.openqa.selenium.remote.RemoteWebDriver log
INFO: Executed: [cc1c5240d600d151d3f9d5a878bf7bd0, dismissAlert {}]
Mar 05, 2013 12:59:09 PM org.openqa.selenium.remote.RemoteWebDriver log
INFO: Executing: findElement [cc1c5240d600d151d3f9d5a878bf7bd0, findElement {"using":"id","value":"text"}]
Mar 05, 2013 12:59:09 PM org.openqa.selenium.remote.RemoteWebDriver log
INFO: Executed: [cc1c5240d600d151d3f9d5a878bf7bd0, findElement {"using":"id","value":"text"}]
Mar 05, 2013 12:59:09 PM org.openqa.selenium.remote.RemoteWebDriver log
INFO: Executing: getElementText [cc1c5240d600d151d3f9d5a878bf7bd0, getElementText {"id":":wdc:1362481149147"}]
Mar 05, 2013 12:59:09 PM org.openqa.selenium.remote.RemoteWebDriver log
INFO: Executed: [cc1c5240d600d151d3f9d5a878bf7bd0, getElementText {"id":":wdc:1362481149147"}]
Mar 05, 2013 12:59:09 PM org.openqa.selenium.remote.RemoteWebDriver log
INFO: Executing: get [cc1c5240d600d151d3f9d5a878bf7bd0, get {"url":"http://lwo1-dhp-f35258.synapse.com:6432/common/alerts.html"}]
Mar 05, 2013 12:59:09 PM org.openqa.selenium.remote.RemoteWebDriver log
INFO: Executed: [cc1c5240d600d151d3f9d5a878bf7bd0, get {"url":"http://lwo1-dhp-f35258.synapse.com:6432/common/alerts.html"}]
Mar 05, 2013 12:59:09 PM org.openqa.selenium.remote.RemoteWebDriver log
INFO: Executing: findElement [cc1c5240d600d151d3f9d5a878bf7bd0, findElement {"using":"id","value":"double-prompt"}]
Mar 05, 2013 12:59:09 PM org.openqa.selenium.remote.RemoteWebDriver log
INFO: Executed: [cc1c5240d600d151d3f9d5a878bf7bd0, findElement {"using":"id","value":"double-prompt"}]
Mar 05, 2013 12:59:09 PM org.openqa.selenium.remote.RemoteWebDriver log
INFO: Executing: clickElement [cc1c5240d600d151d3f9d5a878bf7bd0, clickElement {"id":":wdc:1362481149459"}]
Mar 05, 2013 12:59:09 PM org.openqa.selenium.remote.RemoteWebDriver log
INFO: Executed: [cc1c5240d600d151d3f9d5a878bf7bd0, clickElement {"id":":wdc:1362481149459"}]
Mar 05, 2013 12:59:09 PM org.openqa.selenium.remote.RemoteWebDriver log
INFO: Executing: getAlertText [cc1c5240d600d151d3f9d5a878bf7bd0, getAlertText {}]
Mar 05, 2013 12:59:09 PM org.openqa.selenium.remote.RemoteWebDriver log
INFO: Executed: [cc1c5240d600d151d3f9d5a878bf7bd0, getAlertText {}]
Mar 05, 2013 12:59:09 PM org.openqa.selenium.remote.RemoteWebDriver log
INFO: Executing: setAlertValue [cc1c5240d600d151d3f9d5a878bf7bd0, setAlertValue {"text":"brie"}]
Mar 05, 2013 12:59:09 PM org.openqa.selenium.remote.RemoteWebDriver log
INFO: Executed: [cc1c5240d600d151d3f9d5a878bf7bd0, setAlertValue {"text":"brie"}]
Mar 05, 2013 12:59:09 PM org.openqa.selenium.remote.RemoteWebDriver log
INFO: Executing: acceptAlert [cc1c5240d600d151d3f9d5a878bf7bd0, acceptAlert {}]
Mar 05, 2013 12:59:09 PM org.openqa.selenium.remote.RemoteWebDriver log
INFO: Executed: [cc1c5240d600d151d3f9d5a878bf7bd0, acceptAlert {}]
Mar 05, 2013 12:59:09 PM org.openqa.selenium.remote.RemoteWebDriver log
INFO: Executing: getAlertText [cc1c5240d600d151d3f9d5a878bf7bd0, getAlertText {}]
Mar 05, 2013 12:59:09 PM org.openqa.selenium.remote.RemoteWebDriver log
INFO: Executed: [cc1c5240d600d151d3f9d5a878bf7bd0, getAlertText {}]
Mar 05, 2013 12:59:09 PM org.openqa.selenium.remote.RemoteWebDriver log
INFO: Executing: setAlertValue [cc1c5240d600d151d3f9d5a878bf7bd0, setAlertValue {"text":"cheddar"}]
Mar 05, 2013 12:59:09 PM org.openqa.selenium.remote.RemoteWebDriver log
INFO: Executed: [cc1c5240d600d151d3f9d5a878bf7bd0, setAlertValue {"text":"cheddar"}]
Mar 05, 2013 12:59:09 PM org.openqa.selenium.remote.RemoteWebDriver log
INFO: Executing: acceptAlert [cc1c5240d600d151d3f9d5a878bf7bd0, acceptAlert {}]
Mar 05, 2013 12:59:09 PM org.openqa.selenium.remote.RemoteWebDriver log
INFO: Executed: [cc1c5240d600d151d3f9d5a878bf7bd0, acceptAlert {}]
Mar 05, 2013 12:59:09 PM org.openqa.selenium.remote.RemoteWebDriver log
INFO: Executing: findElement [cc1c5240d600d151d3f9d5a878bf7bd0, findElement {"using":"id","value":"text1"}]
Mar 05, 2013 12:59:09 PM org.openqa.selenium.remote.RemoteWebDriver log
INFO: Executed: [cc1c5240d600d151d3f9d5a878bf7bd0, findElement {"using":"id","value":"text1"}]
Mar 05, 2013 12:59:09 PM org.openqa.selenium.remote.RemoteWebDriver log
INFO: Executing: getElementText [cc1c5240d600d151d3f9d5a878bf7bd0, getElementText {"id":":wdc:1362481149460"}]
Mar 05, 2013 12:59:09 PM org.openqa.selenium.remote.RemoteWebDriver log
INFO: Executed: [cc1c5240d600d151d3f9d5a878bf7bd0, getElementText {"id":":wdc:1362481149460"}]
Mar 05, 2013 12:59:09 PM org.openqa.selenium.remote.RemoteWebDriver log
INFO: Executing: findElement [cc1c5240d600d151d3f9d5a878bf7bd0, findElement {"using":"id","value":"text2"}]
Mar 05, 2013 12:59:09 PM org.openqa.selenium.remote.RemoteWebDriver log
INFO: Executed: [cc1c5240d600d151d3f9d5a878bf7bd0, findElement {"using":"id","value":"text2"}]
Mar 05, 2013 12:59:09 PM org.openqa.selenium.remote.RemoteWebDriver log
INFO: Executing: getElementText [cc1c5240d600d151d3f9d5a878bf7bd0, getElementText {"id":":wdc:1362481149461"}]
Mar 05, 2013 12:59:09 PM org.openqa.selenium.remote.RemoteWebDriver log
INFO: Executed: [cc1c5240d600d151d3f9d5a878bf7bd0, getElementText {"id":":wdc:1362481149461"}]
Mar 05, 2013 12:59:09 PM org.openqa.selenium.remote.RemoteWebDriver log
INFO: Executing: get [cc1c5240d600d151d3f9d5a878bf7bd0, get {"url":"http://lwo1-dhp-f35258.synapse.com:6432/common/alerts.html"}]
Mar 05, 2013 12:59:09 PM org.openqa.selenium.remote.RemoteWebDriver log
INFO: Executed: [cc1c5240d600d151d3f9d5a878bf7bd0, get {"url":"http://lwo1-dhp-f35258.synapse.com:6432/common/alerts.html"}]
Mar 05, 2013 12:59:09 PM org.openqa.selenium.remote.RemoteWebDriver log
INFO: Executing: findElement [cc1c5240d600d151d3f9d5a878bf7bd0, findElement {"using":"id","value":"open-page-with-onload-alert"}]
Mar 05, 2013 12:59:09 PM org.openqa.selenium.remote.RemoteWebDriver log
INFO: Executed: [cc1c5240d600d151d3f9d5a878bf7bd0, findElement {"using":"id","value":"open-page-with-onload-alert"}]
Mar 05, 2013 12:59:09 PM org.openqa.selenium.remote.RemoteWebDriver log
INFO: Executing: clickElement [cc1c5240d600d151d3f9d5a878bf7bd0, clickElement {"id":":wdc:1362481149944"}]
Mar 05, 2013 12:59:10 PM org.openqa.selenium.remote.RemoteWebDriver log
INFO: Executed: [cc1c5240d600d151d3f9d5a878bf7bd0, clickElement {"id":":wdc:1362481149944"}]
Mar 05, 2013 12:59:10 PM org.openqa.selenium.remote.RemoteWebDriver log
INFO: Executing: getAlertText [cc1c5240d600d151d3f9d5a878bf7bd0, getAlertText {}]
Mar 05, 2013 12:59:10 PM org.openqa.selenium.remote.RemoteWebDriver log
INFO: Executed: [cc1c5240d600d151d3f9d5a878bf7bd0, getAlertText {}]
Mar 05, 2013 12:59:10 PM org.openqa.selenium.remote.RemoteWebDriver log
INFO: Executing: acceptAlert [cc1c5240d600d151d3f9d5a878bf7bd0, acceptAlert {}]
Mar 05, 2013 12:59:10 PM org.openqa.selenium.remote.RemoteWebDriver log
INFO: Executed: [cc1c5240d600d151d3f9d5a878bf7bd0, acceptAlert {}]
Mar 05, 2013 12:59:10 PM org.openqa.selenium.remote.RemoteWebDriver log
INFO: Executing: findElement [cc1c5240d600d151d3f9d5a878bf7bd0, findElement {"using":"tag name","value":"p"}]
Mar 05, 2013 12:59:10 PM org.openqa.selenium.remote.RemoteWebDriver log
INFO: Executed: [cc1c5240d600d151d3f9d5a878bf7bd0, findElement {"using":"tag name","value":"p"}]
Mar 05, 2013 12:59:10 PM org.openqa.selenium.remote.RemoteWebDriver log
INFO: Executing: getElementText [cc1c5240d600d151d3f9d5a878bf7bd0, getElementText {"id":":wdc:1362481150097"}]
Mar 05, 2013 12:59:10 PM org.openqa.selenium.remote.RemoteWebDriver log
INFO: Executed: [cc1c5240d600d151d3f9d5a878bf7bd0, getElementText {"id":":wdc:1362481150097"}]
Mar 05, 2013 12:59:10 PM org.openqa.selenium.remote.RemoteWebDriver log
INFO: Executing: get [cc1c5240d600d151d3f9d5a878bf7bd0, get {"url":"http://lwo1-dhp-f35258.synapse.com:6432/common/alerts.html"}]
Mar 05, 2013 12:59:10 PM org.openqa.selenium.remote.RemoteWebDriver log
INFO: Executed: [cc1c5240d600d151d3f9d5a878bf7bd0, get {"url":"http://lwo1-dhp-f35258.synapse.com:6432/common/alerts.html"}]
Mar 05, 2013 12:59:10 PM org.openqa.selenium.remote.RemoteWebDriver log
INFO: Executing: findElement [cc1c5240d600d151d3f9d5a878bf7bd0, findElement {"using":"id","value":"empty-alert"}]
Mar 05, 2013 12:59:10 PM org.openqa.selenium.remote.RemoteWebDriver log
INFO: Executed: [cc1c5240d600d151d3f9d5a878bf7bd0, findElement {"using":"id","value":"empty-alert"}]
Mar 05, 2013 12:59:10 PM org.openqa.selenium.remote.RemoteWebDriver log
INFO: Executing: clickElement [cc1c5240d600d151d3f9d5a878bf7bd0, clickElement {"id":":wdc:1362481150257"}]
Mar 05, 2013 12:59:10 PM org.openqa.selenium.remote.RemoteWebDriver log
INFO: Executed: [cc1c5240d600d151d3f9d5a878bf7bd0, clickElement {"id":":wdc:1362481150257"}]
Mar 05, 2013 12:59:10 PM org.openqa.selenium.remote.RemoteWebDriver log
INFO: Executing: getAlertText [cc1c5240d600d151d3f9d5a878bf7bd0, getAlertText {}]
Mar 05, 2013 12:59:10 PM org.openqa.selenium.remote.RemoteWebDriver log
INFO: Executed: [cc1c5240d600d151d3f9d5a878bf7bd0, getAlertText {}]
Mar 05, 2013 12:59:10 PM org.openqa.selenium.remote.RemoteWebDriver log
INFO: Executing: acceptAlert [cc1c5240d600d151d3f9d5a878bf7bd0, acceptAlert {}]
Mar 05, 2013 12:59:10 PM org.openqa.selenium.remote.RemoteWebDriver log
INFO: Executed: [cc1c5240d600d151d3f9d5a878bf7bd0, acceptAlert {}]
Mar 05, 2013 12:59:10 PM org.openqa.selenium.remote.RemoteWebDriver log
INFO: Executing: getTitle [cc1c5240d600d151d3f9d5a878bf7bd0, getTitle {}]
Mar 05, 2013 12:59:10 PM org.openqa.selenium.remote.RemoteWebDriver log
INFO: Executed: [cc1c5240d600d151d3f9d5a878bf7bd0, getTitle {}]
Mar 05, 2013 12:59:10 PM org.openqa.selenium.remote.RemoteWebDriver log
INFO: Executing: get [cc1c5240d600d151d3f9d5a878bf7bd0, get {"url":"http://lwo1-dhp-f35258.synapse.com:6432/common/alerts.html"}]
Mar 05, 2013 12:59:10 PM org.openqa.selenium.remote.RemoteWebDriver log
INFO: Executed: [cc1c5240d600d151d3f9d5a878bf7bd0, get {"url":"http://lwo1-dhp-f35258.synapse.com:6432/common/alerts.html"}]
Mar 05, 2013 12:59:10 PM org.openqa.selenium.remote.RemoteWebDriver log
INFO: Executing: findElement [cc1c5240d600d151d3f9d5a878bf7bd0, findElement {"using":"id","value":"alert"}]
Mar 05, 2013 12:59:10 PM org.openqa.selenium.remote.RemoteWebDriver log
INFO: Executed: [cc1c5240d600d151d3f9d5a878bf7bd0, findElement {"using":"id","value":"alert"}]
Mar 05, 2013 12:59:10 PM org.openqa.selenium.remote.RemoteWebDriver log
INFO: Executing: clickElement [cc1c5240d600d151d3f9d5a878bf7bd0, clickElement {"id":":wdc:1362481150435"}]
Mar 05, 2013 12:59:10 PM org.openqa.selenium.remote.RemoteWebDriver log
INFO: Executed: [cc1c5240d600d151d3f9d5a878bf7bd0, clickElement {"id":":wdc:1362481150435"}]
Mar 05, 2013 12:59:10 PM org.openqa.selenium.remote.RemoteWebDriver log
INFO: Executing: getAlertText [cc1c5240d600d151d3f9d5a878bf7bd0, getAlertText {}]
Mar 05, 2013 12:59:10 PM org.openqa.selenium.remote.RemoteWebDriver log
INFO: Executed: [cc1c5240d600d151d3f9d5a878bf7bd0, getAlertText {}]
Mar 05, 2013 12:59:10 PM org.openqa.selenium.remote.RemoteWebDriver log
INFO: Executing: dismissAlert [cc1c5240d600d151d3f9d5a878bf7bd0, dismissAlert {}]
Mar 05, 2013 12:59:10 PM org.openqa.selenium.remote.RemoteWebDriver log
INFO: Executed: [cc1c5240d600d151d3f9d5a878bf7bd0, dismissAlert {}]
Mar 05, 2013 12:59:10 PM org.openqa.selenium.remote.RemoteWebDriver log
INFO: Executing: getTitle [cc1c5240d600d151d3f9d5a878bf7bd0, getTitle {}]
Mar 05, 2013 12:59:10 PM org.openqa.selenium.remote.RemoteWebDriver log
INFO: Executed: [cc1c5240d600d151d3f9d5a878bf7bd0, getTitle {}]
Mar 05, 2013 12:59:10 PM org.openqa.selenium.remote.RemoteWebDriver log
INFO: Executing: get [cc1c5240d600d151d3f9d5a878bf7bd0, get {"url":"http://lwo1-dhp-f35258.synapse.com:6432/common/underscore.html"}]
Mar 05, 2013 12:59:10 PM org.openqa.selenium.remote.RemoteWebDriver log
INFO: Executed: [cc1c5240d600d151d3f9d5a878bf7bd0, get {"url":"http://lwo1-dhp-f35258.synapse.com:6432/common/underscore.html"}]
Mar 05, 2013 12:59:10 PM org.openqa.selenium.remote.RemoteWebDriver log
INFO: Executing: findElement [cc1c5240d600d151d3f9d5a878bf7bd0, findElement {"using":"tag name","value":"body"}]
Mar 05, 2013 12:59:10 PM org.openqa.selenium.remote.RemoteWebDriver log
INFO: Executed: [cc1c5240d600d151d3f9d5a878bf7bd0, findElement {"using":"tag name","value":"body"}]
Mar 05, 2013 12:59:10 PM org.openqa.selenium.remote.RemoteWebDriver log
INFO: Executing: executeScript [cc1c5240d600d151d3f9d5a878bf7bd0, executeScript {"script":"return _.join('');","args":[]}]
Mar 05, 2013 12:59:10 PM org.openqa.selenium.remote.RemoteWebDriver log
INFO: Executed: [cc1c5240d600d151d3f9d5a878bf7bd0, executeScript {"script":"return _.join('');","args":[]}]
Mar 05, 2013 12:59:10 PM org.openqa.selenium.remote.RemoteWebDriver log
INFO: Executing: get [cc1c5240d600d151d3f9d5a878bf7bd0, get {"url":"http://lwo1-dhp-f35258.synapse.com:6432/common/nestedElements.html"}]
Mar 05, 2013 12:59:10 PM org.openqa.selenium.remote.RemoteWebDriver log
INFO: Executed: [cc1c5240d600d151d3f9d5a878bf7bd0, get {"url":"http://lwo1-dhp-f35258.synapse.com:6432/common/nestedElements.html"}]
Mar 05, 2013 12:59:10 PM org.openqa.selenium.remote.RemoteWebDriver log
INFO: Executing: findElement [cc1c5240d600d151d3f9d5a878bf7bd0, findElement {"using":"name","value":"form2"}]
Mar 05, 2013 12:59:10 PM org.openqa.selenium.remote.RemoteWebDriver log
INFO: Executed: [cc1c5240d600d151d3f9d5a878bf7bd0, findElement {"using":"name","value":"form2"}]
Mar 05, 2013 12:59:10 PM org.openqa.selenium.remote.RemoteWebDriver log
INFO: Executing: findChildElement [cc1c5240d600d151d3f9d5a878bf7bd0, findChildElement {"id":":wdc:1362481150682","using":"xpath","value":"select"}]
Mar 05, 2013 12:59:10 PM org.openqa.selenium.remote.RemoteWebDriver log
INFO: Executed: [cc1c5240d600d151d3f9d5a878bf7bd0, findChildElement {"id":":wdc:1362481150682","using":"xpath","value":"select"}]
Mar 05, 2013 12:59:10 PM org.openqa.selenium.remote.RemoteWebDriver log
INFO: Executing: getElementAttribute [cc1c5240d600d151d3f9d5a878bf7bd0, getElementAttribute {"id":":wdc:1362481150683","name":"id"}]
Mar 05, 2013 12:59:10 PM org.openqa.selenium.remote.RemoteWebDriver log
INFO: Executed: [cc1c5240d600d151d3f9d5a878bf7bd0, getElementAttribute {"id":":wdc:1362481150683","name":"id"}]
Mar 05, 2013 12:59:10 PM org.openqa.selenium.remote.RemoteWebDriver log
INFO: Executing: get [cc1c5240d600d151d3f9d5a878bf7bd0, get {"url":"http://lwo1-dhp-f35258.synapse.com:6432/common/simpleTest.html"}]
Mar 05, 2013 12:59:10 PM org.openqa.selenium.remote.RemoteWebDriver log
INFO: Executed: [cc1c5240d600d151d3f9d5a878bf7bd0, get {"url":"http://lwo1-dhp-f35258.synapse.com:6432/common/simpleTest.html"}]
Mar 05, 2013 12:59:10 PM org.openqa.selenium.remote.RemoteWebDriver log
INFO: Executing: findElement [cc1c5240d600d151d3f9d5a878bf7bd0, findElement {"using":"id","value":"multiline"}]
Mar 05, 2013 12:59:10 PM org.openqa.selenium.remote.RemoteWebDriver log
INFO: Executed: [cc1c5240d600d151d3f9d5a878bf7bd0, findElement {"using":"id","value":"multiline"}]
Mar 05, 2013 12:59:10 PM org.openqa.selenium.remote.RemoteWebDriver log
INFO: Executing: findElements [cc1c5240d600d151d3f9d5a878bf7bd0, findElements {"using":"xpath","value":"//p"}]
Mar 05, 2013 12:59:10 PM org.openqa.selenium.remote.RemoteWebDriver log
INFO: Executed: [cc1c5240d600d151d3f9d5a878bf7bd0, findElements {"using":"xpath","value":"//p"}]
Mar 05, 2013 12:59:10 PM org.openqa.selenium.remote.RemoteWebDriver log
INFO: Executing: findChildElements [cc1c5240d600d151d3f9d5a878bf7bd0, findChildElements {"id":":wdc:1362481150874","using":"xpath","value":"//p"}]
Mar 05, 2013 12:59:10 PM org.openqa.selenium.remote.RemoteWebDriver log
INFO: Executed: [cc1c5240d600d151d3f9d5a878bf7bd0, findChildElements {"id":":wdc:1362481150874","using":"xpath","value":"//p"}]
Mar 05, 2013 12:59:10 PM org.openqa.selenium.remote.RemoteWebDriver log
INFO: Executing: get [cc1c5240d600d151d3f9d5a878bf7bd0, get {"url":"http://lwo1-dhp-f35258.synapse.com:6432/common/simpleTest.html"}]
Mar 05, 2013 12:59:11 PM org.openqa.selenium.remote.RemoteWebDriver log
INFO: Executed: [cc1c5240d600d151d3f9d5a878bf7bd0, get {"url":"http://lwo1-dhp-f35258.synapse.com:6432/common/simpleTest.html"}]
Mar 05, 2013 12:59:11 PM org.openqa.selenium.remote.RemoteWebDriver log
INFO: Executing: findElement [cc1c5240d600d151d3f9d5a878bf7bd0, findElement {"using":"id","value":"multiline"}]
Mar 05, 2013 12:59:11 PM org.openqa.selenium.remote.RemoteWebDriver log
INFO: Executed: [cc1c5240d600d151d3f9d5a878bf7bd0, findElement {"using":"id","value":"multiline"}]
Mar 05, 2013 12:59:11 PM org.openqa.selenium.remote.RemoteWebDriver log
INFO: Executing: findChildElements [cc1c5240d600d151d3f9d5a878bf7bd0, findChildElements {"id":":wdc:1362481151047","using":"xpath","value":"./p"}]
Mar 05, 2013 12:59:11 PM org.openqa.selenium.remote.RemoteWebDriver log
INFO: Executed: [cc1c5240d600d151d3f9d5a878bf7bd0, findChildElements {"id":":wdc:1362481151047","using":"xpath","value":"./p"}]
Mar 05, 2013 12:59:11 PM org.openqa.selenium.remote.RemoteWebDriver log
INFO: Executing: getElementText [cc1c5240d600d151d3f9d5a878bf7bd0, getElementText {"id":":wdc:1362481151048"}]
Mar 05, 2013 12:59:11 PM org.openqa.selenium.remote.RemoteWebDriver log
INFO: Executed: [cc1c5240d600d151d3f9d5a878bf7bd0, getElementText {"id":":wdc:1362481151048"}]
Mar 05, 2013 12:59:11 PM org.openqa.selenium.remote.RemoteWebDriver log
INFO: Executing: get [cc1c5240d600d151d3f9d5a878bf7bd0, get {"url":"http://lwo1-dhp-f35258.synapse.com:6432/common/nestedElements.html"}]
Mar 05, 2013 12:59:11 PM org.openqa.selenium.remote.RemoteWebDriver log
INFO: Executed: [cc1c5240d600d151d3f9d5a878bf7bd0, get {"url":"http://lwo1-dhp-f35258.synapse.com:6432/common/nestedElements.html"}]
Mar 05, 2013 12:59:11 PM org.openqa.selenium.remote.RemoteWebDriver log
INFO: Executing: findElement [cc1c5240d600d151d3f9d5a878bf7bd0, findElement {"using":"name","value":"form2"}]
Mar 05, 2013 12:59:11 PM org.openqa.selenium.remote.RemoteWebDriver log
INFO: Executed: [cc1c5240d600d151d3f9d5a878bf7bd0, findElement {"using":"name","value":"form2"}]
Mar 05, 2013 12:59:11 PM org.openqa.selenium.remote.RemoteWebDriver log
INFO: Executing: findChildElement [cc1c5240d600d151d3f9d5a878bf7bd0, findChildElement {"id":":wdc:1362481151263","using":"xpath","value":".//select/x"}]
Mar 05, 2013 12:59:11 PM org.openqa.selenium.remote.RemoteWebDriver log
INFO: Executed: [cc1c5240d600d151d3f9d5a878bf7bd0, findChildElement {"id":":wdc:1362481151263","using":"xpath","value":".//select/x"}]
Mar 05, 2013 12:59:11 PM org.openqa.selenium.remote.RemoteWebDriver log
INFO: Executing: get [cc1c5240d600d151d3f9d5a878bf7bd0, get {"url":"http://lwo1-dhp-f35258.synapse.com:6432/common/nestedElements.html"}]
Mar 05, 2013 12:59:11 PM org.openqa.selenium.remote.RemoteWebDriver log
INFO: Executed: [cc1c5240d600d151d3f9d5a878bf7bd0, get {"url":"http://lwo1-dhp-f35258.synapse.com:6432/common/nestedElements.html"}]
Mar 05, 2013 12:59:11 PM org.openqa.selenium.remote.RemoteWebDriver log
INFO: Executing: findElement [cc1c5240d600d151d3f9d5a878bf7bd0, findElement {"using":"name","value":"form2"}]
Mar 05, 2013 12:59:11 PM org.openqa.selenium.remote.RemoteWebDriver log
INFO: Executed: [cc1c5240d600d151d3f9d5a878bf7bd0, findElement {"using":"name","value":"form2"}]
Mar 05, 2013 12:59:11 PM org.openqa.selenium.remote.RemoteWebDriver log
INFO: Executing: findChildElements [cc1c5240d600d151d3f9d5a878bf7bd0, findChildElements {"id":":wdc:1362481151359","using":"xpath","value":"select/option"}]
Mar 05, 2013 12:59:11 PM org.openqa.selenium.remote.RemoteWebDriver log
INFO: Executed: [cc1c5240d600d151d3f9d5a878bf7bd0, findChildElements {"id":":wdc:1362481151359","using":"xpath","value":"select/option"}]
Mar 05, 2013 12:59:11 PM org.openqa.selenium.remote.RemoteWebDriver log
INFO: Executing: getElementText [cc1c5240d600d151d3f9d5a878bf7bd0, getElementText {"id":":wdc:1362481151360"}]
Mar 05, 2013 12:59:11 PM org.openqa.selenium.remote.RemoteWebDriver log
INFO: Executed: [cc1c5240d600d151d3f9d5a878bf7bd0, getElementText {"id":":wdc:1362481151360"}]
Mar 05, 2013 12:59:11 PM org.openqa.selenium.remote.RemoteWebDriver log
INFO: Executing: getElementText [cc1c5240d600d151d3f9d5a878bf7bd0, getElementText {"id":":wdc:1362481151361"}]
Mar 05, 2013 12:59:11 PM org.openqa.selenium.remote.RemoteWebDriver log
INFO: Executed: [cc1c5240d600d151d3f9d5a878bf7bd0, getElementText {"id":":wdc:1362481151361"}]
Mar 05, 2013 12:59:11 PM org.openqa.selenium.remote.RemoteWebDriver log
INFO: Executing: get [cc1c5240d600d151d3f9d5a878bf7bd0, get {"url":"http://lwo1-dhp-f35258.synapse.com:6432/common/nestedElements.html"}]
Mar 05, 2013 12:59:11 PM org.openqa.selenium.remote.RemoteWebDriver log
INFO: Executed: [cc1c5240d600d151d3f9d5a878bf7bd0, get {"url":"http://lwo1-dhp-f35258.synapse.com:6432/common/nestedElements.html"}]
Mar 05, 2013 12:59:11 PM org.openqa.selenium.remote.RemoteWebDriver log
INFO: Executing: findElement [cc1c5240d600d151d3f9d5a878bf7bd0, findElement {"using":"name","value":"form2"}]
Mar 05, 2013 12:59:11 PM org.openqa.selenium.remote.RemoteWebDriver log
INFO: Executed: [cc1c5240d600d151d3f9d5a878bf7bd0, findElement {"using":"name","value":"form2"}]
Mar 05, 2013 12:59:11 PM org.openqa.selenium.remote.RemoteWebDriver log
INFO: Executing: findChildElements [cc1c5240d600d151d3f9d5a878bf7bd0, findChildElements {"id":":wdc:1362481151692","using":"xpath","value":".//select/x"}]
Mar 05, 2013 12:59:11 PM org.openqa.selenium.remote.RemoteWebDriver log
INFO: Executed: [cc1c5240d600d151d3f9d5a878bf7bd0, findChildElements {"id":":wdc:1362481151692","using":"xpath","value":".//select/x"}]
Mar 05, 2013 12:59:11 PM org.openqa.selenium.remote.RemoteWebDriver log
INFO: Executing: get [cc1c5240d600d151d3f9d5a878bf7bd0, get {"url":"http://lwo1-dhp-f35258.synapse.com:6432/common/nestedElements.html"}]
Mar 05, 2013 12:59:11 PM org.openqa.selenium.remote.RemoteWebDriver log
INFO: Executed: [cc1c5240d600d151d3f9d5a878bf7bd0, get {"url":"http://lwo1-dhp-f35258.synapse.com:6432/common/nestedElements.html"}]
Mar 05, 2013 12:59:11 PM org.openqa.selenium.remote.RemoteWebDriver log
INFO: Executing: findElement [cc1c5240d600d151d3f9d5a878bf7bd0, findElement {"using":"name","value":"form2"}]
Mar 05, 2013 12:59:11 PM org.openqa.selenium.remote.RemoteWebDriver log
INFO: Executed: [cc1c5240d600d151d3f9d5a878bf7bd0, findElement {"using":"name","value":"form2"}]
Mar 05, 2013 12:59:11 PM org.openqa.selenium.remote.RemoteWebDriver log
INFO: Executing: findChildElement [cc1c5240d600d151d3f9d5a878bf7bd0, findChildElement {"id":":wdc:1362481151785","using":"name","value":"selectomatic"}]
Mar 05, 2013 12:59:11 PM org.openqa.selenium.remote.RemoteWebDriver log
INFO: Executed: [cc1c5240d600d151d3f9d5a878bf7bd0, findChildElement {"id":":wdc:1362481151785","using":"name","value":"selectomatic"}]
Mar 05, 2013 12:59:11 PM org.openqa.selenium.remote.RemoteWebDriver log
INFO: Executing: getElementAttribute [cc1c5240d600d151d3f9d5a878bf7bd0, getElementAttribute {"id":":wdc:1362481151786","name":"id"}]
Mar 05, 2013 12:59:11 PM org.openqa.selenium.remote.RemoteWebDriver log
INFO: Executed: [cc1c5240d600d151d3f9d5a878bf7bd0, getElementAttribute {"id":":wdc:1362481151786","name":"id"}]
Mar 05, 2013 12:59:11 PM org.openqa.selenium.remote.RemoteWebDriver log
INFO: Executing: get [cc1c5240d600d151d3f9d5a878bf7bd0, get {"url":"http://lwo1-dhp-f35258.synapse.com:6432/common/nestedElements.html"}]
Mar 05, 2013 12:59:11 PM org.openqa.selenium.remote.RemoteWebDriver log
INFO: Executed: [cc1c5240d600d151d3f9d5a878bf7bd0, get {"url":"http://lwo1-dhp-f35258.synapse.com:6432/common/nestedElements.html"}]
Mar 05, 2013 12:59:11 PM org.openqa.selenium.remote.RemoteWebDriver log
INFO: Executing: findElement [cc1c5240d600d151d3f9d5a878bf7bd0, findElement {"using":"name","value":"form2"}]
Mar 05, 2013 12:59:12 PM org.openqa.selenium.remote.RemoteWebDriver log
INFO: Executed: [cc1c5240d600d151d3f9d5a878bf7bd0, findElement {"using":"name","value":"form2"}]
Mar 05, 2013 12:59:12 PM org.openqa.selenium.remote.RemoteWebDriver log
INFO: Executing: findChildElements [cc1c5240d600d151d3f9d5a878bf7bd0, findChildElements {"id":":wdc:1362481152005","using":"name","value":"selectomatic"}]
Mar 05, 2013 12:59:12 PM org.openqa.selenium.remote.RemoteWebDriver log
INFO: Executed: [cc1c5240d600d151d3f9d5a878bf7bd0, findChildElements {"id":":wdc:1362481152005","using":"name","value":"selectomatic"}]
Mar 05, 2013 12:59:12 PM org.openqa.selenium.remote.RemoteWebDriver log
INFO: Executing: get [cc1c5240d600d151d3f9d5a878bf7bd0, get {"url":"http://lwo1-dhp-f35258.synapse.com:6432/common/nestedElements.html"}]
Mar 05, 2013 12:59:12 PM org.openqa.selenium.remote.RemoteWebDriver log
INFO: Executed: [cc1c5240d600d151d3f9d5a878bf7bd0, get {"url":"http://lwo1-dhp-f35258.synapse.com:6432/common/nestedElements.html"}]
Mar 05, 2013 12:59:12 PM org.openqa.selenium.remote.RemoteWebDriver log
INFO: Executing: findElement [cc1c5240d600d151d3f9d5a878bf7bd0, findElement {"using":"name","value":"form2"}]
Mar 05, 2013 12:59:12 PM org.openqa.selenium.remote.RemoteWebDriver log
INFO: Executed: [cc1c5240d600d151d3f9d5a878bf7bd0, findElement {"using":"name","value":"form2"}]
Mar 05, 2013 12:59:12 PM org.openqa.selenium.remote.RemoteWebDriver log
INFO: Executing: findChildElement [cc1c5240d600d151d3f9d5a878bf7bd0, findChildElement {"id":":wdc:1362481152096","using":"id","value":"2"}]
Mar 05, 2013 12:59:12 PM org.openqa.selenium.remote.RemoteWebDriver log
INFO: Executed: [cc1c5240d600d151d3f9d5a878bf7bd0, findChildElement {"id":":wdc:1362481152096","using":"id","value":"2"}]
Mar 05, 2013 12:59:12 PM org.openqa.selenium.remote.RemoteWebDriver log
INFO: Executing: getElementAttribute [cc1c5240d600d151d3f9d5a878bf7bd0, getElementAttribute {"id":":wdc:1362481152097","name":"name"}]
Mar 05, 2013 12:59:12 PM org.openqa.selenium.remote.RemoteWebDriver log
INFO: Executed: [cc1c5240d600d151d3f9d5a878bf7bd0, getElementAttribute {"id":":wdc:1362481152097","name":"name"}]
Mar 05, 2013 12:59:12 PM org.openqa.selenium.remote.RemoteWebDriver log
INFO: Executing: get [cc1c5240d600d151d3f9d5a878bf7bd0, get {"url":"http://lwo1-dhp-f35258.synapse.com:6432/common/nestedElements.html"}]
Mar 05, 2013 12:59:12 PM org.openqa.selenium.remote.RemoteWebDriver log
INFO: Executed: [cc1c5240d600d151d3f9d5a878bf7bd0, get {"url":"http://lwo1-dhp-f35258.synapse.com:6432/common/nestedElements.html"}]
Mar 05, 2013 12:59:12 PM org.openqa.selenium.remote.RemoteWebDriver log
INFO: Executing: findElement [cc1c5240d600d151d3f9d5a878bf7bd0, findElement {"using":"id","value":"test_id_div"}]
Mar 05, 2013 12:59:12 PM org.openqa.selenium.remote.RemoteWebDriver log
INFO: Executed: [cc1c5240d600d151d3f9d5a878bf7bd0, findElement {"using":"id","value":"test_id_div"}]
Mar 05, 2013 12:59:12 PM org.openqa.selenium.remote.RemoteWebDriver log
INFO: Executing: findChildElement [cc1c5240d600d151d3f9d5a878bf7bd0, findChildElement {"id":":wdc:1362481152335","using":"id","value":"test_id"}]
Mar 05, 2013 12:59:12 PM org.openqa.selenium.remote.RemoteWebDriver log
INFO: Executed: [cc1c5240d600d151d3f9d5a878bf7bd0, findChildElement {"id":":wdc:1362481152335","using":"id","value":"test_id"}]
Mar 05, 2013 12:59:12 PM org.openqa.selenium.remote.RemoteWebDriver log
INFO: Executing: getElementText [cc1c5240d600d151d3f9d5a878bf7bd0, getElementText {"id":":wdc:1362481152336"}]
Mar 05, 2013 12:59:12 PM org.openqa.selenium.remote.RemoteWebDriver log
INFO: Executed: [cc1c5240d600d151d3f9d5a878bf7bd0, getElementText {"id":":wdc:1362481152336"}]
Mar 05, 2013 12:59:12 PM org.openqa.selenium.remote.RemoteWebDriver log
INFO: Executing: get [cc1c5240d600d151d3f9d5a878bf7bd0, get {"url":"http://lwo1-dhp-f35258.synapse.com:6432/common/nestedElements.html"}]
Mar 05, 2013 12:59:12 PM org.openqa.selenium.remote.RemoteWebDriver log
INFO: Executed: [cc1c5240d600d151d3f9d5a878bf7bd0, get {"url":"http://lwo1-dhp-f35258.synapse.com:6432/common/nestedElements.html"}]
Mar 05, 2013 12:59:12 PM org.openqa.selenium.remote.RemoteWebDriver log
INFO: Executing: findElement [cc1c5240d600d151d3f9d5a878bf7bd0, findElement {"using":"id","value":"test_id_div"}]
Mar 05, 2013 12:59:12 PM org.openqa.selenium.remote.RemoteWebDriver log
INFO: Executed: [cc1c5240d600d151d3f9d5a878bf7bd0, findElement {"using":"id","value":"test_id_div"}]
Mar 05, 2013 12:59:12 PM org.openqa.selenium.remote.RemoteWebDriver log
INFO: Executing: findChildElement [cc1c5240d600d151d3f9d5a878bf7bd0, findChildElement {"id":":wdc:1362481152550","using":"id","value":"test_id_out"}]
Mar 05, 2013 12:59:12 PM org.openqa.selenium.remote.RemoteWebDriver log
INFO: Executed: [cc1c5240d600d151d3f9d5a878bf7bd0, findChildElement {"id":":wdc:1362481152550","using":"id","value":"test_id_out"}]
Mar 05, 2013 12:59:12 PM org.openqa.selenium.remote.RemoteWebDriver log
INFO: Executing: get [cc1c5240d600d151d3f9d5a878bf7bd0, get {"url":"http://lwo1-dhp-f35258.synapse.com:6432/common/nestedElements.html"}]
Mar 05, 2013 12:59:12 PM org.openqa.selenium.remote.RemoteWebDriver log
INFO: Executed: [cc1c5240d600d151d3f9d5a878bf7bd0, get {"url":"http://lwo1-dhp-f35258.synapse.com:6432/common/nestedElements.html"}]
Mar 05, 2013 12:59:12 PM org.openqa.selenium.remote.RemoteWebDriver log
INFO: Executing: findElement [cc1c5240d600d151d3f9d5a878bf7bd0, findElement {"using":"name","value":"form2"}]
Mar 05, 2013 12:59:12 PM org.openqa.selenium.remote.RemoteWebDriver log
INFO: Executed: [cc1c5240d600d151d3f9d5a878bf7bd0, findElement {"using":"name","value":"form2"}]
Mar 05, 2013 12:59:12 PM org.openqa.selenium.remote.RemoteWebDriver log
INFO: Executing: findChildElements [cc1c5240d600d151d3f9d5a878bf7bd0, findChildElements {"id":":wdc:1362481152643","using":"id","value":"2"}]
Mar 05, 2013 12:59:12 PM org.openqa.selenium.remote.RemoteWebDriver log
INFO: Executed: [cc1c5240d600d151d3f9d5a878bf7bd0, findChildElements {"id":":wdc:1362481152643","using":"id","value":"2"}]
Mar 05, 2013 12:59:12 PM org.openqa.selenium.remote.RemoteWebDriver log
INFO: Executing: get [cc1c5240d600d151d3f9d5a878bf7bd0, get {"url":"http://lwo1-dhp-f35258.synapse.com:6432/common/nestedElements.html"}]
Mar 05, 2013 12:59:12 PM org.openqa.selenium.remote.RemoteWebDriver log
INFO: Executed: [cc1c5240d600d151d3f9d5a878bf7bd0, get {"url":"http://lwo1-dhp-f35258.synapse.com:6432/common/nestedElements.html"}]
Mar 05, 2013 12:59:12 PM org.openqa.selenium.remote.RemoteWebDriver log
INFO: Executing: findElement [cc1c5240d600d151d3f9d5a878bf7bd0, findElement {"using":"name","value":"div1"}]
Mar 05, 2013 12:59:12 PM org.openqa.selenium.remote.RemoteWebDriver log
INFO: Executed: [cc1c5240d600d151d3f9d5a878bf7bd0, findElement {"using":"name","value":"div1"}]
Mar 05, 2013 12:59:12 PM org.openqa.selenium.remote.RemoteWebDriver log
INFO: Executing: findChildElement [cc1c5240d600d151d3f9d5a878bf7bd0, findChildElement {"id":":wdc:1362481152741","using":"link text","value":"hello world"}]
Mar 05, 2013 12:59:12 PM org.openqa.selenium.remote.RemoteWebDriver log
INFO: Executed: [cc1c5240d600d151d3f9d5a878bf7bd0, findChildElement {"id":":wdc:1362481152741","using":"link text","value":"hello world"}]
Mar 05, 2013 12:59:12 PM org.openqa.selenium.remote.RemoteWebDriver log
INFO: Executing: getElementAttribute [cc1c5240d600d151d3f9d5a878bf7bd0, getElementAttribute {"id":":wdc:1362481152742","name":"name"}]
Mar 05, 2013 12:59:12 PM org.openqa.selenium.remote.RemoteWebDriver log
INFO: Executed: [cc1c5240d600d151d3f9d5a878bf7bd0, getElementAttribute {"id":":wdc:1362481152742","name":"name"}]
Mar 05, 2013 12:59:12 PM org.openqa.selenium.remote.RemoteWebDriver log
INFO: Executing: get [cc1c5240d600d151d3f9d5a878bf7bd0, get {"url":"http://lwo1-dhp-f35258.synapse.com:6432/common/nestedElements.html"}]
Mar 05, 2013 12:59:12 PM org.openqa.selenium.remote.RemoteWebDriver log
INFO: Executed: [cc1c5240d600d151d3f9d5a878bf7bd0, get {"url":"http://lwo1-dhp-f35258.synapse.com:6432/common/nestedElements.html"}]
Mar 05, 2013 12:59:12 PM org.openqa.selenium.remote.RemoteWebDriver log
INFO: Executing: findElement [cc1c5240d600d151d3f9d5a878bf7bd0, findElement {"using":"name","value":"div1"}]
Mar 05, 2013 12:59:12 PM org.openqa.selenium.remote.RemoteWebDriver log
INFO: Executed: [cc1c5240d600d151d3f9d5a878bf7bd0, findElement {"using":"name","value":"div1"}]
Mar 05, 2013 12:59:12 PM org.openqa.selenium.remote.RemoteWebDriver log
INFO: Executing: findChildElements [cc1c5240d600d151d3f9d5a878bf7bd0, findChildElements {"id":":wdc:1362481152979","using":"link text","value":"hello world"}]
Mar 05, 2013 12:59:13 PM org.openqa.selenium.remote.RemoteWebDriver log
INFO: Executed: [cc1c5240d600d151d3f9d5a878bf7bd0, findChildElements {"id":":wdc:1362481152979","using":"link text","value":"hello world"}]
Mar 05, 2013 12:59:13 PM org.openqa.selenium.remote.RemoteWebDriver log
INFO: Executing: getElementAttribute [cc1c5240d600d151d3f9d5a878bf7bd0, getElementAttribute {"id":":wdc:1362481152980","name":"name"}]
Mar 05, 2013 12:59:13 PM org.openqa.selenium.remote.RemoteWebDriver log
INFO: Executed: [cc1c5240d600d151d3f9d5a878bf7bd0, getElementAttribute {"id":":wdc:1362481152980","name":"name"}]
Mar 05, 2013 12:59:13 PM org.openqa.selenium.remote.RemoteWebDriver log
INFO: Executing: getElementAttribute [cc1c5240d600d151d3f9d5a878bf7bd0, getElementAttribute {"id":":wdc:1362481152981","name":"name"}]
Mar 05, 2013 12:59:13 PM org.openqa.selenium.remote.RemoteWebDriver log
INFO: Executed: [cc1c5240d600d151d3f9d5a878bf7bd0, getElementAttribute {"id":":wdc:1362481152981","name":"name"}]
Mar 05, 2013 12:59:13 PM org.openqa.selenium.remote.RemoteWebDriver log
INFO: Executing: get [cc1c5240d600d151d3f9d5a878bf7bd0, get {"url":"http://lwo1-dhp-f35258.synapse.com:6432/common/nestedElements.html"}]
Mar 05, 2013 12:59:13 PM org.openqa.selenium.remote.RemoteWebDriver log
INFO: Executed: [cc1c5240d600d151d3f9d5a878bf7bd0, get {"url":"http://lwo1-dhp-f35258.synapse.com:6432/common/nestedElements.html"}]
Mar 05, 2013 12:59:13 PM org.openqa.selenium.remote.RemoteWebDriver log
INFO: Executing: findElement [cc1c5240d600d151d3f9d5a878bf7bd0, findElement {"using":"name","value":"div1"}]
Mar 05, 2013 12:59:13 PM org.openqa.selenium.remote.RemoteWebDriver log
INFO: Executed: [cc1c5240d600d151d3f9d5a878bf7bd0, findElement {"using":"name","value":"div1"}]
Mar 05, 2013 12:59:13 PM org.openqa.selenium.remote.RemoteWebDriver log
INFO: Executing: findChildElements [cc1c5240d600d151d3f9d5a878bf7bd0, findChildElements {"id":":wdc:1362481153292","using":"link text","value":"hello world"}]
Mar 05, 2013 12:59:13 PM org.openqa.selenium.remote.RemoteWebDriver log
INFO: Executed: [cc1c5240d600d151d3f9d5a878bf7bd0, findChildElements {"id":":wdc:1362481153292","using":"link text","value":"hello world"}]
Mar 05, 2013 12:59:13 PM org.openqa.selenium.remote.RemoteWebDriver log
INFO: Executing: get [cc1c5240d600d151d3f9d5a878bf7bd0, get {"url":"http://lwo1-dhp-f35258.synapse.com:6432/common/nestedElements.html"}]
Mar 05, 2013 12:59:13 PM org.openqa.selenium.remote.RemoteWebDriver log
INFO: Executed: [cc1c5240d600d151d3f9d5a878bf7bd0, get {"url":"http://lwo1-dhp-f35258.synapse.com:6432/common/nestedElements.html"}]
Mar 05, 2013 12:59:13 PM org.openqa.selenium.remote.RemoteWebDriver log
INFO: Executing: findElement [cc1c5240d600d151d3f9d5a878bf7bd0, findElement {"using":"name","value":"classes"}]
Mar 05, 2013 12:59:13 PM org.openqa.selenium.remote.RemoteWebDriver log
INFO: Executed: [cc1c5240d600d151d3f9d5a878bf7bd0, findElement {"using":"name","value":"classes"}]
Mar 05, 2013 12:59:13 PM org.openqa.selenium.remote.RemoteWebDriver log
INFO: Executing: findChildElement [cc1c5240d600d151d3f9d5a878bf7bd0, findChildElement {"id":":wdc:1362481153384","using":"class name","value":"one"}]
Mar 05, 2013 12:59:13 PM org.openqa.selenium.remote.RemoteWebDriver log
INFO: Executed: [cc1c5240d600d151d3f9d5a878bf7bd0, findChildElement {"id":":wdc:1362481153384","using":"class name","value":"one"}]
Mar 05, 2013 12:59:13 PM org.openqa.selenium.remote.RemoteWebDriver log
INFO: Executing: getElementText [cc1c5240d600d151d3f9d5a878bf7bd0, getElementText {"id":":wdc:1362481153385"}]
Mar 05, 2013 12:59:13 PM org.openqa.selenium.remote.RemoteWebDriver log
INFO: Executed: [cc1c5240d600d151d3f9d5a878bf7bd0, getElementText {"id":":wdc:1362481153385"}]
Mar 05, 2013 12:59:13 PM org.openqa.selenium.remote.RemoteWebDriver log
INFO: Executing: get [cc1c5240d600d151d3f9d5a878bf7bd0, get {"url":"http://lwo1-dhp-f35258.synapse.com:6432/common/nestedElements.html"}]
Mar 05, 2013 12:59:13 PM org.openqa.selenium.remote.RemoteWebDriver log
INFO: Executed: [cc1c5240d600d151d3f9d5a878bf7bd0, get {"url":"http://lwo1-dhp-f35258.synapse.com:6432/common/nestedElements.html"}]
Mar 05, 2013 12:59:13 PM org.openqa.selenium.remote.RemoteWebDriver log
INFO: Executing: findElement [cc1c5240d600d151d3f9d5a878bf7bd0, findElement {"using":"name","value":"classes"}]
Mar 05, 2013 12:59:13 PM org.openqa.selenium.remote.RemoteWebDriver log
INFO: Executed: [cc1c5240d600d151d3f9d5a878bf7bd0, findElement {"using":"name","value":"classes"}]
Mar 05, 2013 12:59:13 PM org.openqa.selenium.remote.RemoteWebDriver log
INFO: Executing: findChildElements [cc1c5240d600d151d3f9d5a878bf7bd0, findChildElements {"id":":wdc:1362481153598","using":"class name","value":"one"}]
Mar 05, 2013 12:59:13 PM org.openqa.selenium.remote.RemoteWebDriver log
INFO: Executed: [cc1c5240d600d151d3f9d5a878bf7bd0, findChildElements {"id":":wdc:1362481153598","using":"class name","value":"one"}]
Mar 05, 2013 12:59:13 PM org.openqa.selenium.remote.RemoteWebDriver log
INFO: Executing: get [cc1c5240d600d151d3f9d5a878bf7bd0, get {"url":"http://lwo1-dhp-f35258.synapse.com:6432/common/nestedElements.html"}]
Mar 05, 2013 12:59:13 PM org.openqa.selenium.remote.RemoteWebDriver log
INFO: Executed: [cc1c5240d600d151d3f9d5a878bf7bd0, get {"url":"http://lwo1-dhp-f35258.synapse.com:6432/common/nestedElements.html"}]
Mar 05, 2013 12:59:13 PM org.openqa.selenium.remote.RemoteWebDriver log
INFO: Executing: findElement [cc1c5240d600d151d3f9d5a878bf7bd0, findElement {"using":"name","value":"div1"}]
Mar 05, 2013 12:59:13 PM org.openqa.selenium.remote.RemoteWebDriver log
INFO: Executed: [cc1c5240d600d151d3f9d5a878bf7bd0, findElement {"using":"name","value":"div1"}]
Mar 05, 2013 12:59:13 PM org.openqa.selenium.remote.RemoteWebDriver log
INFO: Executing: findChildElement [cc1c5240d600d151d3f9d5a878bf7bd0, findChildElement {"id":":wdc:1362481153721","using":"tag name","value":"a"}]
Mar 05, 2013 12:59:13 PM org.openqa.selenium.remote.RemoteWebDriver log
INFO: Executed: [cc1c5240d600d151d3f9d5a878bf7bd0, findChildElement {"id":":wdc:1362481153721","using":"tag name","value":"a"}]
Mar 05, 2013 12:59:13 PM org.openqa.selenium.remote.RemoteWebDriver log
INFO: Executing: getElementAttribute [cc1c5240d600d151d3f9d5a878bf7bd0, getElementAttribute {"id":":wdc:1362481153722","name":"name"}]
Mar 05, 2013 12:59:13 PM org.openqa.selenium.remote.RemoteWebDriver log
INFO: Executed: [cc1c5240d600d151d3f9d5a878bf7bd0, getElementAttribute {"id":":wdc:1362481153722","name":"name"}]
Mar 05, 2013 12:59:13 PM org.openqa.selenium.remote.RemoteWebDriver log
INFO: Executing: get [cc1c5240d600d151d3f9d5a878bf7bd0, get {"url":"http://lwo1-dhp-f35258.synapse.com:6432/common/nestedElements.html"}]
Mar 05, 2013 12:59:13 PM org.openqa.selenium.remote.RemoteWebDriver log
INFO: Executed: [cc1c5240d600d151d3f9d5a878bf7bd0, get {"url":"http://lwo1-dhp-f35258.synapse.com:6432/common/nestedElements.html"}]
Mar 05, 2013 12:59:13 PM org.openqa.selenium.remote.RemoteWebDriver log
INFO: Executing: findElement [cc1c5240d600d151d3f9d5a878bf7bd0, findElement {"using":"name","value":"div1"}]
Mar 05, 2013 12:59:13 PM org.openqa.selenium.remote.RemoteWebDriver log
INFO: Executed: [cc1c5240d600d151d3f9d5a878bf7bd0, findElement {"using":"name","value":"div1"}]
Mar 05, 2013 12:59:13 PM org.openqa.selenium.remote.RemoteWebDriver log
INFO: Executing: findChildElements [cc1c5240d600d151d3f9d5a878bf7bd0, findChildElements {"id":":wdc:1362481153931","using":"tag name","value":"a"}]
Mar 05, 2013 12:59:13 PM org.openqa.selenium.remote.RemoteWebDriver log
INFO: Executed: [cc1c5240d600d151d3f9d5a878bf7bd0, findChildElements {"id":":wdc:1362481153931","using":"tag name","value":"a"}]
Mar 05, 2013 12:59:13 PM org.openqa.selenium.remote.RemoteWebDriver log
INFO: Executing: get [cc1c5240d600d151d3f9d5a878bf7bd0, get {"url":"http://lwo1-dhp-f35258.synapse.com:6432/common/nestedElements.html"}]
Mar 05, 2013 12:59:14 PM org.openqa.selenium.remote.RemoteWebDriver log
INFO: Executed: [cc1c5240d600d151d3f9d5a878bf7bd0, get {"url":"http://lwo1-dhp-f35258.synapse.com:6432/common/nestedElements.html"}]
Mar 05, 2013 12:59:14 PM org.openqa.selenium.remote.RemoteWebDriver log
INFO: Executing: findElement [cc1c5240d600d151d3f9d5a878bf7bd0, findElement {"using":"name","value":"form2"}]
Mar 05, 2013 12:59:14 PM org.openqa.selenium.remote.RemoteWebDriver log
INFO: Executed: [cc1c5240d600d151d3f9d5a878bf7bd0, findElement {"using":"name","value":"form2"}]
Mar 05, 2013 12:59:14 PM org.openqa.selenium.remote.RemoteWebDriver log
INFO: Executing: findChildElement [cc1c5240d600d151d3f9d5a878bf7bd0, findChildElement {"id":":wdc:1362481154028","using":"css selector","value":"*[name=\"selectomatic\"]"}]
Mar 05, 2013 12:59:14 PM org.openqa.selenium.remote.RemoteWebDriver log
INFO: Executed: [cc1c5240d600d151d3f9d5a878bf7bd0, findChildElement {"id":":wdc:1362481154028","using":"css selector","value":"*[name=\"selectomatic\"]"}]
Mar 05, 2013 12:59:14 PM org.openqa.selenium.remote.RemoteWebDriver log
INFO: Executing: getElementAttribute [cc1c5240d600d151d3f9d5a878bf7bd0, getElementAttribute {"id":":wdc:1362481154029","name":"id"}]
Mar 05, 2013 12:59:14 PM org.openqa.selenium.remote.RemoteWebDriver log
INFO: Executed: [cc1c5240d600d151d3f9d5a878bf7bd0, getElementAttribute {"id":":wdc:1362481154029","name":"id"}]
Mar 05, 2013 12:59:14 PM org.openqa.selenium.remote.RemoteWebDriver log
INFO: Executing: get [cc1c5240d600d151d3f9d5a878bf7bd0, get {"url":"http://lwo1-dhp-f35258.synapse.com:6432/common/nestedElements.html"}]
Mar 05, 2013 12:59:14 PM org.openqa.selenium.remote.RemoteWebDriver log
INFO: Executed: [cc1c5240d600d151d3f9d5a878bf7bd0, get {"url":"http://lwo1-dhp-f35258.synapse.com:6432/common/nestedElements.html"}]
Mar 05, 2013 12:59:14 PM org.openqa.selenium.remote.RemoteWebDriver log
INFO: Executing: findElement [cc1c5240d600d151d3f9d5a878bf7bd0, findElement {"using":"name","value":"form2"}]
Mar 05, 2013 12:59:14 PM org.openqa.selenium.remote.RemoteWebDriver log
INFO: Executed: [cc1c5240d600d151d3f9d5a878bf7bd0, findElement {"using":"name","value":"form2"}]
Mar 05, 2013 12:59:14 PM org.openqa.selenium.remote.RemoteWebDriver log
INFO: Executing: findChildElements [cc1c5240d600d151d3f9d5a878bf7bd0, findChildElements {"id":":wdc:1362481154265","using":"css selector","value":"*[name=\"selectomatic\"]"}]
Mar 05, 2013 12:59:14 PM org.openqa.selenium.remote.RemoteWebDriver log
INFO: Executed: [cc1c5240d600d151d3f9d5a878bf7bd0, findChildElements {"id":":wdc:1362481154265","using":"css selector","value":"*[name=\"selectomatic\"]"}]
Mar 05, 2013 12:59:14 PM org.openqa.selenium.remote.RemoteWebDriver log
INFO: Executing: get [cc1c5240d600d151d3f9d5a878bf7bd0, get {"url":"http://lwo1-dhp-f35258.synapse.com:6432/common/macbeth.html"}]
Mar 05, 2013 12:59:14 PM org.openqa.selenium.remote.RemoteWebDriver log
INFO: Executed: [cc1c5240d600d151d3f9d5a878bf7bd0, get {"url":"http://lwo1-dhp-f35258.synapse.com:6432/common/macbeth.html"}]
Mar 05, 2013 12:59:14 PM org.openqa.selenium.remote.RemoteWebDriver log
INFO: Executing: findElement [cc1c5240d600d151d3f9d5a878bf7bd0, findElement {"using":"partial link text","value":"last speech"}]
Mar 05, 2013 12:59:14 PM org.openqa.selenium.remote.RemoteWebDriver log
INFO: Executed: [cc1c5240d600d151d3f9d5a878bf7bd0, findElement {"using":"partial link text","value":"last speech"}]
Mar 05, 2013 12:59:14 PM org.openqa.selenium.remote.RemoteWebDriver log
INFO: Executing: clickElement [cc1c5240d600d151d3f9d5a878bf7bd0, clickElement {"id":":wdc:1362481154444"}]
Mar 05, 2013 12:59:14 PM org.openqa.selenium.remote.RemoteWebDriver log
INFO: Executed: [cc1c5240d600d151d3f9d5a878bf7bd0, clickElement {"id":":wdc:1362481154444"}]
Mar 05, 2013 12:59:14 PM org.openqa.selenium.remote.RemoteWebDriver log
INFO: Executing: executeScript [cc1c5240d600d151d3f9d5a878bf7bd0, executeScript {"script":"var pageY;if (typeof(window.pageYOffset) == 'number') {  pageY = window.pageYOffset;} else {  pageY = document.documentElement.scrollTop;}return pageY;","args":[]}]
Mar 05, 2013 12:59:14 PM org.openqa.selenium.remote.RemoteWebDriver log
INFO: Executed: [cc1c5240d600d151d3f9d5a878bf7bd0, executeScript {"script":"var pageY;if (typeof(window.pageYOffset) == 'number') {  pageY = window.pageYOffset;} else {  pageY = document.documentElement.scrollTop;}return pageY;","args":[]}]
Mar 05, 2013 12:59:14 PM org.openqa.selenium.remote.RemoteWebDriver log
INFO: Executing: get [cc1c5240d600d151d3f9d5a878bf7bd0, get {"url":"http://lwo1-dhp-f35258.synapse.com:6432/common/click_out_of_bounds_overflow.html"}]
Mar 05, 2013 12:59:14 PM org.openqa.selenium.remote.RemoteWebDriver log
INFO: Executed: [cc1c5240d600d151d3f9d5a878bf7bd0, get {"url":"http://lwo1-dhp-f35258.synapse.com:6432/common/click_out_of_bounds_overflow.html"}]
Mar 05, 2013 12:59:14 PM org.openqa.selenium.remote.RemoteWebDriver log
INFO: Executing: findElement [cc1c5240d600d151d3f9d5a878bf7bd0, findElement {"using":"id","value":"link"}]
Mar 05, 2013 12:59:14 PM org.openqa.selenium.remote.RemoteWebDriver log
INFO: Executed: [cc1c5240d600d151d3f9d5a878bf7bd0, findElement {"using":"id","value":"link"}]
Mar 05, 2013 12:59:14 PM org.openqa.selenium.remote.RemoteWebDriver log
INFO: Executing: clickElement [cc1c5240d600d151d3f9d5a878bf7bd0, clickElement {"id":":wdc:1362481154517"}]
Mar 05, 2013 12:59:14 PM org.openqa.selenium.remote.RemoteWebDriver log
INFO: Executed: [cc1c5240d600d151d3f9d5a878bf7bd0, clickElement {"id":":wdc:1362481154517"}]
Mar 05, 2013 12:59:14 PM org.openqa.selenium.remote.RemoteWebDriver log
INFO: Executing: get [cc1c5240d600d151d3f9d5a878bf7bd0, get {"url":"http://lwo1-dhp-f35258.synapse.com:6432/common/scroll4.html"}]
Mar 05, 2013 12:59:14 PM org.openqa.selenium.remote.RemoteWebDriver log
INFO: Executed: [cc1c5240d600d151d3f9d5a878bf7bd0, get {"url":"http://lwo1-dhp-f35258.synapse.com:6432/common/scroll4.html"}]
Mar 05, 2013 12:59:14 PM org.openqa.selenium.remote.RemoteWebDriver log
INFO: Executing: findElement [cc1c5240d600d151d3f9d5a878bf7bd0, findElement {"using":"id","value":"radio"}]
Mar 05, 2013 12:59:14 PM org.openqa.selenium.remote.RemoteWebDriver log
INFO: Executed: [cc1c5240d600d151d3f9d5a878bf7bd0, findElement {"using":"id","value":"radio"}]
Mar 05, 2013 12:59:14 PM org.openqa.selenium.remote.RemoteWebDriver log
INFO: Executing: clickElement [cc1c5240d600d151d3f9d5a878bf7bd0, clickElement {"id":":wdc:1362481154695"}]
Mar 05, 2013 12:59:14 PM org.openqa.selenium.remote.RemoteWebDriver log
INFO: Executed: [cc1c5240d600d151d3f9d5a878bf7bd0, clickElement {"id":":wdc:1362481154695"}]
Mar 05, 2013 12:59:14 PM org.openqa.selenium.remote.RemoteWebDriver log
INFO: Executing: get [cc1c5240d600d151d3f9d5a878bf7bd0, get {"url":"http://lwo1-dhp-f35258.synapse.com:6432/common/scroll5.html"}]
Mar 05, 2013 12:59:14 PM org.openqa.selenium.remote.RemoteWebDriver log
INFO: Executed: [cc1c5240d600d151d3f9d5a878bf7bd0, get {"url":"http://lwo1-dhp-f35258.synapse.com:6432/common/scroll5.html"}]
Mar 05, 2013 12:59:14 PM org.openqa.selenium.remote.RemoteWebDriver log
INFO: Executing: findElement [cc1c5240d600d151d3f9d5a878bf7bd0, findElement {"using":"id","value":"inner"}]
Mar 05, 2013 12:59:14 PM org.openqa.selenium.remote.RemoteWebDriver log
INFO: Executed: [cc1c5240d600d151d3f9d5a878bf7bd0, findElement {"using":"id","value":"inner"}]
Mar 05, 2013 12:59:14 PM org.openqa.selenium.remote.RemoteWebDriver log
INFO: Executing: clickElement [cc1c5240d600d151d3f9d5a878bf7bd0, clickElement {"id":":wdc:1362481154847"}]
Mar 05, 2013 12:59:14 PM org.openqa.selenium.remote.RemoteWebDriver log
INFO: Executed: [cc1c5240d600d151d3f9d5a878bf7bd0, clickElement {"id":":wdc:1362481154847"}]
Mar 05, 2013 12:59:14 PM org.openqa.selenium.remote.RemoteWebDriver log
INFO: Executing: findElement [cc1c5240d600d151d3f9d5a878bf7bd0, findElement {"using":"id","value":"clicked"}]
Mar 05, 2013 12:59:14 PM org.openqa.selenium.remote.RemoteWebDriver log
INFO: Executed: [cc1c5240d600d151d3f9d5a878bf7bd0, findElement {"using":"id","value":"clicked"}]
Mar 05, 2013 12:59:14 PM org.openqa.selenium.remote.RemoteWebDriver log
INFO: Executing: getElementText [cc1c5240d600d151d3f9d5a878bf7bd0, getElementText {"id":":wdc:1362481154848"}]
Mar 05, 2013 12:59:15 PM org.openqa.selenium.remote.RemoteWebDriver log
INFO: Executed: [cc1c5240d600d151d3f9d5a878bf7bd0, getElementText {"id":":wdc:1362481154848"}]
Mar 05, 2013 12:59:15 PM org.openqa.selenium.remote.RemoteWebDriver log
INFO: Executing: get [cc1c5240d600d151d3f9d5a878bf7bd0, get {"url":"http://lwo1-dhp-f35258.synapse.com:6432/common/scrolling_tests/page_with_frame_out_of_view.html"}]
Mar 05, 2013 12:59:15 PM org.openqa.selenium.remote.RemoteWebDriver log
INFO: Executed: [cc1c5240d600d151d3f9d5a878bf7bd0, get {"url":"http://lwo1-dhp-f35258.synapse.com:6432/common/scrolling_tests/page_with_frame_out_of_view.html"}]
Mar 05, 2013 12:59:15 PM org.openqa.selenium.remote.RemoteWebDriver log
INFO: Executing: switchToFrame [cc1c5240d600d151d3f9d5a878bf7bd0, switchToFrame {"id":"frame"}]
Mar 05, 2013 12:59:15 PM org.openqa.selenium.remote.RemoteWebDriver log
INFO: Executed: [cc1c5240d600d151d3f9d5a878bf7bd0, switchToFrame {"id":"frame"}]
Mar 05, 2013 12:59:15 PM org.openqa.selenium.remote.RemoteWebDriver log
INFO: Executing: findElement [cc1c5240d600d151d3f9d5a878bf7bd0, findElement {"using":"name","value":"checkbox"}]
Mar 05, 2013 12:59:15 PM org.openqa.selenium.remote.RemoteWebDriver log
INFO: Executed: [cc1c5240d600d151d3f9d5a878bf7bd0, findElement {"using":"name","value":"checkbox"}]
Mar 05, 2013 12:59:15 PM org.openqa.selenium.remote.RemoteWebDriver log
INFO: Executing: clickElement [cc1c5240d600d151d3f9d5a878bf7bd0, clickElement {"id":":wdc:1362481155186"}]
Mar 05, 2013 12:59:15 PM org.openqa.selenium.remote.RemoteWebDriver log
INFO: Executed: [cc1c5240d600d151d3f9d5a878bf7bd0, clickElement {"id":":wdc:1362481155186"}]
Mar 05, 2013 12:59:15 PM org.openqa.selenium.remote.RemoteWebDriver log
INFO: Executing: isElementSelected [cc1c5240d600d151d3f9d5a878bf7bd0, isElementSelected {"id":":wdc:1362481155186"}]
Mar 05, 2013 12:59:15 PM org.openqa.selenium.remote.RemoteWebDriver log
INFO: Executed: [cc1c5240d600d151d3f9d5a878bf7bd0, isElementSelected {"id":":wdc:1362481155186"}]
Mar 05, 2013 12:59:15 PM org.openqa.selenium.remote.RemoteWebDriver log
INFO: Executing: switchToFrame [cc1c5240d600d151d3f9d5a878bf7bd0, switchToFrame {"id":null}]
Mar 05, 2013 12:59:15 PM org.openqa.selenium.remote.RemoteWebDriver log
INFO: Executed: [cc1c5240d600d151d3f9d5a878bf7bd0, switchToFrame {"id":null}]
Mar 05, 2013 12:59:15 PM org.openqa.selenium.remote.RemoteWebDriver log
INFO: Executing: get [cc1c5240d600d151d3f9d5a878bf7bd0, get {"url":"http://lwo1-dhp-f35258.synapse.com:6432/common/scrolling_tests/page_with_scrolling_frame.html"}]
Mar 05, 2013 12:59:15 PM org.openqa.selenium.remote.RemoteWebDriver log
INFO: Executed: [cc1c5240d600d151d3f9d5a878bf7bd0, get {"url":"http://lwo1-dhp-f35258.synapse.com:6432/common/scrolling_tests/page_with_scrolling_frame.html"}]
Mar 05, 2013 12:59:15 PM org.openqa.selenium.remote.RemoteWebDriver log
INFO: Executing: switchToFrame [cc1c5240d600d151d3f9d5a878bf7bd0, switchToFrame {"id":"scrolling_frame"}]
Mar 05, 2013 12:59:15 PM org.openqa.selenium.remote.RemoteWebDriver log
INFO: Executed: [cc1c5240d600d151d3f9d5a878bf7bd0, switchToFrame {"id":"scrolling_frame"}]
Mar 05, 2013 12:59:15 PM org.openqa.selenium.remote.RemoteWebDriver log
INFO: Executing: findElement [cc1c5240d600d151d3f9d5a878bf7bd0, findElement {"using":"name","value":"scroll_checkbox"}]
Mar 05, 2013 12:59:15 PM org.openqa.selenium.remote.RemoteWebDriver log
INFO: Executed: [cc1c5240d600d151d3f9d5a878bf7bd0, findElement {"using":"name","value":"scroll_checkbox"}]
Mar 05, 2013 12:59:15 PM org.openqa.selenium.remote.RemoteWebDriver log
INFO: Executing: clickElement [cc1c5240d600d151d3f9d5a878bf7bd0, clickElement {"id":":wdc:1362481155647"}]
Mar 05, 2013 12:59:15 PM org.openqa.selenium.remote.RemoteWebDriver log
INFO: Executed: [cc1c5240d600d151d3f9d5a878bf7bd0, clickElement {"id":":wdc:1362481155647"}]
Mar 05, 2013 12:59:15 PM org.openqa.selenium.remote.RemoteWebDriver log
INFO: Executing: isElementSelected [cc1c5240d600d151d3f9d5a878bf7bd0, isElementSelected {"id":":wdc:1362481155647"}]
Mar 05, 2013 12:59:16 PM org.openqa.selenium.remote.RemoteWebDriver log
INFO: Executed: [cc1c5240d600d151d3f9d5a878bf7bd0, isElementSelected {"id":":wdc:1362481155647"}]
Mar 05, 2013 12:59:16 PM org.openqa.selenium.remote.RemoteWebDriver log
INFO: Executing: switchToFrame [cc1c5240d600d151d3f9d5a878bf7bd0, switchToFrame {"id":null}]
Mar 05, 2013 12:59:16 PM org.openqa.selenium.remote.RemoteWebDriver log
INFO: Executed: [cc1c5240d600d151d3f9d5a878bf7bd0, switchToFrame {"id":null}]
Mar 05, 2013 12:59:16 PM org.openqa.selenium.remote.RemoteWebDriver log
INFO: Executing: get [cc1c5240d600d151d3f9d5a878bf7bd0, get {"url":"http://lwo1-dhp-f35258.synapse.com:6432/common/scrolling_tests/page_with_scrolling_frame_out_of_view.html"}]
Mar 05, 2013 12:59:16 PM org.openqa.selenium.remote.RemoteWebDriver log
INFO: Executed: [cc1c5240d600d151d3f9d5a878bf7bd0, get {"url":"http://lwo1-dhp-f35258.synapse.com:6432/common/scrolling_tests/page_with_scrolling_frame_out_of_view.html"}]
Mar 05, 2013 12:59:16 PM org.openqa.selenium.remote.RemoteWebDriver log
INFO: Executing: switchToFrame [cc1c5240d600d151d3f9d5a878bf7bd0, switchToFrame {"id":"scrolling_frame"}]
Mar 05, 2013 12:59:16 PM org.openqa.selenium.remote.RemoteWebDriver log
INFO: Executed: [cc1c5240d600d151d3f9d5a878bf7bd0, switchToFrame {"id":"scrolling_frame"}]
Mar 05, 2013 12:59:16 PM org.openqa.selenium.remote.RemoteWebDriver log
INFO: Executing: findElement [cc1c5240d600d151d3f9d5a878bf7bd0, findElement {"using":"name","value":"scroll_checkbox"}]
Mar 05, 2013 12:59:16 PM org.openqa.selenium.remote.RemoteWebDriver log
INFO: Executed: [cc1c5240d600d151d3f9d5a878bf7bd0, findElement {"using":"name","value":"scroll_checkbox"}]
Mar 05, 2013 12:59:16 PM org.openqa.selenium.remote.RemoteWebDriver log
INFO: Executing: clickElement [cc1c5240d600d151d3f9d5a878bf7bd0, clickElement {"id":":wdc:1362481156140"}]
Mar 05, 2013 12:59:16 PM org.openqa.selenium.remote.RemoteWebDriver log
INFO: Executed: [cc1c5240d600d151d3f9d5a878bf7bd0, clickElement {"id":":wdc:1362481156140"}]
Mar 05, 2013 12:59:16 PM org.openqa.selenium.remote.RemoteWebDriver log
INFO: Executing: isElementSelected [cc1c5240d600d151d3f9d5a878bf7bd0, isElementSelected {"id":":wdc:1362481156140"}]
Mar 05, 2013 12:59:16 PM org.openqa.selenium.remote.RemoteWebDriver log
INFO: Executed: [cc1c5240d600d151d3f9d5a878bf7bd0, isElementSelected {"id":":wdc:1362481156140"}]
Mar 05, 2013 12:59:16 PM org.openqa.selenium.remote.RemoteWebDriver log
INFO: Executing: switchToFrame [cc1c5240d600d151d3f9d5a878bf7bd0, switchToFrame {"id":null}]
Mar 05, 2013 12:59:16 PM org.openqa.selenium.remote.RemoteWebDriver log
INFO: Executed: [cc1c5240d600d151d3f9d5a878bf7bd0, switchToFrame {"id":null}]
Mar 05, 2013 12:59:16 PM org.openqa.selenium.remote.RemoteWebDriver log
INFO: Executing: get [cc1c5240d600d151d3f9d5a878bf7bd0, get {"url":"http://lwo1-dhp-f35258.synapse.com:6432/common/scrolling_tests/page_with_nested_scrolling_frames.html"}]
Mar 05, 2013 12:59:16 PM org.openqa.selenium.remote.RemoteWebDriver log
INFO: Executed: [cc1c5240d600d151d3f9d5a878bf7bd0, get {"url":"http://lwo1-dhp-f35258.synapse.com:6432/common/scrolling_tests/page_with_nested_scrolling_frames.html"}]
Mar 05, 2013 12:59:16 PM org.openqa.selenium.remote.RemoteWebDriver log
INFO: Executing: switchToFrame [cc1c5240d600d151d3f9d5a878bf7bd0, switchToFrame {"id":"scrolling_frame"}]
Mar 05, 2013 12:59:16 PM org.openqa.selenium.remote.RemoteWebDriver log
INFO: Executed: [cc1c5240d600d151d3f9d5a878bf7bd0, switchToFrame {"id":"scrolling_frame"}]
Mar 05, 2013 12:59:16 PM org.openqa.selenium.remote.RemoteWebDriver log
INFO: Executing: switchToFrame [cc1c5240d600d151d3f9d5a878bf7bd0, switchToFrame {"id":"nested_scrolling_frame"}]
Mar 05, 2013 12:59:16 PM org.openqa.selenium.remote.RemoteWebDriver log
INFO: Executed: [cc1c5240d600d151d3f9d5a878bf7bd0, switchToFrame {"id":"nested_scrolling_frame"}]
Mar 05, 2013 12:59:16 PM org.openqa.selenium.remote.RemoteWebDriver log
INFO: Executing: findElement [cc1c5240d600d151d3f9d5a878bf7bd0, findElement {"using":"name","value":"scroll_checkbox"}]
Mar 05, 2013 12:59:16 PM org.openqa.selenium.remote.RemoteWebDriver log
INFO: Executed: [cc1c5240d600d151d3f9d5a878bf7bd0, findElement {"using":"name","value":"scroll_checkbox"}]
Mar 05, 2013 12:59:16 PM org.openqa.selenium.remote.RemoteWebDriver log
INFO: Executing: clickElement [cc1c5240d600d151d3f9d5a878bf7bd0, clickElement {"id":":wdc:1362481156629"}]
Mar 05, 2013 12:59:17 PM org.openqa.selenium.remote.RemoteWebDriver log
INFO: Executed: [cc1c5240d600d151d3f9d5a878bf7bd0, clickElement {"id":":wdc:1362481156629"}]
Mar 05, 2013 12:59:17 PM org.openqa.selenium.remote.RemoteWebDriver log
INFO: Executing: isElementSelected [cc1c5240d600d151d3f9d5a878bf7bd0, isElementSelected {"id":":wdc:1362481156629"}]
Mar 05, 2013 12:59:17 PM org.openqa.selenium.remote.RemoteWebDriver log
INFO: Executed: [cc1c5240d600d151d3f9d5a878bf7bd0, isElementSelected {"id":":wdc:1362481156629"}]
Mar 05, 2013 12:59:17 PM org.openqa.selenium.remote.RemoteWebDriver log
INFO: Executing: switchToFrame [cc1c5240d600d151d3f9d5a878bf7bd0, switchToFrame {"id":null}]
Mar 05, 2013 12:59:17 PM org.openqa.selenium.remote.RemoteWebDriver log
INFO: Executed: [cc1c5240d600d151d3f9d5a878bf7bd0, switchToFrame {"id":null}]
Mar 05, 2013 12:59:17 PM org.openqa.selenium.remote.RemoteWebDriver log
INFO: Executing: get [cc1c5240d600d151d3f9d5a878bf7bd0, get {"url":"http://lwo1-dhp-f35258.synapse.com:6432/common/scrolling_tests/page_with_nested_scrolling_frames_out_of_view.html"}]
Mar 05, 2013 12:59:17 PM org.openqa.selenium.remote.RemoteWebDriver log
INFO: Executed: [cc1c5240d600d151d3f9d5a878bf7bd0, get {"url":"http://lwo1-dhp-f35258.synapse.com:6432/common/scrolling_tests/page_with_nested_scrolling_frames_out_of_view.html"}]
Mar 05, 2013 12:59:17 PM org.openqa.selenium.remote.RemoteWebDriver log
INFO: Executing: switchToFrame [cc1c5240d600d151d3f9d5a878bf7bd0, switchToFrame {"id":"scrolling_frame"}]
Mar 05, 2013 12:59:17 PM org.openqa.selenium.remote.RemoteWebDriver log
INFO: Executed: [cc1c5240d600d151d3f9d5a878bf7bd0, switchToFrame {"id":"scrolling_frame"}]
Mar 05, 2013 12:59:17 PM org.openqa.selenium.remote.RemoteWebDriver log
INFO: Executing: switchToFrame [cc1c5240d600d151d3f9d5a878bf7bd0, switchToFrame {"id":"nested_scrolling_frame"}]
Mar 05, 2013 12:59:17 PM org.openqa.selenium.remote.RemoteWebDriver log
INFO: Executed: [cc1c5240d600d151d3f9d5a878bf7bd0, switchToFrame {"id":"nested_scrolling_frame"}]
Mar 05, 2013 12:59:17 PM org.openqa.selenium.remote.RemoteWebDriver log
INFO: Executing: findElement [cc1c5240d600d151d3f9d5a878bf7bd0, findElement {"using":"name","value":"scroll_checkbox"}]
Mar 05, 2013 12:59:17 PM org.openqa.selenium.remote.RemoteWebDriver log
INFO: Executed: [cc1c5240d600d151d3f9d5a878bf7bd0, findElement {"using":"name","value":"scroll_checkbox"}]
Mar 05, 2013 12:59:17 PM org.openqa.selenium.remote.RemoteWebDriver log
INFO: Executing: clickElement [cc1c5240d600d151d3f9d5a878bf7bd0, clickElement {"id":":wdc:1362481157306"}]
Mar 05, 2013 12:59:17 PM org.openqa.selenium.remote.RemoteWebDriver log
INFO: Executed: [cc1c5240d600d151d3f9d5a878bf7bd0, clickElement {"id":":wdc:1362481157306"}]
Mar 05, 2013 12:59:17 PM org.openqa.selenium.remote.RemoteWebDriver log
INFO: Executing: isElementSelected [cc1c5240d600d151d3f9d5a878bf7bd0, isElementSelected {"id":":wdc:1362481157306"}]
Mar 05, 2013 12:59:17 PM org.openqa.selenium.remote.RemoteWebDriver log
INFO: Executed: [cc1c5240d600d151d3f9d5a878bf7bd0, isElementSelected {"id":":wdc:1362481157306"}]
Mar 05, 2013 12:59:17 PM org.openqa.selenium.remote.RemoteWebDriver log
INFO: Executing: switchToFrame [cc1c5240d600d151d3f9d5a878bf7bd0, switchToFrame {"id":null}]
Mar 05, 2013 12:59:17 PM org.openqa.selenium.remote.RemoteWebDriver log
INFO: Executed: [cc1c5240d600d151d3f9d5a878bf7bd0, switchToFrame {"id":null}]
Mar 05, 2013 12:59:17 PM org.openqa.selenium.remote.RemoteWebDriver log
INFO: Executing: get [cc1c5240d600d151d3f9d5a878bf7bd0, get {"url":"http://lwo1-dhp-f35258.synapse.com:6432/common/clicks.html"}]
Mar 05, 2013 12:59:17 PM org.openqa.selenium.remote.RemoteWebDriver log
INFO: Executed: [cc1c5240d600d151d3f9d5a878bf7bd0, get {"url":"http://lwo1-dhp-f35258.synapse.com:6432/common/clicks.html"}]
Mar 05, 2013 12:59:17 PM org.openqa.selenium.remote.RemoteWebDriver log
INFO: Executing: findElement [cc1c5240d600d151d3f9d5a878bf7bd0, findElement {"using":"id","value":"normal"}]
Mar 05, 2013 12:59:17 PM org.openqa.selenium.remote.RemoteWebDriver log
INFO: Executed: [cc1c5240d600d151d3f9d5a878bf7bd0, findElement {"using":"id","value":"normal"}]
Mar 05, 2013 12:59:17 PM org.openqa.selenium.remote.RemoteWebDriver log
INFO: Executing: clickElement [cc1c5240d600d151d3f9d5a878bf7bd0, clickElement {"id":":wdc:1362481157894"}]
Mar 05, 2013 12:59:18 PM org.openqa.selenium.remote.RemoteWebDriver log
INFO: Executed: [cc1c5240d600d151d3f9d5a878bf7bd0, clickElement {"id":":wdc:1362481157894"}]
Mar 05, 2013 12:59:18 PM org.openqa.selenium.remote.RemoteWebDriver log
INFO: Executing: getTitle [cc1c5240d600d151d3f9d5a878bf7bd0, getTitle {}]
Mar 05, 2013 12:59:18 PM org.openqa.selenium.remote.RemoteWebDriver log
INFO: Executed: [cc1c5240d600d151d3f9d5a878bf7bd0, getTitle {}]
Mar 05, 2013 12:59:18 PM org.openqa.selenium.remote.RemoteWebDriver log
INFO: Executing: switchToFrame [cc1c5240d600d151d3f9d5a878bf7bd0, switchToFrame {"id":null}]
Mar 05, 2013 12:59:18 PM org.openqa.selenium.remote.RemoteWebDriver log
INFO: Executed: [cc1c5240d600d151d3f9d5a878bf7bd0, switchToFrame {"id":null}]
Mar 05, 2013 12:59:18 PM org.openqa.selenium.remote.RemoteWebDriver log
INFO: Executing: get [cc1c5240d600d151d3f9d5a878bf7bd0, get {"url":"http://lwo1-dhp-f35258.synapse.com:6432/common/clicks.html"}]
Mar 05, 2013 12:59:18 PM org.openqa.selenium.remote.RemoteWebDriver log
INFO: Executed: [cc1c5240d600d151d3f9d5a878bf7bd0, get {"url":"http://lwo1-dhp-f35258.synapse.com:6432/common/clicks.html"}]
Mar 05, 2013 12:59:18 PM org.openqa.selenium.remote.RemoteWebDriver log
INFO: Executing: executeScript [cc1c5240d600d151d3f9d5a878bf7bd0, executeScript {"script":"document.latch = true","args":[]}]
Mar 05, 2013 12:59:18 PM org.openqa.selenium.remote.RemoteWebDriver log
INFO: Executed: [cc1c5240d600d151d3f9d5a878bf7bd0, executeScript {"script":"document.latch = true","args":[]}]
Mar 05, 2013 12:59:18 PM org.openqa.selenium.remote.RemoteWebDriver log
INFO: Executing: findElement [cc1c5240d600d151d3f9d5a878bf7bd0, findElement {"using":"id","value":"anchor"}]
Mar 05, 2013 12:59:18 PM org.openqa.selenium.remote.RemoteWebDriver log
INFO: Executed: [cc1c5240d600d151d3f9d5a878bf7bd0, findElement {"using":"id","value":"anchor"}]
Mar 05, 2013 12:59:18 PM org.openqa.selenium.remote.RemoteWebDriver log
INFO: Executing: clickElement [cc1c5240d600d151d3f9d5a878bf7bd0, clickElement {"id":":wdc:1362481158078"}]
Mar 05, 2013 12:59:18 PM org.openqa.selenium.remote.RemoteWebDriver log
INFO: Executed: [cc1c5240d600d151d3f9d5a878bf7bd0, clickElement {"id":":wdc:1362481158078"}]
Mar 05, 2013 12:59:18 PM org.openqa.selenium.remote.RemoteWebDriver log
INFO: Executing: executeScript [cc1c5240d600d151d3f9d5a878bf7bd0, executeScript {"script":"return document.latch","args":[]}]
Mar 05, 2013 12:59:18 PM org.openqa.selenium.remote.RemoteWebDriver log
INFO: Executed: [cc1c5240d600d151d3f9d5a878bf7bd0, executeScript {"script":"return document.latch","args":[]}]
Mar 05, 2013 12:59:18 PM org.openqa.selenium.remote.RemoteWebDriver log
INFO: Executing: switchToFrame [cc1c5240d600d151d3f9d5a878bf7bd0, switchToFrame {"id":null}]
Mar 05, 2013 12:59:18 PM org.openqa.selenium.remote.RemoteWebDriver log
INFO: Executed: [cc1c5240d600d151d3f9d5a878bf7bd0, switchToFrame {"id":null}]
Mar 05, 2013 12:59:18 PM org.openqa.selenium.remote.RemoteWebDriver log
INFO: Executing: get [cc1c5240d600d151d3f9d5a878bf7bd0, get {"url":"http://lwo1-dhp-f35258.synapse.com:6432/common/clicks.html"}]
Mar 05, 2013 12:59:18 PM org.openqa.selenium.remote.RemoteWebDriver log
INFO: Executed: [cc1c5240d600d151d3f9d5a878bf7bd0, get {"url":"http://lwo1-dhp-f35258.synapse.com:6432/common/clicks.html"}]
Mar 05, 2013 12:59:18 PM org.openqa.selenium.remote.RemoteWebDriver log
INFO: Executing: switchToFrame [cc1c5240d600d151d3f9d5a878bf7bd0, switchToFrame {"id":"source"}]
Mar 05, 2013 12:59:18 PM org.openqa.selenium.remote.RemoteWebDriver log
INFO: Executed: [cc1c5240d600d151d3f9d5a878bf7bd0, switchToFrame {"id":"source"}]
Mar 05, 2013 12:59:18 PM org.openqa.selenium.remote.RemoteWebDriver log
INFO: Executing: findElement [cc1c5240d600d151d3f9d5a878bf7bd0, findElement {"using":"id","value":"otherframe"}]
Mar 05, 2013 12:59:18 PM org.openqa.selenium.remote.RemoteWebDriver log
INFO: Executed: [cc1c5240d600d151d3f9d5a878bf7bd0, findElement {"using":"id","value":"otherframe"}]
Mar 05, 2013 12:59:18 PM org.openqa.selenium.remote.RemoteWebDriver log
INFO: Executing: clickElement [cc1c5240d600d151d3f9d5a878bf7bd0, clickElement {"id":":wdc:1362481158287"}]
Mar 05, 2013 12:59:18 PM org.openqa.selenium.remote.RemoteWebDriver log
INFO: Executed: [cc1c5240d600d151d3f9d5a878bf7bd0, clickElement {"id":":wdc:1362481158287"}]
Mar 05, 2013 12:59:18 PM org.openqa.selenium.remote.RemoteWebDriver log
INFO: Executing: switchToFrame [cc1c5240d600d151d3f9d5a878bf7bd0, switchToFrame {"id":null}]
Mar 05, 2013 12:59:18 PM org.openqa.selenium.remote.RemoteWebDriver log
INFO: Executed: [cc1c5240d600d151d3f9d5a878bf7bd0, switchToFrame {"id":null}]
Mar 05, 2013 12:59:18 PM org.openqa.selenium.remote.RemoteWebDriver log
INFO: Executing: switchToFrame [cc1c5240d600d151d3f9d5a878bf7bd0, switchToFrame {"id":"target"}]
Mar 05, 2013 12:59:18 PM org.openqa.selenium.remote.RemoteWebDriver log
INFO: Executed: [cc1c5240d600d151d3f9d5a878bf7bd0, switchToFrame {"id":"target"}]
Mar 05, 2013 12:59:18 PM org.openqa.selenium.remote.RemoteWebDriver log
INFO: Executing: getPageSource [cc1c5240d600d151d3f9d5a878bf7bd0, getPageSource {}]
Mar 05, 2013 12:59:18 PM org.openqa.selenium.remote.RemoteWebDriver log
INFO: Executed: [cc1c5240d600d151d3f9d5a878bf7bd0, getPageSource {}]
Mar 05, 2013 12:59:18 PM org.openqa.selenium.remote.RemoteWebDriver log
INFO: Executing: switchToFrame [cc1c5240d600d151d3f9d5a878bf7bd0, switchToFrame {"id":null}]
Mar 05, 2013 12:59:18 PM org.openqa.selenium.remote.RemoteWebDriver log
INFO: Executed: [cc1c5240d600d151d3f9d5a878bf7bd0, switchToFrame {"id":null}]
Mar 05, 2013 12:59:18 PM org.openqa.selenium.remote.RemoteWebDriver log
INFO: Executing: get [cc1c5240d600d151d3f9d5a878bf7bd0, get {"url":"http://lwo1-dhp-f35258.synapse.com:6432/common/clicks.html"}]
Mar 05, 2013 12:59:18 PM org.openqa.selenium.remote.RemoteWebDriver log
INFO: Executed: [cc1c5240d600d151d3f9d5a878bf7bd0, get {"url":"http://lwo1-dhp-f35258.synapse.com:6432/common/clicks.html"}]
Mar 05, 2013 12:59:18 PM org.openqa.selenium.remote.RemoteWebDriver log
INFO: Executing: switchToFrame [cc1c5240d600d151d3f9d5a878bf7bd0, switchToFrame {"id":"source"}]
Mar 05, 2013 12:59:18 PM org.openqa.selenium.remote.RemoteWebDriver log
INFO: Executed: [cc1c5240d600d151d3f9d5a878bf7bd0, switchToFrame {"id":"source"}]
Mar 05, 2013 12:59:18 PM org.openqa.selenium.remote.RemoteWebDriver log
INFO: Executing: executeScript [cc1c5240d600d151d3f9d5a878bf7bd0, executeScript {"script":"return document.getElementById('otherframe');","args":[]}]
Mar 05, 2013 12:59:18 PM org.openqa.selenium.remote.RemoteWebDriver log
INFO: Executed: [cc1c5240d600d151d3f9d5a878bf7bd0, executeScript {"script":"return document.getElementById('otherframe');","args":[]}]
Mar 05, 2013 12:59:18 PM org.openqa.selenium.remote.RemoteWebDriver log
INFO: Executing: clickElement [cc1c5240d600d151d3f9d5a878bf7bd0, clickElement {"id":":wdc:1362481158659"}]
Mar 05, 2013 12:59:18 PM org.openqa.selenium.remote.RemoteWebDriver log
INFO: Executed: [cc1c5240d600d151d3f9d5a878bf7bd0, clickElement {"id":":wdc:1362481158659"}]
Mar 05, 2013 12:59:18 PM org.openqa.selenium.remote.RemoteWebDriver log
INFO: Executing: switchToFrame [cc1c5240d600d151d3f9d5a878bf7bd0, switchToFrame {"id":null}]
Mar 05, 2013 12:59:18 PM org.openqa.selenium.remote.RemoteWebDriver log
INFO: Executed: [cc1c5240d600d151d3f9d5a878bf7bd0, switchToFrame {"id":null}]
Mar 05, 2013 12:59:18 PM org.openqa.selenium.remote.RemoteWebDriver log
INFO: Executing: switchToFrame [cc1c5240d600d151d3f9d5a878bf7bd0, switchToFrame {"id":"target"}]
Mar 05, 2013 12:59:18 PM org.openqa.selenium.remote.RemoteWebDriver log
INFO: Executed: [cc1c5240d600d151d3f9d5a878bf7bd0, switchToFrame {"id":"target"}]
Mar 05, 2013 12:59:18 PM org.openqa.selenium.remote.RemoteWebDriver log
INFO: Executing: getPageSource [cc1c5240d600d151d3f9d5a878bf7bd0, getPageSource {}]
Mar 05, 2013 12:59:18 PM org.openqa.selenium.remote.RemoteWebDriver log
INFO: Executed: [cc1c5240d600d151d3f9d5a878bf7bd0, getPageSource {}]
Mar 05, 2013 12:59:18 PM org.openqa.selenium.remote.RemoteWebDriver log
INFO: Executing: switchToFrame [cc1c5240d600d151d3f9d5a878bf7bd0, switchToFrame {"id":null}]
Mar 05, 2013 12:59:18 PM org.openqa.selenium.remote.RemoteWebDriver log
INFO: Executed: [cc1c5240d600d151d3f9d5a878bf7bd0, switchToFrame {"id":null}]
Mar 05, 2013 12:59:18 PM org.openqa.selenium.remote.RemoteWebDriver log
INFO: Executing: get [cc1c5240d600d151d3f9d5a878bf7bd0, get {"url":"http://lwo1-dhp-f35258.synapse.com:6432/common/clicks.html"}]
Mar 05, 2013 12:59:18 PM org.openqa.selenium.remote.RemoteWebDriver log
INFO: Executed: [cc1c5240d600d151d3f9d5a878bf7bd0, get {"url":"http://lwo1-dhp-f35258.synapse.com:6432/common/clicks.html"}]
Mar 05, 2013 12:59:18 PM org.openqa.selenium.remote.RemoteWebDriver log
INFO: Executing: switchToFrame [cc1c5240d600d151d3f9d5a878bf7bd0, switchToFrame {"id":"source"}]
Mar 05, 2013 12:59:18 PM org.openqa.selenium.remote.RemoteWebDriver log
INFO: Executed: [cc1c5240d600d151d3f9d5a878bf7bd0, switchToFrame {"id":"source"}]
Mar 05, 2013 12:59:18 PM org.openqa.selenium.remote.RemoteWebDriver log
INFO: Executing: findElement [cc1c5240d600d151d3f9d5a878bf7bd0, findElement {"using":"id","value":"otherframe"}]
Mar 05, 2013 12:59:19 PM org.openqa.selenium.remote.RemoteWebDriver log
INFO: Executed: [cc1c5240d600d151d3f9d5a878bf7bd0, findElement {"using":"id","value":"otherframe"}]
Mar 05, 2013 12:59:19 PM org.openqa.selenium.remote.RemoteWebDriver log
INFO: Executing: executeScript [cc1c5240d600d151d3f9d5a878bf7bd0, executeScript {"script":"return document.getElementById('otherframe');","args":[]}]
Mar 05, 2013 12:59:19 PM org.openqa.selenium.remote.RemoteWebDriver log
INFO: Executed: [cc1c5240d600d151d3f9d5a878bf7bd0, executeScript {"script":"return document.getElementById('otherframe');","args":[]}]
Mar 05, 2013 12:59:19 PM org.openqa.selenium.remote.RemoteWebDriver log
INFO: Executing: clickElement [cc1c5240d600d151d3f9d5a878bf7bd0, clickElement {"id":":wdc:1362481159058"}]
Mar 05, 2013 12:59:19 PM org.openqa.selenium.remote.RemoteWebDriver log
INFO: Executed: [cc1c5240d600d151d3f9d5a878bf7bd0, clickElement {"id":":wdc:1362481159058"}]
Mar 05, 2013 12:59:19 PM org.openqa.selenium.remote.RemoteWebDriver log
INFO: Executing: switchToFrame [cc1c5240d600d151d3f9d5a878bf7bd0, switchToFrame {"id":null}]
Mar 05, 2013 12:59:19 PM org.openqa.selenium.remote.RemoteWebDriver log
INFO: Executed: [cc1c5240d600d151d3f9d5a878bf7bd0, switchToFrame {"id":null}]
Mar 05, 2013 12:59:19 PM org.openqa.selenium.remote.RemoteWebDriver log
INFO: Executing: switchToFrame [cc1c5240d600d151d3f9d5a878bf7bd0, switchToFrame {"id":"target"}]
Mar 05, 2013 12:59:19 PM org.openqa.selenium.remote.RemoteWebDriver log
INFO: Executed: [cc1c5240d600d151d3f9d5a878bf7bd0, switchToFrame {"id":"target"}]
Mar 05, 2013 12:59:19 PM org.openqa.selenium.remote.RemoteWebDriver log
INFO: Executing: getPageSource [cc1c5240d600d151d3f9d5a878bf7bd0, getPageSource {}]
Mar 05, 2013 12:59:19 PM org.openqa.selenium.remote.RemoteWebDriver log
INFO: Executed: [cc1c5240d600d151d3f9d5a878bf7bd0, getPageSource {}]
Mar 05, 2013 12:59:19 PM org.openqa.selenium.remote.RemoteWebDriver log
INFO: Executing: switchToFrame [cc1c5240d600d151d3f9d5a878bf7bd0, switchToFrame {"id":null}]
Mar 05, 2013 12:59:19 PM org.openqa.selenium.remote.RemoteWebDriver log
INFO: Executed: [cc1c5240d600d151d3f9d5a878bf7bd0, switchToFrame {"id":null}]
Mar 05, 2013 12:59:19 PM org.openqa.selenium.remote.RemoteWebDriver log
INFO: Executing: get [cc1c5240d600d151d3f9d5a878bf7bd0, get {"url":"http://lwo1-dhp-f35258.synapse.com:6432/common/clicks.html"}]
Mar 05, 2013 12:59:19 PM org.openqa.selenium.remote.RemoteWebDriver log
INFO: Executed: [cc1c5240d600d151d3f9d5a878bf7bd0, get {"url":"http://lwo1-dhp-f35258.synapse.com:6432/common/clicks.html"}]
Mar 05, 2013 12:59:19 PM org.openqa.selenium.remote.RemoteWebDriver log
INFO: Executing: get [cc1c5240d600d151d3f9d5a878bf7bd0, get {"url":"http://lwo1-dhp-f35258.synapse.com:6432/common/styledPage.html"}]
Mar 05, 2013 12:59:19 PM org.openqa.selenium.remote.RemoteWebDriver log
INFO: Executed: [cc1c5240d600d151d3f9d5a878bf7bd0, get {"url":"http://lwo1-dhp-f35258.synapse.com:6432/common/styledPage.html"}]
Mar 05, 2013 12:59:19 PM org.openqa.selenium.remote.RemoteWebDriver log
INFO: Executing: findElement [cc1c5240d600d151d3f9d5a878bf7bd0, findElement {"using":"name","value":"searchBox"}]
Mar 05, 2013 12:59:19 PM org.openqa.selenium.remote.RemoteWebDriver log
INFO: Executed: [cc1c5240d600d151d3f9d5a878bf7bd0, findElement {"using":"name","value":"searchBox"}]
Mar 05, 2013 12:59:19 PM org.openqa.selenium.remote.RemoteWebDriver log
INFO: Executing: sendKeysToElement [cc1c5240d600d151d3f9d5a878bf7bd0, sendKeysToElement {"id":":wdc:1362481159481","value":["Cheese"]}]
Mar 05, 2013 12:59:19 PM org.openqa.selenium.remote.RemoteWebDriver log
INFO: Executed: [cc1c5240d600d151d3f9d5a878bf7bd0, sendKeysToElement {"id":":wdc:1362481159481","value":["Cheese"]}]
Mar 05, 2013 12:59:19 PM org.openqa.selenium.remote.RemoteWebDriver log
INFO: Executing: findElement [cc1c5240d600d151d3f9d5a878bf7bd0, findElement {"using":"name","value":"btn"}]
Mar 05, 2013 12:59:19 PM org.openqa.selenium.remote.RemoteWebDriver log
INFO: Executed: [cc1c5240d600d151d3f9d5a878bf7bd0, findElement {"using":"name","value":"btn"}]
Mar 05, 2013 12:59:19 PM org.openqa.selenium.remote.RemoteWebDriver log
INFO: Executing: clickElement [cc1c5240d600d151d3f9d5a878bf7bd0, clickElement {"id":":wdc:1362481159482"}]
Mar 05, 2013 12:59:19 PM org.openqa.selenium.remote.RemoteWebDriver log
INFO: Executed: [cc1c5240d600d151d3f9d5a878bf7bd0, clickElement {"id":":wdc:1362481159482"}]
Mar 05, 2013 12:59:19 PM org.openqa.selenium.remote.RemoteWebDriver log
INFO: Executing: findElement [cc1c5240d600d151d3f9d5a878bf7bd0, findElement {"using":"id","value":"log"}]
Mar 05, 2013 12:59:19 PM org.openqa.selenium.remote.RemoteWebDriver log
INFO: Executed: [cc1c5240d600d151d3f9d5a878bf7bd0, findElement {"using":"id","value":"log"}]
Mar 05, 2013 12:59:19 PM org.openqa.selenium.remote.RemoteWebDriver log
INFO: Executing: getElementText [cc1c5240d600d151d3f9d5a878bf7bd0, getElementText {"id":":wdc:1362481159483"}]
Mar 05, 2013 12:59:20 PM org.openqa.selenium.remote.RemoteWebDriver log
INFO: Executed: [cc1c5240d600d151d3f9d5a878bf7bd0, getElementText {"id":":wdc:1362481159483"}]
Mar 05, 2013 12:59:20 PM org.openqa.selenium.remote.RemoteWebDriver log
INFO: Executing: switchToFrame [cc1c5240d600d151d3f9d5a878bf7bd0, switchToFrame {"id":null}]
Mar 05, 2013 12:59:20 PM org.openqa.selenium.remote.RemoteWebDriver log
INFO: Executed: [cc1c5240d600d151d3f9d5a878bf7bd0, switchToFrame {"id":null}]
Mar 05, 2013 12:59:20 PM org.openqa.selenium.remote.RemoteWebDriver log
INFO: Executing: get [cc1c5240d600d151d3f9d5a878bf7bd0, get {"url":"http://lwo1-dhp-f35258.synapse.com:6432/common/clicks.html"}]
Mar 05, 2013 12:59:20 PM org.openqa.selenium.remote.RemoteWebDriver log
INFO: Executed: [cc1c5240d600d151d3f9d5a878bf7bd0, get {"url":"http://lwo1-dhp-f35258.synapse.com:6432/common/clicks.html"}]
Mar 05, 2013 12:59:20 PM org.openqa.selenium.remote.RemoteWebDriver log
INFO: Executing: get [cc1c5240d600d151d3f9d5a878bf7bd0, get {"url":"http://lwo1-dhp-f35258.synapse.com:6432/common/formPage.html"}]
Mar 05, 2013 12:59:20 PM org.openqa.selenium.remote.RemoteWebDriver log
INFO: Executed: [cc1c5240d600d151d3f9d5a878bf7bd0, get {"url":"http://lwo1-dhp-f35258.synapse.com:6432/common/formPage.html"}]
Mar 05, 2013 12:59:20 PM org.openqa.selenium.remote.RemoteWebDriver log
INFO: Executing: findElement [cc1c5240d600d151d3f9d5a878bf7bd0, findElement {"using":"id","value":"label-for-checkbox-with-label"}]
Mar 05, 2013 12:59:20 PM org.openqa.selenium.remote.RemoteWebDriver log
INFO: Executed: [cc1c5240d600d151d3f9d5a878bf7bd0, findElement {"using":"id","value":"label-for-checkbox-with-label"}]
Mar 05, 2013 12:59:20 PM org.openqa.selenium.remote.RemoteWebDriver log
INFO: Executing: clickElement [cc1c5240d600d151d3f9d5a878bf7bd0, clickElement {"id":":wdc:1362481160238"}]
Mar 05, 2013 12:59:20 PM org.openqa.selenium.remote.RemoteWebDriver log
INFO: Executed: [cc1c5240d600d151d3f9d5a878bf7bd0, clickElement {"id":":wdc:1362481160238"}]
Mar 05, 2013 12:59:20 PM org.openqa.selenium.remote.RemoteWebDriver log
INFO: Executing: findElement [cc1c5240d600d151d3f9d5a878bf7bd0, findElement {"using":"id","value":"checkbox-with-label"}]
Mar 05, 2013 12:59:20 PM org.openqa.selenium.remote.RemoteWebDriver log
INFO: Executed: [cc1c5240d600d151d3f9d5a878bf7bd0, findElement {"using":"id","value":"checkbox-with-label"}]
Mar 05, 2013 12:59:20 PM org.openqa.selenium.remote.RemoteWebDriver log
INFO: Executing: isElementSelected [cc1c5240d600d151d3f9d5a878bf7bd0, isElementSelected {"id":":wdc:1362481160239"}]
Mar 05, 2013 12:59:20 PM org.openqa.selenium.remote.RemoteWebDriver log
INFO: Executed: [cc1c5240d600d151d3f9d5a878bf7bd0, isElementSelected {"id":":wdc:1362481160239"}]
Mar 05, 2013 12:59:20 PM org.openqa.selenium.remote.RemoteWebDriver log
INFO: Executing: switchToFrame [cc1c5240d600d151d3f9d5a878bf7bd0, switchToFrame {"id":null}]
Mar 05, 2013 12:59:20 PM org.openqa.selenium.remote.RemoteWebDriver log
INFO: Executed: [cc1c5240d600d151d3f9d5a878bf7bd0, switchToFrame {"id":null}]
Mar 05, 2013 12:59:20 PM org.openqa.selenium.remote.RemoteWebDriver log
INFO: Executing: get [cc1c5240d600d151d3f9d5a878bf7bd0, get {"url":"http://lwo1-dhp-f35258.synapse.com:6432/common/clicks.html"}]
Mar 05, 2013 12:59:20 PM org.openqa.selenium.remote.RemoteWebDriver log
INFO: Executed: [cc1c5240d600d151d3f9d5a878bf7bd0, get {"url":"http://lwo1-dhp-f35258.synapse.com:6432/common/clicks.html"}]
Mar 05, 2013 12:59:20 PM org.openqa.selenium.remote.RemoteWebDriver log
INFO: Executing: findElement [cc1c5240d600d151d3f9d5a878bf7bd0, findElement {"using":"id","value":"link-with-enclosed-image"}]
Mar 05, 2013 12:59:20 PM org.openqa.selenium.remote.RemoteWebDriver log
INFO: Executed: [cc1c5240d600d151d3f9d5a878bf7bd0, findElement {"using":"id","value":"link-with-enclosed-image"}]
Mar 05, 2013 12:59:20 PM org.openqa.selenium.remote.RemoteWebDriver log
INFO: Executing: clickElement [cc1c5240d600d151d3f9d5a878bf7bd0, clickElement {"id":":wdc:1362481160462"}]
Mar 05, 2013 12:59:20 PM org.openqa.selenium.remote.RemoteWebDriver log
INFO: Executed: [cc1c5240d600d151d3f9d5a878bf7bd0, clickElement {"id":":wdc:1362481160462"}]
Mar 05, 2013 12:59:20 PM org.openqa.selenium.remote.RemoteWebDriver log
INFO: Executing: getTitle [cc1c5240d600d151d3f9d5a878bf7bd0, getTitle {}]
Mar 05, 2013 12:59:20 PM org.openqa.selenium.remote.RemoteWebDriver log
INFO: Executed: [cc1c5240d600d151d3f9d5a878bf7bd0, getTitle {}]
Mar 05, 2013 12:59:20 PM org.openqa.selenium.remote.RemoteWebDriver log
INFO: Executing: switchToFrame [cc1c5240d600d151d3f9d5a878bf7bd0, switchToFrame {"id":null}]
Mar 05, 2013 12:59:20 PM org.openqa.selenium.remote.RemoteWebDriver log
INFO: Executed: [cc1c5240d600d151d3f9d5a878bf7bd0, switchToFrame {"id":null}]
Mar 05, 2013 12:59:20 PM org.openqa.selenium.remote.RemoteWebDriver log
INFO: Executing: get [cc1c5240d600d151d3f9d5a878bf7bd0, get {"url":"http://lwo1-dhp-f35258.synapse.com:6432/common/clicks.html"}]
Mar 05, 2013 12:59:20 PM org.openqa.selenium.remote.RemoteWebDriver log
INFO: Executed: [cc1c5240d600d151d3f9d5a878bf7bd0, get {"url":"http://lwo1-dhp-f35258.synapse.com:6432/common/clicks.html"}]
Mar 05, 2013 12:59:20 PM org.openqa.selenium.remote.RemoteWebDriver log
INFO: Executing: findElement [cc1c5240d600d151d3f9d5a878bf7bd0, findElement {"using":"id","value":"link-with-enclosed-image"}]
Mar 05, 2013 12:59:20 PM org.openqa.selenium.remote.RemoteWebDriver log
INFO: Executed: [cc1c5240d600d151d3f9d5a878bf7bd0, findElement {"using":"id","value":"link-with-enclosed-image"}]
Mar 05, 2013 12:59:20 PM org.openqa.selenium.remote.RemoteWebDriver log
INFO: Executing: findChildElement [cc1c5240d600d151d3f9d5a878bf7bd0, findChildElement {"id":":wdc:1362481160621","using":"tag name","value":"img"}]
Mar 05, 2013 12:59:20 PM org.openqa.selenium.remote.RemoteWebDriver log
INFO: Executed: [cc1c5240d600d151d3f9d5a878bf7bd0, findChildElement {"id":":wdc:1362481160621","using":"tag name","value":"img"}]
Mar 05, 2013 12:59:20 PM org.openqa.selenium.remote.RemoteWebDriver log
INFO: Executing: clickElement [cc1c5240d600d151d3f9d5a878bf7bd0, clickElement {"id":":wdc:1362481160622"}]
Mar 05, 2013 12:59:20 PM org.openqa.selenium.remote.RemoteWebDriver log
INFO: Executed: [cc1c5240d600d151d3f9d5a878bf7bd0, clickElement {"id":":wdc:1362481160622"}]
Mar 05, 2013 12:59:20 PM org.openqa.selenium.remote.RemoteWebDriver log
INFO: Executing: getTitle [cc1c5240d600d151d3f9d5a878bf7bd0, getTitle {}]
Mar 05, 2013 12:59:20 PM org.openqa.selenium.remote.RemoteWebDriver log
INFO: Executed: [cc1c5240d600d151d3f9d5a878bf7bd0, getTitle {}]
Mar 05, 2013 12:59:20 PM org.openqa.selenium.remote.RemoteWebDriver log
INFO: Executing: switchToFrame [cc1c5240d600d151d3f9d5a878bf7bd0, switchToFrame {"id":null}]
Mar 05, 2013 12:59:20 PM org.openqa.selenium.remote.RemoteWebDriver log
INFO: Executed: [cc1c5240d600d151d3f9d5a878bf7bd0, switchToFrame {"id":null}]
Mar 05, 2013 12:59:20 PM org.openqa.selenium.remote.RemoteWebDriver log
INFO: Executing: get [cc1c5240d600d151d3f9d5a878bf7bd0, get {"url":"http://lwo1-dhp-f35258.synapse.com:6432/common/clicks.html"}]
Mar 05, 2013 12:59:20 PM org.openqa.selenium.remote.RemoteWebDriver log
INFO: Executed: [cc1c5240d600d151d3f9d5a878bf7bd0, get {"url":"http://lwo1-dhp-f35258.synapse.com:6432/common/clicks.html"}]
Mar 05, 2013 12:59:20 PM org.openqa.selenium.remote.RemoteWebDriver log
INFO: Executing: findElement [cc1c5240d600d151d3f9d5a878bf7bd0, findElement {"using":"id","value":"link-with-enclosed-span"}]
Mar 05, 2013 12:59:20 PM org.openqa.selenium.remote.RemoteWebDriver log
INFO: Executed: [cc1c5240d600d151d3f9d5a878bf7bd0, findElement {"using":"id","value":"link-with-enclosed-span"}]
Mar 05, 2013 12:59:20 PM org.openqa.selenium.remote.RemoteWebDriver log
INFO: Executing: clickElement [cc1c5240d600d151d3f9d5a878bf7bd0, clickElement {"id":":wdc:1362481160861"}]
Mar 05, 2013 12:59:20 PM org.openqa.selenium.remote.RemoteWebDriver log
INFO: Executed: [cc1c5240d600d151d3f9d5a878bf7bd0, clickElement {"id":":wdc:1362481160861"}]
Mar 05, 2013 12:59:20 PM org.openqa.selenium.remote.RemoteWebDriver log
INFO: Executing: getTitle [cc1c5240d600d151d3f9d5a878bf7bd0, getTitle {}]
Mar 05, 2013 12:59:20 PM org.openqa.selenium.remote.RemoteWebDriver log
INFO: Executed: [cc1c5240d600d151d3f9d5a878bf7bd0, getTitle {}]
Mar 05, 2013 12:59:20 PM org.openqa.selenium.remote.RemoteWebDriver log
INFO: Executing: switchToFrame [cc1c5240d600d151d3f9d5a878bf7bd0, switchToFrame {"id":null}]
Mar 05, 2013 12:59:20 PM org.openqa.selenium.remote.RemoteWebDriver log
INFO: Executed: [cc1c5240d600d151d3f9d5a878bf7bd0, switchToFrame {"id":null}]
Mar 05, 2013 12:59:20 PM org.openqa.selenium.remote.RemoteWebDriver log
INFO: Executing: get [cc1c5240d600d151d3f9d5a878bf7bd0, get {"url":"http://lwo1-dhp-f35258.synapse.com:6432/common/clicks.html"}]
Mar 05, 2013 12:59:20 PM org.openqa.selenium.remote.RemoteWebDriver log
INFO: Executed: [cc1c5240d600d151d3f9d5a878bf7bd0, get {"url":"http://lwo1-dhp-f35258.synapse.com:6432/common/clicks.html"}]
Mar 05, 2013 12:59:20 PM org.openqa.selenium.remote.RemoteWebDriver log
INFO: Executing: findElement [cc1c5240d600d151d3f9d5a878bf7bd0, findElement {"using":"id","value":"embeddedBlock"}]
Mar 05, 2013 12:59:21 PM org.openqa.selenium.remote.RemoteWebDriver log
INFO: Executed: [cc1c5240d600d151d3f9d5a878bf7bd0, findElement {"using":"id","value":"embeddedBlock"}]
Mar 05, 2013 12:59:21 PM org.openqa.selenium.remote.RemoteWebDriver log
INFO: Executing: clickElement [cc1c5240d600d151d3f9d5a878bf7bd0, clickElement {"id":":wdc:1362481161020"}]
Mar 05, 2013 12:59:21 PM org.openqa.selenium.remote.RemoteWebDriver log
INFO: Executed: [cc1c5240d600d151d3f9d5a878bf7bd0, clickElement {"id":":wdc:1362481161020"}]
Mar 05, 2013 12:59:21 PM org.openqa.selenium.remote.RemoteWebDriver log
INFO: Executing: getTitle [cc1c5240d600d151d3f9d5a878bf7bd0, getTitle {}]
Mar 05, 2013 12:59:21 PM org.openqa.selenium.remote.RemoteWebDriver log
INFO: Executed: [cc1c5240d600d151d3f9d5a878bf7bd0, getTitle {}]
Mar 05, 2013 12:59:21 PM org.openqa.selenium.remote.RemoteWebDriver log
INFO: Executing: switchToFrame [cc1c5240d600d151d3f9d5a878bf7bd0, switchToFrame {"id":null}]
Mar 05, 2013 12:59:21 PM org.openqa.selenium.remote.RemoteWebDriver log
INFO: Executed: [cc1c5240d600d151d3f9d5a878bf7bd0, switchToFrame {"id":null}]
Mar 05, 2013 12:59:21 PM org.openqa.selenium.remote.RemoteWebDriver log
INFO: Executing: get [cc1c5240d600d151d3f9d5a878bf7bd0, get {"url":"http://lwo1-dhp-f35258.synapse.com:6432/common/clicks.html"}]
Mar 05, 2013 12:59:21 PM org.openqa.selenium.remote.RemoteWebDriver log
INFO: Executed: [cc1c5240d600d151d3f9d5a878bf7bd0, get {"url":"http://lwo1-dhp-f35258.synapse.com:6432/common/clicks.html"}]
Mar 05, 2013 12:59:21 PM org.openqa.selenium.remote.RemoteWebDriver log
INFO: Executing: findElement [cc1c5240d600d151d3f9d5a878bf7bd0, findElement {"using":"id","value":"link-with-enclosed-span"}]
Mar 05, 2013 12:59:21 PM org.openqa.selenium.remote.RemoteWebDriver log
INFO: Executed: [cc1c5240d600d151d3f9d5a878bf7bd0, findElement {"using":"id","value":"link-with-enclosed-span"}]
Mar 05, 2013 12:59:21 PM org.openqa.selenium.remote.RemoteWebDriver log
INFO: Executing: findChildElement [cc1c5240d600d151d3f9d5a878bf7bd0, findChildElement {"id":":wdc:1362481161199","using":"tag name","value":"span"}]
Mar 05, 2013 12:59:21 PM org.openqa.selenium.remote.RemoteWebDriver log
INFO: Executed: [cc1c5240d600d151d3f9d5a878bf7bd0, findChildElement {"id":":wdc:1362481161199","using":"tag name","value":"span"}]
Mar 05, 2013 12:59:21 PM org.openqa.selenium.remote.RemoteWebDriver log
INFO: Executing: clickElement [cc1c5240d600d151d3f9d5a878bf7bd0, clickElement {"id":":wdc:1362481161200"}]
Mar 05, 2013 12:59:21 PM org.openqa.selenium.remote.RemoteWebDriver log
INFO: Executed: [cc1c5240d600d151d3f9d5a878bf7bd0, clickElement {"id":":wdc:1362481161200"}]
Mar 05, 2013 12:59:21 PM org.openqa.selenium.remote.RemoteWebDriver log
INFO: Executing: getTitle [cc1c5240d600d151d3f9d5a878bf7bd0, getTitle {}]
Mar 05, 2013 12:59:21 PM org.openqa.selenium.remote.RemoteWebDriver log
INFO: Executed: [cc1c5240d600d151d3f9d5a878bf7bd0, getTitle {}]
Mar 05, 2013 12:59:21 PM org.openqa.selenium.remote.RemoteWebDriver log
INFO: Executing: switchToFrame [cc1c5240d600d151d3f9d5a878bf7bd0, switchToFrame {"id":null}]
Mar 05, 2013 12:59:21 PM org.openqa.selenium.remote.RemoteWebDriver log
INFO: Executed: [cc1c5240d600d151d3f9d5a878bf7bd0, switchToFrame {"id":null}]
Mar 05, 2013 12:59:21 PM org.openqa.selenium.remote.RemoteWebDriver log
INFO: Executing: get [cc1c5240d600d151d3f9d5a878bf7bd0, get {"url":"http://lwo1-dhp-f35258.synapse.com:6432/common/clicks.html"}]
Mar 05, 2013 12:59:21 PM org.openqa.selenium.remote.RemoteWebDriver log
INFO: Executed: [cc1c5240d600d151d3f9d5a878bf7bd0, get {"url":"http://lwo1-dhp-f35258.synapse.com:6432/common/clicks.html"}]
Mar 05, 2013 12:59:21 PM org.openqa.selenium.remote.RemoteWebDriver log
INFO: Executing: get [cc1c5240d600d151d3f9d5a878bf7bd0, get {"url":"http://lwo1-dhp-f35258.synapse.com:6432/common/click_out_of_bounds.html"}]
Mar 05, 2013 12:59:21 PM org.openqa.selenium.remote.RemoteWebDriver log
INFO: Executed: [cc1c5240d600d151d3f9d5a878bf7bd0, get {"url":"http://lwo1-dhp-f35258.synapse.com:6432/common/click_out_of_bounds.html"}]
Mar 05, 2013 12:59:21 PM org.openqa.selenium.remote.RemoteWebDriver log
INFO: Executing: findElement [cc1c5240d600d151d3f9d5a878bf7bd0, findElement {"using":"id","value":"button"}]
Mar 05, 2013 12:59:21 PM org.openqa.selenium.remote.RemoteWebDriver log
INFO: Executed: [cc1c5240d600d151d3f9d5a878bf7bd0, findElement {"using":"id","value":"button"}]
Mar 05, 2013 12:59:21 PM org.openqa.selenium.remote.RemoteWebDriver log
INFO: Executing: clickElement [cc1c5240d600d151d3f9d5a878bf7bd0, clickElement {"id":":wdc:1362481161415"}]
Mar 05, 2013 12:59:21 PM org.openqa.selenium.remote.RemoteWebDriver log
INFO: Executed: [cc1c5240d600d151d3f9d5a878bf7bd0, clickElement {"id":":wdc:1362481161415"}]
Mar 05, 2013 12:59:21 PM org.openqa.selenium.remote.RemoteWebDriver log
INFO: Executing: switchToFrame [cc1c5240d600d151d3f9d5a878bf7bd0, switchToFrame {"id":null}]
Mar 05, 2013 12:59:21 PM org.openqa.selenium.remote.RemoteWebDriver log
INFO: Executed: [cc1c5240d600d151d3f9d5a878bf7bd0, switchToFrame {"id":null}]
Mar 05, 2013 12:59:21 PM org.openqa.selenium.remote.RemoteWebDriver log
INFO: Executing: get [cc1c5240d600d151d3f9d5a878bf7bd0, get {"url":"http://lwo1-dhp-f35258.synapse.com:6432/common/clicks.html"}]
Mar 05, 2013 12:59:21 PM org.openqa.selenium.remote.RemoteWebDriver log
INFO: Executed: [cc1c5240d600d151d3f9d5a878bf7bd0, get {"url":"http://lwo1-dhp-f35258.synapse.com:6432/common/clicks.html"}]
Mar 05, 2013 12:59:21 PM org.openqa.selenium.remote.RemoteWebDriver log
INFO: Executing: get [cc1c5240d600d151d3f9d5a878bf7bd0, get {"url":"http://lwo1-dhp-f35258.synapse.com:6432/common/ClickTest_testClicksASurroundingStrongTag.html"}]
Mar 05, 2013 12:59:21 PM org.openqa.selenium.remote.RemoteWebDriver log
INFO: Executed: [cc1c5240d600d151d3f9d5a878bf7bd0, get {"url":"http://lwo1-dhp-f35258.synapse.com:6432/common/ClickTest_testClicksASurroundingStrongTag.html"}]
Mar 05, 2013 12:59:21 PM org.openqa.selenium.remote.RemoteWebDriver log
INFO: Executing: findElement [cc1c5240d600d151d3f9d5a878bf7bd0, findElement {"using":"tag name","value":"a"}]
Mar 05, 2013 12:59:21 PM org.openqa.selenium.remote.RemoteWebDriver log
INFO: Executed: [cc1c5240d600d151d3f9d5a878bf7bd0, findElement {"using":"tag name","value":"a"}]
Mar 05, 2013 12:59:21 PM org.openqa.selenium.remote.RemoteWebDriver log
INFO: Executing: clickElement [cc1c5240d600d151d3f9d5a878bf7bd0, clickElement {"id":":wdc:1362481161574"}]
Mar 05, 2013 12:59:21 PM org.openqa.selenium.remote.RemoteWebDriver log
INFO: Executed: [cc1c5240d600d151d3f9d5a878bf7bd0, clickElement {"id":":wdc:1362481161574"}]
Mar 05, 2013 12:59:21 PM org.openqa.selenium.remote.RemoteWebDriver log
INFO: Executing: getTitle [cc1c5240d600d151d3f9d5a878bf7bd0, getTitle {}]
Mar 05, 2013 12:59:21 PM org.openqa.selenium.remote.RemoteWebDriver log
INFO: Executed: [cc1c5240d600d151d3f9d5a878bf7bd0, getTitle {}]
Mar 05, 2013 12:59:21 PM org.openqa.selenium.remote.RemoteWebDriver log
INFO: Executing: switchToFrame [cc1c5240d600d151d3f9d5a878bf7bd0, switchToFrame {"id":null}]
Mar 05, 2013 12:59:21 PM org.openqa.selenium.remote.RemoteWebDriver log
INFO: Executed: [cc1c5240d600d151d3f9d5a878bf7bd0, switchToFrame {"id":null}]
Mar 05, 2013 12:59:21 PM org.openqa.selenium.remote.RemoteWebDriver log
INFO: Executing: get [cc1c5240d600d151d3f9d5a878bf7bd0, get {"url":"http://lwo1-dhp-f35258.synapse.com:6432/common/animals"}]
Mar 05, 2013 12:59:21 PM org.openqa.selenium.remote.RemoteWebDriver log
INFO: Executed: [cc1c5240d600d151d3f9d5a878bf7bd0, get {"url":"http://lwo1-dhp-f35258.synapse.com:6432/common/animals"}]
Mar 05, 2013 12:59:21 PM org.openqa.selenium.remote.RemoteWebDriver log
INFO: Executing: deleteAllCookies [cc1c5240d600d151d3f9d5a878bf7bd0, deleteAllCookies {}]
Mar 05, 2013 12:59:21 PM org.openqa.selenium.remote.RemoteWebDriver log
INFO: Executed: [cc1c5240d600d151d3f9d5a878bf7bd0, deleteAllCookies {}]
Mar 05, 2013 12:59:21 PM org.openqa.selenium.remote.RemoteWebDriver log
INFO: Executing: getCookies [cc1c5240d600d151d3f9d5a878bf7bd0, getCookies {}]
Mar 05, 2013 12:59:21 PM org.openqa.selenium.remote.RemoteWebDriver log
INFO: Executed: [cc1c5240d600d151d3f9d5a878bf7bd0, getCookies {}]
Mar 05, 2013 12:59:21 PM org.openqa.selenium.remote.RemoteWebDriver log
INFO: Executing: executeScript [cc1c5240d600d151d3f9d5a878bf7bd0, executeScript {"script":"return document.cookie","args":[]}]
Mar 05, 2013 12:59:21 PM org.openqa.selenium.remote.RemoteWebDriver log
INFO: Executed: [cc1c5240d600d151d3f9d5a878bf7bd0, executeScript {"script":"return document.cookie","args":[]}]
Mar 05, 2013 12:59:21 PM org.openqa.selenium.remote.RemoteWebDriver log
INFO: Executing: getCookies [cc1c5240d600d151d3f9d5a878bf7bd0, getCookies {}]
Mar 05, 2013 12:59:21 PM org.openqa.selenium.remote.RemoteWebDriver log
INFO: Executed: [cc1c5240d600d151d3f9d5a878bf7bd0, getCookies {}]
Mar 05, 2013 12:59:21 PM org.openqa.selenium.remote.RemoteWebDriver log
INFO: Executing: executeScript [cc1c5240d600d151d3f9d5a878bf7bd0, executeScript {"script":"return document.cookie","args":[]}]
Mar 05, 2013 12:59:21 PM org.openqa.selenium.remote.RemoteWebDriver log
INFO: Executed: [cc1c5240d600d151d3f9d5a878bf7bd0, executeScript {"script":"return document.cookie","args":[]}]
Mar 05, 2013 12:59:21 PM org.openqa.selenium.remote.RemoteWebDriver log
INFO: Executing: executeScript [cc1c5240d600d151d3f9d5a878bf7bd0, executeScript {"script":"document.cookie = arguments[0] + '=' + arguments[1];","args":["key_1115279931","set"]}]
Mar 05, 2013 12:59:21 PM org.openqa.selenium.remote.RemoteWebDriver log
INFO: Executed: [cc1c5240d600d151d3f9d5a878bf7bd0, executeScript {"script":"document.cookie = arguments[0] + '=' + arguments[1];","args":["key_1115279931","set"]}]
Mar 05, 2013 12:59:21 PM org.openqa.selenium.remote.RemoteWebDriver log
INFO: Executing: getCookies [cc1c5240d600d151d3f9d5a878bf7bd0, getCookies {}]
Mar 05, 2013 12:59:21 PM org.openqa.selenium.remote.RemoteWebDriver log
INFO: Executed: [cc1c5240d600d151d3f9d5a878bf7bd0, getCookies {}]
Mar 05, 2013 12:59:21 PM org.openqa.selenium.remote.RemoteWebDriver log
INFO: Executing: get [cc1c5240d600d151d3f9d5a878bf7bd0, get {"url":"http://lwo1-dhp-f35258.synapse.com:6432/common/animals"}]
Mar 05, 2013 12:59:21 PM org.openqa.selenium.remote.RemoteWebDriver log
INFO: Executed: [cc1c5240d600d151d3f9d5a878bf7bd0, get {"url":"http://lwo1-dhp-f35258.synapse.com:6432/common/animals"}]
Mar 05, 2013 12:59:21 PM org.openqa.selenium.remote.RemoteWebDriver log
INFO: Executing: deleteAllCookies [cc1c5240d600d151d3f9d5a878bf7bd0, deleteAllCookies {}]
Mar 05, 2013 12:59:21 PM org.openqa.selenium.remote.RemoteWebDriver log
INFO: Executed: [cc1c5240d600d151d3f9d5a878bf7bd0, deleteAllCookies {}]
Mar 05, 2013 12:59:21 PM org.openqa.selenium.remote.RemoteWebDriver log
INFO: Executing: getCookies [cc1c5240d600d151d3f9d5a878bf7bd0, getCookies {}]
Mar 05, 2013 12:59:21 PM org.openqa.selenium.remote.RemoteWebDriver log
INFO: Executed: [cc1c5240d600d151d3f9d5a878bf7bd0, getCookies {}]
Mar 05, 2013 12:59:21 PM org.openqa.selenium.remote.RemoteWebDriver log
INFO: Executing: executeScript [cc1c5240d600d151d3f9d5a878bf7bd0, executeScript {"script":"return document.cookie","args":[]}]
Mar 05, 2013 12:59:21 PM org.openqa.selenium.remote.RemoteWebDriver log
INFO: Executed: [cc1c5240d600d151d3f9d5a878bf7bd0, executeScript {"script":"return document.cookie","args":[]}]
Mar 05, 2013 12:59:21 PM org.openqa.selenium.remote.RemoteWebDriver log
INFO: Executing: getCookies [cc1c5240d600d151d3f9d5a878bf7bd0, getCookies {}]
Mar 05, 2013 12:59:21 PM org.openqa.selenium.remote.RemoteWebDriver log
INFO: Executed: [cc1c5240d600d151d3f9d5a878bf7bd0, getCookies {}]
Mar 05, 2013 12:59:21 PM org.openqa.selenium.remote.RemoteWebDriver log
INFO: Executing: executeScript [cc1c5240d600d151d3f9d5a878bf7bd0, executeScript {"script":"return document.cookie","args":[]}]
Mar 05, 2013 12:59:21 PM org.openqa.selenium.remote.RemoteWebDriver log
INFO: Executed: [cc1c5240d600d151d3f9d5a878bf7bd0, executeScript {"script":"return document.cookie","args":[]}]
Mar 05, 2013 12:59:21 PM org.openqa.selenium.remote.RemoteWebDriver log
INFO: Executing: addCookie [cc1c5240d600d151d3f9d5a878bf7bd0, addCookie {"cookie":"key_1208839351=foo; path=/"}]
Mar 05, 2013 12:59:21 PM org.openqa.selenium.remote.RemoteWebDriver log
INFO: Executed: [cc1c5240d600d151d3f9d5a878bf7bd0, addCookie {"cookie":"key_1208839351=foo; path=/"}]
Mar 05, 2013 12:59:21 PM org.openqa.selenium.remote.RemoteWebDriver log
INFO: Executing: getCookies [cc1c5240d600d151d3f9d5a878bf7bd0, getCookies {}]
Mar 05, 2013 12:59:21 PM org.openqa.selenium.remote.RemoteWebDriver log
INFO: Executed: [cc1c5240d600d151d3f9d5a878bf7bd0, getCookies {}]
Mar 05, 2013 12:59:21 PM org.openqa.selenium.remote.RemoteWebDriver log
INFO: Executing: executeScript [cc1c5240d600d151d3f9d5a878bf7bd0, executeScript {"script":"return document.cookie","args":[]}]
Mar 05, 2013 12:59:21 PM org.openqa.selenium.remote.RemoteWebDriver log
INFO: Executed: [cc1c5240d600d151d3f9d5a878bf7bd0, executeScript {"script":"return document.cookie","args":[]}]
Mar 05, 2013 12:59:21 PM org.openqa.selenium.remote.RemoteWebDriver log
INFO: Executing: get [cc1c5240d600d151d3f9d5a878bf7bd0, get {"url":"http://lwo1-dhp-f35258.synapse.com:6432/common/animals"}]
Mar 05, 2013 12:59:21 PM org.openqa.selenium.remote.RemoteWebDriver log
INFO: Executed: [cc1c5240d600d151d3f9d5a878bf7bd0, get {"url":"http://lwo1-dhp-f35258.synapse.com:6432/common/animals"}]
Mar 05, 2013 12:59:21 PM org.openqa.selenium.remote.RemoteWebDriver log
INFO: Executing: deleteAllCookies [cc1c5240d600d151d3f9d5a878bf7bd0, deleteAllCookies {}]
Mar 05, 2013 12:59:21 PM org.openqa.selenium.remote.RemoteWebDriver log
INFO: Executed: [cc1c5240d600d151d3f9d5a878bf7bd0, deleteAllCookies {}]
Mar 05, 2013 12:59:21 PM org.openqa.selenium.remote.RemoteWebDriver log
INFO: Executing: getCookies [cc1c5240d600d151d3f9d5a878bf7bd0, getCookies {}]
Mar 05, 2013 12:59:21 PM org.openqa.selenium.remote.RemoteWebDriver log
INFO: Executed: [cc1c5240d600d151d3f9d5a878bf7bd0, getCookies {}]
Mar 05, 2013 12:59:21 PM org.openqa.selenium.remote.RemoteWebDriver log
INFO: Executing: executeScript [cc1c5240d600d151d3f9d5a878bf7bd0, executeScript {"script":"return document.cookie","args":[]}]
Mar 05, 2013 12:59:21 PM org.openqa.selenium.remote.RemoteWebDriver log
INFO: Executed: [cc1c5240d600d151d3f9d5a878bf7bd0, executeScript {"script":"return document.cookie","args":[]}]
Mar 05, 2013 12:59:21 PM org.openqa.selenium.remote.RemoteWebDriver log
INFO: Executing: getCookies [cc1c5240d600d151d3f9d5a878bf7bd0, getCookies {}]
Mar 05, 2013 12:59:21 PM org.openqa.selenium.remote.RemoteWebDriver log
INFO: Executed: [cc1c5240d600d151d3f9d5a878bf7bd0, getCookies {}]
Mar 05, 2013 12:59:21 PM org.openqa.selenium.remote.RemoteWebDriver log
INFO: Executing: executeScript [cc1c5240d600d151d3f9d5a878bf7bd0, executeScript {"script":"return document.cookie","args":[]}]
Mar 05, 2013 12:59:21 PM org.openqa.selenium.remote.RemoteWebDriver log
INFO: Executed: [cc1c5240d600d151d3f9d5a878bf7bd0, executeScript {"script":"return document.cookie","args":[]}]
Mar 05, 2013 12:59:21 PM org.openqa.selenium.remote.RemoteWebDriver log
INFO: Executing: getCookies [cc1c5240d600d151d3f9d5a878bf7bd0, getCookies {}]
Mar 05, 2013 12:59:21 PM org.openqa.selenium.remote.RemoteWebDriver log
INFO: Executed: [cc1c5240d600d151d3f9d5a878bf7bd0, getCookies {}]
Mar 05, 2013 12:59:21 PM org.openqa.selenium.remote.RemoteWebDriver log
INFO: Executing: executeScript [cc1c5240d600d151d3f9d5a878bf7bd0, executeScript {"script":"return document.cookie","args":[]}]
Mar 05, 2013 12:59:21 PM org.openqa.selenium.remote.RemoteWebDriver log
INFO: Executed: [cc1c5240d600d151d3f9d5a878bf7bd0, executeScript {"script":"return document.cookie","args":[]}]
Mar 05, 2013 12:59:21 PM org.openqa.selenium.remote.RemoteWebDriver log
INFO: Executing: getCookies [cc1c5240d600d151d3f9d5a878bf7bd0, getCookies {}]
Mar 05, 2013 12:59:21 PM org.openqa.selenium.remote.RemoteWebDriver log
INFO: Executed: [cc1c5240d600d151d3f9d5a878bf7bd0, getCookies {}]
Mar 05, 2013 12:59:21 PM org.openqa.selenium.remote.RemoteWebDriver log
INFO: Executing: addCookie [cc1c5240d600d151d3f9d5a878bf7bd0, addCookie {"cookie":"key_-384139786=value; path=/"}]
Mar 05, 2013 12:59:21 PM org.openqa.selenium.remote.RemoteWebDriver log
INFO: Executed: [cc1c5240d600d151d3f9d5a878bf7bd0, addCookie {"cookie":"key_-384139786=value; path=/"}]
Mar 05, 2013 12:59:21 PM org.openqa.selenium.remote.RemoteWebDriver log
INFO: Executing: addCookie [cc1c5240d600d151d3f9d5a878bf7bd0, addCookie {"cookie":"key_-63687577=value; path=/"}]
Mar 05, 2013 12:59:21 PM org.openqa.selenium.remote.RemoteWebDriver log
INFO: Executed: [cc1c5240d600d151d3f9d5a878bf7bd0, addCookie {"cookie":"key_-63687577=value; path=/"}]
Mar 05, 2013 12:59:21 PM org.openqa.selenium.remote.RemoteWebDriver log
INFO: Executing: get [cc1c5240d600d151d3f9d5a878bf7bd0, get {"url":"http://lwo1-dhp-f35258.synapse.com:6432/common/simpleTest.html"}]
Mar 05, 2013 12:59:21 PM org.openqa.selenium.remote.RemoteWebDriver log
INFO: Executed: [cc1c5240d600d151d3f9d5a878bf7bd0, get {"url":"http://lwo1-dhp-f35258.synapse.com:6432/common/simpleTest.html"}]
Mar 05, 2013 12:59:21 PM org.openqa.selenium.remote.RemoteWebDriver log
INFO: Executing: getCookies [cc1c5240d600d151d3f9d5a878bf7bd0, getCookies {}]
Mar 05, 2013 12:59:21 PM org.openqa.selenium.remote.RemoteWebDriver log
INFO: Executed: [cc1c5240d600d151d3f9d5a878bf7bd0, getCookies {}]
Mar 05, 2013 12:59:21 PM org.openqa.selenium.remote.RemoteWebDriver log
INFO: Executing: get [cc1c5240d600d151d3f9d5a878bf7bd0, get {"url":"http://lwo1-dhp-f35258.synapse.com:6432/common/animals"}]
Mar 05, 2013 12:59:21 PM org.openqa.selenium.remote.RemoteWebDriver log
INFO: Executed: [cc1c5240d600d151d3f9d5a878bf7bd0, get {"url":"http://lwo1-dhp-f35258.synapse.com:6432/common/animals"}]
Mar 05, 2013 12:59:21 PM org.openqa.selenium.remote.RemoteWebDriver log
INFO: Executing: deleteAllCookies [cc1c5240d600d151d3f9d5a878bf7bd0, deleteAllCookies {}]
Mar 05, 2013 12:59:21 PM org.openqa.selenium.remote.RemoteWebDriver log
INFO: Executed: [cc1c5240d600d151d3f9d5a878bf7bd0, deleteAllCookies {}]
Mar 05, 2013 12:59:21 PM org.openqa.selenium.remote.RemoteWebDriver log
INFO: Executing: getCookies [cc1c5240d600d151d3f9d5a878bf7bd0, getCookies {}]
Mar 05, 2013 12:59:21 PM org.openqa.selenium.remote.RemoteWebDriver log
INFO: Executed: [cc1c5240d600d151d3f9d5a878bf7bd0, getCookies {}]
Mar 05, 2013 12:59:21 PM org.openqa.selenium.remote.RemoteWebDriver log
INFO: Executing: executeScript [cc1c5240d600d151d3f9d5a878bf7bd0, executeScript {"script":"return document.cookie","args":[]}]
Mar 05, 2013 12:59:21 PM org.openqa.selenium.remote.RemoteWebDriver log
INFO: Executed: [cc1c5240d600d151d3f9d5a878bf7bd0, executeScript {"script":"return document.cookie","args":[]}]
Mar 05, 2013 12:59:21 PM org.openqa.selenium.remote.RemoteWebDriver log
INFO: Executing: executeScript [cc1c5240d600d151d3f9d5a878bf7bd0, executeScript {"script":"document.cookie = 'foo=set';","args":[]}]
Mar 05, 2013 12:59:21 PM org.openqa.selenium.remote.RemoteWebDriver log
INFO: Executed: [cc1c5240d600d151d3f9d5a878bf7bd0, executeScript {"script":"document.cookie = 'foo=set';","args":[]}]
Mar 05, 2013 12:59:21 PM org.openqa.selenium.remote.RemoteWebDriver log
INFO: Executing: getCookies [cc1c5240d600d151d3f9d5a878bf7bd0, getCookies {}]
Mar 05, 2013 12:59:22 PM org.openqa.selenium.remote.RemoteWebDriver log
INFO: Executed: [cc1c5240d600d151d3f9d5a878bf7bd0, getCookies {}]
Mar 05, 2013 12:59:22 PM org.openqa.selenium.remote.RemoteWebDriver log
INFO: Executing: executeScript [cc1c5240d600d151d3f9d5a878bf7bd0, executeScript {"script":"return document.cookie","args":[]}]
Mar 05, 2013 12:59:22 PM org.openqa.selenium.remote.RemoteWebDriver log
INFO: Executed: [cc1c5240d600d151d3f9d5a878bf7bd0, executeScript {"script":"return document.cookie","args":[]}]
Mar 05, 2013 12:59:22 PM org.openqa.selenium.remote.RemoteWebDriver log
INFO: Executing: deleteAllCookies [cc1c5240d600d151d3f9d5a878bf7bd0, deleteAllCookies {}]
Mar 05, 2013 12:59:22 PM org.openqa.selenium.remote.RemoteWebDriver log
INFO: Executed: [cc1c5240d600d151d3f9d5a878bf7bd0, deleteAllCookies {}]
Mar 05, 2013 12:59:22 PM org.openqa.selenium.remote.RemoteWebDriver log
INFO: Executing: getCookies [cc1c5240d600d151d3f9d5a878bf7bd0, getCookies {}]
Mar 05, 2013 12:59:22 PM org.openqa.selenium.remote.RemoteWebDriver log
INFO: Executed: [cc1c5240d600d151d3f9d5a878bf7bd0, getCookies {}]
Mar 05, 2013 12:59:22 PM org.openqa.selenium.remote.RemoteWebDriver log
INFO: Executing: executeScript [cc1c5240d600d151d3f9d5a878bf7bd0, executeScript {"script":"return document.cookie","args":[]}]
Mar 05, 2013 12:59:22 PM org.openqa.selenium.remote.RemoteWebDriver log
INFO: Executed: [cc1c5240d600d151d3f9d5a878bf7bd0, executeScript {"script":"return document.cookie","args":[]}]
Mar 05, 2013 12:59:22 PM org.openqa.selenium.remote.RemoteWebDriver log
INFO: Executing: get [cc1c5240d600d151d3f9d5a878bf7bd0, get {"url":"http://lwo1-dhp-f35258.synapse.com:6432/common/animals"}]
Mar 05, 2013 12:59:22 PM org.openqa.selenium.remote.RemoteWebDriver log
INFO: Executed: [cc1c5240d600d151d3f9d5a878bf7bd0, get {"url":"http://lwo1-dhp-f35258.synapse.com:6432/common/animals"}]
Mar 05, 2013 12:59:22 PM org.openqa.selenium.remote.RemoteWebDriver log
INFO: Executing: deleteAllCookies [cc1c5240d600d151d3f9d5a878bf7bd0, deleteAllCookies {}]
Mar 05, 2013 12:59:22 PM org.openqa.selenium.remote.RemoteWebDriver log
INFO: Executed: [cc1c5240d600d151d3f9d5a878bf7bd0, deleteAllCookies {}]
Mar 05, 2013 12:59:22 PM org.openqa.selenium.remote.RemoteWebDriver log
INFO: Executing: getCookies [cc1c5240d600d151d3f9d5a878bf7bd0, getCookies {}]
Mar 05, 2013 12:59:22 PM org.openqa.selenium.remote.RemoteWebDriver log
INFO: Executed: [cc1c5240d600d151d3f9d5a878bf7bd0, getCookies {}]
Mar 05, 2013 12:59:22 PM org.openqa.selenium.remote.RemoteWebDriver log
INFO: Executing: executeScript [cc1c5240d600d151d3f9d5a878bf7bd0, executeScript {"script":"return document.cookie","args":[]}]
Mar 05, 2013 12:59:22 PM org.openqa.selenium.remote.RemoteWebDriver log
INFO: Executed: [cc1c5240d600d151d3f9d5a878bf7bd0, executeScript {"script":"return document.cookie","args":[]}]
Mar 05, 2013 12:59:22 PM org.openqa.selenium.remote.RemoteWebDriver log
INFO: Executing: executeScript [cc1c5240d600d151d3f9d5a878bf7bd0, executeScript {"script":"document.cookie = arguments[0] + '=set';","args":["key_1978326575"]}]
Mar 05, 2013 12:59:22 PM org.openqa.selenium.remote.RemoteWebDriver log
INFO: Executed: [cc1c5240d600d151d3f9d5a878bf7bd0, executeScript {"script":"document.cookie = arguments[0] + '=set';","args":["key_1978326575"]}]
Mar 05, 2013 12:59:22 PM org.openqa.selenium.remote.RemoteWebDriver log
INFO: Executing: executeScript [cc1c5240d600d151d3f9d5a878bf7bd0, executeScript {"script":"document.cookie = arguments[0] + '=set';","args":["key_500679842"]}]
Mar 05, 2013 12:59:22 PM org.openqa.selenium.remote.RemoteWebDriver log
INFO: Executed: [cc1c5240d600d151d3f9d5a878bf7bd0, executeScript {"script":"document.cookie = arguments[0] + '=set';","args":["key_500679842"]}]
Mar 05, 2013 12:59:22 PM org.openqa.selenium.remote.RemoteWebDriver log
INFO: Executing: getCookies [cc1c5240d600d151d3f9d5a878bf7bd0, getCookies {}]
Mar 05, 2013 12:59:22 PM org.openqa.selenium.remote.RemoteWebDriver log
INFO: Executed: [cc1c5240d600d151d3f9d5a878bf7bd0, getCookies {}]
Mar 05, 2013 12:59:22 PM org.openqa.selenium.remote.RemoteWebDriver log
INFO: Executing: executeScript [cc1c5240d600d151d3f9d5a878bf7bd0, executeScript {"script":"return document.cookie","args":[]}]
Mar 05, 2013 12:59:22 PM org.openqa.selenium.remote.RemoteWebDriver log
INFO: Executed: [cc1c5240d600d151d3f9d5a878bf7bd0, executeScript {"script":"return document.cookie","args":[]}]
Mar 05, 2013 12:59:22 PM org.openqa.selenium.remote.RemoteWebDriver log
INFO: Executing: getCookies [cc1c5240d600d151d3f9d5a878bf7bd0, getCookies {}]
Mar 05, 2013 12:59:22 PM org.openqa.selenium.remote.RemoteWebDriver log
INFO: Executed: [cc1c5240d600d151d3f9d5a878bf7bd0, getCookies {}]
Mar 05, 2013 12:59:22 PM org.openqa.selenium.remote.RemoteWebDriver log
INFO: Executing: executeScript [cc1c5240d600d151d3f9d5a878bf7bd0, executeScript {"script":"return document.cookie","args":[]}]
Mar 05, 2013 12:59:22 PM org.openqa.selenium.remote.RemoteWebDriver log
INFO: Executed: [cc1c5240d600d151d3f9d5a878bf7bd0, executeScript {"script":"return document.cookie","args":[]}]
Mar 05, 2013 12:59:22 PM org.openqa.selenium.remote.RemoteWebDriver log
INFO: Executing: deleteCookie [cc1c5240d600d151d3f9d5a878bf7bd0, deleteCookie {"name":"key_1978326575"}]
Mar 05, 2013 12:59:22 PM org.openqa.selenium.remote.RemoteWebDriver log
INFO: Executed: [cc1c5240d600d151d3f9d5a878bf7bd0, deleteCookie {"name":"key_1978326575"}]
Mar 05, 2013 12:59:22 PM org.openqa.selenium.remote.RemoteWebDriver log
INFO: Executing: getCookies [cc1c5240d600d151d3f9d5a878bf7bd0, getCookies {}]
Mar 05, 2013 12:59:22 PM org.openqa.selenium.remote.RemoteWebDriver log
INFO: Executed: [cc1c5240d600d151d3f9d5a878bf7bd0, getCookies {}]
Mar 05, 2013 12:59:22 PM org.openqa.selenium.remote.RemoteWebDriver log
INFO: Executing: executeScript [cc1c5240d600d151d3f9d5a878bf7bd0, executeScript {"script":"return document.cookie","args":[]}]
Mar 05, 2013 12:59:22 PM org.openqa.selenium.remote.RemoteWebDriver log
INFO: Executed: [cc1c5240d600d151d3f9d5a878bf7bd0, executeScript {"script":"return document.cookie","args":[]}]
Mar 05, 2013 12:59:22 PM org.openqa.selenium.remote.RemoteWebDriver log
INFO: Executing: getCookies [cc1c5240d600d151d3f9d5a878bf7bd0, getCookies {}]
Mar 05, 2013 12:59:22 PM org.openqa.selenium.remote.RemoteWebDriver log
INFO: Executed: [cc1c5240d600d151d3f9d5a878bf7bd0, getCookies {}]
Mar 05, 2013 12:59:22 PM org.openqa.selenium.remote.RemoteWebDriver log
INFO: Executing: executeScript [cc1c5240d600d151d3f9d5a878bf7bd0, executeScript {"script":"return document.cookie","args":[]}]
Mar 05, 2013 12:59:22 PM org.openqa.selenium.remote.RemoteWebDriver log
INFO: Executed: [cc1c5240d600d151d3f9d5a878bf7bd0, executeScript {"script":"return document.cookie","args":[]}]
Mar 05, 2013 12:59:22 PM org.openqa.selenium.remote.RemoteWebDriver log
INFO: Executing: get [cc1c5240d600d151d3f9d5a878bf7bd0, get {"url":"http://lwo1-dhp-f35258.synapse.com:6432/common/animals"}]
Mar 05, 2013 12:59:22 PM org.openqa.selenium.remote.RemoteWebDriver log
INFO: Executed: [cc1c5240d600d151d3f9d5a878bf7bd0, get {"url":"http://lwo1-dhp-f35258.synapse.com:6432/common/animals"}]
Mar 05, 2013 12:59:22 PM org.openqa.selenium.remote.RemoteWebDriver log
INFO: Executing: deleteAllCookies [cc1c5240d600d151d3f9d5a878bf7bd0, deleteAllCookies {}]
Mar 05, 2013 12:59:22 PM org.openqa.selenium.remote.RemoteWebDriver log
INFO: Executed: [cc1c5240d600d151d3f9d5a878bf7bd0, deleteAllCookies {}]
Mar 05, 2013 12:59:22 PM org.openqa.selenium.remote.RemoteWebDriver log
INFO: Executing: getCookies [cc1c5240d600d151d3f9d5a878bf7bd0, getCookies {}]
Mar 05, 2013 12:59:22 PM org.openqa.selenium.remote.RemoteWebDriver log
INFO: Executed: [cc1c5240d600d151d3f9d5a878bf7bd0, getCookies {}]
Mar 05, 2013 12:59:22 PM org.openqa.selenium.remote.RemoteWebDriver log
INFO: Executing: executeScript [cc1c5240d600d151d3f9d5a878bf7bd0, executeScript {"script":"return document.cookie","args":[]}]
Mar 05, 2013 12:59:22 PM org.openqa.selenium.remote.RemoteWebDriver log
INFO: Executed: [cc1c5240d600d151d3f9d5a878bf7bd0, executeScript {"script":"return document.cookie","args":[]}]
Mar 05, 2013 12:59:22 PM org.openqa.selenium.remote.RemoteWebDriver log
INFO: Executing: getCookies [cc1c5240d600d151d3f9d5a878bf7bd0, getCookies {}]
Mar 05, 2013 12:59:22 PM org.openqa.selenium.remote.RemoteWebDriver log
INFO: Executed: [cc1c5240d600d151d3f9d5a878bf7bd0, getCookies {}]
Mar 05, 2013 12:59:22 PM org.openqa.selenium.remote.RemoteWebDriver log
INFO: Executing: executeScript [cc1c5240d600d151d3f9d5a878bf7bd0, executeScript {"script":"return document.cookie","args":[]}]
Mar 05, 2013 12:59:22 PM org.openqa.selenium.remote.RemoteWebDriver log
INFO: Executed: [cc1c5240d600d151d3f9d5a878bf7bd0, executeScript {"script":"return document.cookie","args":[]}]
Mar 05, 2013 12:59:22 PM org.openqa.selenium.remote.RemoteWebDriver log
INFO: Executing: addCookie [cc1c5240d600d151d3f9d5a878bf7bd0, addCookie {"cookie":"fish=cod; path=/"}]
Mar 05, 2013 12:59:22 PM org.openqa.selenium.remote.RemoteWebDriver log
INFO: Executed: [cc1c5240d600d151d3f9d5a878bf7bd0, addCookie {"cookie":"fish=cod; path=/"}]
Mar 05, 2013 12:59:22 PM org.openqa.selenium.remote.RemoteWebDriver log
INFO: Executing: addCookie [cc1c5240d600d151d3f9d5a878bf7bd0, addCookie {"cookie":"fishx=earth; path=/"}]
Mar 05, 2013 12:59:22 PM org.openqa.selenium.remote.RemoteWebDriver log
INFO: Executed: [cc1c5240d600d151d3f9d5a878bf7bd0, addCookie {"cookie":"fishx=earth; path=/"}]
Mar 05, 2013 12:59:22 PM org.openqa.selenium.remote.RemoteWebDriver log
INFO: Executing: getCookies [cc1c5240d600d151d3f9d5a878bf7bd0, getCookies {}]
Mar 05, 2013 12:59:22 PM org.openqa.selenium.remote.RemoteWebDriver log
INFO: Executed: [cc1c5240d600d151d3f9d5a878bf7bd0, getCookies {}]
Mar 05, 2013 12:59:22 PM org.openqa.selenium.remote.RemoteWebDriver log
INFO: Executing: executeScript [cc1c5240d600d151d3f9d5a878bf7bd0, executeScript {"script":"return document.cookie","args":[]}]
Mar 05, 2013 12:59:22 PM org.openqa.selenium.remote.RemoteWebDriver log
INFO: Executed: [cc1c5240d600d151d3f9d5a878bf7bd0, executeScript {"script":"return document.cookie","args":[]}]
Mar 05, 2013 12:59:22 PM org.openqa.selenium.remote.RemoteWebDriver log
INFO: Executing: deleteCookie [cc1c5240d600d151d3f9d5a878bf7bd0, deleteCookie {"name":"fish"}]
Mar 05, 2013 12:59:22 PM org.openqa.selenium.remote.RemoteWebDriver log
INFO: Executed: [cc1c5240d600d151d3f9d5a878bf7bd0, deleteCookie {"name":"fish"}]
Mar 05, 2013 12:59:22 PM org.openqa.selenium.remote.RemoteWebDriver log
INFO: Executing: getCookies [cc1c5240d600d151d3f9d5a878bf7bd0, getCookies {}]
Mar 05, 2013 12:59:22 PM org.openqa.selenium.remote.RemoteWebDriver log
INFO: Executed: [cc1c5240d600d151d3f9d5a878bf7bd0, getCookies {}]
Mar 05, 2013 12:59:22 PM org.openqa.selenium.remote.RemoteWebDriver log
INFO: Executing: get [cc1c5240d600d151d3f9d5a878bf7bd0, get {"url":"http://lwo1-dhp-f35258.synapse.com:6432/common/animals"}]
Mar 05, 2013 12:59:22 PM org.openqa.selenium.remote.RemoteWebDriver log
INFO: Executed: [cc1c5240d600d151d3f9d5a878bf7bd0, get {"url":"http://lwo1-dhp-f35258.synapse.com:6432/common/animals"}]
Mar 05, 2013 12:59:22 PM org.openqa.selenium.remote.RemoteWebDriver log
INFO: Executing: deleteAllCookies [cc1c5240d600d151d3f9d5a878bf7bd0, deleteAllCookies {}]
Mar 05, 2013 12:59:22 PM org.openqa.selenium.remote.RemoteWebDriver log
INFO: Executed: [cc1c5240d600d151d3f9d5a878bf7bd0, deleteAllCookies {}]
Mar 05, 2013 12:59:22 PM org.openqa.selenium.remote.RemoteWebDriver log
INFO: Executing: getCookies [cc1c5240d600d151d3f9d5a878bf7bd0, getCookies {}]
Mar 05, 2013 12:59:22 PM org.openqa.selenium.remote.RemoteWebDriver log
INFO: Executed: [cc1c5240d600d151d3f9d5a878bf7bd0, getCookies {}]
Mar 05, 2013 12:59:22 PM org.openqa.selenium.remote.RemoteWebDriver log
INFO: Executing: executeScript [cc1c5240d600d151d3f9d5a878bf7bd0, executeScript {"script":"return document.cookie","args":[]}]
Mar 05, 2013 12:59:22 PM org.openqa.selenium.remote.RemoteWebDriver log
INFO: Executed: [cc1c5240d600d151d3f9d5a878bf7bd0, executeScript {"script":"return document.cookie","args":[]}]
Mar 05, 2013 12:59:22 PM org.openqa.selenium.remote.RemoteWebDriver log
INFO: Executing: get [cc1c5240d600d151d3f9d5a878bf7bd0, get {"url":"http://lwo1-dhp-f35258.synapse.com:6432/common/animals"}]
Mar 05, 2013 12:59:22 PM org.openqa.selenium.remote.RemoteWebDriver log
INFO: Executed: [cc1c5240d600d151d3f9d5a878bf7bd0, get {"url":"http://lwo1-dhp-f35258.synapse.com:6432/common/animals"}]
Mar 05, 2013 12:59:22 PM org.openqa.selenium.remote.RemoteWebDriver log
INFO: Executing: addCookie [cc1c5240d600d151d3f9d5a878bf7bd0, addCookie {"cookie":"fish=cod; path=/common/animals"}]
Mar 05, 2013 12:59:22 PM org.openqa.selenium.remote.RemoteWebDriver log
INFO: Executed: [cc1c5240d600d151d3f9d5a878bf7bd0, addCookie {"cookie":"fish=cod; path=/common/animals"}]
Mar 05, 2013 12:59:22 PM org.openqa.selenium.remote.RemoteWebDriver log
INFO: Executing: addCookie [cc1c5240d600d151d3f9d5a878bf7bd0, addCookie {"cookie":"planet=earth; path=/common/"}]
Mar 05, 2013 12:59:22 PM org.openqa.selenium.remote.RemoteWebDriver log
INFO: Executed: [cc1c5240d600d151d3f9d5a878bf7bd0, addCookie {"cookie":"planet=earth; path=/common/"}]
Mar 05, 2013 12:59:22 PM org.openqa.selenium.remote.RemoteWebDriver log
INFO: Executing: get [cc1c5240d600d151d3f9d5a878bf7bd0, get {"url":"http://lwo1-dhp-f35258.synapse.com:6432/common/animals"}]
Mar 05, 2013 12:59:22 PM org.openqa.selenium.remote.RemoteWebDriver log
INFO: Executed: [cc1c5240d600d151d3f9d5a878bf7bd0, get {"url":"http://lwo1-dhp-f35258.synapse.com:6432/common/animals"}]
Mar 05, 2013 12:59:22 PM org.openqa.selenium.remote.RemoteWebDriver log
INFO: Executing: getCookies [cc1c5240d600d151d3f9d5a878bf7bd0, getCookies {}]
Mar 05, 2013 12:59:22 PM org.openqa.selenium.remote.RemoteWebDriver log
INFO: Executed: [cc1c5240d600d151d3f9d5a878bf7bd0, getCookies {}]
Mar 05, 2013 12:59:22 PM org.openqa.selenium.remote.RemoteWebDriver log
INFO: Executing: executeScript [cc1c5240d600d151d3f9d5a878bf7bd0, executeScript {"script":"return document.cookie","args":[]}]
Mar 05, 2013 12:59:22 PM org.openqa.selenium.remote.RemoteWebDriver log
INFO: Executed: [cc1c5240d600d151d3f9d5a878bf7bd0, executeScript {"script":"return document.cookie","args":[]}]
Mar 05, 2013 12:59:22 PM org.openqa.selenium.remote.RemoteWebDriver log
INFO: Executing: getCookies [cc1c5240d600d151d3f9d5a878bf7bd0, getCookies {}]
Mar 05, 2013 12:59:22 PM org.openqa.selenium.remote.RemoteWebDriver log
INFO: Executed: [cc1c5240d600d151d3f9d5a878bf7bd0, getCookies {}]
Mar 05, 2013 12:59:22 PM org.openqa.selenium.remote.RemoteWebDriver log
INFO: Executing: executeScript [cc1c5240d600d151d3f9d5a878bf7bd0, executeScript {"script":"return document.cookie","args":[]}]
Mar 05, 2013 12:59:22 PM org.openqa.selenium.remote.RemoteWebDriver log
INFO: Executed: [cc1c5240d600d151d3f9d5a878bf7bd0, executeScript {"script":"return document.cookie","args":[]}]
Mar 05, 2013 12:59:22 PM org.openqa.selenium.remote.RemoteWebDriver log
INFO: Executing: get [cc1c5240d600d151d3f9d5a878bf7bd0, get {"url":"http://lwo1-dhp-f35258.synapse.com:6432/common/simplePage.html"}]
Mar 05, 2013 12:59:22 PM org.openqa.selenium.remote.RemoteWebDriver log
INFO: Executed: [cc1c5240d600d151d3f9d5a878bf7bd0, get {"url":"http://lwo1-dhp-f35258.synapse.com:6432/common/simplePage.html"}]
Mar 05, 2013 12:59:22 PM org.openqa.selenium.remote.RemoteWebDriver log
INFO: Executing: getCookies [cc1c5240d600d151d3f9d5a878bf7bd0, getCookies {}]
Mar 05, 2013 12:59:22 PM org.openqa.selenium.remote.RemoteWebDriver log
INFO: Executed: [cc1c5240d600d151d3f9d5a878bf7bd0, getCookies {}]
Mar 05, 2013 12:59:22 PM org.openqa.selenium.remote.RemoteWebDriver log
INFO: Executing: executeScript [cc1c5240d600d151d3f9d5a878bf7bd0, executeScript {"script":"return document.cookie","args":[]}]
Mar 05, 2013 12:59:22 PM org.openqa.selenium.remote.RemoteWebDriver log
INFO: Executed: [cc1c5240d600d151d3f9d5a878bf7bd0, executeScript {"script":"return document.cookie","args":[]}]
Mar 05, 2013 12:59:22 PM org.openqa.selenium.remote.RemoteWebDriver log
INFO: Executing: get [cc1c5240d600d151d3f9d5a878bf7bd0, get {"url":"http://lwo1-dhp-f35258.synapse.com:6432/common/animals"}]
Mar 05, 2013 12:59:22 PM org.openqa.selenium.remote.RemoteWebDriver log
INFO: Executed: [cc1c5240d600d151d3f9d5a878bf7bd0, get {"url":"http://lwo1-dhp-f35258.synapse.com:6432/common/animals"}]
Mar 05, 2013 12:59:22 PM org.openqa.selenium.remote.RemoteWebDriver log
INFO: Executing: deleteAllCookies [cc1c5240d600d151d3f9d5a878bf7bd0, deleteAllCookies {}]
Mar 05, 2013 12:59:22 PM org.openqa.selenium.remote.RemoteWebDriver log
INFO: Executed: [cc1c5240d600d151d3f9d5a878bf7bd0, deleteAllCookies {}]
Mar 05, 2013 12:59:22 PM org.openqa.selenium.remote.RemoteWebDriver log
INFO: Executing: getCookies [cc1c5240d600d151d3f9d5a878bf7bd0, getCookies {}]
Mar 05, 2013 12:59:22 PM org.openqa.selenium.remote.RemoteWebDriver log
INFO: Executed: [cc1c5240d600d151d3f9d5a878bf7bd0, getCookies {}]
Mar 05, 2013 12:59:22 PM org.openqa.selenium.remote.RemoteWebDriver log
INFO: Executing: executeScript [cc1c5240d600d151d3f9d5a878bf7bd0, executeScript {"script":"return document.cookie","args":[]}]
Mar 05, 2013 12:59:22 PM org.openqa.selenium.remote.RemoteWebDriver log
INFO: Executed: [cc1c5240d600d151d3f9d5a878bf7bd0, executeScript {"script":"return document.cookie","args":[]}]
Mar 05, 2013 12:59:22 PM org.openqa.selenium.remote.RemoteWebDriver log
INFO: Executing: addCookie [cc1c5240d600d151d3f9d5a878bf7bd0, addCookie {"cookie":"fish=cod; path=/"}]
Mar 05, 2013 12:59:22 PM org.openqa.selenium.remote.RemoteWebDriver log
INFO: Executed: [cc1c5240d600d151d3f9d5a878bf7bd0, addCookie {"cookie":"fish=cod; path=/"}]
Mar 05, 2013 12:59:22 PM org.openqa.selenium.remote.RemoteWebDriver log
INFO: Executing: getCookies [cc1c5240d600d151d3f9d5a878bf7bd0, getCookies {}]
Mar 05, 2013 12:59:22 PM org.openqa.selenium.remote.RemoteWebDriver log
INFO: Executed: [cc1c5240d600d151d3f9d5a878bf7bd0, getCookies {}]
Mar 05, 2013 12:59:22 PM org.openqa.selenium.remote.RemoteWebDriver log
INFO: Executing: executeScript [cc1c5240d600d151d3f9d5a878bf7bd0, executeScript {"script":"return document.cookie","args":[]}]
Mar 05, 2013 12:59:22 PM org.openqa.selenium.remote.RemoteWebDriver log
INFO: Executed: [cc1c5240d600d151d3f9d5a878bf7bd0, executeScript {"script":"return document.cookie","args":[]}]
Mar 05, 2013 12:59:22 PM org.openqa.selenium.remote.RemoteWebDriver log
INFO: Executing: get [cc1c5240d600d151d3f9d5a878bf7bd0, get {"url":"http://lwo1-dhp-f35258.synapse.com:6432/common/animals"}]
Mar 05, 2013 12:59:22 PM org.openqa.selenium.remote.RemoteWebDriver log
INFO: Executed: [cc1c5240d600d151d3f9d5a878bf7bd0, get {"url":"http://lwo1-dhp-f35258.synapse.com:6432/common/animals"}]
Mar 05, 2013 12:59:22 PM org.openqa.selenium.remote.RemoteWebDriver log
INFO: Executing: deleteAllCookies [cc1c5240d600d151d3f9d5a878bf7bd0, deleteAllCookies {}]
Mar 05, 2013 12:59:22 PM org.openqa.selenium.remote.RemoteWebDriver log
INFO: Executed: [cc1c5240d600d151d3f9d5a878bf7bd0, deleteAllCookies {}]
Mar 05, 2013 12:59:22 PM org.openqa.selenium.remote.RemoteWebDriver log
INFO: Executing: getCookies [cc1c5240d600d151d3f9d5a878bf7bd0, getCookies {}]
Mar 05, 2013 12:59:22 PM org.openqa.selenium.remote.RemoteWebDriver log
INFO: Executed: [cc1c5240d600d151d3f9d5a878bf7bd0, getCookies {}]
Mar 05, 2013 12:59:22 PM org.openqa.selenium.remote.RemoteWebDriver log
INFO: Executing: executeScript [cc1c5240d600d151d3f9d5a878bf7bd0, executeScript {"script":"return document.cookie","args":[]}]
Mar 05, 2013 12:59:22 PM org.openqa.selenium.remote.RemoteWebDriver log
INFO: Executed: [cc1c5240d600d151d3f9d5a878bf7bd0, executeScript {"script":"return document.cookie","args":[]}]
Mar 05, 2013 12:59:22 PM org.openqa.selenium.remote.RemoteWebDriver log
INFO: Executing: getCookies [cc1c5240d600d151d3f9d5a878bf7bd0, getCookies {}]
Mar 05, 2013 12:59:22 PM org.openqa.selenium.remote.RemoteWebDriver log
INFO: Executed: [cc1c5240d600d151d3f9d5a878bf7bd0, getCookies {}]
Mar 05, 2013 12:59:22 PM org.openqa.selenium.remote.RemoteWebDriver log
INFO: Executing: executeScript [cc1c5240d600d151d3f9d5a878bf7bd0, executeScript {"script":"return document.cookie","args":[]}]
Mar 05, 2013 12:59:22 PM org.openqa.selenium.remote.RemoteWebDriver log
INFO: Executed: [cc1c5240d600d151d3f9d5a878bf7bd0, executeScript {"script":"return document.cookie","args":[]}]
Mar 05, 2013 12:59:22 PM org.openqa.selenium.remote.RemoteWebDriver log
INFO: Executing: addCookie [cc1c5240d600d151d3f9d5a878bf7bd0, addCookie {"cookie":"name=value; path=/; domain=.synapse.com"}]
Mar 05, 2013 12:59:22 PM org.openqa.selenium.remote.RemoteWebDriver log
INFO: Executed: [cc1c5240d600d151d3f9d5a878bf7bd0, addCookie {"cookie":"name=value; path=/; domain=.synapse.com"}]
Mar 05, 2013 12:59:22 PM org.openqa.selenium.remote.RemoteWebDriver log
INFO: Executing: getCookies [cc1c5240d600d151d3f9d5a878bf7bd0, getCookies {}]
Mar 05, 2013 12:59:22 PM org.openqa.selenium.remote.RemoteWebDriver log
INFO: Executed: [cc1c5240d600d151d3f9d5a878bf7bd0, getCookies {}]
Mar 05, 2013 12:59:22 PM org.openqa.selenium.remote.RemoteWebDriver log
INFO: Executing: executeScript [cc1c5240d600d151d3f9d5a878bf7bd0, executeScript {"script":"return document.cookie","args":[]}]
Mar 05, 2013 12:59:22 PM org.openqa.selenium.remote.RemoteWebDriver log
INFO: Executed: [cc1c5240d600d151d3f9d5a878bf7bd0, executeScript {"script":"return document.cookie","args":[]}]
Mar 05, 2013 12:59:22 PM org.openqa.selenium.remote.RemoteWebDriver log
INFO: Executing: get [cc1c5240d600d151d3f9d5a878bf7bd0, get {"url":"http://lwo1-dhp-f35258.synapse.com:6432/common/animals"}]
Mar 05, 2013 12:59:22 PM org.openqa.selenium.remote.RemoteWebDriver log
INFO: Executed: [cc1c5240d600d151d3f9d5a878bf7bd0, get {"url":"http://lwo1-dhp-f35258.synapse.com:6432/common/animals"}]
Mar 05, 2013 12:59:22 PM org.openqa.selenium.remote.RemoteWebDriver log
INFO: Executing: deleteAllCookies [cc1c5240d600d151d3f9d5a878bf7bd0, deleteAllCookies {}]
Mar 05, 2013 12:59:22 PM org.openqa.selenium.remote.RemoteWebDriver log
INFO: Executed: [cc1c5240d600d151d3f9d5a878bf7bd0, deleteAllCookies {}]
Mar 05, 2013 12:59:22 PM org.openqa.selenium.remote.RemoteWebDriver log
INFO: Executing: getCookies [cc1c5240d600d151d3f9d5a878bf7bd0, getCookies {}]
Mar 05, 2013 12:59:22 PM org.openqa.selenium.remote.RemoteWebDriver log
INFO: Executed: [cc1c5240d600d151d3f9d5a878bf7bd0, getCookies {}]
Mar 05, 2013 12:59:22 PM org.openqa.selenium.remote.RemoteWebDriver log
INFO: Executing: executeScript [cc1c5240d600d151d3f9d5a878bf7bd0, executeScript {"script":"return document.cookie","args":[]}]
Mar 05, 2013 12:59:22 PM org.openqa.selenium.remote.RemoteWebDriver log
INFO: Executed: [cc1c5240d600d151d3f9d5a878bf7bd0, executeScript {"script":"return document.cookie","args":[]}]
Mar 05, 2013 12:59:22 PM org.openqa.selenium.remote.RemoteWebDriver log
INFO: Executing: getCurrentUrl [cc1c5240d600d151d3f9d5a878bf7bd0, getCurrentUrl {}]
Mar 05, 2013 12:59:22 PM org.openqa.selenium.remote.RemoteWebDriver log
INFO: Executed: [cc1c5240d600d151d3f9d5a878bf7bd0, getCurrentUrl {}]
Mar 05, 2013 12:59:22 PM org.openqa.selenium.remote.RemoteWebDriver log
INFO: Executing: addCookie [cc1c5240d600d151d3f9d5a878bf7bd0, addCookie {"cookie":"fish=cod; path=/; domain=lwo1-dhp-f35258.synapse.com"}]
Mar 05, 2013 12:59:22 PM org.openqa.selenium.remote.RemoteWebDriver log
INFO: Executed: [cc1c5240d600d151d3f9d5a878bf7bd0, addCookie {"cookie":"fish=cod; path=/; domain=lwo1-dhp-f35258.synapse.com"}]
Mar 05, 2013 12:59:22 PM org.openqa.selenium.remote.RemoteWebDriver log
INFO: Executing: get [cc1c5240d600d151d3f9d5a878bf7bd0, get {"url":"http://lwo1-dhp-f35258.synapse.com:6432/common/javascriptPage.html"}]
Mar 05, 2013 12:59:22 PM org.openqa.selenium.remote.RemoteWebDriver log
INFO: Executed: [cc1c5240d600d151d3f9d5a878bf7bd0, get {"url":"http://lwo1-dhp-f35258.synapse.com:6432/common/javascriptPage.html"}]
Mar 05, 2013 12:59:22 PM org.openqa.selenium.remote.RemoteWebDriver log
INFO: Executing: getCookies [cc1c5240d600d151d3f9d5a878bf7bd0, getCookies {}]
Mar 05, 2013 12:59:22 PM org.openqa.selenium.remote.RemoteWebDriver log
INFO: Executed: [cc1c5240d600d151d3f9d5a878bf7bd0, getCookies {}]
Mar 05, 2013 12:59:22 PM org.openqa.selenium.remote.RemoteWebDriver log
INFO: Executing: get [cc1c5240d600d151d3f9d5a878bf7bd0, get {"url":"http://lwo1-dhp-f35258.synapse.com:6432/common/animals"}]
Mar 05, 2013 12:59:22 PM org.openqa.selenium.remote.RemoteWebDriver log
INFO: Executed: [cc1c5240d600d151d3f9d5a878bf7bd0, get {"url":"http://lwo1-dhp-f35258.synapse.com:6432/common/animals"}]
Mar 05, 2013 12:59:22 PM org.openqa.selenium.remote.RemoteWebDriver log
INFO: Executing: deleteAllCookies [cc1c5240d600d151d3f9d5a878bf7bd0, deleteAllCookies {}]
Mar 05, 2013 12:59:22 PM org.openqa.selenium.remote.RemoteWebDriver log
INFO: Executed: [cc1c5240d600d151d3f9d5a878bf7bd0, deleteAllCookies {}]
Mar 05, 2013 12:59:22 PM org.openqa.selenium.remote.RemoteWebDriver log
INFO: Executing: getCookies [cc1c5240d600d151d3f9d5a878bf7bd0, getCookies {}]
Mar 05, 2013 12:59:22 PM org.openqa.selenium.remote.RemoteWebDriver log
INFO: Executed: [cc1c5240d600d151d3f9d5a878bf7bd0, getCookies {}]
Mar 05, 2013 12:59:22 PM org.openqa.selenium.remote.RemoteWebDriver log
INFO: Executing: executeScript [cc1c5240d600d151d3f9d5a878bf7bd0, executeScript {"script":"return document.cookie","args":[]}]
Mar 05, 2013 12:59:22 PM org.openqa.selenium.remote.RemoteWebDriver log
INFO: Executed: [cc1c5240d600d151d3f9d5a878bf7bd0, executeScript {"script":"return document.cookie","args":[]}]
Mar 05, 2013 12:59:22 PM org.openqa.selenium.remote.RemoteWebDriver log
INFO: Executing: addCookie [cc1c5240d600d151d3f9d5a878bf7bd0, addCookie {"cookie":"fish=cod; path=/"}]
Mar 05, 2013 12:59:22 PM org.openqa.selenium.remote.RemoteWebDriver log
INFO: Executed: [cc1c5240d600d151d3f9d5a878bf7bd0, addCookie {"cookie":"fish=cod; path=/"}]
Mar 05, 2013 12:59:22 PM org.openqa.selenium.remote.RemoteWebDriver log
INFO: Executing: get [cc1c5240d600d151d3f9d5a878bf7bd0, get {"url":"http://lwo1-dhp-f35258.synapse.com:6432/common/child/childPage.html"}]
Mar 05, 2013 12:59:22 PM org.openqa.selenium.remote.RemoteWebDriver log
INFO: Executed: [cc1c5240d600d151d3f9d5a878bf7bd0, get {"url":"http://lwo1-dhp-f35258.synapse.com:6432/common/child/childPage.html"}]
Mar 05, 2013 12:59:22 PM org.openqa.selenium.remote.RemoteWebDriver log
INFO: Executing: addCookie [cc1c5240d600d151d3f9d5a878bf7bd0, addCookie {"cookie":"rodent=hamster; path=/child"}]
Mar 05, 2013 12:59:22 PM org.openqa.selenium.remote.RemoteWebDriver log
INFO: Executed: [cc1c5240d600d151d3f9d5a878bf7bd0, addCookie {"cookie":"rodent=hamster; path=/child"}]
Mar 05, 2013 12:59:22 PM org.openqa.selenium.remote.RemoteWebDriver log
INFO: Executing: get [cc1c5240d600d151d3f9d5a878bf7bd0, get {"url":"http://lwo1-dhp-f35258.synapse.com:6432/common/child/grandchild/grandchildPage.html"}]
Mar 05, 2013 12:59:22 PM org.openqa.selenium.remote.RemoteWebDriver log
INFO: Executed: [cc1c5240d600d151d3f9d5a878bf7bd0, get {"url":"http://lwo1-dhp-f35258.synapse.com:6432/common/child/grandchild/grandchildPage.html"}]
Mar 05, 2013 12:59:22 PM org.openqa.selenium.remote.RemoteWebDriver log
INFO: Executing: addCookie [cc1c5240d600d151d3f9d5a878bf7bd0, addCookie {"cookie":"dog=dalmation; path=/child/grandchild/"}]
Mar 05, 2013 12:59:22 PM org.openqa.selenium.remote.RemoteWebDriver log
INFO: Executed: [cc1c5240d600d151d3f9d5a878bf7bd0, addCookie {"cookie":"dog=dalmation; path=/child/grandchild/"}]
Mar 05, 2013 12:59:22 PM org.openqa.selenium.remote.RemoteWebDriver log
INFO: Executing: get [cc1c5240d600d151d3f9d5a878bf7bd0, get {"url":"http://lwo1-dhp-f35258.synapse.com:6432/common/child/grandchild/grandchildPage.html"}]
Mar 05, 2013 12:59:22 PM org.openqa.selenium.remote.RemoteWebDriver log
INFO: Executed: [cc1c5240d600d151d3f9d5a878bf7bd0, get {"url":"http://lwo1-dhp-f35258.synapse.com:6432/common/child/grandchild/grandchildPage.html"}]
Mar 05, 2013 12:59:22 PM org.openqa.selenium.remote.RemoteWebDriver log
INFO: Executing: deleteCookie [cc1c5240d600d151d3f9d5a878bf7bd0, deleteCookie {"name":"rodent"}]
Mar 05, 2013 12:59:22 PM org.openqa.selenium.remote.RemoteWebDriver log
INFO: Executed: [cc1c5240d600d151d3f9d5a878bf7bd0, deleteCookie {"name":"rodent"}]
Mar 05, 2013 12:59:22 PM org.openqa.selenium.remote.RemoteWebDriver log
INFO: Executing: getCookies [cc1c5240d600d151d3f9d5a878bf7bd0, getCookies {}]
Mar 05, 2013 12:59:22 PM org.openqa.selenium.remote.RemoteWebDriver log
INFO: Executed: [cc1c5240d600d151d3f9d5a878bf7bd0, getCookies {}]
Mar 05, 2013 12:59:22 PM org.openqa.selenium.remote.RemoteWebDriver log
INFO: Executing: getCookies [cc1c5240d600d151d3f9d5a878bf7bd0, getCookies {}]
Mar 05, 2013 12:59:22 PM org.openqa.selenium.remote.RemoteWebDriver log
INFO: Executed: [cc1c5240d600d151d3f9d5a878bf7bd0, getCookies {}]
Mar 05, 2013 12:59:22 PM org.openqa.selenium.remote.RemoteWebDriver log
INFO: Executing: getCookies [cc1c5240d600d151d3f9d5a878bf7bd0, getCookies {}]
Mar 05, 2013 12:59:22 PM org.openqa.selenium.remote.RemoteWebDriver log
INFO: Executed: [cc1c5240d600d151d3f9d5a878bf7bd0, getCookies {}]
Mar 05, 2013 12:59:22 PM org.openqa.selenium.remote.RemoteWebDriver log
INFO: Executing: get [cc1c5240d600d151d3f9d5a878bf7bd0, get {"url":"http://lwo1-dhp-f35258.synapse.com:6432/common/animals"}]
Mar 05, 2013 12:59:22 PM org.openqa.selenium.remote.RemoteWebDriver log
INFO: Executed: [cc1c5240d600d151d3f9d5a878bf7bd0, get {"url":"http://lwo1-dhp-f35258.synapse.com:6432/common/animals"}]
Mar 05, 2013 12:59:22 PM org.openqa.selenium.remote.RemoteWebDriver log
INFO: Executing: deleteAllCookies [cc1c5240d600d151d3f9d5a878bf7bd0, deleteAllCookies {}]
Mar 05, 2013 12:59:22 PM org.openqa.selenium.remote.RemoteWebDriver log
INFO: Executed: [cc1c5240d600d151d3f9d5a878bf7bd0, deleteAllCookies {}]
Mar 05, 2013 12:59:22 PM org.openqa.selenium.remote.RemoteWebDriver log
INFO: Executing: getCookies [cc1c5240d600d151d3f9d5a878bf7bd0, getCookies {}]
Mar 05, 2013 12:59:22 PM org.openqa.selenium.remote.RemoteWebDriver log
INFO: Executed: [cc1c5240d600d151d3f9d5a878bf7bd0, getCookies {}]
Mar 05, 2013 12:59:22 PM org.openqa.selenium.remote.RemoteWebDriver log
INFO: Executing: executeScript [cc1c5240d600d151d3f9d5a878bf7bd0, executeScript {"script":"return document.cookie","args":[]}]
Mar 05, 2013 12:59:22 PM org.openqa.selenium.remote.RemoteWebDriver log
INFO: Executed: [cc1c5240d600d151d3f9d5a878bf7bd0, executeScript {"script":"return document.cookie","args":[]}]
Mar 05, 2013 12:59:22 PM org.openqa.selenium.remote.RemoteWebDriver log
INFO: Executing: getCurrentUrl [cc1c5240d600d151d3f9d5a878bf7bd0, getCurrentUrl {}]
Mar 05, 2013 12:59:22 PM org.openqa.selenium.remote.RemoteWebDriver log
INFO: Executed: [cc1c5240d600d151d3f9d5a878bf7bd0, getCurrentUrl {}]
Mar 05, 2013 12:59:22 PM org.openqa.selenium.remote.RemoteWebDriver log
INFO: Executing: getCookies [cc1c5240d600d151d3f9d5a878bf7bd0, getCookies {}]
Mar 05, 2013 12:59:22 PM org.openqa.selenium.remote.RemoteWebDriver log
INFO: Executed: [cc1c5240d600d151d3f9d5a878bf7bd0, getCookies {}]
Mar 05, 2013 12:59:22 PM org.openqa.selenium.remote.RemoteWebDriver log
INFO: Executing: executeScript [cc1c5240d600d151d3f9d5a878bf7bd0, executeScript {"script":"return document.cookie","args":[]}]
Mar 05, 2013 12:59:22 PM org.openqa.selenium.remote.RemoteWebDriver log
INFO: Executed: [cc1c5240d600d151d3f9d5a878bf7bd0, executeScript {"script":"return document.cookie","args":[]}]
Mar 05, 2013 12:59:22 PM org.openqa.selenium.remote.RemoteWebDriver log
INFO: Executing: addCookie [cc1c5240d600d151d3f9d5a878bf7bd0, addCookie {"cookie":"name=value; path=/; domain=lwo1-dhp-f35258.synapse.com"}]
Mar 05, 2013 12:59:22 PM org.openqa.selenium.remote.RemoteWebDriver log
INFO: Executed: [cc1c5240d600d151d3f9d5a878bf7bd0, addCookie {"cookie":"name=value; path=/; domain=lwo1-dhp-f35258.synapse.com"}]
Mar 05, 2013 12:59:22 PM org.openqa.selenium.remote.RemoteWebDriver log
INFO: Executing: getCookies [cc1c5240d600d151d3f9d5a878bf7bd0, getCookies {}]
Mar 05, 2013 12:59:22 PM org.openqa.selenium.remote.RemoteWebDriver log
INFO: Executed: [cc1c5240d600d151d3f9d5a878bf7bd0, getCookies {}]
Mar 05, 2013 12:59:22 PM org.openqa.selenium.remote.RemoteWebDriver log
INFO: Executing: executeScript [cc1c5240d600d151d3f9d5a878bf7bd0, executeScript {"script":"return document.cookie","args":[]}]
Mar 05, 2013 12:59:22 PM org.openqa.selenium.remote.RemoteWebDriver log
INFO: Executed: [cc1c5240d600d151d3f9d5a878bf7bd0, executeScript {"script":"return document.cookie","args":[]}]
Mar 05, 2013 12:59:22 PM org.openqa.selenium.remote.RemoteWebDriver log
INFO: Executing: get [cc1c5240d600d151d3f9d5a878bf7bd0, get {"url":"http://lwo1-dhp-f35258.synapse.com:6432/common/animals"}]
Mar 05, 2013 12:59:22 PM org.openqa.selenium.remote.RemoteWebDriver log
INFO: Executed: [cc1c5240d600d151d3f9d5a878bf7bd0, get {"url":"http://lwo1-dhp-f35258.synapse.com:6432/common/animals"}]
Mar 05, 2013 12:59:22 PM org.openqa.selenium.remote.RemoteWebDriver log
INFO: Executing: deleteAllCookies [cc1c5240d600d151d3f9d5a878bf7bd0, deleteAllCookies {}]
Mar 05, 2013 12:59:22 PM org.openqa.selenium.remote.RemoteWebDriver log
INFO: Executed: [cc1c5240d600d151d3f9d5a878bf7bd0, deleteAllCookies {}]
Mar 05, 2013 12:59:22 PM org.openqa.selenium.remote.RemoteWebDriver log
INFO: Executing: getCookies [cc1c5240d600d151d3f9d5a878bf7bd0, getCookies {}]
Mar 05, 2013 12:59:22 PM org.openqa.selenium.remote.RemoteWebDriver log
INFO: Executed: [cc1c5240d600d151d3f9d5a878bf7bd0, getCookies {}]
Mar 05, 2013 12:59:22 PM org.openqa.selenium.remote.RemoteWebDriver log
INFO: Executing: executeScript [cc1c5240d600d151d3f9d5a878bf7bd0, executeScript {"script":"return document.cookie","args":[]}]
Mar 05, 2013 12:59:22 PM org.openqa.selenium.remote.RemoteWebDriver log
INFO: Executed: [cc1c5240d600d151d3f9d5a878bf7bd0, executeScript {"script":"return document.cookie","args":[]}]
Mar 05, 2013 12:59:22 PM org.openqa.selenium.remote.RemoteWebDriver log
INFO: Executing: get [cc1c5240d600d151d3f9d5a878bf7bd0, get {"url":"http://lwo1-dhp-f35258.synapse.com:6432/common/common/animals"}]
Mar 05, 2013 12:59:22 PM org.openqa.selenium.remote.RemoteWebDriver log
INFO: Executed: [cc1c5240d600d151d3f9d5a878bf7bd0, get {"url":"http://lwo1-dhp-f35258.synapse.com:6432/common/common/animals"}]
Mar 05, 2013 12:59:22 PM org.openqa.selenium.remote.RemoteWebDriver log
INFO: Executing: deleteAllCookies [cc1c5240d600d151d3f9d5a878bf7bd0, deleteAllCookies {}]
Mar 05, 2013 12:59:22 PM org.openqa.selenium.remote.RemoteWebDriver log
INFO: Executed: [cc1c5240d600d151d3f9d5a878bf7bd0, deleteAllCookies {}]
Mar 05, 2013 12:59:22 PM org.openqa.selenium.remote.RemoteWebDriver log
INFO: Executing: addCookie [cc1c5240d600d151d3f9d5a878bf7bd0, addCookie {"cookie":"fish=cod; expires=Tue, 05 Mar 2013 01:16:02 EET; path=/common/animals"}]
Mar 05, 2013 12:59:22 PM org.openqa.selenium.remote.RemoteWebDriver log
INFO: Executed: [cc1c5240d600d151d3f9d5a878bf7bd0, addCookie {"cookie":"fish=cod; expires=Tue, 05 Mar 2013 01:16:02 EET; path=/common/animals"}]
Mar 05, 2013 12:59:22 PM org.openqa.selenium.remote.RemoteWebDriver log
INFO: Executing: getCookies [cc1c5240d600d151d3f9d5a878bf7bd0, getCookies {}]
Mar 05, 2013 12:59:22 PM org.openqa.selenium.remote.RemoteWebDriver log
INFO: Executed: [cc1c5240d600d151d3f9d5a878bf7bd0, getCookies {}]
Mar 05, 2013 12:59:22 PM org.openqa.selenium.remote.RemoteWebDriver log
INFO: Executing: get [cc1c5240d600d151d3f9d5a878bf7bd0, get {"url":"http://lwo1-dhp-f35258.synapse.com:6432/common/animals"}]
Mar 05, 2013 12:59:22 PM org.openqa.selenium.remote.RemoteWebDriver log
INFO: Executed: [cc1c5240d600d151d3f9d5a878bf7bd0, get {"url":"http://lwo1-dhp-f35258.synapse.com:6432/common/animals"}]
Mar 05, 2013 12:59:22 PM org.openqa.selenium.remote.RemoteWebDriver log
INFO: Executing: deleteAllCookies [cc1c5240d600d151d3f9d5a878bf7bd0, deleteAllCookies {}]
Mar 05, 2013 12:59:22 PM org.openqa.selenium.remote.RemoteWebDriver log
INFO: Executed: [cc1c5240d600d151d3f9d5a878bf7bd0, deleteAllCookies {}]
Mar 05, 2013 12:59:22 PM org.openqa.selenium.remote.RemoteWebDriver log
INFO: Executing: getCookies [cc1c5240d600d151d3f9d5a878bf7bd0, getCookies {}]
Mar 05, 2013 12:59:22 PM org.openqa.selenium.remote.RemoteWebDriver log
INFO: Executed: [cc1c5240d600d151d3f9d5a878bf7bd0, getCookies {}]
Mar 05, 2013 12:59:22 PM org.openqa.selenium.remote.RemoteWebDriver log
INFO: Executing: executeScript [cc1c5240d600d151d3f9d5a878bf7bd0, executeScript {"script":"return document.cookie","args":[]}]
Mar 05, 2013 12:59:22 PM org.openqa.selenium.remote.RemoteWebDriver log
INFO: Executed: [cc1c5240d600d151d3f9d5a878bf7bd0, executeScript {"script":"return document.cookie","args":[]}]
Mar 05, 2013 12:59:22 PM org.openqa.selenium.remote.RemoteWebDriver log
INFO: Executing: addCookie [cc1c5240d600d151d3f9d5a878bf7bd0, addCookie {"cookie":"fish=cod; expires=Tue, 05 Mar 2013 01:16:02 EET; path=/common/animals"}]
Mar 05, 2013 12:59:22 PM org.openqa.selenium.remote.RemoteWebDriver log
INFO: Executed: [cc1c5240d600d151d3f9d5a878bf7bd0, addCookie {"cookie":"fish=cod; expires=Tue, 05 Mar 2013 01:16:02 EET; path=/common/animals"}]
Mar 05, 2013 12:59:22 PM org.openqa.selenium.remote.RemoteWebDriver log
INFO: Executing: getCookies [cc1c5240d600d151d3f9d5a878bf7bd0, getCookies {}]
Mar 05, 2013 12:59:22 PM org.openqa.selenium.remote.RemoteWebDriver log
INFO: Executed: [cc1c5240d600d151d3f9d5a878bf7bd0, getCookies {}]
Mar 05, 2013 12:59:22 PM org.openqa.selenium.remote.RemoteWebDriver log
INFO: Executing: get [cc1c5240d600d151d3f9d5a878bf7bd0, get {"url":"http://lwo1-dhp-f35258.synapse.com:6432/common/animals"}]
Mar 05, 2013 12:59:22 PM org.openqa.selenium.remote.RemoteWebDriver log
INFO: Executed: [cc1c5240d600d151d3f9d5a878bf7bd0, get {"url":"http://lwo1-dhp-f35258.synapse.com:6432/common/animals"}]
Mar 05, 2013 12:59:22 PM org.openqa.selenium.remote.RemoteWebDriver log
INFO: Executing: deleteAllCookies [cc1c5240d600d151d3f9d5a878bf7bd0, deleteAllCookies {}]
Mar 05, 2013 12:59:22 PM org.openqa.selenium.remote.RemoteWebDriver log
INFO: Executed: [cc1c5240d600d151d3f9d5a878bf7bd0, deleteAllCookies {}]
Mar 05, 2013 12:59:22 PM org.openqa.selenium.remote.RemoteWebDriver log
INFO: Executing: getCookies [cc1c5240d600d151d3f9d5a878bf7bd0, getCookies {}]
Mar 05, 2013 12:59:22 PM org.openqa.selenium.remote.RemoteWebDriver log
INFO: Executed: [cc1c5240d600d151d3f9d5a878bf7bd0, getCookies {}]
Mar 05, 2013 12:59:22 PM org.openqa.selenium.remote.RemoteWebDriver log
INFO: Executing: executeScript [cc1c5240d600d151d3f9d5a878bf7bd0, executeScript {"script":"return document.cookie","args":[]}]
Mar 05, 2013 12:59:23 PM org.openqa.selenium.remote.RemoteWebDriver log
INFO: Executed: [cc1c5240d600d151d3f9d5a878bf7bd0, executeScript {"script":"return document.cookie","args":[]}]
Mar 05, 2013 12:59:23 PM org.openqa.selenium.remote.RemoteWebDriver log
INFO: Executing: addCookie [cc1c5240d600d151d3f9d5a878bf7bd0, addCookie {"cookie":"expired=yes; expires=Tue, 05 Mar 2013 12:59:22 EET; path=/"}]
Mar 05, 2013 12:59:23 PM org.openqa.selenium.remote.RemoteWebDriver log
INFO: Executed: [cc1c5240d600d151d3f9d5a878bf7bd0, addCookie {"cookie":"expired=yes; expires=Tue, 05 Mar 2013 12:59:22 EET; path=/"}]
Mar 05, 2013 12:59:23 PM org.openqa.selenium.remote.RemoteWebDriver log
INFO: Executing: getCookies [cc1c5240d600d151d3f9d5a878bf7bd0, getCookies {}]
Mar 05, 2013 12:59:23 PM org.openqa.selenium.remote.RemoteWebDriver log
INFO: Executed: [cc1c5240d600d151d3f9d5a878bf7bd0, getCookies {}]
Mar 05, 2013 12:59:23 PM org.openqa.selenium.remote.RemoteWebDriver log
INFO: Executing: get [cc1c5240d600d151d3f9d5a878bf7bd0, get {"url":"http://lwo1-dhp-f35258.synapse.com:6432/common/animals"}]
Mar 05, 2013 12:59:23 PM org.openqa.selenium.remote.RemoteWebDriver log
INFO: Executed: [cc1c5240d600d151d3f9d5a878bf7bd0, get {"url":"http://lwo1-dhp-f35258.synapse.com:6432/common/animals"}]
Mar 05, 2013 12:59:23 PM org.openqa.selenium.remote.RemoteWebDriver log
INFO: Executing: deleteAllCookies [cc1c5240d600d151d3f9d5a878bf7bd0, deleteAllCookies {}]
Mar 05, 2013 12:59:23 PM org.openqa.selenium.remote.RemoteWebDriver log
INFO: Executed: [cc1c5240d600d151d3f9d5a878bf7bd0, deleteAllCookies {}]
Mar 05, 2013 12:59:23 PM org.openqa.selenium.remote.RemoteWebDriver log
INFO: Executing: getCookies [cc1c5240d600d151d3f9d5a878bf7bd0, getCookies {}]
Mar 05, 2013 12:59:23 PM org.openqa.selenium.remote.RemoteWebDriver log
INFO: Executed: [cc1c5240d600d151d3f9d5a878bf7bd0, getCookies {}]
Mar 05, 2013 12:59:23 PM org.openqa.selenium.remote.RemoteWebDriver log
INFO: Executing: executeScript [cc1c5240d600d151d3f9d5a878bf7bd0, executeScript {"script":"return document.cookie","args":[]}]
Mar 05, 2013 12:59:23 PM org.openqa.selenium.remote.RemoteWebDriver log
INFO: Executed: [cc1c5240d600d151d3f9d5a878bf7bd0, executeScript {"script":"return document.cookie","args":[]}]
Mar 05, 2013 12:59:23 PM org.openqa.selenium.remote.RemoteWebDriver log
INFO: Executing: getCookies [cc1c5240d600d151d3f9d5a878bf7bd0, getCookies {}]
Mar 05, 2013 12:59:23 PM org.openqa.selenium.remote.RemoteWebDriver log
INFO: Executed: [cc1c5240d600d151d3f9d5a878bf7bd0, getCookies {}]
Mar 05, 2013 12:59:23 PM org.openqa.selenium.remote.RemoteWebDriver log
INFO: Executing: executeScript [cc1c5240d600d151d3f9d5a878bf7bd0, executeScript {"script":"return document.cookie","args":[]}]
Mar 05, 2013 12:59:23 PM org.openqa.selenium.remote.RemoteWebDriver log
INFO: Executed: [cc1c5240d600d151d3f9d5a878bf7bd0, executeScript {"script":"return document.cookie","args":[]}]
Mar 05, 2013 12:59:23 PM org.openqa.selenium.remote.RemoteWebDriver log
INFO: Executing: addCookie [cc1c5240d600d151d3f9d5a878bf7bd0, addCookie {"cookie":"key_-983583206=foo; path=/"}]
Mar 05, 2013 12:59:23 PM org.openqa.selenium.remote.RemoteWebDriver log
INFO: Executed: [cc1c5240d600d151d3f9d5a878bf7bd0, addCookie {"cookie":"key_-983583206=foo; path=/"}]
Mar 05, 2013 12:59:23 PM org.openqa.selenium.remote.RemoteWebDriver log
INFO: Executing: getCookies [cc1c5240d600d151d3f9d5a878bf7bd0, getCookies {}]
Mar 05, 2013 12:59:23 PM org.openqa.selenium.remote.RemoteWebDriver log
INFO: Executed: [cc1c5240d600d151d3f9d5a878bf7bd0, getCookies {}]
Mar 05, 2013 12:59:23 PM org.openqa.selenium.remote.RemoteWebDriver log
INFO: Executing: executeScript [cc1c5240d600d151d3f9d5a878bf7bd0, executeScript {"script":"return document.cookie","args":[]}]
Mar 05, 2013 12:59:23 PM org.openqa.selenium.remote.RemoteWebDriver log
INFO: Executed: [cc1c5240d600d151d3f9d5a878bf7bd0, executeScript {"script":"return document.cookie","args":[]}]
Mar 05, 2013 12:59:23 PM org.openqa.selenium.remote.RemoteWebDriver log
INFO: Executing: get [cc1c5240d600d151d3f9d5a878bf7bd0, get {"url":"http://lwo1-dhp-f35258.synapse.com:6432/common/javascriptPage.html"}]
Mar 05, 2013 12:59:23 PM org.openqa.selenium.remote.RemoteWebDriver log
INFO: Executed: [cc1c5240d600d151d3f9d5a878bf7bd0, get {"url":"http://lwo1-dhp-f35258.synapse.com:6432/common/javascriptPage.html"}]
Mar 05, 2013 12:59:23 PM org.openqa.selenium.remote.RemoteWebDriver log
INFO: Executing: findElement [cc1c5240d600d151d3f9d5a878bf7bd0, findElement {"using":"id","value":"plainButton"}]
Mar 05, 2013 12:59:23 PM org.openqa.selenium.remote.RemoteWebDriver log
INFO: Executed: [cc1c5240d600d151d3f9d5a878bf7bd0, findElement {"using":"id","value":"plainButton"}]
Mar 05, 2013 12:59:23 PM org.openqa.selenium.remote.RemoteWebDriver log
INFO: Executing: clickElement [cc1c5240d600d151d3f9d5a878bf7bd0, clickElement {"id":":wdc:1362481163158"}]
Mar 05, 2013 12:59:23 PM org.openqa.selenium.remote.RemoteWebDriver log
INFO: Executed: [cc1c5240d600d151d3f9d5a878bf7bd0, clickElement {"id":":wdc:1362481163158"}]
Mar 05, 2013 12:59:23 PM org.openqa.selenium.remote.RemoteWebDriver log
INFO: Executing: findElement [cc1c5240d600d151d3f9d5a878bf7bd0, findElement {"using":"id","value":"result"}]
Mar 05, 2013 12:59:23 PM org.openqa.selenium.remote.RemoteWebDriver log
INFO: Executed: [cc1c5240d600d151d3f9d5a878bf7bd0, findElement {"using":"id","value":"result"}]
Mar 05, 2013 12:59:23 PM org.openqa.selenium.remote.RemoteWebDriver log
INFO: Executing: getElementText [cc1c5240d600d151d3f9d5a878bf7bd0, getElementText {"id":":wdc:1362481163159"}]
Mar 05, 2013 12:59:23 PM org.openqa.selenium.remote.RemoteWebDriver log
INFO: Executed: [cc1c5240d600d151d3f9d5a878bf7bd0, getElementText {"id":":wdc:1362481163159"}]
Mar 05, 2013 12:59:23 PM org.openqa.selenium.remote.RemoteWebDriver log
INFO: Executing: get [cc1c5240d600d151d3f9d5a878bf7bd0, get {"url":"http://lwo1-dhp-f35258.synapse.com:6432/common/javascriptPage.html"}]
Mar 05, 2013 12:59:23 PM org.openqa.selenium.remote.RemoteWebDriver log
INFO: Executed: [cc1c5240d600d151d3f9d5a878bf7bd0, get {"url":"http://lwo1-dhp-f35258.synapse.com:6432/common/javascriptPage.html"}]
Mar 05, 2013 12:59:23 PM org.openqa.selenium.remote.RemoteWebDriver log
INFO: Executing: findElement [cc1c5240d600d151d3f9d5a878bf7bd0, findElement {"using":"id","value":"plainButton"}]
Mar 05, 2013 12:59:23 PM org.openqa.selenium.remote.RemoteWebDriver log
INFO: Executed: [cc1c5240d600d151d3f9d5a878bf7bd0, findElement {"using":"id","value":"plainButton"}]
Mar 05, 2013 12:59:23 PM org.openqa.selenium.remote.RemoteWebDriver log
INFO: Executing: clickElement [cc1c5240d600d151d3f9d5a878bf7bd0, clickElement {"id":":wdc:1362481163489"}]
Mar 05, 2013 12:59:23 PM org.openqa.selenium.remote.RemoteWebDriver log
INFO: Executed: [cc1c5240d600d151d3f9d5a878bf7bd0, clickElement {"id":":wdc:1362481163489"}]
Mar 05, 2013 12:59:23 PM org.openqa.selenium.remote.RemoteWebDriver log
INFO: Executing: findElement [cc1c5240d600d151d3f9d5a878bf7bd0, findElement {"using":"id","value":"result"}]
Mar 05, 2013 12:59:23 PM org.openqa.selenium.remote.RemoteWebDriver log
INFO: Executed: [cc1c5240d600d151d3f9d5a878bf7bd0, findElement {"using":"id","value":"result"}]
Mar 05, 2013 12:59:23 PM org.openqa.selenium.remote.RemoteWebDriver log
INFO: Executing: getElementText [cc1c5240d600d151d3f9d5a878bf7bd0, getElementText {"id":":wdc:1362481163490"}]
Mar 05, 2013 12:59:23 PM org.openqa.selenium.remote.RemoteWebDriver log
INFO: Executed: [cc1c5240d600d151d3f9d5a878bf7bd0, getElementText {"id":":wdc:1362481163490"}]
Mar 05, 2013 12:59:23 PM org.openqa.selenium.remote.RemoteWebDriver log
INFO: Executing: get [cc1c5240d600d151d3f9d5a878bf7bd0, get {"url":"http://lwo1-dhp-f35258.synapse.com:6432/common/javascriptPage.html"}]
Mar 05, 2013 12:59:23 PM org.openqa.selenium.remote.RemoteWebDriver log
INFO: Executed: [cc1c5240d600d151d3f9d5a878bf7bd0, get {"url":"http://lwo1-dhp-f35258.synapse.com:6432/common/javascriptPage.html"}]
Mar 05, 2013 12:59:23 PM org.openqa.selenium.remote.RemoteWebDriver log
INFO: Executing: findElement [cc1c5240d600d151d3f9d5a878bf7bd0, findElement {"using":"id","value":"plainButton"}]
Mar 05, 2013 12:59:23 PM org.openqa.selenium.remote.RemoteWebDriver log
INFO: Executed: [cc1c5240d600d151d3f9d5a878bf7bd0, findElement {"using":"id","value":"plainButton"}]
Mar 05, 2013 12:59:23 PM org.openqa.selenium.remote.RemoteWebDriver log
INFO: Executing: clickElement [cc1c5240d600d151d3f9d5a878bf7bd0, clickElement {"id":":wdc:1362481163801"}]
Mar 05, 2013 12:59:23 PM org.openqa.selenium.remote.RemoteWebDriver log
INFO: Executed: [cc1c5240d600d151d3f9d5a878bf7bd0, clickElement {"id":":wdc:1362481163801"}]
Mar 05, 2013 12:59:23 PM org.openqa.selenium.remote.RemoteWebDriver log
INFO: Executing: findElement [cc1c5240d600d151d3f9d5a878bf7bd0, findElement {"using":"id","value":"result"}]
Mar 05, 2013 12:59:23 PM org.openqa.selenium.remote.RemoteWebDriver log
INFO: Executed: [cc1c5240d600d151d3f9d5a878bf7bd0, findElement {"using":"id","value":"result"}]
Mar 05, 2013 12:59:23 PM org.openqa.selenium.remote.RemoteWebDriver log
INFO: Executing: getElementText [cc1c5240d600d151d3f9d5a878bf7bd0, getElementText {"id":":wdc:1362481163802"}]
Mar 05, 2013 12:59:24 PM org.openqa.selenium.remote.RemoteWebDriver log
INFO: Executed: [cc1c5240d600d151d3f9d5a878bf7bd0, getElementText {"id":":wdc:1362481163802"}]
Mar 05, 2013 12:59:24 PM org.openqa.selenium.remote.RemoteWebDriver log
INFO: Executing: get [cc1c5240d600d151d3f9d5a878bf7bd0, get {"url":"http://lwo1-dhp-f35258.synapse.com:6432/common/javascriptPage.html"}]
Mar 05, 2013 12:59:24 PM org.openqa.selenium.remote.RemoteWebDriver log
INFO: Executed: [cc1c5240d600d151d3f9d5a878bf7bd0, get {"url":"http://lwo1-dhp-f35258.synapse.com:6432/common/javascriptPage.html"}]
Mar 05, 2013 12:59:24 PM org.openqa.selenium.remote.RemoteWebDriver log
INFO: Executing: findElement [cc1c5240d600d151d3f9d5a878bf7bd0, findElement {"using":"id","value":"plainButton"}]
Mar 05, 2013 12:59:24 PM org.openqa.selenium.remote.RemoteWebDriver log
INFO: Executed: [cc1c5240d600d151d3f9d5a878bf7bd0, findElement {"using":"id","value":"plainButton"}]
Mar 05, 2013 12:59:24 PM org.openqa.selenium.remote.RemoteWebDriver log
INFO: Executing: clickElement [cc1c5240d600d151d3f9d5a878bf7bd0, clickElement {"id":":wdc:1362481164110"}]
Mar 05, 2013 12:59:24 PM org.openqa.selenium.remote.RemoteWebDriver log
INFO: Executed: [cc1c5240d600d151d3f9d5a878bf7bd0, clickElement {"id":":wdc:1362481164110"}]
Mar 05, 2013 12:59:24 PM org.openqa.selenium.remote.RemoteWebDriver log
INFO: Executing: findElement [cc1c5240d600d151d3f9d5a878bf7bd0, findElement {"using":"id","value":"result"}]
Mar 05, 2013 12:59:24 PM org.openqa.selenium.remote.RemoteWebDriver log
INFO: Executed: [cc1c5240d600d151d3f9d5a878bf7bd0, findElement {"using":"id","value":"result"}]
Mar 05, 2013 12:59:24 PM org.openqa.selenium.remote.RemoteWebDriver log
INFO: Executing: getElementText [cc1c5240d600d151d3f9d5a878bf7bd0, getElementText {"id":":wdc:1362481164111"}]
Mar 05, 2013 12:59:24 PM org.openqa.selenium.remote.RemoteWebDriver log
INFO: Executed: [cc1c5240d600d151d3f9d5a878bf7bd0, getElementText {"id":":wdc:1362481164111"}]
Mar 05, 2013 12:59:24 PM org.openqa.selenium.remote.RemoteWebDriver log
INFO: Executing: get [cc1c5240d600d151d3f9d5a878bf7bd0, get {"url":"http://lwo1-dhp-f35258.synapse.com:6432/common/javascriptPage.html"}]
Mar 05, 2013 12:59:24 PM org.openqa.selenium.remote.RemoteWebDriver log
INFO: Executed: [cc1c5240d600d151d3f9d5a878bf7bd0, get {"url":"http://lwo1-dhp-f35258.synapse.com:6432/common/javascriptPage.html"}]
Mar 05, 2013 12:59:24 PM org.openqa.selenium.remote.RemoteWebDriver log
INFO: Executing: findElement [cc1c5240d600d151d3f9d5a878bf7bd0, findElement {"using":"id","value":"throwing-mouseover"}]
Mar 05, 2013 12:59:24 PM org.openqa.selenium.remote.RemoteWebDriver log
INFO: Executed: [cc1c5240d600d151d3f9d5a878bf7bd0, findElement {"using":"id","value":"throwing-mouseover"}]
Mar 05, 2013 12:59:24 PM org.openqa.selenium.remote.RemoteWebDriver log
INFO: Executing: clickElement [cc1c5240d600d151d3f9d5a878bf7bd0, clickElement {"id":":wdc:1362481164439"}]
Mar 05, 2013 12:59:24 PM org.openqa.selenium.remote.RemoteWebDriver log
INFO: Executed: [cc1c5240d600d151d3f9d5a878bf7bd0, clickElement {"id":":wdc:1362481164439"}]
Mar 05, 2013 12:59:24 PM org.openqa.selenium.remote.RemoteWebDriver log
INFO: Executing: get [cc1c5240d600d151d3f9d5a878bf7bd0, get {"url":"http://lwo1-dhp-f35258.synapse.com:6432/common/javascriptPage.html"}]
Mar 05, 2013 12:59:24 PM org.openqa.selenium.remote.RemoteWebDriver log
INFO: Executed: [cc1c5240d600d151d3f9d5a878bf7bd0, get {"url":"http://lwo1-dhp-f35258.synapse.com:6432/common/javascriptPage.html"}]
Mar 05, 2013 12:59:24 PM org.openqa.selenium.remote.RemoteWebDriver log
INFO: Executing: findElement [cc1c5240d600d151d3f9d5a878bf7bd0, findElement {"using":"id","value":"mousedown"}]
Mar 05, 2013 12:59:24 PM org.openqa.selenium.remote.RemoteWebDriver log
INFO: Executed: [cc1c5240d600d151d3f9d5a878bf7bd0, findElement {"using":"id","value":"mousedown"}]
Mar 05, 2013 12:59:24 PM org.openqa.selenium.remote.RemoteWebDriver log
INFO: Executing: clickElement [cc1c5240d600d151d3f9d5a878bf7bd0, clickElement {"id":":wdc:1362481164617"}]
Mar 05, 2013 12:59:24 PM org.openqa.selenium.remote.RemoteWebDriver log
INFO: Executed: [cc1c5240d600d151d3f9d5a878bf7bd0, clickElement {"id":":wdc:1362481164617"}]
Mar 05, 2013 12:59:24 PM org.openqa.selenium.remote.RemoteWebDriver log
INFO: Executing: findElement [cc1c5240d600d151d3f9d5a878bf7bd0, findElement {"using":"id","value":"result"}]
Mar 05, 2013 12:59:24 PM org.openqa.selenium.remote.RemoteWebDriver log
INFO: Executed: [cc1c5240d600d151d3f9d5a878bf7bd0, findElement {"using":"id","value":"result"}]
Mar 05, 2013 12:59:24 PM org.openqa.selenium.remote.RemoteWebDriver log
INFO: Executing: getElementText [cc1c5240d600d151d3f9d5a878bf7bd0, getElementText {"id":":wdc:1362481164618"}]
Mar 05, 2013 12:59:24 PM org.openqa.selenium.remote.RemoteWebDriver log
INFO: Executed: [cc1c5240d600d151d3f9d5a878bf7bd0, getElementText {"id":":wdc:1362481164618"}]
Mar 05, 2013 12:59:24 PM org.openqa.selenium.remote.RemoteWebDriver log
INFO: Executing: findElement [cc1c5240d600d151d3f9d5a878bf7bd0, findElement {"using":"id","value":"result"}]
Mar 05, 2013 12:59:24 PM org.openqa.selenium.remote.RemoteWebDriver log
INFO: Executed: [cc1c5240d600d151d3f9d5a878bf7bd0, findElement {"using":"id","value":"result"}]
Mar 05, 2013 12:59:24 PM org.openqa.selenium.remote.RemoteWebDriver log
INFO: Executing: getElementText [cc1c5240d600d151d3f9d5a878bf7bd0, getElementText {"id":":wdc:1362481164618"}]
Mar 05, 2013 12:59:25 PM org.openqa.selenium.remote.RemoteWebDriver log
INFO: Executed: [cc1c5240d600d151d3f9d5a878bf7bd0, getElementText {"id":":wdc:1362481164618"}]
Mar 05, 2013 12:59:25 PM org.openqa.selenium.remote.RemoteWebDriver log
INFO: Executing: get [cc1c5240d600d151d3f9d5a878bf7bd0, get {"url":"http://lwo1-dhp-f35258.synapse.com:6432/common/javascriptPage.html"}]
Mar 05, 2013 12:59:25 PM org.openqa.selenium.remote.RemoteWebDriver log
INFO: Executed: [cc1c5240d600d151d3f9d5a878bf7bd0, get {"url":"http://lwo1-dhp-f35258.synapse.com:6432/common/javascriptPage.html"}]
Mar 05, 2013 12:59:25 PM org.openqa.selenium.remote.RemoteWebDriver log
INFO: Executing: findElement [cc1c5240d600d151d3f9d5a878bf7bd0, findElement {"using":"id","value":"mouseclick"}]
Mar 05, 2013 12:59:25 PM org.openqa.selenium.remote.RemoteWebDriver log
INFO: Executed: [cc1c5240d600d151d3f9d5a878bf7bd0, findElement {"using":"id","value":"mouseclick"}]
Mar 05, 2013 12:59:25 PM org.openqa.selenium.remote.RemoteWebDriver log
INFO: Executing: clickElement [cc1c5240d600d151d3f9d5a878bf7bd0, clickElement {"id":":wdc:1362481165083"}]
Mar 05, 2013 12:59:25 PM org.openqa.selenium.remote.RemoteWebDriver log
INFO: Executed: [cc1c5240d600d151d3f9d5a878bf7bd0, clickElement {"id":":wdc:1362481165083"}]
Mar 05, 2013 12:59:25 PM org.openqa.selenium.remote.RemoteWebDriver log
INFO: Executing: findElement [cc1c5240d600d151d3f9d5a878bf7bd0, findElement {"using":"id","value":"result"}]
Mar 05, 2013 12:59:25 PM org.openqa.selenium.remote.RemoteWebDriver log
INFO: Executed: [cc1c5240d600d151d3f9d5a878bf7bd0, findElement {"using":"id","value":"result"}]
Mar 05, 2013 12:59:25 PM org.openqa.selenium.remote.RemoteWebDriver log
INFO: Executing: getElementText [cc1c5240d600d151d3f9d5a878bf7bd0, getElementText {"id":":wdc:1362481165084"}]
Mar 05, 2013 12:59:25 PM org.openqa.selenium.remote.RemoteWebDriver log
INFO: Executed: [cc1c5240d600d151d3f9d5a878bf7bd0, getElementText {"id":":wdc:1362481165084"}]
Mar 05, 2013 12:59:25 PM org.openqa.selenium.remote.RemoteWebDriver log
INFO: Executing: getElementText [cc1c5240d600d151d3f9d5a878bf7bd0, getElementText {"id":":wdc:1362481165084"}]
Mar 05, 2013 12:59:25 PM org.openqa.selenium.remote.RemoteWebDriver log
INFO: Executed: [cc1c5240d600d151d3f9d5a878bf7bd0, getElementText {"id":":wdc:1362481165084"}]
Mar 05, 2013 12:59:25 PM org.openqa.selenium.remote.RemoteWebDriver log
INFO: Executing: get [cc1c5240d600d151d3f9d5a878bf7bd0, get {"url":"http://lwo1-dhp-f35258.synapse.com:6432/common/javascriptPage.html"}]
Mar 05, 2013 12:59:25 PM org.openqa.selenium.remote.RemoteWebDriver log
INFO: Executed: [cc1c5240d600d151d3f9d5a878bf7bd0, get {"url":"http://lwo1-dhp-f35258.synapse.com:6432/common/javascriptPage.html"}]
Mar 05, 2013 12:59:25 PM org.openqa.selenium.remote.RemoteWebDriver log
INFO: Executing: findElement [cc1c5240d600d151d3f9d5a878bf7bd0, findElement {"using":"id","value":"mouseup"}]
Mar 05, 2013 12:59:25 PM org.openqa.selenium.remote.RemoteWebDriver log
INFO: Executed: [cc1c5240d600d151d3f9d5a878bf7bd0, findElement {"using":"id","value":"mouseup"}]
Mar 05, 2013 12:59:25 PM org.openqa.selenium.remote.RemoteWebDriver log
INFO: Executing: clickElement [cc1c5240d600d151d3f9d5a878bf7bd0, clickElement {"id":":wdc:1362481165512"}]
Mar 05, 2013 12:59:25 PM org.openqa.selenium.remote.RemoteWebDriver log
INFO: Executed: [cc1c5240d600d151d3f9d5a878bf7bd0, clickElement {"id":":wdc:1362481165512"}]
Mar 05, 2013 12:59:25 PM org.openqa.selenium.remote.RemoteWebDriver log
INFO: Executing: findElement [cc1c5240d600d151d3f9d5a878bf7bd0, findElement {"using":"id","value":"result"}]
Mar 05, 2013 12:59:25 PM org.openqa.selenium.remote.RemoteWebDriver log
INFO: Executed: [cc1c5240d600d151d3f9d5a878bf7bd0, findElement {"using":"id","value":"result"}]
Mar 05, 2013 12:59:25 PM org.openqa.selenium.remote.RemoteWebDriver log
INFO: Executing: getElementText [cc1c5240d600d151d3f9d5a878bf7bd0, getElementText {"id":":wdc:1362481165513"}]
Mar 05, 2013 12:59:25 PM org.openqa.selenium.remote.RemoteWebDriver log
INFO: Executed: [cc1c5240d600d151d3f9d5a878bf7bd0, getElementText {"id":":wdc:1362481165513"}]
Mar 05, 2013 12:59:25 PM org.openqa.selenium.remote.RemoteWebDriver log
INFO: Executing: getElementText [cc1c5240d600d151d3f9d5a878bf7bd0, getElementText {"id":":wdc:1362481165513"}]
Mar 05, 2013 12:59:25 PM org.openqa.selenium.remote.RemoteWebDriver log
INFO: Executed: [cc1c5240d600d151d3f9d5a878bf7bd0, getElementText {"id":":wdc:1362481165513"}]
Mar 05, 2013 12:59:25 PM org.openqa.selenium.remote.RemoteWebDriver log
INFO: Executing: get [cc1c5240d600d151d3f9d5a878bf7bd0, get {"url":"http://lwo1-dhp-f35258.synapse.com:6432/common/javascriptPage.html"}]
Mar 05, 2013 12:59:25 PM org.openqa.selenium.remote.RemoteWebDriver log
INFO: Executed: [cc1c5240d600d151d3f9d5a878bf7bd0, get {"url":"http://lwo1-dhp-f35258.synapse.com:6432/common/javascriptPage.html"}]
Mar 05, 2013 12:59:25 PM org.openqa.selenium.remote.RemoteWebDriver log
INFO: Executing: findElement [cc1c5240d600d151d3f9d5a878bf7bd0, findElement {"using":"id","value":"child"}]
Mar 05, 2013 12:59:25 PM org.openqa.selenium.remote.RemoteWebDriver log
INFO: Executed: [cc1c5240d600d151d3f9d5a878bf7bd0, findElement {"using":"id","value":"child"}]
Mar 05, 2013 12:59:25 PM org.openqa.selenium.remote.RemoteWebDriver log
INFO: Executing: clickElement [cc1c5240d600d151d3f9d5a878bf7bd0, clickElement {"id":":wdc:1362481165941"}]
Mar 05, 2013 12:59:26 PM org.openqa.selenium.remote.RemoteWebDriver log
INFO: Executed: [cc1c5240d600d151d3f9d5a878bf7bd0, clickElement {"id":":wdc:1362481165941"}]
Mar 05, 2013 12:59:26 PM org.openqa.selenium.remote.RemoteWebDriver log
INFO: Executing: findElement [cc1c5240d600d151d3f9d5a878bf7bd0, findElement {"using":"id","value":"result"}]
Mar 05, 2013 12:59:26 PM org.openqa.selenium.remote.RemoteWebDriver log
INFO: Executed: [cc1c5240d600d151d3f9d5a878bf7bd0, findElement {"using":"id","value":"result"}]
Mar 05, 2013 12:59:26 PM org.openqa.selenium.remote.RemoteWebDriver log
INFO: Executing: getElementText [cc1c5240d600d151d3f9d5a878bf7bd0, getElementText {"id":":wdc:1362481165942"}]
Mar 05, 2013 12:59:26 PM org.openqa.selenium.remote.RemoteWebDriver log
INFO: Executed: [cc1c5240d600d151d3f9d5a878bf7bd0, getElementText {"id":":wdc:1362481165942"}]
Mar 05, 2013 12:59:26 PM org.openqa.selenium.remote.RemoteWebDriver log
INFO: Executing: getElementText [cc1c5240d600d151d3f9d5a878bf7bd0, getElementText {"id":":wdc:1362481165942"}]
Mar 05, 2013 12:59:26 PM org.openqa.selenium.remote.RemoteWebDriver log
INFO: Executed: [cc1c5240d600d151d3f9d5a878bf7bd0, getElementText {"id":":wdc:1362481165942"}]
Mar 05, 2013 12:59:26 PM org.openqa.selenium.remote.RemoteWebDriver log
INFO: Executing: get [cc1c5240d600d151d3f9d5a878bf7bd0, get {"url":"http://lwo1-dhp-f35258.synapse.com:6432/common/javascriptPage.html"}]
Mar 05, 2013 12:59:26 PM org.openqa.selenium.remote.RemoteWebDriver log
INFO: Executed: [cc1c5240d600d151d3f9d5a878bf7bd0, get {"url":"http://lwo1-dhp-f35258.synapse.com:6432/common/javascriptPage.html"}]
Mar 05, 2013 12:59:26 PM org.openqa.selenium.remote.RemoteWebDriver log
INFO: Executing: findElements [cc1c5240d600d151d3f9d5a878bf7bd0, findElements {"using":"xpath","value":"//select[@id='selector']//option"}]
Mar 05, 2013 12:59:26 PM org.openqa.selenium.remote.RemoteWebDriver log
INFO: Executed: [cc1c5240d600d151d3f9d5a878bf7bd0, findElements {"using":"xpath","value":"//select[@id='selector']//option"}]
Mar 05, 2013 12:59:26 PM org.openqa.selenium.remote.RemoteWebDriver log
INFO: Executing: findElement [cc1c5240d600d151d3f9d5a878bf7bd0, findElement {"using":"id","value":"result"}]
Mar 05, 2013 12:59:26 PM org.openqa.selenium.remote.RemoteWebDriver log
INFO: Executed: [cc1c5240d600d151d3f9d5a878bf7bd0, findElement {"using":"id","value":"result"}]
Mar 05, 2013 12:59:26 PM org.openqa.selenium.remote.RemoteWebDriver log
INFO: Executing: getElementText [cc1c5240d600d151d3f9d5a878bf7bd0, getElementText {"id":":wdc:1362481166372"}]
Mar 05, 2013 12:59:26 PM org.openqa.selenium.remote.RemoteWebDriver log
INFO: Executed: [cc1c5240d600d151d3f9d5a878bf7bd0, getElementText {"id":":wdc:1362481166372"}]
Mar 05, 2013 12:59:26 PM org.openqa.selenium.remote.RemoteWebDriver log
INFO: Executing: clickElement [cc1c5240d600d151d3f9d5a878bf7bd0, clickElement {"id":":wdc:1362481166370"}]
Mar 05, 2013 12:59:26 PM org.openqa.selenium.remote.RemoteWebDriver log
INFO: Executed: [cc1c5240d600d151d3f9d5a878bf7bd0, clickElement {"id":":wdc:1362481166370"}]
Mar 05, 2013 12:59:26 PM org.openqa.selenium.remote.RemoteWebDriver log
INFO: Executing: findElement [cc1c5240d600d151d3f9d5a878bf7bd0, findElement {"using":"id","value":"result"}]
Mar 05, 2013 12:59:26 PM org.openqa.selenium.remote.RemoteWebDriver log
INFO: Executed: [cc1c5240d600d151d3f9d5a878bf7bd0, findElement {"using":"id","value":"result"}]
Mar 05, 2013 12:59:26 PM org.openqa.selenium.remote.RemoteWebDriver log
INFO: Executing: getElementText [cc1c5240d600d151d3f9d5a878bf7bd0, getElementText {"id":":wdc:1362481166372"}]
Mar 05, 2013 12:59:26 PM org.openqa.selenium.remote.RemoteWebDriver log
INFO: Executed: [cc1c5240d600d151d3f9d5a878bf7bd0, getElementText {"id":":wdc:1362481166372"}]
Mar 05, 2013 12:59:26 PM org.openqa.selenium.remote.RemoteWebDriver log
INFO: Executing: clickElement [cc1c5240d600d151d3f9d5a878bf7bd0, clickElement {"id":":wdc:1362481166371"}]
Mar 05, 2013 12:59:26 PM org.openqa.selenium.remote.RemoteWebDriver log
INFO: Executed: [cc1c5240d600d151d3f9d5a878bf7bd0, clickElement {"id":":wdc:1362481166371"}]
Mar 05, 2013 12:59:26 PM org.openqa.selenium.remote.RemoteWebDriver log
INFO: Executing: findElement [cc1c5240d600d151d3f9d5a878bf7bd0, findElement {"using":"id","value":"result"}]
Mar 05, 2013 12:59:27 PM org.openqa.selenium.remote.RemoteWebDriver log
INFO: Executed: [cc1c5240d600d151d3f9d5a878bf7bd0, findElement {"using":"id","value":"result"}]
Mar 05, 2013 12:59:27 PM org.openqa.selenium.remote.RemoteWebDriver log
INFO: Executing: getElementText [cc1c5240d600d151d3f9d5a878bf7bd0, getElementText {"id":":wdc:1362481166372"}]
Mar 05, 2013 12:59:27 PM org.openqa.selenium.remote.RemoteWebDriver log
INFO: Executed: [cc1c5240d600d151d3f9d5a878bf7bd0, getElementText {"id":":wdc:1362481166372"}]
Mar 05, 2013 12:59:27 PM org.openqa.selenium.remote.RemoteWebDriver log
INFO: Executing: get [cc1c5240d600d151d3f9d5a878bf7bd0, get {"url":"http://lwo1-dhp-f35258.synapse.com:6432/common/javascriptPage.html"}]
Mar 05, 2013 12:59:27 PM org.openqa.selenium.remote.RemoteWebDriver log
INFO: Executed: [cc1c5240d600d151d3f9d5a878bf7bd0, get {"url":"http://lwo1-dhp-f35258.synapse.com:6432/common/javascriptPage.html"}]
Mar 05, 2013 12:59:27 PM org.openqa.selenium.remote.RemoteWebDriver log
INFO: Executing: findElement [cc1c5240d600d151d3f9d5a878bf7bd0, findElement {"using":"id","value":"checkbox"}]
Mar 05, 2013 12:59:27 PM org.openqa.selenium.remote.RemoteWebDriver log
INFO: Executed: [cc1c5240d600d151d3f9d5a878bf7bd0, findElement {"using":"id","value":"checkbox"}]
Mar 05, 2013 12:59:27 PM org.openqa.selenium.remote.RemoteWebDriver log
INFO: Executing: clickElement [cc1c5240d600d151d3f9d5a878bf7bd0, clickElement {"id":":wdc:1362481167169"}]
Mar 05, 2013 12:59:27 PM org.openqa.selenium.remote.RemoteWebDriver log
INFO: Executed: [cc1c5240d600d151d3f9d5a878bf7bd0, clickElement {"id":":wdc:1362481167169"}]
Mar 05, 2013 12:59:27 PM org.openqa.selenium.remote.RemoteWebDriver log
INFO: Executing: findElement [cc1c5240d600d151d3f9d5a878bf7bd0, findElement {"using":"id","value":"result"}]
Mar 05, 2013 12:59:27 PM org.openqa.selenium.remote.RemoteWebDriver log
INFO: Executed: [cc1c5240d600d151d3f9d5a878bf7bd0, findElement {"using":"id","value":"result"}]
Mar 05, 2013 12:59:27 PM org.openqa.selenium.remote.RemoteWebDriver log
INFO: Executing: getElementText [cc1c5240d600d151d3f9d5a878bf7bd0, getElementText {"id":":wdc:1362481167170"}]
Mar 05, 2013 12:59:27 PM org.openqa.selenium.remote.RemoteWebDriver log
INFO: Executed: [cc1c5240d600d151d3f9d5a878bf7bd0, getElementText {"id":":wdc:1362481167170"}]
Mar 05, 2013 12:59:27 PM org.openqa.selenium.remote.RemoteWebDriver log
INFO: Executing: get [cc1c5240d600d151d3f9d5a878bf7bd0, get {"url":"http://lwo1-dhp-f35258.synapse.com:6432/common/javascriptPage.html"}]
Mar 05, 2013 12:59:27 PM org.openqa.selenium.remote.RemoteWebDriver log
INFO: Executed: [cc1c5240d600d151d3f9d5a878bf7bd0, get {"url":"http://lwo1-dhp-f35258.synapse.com:6432/common/javascriptPage.html"}]
Mar 05, 2013 12:59:27 PM org.openqa.selenium.remote.RemoteWebDriver log
INFO: Executing: findElement [cc1c5240d600d151d3f9d5a878bf7bd0, findElement {"using":"id","value":"clickField"}]
Mar 05, 2013 12:59:27 PM org.openqa.selenium.remote.RemoteWebDriver log
INFO: Executed: [cc1c5240d600d151d3f9d5a878bf7bd0, findElement {"using":"id","value":"clickField"}]
Mar 05, 2013 12:59:27 PM org.openqa.selenium.remote.RemoteWebDriver log
INFO: Executing: clickElement [cc1c5240d600d151d3f9d5a878bf7bd0, clickElement {"id":":wdc:1362481167481"}]
Mar 05, 2013 12:59:27 PM org.openqa.selenium.remote.RemoteWebDriver log
INFO: Executed: [cc1c5240d600d151d3f9d5a878bf7bd0, clickElement {"id":":wdc:1362481167481"}]
Mar 05, 2013 12:59:27 PM org.openqa.selenium.remote.RemoteWebDriver log
INFO: Executing: getElementAttribute [cc1c5240d600d151d3f9d5a878bf7bd0, getElementAttribute {"id":":wdc:1362481167481","name":"value"}]
Mar 05, 2013 12:59:27 PM org.openqa.selenium.remote.RemoteWebDriver log
INFO: Executed: [cc1c5240d600d151d3f9d5a878bf7bd0, getElementAttribute {"id":":wdc:1362481167481","name":"value"}]
Mar 05, 2013 12:59:27 PM org.openqa.selenium.remote.RemoteWebDriver log
INFO: Executing: getElementAttribute [cc1c5240d600d151d3f9d5a878bf7bd0, getElementAttribute {"id":":wdc:1362481167481","name":"value"}]
Mar 05, 2013 12:59:27 PM org.openqa.selenium.remote.RemoteWebDriver log
INFO: Executed: [cc1c5240d600d151d3f9d5a878bf7bd0, getElementAttribute {"id":":wdc:1362481167481","name":"value"}]
Mar 05, 2013 12:59:27 PM org.openqa.selenium.remote.RemoteWebDriver log
INFO: Executing: get [cc1c5240d600d151d3f9d5a878bf7bd0, get {"url":"http://lwo1-dhp-f35258.synapse.com:6432/common/javascriptPage.html"}]
Mar 05, 2013 12:59:27 PM org.openqa.selenium.remote.RemoteWebDriver log
INFO: Executed: [cc1c5240d600d151d3f9d5a878bf7bd0, get {"url":"http://lwo1-dhp-f35258.synapse.com:6432/common/javascriptPage.html"}]
Mar 05, 2013 12:59:27 PM org.openqa.selenium.remote.RemoteWebDriver log
INFO: Executing: findElement [cc1c5240d600d151d3f9d5a878bf7bd0, findElement {"using":"id","value":"labelForCheckbox"}]
Mar 05, 2013 12:59:27 PM org.openqa.selenium.remote.RemoteWebDriver log
INFO: Executed: [cc1c5240d600d151d3f9d5a878bf7bd0, findElement {"using":"id","value":"labelForCheckbox"}]
Mar 05, 2013 12:59:27 PM org.openqa.selenium.remote.RemoteWebDriver log
INFO: Executing: clickElement [cc1c5240d600d151d3f9d5a878bf7bd0, clickElement {"id":":wdc:1362481167849"}]
Mar 05, 2013 12:59:27 PM org.openqa.selenium.remote.RemoteWebDriver log
INFO: Executed: [cc1c5240d600d151d3f9d5a878bf7bd0, clickElement {"id":":wdc:1362481167849"}]
Mar 05, 2013 12:59:27 PM org.openqa.selenium.remote.RemoteWebDriver log
INFO: Executing: findElement [cc1c5240d600d151d3f9d5a878bf7bd0, findElement {"using":"id","value":"result"}]
Mar 05, 2013 12:59:28 PM org.openqa.selenium.remote.RemoteWebDriver log
INFO: Executed: [cc1c5240d600d151d3f9d5a878bf7bd0, findElement {"using":"id","value":"result"}]
Mar 05, 2013 12:59:28 PM org.openqa.selenium.remote.RemoteWebDriver log
INFO: Executing: getElementText [cc1c5240d600d151d3f9d5a878bf7bd0, getElementText {"id":":wdc:1362481167850"}]
Mar 05, 2013 12:59:28 PM org.openqa.selenium.remote.RemoteWebDriver log
INFO: Executed: [cc1c5240d600d151d3f9d5a878bf7bd0, getElementText {"id":":wdc:1362481167850"}]
Mar 05, 2013 12:59:28 PM org.openqa.selenium.remote.RemoteWebDriver log
INFO: Executing: get [cc1c5240d600d151d3f9d5a878bf7bd0, get {"url":"http://lwo1-dhp-f35258.synapse.com:6432/common/javascriptPage.html"}]
Mar 05, 2013 12:59:28 PM org.openqa.selenium.remote.RemoteWebDriver log
INFO: Executed: [cc1c5240d600d151d3f9d5a878bf7bd0, get {"url":"http://lwo1-dhp-f35258.synapse.com:6432/common/javascriptPage.html"}]
Mar 05, 2013 12:59:28 PM org.openqa.selenium.remote.RemoteWebDriver log
INFO: Executing: findElement [cc1c5240d600d151d3f9d5a878bf7bd0, findElement {"using":"id","value":"clearMe"}]
Mar 05, 2013 12:59:28 PM org.openqa.selenium.remote.RemoteWebDriver log
INFO: Executed: [cc1c5240d600d151d3f9d5a878bf7bd0, findElement {"using":"id","value":"clearMe"}]
Mar 05, 2013 12:59:28 PM org.openqa.selenium.remote.RemoteWebDriver log
INFO: Executing: clearElement [cc1c5240d600d151d3f9d5a878bf7bd0, clearElement {"id":":wdc:1362481168181"}]
Mar 05, 2013 12:59:28 PM org.openqa.selenium.remote.RemoteWebDriver log
INFO: Executed: [cc1c5240d600d151d3f9d5a878bf7bd0, clearElement {"id":":wdc:1362481168181"}]
Mar 05, 2013 12:59:28 PM org.openqa.selenium.remote.RemoteWebDriver log
INFO: Executing: findElement [cc1c5240d600d151d3f9d5a878bf7bd0, findElement {"using":"id","value":"result"}]
Mar 05, 2013 12:59:28 PM org.openqa.selenium.remote.RemoteWebDriver log
INFO: Executed: [cc1c5240d600d151d3f9d5a878bf7bd0, findElement {"using":"id","value":"result"}]
Mar 05, 2013 12:59:28 PM org.openqa.selenium.remote.RemoteWebDriver log
INFO: Executing: getElementText [cc1c5240d600d151d3f9d5a878bf7bd0, getElementText {"id":":wdc:1362481168182"}]
Mar 05, 2013 12:59:28 PM org.openqa.selenium.remote.RemoteWebDriver log
INFO: Executed: [cc1c5240d600d151d3f9d5a878bf7bd0, getElementText {"id":":wdc:1362481168182"}]
Mar 05, 2013 12:59:28 PM org.openqa.selenium.remote.RemoteWebDriver log
INFO: Executing: get [cc1c5240d600d151d3f9d5a878bf7bd0, get {"url":"http://lwo1-dhp-f35258.synapse.com:6432/common/javascriptPage.html"}]
Mar 05, 2013 12:59:28 PM org.openqa.selenium.remote.RemoteWebDriver log
INFO: Executed: [cc1c5240d600d151d3f9d5a878bf7bd0, get {"url":"http://lwo1-dhp-f35258.synapse.com:6432/common/javascriptPage.html"}]
Mar 05, 2013 12:59:28 PM org.openqa.selenium.remote.RemoteWebDriver log
INFO: Executing: findElement [cc1c5240d600d151d3f9d5a878bf7bd0, findElement {"using":"id","value":"theworks"}]
Mar 05, 2013 12:59:28 PM org.openqa.selenium.remote.RemoteWebDriver log
INFO: Executed: [cc1c5240d600d151d3f9d5a878bf7bd0, findElement {"using":"id","value":"theworks"}]
Mar 05, 2013 12:59:28 PM org.openqa.selenium.remote.RemoteWebDriver log
INFO: Executing: sendKeysToElement [cc1c5240d600d151d3f9d5a878bf7bd0, sendKeysToElement {"id":":wdc:1362481168495","value":["foo"]}]
Mar 05, 2013 12:59:28 PM org.openqa.selenium.remote.RemoteWebDriver log
INFO: Executed: [cc1c5240d600d151d3f9d5a878bf7bd0, sendKeysToElement {"id":":wdc:1362481168495","value":["foo"]}]
Mar 05, 2013 12:59:28 PM org.openqa.selenium.remote.RemoteWebDriver log
INFO: Executing: findElement [cc1c5240d600d151d3f9d5a878bf7bd0, findElement {"using":"id","value":"changeable"}]
Mar 05, 2013 12:59:28 PM org.openqa.selenium.remote.RemoteWebDriver log
INFO: Executed: [cc1c5240d600d151d3f9d5a878bf7bd0, findElement {"using":"id","value":"changeable"}]
Mar 05, 2013 12:59:28 PM org.openqa.selenium.remote.RemoteWebDriver log
INFO: Executing: sendKeysToElement [cc1c5240d600d151d3f9d5a878bf7bd0, sendKeysToElement {"id":":wdc:1362481168496","value":["bar"]}]
Mar 05, 2013 12:59:29 PM org.openqa.selenium.remote.RemoteWebDriver log
INFO: Executed: [cc1c5240d600d151d3f9d5a878bf7bd0, sendKeysToElement {"id":":wdc:1362481168496","value":["bar"]}]
Mar 05, 2013 12:59:29 PM org.openqa.selenium.remote.RemoteWebDriver log
INFO: Executing: findElement [cc1c5240d600d151d3f9d5a878bf7bd0, findElement {"using":"id","value":"result"}]
Mar 05, 2013 12:59:29 PM org.openqa.selenium.remote.RemoteWebDriver log
INFO: Executed: [cc1c5240d600d151d3f9d5a878bf7bd0, findElement {"using":"id","value":"result"}]
Mar 05, 2013 12:59:29 PM org.openqa.selenium.remote.RemoteWebDriver log
INFO: Executing: getElementText [cc1c5240d600d151d3f9d5a878bf7bd0, getElementText {"id":":wdc:1362481168497"}]
Mar 05, 2013 12:59:29 PM org.openqa.selenium.remote.RemoteWebDriver log
INFO: Executed: [cc1c5240d600d151d3f9d5a878bf7bd0, getElementText {"id":":wdc:1362481168497"}]
Mar 05, 2013 12:59:29 PM org.openqa.selenium.remote.RemoteWebDriver log
INFO: Executing: get [cc1c5240d600d151d3f9d5a878bf7bd0, get {"url":"http://lwo1-dhp-f35258.synapse.com:6432/common/javascriptPage.html"}]
Mar 05, 2013 12:59:29 PM org.openqa.selenium.remote.RemoteWebDriver log
INFO: Executed: [cc1c5240d600d151d3f9d5a878bf7bd0, get {"url":"http://lwo1-dhp-f35258.synapse.com:6432/common/javascriptPage.html"}]
Mar 05, 2013 12:59:29 PM org.openqa.selenium.remote.RemoteWebDriver log
INFO: Executing: findElement [cc1c5240d600d151d3f9d5a878bf7bd0, findElement {"using":"id","value":"theworks"}]
Mar 05, 2013 12:59:29 PM org.openqa.selenium.remote.RemoteWebDriver log
INFO: Executed: [cc1c5240d600d151d3f9d5a878bf7bd0, findElement {"using":"id","value":"theworks"}]
Mar 05, 2013 12:59:29 PM org.openqa.selenium.remote.RemoteWebDriver log
INFO: Executing: sendKeysToElement [cc1c5240d600d151d3f9d5a878bf7bd0, sendKeysToElement {"id":":wdc:1362481169349","value":["foo"]}]
Mar 05, 2013 12:59:29 PM org.openqa.selenium.remote.RemoteWebDriver log
INFO: Executed: [cc1c5240d600d151d3f9d5a878bf7bd0, sendKeysToElement {"id":":wdc:1362481169349","value":["foo"]}]
Mar 05, 2013 12:59:29 PM org.openqa.selenium.remote.RemoteWebDriver log
INFO: Executing: findElement [cc1c5240d600d151d3f9d5a878bf7bd0, findElement {"using":"id","value":"result"}]
Mar 05, 2013 12:59:29 PM org.openqa.selenium.remote.RemoteWebDriver log
INFO: Executed: [cc1c5240d600d151d3f9d5a878bf7bd0, findElement {"using":"id","value":"result"}]
Mar 05, 2013 12:59:29 PM org.openqa.selenium.remote.RemoteWebDriver log
INFO: Executing: getElementText [cc1c5240d600d151d3f9d5a878bf7bd0, getElementText {"id":":wdc:1362481169350"}]
Mar 05, 2013 12:59:29 PM org.openqa.selenium.remote.RemoteWebDriver log
INFO: Executed: [cc1c5240d600d151d3f9d5a878bf7bd0, getElementText {"id":":wdc:1362481169350"}]
Mar 05, 2013 12:59:29 PM org.openqa.selenium.remote.RemoteWebDriver log
INFO: Executing: get [cc1c5240d600d151d3f9d5a878bf7bd0, get {"url":"http://lwo1-dhp-f35258.synapse.com:6432/common/javascriptPage.html"}]
Mar 05, 2013 12:59:29 PM org.openqa.selenium.remote.RemoteWebDriver log
INFO: Executed: [cc1c5240d600d151d3f9d5a878bf7bd0, get {"url":"http://lwo1-dhp-f35258.synapse.com:6432/common/javascriptPage.html"}]
Mar 05, 2013 12:59:29 PM org.openqa.selenium.remote.RemoteWebDriver log
INFO: Executing: findElement [cc1c5240d600d151d3f9d5a878bf7bd0, findElement {"using":"id","value":"theworks"}]
Mar 05, 2013 12:59:29 PM org.openqa.selenium.remote.RemoteWebDriver log
INFO: Executed: [cc1c5240d600d151d3f9d5a878bf7bd0, findElement {"using":"id","value":"theworks"}]
Mar 05, 2013 12:59:29 PM org.openqa.selenium.remote.RemoteWebDriver log
INFO: Executing: clickElement [cc1c5240d600d151d3f9d5a878bf7bd0, clickElement {"id":":wdc:1362481169846"}]
Mar 05, 2013 12:59:29 PM org.openqa.selenium.remote.RemoteWebDriver log
INFO: Executed: [cc1c5240d600d151d3f9d5a878bf7bd0, clickElement {"id":":wdc:1362481169846"}]
Mar 05, 2013 12:59:29 PM org.openqa.selenium.remote.RemoteWebDriver log
INFO: Executing: findElement [cc1c5240d600d151d3f9d5a878bf7bd0, findElement {"using":"id","value":"result"}]
Mar 05, 2013 12:59:30 PM org.openqa.selenium.remote.RemoteWebDriver log
INFO: Executed: [cc1c5240d600d151d3f9d5a878bf7bd0, findElement {"using":"id","value":"result"}]
Mar 05, 2013 12:59:30 PM org.openqa.selenium.remote.RemoteWebDriver log
INFO: Executing: getElementText [cc1c5240d600d151d3f9d5a878bf7bd0, getElementText {"id":":wdc:1362481169847"}]
Mar 05, 2013 12:59:30 PM org.openqa.selenium.remote.RemoteWebDriver log
INFO: Executed: [cc1c5240d600d151d3f9d5a878bf7bd0, getElementText {"id":":wdc:1362481169847"}]
Mar 05, 2013 12:59:30 PM org.openqa.selenium.remote.RemoteWebDriver log
INFO: Executing: sendKeysToElement [cc1c5240d600d151d3f9d5a878bf7bd0, sendKeysToElement {"id":":wdc:1362481169846","value":["a"]}]
Mar 05, 2013 12:59:30 PM org.openqa.selenium.remote.RemoteWebDriver log
INFO: Executed: [cc1c5240d600d151d3f9d5a878bf7bd0, sendKeysToElement {"id":":wdc:1362481169846","value":["a"]}]
Mar 05, 2013 12:59:30 PM org.openqa.selenium.remote.RemoteWebDriver log
INFO: Executing: findElement [cc1c5240d600d151d3f9d5a878bf7bd0, findElement {"using":"id","value":"result"}]
Mar 05, 2013 12:59:30 PM org.openqa.selenium.remote.RemoteWebDriver log
INFO: Executed: [cc1c5240d600d151d3f9d5a878bf7bd0, findElement {"using":"id","value":"result"}]
Mar 05, 2013 12:59:30 PM org.openqa.selenium.remote.RemoteWebDriver log
INFO: Executing: getElementText [cc1c5240d600d151d3f9d5a878bf7bd0, getElementText {"id":":wdc:1362481169847"}]
Mar 05, 2013 12:59:30 PM org.openqa.selenium.remote.RemoteWebDriver log
INFO: Executed: [cc1c5240d600d151d3f9d5a878bf7bd0, getElementText {"id":":wdc:1362481169847"}]
Mar 05, 2013 12:59:30 PM org.openqa.selenium.remote.RemoteWebDriver log
INFO: Executing: get [cc1c5240d600d151d3f9d5a878bf7bd0, get {"url":"http://lwo1-dhp-f35258.synapse.com:6432/common/javascriptPage.html"}]
Mar 05, 2013 12:59:30 PM org.openqa.selenium.remote.RemoteWebDriver log
INFO: Executed: [cc1c5240d600d151d3f9d5a878bf7bd0, get {"url":"http://lwo1-dhp-f35258.synapse.com:6432/common/javascriptPage.html"}]
Mar 05, 2013 12:59:30 PM org.openqa.selenium.remote.RemoteWebDriver log
INFO: Executing: findElement [cc1c5240d600d151d3f9d5a878bf7bd0, findElement {"using":"id","value":"submitListeningForm"}]
Mar 05, 2013 12:59:30 PM org.openqa.selenium.remote.RemoteWebDriver log
INFO: Executed: [cc1c5240d600d151d3f9d5a878bf7bd0, findElement {"using":"id","value":"submitListeningForm"}]
Mar 05, 2013 12:59:30 PM org.openqa.selenium.remote.RemoteWebDriver log
INFO: Executing: submitElement [cc1c5240d600d151d3f9d5a878bf7bd0, submitElement {"id":":wdc:1362481170607"}]
Mar 05, 2013 12:59:30 PM org.openqa.selenium.remote.RemoteWebDriver log
INFO: Executed: [cc1c5240d600d151d3f9d5a878bf7bd0, submitElement {"id":":wdc:1362481170607"}]
Mar 05, 2013 12:59:30 PM org.openqa.selenium.remote.RemoteWebDriver log
INFO: Executing: findElement [cc1c5240d600d151d3f9d5a878bf7bd0, findElement {"using":"id","value":"result"}]
Mar 05, 2013 12:59:30 PM org.openqa.selenium.remote.RemoteWebDriver log
INFO: Executed: [cc1c5240d600d151d3f9d5a878bf7bd0, findElement {"using":"id","value":"result"}]
Mar 05, 2013 12:59:30 PM org.openqa.selenium.remote.RemoteWebDriver log
INFO: Executing: getElementText [cc1c5240d600d151d3f9d5a878bf7bd0, getElementText {"id":":wdc:1362481170608"}]
Mar 05, 2013 12:59:30 PM org.openqa.selenium.remote.RemoteWebDriver log
INFO: Executed: [cc1c5240d600d151d3f9d5a878bf7bd0, getElementText {"id":":wdc:1362481170608"}]
Mar 05, 2013 12:59:30 PM org.openqa.selenium.remote.RemoteWebDriver log
INFO: Executing: get [cc1c5240d600d151d3f9d5a878bf7bd0, get {"url":"http://lwo1-dhp-f35258.synapse.com:6432/common/javascriptPage.html"}]
Mar 05, 2013 12:59:30 PM org.openqa.selenium.remote.RemoteWebDriver log
INFO: Executed: [cc1c5240d600d151d3f9d5a878bf7bd0, get {"url":"http://lwo1-dhp-f35258.synapse.com:6432/common/javascriptPage.html"}]
Mar 05, 2013 12:59:30 PM org.openqa.selenium.remote.RemoteWebDriver log
INFO: Executing: findElement [cc1c5240d600d151d3f9d5a878bf7bd0, findElement {"using":"id","value":"submitListeningForm-submit"}]
Mar 05, 2013 12:59:30 PM org.openqa.selenium.remote.RemoteWebDriver log
INFO: Executed: [cc1c5240d600d151d3f9d5a878bf7bd0, findElement {"using":"id","value":"submitListeningForm-submit"}]
Mar 05, 2013 12:59:30 PM org.openqa.selenium.remote.RemoteWebDriver log
INFO: Executing: submitElement [cc1c5240d600d151d3f9d5a878bf7bd0, submitElement {"id":":wdc:1362481170944"}]
Mar 05, 2013 12:59:31 PM org.openqa.selenium.remote.RemoteWebDriver log
INFO: Executed: [cc1c5240d600d151d3f9d5a878bf7bd0, submitElement {"id":":wdc:1362481170944"}]
Mar 05, 2013 12:59:31 PM org.openqa.selenium.remote.RemoteWebDriver log
INFO: Executing: findElement [cc1c5240d600d151d3f9d5a878bf7bd0, findElement {"using":"id","value":"result"}]
Mar 05, 2013 12:59:31 PM org.openqa.selenium.remote.RemoteWebDriver log
INFO: Executed: [cc1c5240d600d151d3f9d5a878bf7bd0, findElement {"using":"id","value":"result"}]
Mar 05, 2013 12:59:31 PM org.openqa.selenium.remote.RemoteWebDriver log
INFO: Executing: getElementText [cc1c5240d600d151d3f9d5a878bf7bd0, getElementText {"id":":wdc:1362481170945"}]
Mar 05, 2013 12:59:31 PM org.openqa.selenium.remote.RemoteWebDriver log
INFO: Executed: [cc1c5240d600d151d3f9d5a878bf7bd0, getElementText {"id":":wdc:1362481170945"}]
Mar 05, 2013 12:59:31 PM org.openqa.selenium.remote.RemoteWebDriver log
INFO: Executing: get [cc1c5240d600d151d3f9d5a878bf7bd0, get {"url":"http://lwo1-dhp-f35258.synapse.com:6432/common/javascriptPage.html"}]
Mar 05, 2013 12:59:31 PM org.openqa.selenium.remote.RemoteWebDriver log
INFO: Executed: [cc1c5240d600d151d3f9d5a878bf7bd0, get {"url":"http://lwo1-dhp-f35258.synapse.com:6432/common/javascriptPage.html"}]
Mar 05, 2013 12:59:31 PM org.openqa.selenium.remote.RemoteWebDriver log
INFO: Executing: findElement [cc1c5240d600d151d3f9d5a878bf7bd0, findElement {"using":"id","value":"submitListeningForm-submit"}]
Mar 05, 2013 12:59:31 PM org.openqa.selenium.remote.RemoteWebDriver log
INFO: Executed: [cc1c5240d600d151d3f9d5a878bf7bd0, findElement {"using":"id","value":"submitListeningForm-submit"}]
Mar 05, 2013 12:59:31 PM org.openqa.selenium.remote.RemoteWebDriver log
INFO: Executing: submitElement [cc1c5240d600d151d3f9d5a878bf7bd0, submitElement {"id":":wdc:1362481171282"}]
Mar 05, 2013 12:59:31 PM org.openqa.selenium.remote.RemoteWebDriver log
INFO: Executed: [cc1c5240d600d151d3f9d5a878bf7bd0, submitElement {"id":":wdc:1362481171282"}]
Mar 05, 2013 12:59:31 PM org.openqa.selenium.remote.RemoteWebDriver log
INFO: Executing: findElement [cc1c5240d600d151d3f9d5a878bf7bd0, findElement {"using":"id","value":"result"}]
Mar 05, 2013 12:59:31 PM org.openqa.selenium.remote.RemoteWebDriver log
INFO: Executed: [cc1c5240d600d151d3f9d5a878bf7bd0, findElement {"using":"id","value":"result"}]
Mar 05, 2013 12:59:31 PM org.openqa.selenium.remote.RemoteWebDriver log
INFO: Executing: getElementText [cc1c5240d600d151d3f9d5a878bf7bd0, getElementText {"id":":wdc:1362481171283"}]
Mar 05, 2013 12:59:31 PM org.openqa.selenium.remote.RemoteWebDriver log
INFO: Executed: [cc1c5240d600d151d3f9d5a878bf7bd0, getElementText {"id":":wdc:1362481171283"}]
Mar 05, 2013 12:59:31 PM org.openqa.selenium.remote.RemoteWebDriver log
INFO: Executing: findElement [cc1c5240d600d151d3f9d5a878bf7bd0, findElement {"using":"id","value":"result"}]
Mar 05, 2013 12:59:31 PM org.openqa.selenium.remote.RemoteWebDriver log
INFO: Executed: [cc1c5240d600d151d3f9d5a878bf7bd0, findElement {"using":"id","value":"result"}]
Mar 05, 2013 12:59:31 PM org.openqa.selenium.remote.RemoteWebDriver log
INFO: Executing: getElementText [cc1c5240d600d151d3f9d5a878bf7bd0, getElementText {"id":":wdc:1362481171283"}]
Mar 05, 2013 12:59:31 PM org.openqa.selenium.remote.RemoteWebDriver log
INFO: Executed: [cc1c5240d600d151d3f9d5a878bf7bd0, getElementText {"id":":wdc:1362481171283"}]
Mar 05, 2013 12:59:31 PM org.openqa.selenium.remote.RemoteWebDriver log
INFO: Executing: get [cc1c5240d600d151d3f9d5a878bf7bd0, get {"url":"http://lwo1-dhp-f35258.synapse.com:6432/common/clickEventPage.html"}]
Mar 05, 2013 12:59:31 PM org.openqa.selenium.remote.RemoteWebDriver log
INFO: Executed: [cc1c5240d600d151d3f9d5a878bf7bd0, get {"url":"http://lwo1-dhp-f35258.synapse.com:6432/common/clickEventPage.html"}]
Mar 05, 2013 12:59:31 PM org.openqa.selenium.remote.RemoteWebDriver log
INFO: Executing: findElement [cc1c5240d600d151d3f9d5a878bf7bd0, findElement {"using":"id","value":"eventish"}]
Mar 05, 2013 12:59:31 PM org.openqa.selenium.remote.RemoteWebDriver log
INFO: Executed: [cc1c5240d600d151d3f9d5a878bf7bd0, findElement {"using":"id","value":"eventish"}]
Mar 05, 2013 12:59:31 PM org.openqa.selenium.remote.RemoteWebDriver log
INFO: Executing: clickElement [cc1c5240d600d151d3f9d5a878bf7bd0, clickElement {"id":":wdc:1362481171773"}]
Mar 05, 2013 12:59:31 PM org.openqa.selenium.remote.RemoteWebDriver log
INFO: Executed: [cc1c5240d600d151d3f9d5a878bf7bd0, clickElement {"id":":wdc:1362481171773"}]
Mar 05, 2013 12:59:31 PM org.openqa.selenium.remote.RemoteWebDriver log
INFO: Executing: findElement [cc1c5240d600d151d3f9d5a878bf7bd0, findElement {"using":"id","value":"clientX"}]
Mar 05, 2013 12:59:31 PM org.openqa.selenium.remote.RemoteWebDriver log
INFO: Executed: [cc1c5240d600d151d3f9d5a878bf7bd0, findElement {"using":"id","value":"clientX"}]
Mar 05, 2013 12:59:31 PM org.openqa.selenium.remote.RemoteWebDriver log
INFO: Executing: getElementText [cc1c5240d600d151d3f9d5a878bf7bd0, getElementText {"id":":wdc:1362481171774"}]
Mar 05, 2013 12:59:32 PM org.openqa.selenium.remote.RemoteWebDriver log
INFO: Executed: [cc1c5240d600d151d3f9d5a878bf7bd0, getElementText {"id":":wdc:1362481171774"}]
Mar 05, 2013 12:59:32 PM org.openqa.selenium.remote.RemoteWebDriver log
INFO: Executing: findElement [cc1c5240d600d151d3f9d5a878bf7bd0, findElement {"using":"id","value":"clientY"}]
Mar 05, 2013 12:59:32 PM org.openqa.selenium.remote.RemoteWebDriver log
INFO: Executed: [cc1c5240d600d151d3f9d5a878bf7bd0, findElement {"using":"id","value":"clientY"}]
Mar 05, 2013 12:59:32 PM org.openqa.selenium.remote.RemoteWebDriver log
INFO: Executing: getElementText [cc1c5240d600d151d3f9d5a878bf7bd0, getElementText {"id":":wdc:1362481171775"}]
Mar 05, 2013 12:59:32 PM org.openqa.selenium.remote.RemoteWebDriver log
INFO: Executed: [cc1c5240d600d151d3f9d5a878bf7bd0, getElementText {"id":":wdc:1362481171775"}]
Mar 05, 2013 12:59:32 PM org.openqa.selenium.remote.RemoteWebDriver log
INFO: Executing: get [cc1c5240d600d151d3f9d5a878bf7bd0, get {"url":"http://lwo1-dhp-f35258.synapse.com:6432/common/dragAndDropTest.html"}]
Mar 05, 2013 12:59:32 PM org.openqa.selenium.remote.RemoteWebDriver log
INFO: Executed: [cc1c5240d600d151d3f9d5a878bf7bd0, get {"url":"http://lwo1-dhp-f35258.synapse.com:6432/common/dragAndDropTest.html"}]
Mar 05, 2013 12:59:32 PM org.openqa.selenium.remote.RemoteWebDriver log
INFO: Executing: findElement [cc1c5240d600d151d3f9d5a878bf7bd0, findElement {"using":"id","value":"test1"}]
Mar 05, 2013 12:59:32 PM org.openqa.selenium.remote.RemoteWebDriver log
INFO: Executed: [cc1c5240d600d151d3f9d5a878bf7bd0, findElement {"using":"id","value":"test1"}]
Mar 05, 2013 12:59:32 PM org.openqa.selenium.remote.RemoteWebDriver log
INFO: Executing: getElementLocation [cc1c5240d600d151d3f9d5a878bf7bd0, getElementLocation {"id":":wdc:1362481172262"}]
Mar 05, 2013 12:59:32 PM org.openqa.selenium.remote.RemoteWebDriver log
INFO: Executed: [cc1c5240d600d151d3f9d5a878bf7bd0, getElementLocation {"id":":wdc:1362481172262"}]
Mar 05, 2013 12:59:32 PM org.openqa.selenium.remote.RemoteWebDriver log
INFO: Executing: mouseMoveTo [cc1c5240d600d151d3f9d5a878bf7bd0, mouseMoveTo {"element":":wdc:1362481172262"}]
Mar 05, 2013 12:59:32 PM org.openqa.selenium.remote.RemoteWebDriver log
INFO: Executed: [cc1c5240d600d151d3f9d5a878bf7bd0, mouseMoveTo {"element":":wdc:1362481172262"}]
Mar 05, 2013 12:59:32 PM org.openqa.selenium.remote.RemoteWebDriver log
INFO: Executing: mouseMoveTo [cc1c5240d600d151d3f9d5a878bf7bd0, mouseMoveTo {"element":":wdc:1362481172262"}]
Mar 05, 2013 12:59:32 PM org.openqa.selenium.remote.RemoteWebDriver log
INFO: Executed: [cc1c5240d600d151d3f9d5a878bf7bd0, mouseMoveTo {"element":":wdc:1362481172262"}]
Mar 05, 2013 12:59:32 PM org.openqa.selenium.remote.RemoteWebDriver log
INFO: Executing: mouseButtonDown [cc1c5240d600d151d3f9d5a878bf7bd0, mouseButtonDown {}]
Mar 05, 2013 12:59:32 PM org.openqa.selenium.remote.RemoteWebDriver log
INFO: Executed: [cc1c5240d600d151d3f9d5a878bf7bd0, mouseButtonDown {}]
Mar 05, 2013 12:59:32 PM org.openqa.selenium.remote.RemoteWebDriver log
INFO: Executing: mouseMoveTo [cc1c5240d600d151d3f9d5a878bf7bd0, mouseMoveTo {"xoffset":150,"yoffset":200}]
Mar 05, 2013 12:59:32 PM org.openqa.selenium.remote.RemoteWebDriver log
INFO: Executed: [cc1c5240d600d151d3f9d5a878bf7bd0, mouseMoveTo {"xoffset":150,"yoffset":200}]
Mar 05, 2013 12:59:32 PM org.openqa.selenium.remote.RemoteWebDriver log
INFO: Executing: mouseButtonUp [cc1c5240d600d151d3f9d5a878bf7bd0, mouseButtonUp {}]
Mar 05, 2013 12:59:32 PM org.openqa.selenium.remote.RemoteWebDriver log
INFO: Executed: [cc1c5240d600d151d3f9d5a878bf7bd0, mouseButtonUp {}]
Mar 05, 2013 12:59:32 PM org.openqa.selenium.remote.RemoteWebDriver log
INFO: Executing: getElementLocation [cc1c5240d600d151d3f9d5a878bf7bd0, getElementLocation {"id":":wdc:1362481172262"}]
Mar 05, 2013 12:59:32 PM org.openqa.selenium.remote.RemoteWebDriver log
INFO: Executed: [cc1c5240d600d151d3f9d5a878bf7bd0, getElementLocation {"id":":wdc:1362481172262"}]
Mar 05, 2013 12:59:32 PM org.openqa.selenium.remote.RemoteWebDriver log
INFO: Executing: mouseMoveTo [cc1c5240d600d151d3f9d5a878bf7bd0, mouseMoveTo {"element":":wdc:1362481172262"}]
Mar 05, 2013 12:59:32 PM org.openqa.selenium.remote.RemoteWebDriver log
INFO: Executed: [cc1c5240d600d151d3f9d5a878bf7bd0, mouseMoveTo {"element":":wdc:1362481172262"}]
Mar 05, 2013 12:59:32 PM org.openqa.selenium.remote.RemoteWebDriver log
INFO: Executing: mouseMoveTo [cc1c5240d600d151d3f9d5a878bf7bd0, mouseMoveTo {"element":":wdc:1362481172262"}]
Mar 05, 2013 12:59:32 PM org.openqa.selenium.remote.RemoteWebDriver log
INFO: Executed: [cc1c5240d600d151d3f9d5a878bf7bd0, mouseMoveTo {"element":":wdc:1362481172262"}]
Mar 05, 2013 12:59:32 PM org.openqa.selenium.remote.RemoteWebDriver log
INFO: Executing: mouseButtonDown [cc1c5240d600d151d3f9d5a878bf7bd0, mouseButtonDown {}]
Mar 05, 2013 12:59:32 PM org.openqa.selenium.remote.RemoteWebDriver log
INFO: Executed: [cc1c5240d600d151d3f9d5a878bf7bd0, mouseButtonDown {}]
Mar 05, 2013 12:59:32 PM org.openqa.selenium.remote.RemoteWebDriver log
INFO: Executing: mouseMoveTo [cc1c5240d600d151d3f9d5a878bf7bd0, mouseMoveTo {"xoffset":-50,"yoffset":-25}]
Mar 05, 2013 12:59:32 PM org.openqa.selenium.remote.RemoteWebDriver log
INFO: Executed: [cc1c5240d600d151d3f9d5a878bf7bd0, mouseMoveTo {"xoffset":-50,"yoffset":-25}]
Mar 05, 2013 12:59:32 PM org.openqa.selenium.remote.RemoteWebDriver log
INFO: Executing: mouseButtonUp [cc1c5240d600d151d3f9d5a878bf7bd0, mouseButtonUp {}]
Mar 05, 2013 12:59:32 PM org.openqa.selenium.remote.RemoteWebDriver log
INFO: Executed: [cc1c5240d600d151d3f9d5a878bf7bd0, mouseButtonUp {}]
Mar 05, 2013 12:59:32 PM org.openqa.selenium.remote.RemoteWebDriver log
INFO: Executing: getElementLocation [cc1c5240d600d151d3f9d5a878bf7bd0, getElementLocation {"id":":wdc:1362481172262"}]
Mar 05, 2013 12:59:32 PM org.openqa.selenium.remote.RemoteWebDriver log
INFO: Executed: [cc1c5240d600d151d3f9d5a878bf7bd0, getElementLocation {"id":":wdc:1362481172262"}]
Mar 05, 2013 12:59:32 PM org.openqa.selenium.remote.RemoteWebDriver log
INFO: Executing: mouseMoveTo [cc1c5240d600d151d3f9d5a878bf7bd0, mouseMoveTo {"element":":wdc:1362481172262"}]
Mar 05, 2013 12:59:32 PM org.openqa.selenium.remote.RemoteWebDriver log
INFO: Executed: [cc1c5240d600d151d3f9d5a878bf7bd0, mouseMoveTo {"element":":wdc:1362481172262"}]
Mar 05, 2013 12:59:32 PM org.openqa.selenium.remote.RemoteWebDriver log
INFO: Executing: mouseMoveTo [cc1c5240d600d151d3f9d5a878bf7bd0, mouseMoveTo {"element":":wdc:1362481172262"}]
Mar 05, 2013 12:59:32 PM org.openqa.selenium.remote.RemoteWebDriver log
INFO: Executed: [cc1c5240d600d151d3f9d5a878bf7bd0, mouseMoveTo {"element":":wdc:1362481172262"}]
Mar 05, 2013 12:59:32 PM org.openqa.selenium.remote.RemoteWebDriver log
INFO: Executing: mouseButtonDown [cc1c5240d600d151d3f9d5a878bf7bd0, mouseButtonDown {}]
Mar 05, 2013 12:59:32 PM org.openqa.selenium.remote.RemoteWebDriver log
INFO: Executed: [cc1c5240d600d151d3f9d5a878bf7bd0, mouseButtonDown {}]
Mar 05, 2013 12:59:32 PM org.openqa.selenium.remote.RemoteWebDriver log
INFO: Executing: mouseMoveTo [cc1c5240d600d151d3f9d5a878bf7bd0, mouseMoveTo {"xoffset":0,"yoffset":0}]
Mar 05, 2013 12:59:32 PM org.openqa.selenium.remote.RemoteWebDriver log
INFO: Executed: [cc1c5240d600d151d3f9d5a878bf7bd0, mouseMoveTo {"xoffset":0,"yoffset":0}]
Mar 05, 2013 12:59:32 PM org.openqa.selenium.remote.RemoteWebDriver log
INFO: Executing: mouseButtonUp [cc1c5240d600d151d3f9d5a878bf7bd0, mouseButtonUp {}]
Mar 05, 2013 12:59:32 PM org.openqa.selenium.remote.RemoteWebDriver log
INFO: Executed: [cc1c5240d600d151d3f9d5a878bf7bd0, mouseButtonUp {}]
Mar 05, 2013 12:59:32 PM org.openqa.selenium.remote.RemoteWebDriver log
INFO: Executing: getElementLocation [cc1c5240d600d151d3f9d5a878bf7bd0, getElementLocation {"id":":wdc:1362481172262"}]
Mar 05, 2013 12:59:32 PM org.openqa.selenium.remote.RemoteWebDriver log
INFO: Executed: [cc1c5240d600d151d3f9d5a878bf7bd0, getElementLocation {"id":":wdc:1362481172262"}]
Mar 05, 2013 12:59:32 PM org.openqa.selenium.remote.RemoteWebDriver log
INFO: Executing: mouseMoveTo [cc1c5240d600d151d3f9d5a878bf7bd0, mouseMoveTo {"element":":wdc:1362481172262"}]
Mar 05, 2013 12:59:32 PM org.openqa.selenium.remote.RemoteWebDriver log
INFO: Executed: [cc1c5240d600d151d3f9d5a878bf7bd0, mouseMoveTo {"element":":wdc:1362481172262"}]
Mar 05, 2013 12:59:32 PM org.openqa.selenium.remote.RemoteWebDriver log
INFO: Executing: mouseMoveTo [cc1c5240d600d151d3f9d5a878bf7bd0, mouseMoveTo {"element":":wdc:1362481172262"}]
Mar 05, 2013 12:59:32 PM org.openqa.selenium.remote.RemoteWebDriver log
INFO: Executed: [cc1c5240d600d151d3f9d5a878bf7bd0, mouseMoveTo {"element":":wdc:1362481172262"}]
Mar 05, 2013 12:59:32 PM org.openqa.selenium.remote.RemoteWebDriver log
INFO: Executing: mouseButtonDown [cc1c5240d600d151d3f9d5a878bf7bd0, mouseButtonDown {}]
Mar 05, 2013 12:59:32 PM org.openqa.selenium.remote.RemoteWebDriver log
INFO: Executed: [cc1c5240d600d151d3f9d5a878bf7bd0, mouseButtonDown {}]
Mar 05, 2013 12:59:32 PM org.openqa.selenium.remote.RemoteWebDriver log
INFO: Executing: mouseMoveTo [cc1c5240d600d151d3f9d5a878bf7bd0, mouseMoveTo {"xoffset":1,"yoffset":-1}]
Mar 05, 2013 12:59:32 PM org.openqa.selenium.remote.RemoteWebDriver log
INFO: Executed: [cc1c5240d600d151d3f9d5a878bf7bd0, mouseMoveTo {"xoffset":1,"yoffset":-1}]
Mar 05, 2013 12:59:32 PM org.openqa.selenium.remote.RemoteWebDriver log
INFO: Executing: mouseButtonUp [cc1c5240d600d151d3f9d5a878bf7bd0, mouseButtonUp {}]
Mar 05, 2013 12:59:32 PM org.openqa.selenium.remote.RemoteWebDriver log
INFO: Executed: [cc1c5240d600d151d3f9d5a878bf7bd0, mouseButtonUp {}]
Mar 05, 2013 12:59:32 PM org.openqa.selenium.remote.RemoteWebDriver log
INFO: Executing: getElementLocation [cc1c5240d600d151d3f9d5a878bf7bd0, getElementLocation {"id":":wdc:1362481172262"}]
Mar 05, 2013 12:59:32 PM org.openqa.selenium.remote.RemoteWebDriver log
INFO: Executed: [cc1c5240d600d151d3f9d5a878bf7bd0, getElementLocation {"id":":wdc:1362481172262"}]
Mar 05, 2013 12:59:32 PM org.openqa.selenium.remote.RemoteWebDriver log
INFO: Executing: get [cc1c5240d600d151d3f9d5a878bf7bd0, get {"url":"http://lwo1-dhp-f35258.synapse.com:6432/common/dragAndDropTest.html"}]
Mar 05, 2013 12:59:32 PM org.openqa.selenium.remote.RemoteWebDriver log
INFO: Executed: [cc1c5240d600d151d3f9d5a878bf7bd0, get {"url":"http://lwo1-dhp-f35258.synapse.com:6432/common/dragAndDropTest.html"}]
Mar 05, 2013 12:59:32 PM org.openqa.selenium.remote.RemoteWebDriver log
INFO: Executing: findElement [cc1c5240d600d151d3f9d5a878bf7bd0, findElement {"using":"id","value":"test1"}]
Mar 05, 2013 12:59:32 PM org.openqa.selenium.remote.RemoteWebDriver log
INFO: Executed: [cc1c5240d600d151d3f9d5a878bf7bd0, findElement {"using":"id","value":"test1"}]
Mar 05, 2013 12:59:32 PM org.openqa.selenium.remote.RemoteWebDriver log
INFO: Executing: findElement [cc1c5240d600d151d3f9d5a878bf7bd0, findElement {"using":"id","value":"test2"}]
Mar 05, 2013 12:59:32 PM org.openqa.selenium.remote.RemoteWebDriver log
INFO: Executed: [cc1c5240d600d151d3f9d5a878bf7bd0, findElement {"using":"id","value":"test2"}]
Mar 05, 2013 12:59:32 PM org.openqa.selenium.remote.RemoteWebDriver log
INFO: Executing: mouseMoveTo [cc1c5240d600d151d3f9d5a878bf7bd0, mouseMoveTo {"element":":wdc:1362481172759"}]
Mar 05, 2013 12:59:32 PM org.openqa.selenium.remote.RemoteWebDriver log
INFO: Executed: [cc1c5240d600d151d3f9d5a878bf7bd0, mouseMoveTo {"element":":wdc:1362481172759"}]
Mar 05, 2013 12:59:32 PM org.openqa.selenium.remote.RemoteWebDriver log
INFO: Executing: mouseMoveTo [cc1c5240d600d151d3f9d5a878bf7bd0, mouseMoveTo {"element":":wdc:1362481172759"}]
Mar 05, 2013 12:59:32 PM org.openqa.selenium.remote.RemoteWebDriver log
INFO: Executed: [cc1c5240d600d151d3f9d5a878bf7bd0, mouseMoveTo {"element":":wdc:1362481172759"}]
Mar 05, 2013 12:59:32 PM org.openqa.selenium.remote.RemoteWebDriver log
INFO: Executing: mouseButtonDown [cc1c5240d600d151d3f9d5a878bf7bd0, mouseButtonDown {}]
Mar 05, 2013 12:59:32 PM org.openqa.selenium.remote.RemoteWebDriver log
INFO: Executed: [cc1c5240d600d151d3f9d5a878bf7bd0, mouseButtonDown {}]
Mar 05, 2013 12:59:32 PM org.openqa.selenium.remote.RemoteWebDriver log
INFO: Executing: mouseMoveTo [cc1c5240d600d151d3f9d5a878bf7bd0, mouseMoveTo {"element":":wdc:1362481172758"}]
Mar 05, 2013 12:59:32 PM org.openqa.selenium.remote.RemoteWebDriver log
INFO: Executed: [cc1c5240d600d151d3f9d5a878bf7bd0, mouseMoveTo {"element":":wdc:1362481172758"}]
Mar 05, 2013 12:59:32 PM org.openqa.selenium.remote.RemoteWebDriver log
INFO: Executing: mouseMoveTo [cc1c5240d600d151d3f9d5a878bf7bd0, mouseMoveTo {"element":":wdc:1362481172758"}]
Mar 05, 2013 12:59:33 PM org.openqa.selenium.remote.RemoteWebDriver log
INFO: Executed: [cc1c5240d600d151d3f9d5a878bf7bd0, mouseMoveTo {"element":":wdc:1362481172758"}]
Mar 05, 2013 12:59:33 PM org.openqa.selenium.remote.RemoteWebDriver log
INFO: Executing: mouseMoveTo [cc1c5240d600d151d3f9d5a878bf7bd0, mouseMoveTo {"element":":wdc:1362481172758"}]
Mar 05, 2013 12:59:33 PM org.openqa.selenium.remote.RemoteWebDriver log
INFO: Executed: [cc1c5240d600d151d3f9d5a878bf7bd0, mouseMoveTo {"element":":wdc:1362481172758"}]
Mar 05, 2013 12:59:33 PM org.openqa.selenium.remote.RemoteWebDriver log
INFO: Executing: mouseButtonUp [cc1c5240d600d151d3f9d5a878bf7bd0, mouseButtonUp {}]
Mar 05, 2013 12:59:33 PM org.openqa.selenium.remote.RemoteWebDriver log
INFO: Executed: [cc1c5240d600d151d3f9d5a878bf7bd0, mouseButtonUp {}]
Mar 05, 2013 12:59:33 PM org.openqa.selenium.remote.RemoteWebDriver log
INFO: Executing: getElementLocation [cc1c5240d600d151d3f9d5a878bf7bd0, getElementLocation {"id":":wdc:1362481172758"}]
Mar 05, 2013 12:59:33 PM org.openqa.selenium.remote.RemoteWebDriver log
INFO: Executed: [cc1c5240d600d151d3f9d5a878bf7bd0, getElementLocation {"id":":wdc:1362481172758"}]
Mar 05, 2013 12:59:33 PM org.openqa.selenium.remote.RemoteWebDriver log
INFO: Executing: getElementLocation [cc1c5240d600d151d3f9d5a878bf7bd0, getElementLocation {"id":":wdc:1362481172759"}]
Mar 05, 2013 12:59:33 PM org.openqa.selenium.remote.RemoteWebDriver log
INFO: Executed: [cc1c5240d600d151d3f9d5a878bf7bd0, getElementLocation {"id":":wdc:1362481172759"}]
Mar 05, 2013 12:59:33 PM org.openqa.selenium.remote.RemoteWebDriver log
INFO: Executing: get [cc1c5240d600d151d3f9d5a878bf7bd0, get {"url":"http://lwo1-dhp-f35258.synapse.com:6432/common/iframes.html"}]
Mar 05, 2013 12:59:33 PM org.openqa.selenium.remote.RemoteWebDriver log
INFO: Executed: [cc1c5240d600d151d3f9d5a878bf7bd0, get {"url":"http://lwo1-dhp-f35258.synapse.com:6432/common/iframes.html"}]
Mar 05, 2013 12:59:33 PM org.openqa.selenium.remote.RemoteWebDriver log
INFO: Executing: findElement [cc1c5240d600d151d3f9d5a878bf7bd0, findElement {"using":"tag name","value":"iframe"}]
Mar 05, 2013 12:59:33 PM org.openqa.selenium.remote.RemoteWebDriver log
INFO: Executed: [cc1c5240d600d151d3f9d5a878bf7bd0, findElement {"using":"tag name","value":"iframe"}]
Mar 05, 2013 12:59:33 PM org.openqa.selenium.remote.RemoteWebDriver log
INFO: Executing: executeScript [cc1c5240d600d151d3f9d5a878bf7bd0, executeScript {"script":"arguments[0].src = arguments[1]","args":[{"ELEMENT":":wdc:1362481173126"},"http://lwo1-dhp-f35258.synapse.com:6432/common/dragAndDropTest.html"]}]
Mar 05, 2013 12:59:33 PM org.openqa.selenium.remote.RemoteWebDriver log
INFO: Executed: [cc1c5240d600d151d3f9d5a878bf7bd0, executeScript {"script":"arguments[0].src = arguments[1]","args":[{"ELEMENT":":wdc:1362481173126"},"http://lwo1-dhp-f35258.synapse.com:6432/common/dragAndDropTest.html"]}]
Mar 05, 2013 12:59:33 PM org.openqa.selenium.remote.RemoteWebDriver log
INFO: Executing: switchToFrame [cc1c5240d600d151d3f9d5a878bf7bd0, switchToFrame {"id":0}]
Mar 05, 2013 12:59:33 PM org.openqa.selenium.remote.RemoteWebDriver log
INFO: Executed: [cc1c5240d600d151d3f9d5a878bf7bd0, switchToFrame {"id":0}]
Mar 05, 2013 12:59:33 PM org.openqa.selenium.remote.RemoteWebDriver log
INFO: Executing: findElement [cc1c5240d600d151d3f9d5a878bf7bd0, findElement {"using":"id","value":"test1"}]
Mar 05, 2013 12:59:33 PM org.openqa.selenium.remote.RemoteWebDriver log
INFO: Executed: [cc1c5240d600d151d3f9d5a878bf7bd0, findElement {"using":"id","value":"test1"}]
Mar 05, 2013 12:59:33 PM org.openqa.selenium.remote.RemoteWebDriver log
INFO: Executing: findElement [cc1c5240d600d151d3f9d5a878bf7bd0, findElement {"using":"id","value":"test2"}]
Mar 05, 2013 12:59:33 PM org.openqa.selenium.remote.RemoteWebDriver log
INFO: Executed: [cc1c5240d600d151d3f9d5a878bf7bd0, findElement {"using":"id","value":"test2"}]
Mar 05, 2013 12:59:33 PM org.openqa.selenium.remote.RemoteWebDriver log
INFO: Executing: mouseMoveTo [cc1c5240d600d151d3f9d5a878bf7bd0, mouseMoveTo {"element":":wdc:1362481173220"}]
Mar 05, 2013 12:59:33 PM org.openqa.selenium.remote.RemoteWebDriver log
INFO: Executed: [cc1c5240d600d151d3f9d5a878bf7bd0, mouseMoveTo {"element":":wdc:1362481173220"}]
Mar 05, 2013 12:59:33 PM org.openqa.selenium.remote.RemoteWebDriver log
INFO: Executing: mouseMoveTo [cc1c5240d600d151d3f9d5a878bf7bd0, mouseMoveTo {"element":":wdc:1362481173220"}]
Mar 05, 2013 12:59:33 PM org.openqa.selenium.remote.RemoteWebDriver log
INFO: Executed: [cc1c5240d600d151d3f9d5a878bf7bd0, mouseMoveTo {"element":":wdc:1362481173220"}]
Mar 05, 2013 12:59:33 PM org.openqa.selenium.remote.RemoteWebDriver log
INFO: Executing: mouseButtonDown [cc1c5240d600d151d3f9d5a878bf7bd0, mouseButtonDown {}]
Mar 05, 2013 12:59:33 PM org.openqa.selenium.remote.RemoteWebDriver log
INFO: Executed: [cc1c5240d600d151d3f9d5a878bf7bd0, mouseButtonDown {}]
Mar 05, 2013 12:59:33 PM org.openqa.selenium.remote.RemoteWebDriver log
INFO: Executing: mouseMoveTo [cc1c5240d600d151d3f9d5a878bf7bd0, mouseMoveTo {"element":":wdc:1362481173219"}]
Mar 05, 2013 12:59:33 PM org.openqa.selenium.remote.RemoteWebDriver log
INFO: Executed: [cc1c5240d600d151d3f9d5a878bf7bd0, mouseMoveTo {"element":":wdc:1362481173219"}]
Mar 05, 2013 12:59:33 PM org.openqa.selenium.remote.RemoteWebDriver log
INFO: Executing: mouseMoveTo [cc1c5240d600d151d3f9d5a878bf7bd0, mouseMoveTo {"element":":wdc:1362481173219"}]
Mar 05, 2013 12:59:34 PM org.openqa.selenium.remote.RemoteWebDriver log
INFO: Executed: [cc1c5240d600d151d3f9d5a878bf7bd0, mouseMoveTo {"element":":wdc:1362481173219"}]
Mar 05, 2013 12:59:34 PM org.openqa.selenium.remote.RemoteWebDriver log
INFO: Executing: mouseMoveTo [cc1c5240d600d151d3f9d5a878bf7bd0, mouseMoveTo {"element":":wdc:1362481173219"}]
Mar 05, 2013 12:59:34 PM org.openqa.selenium.remote.RemoteWebDriver log
INFO: Executed: [cc1c5240d600d151d3f9d5a878bf7bd0, mouseMoveTo {"element":":wdc:1362481173219"}]
Mar 05, 2013 12:59:34 PM org.openqa.selenium.remote.RemoteWebDriver log
INFO: Executing: mouseButtonUp [cc1c5240d600d151d3f9d5a878bf7bd0, mouseButtonUp {}]
Mar 05, 2013 12:59:34 PM org.openqa.selenium.remote.RemoteWebDriver log
INFO: Executed: [cc1c5240d600d151d3f9d5a878bf7bd0, mouseButtonUp {}]
Mar 05, 2013 12:59:34 PM org.openqa.selenium.remote.RemoteWebDriver log
INFO: Executing: getElementLocation [cc1c5240d600d151d3f9d5a878bf7bd0, getElementLocation {"id":":wdc:1362481173219"}]
Mar 05, 2013 12:59:34 PM org.openqa.selenium.remote.RemoteWebDriver log
INFO: Executed: [cc1c5240d600d151d3f9d5a878bf7bd0, getElementLocation {"id":":wdc:1362481173219"}]
Mar 05, 2013 12:59:34 PM org.openqa.selenium.remote.RemoteWebDriver log
INFO: Executing: getElementLocation [cc1c5240d600d151d3f9d5a878bf7bd0, getElementLocation {"id":":wdc:1362481173220"}]
Mar 05, 2013 12:59:34 PM org.openqa.selenium.remote.RemoteWebDriver log
INFO: Executed: [cc1c5240d600d151d3f9d5a878bf7bd0, getElementLocation {"id":":wdc:1362481173220"}]
Mar 05, 2013 12:59:34 PM org.openqa.selenium.remote.RemoteWebDriver log
INFO: Executing: get [cc1c5240d600d151d3f9d5a878bf7bd0, get {"url":"http://lwo1-dhp-f35258.synapse.com:6432/common/dragAndDropTest.html"}]
Mar 05, 2013 12:59:34 PM org.openqa.selenium.remote.RemoteWebDriver log
INFO: Executed: [cc1c5240d600d151d3f9d5a878bf7bd0, get {"url":"http://lwo1-dhp-f35258.synapse.com:6432/common/dragAndDropTest.html"}]
Mar 05, 2013 12:59:34 PM org.openqa.selenium.remote.RemoteWebDriver log
INFO: Executing: findElement [cc1c5240d600d151d3f9d5a878bf7bd0, findElement {"using":"id","value":"test3"}]
Mar 05, 2013 12:59:34 PM org.openqa.selenium.remote.RemoteWebDriver log
INFO: Executed: [cc1c5240d600d151d3f9d5a878bf7bd0, findElement {"using":"id","value":"test3"}]
Mar 05, 2013 12:59:34 PM org.openqa.selenium.remote.RemoteWebDriver log
INFO: Executing: getElementLocation [cc1c5240d600d151d3f9d5a878bf7bd0, getElementLocation {"id":":wdc:1362481174305"}]
Mar 05, 2013 12:59:34 PM org.openqa.selenium.remote.RemoteWebDriver log
INFO: Executed: [cc1c5240d600d151d3f9d5a878bf7bd0, getElementLocation {"id":":wdc:1362481174305"}]
Mar 05, 2013 12:59:34 PM org.openqa.selenium.remote.RemoteWebDriver log
INFO: Executing: mouseMoveTo [cc1c5240d600d151d3f9d5a878bf7bd0, mouseMoveTo {"element":":wdc:1362481174305"}]
Mar 05, 2013 12:59:34 PM org.openqa.selenium.remote.RemoteWebDriver log
INFO: Executed: [cc1c5240d600d151d3f9d5a878bf7bd0, mouseMoveTo {"element":":wdc:1362481174305"}]
Mar 05, 2013 12:59:34 PM org.openqa.selenium.remote.RemoteWebDriver log
INFO: Executing: mouseMoveTo [cc1c5240d600d151d3f9d5a878bf7bd0, mouseMoveTo {"element":":wdc:1362481174305"}]
Mar 05, 2013 12:59:34 PM org.openqa.selenium.remote.RemoteWebDriver log
INFO: Executed: [cc1c5240d600d151d3f9d5a878bf7bd0, mouseMoveTo {"element":":wdc:1362481174305"}]
Mar 05, 2013 12:59:34 PM org.openqa.selenium.remote.RemoteWebDriver log
INFO: Executing: mouseButtonDown [cc1c5240d600d151d3f9d5a878bf7bd0, mouseButtonDown {}]
Mar 05, 2013 12:59:34 PM org.openqa.selenium.remote.RemoteWebDriver log
INFO: Executed: [cc1c5240d600d151d3f9d5a878bf7bd0, mouseButtonDown {}]
Mar 05, 2013 12:59:34 PM org.openqa.selenium.remote.RemoteWebDriver log
INFO: Executing: mouseMoveTo [cc1c5240d600d151d3f9d5a878bf7bd0, mouseMoveTo {"xoffset":100,"yoffset":100}]
Mar 05, 2013 12:59:34 PM org.openqa.selenium.remote.RemoteWebDriver log
INFO: Executed: [cc1c5240d600d151d3f9d5a878bf7bd0, mouseMoveTo {"xoffset":100,"yoffset":100}]
Mar 05, 2013 12:59:34 PM org.openqa.selenium.remote.RemoteWebDriver log
INFO: Executing: mouseButtonUp [cc1c5240d600d151d3f9d5a878bf7bd0, mouseButtonUp {}]
Mar 05, 2013 12:59:34 PM org.openqa.selenium.remote.RemoteWebDriver log
INFO: Executed: [cc1c5240d600d151d3f9d5a878bf7bd0, mouseButtonUp {}]
Mar 05, 2013 12:59:34 PM org.openqa.selenium.remote.RemoteWebDriver log
INFO: Executing: getElementLocation [cc1c5240d600d151d3f9d5a878bf7bd0, getElementLocation {"id":":wdc:1362481174305"}]
Mar 05, 2013 12:59:34 PM org.openqa.selenium.remote.RemoteWebDriver log
INFO: Executed: [cc1c5240d600d151d3f9d5a878bf7bd0, getElementLocation {"id":":wdc:1362481174305"}]
Mar 05, 2013 12:59:34 PM org.openqa.selenium.remote.RemoteWebDriver log
INFO: Executing: get [cc1c5240d600d151d3f9d5a878bf7bd0, get {"url":"http://lwo1-dhp-f35258.synapse.com:6432/common/dragAndDropTest.html"}]
Mar 05, 2013 12:59:34 PM org.openqa.selenium.remote.RemoteWebDriver log
INFO: Executed: [cc1c5240d600d151d3f9d5a878bf7bd0, get {"url":"http://lwo1-dhp-f35258.synapse.com:6432/common/dragAndDropTest.html"}]
Mar 05, 2013 12:59:34 PM org.openqa.selenium.remote.RemoteWebDriver log
INFO: Executing: executeScript [cc1c5240d600d151d3f9d5a878bf7bd0, executeScript {"script":"window.resizeTo(300, 300);","args":[]}]
Mar 05, 2013 12:59:34 PM org.openqa.selenium.remote.RemoteWebDriver log
INFO: Executed: [cc1c5240d600d151d3f9d5a878bf7bd0, executeScript {"script":"window.resizeTo(300, 300);","args":[]}]
Mar 05, 2013 12:59:34 PM org.openqa.selenium.remote.RemoteWebDriver log
INFO: Executing: get [cc1c5240d600d151d3f9d5a878bf7bd0, get {"url":"http://lwo1-dhp-f35258.synapse.com:6432/common/dragAndDropTest.html"}]
Mar 05, 2013 12:59:34 PM org.openqa.selenium.remote.RemoteWebDriver log
INFO: Executed: [cc1c5240d600d151d3f9d5a878bf7bd0, get {"url":"http://lwo1-dhp-f35258.synapse.com:6432/common/dragAndDropTest.html"}]
Mar 05, 2013 12:59:34 PM org.openqa.selenium.remote.RemoteWebDriver log
INFO: Executing: findElement [cc1c5240d600d151d3f9d5a878bf7bd0, findElement {"using":"id","value":"test3"}]
Mar 05, 2013 12:59:34 PM org.openqa.selenium.remote.RemoteWebDriver log
INFO: Executed: [cc1c5240d600d151d3f9d5a878bf7bd0, findElement {"using":"id","value":"test3"}]
Mar 05, 2013 12:59:34 PM org.openqa.selenium.remote.RemoteWebDriver log
INFO: Executing: getElementLocation [cc1c5240d600d151d3f9d5a878bf7bd0, getElementLocation {"id":":wdc:1362481174535"}]
Mar 05, 2013 12:59:34 PM org.openqa.selenium.remote.RemoteWebDriver log
INFO: Executed: [cc1c5240d600d151d3f9d5a878bf7bd0, getElementLocation {"id":":wdc:1362481174535"}]
Mar 05, 2013 12:59:34 PM org.openqa.selenium.remote.RemoteWebDriver log
INFO: Executing: mouseMoveTo [cc1c5240d600d151d3f9d5a878bf7bd0, mouseMoveTo {"element":":wdc:1362481174535"}]
Mar 05, 2013 12:59:34 PM org.openqa.selenium.remote.RemoteWebDriver log
INFO: Executed: [cc1c5240d600d151d3f9d5a878bf7bd0, mouseMoveTo {"element":":wdc:1362481174535"}]
Mar 05, 2013 12:59:34 PM org.openqa.selenium.remote.RemoteWebDriver log
INFO: Executing: mouseMoveTo [cc1c5240d600d151d3f9d5a878bf7bd0, mouseMoveTo {"element":":wdc:1362481174535"}]
Mar 05, 2013 12:59:34 PM org.openqa.selenium.remote.RemoteWebDriver log
INFO: Executed: [cc1c5240d600d151d3f9d5a878bf7bd0, mouseMoveTo {"element":":wdc:1362481174535"}]
Mar 05, 2013 12:59:34 PM org.openqa.selenium.remote.RemoteWebDriver log
INFO: Executing: mouseButtonDown [cc1c5240d600d151d3f9d5a878bf7bd0, mouseButtonDown {}]
Mar 05, 2013 12:59:34 PM org.openqa.selenium.remote.RemoteWebDriver log
INFO: Executed: [cc1c5240d600d151d3f9d5a878bf7bd0, mouseButtonDown {}]
Mar 05, 2013 12:59:34 PM org.openqa.selenium.remote.RemoteWebDriver log
INFO: Executing: mouseMoveTo [cc1c5240d600d151d3f9d5a878bf7bd0, mouseMoveTo {"xoffset":100,"yoffset":100}]
Mar 05, 2013 12:59:34 PM org.openqa.selenium.remote.RemoteWebDriver log
INFO: Executed: [cc1c5240d600d151d3f9d5a878bf7bd0, mouseMoveTo {"xoffset":100,"yoffset":100}]
Mar 05, 2013 12:59:34 PM org.openqa.selenium.remote.RemoteWebDriver log
INFO: Executing: mouseButtonUp [cc1c5240d600d151d3f9d5a878bf7bd0, mouseButtonUp {}]
Mar 05, 2013 12:59:34 PM org.openqa.selenium.remote.RemoteWebDriver log
INFO: Executed: [cc1c5240d600d151d3f9d5a878bf7bd0, mouseButtonUp {}]
Mar 05, 2013 12:59:34 PM org.openqa.selenium.remote.RemoteWebDriver log
INFO: Executing: getElementLocation [cc1c5240d600d151d3f9d5a878bf7bd0, getElementLocation {"id":":wdc:1362481174535"}]
Mar 05, 2013 12:59:34 PM org.openqa.selenium.remote.RemoteWebDriver log
INFO: Executed: [cc1c5240d600d151d3f9d5a878bf7bd0, getElementLocation {"id":":wdc:1362481174535"}]
Mar 05, 2013 12:59:34 PM org.openqa.selenium.remote.RemoteWebDriver log
INFO: Executing: quit [cc1c5240d600d151d3f9d5a878bf7bd0, quit {}]
Mar 05, 2013 12:59:34 PM org.openqa.selenium.remote.RemoteWebDriver log
INFO: Executed: [cc1c5240d600d151d3f9d5a878bf7bd0, quit {}]
Mar 05, 2013 12:59:34 PM org.openqa.selenium.remote.RemoteWebDriver log
INFO: Executing: get [de711ceedfff4f23baa171862103ab52, get {"url":"http://lwo1-dhp-f35258.synapse.com:6432/common/droppableItems.html"}]
Mar 05, 2013 12:59:34 PM org.openqa.selenium.remote.RemoteWebDriver log
INFO: Executed: [de711ceedfff4f23baa171862103ab52, get {"url":"http://lwo1-dhp-f35258.synapse.com:6432/common/droppableItems.html"}]
Mar 05, 2013 12:59:34 PM org.openqa.selenium.remote.RemoteWebDriver log
INFO: Executing: findElement [de711ceedfff4f23baa171862103ab52, findElement {"using":"id","value":"draggable"}]
Mar 05, 2013 12:59:34 PM org.openqa.selenium.remote.RemoteWebDriver log
INFO: Executed: [de711ceedfff4f23baa171862103ab52, findElement {"using":"id","value":"draggable"}]
Mar 05, 2013 12:59:34 PM org.openqa.selenium.remote.RemoteWebDriver log
INFO: Executing: findElement [de711ceedfff4f23baa171862103ab52, findElement {"using":"id","value":"droppable"}]
Mar 05, 2013 12:59:34 PM org.openqa.selenium.remote.RemoteWebDriver log
INFO: Executed: [de711ceedfff4f23baa171862103ab52, findElement {"using":"id","value":"droppable"}]
Mar 05, 2013 12:59:35 PM org.openqa.selenium.remote.RemoteWebDriver log
INFO: Executing: mouseMoveTo [de711ceedfff4f23baa171862103ab52, mouseMoveTo {"element":":wdc:1362481174752"}]
Mar 05, 2013 12:59:35 PM org.openqa.selenium.remote.RemoteWebDriver log
INFO: Executed: [de711ceedfff4f23baa171862103ab52, mouseMoveTo {"element":":wdc:1362481174752"}]
Mar 05, 2013 12:59:35 PM org.openqa.selenium.remote.RemoteWebDriver log
INFO: Executing: mouseMoveTo [de711ceedfff4f23baa171862103ab52, mouseMoveTo {"element":":wdc:1362481174752"}]
Mar 05, 2013 12:59:35 PM org.openqa.selenium.remote.RemoteWebDriver log
INFO: Executed: [de711ceedfff4f23baa171862103ab52, mouseMoveTo {"element":":wdc:1362481174752"}]
Mar 05, 2013 12:59:35 PM org.openqa.selenium.remote.RemoteWebDriver log
INFO: Executing: mouseButtonDown [de711ceedfff4f23baa171862103ab52, mouseButtonDown {}]
Mar 05, 2013 12:59:35 PM org.openqa.selenium.remote.RemoteWebDriver log
INFO: Executed: [de711ceedfff4f23baa171862103ab52, mouseButtonDown {}]
Mar 05, 2013 12:59:35 PM org.openqa.selenium.remote.RemoteWebDriver log
INFO: Executing: mouseMoveTo [de711ceedfff4f23baa171862103ab52, mouseMoveTo {"element":":wdc:1362481174753"}]
Mar 05, 2013 12:59:35 PM org.openqa.selenium.remote.RemoteWebDriver log
INFO: Executed: [de711ceedfff4f23baa171862103ab52, mouseMoveTo {"element":":wdc:1362481174753"}]
Mar 05, 2013 12:59:35 PM org.openqa.selenium.remote.RemoteWebDriver log
INFO: Executing: mouseMoveTo [de711ceedfff4f23baa171862103ab52, mouseMoveTo {"element":":wdc:1362481174753"}]
Mar 05, 2013 12:59:35 PM org.openqa.selenium.remote.RemoteWebDriver log
INFO: Executed: [de711ceedfff4f23baa171862103ab52, mouseMoveTo {"element":":wdc:1362481174753"}]
Mar 05, 2013 12:59:35 PM org.openqa.selenium.remote.RemoteWebDriver log
INFO: Executing: mouseMoveTo [de711ceedfff4f23baa171862103ab52, mouseMoveTo {"element":":wdc:1362481174753"}]
Mar 05, 2013 12:59:35 PM org.openqa.selenium.remote.RemoteWebDriver log
INFO: Executed: [de711ceedfff4f23baa171862103ab52, mouseMoveTo {"element":":wdc:1362481174753"}]
Mar 05, 2013 12:59:35 PM org.openqa.selenium.remote.RemoteWebDriver log
INFO: Executing: mouseButtonUp [de711ceedfff4f23baa171862103ab52, mouseButtonUp {}]
Mar 05, 2013 12:59:35 PM org.openqa.selenium.remote.RemoteWebDriver log
INFO: Executed: [de711ceedfff4f23baa171862103ab52, mouseButtonUp {}]
Mar 05, 2013 12:59:35 PM org.openqa.selenium.remote.RemoteWebDriver log
INFO: Executing: findChildElement [de711ceedfff4f23baa171862103ab52, findChildElement {"id":":wdc:1362481174753","using":"tag name","value":"p"}]
Mar 05, 2013 12:59:35 PM org.openqa.selenium.remote.RemoteWebDriver log
INFO: Executed: [de711ceedfff4f23baa171862103ab52, findChildElement {"id":":wdc:1362481174753","using":"tag name","value":"p"}]
Mar 05, 2013 12:59:35 PM org.openqa.selenium.remote.RemoteWebDriver log
INFO: Executing: getElementText [de711ceedfff4f23baa171862103ab52, getElementText {"id":":wdc:1362481174754"}]
Mar 05, 2013 12:59:35 PM org.openqa.selenium.remote.RemoteWebDriver log
INFO: Executed: [de711ceedfff4f23baa171862103ab52, getElementText {"id":":wdc:1362481174754"}]
Mar 05, 2013 12:59:35 PM org.openqa.selenium.remote.RemoteWebDriver log
INFO: Executing: findElement [de711ceedfff4f23baa171862103ab52, findElement {"using":"id","value":"drop_reports"}]
Mar 05, 2013 12:59:35 PM org.openqa.selenium.remote.RemoteWebDriver log
INFO: Executed: [de711ceedfff4f23baa171862103ab52, findElement {"using":"id","value":"drop_reports"}]
Mar 05, 2013 12:59:35 PM org.openqa.selenium.remote.RemoteWebDriver log
INFO: Executing: getElementText [de711ceedfff4f23baa171862103ab52, getElementText {"id":":wdc:1362481174755"}]
Mar 05, 2013 12:59:35 PM org.openqa.selenium.remote.RemoteWebDriver log
INFO: Executed: [de711ceedfff4f23baa171862103ab52, getElementText {"id":":wdc:1362481174755"}]
Mar 05, 2013 12:59:35 PM org.openqa.selenium.remote.RemoteWebDriver log
INFO: Executing: get [de711ceedfff4f23baa171862103ab52, get {"url":"http://lwo1-dhp-f35258.synapse.com:6432/common/simpleTest.html"}]
Mar 05, 2013 12:59:35 PM org.openqa.selenium.remote.RemoteWebDriver log
INFO: Executed: [de711ceedfff4f23baa171862103ab52, get {"url":"http://lwo1-dhp-f35258.synapse.com:6432/common/simpleTest.html"}]
Mar 05, 2013 12:59:35 PM org.openqa.selenium.remote.RemoteWebDriver log
INFO: Executing: findElement [de711ceedfff4f23baa171862103ab52, findElement {"using":"xpath","value":"/html"}]
Mar 05, 2013 12:59:35 PM org.openqa.selenium.remote.RemoteWebDriver log
INFO: Executed: [de711ceedfff4f23baa171862103ab52, findElement {"using":"xpath","value":"/html"}]
Mar 05, 2013 12:59:35 PM org.openqa.selenium.remote.RemoteWebDriver log
INFO: Executing: getElementAttribute [de711ceedfff4f23baa171862103ab52, getElementAttribute {"id":":wdc:1362481175753","name":"cheese"}]
Mar 05, 2013 12:59:35 PM org.openqa.selenium.remote.RemoteWebDriver log
INFO: Executed: [de711ceedfff4f23baa171862103ab52, getElementAttribute {"id":":wdc:1362481175753","name":"cheese"}]
Mar 05, 2013 12:59:35 PM org.openqa.selenium.remote.RemoteWebDriver log
INFO: Executing: get [de711ceedfff4f23baa171862103ab52, get {"url":"http://lwo1-dhp-f35258.synapse.com:6432/common/simpleTest.html"}]
Mar 05, 2013 12:59:35 PM org.openqa.selenium.remote.RemoteWebDriver log
INFO: Executed: [de711ceedfff4f23baa171862103ab52, get {"url":"http://lwo1-dhp-f35258.synapse.com:6432/common/simpleTest.html"}]
Mar 05, 2013 12:59:35 PM org.openqa.selenium.remote.RemoteWebDriver log
INFO: Executing: findElement [de711ceedfff4f23baa171862103ab52, findElement {"using":"id","value":"invalidImgTag"}]
Mar 05, 2013 12:59:35 PM org.openqa.selenium.remote.RemoteWebDriver log
INFO: Executed: [de711ceedfff4f23baa171862103ab52, findElement {"using":"id","value":"invalidImgTag"}]
Mar 05, 2013 12:59:35 PM org.openqa.selenium.remote.RemoteWebDriver log
INFO: Executing: getElementAttribute [de711ceedfff4f23baa171862103ab52, getElementAttribute {"id":":wdc:1362481175978","name":"src"}]
Mar 05, 2013 12:59:36 PM org.openqa.selenium.remote.RemoteWebDriver log
INFO: Executed: [de711ceedfff4f23baa171862103ab52, getElementAttribute {"id":":wdc:1362481175978","name":"src"}]
Mar 05, 2013 12:59:36 PM org.openqa.selenium.remote.RemoteWebDriver log
INFO: Executing: get [de711ceedfff4f23baa171862103ab52, get {"url":"http://lwo1-dhp-f35258.synapse.com:6432/common/simpleTest.html"}]
Mar 05, 2013 12:59:36 PM org.openqa.selenium.remote.RemoteWebDriver log
INFO: Executed: [de711ceedfff4f23baa171862103ab52, get {"url":"http://lwo1-dhp-f35258.synapse.com:6432/common/simpleTest.html"}]
Mar 05, 2013 12:59:36 PM org.openqa.selenium.remote.RemoteWebDriver log
INFO: Executing: findElement [de711ceedfff4f23baa171862103ab52, findElement {"using":"id","value":"validImgTag"}]
Mar 05, 2013 12:59:36 PM org.openqa.selenium.remote.RemoteWebDriver log
INFO: Executed: [de711ceedfff4f23baa171862103ab52, findElement {"using":"id","value":"validImgTag"}]
Mar 05, 2013 12:59:36 PM org.openqa.selenium.remote.RemoteWebDriver log
INFO: Executing: getElementAttribute [de711ceedfff4f23baa171862103ab52, getElementAttribute {"id":":wdc:1362481176138","name":"src"}]
Mar 05, 2013 12:59:36 PM org.openqa.selenium.remote.RemoteWebDriver log
INFO: Executed: [de711ceedfff4f23baa171862103ab52, getElementAttribute {"id":":wdc:1362481176138","name":"src"}]
Mar 05, 2013 12:59:36 PM org.openqa.selenium.remote.RemoteWebDriver log
INFO: Executing: get [de711ceedfff4f23baa171862103ab52, get {"url":"http://lwo1-dhp-f35258.synapse.com:6432/common/simpleTest.html"}]
Mar 05, 2013 12:59:36 PM org.openqa.selenium.remote.RemoteWebDriver log
INFO: Executed: [de711ceedfff4f23baa171862103ab52, get {"url":"http://lwo1-dhp-f35258.synapse.com:6432/common/simpleTest.html"}]
Mar 05, 2013 12:59:36 PM org.openqa.selenium.remote.RemoteWebDriver log
INFO: Executing: findElement [de711ceedfff4f23baa171862103ab52, findElement {"using":"id","value":"validAnchorTag"}]
Mar 05, 2013 12:59:36 PM org.openqa.selenium.remote.RemoteWebDriver log
INFO: Executed: [de711ceedfff4f23baa171862103ab52, findElement {"using":"id","value":"validAnchorTag"}]
Mar 05, 2013 12:59:36 PM org.openqa.selenium.remote.RemoteWebDriver log
INFO: Executing: getElementAttribute [de711ceedfff4f23baa171862103ab52, getElementAttribute {"id":":wdc:1362481176291","name":"href"}]
Mar 05, 2013 12:59:36 PM org.openqa.selenium.remote.RemoteWebDriver log
INFO: Executed: [de711ceedfff4f23baa171862103ab52, getElementAttribute {"id":":wdc:1362481176291","name":"href"}]
Mar 05, 2013 12:59:36 PM org.openqa.selenium.remote.RemoteWebDriver log
INFO: Executing: get [de711ceedfff4f23baa171862103ab52, get {"url":"http://lwo1-dhp-f35258.synapse.com:6432/common/simpleTest.html"}]
Mar 05, 2013 12:59:36 PM org.openqa.selenium.remote.RemoteWebDriver log
INFO: Executed: [de711ceedfff4f23baa171862103ab52, get {"url":"http://lwo1-dhp-f35258.synapse.com:6432/common/simpleTest.html"}]
Mar 05, 2013 12:59:36 PM org.openqa.selenium.remote.RemoteWebDriver log
INFO: Executing: findElement [de711ceedfff4f23baa171862103ab52, findElement {"using":"xpath","value":"//body"}]
Mar 05, 2013 12:59:36 PM org.openqa.selenium.remote.RemoteWebDriver log
INFO: Executed: [de711ceedfff4f23baa171862103ab52, findElement {"using":"xpath","value":"//body"}]
Mar 05, 2013 12:59:36 PM org.openqa.selenium.remote.RemoteWebDriver log
INFO: Executing: getElementAttribute [de711ceedfff4f23baa171862103ab52, getElementAttribute {"id":":wdc:1362481176467","name":"style"}]
Mar 05, 2013 12:59:36 PM org.openqa.selenium.remote.RemoteWebDriver log
INFO: Executed: [de711ceedfff4f23baa171862103ab52, getElementAttribute {"id":":wdc:1362481176467","name":"style"}]
Mar 05, 2013 12:59:36 PM org.openqa.selenium.remote.RemoteWebDriver log
INFO: Executing: get [de711ceedfff4f23baa171862103ab52, get {"url":"http://lwo1-dhp-f35258.synapse.com:6432/common/formPage.html"}]
Mar 05, 2013 12:59:36 PM org.openqa.selenium.remote.RemoteWebDriver log
INFO: Executed: [de711ceedfff4f23baa171862103ab52, get {"url":"http://lwo1-dhp-f35258.synapse.com:6432/common/formPage.html"}]
Mar 05, 2013 12:59:36 PM org.openqa.selenium.remote.RemoteWebDriver log
INFO: Executing: findElement [de711ceedfff4f23baa171862103ab52, findElement {"using":"id","value":"multi"}]
Mar 05, 2013 12:59:36 PM org.openqa.selenium.remote.RemoteWebDriver log
INFO: Executed: [de711ceedfff4f23baa171862103ab52, findElement {"using":"id","value":"multi"}]
Mar 05, 2013 12:59:36 PM org.openqa.selenium.remote.RemoteWebDriver log
INFO: Executing: findChildElements [de711ceedfff4f23baa171862103ab52, findChildElements {"id":":wdc:1362481176628","using":"tag name","value":"option"}]
Mar 05, 2013 12:59:36 PM org.openqa.selenium.remote.RemoteWebDriver log
INFO: Executed: [de711ceedfff4f23baa171862103ab52, findChildElements {"id":":wdc:1362481176628","using":"tag name","value":"option"}]
Mar 05, 2013 12:59:36 PM org.openqa.selenium.remote.RemoteWebDriver log
INFO: Executing: getElementAttribute [de711ceedfff4f23baa171862103ab52, getElementAttribute {"id":":wdc:1362481176630","name":"index"}]
Mar 05, 2013 12:59:36 PM org.openqa.selenium.remote.RemoteWebDriver log
INFO: Executed: [de711ceedfff4f23baa171862103ab52, getElementAttribute {"id":":wdc:1362481176630","name":"index"}]
Mar 05, 2013 12:59:36 PM org.openqa.selenium.remote.RemoteWebDriver log
INFO: Executing: get [de711ceedfff4f23baa171862103ab52, get {"url":"http://lwo1-dhp-f35258.synapse.com:6432/common/formPage.html"}]
Mar 05, 2013 12:59:36 PM org.openqa.selenium.remote.RemoteWebDriver log
INFO: Executed: [de711ceedfff4f23baa171862103ab52, get {"url":"http://lwo1-dhp-f35258.synapse.com:6432/common/formPage.html"}]
Mar 05, 2013 12:59:36 PM org.openqa.selenium.remote.RemoteWebDriver log
INFO: Executing: findElement [de711ceedfff4f23baa171862103ab52, findElement {"using":"xpath","value":"//input[@id='notWorking']"}]
Mar 05, 2013 12:59:36 PM org.openqa.selenium.remote.RemoteWebDriver log
INFO: Executed: [de711ceedfff4f23baa171862103ab52, findElement {"using":"xpath","value":"//input[@id='notWorking']"}]
Mar 05, 2013 12:59:36 PM org.openqa.selenium.remote.RemoteWebDriver log
INFO: Executing: isElementEnabled [de711ceedfff4f23baa171862103ab52, isElementEnabled {"id":":wdc:1362481176837"}]
Mar 05, 2013 12:59:36 PM org.openqa.selenium.remote.RemoteWebDriver log
INFO: Executed: [de711ceedfff4f23baa171862103ab52, isElementEnabled {"id":":wdc:1362481176837"}]
Mar 05, 2013 12:59:36 PM org.openqa.selenium.remote.RemoteWebDriver log
INFO: Executing: findElement [de711ceedfff4f23baa171862103ab52, findElement {"using":"xpath","value":"//input[@id='working']"}]
Mar 05, 2013 12:59:36 PM org.openqa.selenium.remote.RemoteWebDriver log
INFO: Executed: [de711ceedfff4f23baa171862103ab52, findElement {"using":"xpath","value":"//input[@id='working']"}]
Mar 05, 2013 12:59:36 PM org.openqa.selenium.remote.RemoteWebDriver log
INFO: Executing: isElementEnabled [de711ceedfff4f23baa171862103ab52, isElementEnabled {"id":":wdc:1362481176838"}]
Mar 05, 2013 12:59:36 PM org.openqa.selenium.remote.RemoteWebDriver log
INFO: Executed: [de711ceedfff4f23baa171862103ab52, isElementEnabled {"id":":wdc:1362481176838"}]
Mar 05, 2013 12:59:36 PM org.openqa.selenium.remote.RemoteWebDriver log
INFO: Executing: get [de711ceedfff4f23baa171862103ab52, get {"url":"http://lwo1-dhp-f35258.synapse.com:6432/common/formPage.html"}]
Mar 05, 2013 12:59:36 PM org.openqa.selenium.remote.RemoteWebDriver log
INFO: Executed: [de711ceedfff4f23baa171862103ab52, get {"url":"http://lwo1-dhp-f35258.synapse.com:6432/common/formPage.html"}]
Mar 05, 2013 12:59:36 PM org.openqa.selenium.remote.RemoteWebDriver log
INFO: Executing: findElement [de711ceedfff4f23baa171862103ab52, findElement {"using":"id","value":"disabledTextElement1"}]
Mar 05, 2013 12:59:36 PM org.openqa.selenium.remote.RemoteWebDriver log
INFO: Executed: [de711ceedfff4f23baa171862103ab52, findElement {"using":"id","value":"disabledTextElement1"}]
Mar 05, 2013 12:59:36 PM org.openqa.selenium.remote.RemoteWebDriver log
INFO: Executing: isElementEnabled [de711ceedfff4f23baa171862103ab52, isElementEnabled {"id":":wdc:1362481176966"}]
Mar 05, 2013 12:59:36 PM org.openqa.selenium.remote.RemoteWebDriver log
INFO: Executed: [de711ceedfff4f23baa171862103ab52, isElementEnabled {"id":":wdc:1362481176966"}]
Mar 05, 2013 12:59:36 PM org.openqa.selenium.remote.RemoteWebDriver log
INFO: Executing: findElement [de711ceedfff4f23baa171862103ab52, findElement {"using":"id","value":"disabledTextElement2"}]
Mar 05, 2013 12:59:37 PM org.openqa.selenium.remote.RemoteWebDriver log
INFO: Executed: [de711ceedfff4f23baa171862103ab52, findElement {"using":"id","value":"disabledTextElement2"}]
Mar 05, 2013 12:59:37 PM org.openqa.selenium.remote.RemoteWebDriver log
INFO: Executing: isElementEnabled [de711ceedfff4f23baa171862103ab52, isElementEnabled {"id":":wdc:1362481176967"}]
Mar 05, 2013 12:59:37 PM org.openqa.selenium.remote.RemoteWebDriver log
INFO: Executed: [de711ceedfff4f23baa171862103ab52, isElementEnabled {"id":":wdc:1362481176967"}]
Mar 05, 2013 12:59:37 PM org.openqa.selenium.remote.RemoteWebDriver log
INFO: Executing: findElement [de711ceedfff4f23baa171862103ab52, findElement {"using":"id","value":"disabledSubmitElement"}]
Mar 05, 2013 12:59:37 PM org.openqa.selenium.remote.RemoteWebDriver log
INFO: Executed: [de711ceedfff4f23baa171862103ab52, findElement {"using":"id","value":"disabledSubmitElement"}]
Mar 05, 2013 12:59:37 PM org.openqa.selenium.remote.RemoteWebDriver log
INFO: Executing: isElementEnabled [de711ceedfff4f23baa171862103ab52, isElementEnabled {"id":":wdc:1362481176968"}]
Mar 05, 2013 12:59:37 PM org.openqa.selenium.remote.RemoteWebDriver log
INFO: Executed: [de711ceedfff4f23baa171862103ab52, isElementEnabled {"id":":wdc:1362481176968"}]
Mar 05, 2013 12:59:37 PM org.openqa.selenium.remote.RemoteWebDriver log
INFO: Executing: get [de711ceedfff4f23baa171862103ab52, get {"url":"http://lwo1-dhp-f35258.synapse.com:6432/common/formPage.html"}]
Mar 05, 2013 12:59:37 PM org.openqa.selenium.remote.RemoteWebDriver log
INFO: Executed: [de711ceedfff4f23baa171862103ab52, get {"url":"http://lwo1-dhp-f35258.synapse.com:6432/common/formPage.html"}]
Mar 05, 2013 12:59:37 PM org.openqa.selenium.remote.RemoteWebDriver log
INFO: Executing: findElement [de711ceedfff4f23baa171862103ab52, findElement {"using":"id","value":"disabledTextElement1"}]
Mar 05, 2013 12:59:37 PM org.openqa.selenium.remote.RemoteWebDriver log
INFO: Executed: [de711ceedfff4f23baa171862103ab52, findElement {"using":"id","value":"disabledTextElement1"}]
Mar 05, 2013 12:59:37 PM org.openqa.selenium.remote.RemoteWebDriver log
INFO: Executing: sendKeysToElement [de711ceedfff4f23baa171862103ab52, sendKeysToElement {"id":":wdc:1362481177179","value":["foo"]}]
Mar 05, 2013 12:59:37 PM org.openqa.selenium.remote.RemoteWebDriver log
INFO: Executed: [de711ceedfff4f23baa171862103ab52, sendKeysToElement {"id":":wdc:1362481177179","value":["foo"]}]
Mar 05, 2013 12:59:37 PM org.openqa.selenium.remote.RemoteWebDriver log
INFO: Executing: getElementText [de711ceedfff4f23baa171862103ab52, getElementText {"id":":wdc:1362481177179"}]
Mar 05, 2013 12:59:37 PM org.openqa.selenium.remote.RemoteWebDriver log
INFO: Executed: [de711ceedfff4f23baa171862103ab52, getElementText {"id":":wdc:1362481177179"}]
Mar 05, 2013 12:59:37 PM org.openqa.selenium.remote.RemoteWebDriver log
INFO: Executing: findElement [de711ceedfff4f23baa171862103ab52, findElement {"using":"id","value":"disabledTextElement2"}]
Mar 05, 2013 12:59:37 PM org.openqa.selenium.remote.RemoteWebDriver log
INFO: Executed: [de711ceedfff4f23baa171862103ab52, findElement {"using":"id","value":"disabledTextElement2"}]
Mar 05, 2013 12:59:37 PM org.openqa.selenium.remote.RemoteWebDriver log
INFO: Executing: sendKeysToElement [de711ceedfff4f23baa171862103ab52, sendKeysToElement {"id":":wdc:1362481177180","value":["bar"]}]
Mar 05, 2013 12:59:37 PM org.openqa.selenium.remote.RemoteWebDriver log
INFO: Executed: [de711ceedfff4f23baa171862103ab52, sendKeysToElement {"id":":wdc:1362481177180","value":["bar"]}]
Mar 05, 2013 12:59:37 PM org.openqa.selenium.remote.RemoteWebDriver log
INFO: Executing: getElementText [de711ceedfff4f23baa171862103ab52, getElementText {"id":":wdc:1362481177180"}]
Mar 05, 2013 12:59:38 PM org.openqa.selenium.remote.RemoteWebDriver log
INFO: Executed: [de711ceedfff4f23baa171862103ab52, getElementText {"id":":wdc:1362481177180"}]
Mar 05, 2013 12:59:38 PM org.openqa.selenium.remote.RemoteWebDriver log
INFO: Executing: get [de711ceedfff4f23baa171862103ab52, get {"url":"http://lwo1-dhp-f35258.synapse.com:6432/common/formPage.html"}]
Mar 05, 2013 12:59:38 PM org.openqa.selenium.remote.RemoteWebDriver log
INFO: Executed: [de711ceedfff4f23baa171862103ab52, get {"url":"http://lwo1-dhp-f35258.synapse.com:6432/common/formPage.html"}]
Mar 05, 2013 12:59:38 PM org.openqa.selenium.remote.RemoteWebDriver log
INFO: Executing: findElement [de711ceedfff4f23baa171862103ab52, findElement {"using":"xpath","value":"//textarea[@id='notWorkingArea']"}]
Mar 05, 2013 12:59:38 PM org.openqa.selenium.remote.RemoteWebDriver log
INFO: Executed: [de711ceedfff4f23baa171862103ab52, findElement {"using":"xpath","value":"//textarea[@id='notWorkingArea']"}]
Mar 05, 2013 12:59:38 PM org.openqa.selenium.remote.RemoteWebDriver log
INFO: Executing: isElementEnabled [de711ceedfff4f23baa171862103ab52, isElementEnabled {"id":":wdc:1362481178064"}]
Mar 05, 2013 12:59:38 PM org.openqa.selenium.remote.RemoteWebDriver log
INFO: Executed: [de711ceedfff4f23baa171862103ab52, isElementEnabled {"id":":wdc:1362481178064"}]
Mar 05, 2013 12:59:38 PM org.openqa.selenium.remote.RemoteWebDriver log
INFO: Executing: get [de711ceedfff4f23baa171862103ab52, get {"url":"http://lwo1-dhp-f35258.synapse.com:6432/common/formPage.html"}]
Mar 05, 2013 12:59:38 PM org.openqa.selenium.remote.RemoteWebDriver log
INFO: Executed: [de711ceedfff4f23baa171862103ab52, get {"url":"http://lwo1-dhp-f35258.synapse.com:6432/common/formPage.html"}]
Mar 05, 2013 12:59:38 PM org.openqa.selenium.remote.RemoteWebDriver log
INFO: Executing: findElement [de711ceedfff4f23baa171862103ab52, findElement {"using":"name","value":"selectomatic"}]
Mar 05, 2013 12:59:38 PM org.openqa.selenium.remote.RemoteWebDriver log
INFO: Executed: [de711ceedfff4f23baa171862103ab52, findElement {"using":"name","value":"selectomatic"}]
Mar 05, 2013 12:59:38 PM org.openqa.selenium.remote.RemoteWebDriver log
INFO: Executing: findElement [de711ceedfff4f23baa171862103ab52, findElement {"using":"name","value":"no-select"}]
Mar 05, 2013 12:59:38 PM org.openqa.selenium.remote.RemoteWebDriver log
INFO: Executed: [de711ceedfff4f23baa171862103ab52, findElement {"using":"name","value":"no-select"}]
Mar 05, 2013 12:59:38 PM org.openqa.selenium.remote.RemoteWebDriver log
INFO: Executing: isElementEnabled [de711ceedfff4f23baa171862103ab52, isElementEnabled {"id":":wdc:1362481178125"}]
Mar 05, 2013 12:59:38 PM org.openqa.selenium.remote.RemoteWebDriver log
INFO: Executed: [de711ceedfff4f23baa171862103ab52, isElementEnabled {"id":":wdc:1362481178125"}]
Mar 05, 2013 12:59:38 PM org.openqa.selenium.remote.RemoteWebDriver log
INFO: Executing: isElementEnabled [de711ceedfff4f23baa171862103ab52, isElementEnabled {"id":":wdc:1362481178126"}]
Mar 05, 2013 12:59:38 PM org.openqa.selenium.remote.RemoteWebDriver log
INFO: Executed: [de711ceedfff4f23baa171862103ab52, isElementEnabled {"id":":wdc:1362481178126"}]
Mar 05, 2013 12:59:38 PM org.openqa.selenium.remote.RemoteWebDriver log
INFO: Executing: get [de711ceedfff4f23baa171862103ab52, get {"url":"http://lwo1-dhp-f35258.synapse.com:6432/common/formPage.html"}]
Mar 05, 2013 12:59:38 PM org.openqa.selenium.remote.RemoteWebDriver log
INFO: Executed: [de711ceedfff4f23baa171862103ab52, get {"url":"http://lwo1-dhp-f35258.synapse.com:6432/common/formPage.html"}]
Mar 05, 2013 12:59:38 PM org.openqa.selenium.remote.RemoteWebDriver log
INFO: Executing: findElement [de711ceedfff4f23baa171862103ab52, findElement {"using":"xpath","value":"//input[@id='checky']"}]
Mar 05, 2013 12:59:38 PM org.openqa.selenium.remote.RemoteWebDriver log
INFO: Executed: [de711ceedfff4f23baa171862103ab52, findElement {"using":"xpath","value":"//input[@id='checky']"}]
Mar 05, 2013 12:59:38 PM org.openqa.selenium.remote.RemoteWebDriver log
INFO: Executing: getElementAttribute [de711ceedfff4f23baa171862103ab52, getElementAttribute {"id":":wdc:1362481178248","name":"checked"}]
Mar 05, 2013 12:59:38 PM org.openqa.selenium.remote.RemoteWebDriver log
INFO: Executed: [de711ceedfff4f23baa171862103ab52, getElementAttribute {"id":":wdc:1362481178248","name":"checked"}]
Mar 05, 2013 12:59:38 PM org.openqa.selenium.remote.RemoteWebDriver log
INFO: Executing: clickElement [de711ceedfff4f23baa171862103ab52, clickElement {"id":":wdc:1362481178248"}]
Mar 05, 2013 12:59:38 PM org.openqa.selenium.remote.RemoteWebDriver log
INFO: Executed: [de711ceedfff4f23baa171862103ab52, clickElement {"id":":wdc:1362481178248"}]
Mar 05, 2013 12:59:38 PM org.openqa.selenium.remote.RemoteWebDriver log
INFO: Executing: getElementAttribute [de711ceedfff4f23baa171862103ab52, getElementAttribute {"id":":wdc:1362481178248","name":"checked"}]
Mar 05, 2013 12:59:38 PM org.openqa.selenium.remote.RemoteWebDriver log
INFO: Executed: [de711ceedfff4f23baa171862103ab52, getElementAttribute {"id":":wdc:1362481178248","name":"checked"}]
Mar 05, 2013 12:59:38 PM org.openqa.selenium.remote.RemoteWebDriver log
INFO: Executing: get [de711ceedfff4f23baa171862103ab52, get {"url":"http://lwo1-dhp-f35258.synapse.com:6432/common/formPage.html"}]
Mar 05, 2013 12:59:38 PM org.openqa.selenium.remote.RemoteWebDriver log
INFO: Executed: [de711ceedfff4f23baa171862103ab52, get {"url":"http://lwo1-dhp-f35258.synapse.com:6432/common/formPage.html"}]
Mar 05, 2013 12:59:38 PM org.openqa.selenium.remote.RemoteWebDriver log
INFO: Executing: findElement [de711ceedfff4f23baa171862103ab52, findElement {"using":"id","value":"cheese"}]
Mar 05, 2013 12:59:38 PM org.openqa.selenium.remote.RemoteWebDriver log
INFO: Executed: [de711ceedfff4f23baa171862103ab52, findElement {"using":"id","value":"cheese"}]
Mar 05, 2013 12:59:38 PM org.openqa.selenium.remote.RemoteWebDriver log
INFO: Executing: findElement [de711ceedfff4f23baa171862103ab52, findElement {"using":"id","value":"peas"}]
Mar 05, 2013 12:59:38 PM org.openqa.selenium.remote.RemoteWebDriver log
INFO: Executed: [de711ceedfff4f23baa171862103ab52, findElement {"using":"id","value":"peas"}]
Mar 05, 2013 12:59:38 PM org.openqa.selenium.remote.RemoteWebDriver log
INFO: Executing: findElement [de711ceedfff4f23baa171862103ab52, findElement {"using":"id","value":"cheese_and_peas"}]
Mar 05, 2013 12:59:38 PM org.openqa.selenium.remote.RemoteWebDriver log
INFO: Executed: [de711ceedfff4f23baa171862103ab52, findElement {"using":"id","value":"cheese_and_peas"}]
Mar 05, 2013 12:59:38 PM org.openqa.selenium.remote.RemoteWebDriver log
INFO: Executing: getElementAttribute [de711ceedfff4f23baa171862103ab52, getElementAttribute {"id":":wdc:1362481178621","name":"selected"}]
Mar 05, 2013 12:59:38 PM org.openqa.selenium.remote.RemoteWebDriver log
INFO: Executed: [de711ceedfff4f23baa171862103ab52, getElementAttribute {"id":":wdc:1362481178621","name":"selected"}]
Mar 05, 2013 12:59:38 PM org.openqa.selenium.remote.RemoteWebDriver log
INFO: Executing: getElementAttribute [de711ceedfff4f23baa171862103ab52, getElementAttribute {"id":":wdc:1362481178622","name":"selected"}]
Mar 05, 2013 12:59:38 PM org.openqa.selenium.remote.RemoteWebDriver log
INFO: Executed: [de711ceedfff4f23baa171862103ab52, getElementAttribute {"id":":wdc:1362481178622","name":"selected"}]
Mar 05, 2013 12:59:38 PM org.openqa.selenium.remote.RemoteWebDriver log
INFO: Executing: getElementAttribute [de711ceedfff4f23baa171862103ab52, getElementAttribute {"id":":wdc:1362481178623","name":"selected"}]
Mar 05, 2013 12:59:39 PM org.openqa.selenium.remote.RemoteWebDriver log
INFO: Executed: [de711ceedfff4f23baa171862103ab52, getElementAttribute {"id":":wdc:1362481178623","name":"selected"}]
Mar 05, 2013 12:59:39 PM org.openqa.selenium.remote.RemoteWebDriver log
INFO: Executing: clickElement [de711ceedfff4f23baa171862103ab52, clickElement {"id":":wdc:1362481178622"}]
Mar 05, 2013 12:59:39 PM org.openqa.selenium.remote.RemoteWebDriver log
INFO: Executed: [de711ceedfff4f23baa171862103ab52, clickElement {"id":":wdc:1362481178622"}]
Mar 05, 2013 12:59:39 PM org.openqa.selenium.remote.RemoteWebDriver log
INFO: Executing: getElementAttribute [de711ceedfff4f23baa171862103ab52, getElementAttribute {"id":":wdc:1362481178621","name":"selected"}]
Mar 05, 2013 12:59:39 PM org.openqa.selenium.remote.RemoteWebDriver log
INFO: Executed: [de711ceedfff4f23baa171862103ab52, getElementAttribute {"id":":wdc:1362481178621","name":"selected"}]
Mar 05, 2013 12:59:39 PM org.openqa.selenium.remote.RemoteWebDriver log
INFO: Executing: getElementAttribute [de711ceedfff4f23baa171862103ab52, getElementAttribute {"id":":wdc:1362481178622","name":"selected"}]
Mar 05, 2013 12:59:39 PM org.openqa.selenium.remote.RemoteWebDriver log
INFO: Executed: [de711ceedfff4f23baa171862103ab52, getElementAttribute {"id":":wdc:1362481178622","name":"selected"}]
Mar 05, 2013 12:59:39 PM org.openqa.selenium.remote.RemoteWebDriver log
INFO: Executing: getElementAttribute [de711ceedfff4f23baa171862103ab52, getElementAttribute {"id":":wdc:1362481178623","name":"selected"}]
Mar 05, 2013 12:59:39 PM org.openqa.selenium.remote.RemoteWebDriver log
INFO: Executed: [de711ceedfff4f23baa171862103ab52, getElementAttribute {"id":":wdc:1362481178623","name":"selected"}]
Mar 05, 2013 12:59:39 PM org.openqa.selenium.remote.RemoteWebDriver log
INFO: Executing: get [de711ceedfff4f23baa171862103ab52, get {"url":"http://lwo1-dhp-f35258.synapse.com:6432/common/formPage.html"}]
Mar 05, 2013 12:59:39 PM org.openqa.selenium.remote.RemoteWebDriver log
INFO: Executed: [de711ceedfff4f23baa171862103ab52, get {"url":"http://lwo1-dhp-f35258.synapse.com:6432/common/formPage.html"}]
Mar 05, 2013 12:59:39 PM org.openqa.selenium.remote.RemoteWebDriver log
INFO: Executing: findElement [de711ceedfff4f23baa171862103ab52, findElement {"using":"xpath","value":"//select[@name='selectomatic']"}]
Mar 05, 2013 12:59:39 PM org.openqa.selenium.remote.RemoteWebDriver log
INFO: Executed: [de711ceedfff4f23baa171862103ab52, findElement {"using":"xpath","value":"//select[@name='selectomatic']"}]
Mar 05, 2013 12:59:39 PM org.openqa.selenium.remote.RemoteWebDriver log
INFO: Executing: findChildElements [de711ceedfff4f23baa171862103ab52, findChildElements {"id":":wdc:1362481179542","using":"tag name","value":"option"}]
Mar 05, 2013 12:59:39 PM org.openqa.selenium.remote.RemoteWebDriver log
INFO: Executed: [de711ceedfff4f23baa171862103ab52, findChildElements {"id":":wdc:1362481179542","using":"tag name","value":"option"}]
Mar 05, 2013 12:59:39 PM org.openqa.selenium.remote.RemoteWebDriver log
INFO: Executing: isElementSelected [de711ceedfff4f23baa171862103ab52, isElementSelected {"id":":wdc:1362481179543"}]
Mar 05, 2013 12:59:39 PM org.openqa.selenium.remote.RemoteWebDriver log
INFO: Executed: [de711ceedfff4f23baa171862103ab52, isElementSelected {"id":":wdc:1362481179543"}]
Mar 05, 2013 12:59:39 PM org.openqa.selenium.remote.RemoteWebDriver log
INFO: Executing: isElementSelected [de711ceedfff4f23baa171862103ab52, isElementSelected {"id":":wdc:1362481179544"}]
Mar 05, 2013 12:59:39 PM org.openqa.selenium.remote.RemoteWebDriver log
INFO: Executed: [de711ceedfff4f23baa171862103ab52, isElementSelected {"id":":wdc:1362481179544"}]
Mar 05, 2013 12:59:39 PM org.openqa.selenium.remote.RemoteWebDriver log
INFO: Executing: getElementAttribute [de711ceedfff4f23baa171862103ab52, getElementAttribute {"id":":wdc:1362481179543","name":"selected"}]
Mar 05, 2013 12:59:39 PM org.openqa.selenium.remote.RemoteWebDriver log
INFO: Executed: [de711ceedfff4f23baa171862103ab52, getElementAttribute {"id":":wdc:1362481179543","name":"selected"}]
Mar 05, 2013 12:59:39 PM org.openqa.selenium.remote.RemoteWebDriver log
INFO: Executing: getElementAttribute [de711ceedfff4f23baa171862103ab52, getElementAttribute {"id":":wdc:1362481179544","name":"selected"}]
Mar 05, 2013 12:59:40 PM org.openqa.selenium.remote.RemoteWebDriver log
INFO: Executed: [de711ceedfff4f23baa171862103ab52, getElementAttribute {"id":":wdc:1362481179544","name":"selected"}]
Mar 05, 2013 12:59:40 PM org.openqa.selenium.remote.RemoteWebDriver log
INFO: Executing: get [de711ceedfff4f23baa171862103ab52, get {"url":"http://lwo1-dhp-f35258.synapse.com:6432/common/xhtmlTest.html"}]
Mar 05, 2013 12:59:40 PM org.openqa.selenium.remote.RemoteWebDriver log
INFO: Executed: [de711ceedfff4f23baa171862103ab52, get {"url":"http://lwo1-dhp-f35258.synapse.com:6432/common/xhtmlTest.html"}]
Mar 05, 2013 12:59:40 PM org.openqa.selenium.remote.RemoteWebDriver log
INFO: Executing: findElement [de711ceedfff4f23baa171862103ab52, findElement {"using":"xpath","value":"//h1"}]
Mar 05, 2013 12:59:40 PM org.openqa.selenium.remote.RemoteWebDriver log
INFO: Executed: [de711ceedfff4f23baa171862103ab52, findElement {"using":"xpath","value":"//h1"}]
Mar 05, 2013 12:59:40 PM org.openqa.selenium.remote.RemoteWebDriver log
INFO: Executing: getElementAttribute [de711ceedfff4f23baa171862103ab52, getElementAttribute {"id":":wdc:1362481180089","name":"class"}]
Mar 05, 2013 12:59:40 PM org.openqa.selenium.remote.RemoteWebDriver log
INFO: Executed: [de711ceedfff4f23baa171862103ab52, getElementAttribute {"id":":wdc:1362481180089","name":"class"}]
Mar 05, 2013 12:59:40 PM org.openqa.selenium.remote.RemoteWebDriver log
INFO: Executing: get [de711ceedfff4f23baa171862103ab52, get {"url":"http://lwo1-dhp-f35258.synapse.com:6432/common/formPage.html"}]
Mar 05, 2013 12:59:40 PM org.openqa.selenium.remote.RemoteWebDriver log
INFO: Executed: [de711ceedfff4f23baa171862103ab52, get {"url":"http://lwo1-dhp-f35258.synapse.com:6432/common/formPage.html"}]
Mar 05, 2013 12:59:40 PM org.openqa.selenium.remote.RemoteWebDriver log
INFO: Executing: findElement [de711ceedfff4f23baa171862103ab52, findElement {"using":"id","value":"withText"}]
Mar 05, 2013 12:59:40 PM org.openqa.selenium.remote.RemoteWebDriver log
INFO: Executed: [de711ceedfff4f23baa171862103ab52, findElement {"using":"id","value":"withText"}]
Mar 05, 2013 12:59:40 PM org.openqa.selenium.remote.RemoteWebDriver log
INFO: Executing: getElementAttribute [de711ceedfff4f23baa171862103ab52, getElementAttribute {"id":":wdc:1362481180242","name":"value"}]
Mar 05, 2013 12:59:40 PM org.openqa.selenium.remote.RemoteWebDriver log
INFO: Executed: [de711ceedfff4f23baa171862103ab52, getElementAttribute {"id":":wdc:1362481180242","name":"value"}]
Mar 05, 2013 12:59:40 PM org.openqa.selenium.remote.RemoteWebDriver log
INFO: Executing: get [de711ceedfff4f23baa171862103ab52, get {"url":"http://lwo1-dhp-f35258.synapse.com:6432/common/formPage.html"}]
Mar 05, 2013 12:59:40 PM org.openqa.selenium.remote.RemoteWebDriver log
INFO: Executed: [de711ceedfff4f23baa171862103ab52, get {"url":"http://lwo1-dhp-f35258.synapse.com:6432/common/formPage.html"}]
Mar 05, 2013 12:59:40 PM org.openqa.selenium.remote.RemoteWebDriver log
INFO: Executing: findElement [de711ceedfff4f23baa171862103ab52, findElement {"using":"name","value":"readonly"}]
Mar 05, 2013 12:59:40 PM org.openqa.selenium.remote.RemoteWebDriver log
INFO: Executed: [de711ceedfff4f23baa171862103ab52, findElement {"using":"name","value":"readonly"}]
Mar 05, 2013 12:59:40 PM org.openqa.selenium.remote.RemoteWebDriver log
INFO: Executing: getElementAttribute [de711ceedfff4f23baa171862103ab52, getElementAttribute {"id":":wdc:1362481180402","name":"readonly"}]
Mar 05, 2013 12:59:40 PM org.openqa.selenium.remote.RemoteWebDriver log
INFO: Executed: [de711ceedfff4f23baa171862103ab52, getElementAttribute {"id":":wdc:1362481180402","name":"readonly"}]
Mar 05, 2013 12:59:40 PM org.openqa.selenium.remote.RemoteWebDriver log
INFO: Executing: findElement [de711ceedfff4f23baa171862103ab52, findElement {"using":"name","value":"x"}]
Mar 05, 2013 12:59:40 PM org.openqa.selenium.remote.RemoteWebDriver log
INFO: Executed: [de711ceedfff4f23baa171862103ab52, findElement {"using":"name","value":"x"}]
Mar 05, 2013 12:59:40 PM org.openqa.selenium.remote.RemoteWebDriver log
INFO: Executing: getElementAttribute [de711ceedfff4f23baa171862103ab52, getElementAttribute {"id":":wdc:1362481180403","name":"readonly"}]
Mar 05, 2013 12:59:40 PM org.openqa.selenium.remote.RemoteWebDriver log
INFO: Executed: [de711ceedfff4f23baa171862103ab52, getElementAttribute {"id":":wdc:1362481180403","name":"readonly"}]
Mar 05, 2013 12:59:40 PM org.openqa.selenium.remote.RemoteWebDriver log
INFO: Executing: get [de711ceedfff4f23baa171862103ab52, get {"url":"http://lwo1-dhp-f35258.synapse.com:6432/common/formPage.html"}]
Mar 05, 2013 12:59:40 PM org.openqa.selenium.remote.RemoteWebDriver log
INFO: Executed: [de711ceedfff4f23baa171862103ab52, get {"url":"http://lwo1-dhp-f35258.synapse.com:6432/common/formPage.html"}]
Mar 05, 2013 12:59:40 PM org.openqa.selenium.remote.RemoteWebDriver log
INFO: Executing: findElement [de711ceedfff4f23baa171862103ab52, findElement {"using":"id","value":"withText"}]
Mar 05, 2013 12:59:40 PM org.openqa.selenium.remote.RemoteWebDriver log
INFO: Executed: [de711ceedfff4f23baa171862103ab52, findElement {"using":"id","value":"withText"}]
Mar 05, 2013 12:59:40 PM org.openqa.selenium.remote.RemoteWebDriver log
INFO: Executing: getElementAttribute [de711ceedfff4f23baa171862103ab52, getElementAttribute {"id":":wdc:1362481180733","name":"rows"}]
Mar 05, 2013 12:59:40 PM org.openqa.selenium.remote.RemoteWebDriver log
INFO: Executed: [de711ceedfff4f23baa171862103ab52, getElementAttribute {"id":":wdc:1362481180733","name":"rows"}]
Mar 05, 2013 12:59:40 PM org.openqa.selenium.remote.RemoteWebDriver log
INFO: Executing: get [de711ceedfff4f23baa171862103ab52, get {"url":"http://lwo1-dhp-f35258.synapse.com:6432/common/javascriptPage.html"}]
Mar 05, 2013 12:59:40 PM org.openqa.selenium.remote.RemoteWebDriver log
INFO: Executed: [de711ceedfff4f23baa171862103ab52, get {"url":"http://lwo1-dhp-f35258.synapse.com:6432/common/javascriptPage.html"}]
Mar 05, 2013 12:59:40 PM org.openqa.selenium.remote.RemoteWebDriver log
INFO: Executing: findElement [de711ceedfff4f23baa171862103ab52, findElement {"using":"id","value":"red-item"}]
Mar 05, 2013 12:59:40 PM org.openqa.selenium.remote.RemoteWebDriver log
INFO: Executed: [de711ceedfff4f23baa171862103ab52, findElement {"using":"id","value":"red-item"}]
Mar 05, 2013 12:59:40 PM org.openqa.selenium.remote.RemoteWebDriver log
INFO: Executing: getElementAttribute [de711ceedfff4f23baa171862103ab52, getElementAttribute {"id":":wdc:1362481180887","name":"style"}]
Mar 05, 2013 12:59:41 PM org.openqa.selenium.remote.RemoteWebDriver log
INFO: Executed: [de711ceedfff4f23baa171862103ab52, getElementAttribute {"id":":wdc:1362481180887","name":"style"}]
Mar 05, 2013 12:59:41 PM org.openqa.selenium.remote.RemoteWebDriver log
INFO: Executing: get [de711ceedfff4f23baa171862103ab52, get {"url":"http://lwo1-dhp-f35258.synapse.com:6432/common/tables.html"}]
Mar 05, 2013 12:59:41 PM org.openqa.selenium.remote.RemoteWebDriver log
INFO: Executed: [de711ceedfff4f23baa171862103ab52, get {"url":"http://lwo1-dhp-f35258.synapse.com:6432/common/tables.html"}]
Mar 05, 2013 12:59:42 PM org.openqa.selenium.remote.RemoteWebDriver log
INFO: Executing: findElement [de711ceedfff4f23baa171862103ab52, findElement {"using":"id","value":"th1"}]
Mar 05, 2013 12:59:42 PM org.openqa.selenium.remote.RemoteWebDriver log
INFO: Executed: [de711ceedfff4f23baa171862103ab52, findElement {"using":"id","value":"th1"}]
Mar 05, 2013 12:59:42 PM org.openqa.selenium.remote.RemoteWebDriver log
INFO: Executing: findElement [de711ceedfff4f23baa171862103ab52, findElement {"using":"id","value":"td2"}]
Mar 05, 2013 12:59:42 PM org.openqa.selenium.remote.RemoteWebDriver log
INFO: Executed: [de711ceedfff4f23baa171862103ab52, findElement {"using":"id","value":"td2"}]
Mar 05, 2013 12:59:42 PM org.openqa.selenium.remote.RemoteWebDriver log
INFO: Executing: getElementAttribute [de711ceedfff4f23baa171862103ab52, getElementAttribute {"id":":wdc:1362481182038","name":"id"}]
Mar 05, 2013 12:59:42 PM org.openqa.selenium.remote.RemoteWebDriver log
INFO: Executed: [de711ceedfff4f23baa171862103ab52, getElementAttribute {"id":":wdc:1362481182038","name":"id"}]
Mar 05, 2013 12:59:42 PM org.openqa.selenium.remote.RemoteWebDriver log
INFO: Executing: getElementAttribute [de711ceedfff4f23baa171862103ab52, getElementAttribute {"id":":wdc:1362481182038","name":"colspan"}]
Mar 05, 2013 12:59:42 PM org.openqa.selenium.remote.RemoteWebDriver log
INFO: Executed: [de711ceedfff4f23baa171862103ab52, getElementAttribute {"id":":wdc:1362481182038","name":"colspan"}]
Mar 05, 2013 12:59:42 PM org.openqa.selenium.remote.RemoteWebDriver log
INFO: Executing: getElementAttribute [de711ceedfff4f23baa171862103ab52, getElementAttribute {"id":":wdc:1362481182039","name":"id"}]
Mar 05, 2013 12:59:42 PM org.openqa.selenium.remote.RemoteWebDriver log
INFO: Executed: [de711ceedfff4f23baa171862103ab52, getElementAttribute {"id":":wdc:1362481182039","name":"id"}]
Mar 05, 2013 12:59:42 PM org.openqa.selenium.remote.RemoteWebDriver log
INFO: Executing: getElementAttribute [de711ceedfff4f23baa171862103ab52, getElementAttribute {"id":":wdc:1362481182039","name":"colspan"}]
Mar 05, 2013 12:59:42 PM org.openqa.selenium.remote.RemoteWebDriver log
INFO: Executed: [de711ceedfff4f23baa171862103ab52, getElementAttribute {"id":":wdc:1362481182039","name":"colspan"}]
Mar 05, 2013 12:59:42 PM org.openqa.selenium.remote.RemoteWebDriver log
INFO: Executing: get [de711ceedfff4f23baa171862103ab52, get {"url":"http://lwo1-dhp-f35258.synapse.com:6432/common/javascriptPage.html"}]
Mar 05, 2013 12:59:42 PM org.openqa.selenium.remote.RemoteWebDriver log
INFO: Executed: [de711ceedfff4f23baa171862103ab52, get {"url":"http://lwo1-dhp-f35258.synapse.com:6432/common/javascriptPage.html"}]
Mar 05, 2013 12:59:42 PM org.openqa.selenium.remote.RemoteWebDriver log
INFO: Executing: findElement [de711ceedfff4f23baa171862103ab52, findElement {"using":"id","value":"mouseclick"}]
Mar 05, 2013 12:59:42 PM org.openqa.selenium.remote.RemoteWebDriver log
INFO: Executed: [de711ceedfff4f23baa171862103ab52, findElement {"using":"id","value":"mouseclick"}]
Mar 05, 2013 12:59:42 PM org.openqa.selenium.remote.RemoteWebDriver log
INFO: Executing: getElementAttribute [de711ceedfff4f23baa171862103ab52, getElementAttribute {"id":":wdc:1362481182486","name":"onclick"}]
Mar 05, 2013 12:59:42 PM org.openqa.selenium.remote.RemoteWebDriver log
INFO: Executed: [de711ceedfff4f23baa171862103ab52, getElementAttribute {"id":":wdc:1362481182486","name":"onclick"}]
Mar 05, 2013 12:59:42 PM org.openqa.selenium.remote.RemoteWebDriver log
INFO: Executing: findElement [de711ceedfff4f23baa171862103ab52, findElement {"using":"id","value":"mousedown"}]
Mar 05, 2013 12:59:42 PM org.openqa.selenium.remote.RemoteWebDriver log
INFO: Executed: [de711ceedfff4f23baa171862103ab52, findElement {"using":"id","value":"mousedown"}]
Mar 05, 2013 12:59:42 PM org.openqa.selenium.remote.RemoteWebDriver log
INFO: Executing: getElementAttribute [de711ceedfff4f23baa171862103ab52, getElementAttribute {"id":":wdc:1362481182487","name":"onclick"}]
Mar 05, 2013 12:59:42 PM org.openqa.selenium.remote.RemoteWebDriver log
INFO: Executed: [de711ceedfff4f23baa171862103ab52, getElementAttribute {"id":":wdc:1362481182487","name":"onclick"}]
Mar 05, 2013 12:59:42 PM org.openqa.selenium.remote.RemoteWebDriver log
INFO: Executing: get [de711ceedfff4f23baa171862103ab52, get {"url":"http://lwo1-dhp-f35258.synapse.com:6432/common/svgPiechart.xhtml"}]
Mar 05, 2013 12:59:42 PM org.openqa.selenium.remote.RemoteWebDriver log
INFO: Executed: [de711ceedfff4f23baa171862103ab52, get {"url":"http://lwo1-dhp-f35258.synapse.com:6432/common/svgPiechart.xhtml"}]
Mar 05, 2013 12:59:42 PM org.openqa.selenium.remote.RemoteWebDriver log
INFO: Executing: findElement [de711ceedfff4f23baa171862103ab52, findElement {"using":"id","value":"rotate"}]
Mar 05, 2013 12:59:42 PM org.openqa.selenium.remote.RemoteWebDriver log
INFO: Executed: [de711ceedfff4f23baa171862103ab52, findElement {"using":"id","value":"rotate"}]
Mar 05, 2013 12:59:42 PM org.openqa.selenium.remote.RemoteWebDriver log
INFO: Executing: getElementAttribute [de711ceedfff4f23baa171862103ab52, getElementAttribute {"id":":wdc:1362481182806","name":"transform"}]
Mar 05, 2013 12:59:42 PM org.openqa.selenium.remote.RemoteWebDriver log
INFO: Executed: [de711ceedfff4f23baa171862103ab52, getElementAttribute {"id":":wdc:1362481182806","name":"transform"}]
Mar 05, 2013 12:59:42 PM org.openqa.selenium.remote.RemoteWebDriver log
INFO: Executing: get [de711ceedfff4f23baa171862103ab52, get {"url":"http://lwo1-dhp-f35258.synapse.com:6432/common/formPage.html"}]
Mar 05, 2013 12:59:42 PM org.openqa.selenium.remote.RemoteWebDriver log
INFO: Executed: [de711ceedfff4f23baa171862103ab52, get {"url":"http://lwo1-dhp-f35258.synapse.com:6432/common/formPage.html"}]
Mar 05, 2013 12:59:42 PM org.openqa.selenium.remote.RemoteWebDriver log
INFO: Executing: findElement [de711ceedfff4f23baa171862103ab52, findElement {"using":"id","value":"working"}]
Mar 05, 2013 12:59:42 PM org.openqa.selenium.remote.RemoteWebDriver log
INFO: Executed: [de711ceedfff4f23baa171862103ab52, findElement {"using":"id","value":"working"}]
Mar 05, 2013 12:59:42 PM org.openqa.selenium.remote.RemoteWebDriver log
INFO: Executing: getElementAttribute [de711ceedfff4f23baa171862103ab52, getElementAttribute {"id":":wdc:1362481182960","name":"value"}]
Mar 05, 2013 12:59:43 PM org.openqa.selenium.remote.RemoteWebDriver log
INFO: Executed: [de711ceedfff4f23baa171862103ab52, getElementAttribute {"id":":wdc:1362481182960","name":"value"}]
Mar 05, 2013 12:59:43 PM org.openqa.selenium.remote.RemoteWebDriver log
INFO: Executing: sendKeysToElement [de711ceedfff4f23baa171862103ab52, sendKeysToElement {"id":":wdc:1362481182960","value":["hello world"]}]
Mar 05, 2013 12:59:43 PM org.openqa.selenium.remote.RemoteWebDriver log
INFO: Executed: [de711ceedfff4f23baa171862103ab52, sendKeysToElement {"id":":wdc:1362481182960","value":["hello world"]}]
Mar 05, 2013 12:59:43 PM org.openqa.selenium.remote.RemoteWebDriver log
INFO: Executing: getElementAttribute [de711ceedfff4f23baa171862103ab52, getElementAttribute {"id":":wdc:1362481182960","name":"value"}]
Mar 05, 2013 12:59:43 PM org.openqa.selenium.remote.RemoteWebDriver log
INFO: Executed: [de711ceedfff4f23baa171862103ab52, getElementAttribute {"id":":wdc:1362481182960","name":"value"}]
Mar 05, 2013 12:59:43 PM org.openqa.selenium.remote.RemoteWebDriver log
INFO: Executing: get [de711ceedfff4f23baa171862103ab52, get {"url":"http://lwo1-dhp-f35258.synapse.com:6432/common/formPage.html"}]
Mar 05, 2013 12:59:43 PM org.openqa.selenium.remote.RemoteWebDriver log
INFO: Executed: [de711ceedfff4f23baa171862103ab52, get {"url":"http://lwo1-dhp-f35258.synapse.com:6432/common/formPage.html"}]
Mar 05, 2013 12:59:43 PM org.openqa.selenium.remote.RemoteWebDriver log
INFO: Executing: findElement [de711ceedfff4f23baa171862103ab52, findElement {"using":"id","value":"email"}]
Mar 05, 2013 12:59:43 PM org.openqa.selenium.remote.RemoteWebDriver log
INFO: Executed: [de711ceedfff4f23baa171862103ab52, findElement {"using":"id","value":"email"}]
Mar 05, 2013 12:59:43 PM org.openqa.selenium.remote.RemoteWebDriver log
INFO: Executing: getElementAttribute [de711ceedfff4f23baa171862103ab52, getElementAttribute {"id":":wdc:1362481183512","name":"value"}]
Mar 05, 2013 12:59:43 PM org.openqa.selenium.remote.RemoteWebDriver log
INFO: Executed: [de711ceedfff4f23baa171862103ab52, getElementAttribute {"id":":wdc:1362481183512","name":"value"}]
Mar 05, 2013 12:59:43 PM org.openqa.selenium.remote.RemoteWebDriver log
INFO: Executing: sendKeysToElement [de711ceedfff4f23baa171862103ab52, sendKeysToElement {"id":":wdc:1362481183512","value":["hello@example.com"]}]
Mar 05, 2013 12:59:43 PM org.openqa.selenium.remote.RemoteWebDriver log
INFO: Executed: [de711ceedfff4f23baa171862103ab52, sendKeysToElement {"id":":wdc:1362481183512","value":["hello@example.com"]}]
Mar 05, 2013 12:59:43 PM org.openqa.selenium.remote.RemoteWebDriver log
INFO: Executing: getElementAttribute [de711ceedfff4f23baa171862103ab52, getElementAttribute {"id":":wdc:1362481183512","name":"value"}]
Mar 05, 2013 12:59:44 PM org.openqa.selenium.remote.RemoteWebDriver log
INFO: Executed: [de711ceedfff4f23baa171862103ab52, getElementAttribute {"id":":wdc:1362481183512","name":"value"}]
Mar 05, 2013 12:59:44 PM org.openqa.selenium.remote.RemoteWebDriver log
INFO: Executing: get [de711ceedfff4f23baa171862103ab52, get {"url":"http://lwo1-dhp-f35258.synapse.com:6432/common/formPage.html"}]
Mar 05, 2013 12:59:44 PM org.openqa.selenium.remote.RemoteWebDriver log
INFO: Executed: [de711ceedfff4f23baa171862103ab52, get {"url":"http://lwo1-dhp-f35258.synapse.com:6432/common/formPage.html"}]
Mar 05, 2013 12:59:44 PM org.openqa.selenium.remote.RemoteWebDriver log
INFO: Executing: findElement [de711ceedfff4f23baa171862103ab52, findElement {"using":"id","value":"emptyTextArea"}]
Mar 05, 2013 12:59:44 PM org.openqa.selenium.remote.RemoteWebDriver log
INFO: Executed: [de711ceedfff4f23baa171862103ab52, findElement {"using":"id","value":"emptyTextArea"}]
Mar 05, 2013 12:59:44 PM org.openqa.selenium.remote.RemoteWebDriver log
INFO: Executing: getElementAttribute [de711ceedfff4f23baa171862103ab52, getElementAttribute {"id":":wdc:1362481184069","name":"value"}]
Mar 05, 2013 12:59:44 PM org.openqa.selenium.remote.RemoteWebDriver log
INFO: Executed: [de711ceedfff4f23baa171862103ab52, getElementAttribute {"id":":wdc:1362481184069","name":"value"}]
Mar 05, 2013 12:59:44 PM org.openqa.selenium.remote.RemoteWebDriver log
INFO: Executing: sendKeysToElement [de711ceedfff4f23baa171862103ab52, sendKeysToElement {"id":":wdc:1362481184069","value":["hello world"]}]
Mar 05, 2013 12:59:44 PM org.openqa.selenium.remote.RemoteWebDriver log
INFO: Executed: [de711ceedfff4f23baa171862103ab52, sendKeysToElement {"id":":wdc:1362481184069","value":["hello world"]}]
Mar 05, 2013 12:59:44 PM org.openqa.selenium.remote.RemoteWebDriver log
INFO: Executing: getElementAttribute [de711ceedfff4f23baa171862103ab52, getElementAttribute {"id":":wdc:1362481184069","name":"value"}]
Mar 05, 2013 12:59:44 PM org.openqa.selenium.remote.RemoteWebDriver log
INFO: Executed: [de711ceedfff4f23baa171862103ab52, getElementAttribute {"id":":wdc:1362481184069","name":"value"}]
Mar 05, 2013 12:59:44 PM org.openqa.selenium.remote.RemoteWebDriver log
INFO: Executing: get [de711ceedfff4f23baa171862103ab52, get {"url":"http://lwo1-dhp-f35258.synapse.com:6432/common/booleanAttributes.html"}]
Mar 05, 2013 12:59:44 PM org.openqa.selenium.remote.RemoteWebDriver log
INFO: Executed: [de711ceedfff4f23baa171862103ab52, get {"url":"http://lwo1-dhp-f35258.synapse.com:6432/common/booleanAttributes.html"}]
Mar 05, 2013 12:59:44 PM org.openqa.selenium.remote.RemoteWebDriver log
INFO: Executing: findElement [de711ceedfff4f23baa171862103ab52, findElement {"using":"id","value":"emailRequired"}]
Mar 05, 2013 12:59:44 PM org.openqa.selenium.remote.RemoteWebDriver log
INFO: Executed: [de711ceedfff4f23baa171862103ab52, findElement {"using":"id","value":"emailRequired"}]
Mar 05, 2013 12:59:44 PM org.openqa.selenium.remote.RemoteWebDriver log
INFO: Executing: getElementAttribute [de711ceedfff4f23baa171862103ab52, getElementAttribute {"id":":wdc:1362481184623","name":"required"}]
Mar 05, 2013 12:59:44 PM org.openqa.selenium.remote.RemoteWebDriver log
INFO: Executed: [de711ceedfff4f23baa171862103ab52, getElementAttribute {"id":":wdc:1362481184623","name":"required"}]
Mar 05, 2013 12:59:44 PM org.openqa.selenium.remote.RemoteWebDriver log
INFO: Executing: findElement [de711ceedfff4f23baa171862103ab52, findElement {"using":"id","value":"emptyTextAreaRequired"}]
Mar 05, 2013 12:59:44 PM org.openqa.selenium.remote.RemoteWebDriver log
INFO: Executed: [de711ceedfff4f23baa171862103ab52, findElement {"using":"id","value":"emptyTextAreaRequired"}]
Mar 05, 2013 12:59:44 PM org.openqa.selenium.remote.RemoteWebDriver log
INFO: Executing: getElementAttribute [de711ceedfff4f23baa171862103ab52, getElementAttribute {"id":":wdc:1362481184624","name":"required"}]
Mar 05, 2013 12:59:44 PM org.openqa.selenium.remote.RemoteWebDriver log
INFO: Executed: [de711ceedfff4f23baa171862103ab52, getElementAttribute {"id":":wdc:1362481184624","name":"required"}]
Mar 05, 2013 12:59:44 PM org.openqa.selenium.remote.RemoteWebDriver log
INFO: Executing: findElement [de711ceedfff4f23baa171862103ab52, findElement {"using":"id","value":"inputRequired"}]
Mar 05, 2013 12:59:44 PM org.openqa.selenium.remote.RemoteWebDriver log
INFO: Executed: [de711ceedfff4f23baa171862103ab52, findElement {"using":"id","value":"inputRequired"}]
Mar 05, 2013 12:59:44 PM org.openqa.selenium.remote.RemoteWebDriver log
INFO: Executing: getElementAttribute [de711ceedfff4f23baa171862103ab52, getElementAttribute {"id":":wdc:1362481184625","name":"required"}]
Mar 05, 2013 12:59:45 PM org.openqa.selenium.remote.RemoteWebDriver log
INFO: Executed: [de711ceedfff4f23baa171862103ab52, getElementAttribute {"id":":wdc:1362481184625","name":"required"}]
Mar 05, 2013 12:59:45 PM org.openqa.selenium.remote.RemoteWebDriver log
INFO: Executing: findElement [de711ceedfff4f23baa171862103ab52, findElement {"using":"id","value":"textAreaRequired"}]
Mar 05, 2013 12:59:45 PM org.openqa.selenium.remote.RemoteWebDriver log
INFO: Executed: [de711ceedfff4f23baa171862103ab52, findElement {"using":"id","value":"textAreaRequired"}]
Mar 05, 2013 12:59:45 PM org.openqa.selenium.remote.RemoteWebDriver log
INFO: Executing: getElementAttribute [de711ceedfff4f23baa171862103ab52, getElementAttribute {"id":":wdc:1362481184626","name":"required"}]
Mar 05, 2013 12:59:45 PM org.openqa.selenium.remote.RemoteWebDriver log
INFO: Executed: [de711ceedfff4f23baa171862103ab52, getElementAttribute {"id":":wdc:1362481184626","name":"required"}]
Mar 05, 2013 12:59:45 PM org.openqa.selenium.remote.RemoteWebDriver log
INFO: Executing: findElement [de711ceedfff4f23baa171862103ab52, findElement {"using":"id","value":"unwrappable"}]
Mar 05, 2013 12:59:45 PM org.openqa.selenium.remote.RemoteWebDriver log
INFO: Executed: [de711ceedfff4f23baa171862103ab52, findElement {"using":"id","value":"unwrappable"}]
Mar 05, 2013 12:59:45 PM org.openqa.selenium.remote.RemoteWebDriver log
INFO: Executing: getElementAttribute [de711ceedfff4f23baa171862103ab52, getElementAttribute {"id":":wdc:1362481184627","name":"nowrap"}]
Mar 05, 2013 12:59:45 PM org.openqa.selenium.remote.RemoteWebDriver log
INFO: Executed: [de711ceedfff4f23baa171862103ab52, getElementAttribute {"id":":wdc:1362481184627","name":"nowrap"}]
Mar 05, 2013 12:59:45 PM org.openqa.selenium.remote.RemoteWebDriver log
INFO: Executing: get [de711ceedfff4f23baa171862103ab52, get {"url":"http://lwo1-dhp-f35258.synapse.com:6432/common/simpleTest.html"}]
Mar 05, 2013 12:59:45 PM org.openqa.selenium.remote.RemoteWebDriver log
INFO: Executed: [de711ceedfff4f23baa171862103ab52, get {"url":"http://lwo1-dhp-f35258.synapse.com:6432/common/simpleTest.html"}]
Mar 05, 2013 12:59:45 PM org.openqa.selenium.remote.RemoteWebDriver log
INFO: Executing: findElement [de711ceedfff4f23baa171862103ab52, findElement {"using":"tag name","value":"body"}]
Mar 05, 2013 12:59:45 PM org.openqa.selenium.remote.RemoteWebDriver log
INFO: Executed: [de711ceedfff4f23baa171862103ab52, findElement {"using":"tag name","value":"body"}]
Mar 05, 2013 12:59:45 PM org.openqa.selenium.remote.RemoteWebDriver log
INFO: Executing: findElements [de711ceedfff4f23baa171862103ab52, findElements {"using":"xpath","value":"//body"}]
Mar 05, 2013 12:59:45 PM org.openqa.selenium.remote.RemoteWebDriver log
INFO: Executed: [de711ceedfff4f23baa171862103ab52, findElements {"using":"xpath","value":"//body"}]
Mar 05, 2013 12:59:45 PM org.openqa.selenium.remote.RemoteWebDriver log
INFO: Executing: get [de711ceedfff4f23baa171862103ab52, get {"url":"http://lwo1-dhp-f35258.synapse.com:6432/common/simpleTest.html"}]
Mar 05, 2013 12:59:45 PM org.openqa.selenium.remote.RemoteWebDriver log
INFO: Executed: [de711ceedfff4f23baa171862103ab52, get {"url":"http://lwo1-dhp-f35258.synapse.com:6432/common/simpleTest.html"}]
Mar 05, 2013 12:59:45 PM org.openqa.selenium.remote.RemoteWebDriver log
INFO: Executing: findElements [de711ceedfff4f23baa171862103ab52, findElements {"using":"tag name","value":"p"}]
Mar 05, 2013 12:59:45 PM org.openqa.selenium.remote.RemoteWebDriver log
INFO: Executed: [de711ceedfff4f23baa171862103ab52, findElements {"using":"tag name","value":"p"}]
Mar 05, 2013 12:59:45 PM org.openqa.selenium.remote.RemoteWebDriver log
INFO: Executing: elementEquals [de711ceedfff4f23baa171862103ab52, elementEquals {"id":":wdc:1362481185536","other":":wdc:1362481185537"}]
Mar 05, 2013 12:59:45 PM org.openqa.selenium.remote.RemoteWebDriver log
INFO: Executed: [de711ceedfff4f23baa171862103ab52, elementEquals {"id":":wdc:1362481185536","other":":wdc:1362481185537"}]
Mar 05, 2013 12:59:45 PM org.openqa.selenium.remote.RemoteWebDriver log
INFO: Executing: get [de711ceedfff4f23baa171862103ab52, get {"url":"http://lwo1-dhp-f35258.synapse.com:6432/common/simpleTest.html"}]
Mar 05, 2013 12:59:45 PM org.openqa.selenium.remote.RemoteWebDriver log
INFO: Executed: [de711ceedfff4f23baa171862103ab52, get {"url":"http://lwo1-dhp-f35258.synapse.com:6432/common/simpleTest.html"}]
Mar 05, 2013 12:59:45 PM org.openqa.selenium.remote.RemoteWebDriver log
INFO: Executing: findElement [de711ceedfff4f23baa171862103ab52, findElement {"using":"tag name","value":"body"}]
Mar 05, 2013 12:59:45 PM org.openqa.selenium.remote.RemoteWebDriver log
INFO: Executed: [de711ceedfff4f23baa171862103ab52, findElement {"using":"tag name","value":"body"}]
Mar 05, 2013 12:59:45 PM org.openqa.selenium.remote.RemoteWebDriver log
INFO: Executing: findElement [de711ceedfff4f23baa171862103ab52, findElement {"using":"xpath","value":"//body"}]
Mar 05, 2013 12:59:45 PM org.openqa.selenium.remote.RemoteWebDriver log
INFO: Executed: [de711ceedfff4f23baa171862103ab52, findElement {"using":"xpath","value":"//body"}]
Mar 05, 2013 12:59:45 PM org.openqa.selenium.remote.RemoteWebDriver log
INFO: Executing: get [de711ceedfff4f23baa171862103ab52, get {"url":"http://lwo1-dhp-f35258.synapse.com:6432/common/simpleTest.html"}]
Mar 05, 2013 12:59:45 PM org.openqa.selenium.remote.RemoteWebDriver log
INFO: Executed: [de711ceedfff4f23baa171862103ab52, get {"url":"http://lwo1-dhp-f35258.synapse.com:6432/common/simpleTest.html"}]
Mar 05, 2013 12:59:45 PM org.openqa.selenium.remote.RemoteWebDriver log
INFO: Executing: findElements [de711ceedfff4f23baa171862103ab52, findElements {"using":"tag name","value":"body"}]
Mar 05, 2013 12:59:45 PM org.openqa.selenium.remote.RemoteWebDriver log
INFO: Executed: [de711ceedfff4f23baa171862103ab52, findElements {"using":"tag name","value":"body"}]
Mar 05, 2013 12:59:45 PM org.openqa.selenium.remote.RemoteWebDriver log
INFO: Executing: findElements [de711ceedfff4f23baa171862103ab52, findElements {"using":"xpath","value":"//body"}]
Mar 05, 2013 12:59:45 PM org.openqa.selenium.remote.RemoteWebDriver log
INFO: Executed: [de711ceedfff4f23baa171862103ab52, findElements {"using":"xpath","value":"//body"}]
Mar 05, 2013 12:59:45 PM org.openqa.selenium.remote.RemoteWebDriver log
INFO: Executing: get [de711ceedfff4f23baa171862103ab52, get {"url":"http://lwo1-dhp-f35258.synapse.com:6432/common/missedJsReference.html"}]
Mar 05, 2013 12:59:45 PM org.openqa.selenium.remote.RemoteWebDriver log
INFO: Executed: [de711ceedfff4f23baa171862103ab52, get {"url":"http://lwo1-dhp-f35258.synapse.com:6432/common/missedJsReference.html"}]
Mar 05, 2013 12:59:45 PM org.openqa.selenium.remote.RemoteWebDriver log
INFO: Executing: switchToFrame [de711ceedfff4f23baa171862103ab52, switchToFrame {"id":"inner"}]
Mar 05, 2013 12:59:45 PM org.openqa.selenium.remote.RemoteWebDriver log
INFO: Executed: [de711ceedfff4f23baa171862103ab52, switchToFrame {"id":"inner"}]
Mar 05, 2013 12:59:45 PM org.openqa.selenium.remote.RemoteWebDriver log
INFO: Executing: findElement [de711ceedfff4f23baa171862103ab52, findElement {"using":"id","value":"oneline"}]
Mar 05, 2013 12:59:45 PM org.openqa.selenium.remote.RemoteWebDriver log
INFO: Executed: [de711ceedfff4f23baa171862103ab52, findElement {"using":"id","value":"oneline"}]
Mar 05, 2013 12:59:45 PM org.openqa.selenium.remote.RemoteWebDriver log
INFO: Executing: switchToFrame [de711ceedfff4f23baa171862103ab52, switchToFrame {"id":null}]
Mar 05, 2013 12:59:45 PM org.openqa.selenium.remote.RemoteWebDriver log
INFO: Executed: [de711ceedfff4f23baa171862103ab52, switchToFrame {"id":null}]
Mar 05, 2013 12:59:45 PM org.openqa.selenium.remote.RemoteWebDriver log
INFO: Executing: executeScript [de711ceedfff4f23baa171862103ab52, executeScript {"script":"return frames[0].document.getElementById('oneline');","args":[]}]
Mar 05, 2013 12:59:45 PM org.openqa.selenium.remote.RemoteWebDriver log
INFO: Executed: [de711ceedfff4f23baa171862103ab52, executeScript {"script":"return frames[0].document.getElementById('oneline');","args":[]}]
Mar 05, 2013 12:59:45 PM org.openqa.selenium.remote.RemoteWebDriver log
INFO: Executing: switchToFrame [de711ceedfff4f23baa171862103ab52, switchToFrame {"id":"inner"}]
Mar 05, 2013 12:59:45 PM org.openqa.selenium.remote.RemoteWebDriver log
INFO: Executed: [de711ceedfff4f23baa171862103ab52, switchToFrame {"id":"inner"}]
Mar 05, 2013 12:59:45 PM org.openqa.selenium.remote.RemoteWebDriver log
INFO: Executing: findElement [de711ceedfff4f23baa171862103ab52, findElement {"using":"id","value":"oneline"}]
Mar 05, 2013 12:59:45 PM org.openqa.selenium.remote.RemoteWebDriver log
INFO: Executed: [de711ceedfff4f23baa171862103ab52, findElement {"using":"id","value":"oneline"}]
Mar 05, 2013 12:59:45 PM org.openqa.selenium.remote.RemoteWebDriver log
INFO: Executing: get [de711ceedfff4f23baa171862103ab52, get {"url":"http://lwo1-dhp-f35258.synapse.com:6432/common/xhtmlTest.html"}]
Mar 05, 2013 12:59:45 PM org.openqa.selenium.remote.RemoteWebDriver log
INFO: Executed: [de711ceedfff4f23baa171862103ab52, get {"url":"http://lwo1-dhp-f35258.synapse.com:6432/common/xhtmlTest.html"}]
Mar 05, 2013 12:59:45 PM org.openqa.selenium.remote.RemoteWebDriver log
INFO: Executing: findElement [de711ceedfff4f23baa171862103ab52, findElement {"using":"css selector","value":"div.content"}]
Mar 05, 2013 12:59:46 PM org.openqa.selenium.remote.RemoteWebDriver log
INFO: Executed: [de711ceedfff4f23baa171862103ab52, findElement {"using":"css selector","value":"div.content"}]
Mar 05, 2013 12:59:46 PM org.openqa.selenium.remote.RemoteWebDriver log
INFO: Executing: get [de711ceedfff4f23baa171862103ab52, get {"url":"http://lwo1-dhp-f35258.synapse.com:6432/common/xhtmlTest.html"}]
Mar 05, 2013 12:59:46 PM org.openqa.selenium.remote.RemoteWebDriver log
INFO: Executed: [de711ceedfff4f23baa171862103ab52, get {"url":"http://lwo1-dhp-f35258.synapse.com:6432/common/xhtmlTest.html"}]
Mar 05, 2013 12:59:46 PM org.openqa.selenium.remote.RemoteWebDriver log
INFO: Executing: getTitle [de711ceedfff4f23baa171862103ab52, getTitle {}]
Mar 05, 2013 12:59:46 PM org.openqa.selenium.remote.RemoteWebDriver log
INFO: Executed: [de711ceedfff4f23baa171862103ab52, getTitle {}]
Mar 05, 2013 12:59:46 PM org.openqa.selenium.remote.RemoteWebDriver log
INFO: Executing: get [de711ceedfff4f23baa171862103ab52, get {"url":"http://lwo1-dhp-f35258.synapse.com:6432/common/simpleTest.html"}]
Mar 05, 2013 12:59:46 PM org.openqa.selenium.remote.RemoteWebDriver log
INFO: Executed: [de711ceedfff4f23baa171862103ab52, get {"url":"http://lwo1-dhp-f35258.synapse.com:6432/common/simpleTest.html"}]
Mar 05, 2013 12:59:46 PM org.openqa.selenium.remote.RemoteWebDriver log
INFO: Executing: getTitle [de711ceedfff4f23baa171862103ab52, getTitle {}]
Mar 05, 2013 12:59:46 PM org.openqa.selenium.remote.RemoteWebDriver log
INFO: Executed: [de711ceedfff4f23baa171862103ab52, getTitle {}]
Mar 05, 2013 12:59:46 PM org.openqa.selenium.remote.RemoteWebDriver log
INFO: Executing: get [de711ceedfff4f23baa171862103ab52, get {"url":"http://lwo1-dhp-f35258.synapse.com:6432/common/formPage.html"}]
Mar 05, 2013 12:59:46 PM org.openqa.selenium.remote.RemoteWebDriver log
INFO: Executed: [de711ceedfff4f23baa171862103ab52, get {"url":"http://lwo1-dhp-f35258.synapse.com:6432/common/formPage.html"}]
Mar 05, 2013 12:59:46 PM org.openqa.selenium.remote.RemoteWebDriver log
INFO: Executing: findElement [de711ceedfff4f23baa171862103ab52, findElement {"using":"id","value":"nonExistantButton"}]
Mar 05, 2013 12:59:46 PM org.openqa.selenium.remote.RemoteWebDriver log
INFO: Executed: [de711ceedfff4f23baa171862103ab52, findElement {"using":"id","value":"nonExistantButton"}]
Mar 05, 2013 12:59:46 PM org.openqa.selenium.remote.RemoteWebDriver log
INFO: Executing: get [de711ceedfff4f23baa171862103ab52, get {"url":"http://lwo1-dhp-f35258.synapse.com:6432/common/xhtmlTest.html"}]
Mar 05, 2013 12:59:46 PM org.openqa.selenium.remote.RemoteWebDriver log
INFO: Executed: [de711ceedfff4f23baa171862103ab52, get {"url":"http://lwo1-dhp-f35258.synapse.com:6432/common/xhtmlTest.html"}]
Mar 05, 2013 12:59:46 PM org.openqa.selenium.remote.RemoteWebDriver log
INFO: Executing: findElement [de711ceedfff4f23baa171862103ab52, findElement {"using":"link text","value":"click me"}]
Mar 05, 2013 12:59:46 PM org.openqa.selenium.remote.RemoteWebDriver log
INFO: Executed: [de711ceedfff4f23baa171862103ab52, findElement {"using":"link text","value":"click me"}]
Mar 05, 2013 12:59:46 PM org.openqa.selenium.remote.RemoteWebDriver log
INFO: Executing: clickElement [de711ceedfff4f23baa171862103ab52, clickElement {"id":":wdc:1362481186150"}]
Mar 05, 2013 12:59:46 PM org.openqa.selenium.remote.RemoteWebDriver log
INFO: Executed: [de711ceedfff4f23baa171862103ab52, clickElement {"id":":wdc:1362481186150"}]
Mar 05, 2013 12:59:46 PM org.openqa.selenium.remote.RemoteWebDriver log
INFO: Executing: getTitle [de711ceedfff4f23baa171862103ab52, getTitle {}]
Mar 05, 2013 12:59:46 PM org.openqa.selenium.remote.RemoteWebDriver log
INFO: Executed: [de711ceedfff4f23baa171862103ab52, getTitle {}]
Mar 05, 2013 12:59:46 PM org.openqa.selenium.remote.RemoteWebDriver log
INFO: Executing: getTitle [de711ceedfff4f23baa171862103ab52, getTitle {}]
Mar 05, 2013 12:59:46 PM org.openqa.selenium.remote.RemoteWebDriver log
INFO: Executed: [de711ceedfff4f23baa171862103ab52, getTitle {}]
Mar 05, 2013 12:59:46 PM org.openqa.selenium.remote.RemoteWebDriver log
INFO: Executing: get [de711ceedfff4f23baa171862103ab52, get {"url":"http://lwo1-dhp-f35258.synapse.com:6432/common/formPage.html"}]
Mar 05, 2013 12:59:46 PM org.openqa.selenium.remote.RemoteWebDriver log
INFO: Executed: [de711ceedfff4f23baa171862103ab52, get {"url":"http://lwo1-dhp-f35258.synapse.com:6432/common/formPage.html"}]
Mar 05, 2013 12:59:46 PM org.openqa.selenium.remote.RemoteWebDriver log
INFO: Executing: get [de711ceedfff4f23baa171862103ab52, get {"url":"http://lwo1-dhp-f35258.synapse.com:6432/common/xhtmlTest.html"}]
Mar 05, 2013 12:59:46 PM org.openqa.selenium.remote.RemoteWebDriver log
INFO: Executed: [de711ceedfff4f23baa171862103ab52, get {"url":"http://lwo1-dhp-f35258.synapse.com:6432/common/xhtmlTest.html"}]
Mar 05, 2013 12:59:46 PM org.openqa.selenium.remote.RemoteWebDriver log
INFO: Executing: findElement [de711ceedfff4f23baa171862103ab52, findElement {"using":"link text","value":"click me"}]
Mar 05, 2013 12:59:46 PM org.openqa.selenium.remote.RemoteWebDriver log
INFO: Executed: [de711ceedfff4f23baa171862103ab52, findElement {"using":"link text","value":"click me"}]
Mar 05, 2013 12:59:46 PM org.openqa.selenium.remote.RemoteWebDriver log
INFO: Executing: clickElement [de711ceedfff4f23baa171862103ab52, clickElement {"id":":wdc:1362481186335"}]
Mar 05, 2013 12:59:46 PM org.openqa.selenium.remote.RemoteWebDriver log
INFO: Executed: [de711ceedfff4f23baa171862103ab52, clickElement {"id":":wdc:1362481186335"}]
Mar 05, 2013 12:59:46 PM org.openqa.selenium.remote.RemoteWebDriver log
INFO: Executing: getTitle [de711ceedfff4f23baa171862103ab52, getTitle {}]
Mar 05, 2013 12:59:46 PM org.openqa.selenium.remote.RemoteWebDriver log
INFO: Executed: [de711ceedfff4f23baa171862103ab52, getTitle {}]
Mar 05, 2013 12:59:46 PM org.openqa.selenium.remote.RemoteWebDriver log
INFO: Executing: getTitle [de711ceedfff4f23baa171862103ab52, getTitle {}]
Mar 05, 2013 12:59:46 PM org.openqa.selenium.remote.RemoteWebDriver log
INFO: Executed: [de711ceedfff4f23baa171862103ab52, getTitle {}]
Mar 05, 2013 12:59:46 PM org.openqa.selenium.remote.RemoteWebDriver log
INFO: Executing: get [de711ceedfff4f23baa171862103ab52, get {"url":"http://lwo1-dhp-f35258.synapse.com:6432/common/xhtmlTest.html"}]
Mar 05, 2013 12:59:46 PM org.openqa.selenium.remote.RemoteWebDriver log
INFO: Executed: [de711ceedfff4f23baa171862103ab52, get {"url":"http://lwo1-dhp-f35258.synapse.com:6432/common/xhtmlTest.html"}]
Mar 05, 2013 12:59:46 PM org.openqa.selenium.remote.RemoteWebDriver log
INFO: Executing: findElement [de711ceedfff4f23baa171862103ab52, findElement {"using":"id","value":"linkId"}]
Mar 05, 2013 12:59:46 PM org.openqa.selenium.remote.RemoteWebDriver log
INFO: Executed: [de711ceedfff4f23baa171862103ab52, findElement {"using":"id","value":"linkId"}]
Mar 05, 2013 12:59:46 PM org.openqa.selenium.remote.RemoteWebDriver log
INFO: Executing: clickElement [de711ceedfff4f23baa171862103ab52, clickElement {"id":":wdc:1362481186493"}]
Mar 05, 2013 12:59:46 PM org.openqa.selenium.remote.RemoteWebDriver log
INFO: Executed: [de711ceedfff4f23baa171862103ab52, clickElement {"id":":wdc:1362481186493"}]
Mar 05, 2013 12:59:46 PM org.openqa.selenium.remote.RemoteWebDriver log
INFO: Executing: getTitle [de711ceedfff4f23baa171862103ab52, getTitle {}]
Mar 05, 2013 12:59:46 PM org.openqa.selenium.remote.RemoteWebDriver log
INFO: Executed: [de711ceedfff4f23baa171862103ab52, getTitle {}]
Mar 05, 2013 12:59:46 PM org.openqa.selenium.remote.RemoteWebDriver log
INFO: Executing: getTitle [de711ceedfff4f23baa171862103ab52, getTitle {}]
Mar 05, 2013 12:59:46 PM org.openqa.selenium.remote.RemoteWebDriver log
INFO: Executed: [de711ceedfff4f23baa171862103ab52, getTitle {}]
Mar 05, 2013 12:59:46 PM org.openqa.selenium.remote.RemoteWebDriver log
INFO: Executing: get [de711ceedfff4f23baa171862103ab52, get {"url":"http://lwo1-dhp-f35258.synapse.com:6432/common/xhtmlTest.html"}]
Mar 05, 2013 12:59:46 PM org.openqa.selenium.remote.RemoteWebDriver log
INFO: Executed: [de711ceedfff4f23baa171862103ab52, get {"url":"http://lwo1-dhp-f35258.synapse.com:6432/common/xhtmlTest.html"}]
Mar 05, 2013 12:59:46 PM org.openqa.selenium.remote.RemoteWebDriver log
INFO: Executing: findElement [de711ceedfff4f23baa171862103ab52, findElement {"using":"link text","value":"Not here either"}]
Mar 05, 2013 12:59:46 PM org.openqa.selenium.remote.RemoteWebDriver log
INFO: Executed: [de711ceedfff4f23baa171862103ab52, findElement {"using":"link text","value":"Not here either"}]
Mar 05, 2013 12:59:46 PM org.openqa.selenium.remote.RemoteWebDriver log
INFO: Executing: get [de711ceedfff4f23baa171862103ab52, get {"url":"http://lwo1-dhp-f35258.synapse.com:6432/common/formPage.html"}]
Mar 05, 2013 12:59:46 PM org.openqa.selenium.remote.RemoteWebDriver log
INFO: Executed: [de711ceedfff4f23baa171862103ab52, get {"url":"http://lwo1-dhp-f35258.synapse.com:6432/common/formPage.html"}]
Mar 05, 2013 12:59:46 PM org.openqa.selenium.remote.RemoteWebDriver log
INFO: Executing: findElement [de711ceedfff4f23baa171862103ab52, findElement {"using":"id","value":"checky"}]
Mar 05, 2013 12:59:46 PM org.openqa.selenium.remote.RemoteWebDriver log
INFO: Executed: [de711ceedfff4f23baa171862103ab52, findElement {"using":"id","value":"checky"}]
Mar 05, 2013 12:59:46 PM org.openqa.selenium.remote.RemoteWebDriver log
INFO: Executing: isElementSelected [de711ceedfff4f23baa171862103ab52, isElementSelected {"id":":wdc:1362481186737"}]
Mar 05, 2013 12:59:46 PM org.openqa.selenium.remote.RemoteWebDriver log
INFO: Executed: [de711ceedfff4f23baa171862103ab52, isElementSelected {"id":":wdc:1362481186737"}]
Mar 05, 2013 12:59:46 PM org.openqa.selenium.remote.RemoteWebDriver log
INFO: Executing: get [de711ceedfff4f23baa171862103ab52, get {"url":"http://lwo1-dhp-f35258.synapse.com:6432/common/formPage.html"}]
Mar 05, 2013 12:59:46 PM org.openqa.selenium.remote.RemoteWebDriver log
INFO: Executed: [de711ceedfff4f23baa171862103ab52, get {"url":"http://lwo1-dhp-f35258.synapse.com:6432/common/formPage.html"}]
Mar 05, 2013 12:59:46 PM org.openqa.selenium.remote.RemoteWebDriver log
INFO: Executing: findElement [de711ceedfff4f23baa171862103ab52, findElement {"using":"id","value":"notThere"}]
Mar 05, 2013 12:59:46 PM org.openqa.selenium.remote.RemoteWebDriver log
INFO: Executed: [de711ceedfff4f23baa171862103ab52, findElement {"using":"id","value":"notThere"}]
Mar 05, 2013 12:59:46 PM org.openqa.selenium.remote.RemoteWebDriver log
INFO: Executing: get [de711ceedfff4f23baa171862103ab52, get {"url":"http://lwo1-dhp-f35258.synapse.com:6432/common/selectableItems.html"}]
Mar 05, 2013 12:59:46 PM org.openqa.selenium.remote.RemoteWebDriver log
INFO: Executed: [de711ceedfff4f23baa171862103ab52, get {"url":"http://lwo1-dhp-f35258.synapse.com:6432/common/selectableItems.html"}]
Mar 05, 2013 12:59:46 PM org.openqa.selenium.remote.RemoteWebDriver log
INFO: Executing: findElements [de711ceedfff4f23baa171862103ab52, findElements {"using":"xpath","value":"/html/head"}]
Mar 05, 2013 12:59:46 PM org.openqa.selenium.remote.RemoteWebDriver log
INFO: Executed: [de711ceedfff4f23baa171862103ab52, findElements {"using":"xpath","value":"/html/head"}]
Mar 05, 2013 12:59:46 PM org.openqa.selenium.remote.RemoteWebDriver log
INFO: Executing: findChildElements [de711ceedfff4f23baa171862103ab52, findChildElements {"id":":wdc:1362481186946","using":"tag name","value":"script"}]
Mar 05, 2013 12:59:47 PM org.openqa.selenium.remote.RemoteWebDriver log
INFO: Executed: [de711ceedfff4f23baa171862103ab52, findChildElements {"id":":wdc:1362481186946","using":"tag name","value":"script"}]
Mar 05, 2013 12:59:47 PM org.openqa.selenium.remote.RemoteWebDriver log
INFO: Executing: get [de711ceedfff4f23baa171862103ab52, get {"url":"http://lwo1-dhp-f35258.synapse.com:6432/common/xhtmlTest.html"}]
Mar 05, 2013 12:59:47 PM org.openqa.selenium.remote.RemoteWebDriver log
INFO: Executed: [de711ceedfff4f23baa171862103ab52, get {"url":"http://lwo1-dhp-f35258.synapse.com:6432/common/xhtmlTest.html"}]
Mar 05, 2013 12:59:47 PM org.openqa.selenium.remote.RemoteWebDriver log
INFO: Executing: findElement [de711ceedfff4f23baa171862103ab52, findElement {"using":"id","value":"table"}]
Mar 05, 2013 12:59:47 PM org.openqa.selenium.remote.RemoteWebDriver log
INFO: Executed: [de711ceedfff4f23baa171862103ab52, findElement {"using":"id","value":"table"}]
Mar 05, 2013 12:59:47 PM org.openqa.selenium.remote.RemoteWebDriver log
INFO: Executing: findChildElements [de711ceedfff4f23baa171862103ab52, findChildElements {"id":":wdc:1362481187069","using":"tag name","value":"tr"}]
Mar 05, 2013 12:59:47 PM org.openqa.selenium.remote.RemoteWebDriver log
INFO: Executed: [de711ceedfff4f23baa171862103ab52, findChildElements {"id":":wdc:1362481187069","using":"tag name","value":"tr"}]
Mar 05, 2013 12:59:47 PM org.openqa.selenium.remote.RemoteWebDriver log
INFO: Executing: get [de711ceedfff4f23baa171862103ab52, get {"url":"http://lwo1-dhp-f35258.synapse.com:6432/common/formPage.html"}]
Mar 05, 2013 12:59:47 PM org.openqa.selenium.remote.RemoteWebDriver log
INFO: Executed: [de711ceedfff4f23baa171862103ab52, get {"url":"http://lwo1-dhp-f35258.synapse.com:6432/common/formPage.html"}]
Mar 05, 2013 12:59:47 PM org.openqa.selenium.remote.RemoteWebDriver log
INFO: Executing: findElement [de711ceedfff4f23baa171862103ab52, findElement {"using":"name","value":"checky"}]
Mar 05, 2013 12:59:47 PM org.openqa.selenium.remote.RemoteWebDriver log
INFO: Executed: [de711ceedfff4f23baa171862103ab52, findElement {"using":"name","value":"checky"}]
Mar 05, 2013 12:59:47 PM org.openqa.selenium.remote.RemoteWebDriver log
INFO: Executing: getElementAttribute [de711ceedfff4f23baa171862103ab52, getElementAttribute {"id":":wdc:1362481187162","name":"value"}]
Mar 05, 2013 12:59:47 PM org.openqa.selenium.remote.RemoteWebDriver log
INFO: Executed: [de711ceedfff4f23baa171862103ab52, getElementAttribute {"id":":wdc:1362481187162","name":"value"}]
Mar 05, 2013 12:59:47 PM org.openqa.selenium.remote.RemoteWebDriver log
INFO: Executing: get [de711ceedfff4f23baa171862103ab52, get {"url":"http://lwo1-dhp-f35258.synapse.com:6432/common/xhtmlTest.html"}]
Mar 05, 2013 12:59:47 PM org.openqa.selenium.remote.RemoteWebDriver log
INFO: Executed: [de711ceedfff4f23baa171862103ab52, get {"url":"http://lwo1-dhp-f35258.synapse.com:6432/common/xhtmlTest.html"}]
Mar 05, 2013 12:59:47 PM org.openqa.selenium.remote.RemoteWebDriver log
INFO: Executing: findElement [de711ceedfff4f23baa171862103ab52, findElement {"using":"class name","value":"extraDiv"}]
Mar 05, 2013 12:59:47 PM org.openqa.selenium.remote.RemoteWebDriver log
INFO: Executed: [de711ceedfff4f23baa171862103ab52, findElement {"using":"class name","value":"extraDiv"}]
Mar 05, 2013 12:59:47 PM org.openqa.selenium.remote.RemoteWebDriver log
INFO: Executing: getElementText [de711ceedfff4f23baa171862103ab52, getElementText {"id":":wdc:1362481187319"}]
Mar 05, 2013 12:59:47 PM org.openqa.selenium.remote.RemoteWebDriver log
INFO: Executed: [de711ceedfff4f23baa171862103ab52, getElementText {"id":":wdc:1362481187319"}]
Mar 05, 2013 12:59:47 PM org.openqa.selenium.remote.RemoteWebDriver log
INFO: Executing: get [de711ceedfff4f23baa171862103ab52, get {"url":"http://lwo1-dhp-f35258.synapse.com:6432/common/xhtmlTest.html"}]
Mar 05, 2013 12:59:47 PM org.openqa.selenium.remote.RemoteWebDriver log
INFO: Executed: [de711ceedfff4f23baa171862103ab52, get {"url":"http://lwo1-dhp-f35258.synapse.com:6432/common/xhtmlTest.html"}]
Mar 05, 2013 12:59:47 PM org.openqa.selenium.remote.RemoteWebDriver log
INFO: Executing: findElement [de711ceedfff4f23baa171862103ab52, findElement {"using":"class name","value":"nameA"}]
Mar 05, 2013 12:59:47 PM org.openqa.selenium.remote.RemoteWebDriver log
INFO: Executed: [de711ceedfff4f23baa171862103ab52, findElement {"using":"class name","value":"nameA"}]
Mar 05, 2013 12:59:47 PM org.openqa.selenium.remote.RemoteWebDriver log
INFO: Executing: getElementText [de711ceedfff4f23baa171862103ab52, getElementText {"id":":wdc:1362481187497"}]
Mar 05, 2013 12:59:47 PM org.openqa.selenium.remote.RemoteWebDriver log
INFO: Executed: [de711ceedfff4f23baa171862103ab52, getElementText {"id":":wdc:1362481187497"}]
Mar 05, 2013 12:59:47 PM org.openqa.selenium.remote.RemoteWebDriver log
INFO: Executing: get [de711ceedfff4f23baa171862103ab52, get {"url":"http://lwo1-dhp-f35258.synapse.com:6432/common/xhtmlTest.html"}]
Mar 05, 2013 12:59:47 PM org.openqa.selenium.remote.RemoteWebDriver log
INFO: Executed: [de711ceedfff4f23baa171862103ab52, get {"url":"http://lwo1-dhp-f35258.synapse.com:6432/common/xhtmlTest.html"}]
Mar 05, 2013 12:59:47 PM org.openqa.selenium.remote.RemoteWebDriver log
INFO: Executing: findElement [de711ceedfff4f23baa171862103ab52, findElement {"using":"class name","value":"nameC"}]
Mar 05, 2013 12:59:47 PM org.openqa.selenium.remote.RemoteWebDriver log
INFO: Executed: [de711ceedfff4f23baa171862103ab52, findElement {"using":"class name","value":"nameC"}]
Mar 05, 2013 12:59:47 PM org.openqa.selenium.remote.RemoteWebDriver log
INFO: Executing: getElementText [de711ceedfff4f23baa171862103ab52, getElementText {"id":":wdc:1362481187651"}]
Mar 05, 2013 12:59:47 PM org.openqa.selenium.remote.RemoteWebDriver log
INFO: Executed: [de711ceedfff4f23baa171862103ab52, getElementText {"id":":wdc:1362481187651"}]
Mar 05, 2013 12:59:47 PM org.openqa.selenium.remote.RemoteWebDriver log
INFO: Executing: get [de711ceedfff4f23baa171862103ab52, get {"url":"http://lwo1-dhp-f35258.synapse.com:6432/common/xhtmlTest.html"}]
Mar 05, 2013 12:59:47 PM org.openqa.selenium.remote.RemoteWebDriver log
INFO: Executed: [de711ceedfff4f23baa171862103ab52, get {"url":"http://lwo1-dhp-f35258.synapse.com:6432/common/xhtmlTest.html"}]
Mar 05, 2013 12:59:47 PM org.openqa.selenium.remote.RemoteWebDriver log
INFO: Executing: findElement [de711ceedfff4f23baa171862103ab52, findElement {"using":"class name","value":"nameBnoise"}]
Mar 05, 2013 12:59:47 PM org.openqa.selenium.remote.RemoteWebDriver log
INFO: Executed: [de711ceedfff4f23baa171862103ab52, findElement {"using":"class name","value":"nameBnoise"}]
Mar 05, 2013 12:59:47 PM org.openqa.selenium.remote.RemoteWebDriver log
INFO: Executing: getElementText [de711ceedfff4f23baa171862103ab52, getElementText {"id":":wdc:1362481187810"}]
Mar 05, 2013 12:59:47 PM org.openqa.selenium.remote.RemoteWebDriver log
INFO: Executed: [de711ceedfff4f23baa171862103ab52, getElementText {"id":":wdc:1362481187810"}]
Mar 05, 2013 12:59:47 PM org.openqa.selenium.remote.RemoteWebDriver log
INFO: Executing: get [de711ceedfff4f23baa171862103ab52, get {"url":"http://lwo1-dhp-f35258.synapse.com:6432/common/xhtmlTest.html"}]
Mar 05, 2013 12:59:47 PM org.openqa.selenium.remote.RemoteWebDriver log
INFO: Executed: [de711ceedfff4f23baa171862103ab52, get {"url":"http://lwo1-dhp-f35258.synapse.com:6432/common/xhtmlTest.html"}]
Mar 05, 2013 12:59:47 PM org.openqa.selenium.remote.RemoteWebDriver log
INFO: Executing: findElement [de711ceedfff4f23baa171862103ab52, findElement {"using":"class name","value":"spaceAround"}]
Mar 05, 2013 12:59:47 PM org.openqa.selenium.remote.RemoteWebDriver log
INFO: Executed: [de711ceedfff4f23baa171862103ab52, findElement {"using":"class name","value":"spaceAround"}]
Mar 05, 2013 12:59:47 PM org.openqa.selenium.remote.RemoteWebDriver log
INFO: Executing: getElementText [de711ceedfff4f23baa171862103ab52, getElementText {"id":":wdc:1362481187964"}]
Mar 05, 2013 12:59:48 PM org.openqa.selenium.remote.RemoteWebDriver log
INFO: Executed: [de711ceedfff4f23baa171862103ab52, getElementText {"id":":wdc:1362481187964"}]
Mar 05, 2013 12:59:48 PM org.openqa.selenium.remote.RemoteWebDriver log
INFO: Executing: get [de711ceedfff4f23baa171862103ab52, get {"url":"http://lwo1-dhp-f35258.synapse.com:6432/common/xhtmlTest.html"}]
Mar 05, 2013 12:59:48 PM org.openqa.selenium.remote.RemoteWebDriver log
INFO: Executed: [de711ceedfff4f23baa171862103ab52, get {"url":"http://lwo1-dhp-f35258.synapse.com:6432/common/xhtmlTest.html"}]
Mar 05, 2013 12:59:48 PM org.openqa.selenium.remote.RemoteWebDriver log
INFO: Executing: findElements [de711ceedfff4f23baa171862103ab52, findElements {"using":"class name","value":"spaceAround"}]
Mar 05, 2013 12:59:48 PM org.openqa.selenium.remote.RemoteWebDriver log
INFO: Executed: [de711ceedfff4f23baa171862103ab52, findElements {"using":"class name","value":"spaceAround"}]
Mar 05, 2013 12:59:48 PM org.openqa.selenium.remote.RemoteWebDriver log
INFO: Executing: getElementText [de711ceedfff4f23baa171862103ab52, getElementText {"id":":wdc:1362481188117"}]
Mar 05, 2013 12:59:48 PM org.openqa.selenium.remote.RemoteWebDriver log
INFO: Executed: [de711ceedfff4f23baa171862103ab52, getElementText {"id":":wdc:1362481188117"}]
Mar 05, 2013 12:59:48 PM org.openqa.selenium.remote.RemoteWebDriver log
INFO: Executing: get [de711ceedfff4f23baa171862103ab52, get {"url":"http://lwo1-dhp-f35258.synapse.com:6432/common/xhtmlTest.html"}]
Mar 05, 2013 12:59:48 PM org.openqa.selenium.remote.RemoteWebDriver log
INFO: Executed: [de711ceedfff4f23baa171862103ab52, get {"url":"http://lwo1-dhp-f35258.synapse.com:6432/common/xhtmlTest.html"}]
Mar 05, 2013 12:59:48 PM org.openqa.selenium.remote.RemoteWebDriver log
INFO: Executing: findElement [de711ceedfff4f23baa171862103ab52, findElement {"using":"class name","value":"nameB"}]
Mar 05, 2013 12:59:48 PM org.openqa.selenium.remote.RemoteWebDriver log
INFO: Executed: [de711ceedfff4f23baa171862103ab52, findElement {"using":"class name","value":"nameB"}]
Mar 05, 2013 12:59:48 PM org.openqa.selenium.remote.RemoteWebDriver log
INFO: Executing: get [de711ceedfff4f23baa171862103ab52, get {"url":"http://lwo1-dhp-f35258.synapse.com:6432/common/xhtmlTest.html"}]
Mar 05, 2013 12:59:48 PM org.openqa.selenium.remote.RemoteWebDriver log
INFO: Executed: [de711ceedfff4f23baa171862103ab52, get {"url":"http://lwo1-dhp-f35258.synapse.com:6432/common/xhtmlTest.html"}]
Mar 05, 2013 12:59:48 PM org.openqa.selenium.remote.RemoteWebDriver log
INFO: Executing: findElements [de711ceedfff4f23baa171862103ab52, findElements {"using":"xpath","value":"//div"}]
Mar 05, 2013 12:59:48 PM org.openqa.selenium.remote.RemoteWebDriver log
INFO: Executed: [de711ceedfff4f23baa171862103ab52, findElements {"using":"xpath","value":"//div"}]
Mar 05, 2013 12:59:48 PM org.openqa.selenium.remote.RemoteWebDriver log
INFO: Executing: get [de711ceedfff4f23baa171862103ab52, get {"url":"http://lwo1-dhp-f35258.synapse.com:6432/common/xhtmlTest.html"}]
Mar 05, 2013 12:59:48 PM org.openqa.selenium.remote.RemoteWebDriver log
INFO: Executed: [de711ceedfff4f23baa171862103ab52, get {"url":"http://lwo1-dhp-f35258.synapse.com:6432/common/xhtmlTest.html"}]
Mar 05, 2013 12:59:48 PM org.openqa.selenium.remote.RemoteWebDriver log
INFO: Executing: findElements [de711ceedfff4f23baa171862103ab52, findElements {"using":"link text","value":"click me"}]
Mar 05, 2013 12:59:48 PM org.openqa.selenium.remote.RemoteWebDriver log
INFO: Executed: [de711ceedfff4f23baa171862103ab52, findElements {"using":"link text","value":"click me"}]
Mar 05, 2013 12:59:48 PM org.openqa.selenium.remote.RemoteWebDriver log
INFO: Executing: get [de711ceedfff4f23baa171862103ab52, get {"url":"http://lwo1-dhp-f35258.synapse.com:6432/common/xhtmlTest.html"}]
Mar 05, 2013 12:59:48 PM org.openqa.selenium.remote.RemoteWebDriver log
INFO: Executed: [de711ceedfff4f23baa171862103ab52, get {"url":"http://lwo1-dhp-f35258.synapse.com:6432/common/xhtmlTest.html"}]
Mar 05, 2013 12:59:48 PM org.openqa.selenium.remote.RemoteWebDriver log
INFO: Executing: findElements [de711ceedfff4f23baa171862103ab52, findElements {"using":"partial link text","value":"ick me"}]
Mar 05, 2013 12:59:48 PM org.openqa.selenium.remote.RemoteWebDriver log
INFO: Executed: [de711ceedfff4f23baa171862103ab52, findElements {"using":"partial link text","value":"ick me"}]
Mar 05, 2013 12:59:48 PM org.openqa.selenium.remote.RemoteWebDriver log
INFO: Executing: get [de711ceedfff4f23baa171862103ab52, get {"url":"http://lwo1-dhp-f35258.synapse.com:6432/common/xhtmlTest.html"}]
Mar 05, 2013 12:59:48 PM org.openqa.selenium.remote.RemoteWebDriver log
INFO: Executed: [de711ceedfff4f23baa171862103ab52, get {"url":"http://lwo1-dhp-f35258.synapse.com:6432/common/xhtmlTest.html"}]
Mar 05, 2013 12:59:48 PM org.openqa.selenium.remote.RemoteWebDriver log
INFO: Executing: findElement [de711ceedfff4f23baa171862103ab52, findElement {"using":"partial link text","value":"anon"}]
Mar 05, 2013 12:59:48 PM org.openqa.selenium.remote.RemoteWebDriver log
INFO: Executed: [de711ceedfff4f23baa171862103ab52, findElement {"using":"partial link text","value":"anon"}]
Mar 05, 2013 12:59:48 PM org.openqa.selenium.remote.RemoteWebDriver log
INFO: Executing: get [de711ceedfff4f23baa171862103ab52, get {"url":"http://lwo1-dhp-f35258.synapse.com:6432/common/xhtmlTest.html"}]
Mar 05, 2013 12:59:48 PM org.openqa.selenium.remote.RemoteWebDriver log
INFO: Executed: [de711ceedfff4f23baa171862103ab52, get {"url":"http://lwo1-dhp-f35258.synapse.com:6432/common/xhtmlTest.html"}]
Mar 05, 2013 12:59:48 PM org.openqa.selenium.remote.RemoteWebDriver log
INFO: Executing: findElement [de711ceedfff4f23baa171862103ab52, findElement {"using":"link text","value":"Link=equalssign"}]
Mar 05, 2013 12:59:48 PM org.openqa.selenium.remote.RemoteWebDriver log
INFO: Executed: [de711ceedfff4f23baa171862103ab52, findElement {"using":"link text","value":"Link=equalssign"}]
Mar 05, 2013 12:59:48 PM org.openqa.selenium.remote.RemoteWebDriver log
INFO: Executing: getElementAttribute [de711ceedfff4f23baa171862103ab52, getElementAttribute {"id":":wdc:1362481188574","name":"id"}]
Mar 05, 2013 12:59:48 PM org.openqa.selenium.remote.RemoteWebDriver log
INFO: Executed: [de711ceedfff4f23baa171862103ab52, getElementAttribute {"id":":wdc:1362481188574","name":"id"}]
Mar 05, 2013 12:59:48 PM org.openqa.selenium.remote.RemoteWebDriver log
INFO: Executing: get [de711ceedfff4f23baa171862103ab52, get {"url":"http://lwo1-dhp-f35258.synapse.com:6432/common/xhtmlTest.html"}]
Mar 05, 2013 12:59:48 PM org.openqa.selenium.remote.RemoteWebDriver log
INFO: Executed: [de711ceedfff4f23baa171862103ab52, get {"url":"http://lwo1-dhp-f35258.synapse.com:6432/common/xhtmlTest.html"}]
Mar 05, 2013 12:59:48 PM org.openqa.selenium.remote.RemoteWebDriver log
INFO: Executing: findElement [de711ceedfff4f23baa171862103ab52, findElement {"using":"partial link text","value":"Link="}]
Mar 05, 2013 12:59:48 PM org.openqa.selenium.remote.RemoteWebDriver log
INFO: Executed: [de711ceedfff4f23baa171862103ab52, findElement {"using":"partial link text","value":"Link="}]
Mar 05, 2013 12:59:48 PM org.openqa.selenium.remote.RemoteWebDriver log
INFO: Executing: getElementAttribute [de711ceedfff4f23baa171862103ab52, getElementAttribute {"id":":wdc:1362481188726","name":"id"}]
Mar 05, 2013 12:59:48 PM org.openqa.selenium.remote.RemoteWebDriver log
INFO: Executed: [de711ceedfff4f23baa171862103ab52, getElementAttribute {"id":":wdc:1362481188726","name":"id"}]
Mar 05, 2013 12:59:48 PM org.openqa.selenium.remote.RemoteWebDriver log
INFO: Executing: get [de711ceedfff4f23baa171862103ab52, get {"url":"http://lwo1-dhp-f35258.synapse.com:6432/common/xhtmlTest.html"}]
Mar 05, 2013 12:59:48 PM org.openqa.selenium.remote.RemoteWebDriver log
INFO: Executed: [de711ceedfff4f23baa171862103ab52, get {"url":"http://lwo1-dhp-f35258.synapse.com:6432/common/xhtmlTest.html"}]
Mar 05, 2013 12:59:48 PM org.openqa.selenium.remote.RemoteWebDriver log
INFO: Executing: findElements [de711ceedfff4f23baa171862103ab52, findElements {"using":"link text","value":"Link=equalssign"}]
Mar 05, 2013 12:59:48 PM org.openqa.selenium.remote.RemoteWebDriver log
INFO: Executed: [de711ceedfff4f23baa171862103ab52, findElements {"using":"link text","value":"Link=equalssign"}]
Mar 05, 2013 12:59:48 PM org.openqa.selenium.remote.RemoteWebDriver log
INFO: Executing: getElementAttribute [de711ceedfff4f23baa171862103ab52, getElementAttribute {"id":":wdc:1362481188884","name":"id"}]
Mar 05, 2013 12:59:49 PM org.openqa.selenium.remote.RemoteWebDriver log
INFO: Executed: [de711ceedfff4f23baa171862103ab52, getElementAttribute {"id":":wdc:1362481188884","name":"id"}]
Mar 05, 2013 12:59:49 PM org.openqa.selenium.remote.RemoteWebDriver log
INFO: Executing: get [de711ceedfff4f23baa171862103ab52, get {"url":"http://lwo1-dhp-f35258.synapse.com:6432/common/xhtmlTest.html"}]
Mar 05, 2013 12:59:49 PM org.openqa.selenium.remote.RemoteWebDriver log
INFO: Executed: [de711ceedfff4f23baa171862103ab52, get {"url":"http://lwo1-dhp-f35258.synapse.com:6432/common/xhtmlTest.html"}]
Mar 05, 2013 12:59:49 PM org.openqa.selenium.remote.RemoteWebDriver log
INFO: Executing: findElements [de711ceedfff4f23baa171862103ab52, findElements {"using":"partial link text","value":"Link="}]
Mar 05, 2013 12:59:49 PM org.openqa.selenium.remote.RemoteWebDriver log
INFO: Executed: [de711ceedfff4f23baa171862103ab52, findElements {"using":"partial link text","value":"Link="}]
Mar 05, 2013 12:59:49 PM org.openqa.selenium.remote.RemoteWebDriver log
INFO: Executing: getElementAttribute [de711ceedfff4f23baa171862103ab52, getElementAttribute {"id":":wdc:1362481189062","name":"id"}]
Mar 05, 2013 12:59:49 PM org.openqa.selenium.remote.RemoteWebDriver log
INFO: Executed: [de711ceedfff4f23baa171862103ab52, getElementAttribute {"id":":wdc:1362481189062","name":"id"}]
Mar 05, 2013 12:59:49 PM org.openqa.selenium.remote.RemoteWebDriver log
INFO: Executing: get [de711ceedfff4f23baa171862103ab52, get {"url":"http://lwo1-dhp-f35258.synapse.com:6432/common/nestedElements.html"}]
Mar 05, 2013 12:59:49 PM org.openqa.selenium.remote.RemoteWebDriver log
INFO: Executed: [de711ceedfff4f23baa171862103ab52, get {"url":"http://lwo1-dhp-f35258.synapse.com:6432/common/nestedElements.html"}]
Mar 05, 2013 12:59:49 PM org.openqa.selenium.remote.RemoteWebDriver log
INFO: Executing: findElements [de711ceedfff4f23baa171862103ab52, findElements {"using":"name","value":"checky"}]
Mar 05, 2013 12:59:49 PM org.openqa.selenium.remote.RemoteWebDriver log
INFO: Executed: [de711ceedfff4f23baa171862103ab52, findElements {"using":"name","value":"checky"}]
Mar 05, 2013 12:59:49 PM org.openqa.selenium.remote.RemoteWebDriver log
INFO: Executing: get [de711ceedfff4f23baa171862103ab52, get {"url":"http://lwo1-dhp-f35258.synapse.com:6432/common/nestedElements.html"}]
Mar 05, 2013 12:59:49 PM org.openqa.selenium.remote.RemoteWebDriver log
INFO: Executed: [de711ceedfff4f23baa171862103ab52, get {"url":"http://lwo1-dhp-f35258.synapse.com:6432/common/nestedElements.html"}]
Mar 05, 2013 12:59:49 PM org.openqa.selenium.remote.RemoteWebDriver log
INFO: Executing: findElements [de711ceedfff4f23baa171862103ab52, findElements {"using":"id","value":"2"}]
Mar 05, 2013 12:59:49 PM org.openqa.selenium.remote.RemoteWebDriver log
INFO: Executed: [de711ceedfff4f23baa171862103ab52, findElements {"using":"id","value":"2"}]
Mar 05, 2013 12:59:49 PM org.openqa.selenium.remote.RemoteWebDriver log
INFO: Executing: get [de711ceedfff4f23baa171862103ab52, get {"url":"http://lwo1-dhp-f35258.synapse.com:6432/common/xhtmlTest.html"}]
Mar 05, 2013 12:59:49 PM org.openqa.selenium.remote.RemoteWebDriver log
INFO: Executed: [de711ceedfff4f23baa171862103ab52, get {"url":"http://lwo1-dhp-f35258.synapse.com:6432/common/xhtmlTest.html"}]
Mar 05, 2013 12:59:49 PM org.openqa.selenium.remote.RemoteWebDriver log
INFO: Executing: findElements [de711ceedfff4f23baa171862103ab52, findElements {"using":"class name","value":"nameC"}]
Mar 05, 2013 12:59:49 PM org.openqa.selenium.remote.RemoteWebDriver log
INFO: Executed: [de711ceedfff4f23baa171862103ab52, findElements {"using":"class name","value":"nameC"}]
Mar 05, 2013 12:59:49 PM org.openqa.selenium.remote.RemoteWebDriver log
INFO: Executing: get [de711ceedfff4f23baa171862103ab52, get {"url":"http://lwo1-dhp-f35258.synapse.com:6432/common/formPage.html"}]
Mar 05, 2013 12:59:49 PM org.openqa.selenium.remote.RemoteWebDriver log
INFO: Executed: [de711ceedfff4f23baa171862103ab52, get {"url":"http://lwo1-dhp-f35258.synapse.com:6432/common/formPage.html"}]
Mar 05, 2013 12:59:49 PM org.openqa.selenium.remote.RemoteWebDriver log
INFO: Executing: findElement [de711ceedfff4f23baa171862103ab52, findElement {"using":"name","value":"id-name1"}]
Mar 05, 2013 12:59:49 PM org.openqa.selenium.remote.RemoteWebDriver log
INFO: Executed: [de711ceedfff4f23baa171862103ab52, findElement {"using":"name","value":"id-name1"}]
Mar 05, 2013 12:59:49 PM org.openqa.selenium.remote.RemoteWebDriver log
INFO: Executing: getElementAttribute [de711ceedfff4f23baa171862103ab52, getElementAttribute {"id":":wdc:1362481189372","name":"value"}]
Mar 05, 2013 12:59:49 PM org.openqa.selenium.remote.RemoteWebDriver log
INFO: Executed: [de711ceedfff4f23baa171862103ab52, getElementAttribute {"id":":wdc:1362481189372","name":"value"}]
Mar 05, 2013 12:59:49 PM org.openqa.selenium.remote.RemoteWebDriver log
INFO: Executing: findElement [de711ceedfff4f23baa171862103ab52, findElement {"using":"id","value":"id-name1"}]
Mar 05, 2013 12:59:49 PM org.openqa.selenium.remote.RemoteWebDriver log
INFO: Executed: [de711ceedfff4f23baa171862103ab52, findElement {"using":"id","value":"id-name1"}]
Mar 05, 2013 12:59:49 PM org.openqa.selenium.remote.RemoteWebDriver log
INFO: Executing: getElementAttribute [de711ceedfff4f23baa171862103ab52, getElementAttribute {"id":":wdc:1362481189373","name":"value"}]
Mar 05, 2013 12:59:49 PM org.openqa.selenium.remote.RemoteWebDriver log
INFO: Executed: [de711ceedfff4f23baa171862103ab52, getElementAttribute {"id":":wdc:1362481189373","name":"value"}]
Mar 05, 2013 12:59:49 PM org.openqa.selenium.remote.RemoteWebDriver log
INFO: Executing: findElement [de711ceedfff4f23baa171862103ab52, findElement {"using":"name","value":"id-name2"}]
Mar 05, 2013 12:59:49 PM org.openqa.selenium.remote.RemoteWebDriver log
INFO: Executed: [de711ceedfff4f23baa171862103ab52, findElement {"using":"name","value":"id-name2"}]
Mar 05, 2013 12:59:49 PM org.openqa.selenium.remote.RemoteWebDriver log
INFO: Executing: getElementAttribute [de711ceedfff4f23baa171862103ab52, getElementAttribute {"id":":wdc:1362481189374","name":"value"}]
Mar 05, 2013 12:59:49 PM org.openqa.selenium.remote.RemoteWebDriver log
INFO: Executed: [de711ceedfff4f23baa171862103ab52, getElementAttribute {"id":":wdc:1362481189374","name":"value"}]
Mar 05, 2013 12:59:49 PM org.openqa.selenium.remote.RemoteWebDriver log
INFO: Executing: findElement [de711ceedfff4f23baa171862103ab52, findElement {"using":"id","value":"id-name2"}]
Mar 05, 2013 12:59:49 PM org.openqa.selenium.remote.RemoteWebDriver log
INFO: Executed: [de711ceedfff4f23baa171862103ab52, findElement {"using":"id","value":"id-name2"}]
Mar 05, 2013 12:59:49 PM org.openqa.selenium.remote.RemoteWebDriver log
INFO: Executing: getElementAttribute [de711ceedfff4f23baa171862103ab52, getElementAttribute {"id":":wdc:1362481189375","name":"value"}]
Mar 05, 2013 12:59:49 PM org.openqa.selenium.remote.RemoteWebDriver log
INFO: Executed: [de711ceedfff4f23baa171862103ab52, getElementAttribute {"id":":wdc:1362481189375","name":"value"}]
Mar 05, 2013 12:59:49 PM org.openqa.selenium.remote.RemoteWebDriver log
INFO: Executing: get [de711ceedfff4f23baa171862103ab52, get {"url":"http://lwo1-dhp-f35258.synapse.com:6432/common/formPage.html"}]
Mar 05, 2013 12:59:50 PM org.openqa.selenium.remote.RemoteWebDriver log
INFO: Executed: [de711ceedfff4f23baa171862103ab52, get {"url":"http://lwo1-dhp-f35258.synapse.com:6432/common/formPage.html"}]
Mar 05, 2013 12:59:50 PM org.openqa.selenium.remote.RemoteWebDriver log
INFO: Executing: findElement [de711ceedfff4f23baa171862103ab52, findElement {"using":"id","value":"nested_form"}]
Mar 05, 2013 12:59:50 PM org.openqa.selenium.remote.RemoteWebDriver log
INFO: Executed: [de711ceedfff4f23baa171862103ab52, findElement {"using":"id","value":"nested_form"}]
Mar 05, 2013 12:59:50 PM org.openqa.selenium.remote.RemoteWebDriver log
INFO: Executing: findChildElement [de711ceedfff4f23baa171862103ab52, findChildElement {"id":":wdc:1362481190018","using":"name","value":"x"}]
Mar 05, 2013 12:59:50 PM org.openqa.selenium.remote.RemoteWebDriver log
INFO: Executed: [de711ceedfff4f23baa171862103ab52, findChildElement {"id":":wdc:1362481190018","using":"name","value":"x"}]
Mar 05, 2013 12:59:50 PM org.openqa.selenium.remote.RemoteWebDriver log
INFO: Executing: get [de711ceedfff4f23baa171862103ab52, get {"url":"http://lwo1-dhp-f35258.synapse.com:6432/common/formPage.html"}]
Mar 05, 2013 12:59:50 PM org.openqa.selenium.remote.RemoteWebDriver log
INFO: Executed: [de711ceedfff4f23baa171862103ab52, get {"url":"http://lwo1-dhp-f35258.synapse.com:6432/common/formPage.html"}]
Mar 05, 2013 12:59:50 PM org.openqa.selenium.remote.RemoteWebDriver log
INFO: Executing: findElement [de711ceedfff4f23baa171862103ab52, findElement {"using":"name","value":"login"}]
Mar 05, 2013 12:59:50 PM org.openqa.selenium.remote.RemoteWebDriver log
INFO: Executed: [de711ceedfff4f23baa171862103ab52, findElement {"using":"name","value":"login"}]
Mar 05, 2013 12:59:50 PM org.openqa.selenium.remote.RemoteWebDriver log
INFO: Executing: findChildElement [de711ceedfff4f23baa171862103ab52, findChildElement {"id":":wdc:1362481190133","using":"name","value":"x"}]
Mar 05, 2013 12:59:50 PM org.openqa.selenium.remote.RemoteWebDriver log
INFO: Executed: [de711ceedfff4f23baa171862103ab52, findChildElement {"id":":wdc:1362481190133","using":"name","value":"x"}]
Mar 05, 2013 12:59:50 PM org.openqa.selenium.remote.RemoteWebDriver log
INFO: Executing: get [de711ceedfff4f23baa171862103ab52, get {"url":"http://lwo1-dhp-f35258.synapse.com:6432/common/nestedElements.html"}]
Mar 05, 2013 12:59:50 PM org.openqa.selenium.remote.RemoteWebDriver log
INFO: Executed: [de711ceedfff4f23baa171862103ab52, get {"url":"http://lwo1-dhp-f35258.synapse.com:6432/common/nestedElements.html"}]
Mar 05, 2013 12:59:50 PM org.openqa.selenium.remote.RemoteWebDriver log
INFO: Executing: findElement [de711ceedfff4f23baa171862103ab52, findElement {"using":"name","value":"div1"}]
Mar 05, 2013 12:59:50 PM org.openqa.selenium.remote.RemoteWebDriver log
INFO: Executed: [de711ceedfff4f23baa171862103ab52, findElement {"using":"name","value":"div1"}]
Mar 05, 2013 12:59:50 PM org.openqa.selenium.remote.RemoteWebDriver log
INFO: Executing: get [de711ceedfff4f23baa171862103ab52, get {"url":"http://lwo1-dhp-f35258.synapse.com:6432/common/formPage.html"}]
Mar 05, 2013 12:59:50 PM org.openqa.selenium.remote.RemoteWebDriver log
INFO: Executed: [de711ceedfff4f23baa171862103ab52, get {"url":"http://lwo1-dhp-f35258.synapse.com:6432/common/formPage.html"}]
Mar 05, 2013 12:59:50 PM org.openqa.selenium.remote.RemoteWebDriver log
INFO: Executing: findElement [de711ceedfff4f23baa171862103ab52, findElement {"using":"name","value":"hidden"}]
Mar 05, 2013 12:59:50 PM org.openqa.selenium.remote.RemoteWebDriver log
INFO: Executed: [de711ceedfff4f23baa171862103ab52, findElement {"using":"name","value":"hidden"}]
Mar 05, 2013 12:59:50 PM org.openqa.selenium.remote.RemoteWebDriver log
INFO: Executing: get [de711ceedfff4f23baa171862103ab52, get {"url":"http://lwo1-dhp-f35258.synapse.com:6432/common/formPage.html"}]
Mar 05, 2013 12:59:50 PM org.openqa.selenium.remote.RemoteWebDriver log
INFO: Executed: [de711ceedfff4f23baa171862103ab52, get {"url":"http://lwo1-dhp-f35258.synapse.com:6432/common/formPage.html"}]
Mar 05, 2013 12:59:50 PM org.openqa.selenium.remote.RemoteWebDriver log
INFO: Executing: findElement [de711ceedfff4f23baa171862103ab52, findElement {"using":"tag name","value":"input"}]
Mar 05, 2013 12:59:50 PM org.openqa.selenium.remote.RemoteWebDriver log
INFO: Executed: [de711ceedfff4f23baa171862103ab52, findElement {"using":"tag name","value":"input"}]
Mar 05, 2013 12:59:50 PM org.openqa.selenium.remote.RemoteWebDriver log
INFO: Executing: get [de711ceedfff4f23baa171862103ab52, get {"url":"http://lwo1-dhp-f35258.synapse.com:6432/common/formPage.html"}]
Mar 05, 2013 12:59:50 PM org.openqa.selenium.remote.RemoteWebDriver log
INFO: Executed: [de711ceedfff4f23baa171862103ab52, get {"url":"http://lwo1-dhp-f35258.synapse.com:6432/common/formPage.html"}]
Mar 05, 2013 12:59:50 PM org.openqa.selenium.remote.RemoteWebDriver log
INFO: Executing: findElements [de711ceedfff4f23baa171862103ab52, findElements {"using":"tag name","value":"input"}]
Mar 05, 2013 12:59:50 PM org.openqa.selenium.remote.RemoteWebDriver log
INFO: Executed: [de711ceedfff4f23baa171862103ab52, findElements {"using":"tag name","value":"input"}]
Mar 05, 2013 12:59:50 PM org.openqa.selenium.remote.RemoteWebDriver log
INFO: Executing: get [de711ceedfff4f23baa171862103ab52, get {"url":"http://lwo1-dhp-f35258.synapse.com:6432/common/xhtmlTest.html"}]
Mar 05, 2013 12:59:50 PM org.openqa.selenium.remote.RemoteWebDriver log
INFO: Executed: [de711ceedfff4f23baa171862103ab52, get {"url":"http://lwo1-dhp-f35258.synapse.com:6432/common/xhtmlTest.html"}]
Mar 05, 2013 12:59:50 PM org.openqa.selenium.remote.RemoteWebDriver log
INFO: Executing: get [de711ceedfff4f23baa171862103ab52, get {"url":"http://lwo1-dhp-f35258.synapse.com:6432/common/javascriptPage.html"}]
Mar 05, 2013 12:59:50 PM org.openqa.selenium.remote.RemoteWebDriver log
INFO: Executed: [de711ceedfff4f23baa171862103ab52, get {"url":"http://lwo1-dhp-f35258.synapse.com:6432/common/javascriptPage.html"}]
Mar 05, 2013 12:59:50 PM org.openqa.selenium.remote.RemoteWebDriver log
INFO: Executing: findElement [de711ceedfff4f23baa171862103ab52, findElement {"using":"link text","value":"No href"}]
Mar 05, 2013 12:59:50 PM org.openqa.selenium.remote.RemoteWebDriver log
INFO: Executed: [de711ceedfff4f23baa171862103ab52, findElement {"using":"link text","value":"No href"}]
Mar 05, 2013 12:59:50 PM org.openqa.selenium.remote.RemoteWebDriver log
INFO: Executing: clickElement [de711ceedfff4f23baa171862103ab52, clickElement {"id":":wdc:1362481190448"}]
Mar 05, 2013 12:59:50 PM org.openqa.selenium.remote.RemoteWebDriver log
INFO: Executed: [de711ceedfff4f23baa171862103ab52, clickElement {"id":":wdc:1362481190448"}]
Mar 05, 2013 12:59:50 PM org.openqa.selenium.remote.RemoteWebDriver log
INFO: Executing: getTitle [de711ceedfff4f23baa171862103ab52, getTitle {}]
Mar 05, 2013 12:59:50 PM org.openqa.selenium.remote.RemoteWebDriver log
INFO: Executed: [de711ceedfff4f23baa171862103ab52, getTitle {}]
Mar 05, 2013 12:59:50 PM org.openqa.selenium.remote.RemoteWebDriver log
INFO: Executing: getTitle [de711ceedfff4f23baa171862103ab52, getTitle {}]
Mar 05, 2013 12:59:50 PM org.openqa.selenium.remote.RemoteWebDriver log
INFO: Executed: [de711ceedfff4f23baa171862103ab52, getTitle {}]
Mar 05, 2013 12:59:50 PM org.openqa.selenium.remote.RemoteWebDriver log
INFO: Executing: get [de711ceedfff4f23baa171862103ab52, get {"url":"about:blank"}]
Mar 05, 2013 12:59:50 PM org.openqa.selenium.remote.RemoteWebDriver log
INFO: Executed: [de711ceedfff4f23baa171862103ab52, get {"url":"about:blank"}]
Mar 05, 2013 12:59:50 PM org.openqa.selenium.remote.RemoteWebDriver log
INFO: Executing: findElement [de711ceedfff4f23baa171862103ab52, findElement {"using":"tag name","value":"a"}]
Mar 05, 2013 12:59:50 PM org.openqa.selenium.remote.RemoteWebDriver log
INFO: Executed: [de711ceedfff4f23baa171862103ab52, findElement {"using":"tag name","value":"a"}]
Mar 05, 2013 12:59:50 PM org.openqa.selenium.remote.RemoteWebDriver log
INFO: Executing: quit [de711ceedfff4f23baa171862103ab52, quit {}]
Mar 05, 2013 12:59:50 PM org.openqa.selenium.remote.RemoteWebDriver log
INFO: Executed: [de711ceedfff4f23baa171862103ab52, quit {}]
Mar 05, 2013 12:59:50 PM org.openqa.selenium.remote.RemoteWebDriver log
INFO: Executing: findElement [8b3bcef18cb03aea2365d8f03934f0a7, findElement {"using":"id","value":"nonExistantButton"}]
Mar 05, 2013 12:59:50 PM org.openqa.selenium.remote.RemoteWebDriver log
INFO: Executed: [8b3bcef18cb03aea2365d8f03934f0a7, findElement {"using":"id","value":"nonExistantButton"}]
Mar 05, 2013 12:59:50 PM org.openqa.selenium.remote.RemoteWebDriver log
INFO: Executing: get [8b3bcef18cb03aea2365d8f03934f0a7, get {"url":"http://lwo1-dhp-f35258.synapse.com:6432/common/javascriptPage.html"}]
Mar 05, 2013 12:59:50 PM org.openqa.selenium.remote.RemoteWebDriver log
INFO: Executed: [8b3bcef18cb03aea2365d8f03934f0a7, get {"url":"http://lwo1-dhp-f35258.synapse.com:6432/common/javascriptPage.html"}]
Mar 05, 2013 12:59:50 PM org.openqa.selenium.remote.RemoteWebDriver log
INFO: Executing: findElement [8b3bcef18cb03aea2365d8f03934f0a7, findElement {"using":"id","value":"deleted"}]
Mar 05, 2013 12:59:50 PM org.openqa.selenium.remote.RemoteWebDriver log
INFO: Executed: [8b3bcef18cb03aea2365d8f03934f0a7, findElement {"using":"id","value":"deleted"}]
Mar 05, 2013 12:59:50 PM org.openqa.selenium.remote.RemoteWebDriver log
INFO: Executing: isElementDisplayed [8b3bcef18cb03aea2365d8f03934f0a7, isElementDisplayed {"id":":wdc:1362481190720"}]
Mar 05, 2013 12:59:50 PM org.openqa.selenium.remote.RemoteWebDriver log
INFO: Executed: [8b3bcef18cb03aea2365d8f03934f0a7, isElementDisplayed {"id":":wdc:1362481190720"}]
Mar 05, 2013 12:59:50 PM org.openqa.selenium.remote.RemoteWebDriver log
INFO: Executing: findElement [8b3bcef18cb03aea2365d8f03934f0a7, findElement {"using":"id","value":"delete"}]
Mar 05, 2013 12:59:50 PM org.openqa.selenium.remote.RemoteWebDriver log
INFO: Executed: [8b3bcef18cb03aea2365d8f03934f0a7, findElement {"using":"id","value":"delete"}]
Mar 05, 2013 12:59:50 PM org.openqa.selenium.remote.RemoteWebDriver log
INFO: Executing: clickElement [8b3bcef18cb03aea2365d8f03934f0a7, clickElement {"id":":wdc:1362481190721"}]
Mar 05, 2013 12:59:50 PM org.openqa.selenium.remote.RemoteWebDriver log
INFO: Executed: [8b3bcef18cb03aea2365d8f03934f0a7, clickElement {"id":":wdc:1362481190721"}]
Mar 05, 2013 12:59:50 PM org.openqa.selenium.remote.RemoteWebDriver log
INFO: Executing: isElementDisplayed [8b3bcef18cb03aea2365d8f03934f0a7, isElementDisplayed {"id":":wdc:1362481190720"}]
Mar 05, 2013 12:59:50 PM org.openqa.selenium.remote.RemoteWebDriver log
INFO: Executed: [8b3bcef18cb03aea2365d8f03934f0a7, isElementDisplayed {"id":":wdc:1362481190720"}]
Mar 05, 2013 12:59:50 PM org.openqa.selenium.remote.RemoteWebDriver log
INFO: Executing: get [8b3bcef18cb03aea2365d8f03934f0a7, get {"url":"http://lwo1-dhp-f35258.synapse.com:6432/common/nestedElements.html"}]
Mar 05, 2013 12:59:50 PM org.openqa.selenium.remote.RemoteWebDriver log
INFO: Executed: [8b3bcef18cb03aea2365d8f03934f0a7, get {"url":"http://lwo1-dhp-f35258.synapse.com:6432/common/nestedElements.html"}]
Mar 05, 2013 12:59:50 PM org.openqa.selenium.remote.RemoteWebDriver log
INFO: Executing: findElement [8b3bcef18cb03aea2365d8f03934f0a7, findElement {"using":"xpath","value":"//a[contains(.,'hello world')]"}]
Mar 05, 2013 12:59:51 PM org.openqa.selenium.remote.RemoteWebDriver log
INFO: Executed: [8b3bcef18cb03aea2365d8f03934f0a7, findElement {"using":"xpath","value":"//a[contains(.,'hello world')]"}]
Mar 05, 2013 12:59:51 PM org.openqa.selenium.remote.RemoteWebDriver log
INFO: Executing: get [8b3bcef18cb03aea2365d8f03934f0a7, get {"url":"http://lwo1-dhp-f35258.synapse.com:6432/common/xhtmlTest.html"}]
Mar 05, 2013 12:59:51 PM org.openqa.selenium.remote.RemoteWebDriver log
INFO: Executed: [8b3bcef18cb03aea2365d8f03934f0a7, get {"url":"http://lwo1-dhp-f35258.synapse.com:6432/common/xhtmlTest.html"}]
Mar 05, 2013 12:59:51 PM org.openqa.selenium.remote.RemoteWebDriver log
INFO: Executing: findElements [8b3bcef18cb03aea2365d8f03934f0a7, findElements {"using":"css selector","value":"p"}]
Mar 05, 2013 12:59:51 PM org.openqa.selenium.remote.RemoteWebDriver log
INFO: Executed: [8b3bcef18cb03aea2365d8f03934f0a7, findElements {"using":"css selector","value":"p"}]
Mar 05, 2013 12:59:51 PM org.openqa.selenium.remote.RemoteWebDriver log
INFO: Executing: get [8b3bcef18cb03aea2365d8f03934f0a7, get {"url":"http://lwo1-dhp-f35258.synapse.com:6432/common/xhtmlTest.html"}]
Mar 05, 2013 12:59:51 PM org.openqa.selenium.remote.RemoteWebDriver log
INFO: Executed: [8b3bcef18cb03aea2365d8f03934f0a7, get {"url":"http://lwo1-dhp-f35258.synapse.com:6432/common/xhtmlTest.html"}]
Mar 05, 2013 12:59:51 PM org.openqa.selenium.remote.RemoteWebDriver log
INFO: Executing: findElement [8b3bcef18cb03aea2365d8f03934f0a7, findElement {"using":"id","value":"my_span"}]
Mar 05, 2013 12:59:51 PM org.openqa.selenium.remote.RemoteWebDriver log
INFO: Executed: [8b3bcef18cb03aea2365d8f03934f0a7, findElement {"using":"id","value":"my_span"}]
Mar 05, 2013 12:59:51 PM org.openqa.selenium.remote.RemoteWebDriver log
INFO: Executing: findChildElements [8b3bcef18cb03aea2365d8f03934f0a7, findChildElements {"id":":wdc:1362481191145","using":"tag name","value":"div"}]
Mar 05, 2013 12:59:51 PM org.openqa.selenium.remote.RemoteWebDriver log
INFO: Executed: [8b3bcef18cb03aea2365d8f03934f0a7, findChildElements {"id":":wdc:1362481191145","using":"tag name","value":"div"}]
Mar 05, 2013 12:59:51 PM org.openqa.selenium.remote.RemoteWebDriver log
INFO: Executing: findChildElements [8b3bcef18cb03aea2365d8f03934f0a7, findChildElements {"id":":wdc:1362481191145","using":"tag name","value":"span"}]
Mar 05, 2013 12:59:51 PM org.openqa.selenium.remote.RemoteWebDriver log
INFO: Executed: [8b3bcef18cb03aea2365d8f03934f0a7, findChildElements {"id":":wdc:1362481191145","using":"tag name","value":"span"}]
Mar 05, 2013 12:59:51 PM org.openqa.selenium.remote.RemoteWebDriver log
INFO: Executing: get [8b3bcef18cb03aea2365d8f03934f0a7, get {"url":"http://lwo1-dhp-f35258.synapse.com:6432/common/xhtmlTest.html"}]
Mar 05, 2013 12:59:51 PM org.openqa.selenium.remote.RemoteWebDriver log
INFO: Executed: [8b3bcef18cb03aea2365d8f03934f0a7, get {"url":"http://lwo1-dhp-f35258.synapse.com:6432/common/xhtmlTest.html"}]
Mar 05, 2013 12:59:51 PM org.openqa.selenium.remote.RemoteWebDriver log
INFO: Executing: findElement [8b3bcef18cb03aea2365d8f03934f0a7, findElement {"using":"css selector","value":"div#parent"}]
Mar 05, 2013 12:59:51 PM org.openqa.selenium.remote.RemoteWebDriver log
INFO: Executed: [8b3bcef18cb03aea2365d8f03934f0a7, findElement {"using":"css selector","value":"div#parent"}]
Mar 05, 2013 12:59:51 PM org.openqa.selenium.remote.RemoteWebDriver log
INFO: Executing: findChildElement [8b3bcef18cb03aea2365d8f03934f0a7, findChildElement {"id":":wdc:1362481191298","using":"css selector","value":"div"}]
Mar 05, 2013 12:59:51 PM org.openqa.selenium.remote.RemoteWebDriver log
INFO: Executed: [8b3bcef18cb03aea2365d8f03934f0a7, findChildElement {"id":":wdc:1362481191298","using":"css selector","value":"div"}]
Mar 05, 2013 12:59:51 PM org.openqa.selenium.remote.RemoteWebDriver log
INFO: Executing: getElementAttribute [8b3bcef18cb03aea2365d8f03934f0a7, getElementAttribute {"id":":wdc:1362481191299","name":"id"}]
Mar 05, 2013 12:59:51 PM org.openqa.selenium.remote.RemoteWebDriver log
INFO: Executed: [8b3bcef18cb03aea2365d8f03934f0a7, getElementAttribute {"id":":wdc:1362481191299","name":"id"}]
Mar 05, 2013 12:59:51 PM org.openqa.selenium.remote.RemoteWebDriver log
INFO: Executing: get [8b3bcef18cb03aea2365d8f03934f0a7, get {"url":"http://lwo1-dhp-f35258.synapse.com:6432/common/missedJsReference.html"}]
Mar 05, 2013 12:59:51 PM org.openqa.selenium.remote.RemoteWebDriver log
INFO: Executed: [8b3bcef18cb03aea2365d8f03934f0a7, get {"url":"http://lwo1-dhp-f35258.synapse.com:6432/common/missedJsReference.html"}]
Mar 05, 2013 12:59:51 PM org.openqa.selenium.remote.RemoteWebDriver log
INFO: Executing: switchToFrame [8b3bcef18cb03aea2365d8f03934f0a7, switchToFrame {"id":"inner"}]
Mar 05, 2013 12:59:51 PM org.openqa.selenium.remote.RemoteWebDriver log
INFO: Executed: [8b3bcef18cb03aea2365d8f03934f0a7, switchToFrame {"id":"inner"}]
Mar 05, 2013 12:59:51 PM org.openqa.selenium.remote.RemoteWebDriver log
INFO: Executing: findElement [8b3bcef18cb03aea2365d8f03934f0a7, findElement {"using":"id","value":"oneline"}]
Mar 05, 2013 12:59:51 PM org.openqa.selenium.remote.RemoteWebDriver log
INFO: Executed: [8b3bcef18cb03aea2365d8f03934f0a7, findElement {"using":"id","value":"oneline"}]
Mar 05, 2013 12:59:51 PM org.openqa.selenium.remote.RemoteWebDriver log
INFO: Executing: switchToFrame [8b3bcef18cb03aea2365d8f03934f0a7, switchToFrame {"id":null}]
Mar 05, 2013 12:59:51 PM org.openqa.selenium.remote.RemoteWebDriver log
INFO: Executed: [8b3bcef18cb03aea2365d8f03934f0a7, switchToFrame {"id":null}]
Mar 05, 2013 12:59:51 PM org.openqa.selenium.remote.RemoteWebDriver log
INFO: Executing: getElementText [8b3bcef18cb03aea2365d8f03934f0a7, getElementText {"id":":wdc:1362481191543"}]
Mar 05, 2013 12:59:51 PM org.openqa.selenium.remote.RemoteWebDriver log
INFO: Executed: [8b3bcef18cb03aea2365d8f03934f0a7, getElementText {"id":":wdc:1362481191543"}]
Mar 05, 2013 12:59:51 PM org.openqa.selenium.remote.RemoteWebDriver log
INFO: Executing: get [8b3bcef18cb03aea2365d8f03934f0a7, get {"url":"http://lwo1-dhp-f35258.synapse.com:6432/common/missedJsReference.html"}]
Mar 05, 2013 12:59:51 PM org.openqa.selenium.remote.RemoteWebDriver log
INFO: Executed: [8b3bcef18cb03aea2365d8f03934f0a7, get {"url":"http://lwo1-dhp-f35258.synapse.com:6432/common/missedJsReference.html"}]
Mar 05, 2013 12:59:51 PM org.openqa.selenium.remote.RemoteWebDriver log
INFO: Executing: switchToFrame [8b3bcef18cb03aea2365d8f03934f0a7, switchToFrame {"id":"inner"}]
Mar 05, 2013 12:59:51 PM org.openqa.selenium.remote.RemoteWebDriver log
INFO: Executed: [8b3bcef18cb03aea2365d8f03934f0a7, switchToFrame {"id":"inner"}]
Mar 05, 2013 12:59:51 PM org.openqa.selenium.remote.RemoteWebDriver log
INFO: Executing: findElement [8b3bcef18cb03aea2365d8f03934f0a7, findElement {"using":"id","value":"oneline"}]
Mar 05, 2013 12:59:51 PM org.openqa.selenium.remote.RemoteWebDriver log
INFO: Executed: [8b3bcef18cb03aea2365d8f03934f0a7, findElement {"using":"id","value":"oneline"}]
Mar 05, 2013 12:59:51 PM org.openqa.selenium.remote.RemoteWebDriver log
INFO: Executing: switchToFrame [8b3bcef18cb03aea2365d8f03934f0a7, switchToFrame {"id":null}]
Mar 05, 2013 12:59:51 PM org.openqa.selenium.remote.RemoteWebDriver log
INFO: Executed: [8b3bcef18cb03aea2365d8f03934f0a7, switchToFrame {"id":null}]
Mar 05, 2013 12:59:51 PM org.openqa.selenium.remote.RemoteWebDriver log
INFO: Executing: executeScript [8b3bcef18cb03aea2365d8f03934f0a7, executeScript {"script":"return frames[0].document.getElementById('oneline');","args":[]}]
Mar 05, 2013 12:59:51 PM org.openqa.selenium.remote.RemoteWebDriver log
INFO: Executed: [8b3bcef18cb03aea2365d8f03934f0a7, executeScript {"script":"return frames[0].document.getElementById('oneline');","args":[]}]
Mar 05, 2013 12:59:51 PM org.openqa.selenium.remote.RemoteWebDriver log
INFO: Executing: switchToFrame [8b3bcef18cb03aea2365d8f03934f0a7, switchToFrame {"id":"inner"}]
Mar 05, 2013 12:59:51 PM org.openqa.selenium.remote.RemoteWebDriver log
INFO: Executed: [8b3bcef18cb03aea2365d8f03934f0a7, switchToFrame {"id":"inner"}]
Mar 05, 2013 12:59:51 PM org.openqa.selenium.remote.RemoteWebDriver log
INFO: Executing: findElement [8b3bcef18cb03aea2365d8f03934f0a7, findElement {"using":"id","value":"oneline"}]
Mar 05, 2013 12:59:51 PM org.openqa.selenium.remote.RemoteWebDriver log
INFO: Executed: [8b3bcef18cb03aea2365d8f03934f0a7, findElement {"using":"id","value":"oneline"}]
Mar 05, 2013 12:59:51 PM org.openqa.selenium.remote.RemoteWebDriver log
INFO: Executing: switchToFrame [8b3bcef18cb03aea2365d8f03934f0a7, switchToFrame {"id":null}]
Mar 05, 2013 12:59:51 PM org.openqa.selenium.remote.RemoteWebDriver log
INFO: Executed: [8b3bcef18cb03aea2365d8f03934f0a7, switchToFrame {"id":null}]
Mar 05, 2013 12:59:51 PM org.openqa.selenium.remote.RemoteWebDriver log
INFO: Executing: get [8b3bcef18cb03aea2365d8f03934f0a7, get {"url":"http://lwo1-dhp-f35258.synapse.com:6432/common/formPage.html"}]
Mar 05, 2013 12:59:51 PM org.openqa.selenium.remote.RemoteWebDriver log
INFO: Executed: [8b3bcef18cb03aea2365d8f03934f0a7, get {"url":"http://lwo1-dhp-f35258.synapse.com:6432/common/formPage.html"}]
Mar 05, 2013 12:59:51 PM org.openqa.selenium.remote.RemoteWebDriver log
INFO: Executing: findElement [8b3bcef18cb03aea2365d8f03934f0a7, findElement {"using":"id","value":"checky"}]
Mar 05, 2013 12:59:51 PM org.openqa.selenium.remote.RemoteWebDriver log
INFO: Executed: [8b3bcef18cb03aea2365d8f03934f0a7, findElement {"using":"id","value":"checky"}]
Mar 05, 2013 12:59:51 PM org.openqa.selenium.remote.RemoteWebDriver log
INFO: Executing: isElementSelected [8b3bcef18cb03aea2365d8f03934f0a7, isElementSelected {"id":":wdc:1362481191911"}]
Mar 05, 2013 12:59:52 PM org.openqa.selenium.remote.RemoteWebDriver log
INFO: Executed: [8b3bcef18cb03aea2365d8f03934f0a7, isElementSelected {"id":":wdc:1362481191911"}]
Mar 05, 2013 12:59:52 PM org.openqa.selenium.remote.RemoteWebDriver log
INFO: Executing: getElementAttribute [8b3bcef18cb03aea2365d8f03934f0a7, getElementAttribute {"id":":wdc:1362481191911","name":"id"}]
Mar 05, 2013 12:59:52 PM org.openqa.selenium.remote.RemoteWebDriver log
INFO: Executed: [8b3bcef18cb03aea2365d8f03934f0a7, getElementAttribute {"id":":wdc:1362481191911","name":"id"}]
Mar 05, 2013 12:59:52 PM org.openqa.selenium.remote.RemoteWebDriver log
INFO: Executing: isElementSelected [8b3bcef18cb03aea2365d8f03934f0a7, isElementSelected {"id":":wdc:1362481191911"}]
Mar 05, 2013 12:59:52 PM org.openqa.selenium.remote.RemoteWebDriver log
INFO: Executed: [8b3bcef18cb03aea2365d8f03934f0a7, isElementSelected {"id":":wdc:1362481191911"}]
Mar 05, 2013 12:59:52 PM org.openqa.selenium.remote.RemoteWebDriver log
INFO: Executing: clickElement [8b3bcef18cb03aea2365d8f03934f0a7, clickElement {"id":":wdc:1362481191911"}]
Mar 05, 2013 12:59:52 PM org.openqa.selenium.remote.RemoteWebDriver log
INFO: Executed: [8b3bcef18cb03aea2365d8f03934f0a7, clickElement {"id":":wdc:1362481191911"}]
Mar 05, 2013 12:59:52 PM org.openqa.selenium.remote.RemoteWebDriver log
INFO: Executing: isElementSelected [8b3bcef18cb03aea2365d8f03934f0a7, isElementSelected {"id":":wdc:1362481191911"}]
Mar 05, 2013 12:59:52 PM org.openqa.selenium.remote.RemoteWebDriver log
INFO: Executed: [8b3bcef18cb03aea2365d8f03934f0a7, isElementSelected {"id":":wdc:1362481191911"}]
Mar 05, 2013 12:59:52 PM org.openqa.selenium.remote.RemoteWebDriver log
INFO: Executing: getElementAttribute [8b3bcef18cb03aea2365d8f03934f0a7, getElementAttribute {"id":":wdc:1362481191911","name":"id"}]
Mar 05, 2013 12:59:52 PM org.openqa.selenium.remote.RemoteWebDriver log
INFO: Executed: [8b3bcef18cb03aea2365d8f03934f0a7, getElementAttribute {"id":":wdc:1362481191911","name":"id"}]
Mar 05, 2013 12:59:52 PM org.openqa.selenium.remote.RemoteWebDriver log
INFO: Executing: isElementSelected [8b3bcef18cb03aea2365d8f03934f0a7, isElementSelected {"id":":wdc:1362481191911"}]
Mar 05, 2013 12:59:52 PM org.openqa.selenium.remote.RemoteWebDriver log
INFO: Executed: [8b3bcef18cb03aea2365d8f03934f0a7, isElementSelected {"id":":wdc:1362481191911"}]
Mar 05, 2013 12:59:52 PM org.openqa.selenium.remote.RemoteWebDriver log
INFO: Executing: get [8b3bcef18cb03aea2365d8f03934f0a7, get {"url":"http://lwo1-dhp-f35258.synapse.com:6432/common/formPage.html"}]
Mar 05, 2013 12:59:52 PM org.openqa.selenium.remote.RemoteWebDriver log
INFO: Executed: [8b3bcef18cb03aea2365d8f03934f0a7, get {"url":"http://lwo1-dhp-f35258.synapse.com:6432/common/formPage.html"}]
Mar 05, 2013 12:59:52 PM org.openqa.selenium.remote.RemoteWebDriver log
INFO: Executing: findElement [8b3bcef18cb03aea2365d8f03934f0a7, findElement {"using":"id","value":"peas"}]
Mar 05, 2013 12:59:52 PM org.openqa.selenium.remote.RemoteWebDriver log
INFO: Executed: [8b3bcef18cb03aea2365d8f03934f0a7, findElement {"using":"id","value":"peas"}]
Mar 05, 2013 12:59:52 PM org.openqa.selenium.remote.RemoteWebDriver log
INFO: Executing: isElementSelected [8b3bcef18cb03aea2365d8f03934f0a7, isElementSelected {"id":":wdc:1362481192711"}]
Mar 05, 2013 12:59:52 PM org.openqa.selenium.remote.RemoteWebDriver log
INFO: Executed: [8b3bcef18cb03aea2365d8f03934f0a7, isElementSelected {"id":":wdc:1362481192711"}]
Mar 05, 2013 12:59:52 PM org.openqa.selenium.remote.RemoteWebDriver log
INFO: Executing: getElementAttribute [8b3bcef18cb03aea2365d8f03934f0a7, getElementAttribute {"id":":wdc:1362481192711","name":"id"}]
Mar 05, 2013 12:59:52 PM org.openqa.selenium.remote.RemoteWebDriver log
INFO: Executed: [8b3bcef18cb03aea2365d8f03934f0a7, getElementAttribute {"id":":wdc:1362481192711","name":"id"}]
Mar 05, 2013 12:59:52 PM org.openqa.selenium.remote.RemoteWebDriver log
INFO: Executing: isElementSelected [8b3bcef18cb03aea2365d8f03934f0a7, isElementSelected {"id":":wdc:1362481192711"}]
Mar 05, 2013 12:59:53 PM org.openqa.selenium.remote.RemoteWebDriver log
INFO: Executed: [8b3bcef18cb03aea2365d8f03934f0a7, isElementSelected {"id":":wdc:1362481192711"}]
Mar 05, 2013 12:59:53 PM org.openqa.selenium.remote.RemoteWebDriver log
INFO: Executing: clickElement [8b3bcef18cb03aea2365d8f03934f0a7, clickElement {"id":":wdc:1362481192711"}]
Mar 05, 2013 12:59:53 PM org.openqa.selenium.remote.RemoteWebDriver log
INFO: Executed: [8b3bcef18cb03aea2365d8f03934f0a7, clickElement {"id":":wdc:1362481192711"}]
Mar 05, 2013 12:59:53 PM org.openqa.selenium.remote.RemoteWebDriver log
INFO: Executing: isElementSelected [8b3bcef18cb03aea2365d8f03934f0a7, isElementSelected {"id":":wdc:1362481192711"}]
Mar 05, 2013 12:59:53 PM org.openqa.selenium.remote.RemoteWebDriver log
INFO: Executed: [8b3bcef18cb03aea2365d8f03934f0a7, isElementSelected {"id":":wdc:1362481192711"}]
Mar 05, 2013 12:59:53 PM org.openqa.selenium.remote.RemoteWebDriver log
INFO: Executing: getElementAttribute [8b3bcef18cb03aea2365d8f03934f0a7, getElementAttribute {"id":":wdc:1362481192711","name":"id"}]
Mar 05, 2013 12:59:53 PM org.openqa.selenium.remote.RemoteWebDriver log
INFO: Executed: [8b3bcef18cb03aea2365d8f03934f0a7, getElementAttribute {"id":":wdc:1362481192711","name":"id"}]
Mar 05, 2013 12:59:53 PM org.openqa.selenium.remote.RemoteWebDriver log
INFO: Executing: isElementSelected [8b3bcef18cb03aea2365d8f03934f0a7, isElementSelected {"id":":wdc:1362481192711"}]
Mar 05, 2013 12:59:53 PM org.openqa.selenium.remote.RemoteWebDriver log
INFO: Executed: [8b3bcef18cb03aea2365d8f03934f0a7, isElementSelected {"id":":wdc:1362481192711"}]
Mar 05, 2013 12:59:53 PM org.openqa.selenium.remote.RemoteWebDriver log
INFO: Executing: get [8b3bcef18cb03aea2365d8f03934f0a7, get {"url":"http://lwo1-dhp-f35258.synapse.com:6432/common/formPage.html"}]
Mar 05, 2013 12:59:53 PM org.openqa.selenium.remote.RemoteWebDriver log
INFO: Executed: [8b3bcef18cb03aea2365d8f03934f0a7, get {"url":"http://lwo1-dhp-f35258.synapse.com:6432/common/formPage.html"}]
Mar 05, 2013 12:59:53 PM org.openqa.selenium.remote.RemoteWebDriver log
INFO: Executing: findElement [8b3bcef18cb03aea2365d8f03934f0a7, findElement {"using":"id","value":"disabledchecky"}]
Mar 05, 2013 12:59:53 PM org.openqa.selenium.remote.RemoteWebDriver log
INFO: Executed: [8b3bcef18cb03aea2365d8f03934f0a7, findElement {"using":"id","value":"disabledchecky"}]
Mar 05, 2013 12:59:53 PM org.openqa.selenium.remote.RemoteWebDriver log
INFO: Executing: isElementSelected [8b3bcef18cb03aea2365d8f03934f0a7, isElementSelected {"id":":wdc:1362481193514"}]
Mar 05, 2013 12:59:53 PM org.openqa.selenium.remote.RemoteWebDriver log
INFO: Executed: [8b3bcef18cb03aea2365d8f03934f0a7, isElementSelected {"id":":wdc:1362481193514"}]
Mar 05, 2013 12:59:53 PM org.openqa.selenium.remote.RemoteWebDriver log
INFO: Executing: clickElement [8b3bcef18cb03aea2365d8f03934f0a7, clickElement {"id":":wdc:1362481193514"}]
Mar 05, 2013 12:59:53 PM org.openqa.selenium.remote.RemoteWebDriver log
INFO: Executed: [8b3bcef18cb03aea2365d8f03934f0a7, clickElement {"id":":wdc:1362481193514"}]
Mar 05, 2013 12:59:53 PM org.openqa.selenium.remote.RemoteWebDriver log
INFO: Executing: isElementSelected [8b3bcef18cb03aea2365d8f03934f0a7, isElementSelected {"id":":wdc:1362481193514"}]
Mar 05, 2013 12:59:53 PM org.openqa.selenium.remote.RemoteWebDriver log
INFO: Executed: [8b3bcef18cb03aea2365d8f03934f0a7, isElementSelected {"id":":wdc:1362481193514"}]
Mar 05, 2013 12:59:53 PM org.openqa.selenium.remote.RemoteWebDriver log
INFO: Executing: get [8b3bcef18cb03aea2365d8f03934f0a7, get {"url":"http://lwo1-dhp-f35258.synapse.com:6432/common/formPage.html"}]
Mar 05, 2013 12:59:53 PM org.openqa.selenium.remote.RemoteWebDriver log
INFO: Executed: [8b3bcef18cb03aea2365d8f03934f0a7, get {"url":"http://lwo1-dhp-f35258.synapse.com:6432/common/formPage.html"}]
Mar 05, 2013 12:59:53 PM org.openqa.selenium.remote.RemoteWebDriver log
INFO: Executing: findElement [8b3bcef18cb03aea2365d8f03934f0a7, findElement {"using":"id","value":"randomly_disabled_checky"}]
Mar 05, 2013 12:59:53 PM org.openqa.selenium.remote.RemoteWebDriver log
INFO: Executed: [8b3bcef18cb03aea2365d8f03934f0a7, findElement {"using":"id","value":"randomly_disabled_checky"}]
Mar 05, 2013 12:59:53 PM org.openqa.selenium.remote.RemoteWebDriver log
INFO: Executing: isElementSelected [8b3bcef18cb03aea2365d8f03934f0a7, isElementSelected {"id":":wdc:1362481193877"}]
Mar 05, 2013 12:59:54 PM org.openqa.selenium.remote.RemoteWebDriver log
INFO: Executed: [8b3bcef18cb03aea2365d8f03934f0a7, isElementSelected {"id":":wdc:1362481193877"}]
Mar 05, 2013 12:59:54 PM org.openqa.selenium.remote.RemoteWebDriver log
INFO: Executing: clickElement [8b3bcef18cb03aea2365d8f03934f0a7, clickElement {"id":":wdc:1362481193877"}]
Mar 05, 2013 12:59:54 PM org.openqa.selenium.remote.RemoteWebDriver log
INFO: Executed: [8b3bcef18cb03aea2365d8f03934f0a7, clickElement {"id":":wdc:1362481193877"}]
Mar 05, 2013 12:59:54 PM org.openqa.selenium.remote.RemoteWebDriver log
INFO: Executing: isElementSelected [8b3bcef18cb03aea2365d8f03934f0a7, isElementSelected {"id":":wdc:1362481193877"}]
Mar 05, 2013 12:59:54 PM org.openqa.selenium.remote.RemoteWebDriver log
INFO: Executed: [8b3bcef18cb03aea2365d8f03934f0a7, isElementSelected {"id":":wdc:1362481193877"}]
Mar 05, 2013 12:59:54 PM org.openqa.selenium.remote.RemoteWebDriver log
INFO: Executing: get [8b3bcef18cb03aea2365d8f03934f0a7, get {"url":"http://lwo1-dhp-f35258.synapse.com:6432/common/formPage.html"}]
Mar 05, 2013 12:59:54 PM org.openqa.selenium.remote.RemoteWebDriver log
INFO: Executed: [8b3bcef18cb03aea2365d8f03934f0a7, get {"url":"http://lwo1-dhp-f35258.synapse.com:6432/common/formPage.html"}]
Mar 05, 2013 12:59:54 PM org.openqa.selenium.remote.RemoteWebDriver log
INFO: Executing: findElement [8b3bcef18cb03aea2365d8f03934f0a7, findElement {"using":"id","value":"nothing"}]
Mar 05, 2013 12:59:54 PM org.openqa.selenium.remote.RemoteWebDriver log
INFO: Executed: [8b3bcef18cb03aea2365d8f03934f0a7, findElement {"using":"id","value":"nothing"}]
Mar 05, 2013 12:59:54 PM org.openqa.selenium.remote.RemoteWebDriver log
INFO: Executing: isElementSelected [8b3bcef18cb03aea2365d8f03934f0a7, isElementSelected {"id":":wdc:1362481194259"}]
Mar 05, 2013 12:59:54 PM org.openqa.selenium.remote.RemoteWebDriver log
INFO: Executed: [8b3bcef18cb03aea2365d8f03934f0a7, isElementSelected {"id":":wdc:1362481194259"}]
Mar 05, 2013 12:59:54 PM org.openqa.selenium.remote.RemoteWebDriver log
INFO: Executing: clickElement [8b3bcef18cb03aea2365d8f03934f0a7, clickElement {"id":":wdc:1362481194259"}]
Mar 05, 2013 12:59:54 PM org.openqa.selenium.remote.RemoteWebDriver log
INFO: Executed: [8b3bcef18cb03aea2365d8f03934f0a7, clickElement {"id":":wdc:1362481194259"}]
Mar 05, 2013 12:59:54 PM org.openqa.selenium.remote.RemoteWebDriver log
INFO: Executing: isElementSelected [8b3bcef18cb03aea2365d8f03934f0a7, isElementSelected {"id":":wdc:1362481194259"}]
Mar 05, 2013 12:59:54 PM org.openqa.selenium.remote.RemoteWebDriver log
INFO: Executed: [8b3bcef18cb03aea2365d8f03934f0a7, isElementSelected {"id":":wdc:1362481194259"}]
Mar 05, 2013 12:59:54 PM org.openqa.selenium.remote.RemoteWebDriver log
INFO: Executing: get [8b3bcef18cb03aea2365d8f03934f0a7, get {"url":"http://lwo1-dhp-f35258.synapse.com:6432/common/formPage.html"}]
Mar 05, 2013 12:59:54 PM org.openqa.selenium.remote.RemoteWebDriver log
INFO: Executed: [8b3bcef18cb03aea2365d8f03934f0a7, get {"url":"http://lwo1-dhp-f35258.synapse.com:6432/common/formPage.html"}]
Mar 05, 2013 12:59:54 PM org.openqa.selenium.remote.RemoteWebDriver log
INFO: Executing: findElement [8b3bcef18cb03aea2365d8f03934f0a7, findElement {"using":"id","value":"randomly_disabled_nothing"}]
Mar 05, 2013 12:59:54 PM org.openqa.selenium.remote.RemoteWebDriver log
INFO: Executed: [8b3bcef18cb03aea2365d8f03934f0a7, findElement {"using":"id","value":"randomly_disabled_nothing"}]
Mar 05, 2013 12:59:54 PM org.openqa.selenium.remote.RemoteWebDriver log
INFO: Executing: isElementSelected [8b3bcef18cb03aea2365d8f03934f0a7, isElementSelected {"id":":wdc:1362481194618"}]
Mar 05, 2013 12:59:54 PM org.openqa.selenium.remote.RemoteWebDriver log
INFO: Executed: [8b3bcef18cb03aea2365d8f03934f0a7, isElementSelected {"id":":wdc:1362481194618"}]
Mar 05, 2013 12:59:54 PM org.openqa.selenium.remote.RemoteWebDriver log
INFO: Executing: clickElement [8b3bcef18cb03aea2365d8f03934f0a7, clickElement {"id":":wdc:1362481194618"}]
Mar 05, 2013 12:59:54 PM org.openqa.selenium.remote.RemoteWebDriver log
INFO: Executed: [8b3bcef18cb03aea2365d8f03934f0a7, clickElement {"id":":wdc:1362481194618"}]
Mar 05, 2013 12:59:54 PM org.openqa.selenium.remote.RemoteWebDriver log
INFO: Executing: isElementSelected [8b3bcef18cb03aea2365d8f03934f0a7, isElementSelected {"id":":wdc:1362481194618"}]
Mar 05, 2013 12:59:54 PM org.openqa.selenium.remote.RemoteWebDriver log
INFO: Executed: [8b3bcef18cb03aea2365d8f03934f0a7, isElementSelected {"id":":wdc:1362481194618"}]
Mar 05, 2013 12:59:54 PM org.openqa.selenium.remote.RemoteWebDriver log
INFO: Executing: get [8b3bcef18cb03aea2365d8f03934f0a7, get {"url":"http://lwo1-dhp-f35258.synapse.com:6432/common/formPage.html"}]
Mar 05, 2013 12:59:54 PM org.openqa.selenium.remote.RemoteWebDriver log
INFO: Executed: [8b3bcef18cb03aea2365d8f03934f0a7, get {"url":"http://lwo1-dhp-f35258.synapse.com:6432/common/formPage.html"}]
Mar 05, 2013 12:59:54 PM org.openqa.selenium.remote.RemoteWebDriver log
INFO: Executing: findElement [8b3bcef18cb03aea2365d8f03934f0a7, findElement {"using":"id","value":"cheese_and_peas"}]
Mar 05, 2013 12:59:54 PM org.openqa.selenium.remote.RemoteWebDriver log
INFO: Executed: [8b3bcef18cb03aea2365d8f03934f0a7, findElement {"using":"id","value":"cheese_and_peas"}]
Mar 05, 2013 12:59:54 PM org.openqa.selenium.remote.RemoteWebDriver log
INFO: Executing: isElementSelected [8b3bcef18cb03aea2365d8f03934f0a7, isElementSelected {"id":":wdc:1362481194987"}]
Mar 05, 2013 12:59:55 PM org.openqa.selenium.remote.RemoteWebDriver log
INFO: Executed: [8b3bcef18cb03aea2365d8f03934f0a7, isElementSelected {"id":":wdc:1362481194987"}]
Mar 05, 2013 12:59:55 PM org.openqa.selenium.remote.RemoteWebDriver log
INFO: Executing: getElementAttribute [8b3bcef18cb03aea2365d8f03934f0a7, getElementAttribute {"id":":wdc:1362481194987","name":"id"}]
Mar 05, 2013 12:59:55 PM org.openqa.selenium.remote.RemoteWebDriver log
INFO: Executed: [8b3bcef18cb03aea2365d8f03934f0a7, getElementAttribute {"id":":wdc:1362481194987","name":"id"}]
Mar 05, 2013 12:59:55 PM org.openqa.selenium.remote.RemoteWebDriver log
INFO: Executing: isElementSelected [8b3bcef18cb03aea2365d8f03934f0a7, isElementSelected {"id":":wdc:1362481194987"}]
Mar 05, 2013 12:59:55 PM org.openqa.selenium.remote.RemoteWebDriver log
INFO: Executed: [8b3bcef18cb03aea2365d8f03934f0a7, isElementSelected {"id":":wdc:1362481194987"}]
Mar 05, 2013 12:59:55 PM org.openqa.selenium.remote.RemoteWebDriver log
INFO: Executing: findElement [8b3bcef18cb03aea2365d8f03934f0a7, findElement {"using":"id","value":"peas"}]
Mar 05, 2013 12:59:55 PM org.openqa.selenium.remote.RemoteWebDriver log
INFO: Executed: [8b3bcef18cb03aea2365d8f03934f0a7, findElement {"using":"id","value":"peas"}]
Mar 05, 2013 12:59:55 PM org.openqa.selenium.remote.RemoteWebDriver log
INFO: Executing: isElementSelected [8b3bcef18cb03aea2365d8f03934f0a7, isElementSelected {"id":":wdc:1362481194988"}]
Mar 05, 2013 12:59:55 PM org.openqa.selenium.remote.RemoteWebDriver log
INFO: Executed: [8b3bcef18cb03aea2365d8f03934f0a7, isElementSelected {"id":":wdc:1362481194988"}]
Mar 05, 2013 12:59:55 PM org.openqa.selenium.remote.RemoteWebDriver log
INFO: Executing: getElementAttribute [8b3bcef18cb03aea2365d8f03934f0a7, getElementAttribute {"id":":wdc:1362481194988","name":"id"}]
Mar 05, 2013 12:59:55 PM org.openqa.selenium.remote.RemoteWebDriver log
INFO: Executed: [8b3bcef18cb03aea2365d8f03934f0a7, getElementAttribute {"id":":wdc:1362481194988","name":"id"}]
Mar 05, 2013 12:59:55 PM org.openqa.selenium.remote.RemoteWebDriver log
INFO: Executing: isElementSelected [8b3bcef18cb03aea2365d8f03934f0a7, isElementSelected {"id":":wdc:1362481194988"}]
Mar 05, 2013 12:59:55 PM org.openqa.selenium.remote.RemoteWebDriver log
INFO: Executed: [8b3bcef18cb03aea2365d8f03934f0a7, isElementSelected {"id":":wdc:1362481194988"}]
Mar 05, 2013 12:59:55 PM org.openqa.selenium.remote.RemoteWebDriver log
INFO: Executing: clickElement [8b3bcef18cb03aea2365d8f03934f0a7, clickElement {"id":":wdc:1362481194988"}]
Mar 05, 2013 12:59:55 PM org.openqa.selenium.remote.RemoteWebDriver log
INFO: Executed: [8b3bcef18cb03aea2365d8f03934f0a7, clickElement {"id":":wdc:1362481194988"}]
Mar 05, 2013 12:59:55 PM org.openqa.selenium.remote.RemoteWebDriver log
INFO: Executing: isElementSelected [8b3bcef18cb03aea2365d8f03934f0a7, isElementSelected {"id":":wdc:1362481194987"}]
Mar 05, 2013 12:59:55 PM org.openqa.selenium.remote.RemoteWebDriver log
INFO: Executed: [8b3bcef18cb03aea2365d8f03934f0a7, isElementSelected {"id":":wdc:1362481194987"}]
Mar 05, 2013 12:59:55 PM org.openqa.selenium.remote.RemoteWebDriver log
INFO: Executing: getElementAttribute [8b3bcef18cb03aea2365d8f03934f0a7, getElementAttribute {"id":":wdc:1362481194987","name":"id"}]
Mar 05, 2013 12:59:56 PM org.openqa.selenium.remote.RemoteWebDriver log
INFO: Executed: [8b3bcef18cb03aea2365d8f03934f0a7, getElementAttribute {"id":":wdc:1362481194987","name":"id"}]
Mar 05, 2013 12:59:56 PM org.openqa.selenium.remote.RemoteWebDriver log
INFO: Executing: isElementSelected [8b3bcef18cb03aea2365d8f03934f0a7, isElementSelected {"id":":wdc:1362481194987"}]
Mar 05, 2013 12:59:56 PM org.openqa.selenium.remote.RemoteWebDriver log
INFO: Executed: [8b3bcef18cb03aea2365d8f03934f0a7, isElementSelected {"id":":wdc:1362481194987"}]
Mar 05, 2013 12:59:56 PM org.openqa.selenium.remote.RemoteWebDriver log
INFO: Executing: isElementSelected [8b3bcef18cb03aea2365d8f03934f0a7, isElementSelected {"id":":wdc:1362481194988"}]
Mar 05, 2013 12:59:56 PM org.openqa.selenium.remote.RemoteWebDriver log
INFO: Executed: [8b3bcef18cb03aea2365d8f03934f0a7, isElementSelected {"id":":wdc:1362481194988"}]
Mar 05, 2013 12:59:56 PM org.openqa.selenium.remote.RemoteWebDriver log
INFO: Executing: getElementAttribute [8b3bcef18cb03aea2365d8f03934f0a7, getElementAttribute {"id":":wdc:1362481194988","name":"id"}]
Mar 05, 2013 12:59:56 PM org.openqa.selenium.remote.RemoteWebDriver log
INFO: Executed: [8b3bcef18cb03aea2365d8f03934f0a7, getElementAttribute {"id":":wdc:1362481194988","name":"id"}]
Mar 05, 2013 12:59:56 PM org.openqa.selenium.remote.RemoteWebDriver log
INFO: Executing: isElementSelected [8b3bcef18cb03aea2365d8f03934f0a7, isElementSelected {"id":":wdc:1362481194988"}]
Mar 05, 2013 12:59:56 PM org.openqa.selenium.remote.RemoteWebDriver log
INFO: Executed: [8b3bcef18cb03aea2365d8f03934f0a7, isElementSelected {"id":":wdc:1362481194988"}]
Mar 05, 2013 12:59:56 PM org.openqa.selenium.remote.RemoteWebDriver log
INFO: Executing: get [8b3bcef18cb03aea2365d8f03934f0a7, get {"url":"http://lwo1-dhp-f35258.synapse.com:6432/common/formPage.html"}]
Mar 05, 2013 12:59:56 PM org.openqa.selenium.remote.RemoteWebDriver log
INFO: Executed: [8b3bcef18cb03aea2365d8f03934f0a7, get {"url":"http://lwo1-dhp-f35258.synapse.com:6432/common/formPage.html"}]
Mar 05, 2013 12:59:56 PM org.openqa.selenium.remote.RemoteWebDriver log
INFO: Executing: findElement [8b3bcef18cb03aea2365d8f03934f0a7, findElement {"using":"id","value":"checky"}]
Mar 05, 2013 12:59:56 PM org.openqa.selenium.remote.RemoteWebDriver log
INFO: Executed: [8b3bcef18cb03aea2365d8f03934f0a7, findElement {"using":"id","value":"checky"}]
Mar 05, 2013 12:59:56 PM org.openqa.selenium.remote.RemoteWebDriver log
INFO: Executing: isElementSelected [8b3bcef18cb03aea2365d8f03934f0a7, isElementSelected {"id":":wdc:1362481196494"}]
Mar 05, 2013 12:59:56 PM org.openqa.selenium.remote.RemoteWebDriver log
INFO: Executed: [8b3bcef18cb03aea2365d8f03934f0a7, isElementSelected {"id":":wdc:1362481196494"}]
Mar 05, 2013 12:59:56 PM org.openqa.selenium.remote.RemoteWebDriver log
INFO: Executing: isElementSelected [8b3bcef18cb03aea2365d8f03934f0a7, isElementSelected {"id":":wdc:1362481196494"}]
Mar 05, 2013 12:59:56 PM org.openqa.selenium.remote.RemoteWebDriver log
INFO: Executed: [8b3bcef18cb03aea2365d8f03934f0a7, isElementSelected {"id":":wdc:1362481196494"}]
Mar 05, 2013 12:59:56 PM org.openqa.selenium.remote.RemoteWebDriver log
INFO: Executing: getElementAttribute [8b3bcef18cb03aea2365d8f03934f0a7, getElementAttribute {"id":":wdc:1362481196494","name":"id"}]
Mar 05, 2013 12:59:56 PM org.openqa.selenium.remote.RemoteWebDriver log
INFO: Executed: [8b3bcef18cb03aea2365d8f03934f0a7, getElementAttribute {"id":":wdc:1362481196494","name":"id"}]
Mar 05, 2013 12:59:56 PM org.openqa.selenium.remote.RemoteWebDriver log
INFO: Executing: isElementSelected [8b3bcef18cb03aea2365d8f03934f0a7, isElementSelected {"id":":wdc:1362481196494"}]
Mar 05, 2013 12:59:56 PM org.openqa.selenium.remote.RemoteWebDriver log
INFO: Executed: [8b3bcef18cb03aea2365d8f03934f0a7, isElementSelected {"id":":wdc:1362481196494"}]
Mar 05, 2013 12:59:56 PM org.openqa.selenium.remote.RemoteWebDriver log
INFO: Executing: clickElement [8b3bcef18cb03aea2365d8f03934f0a7, clickElement {"id":":wdc:1362481196494"}]
Mar 05, 2013 12:59:57 PM org.openqa.selenium.remote.RemoteWebDriver log
INFO: Executed: [8b3bcef18cb03aea2365d8f03934f0a7, clickElement {"id":":wdc:1362481196494"}]
Mar 05, 2013 12:59:57 PM org.openqa.selenium.remote.RemoteWebDriver log
INFO: Executing: isElementSelected [8b3bcef18cb03aea2365d8f03934f0a7, isElementSelected {"id":":wdc:1362481196494"}]
Mar 05, 2013 12:59:57 PM org.openqa.selenium.remote.RemoteWebDriver log
INFO: Executed: [8b3bcef18cb03aea2365d8f03934f0a7, isElementSelected {"id":":wdc:1362481196494"}]
Mar 05, 2013 12:59:57 PM org.openqa.selenium.remote.RemoteWebDriver log
INFO: Executing: getElementAttribute [8b3bcef18cb03aea2365d8f03934f0a7, getElementAttribute {"id":":wdc:1362481196494","name":"id"}]
Mar 05, 2013 12:59:57 PM org.openqa.selenium.remote.RemoteWebDriver log
INFO: Executed: [8b3bcef18cb03aea2365d8f03934f0a7, getElementAttribute {"id":":wdc:1362481196494","name":"id"}]
Mar 05, 2013 12:59:57 PM org.openqa.selenium.remote.RemoteWebDriver log
INFO: Executing: isElementSelected [8b3bcef18cb03aea2365d8f03934f0a7, isElementSelected {"id":":wdc:1362481196494"}]
Mar 05, 2013 12:59:57 PM org.openqa.selenium.remote.RemoteWebDriver log
INFO: Executed: [8b3bcef18cb03aea2365d8f03934f0a7, isElementSelected {"id":":wdc:1362481196494"}]
Mar 05, 2013 12:59:57 PM org.openqa.selenium.remote.RemoteWebDriver log
INFO: Executing: getElementAttribute [8b3bcef18cb03aea2365d8f03934f0a7, getElementAttribute {"id":":wdc:1362481196494","name":"id"}]
Mar 05, 2013 12:59:57 PM org.openqa.selenium.remote.RemoteWebDriver log
INFO: Executed: [8b3bcef18cb03aea2365d8f03934f0a7, getElementAttribute {"id":":wdc:1362481196494","name":"id"}]
Mar 05, 2013 12:59:57 PM org.openqa.selenium.remote.RemoteWebDriver log
INFO: Executing: isElementSelected [8b3bcef18cb03aea2365d8f03934f0a7, isElementSelected {"id":":wdc:1362481196494"}]
Mar 05, 2013 12:59:57 PM org.openqa.selenium.remote.RemoteWebDriver log
INFO: Executed: [8b3bcef18cb03aea2365d8f03934f0a7, isElementSelected {"id":":wdc:1362481196494"}]
Mar 05, 2013 12:59:57 PM org.openqa.selenium.remote.RemoteWebDriver log
INFO: Executing: clickElement [8b3bcef18cb03aea2365d8f03934f0a7, clickElement {"id":":wdc:1362481196494"}]
Mar 05, 2013 12:59:57 PM org.openqa.selenium.remote.RemoteWebDriver log
INFO: Executed: [8b3bcef18cb03aea2365d8f03934f0a7, clickElement {"id":":wdc:1362481196494"}]
Mar 05, 2013 12:59:57 PM org.openqa.selenium.remote.RemoteWebDriver log
INFO: Executing: isElementSelected [8b3bcef18cb03aea2365d8f03934f0a7, isElementSelected {"id":":wdc:1362481196494"}]
Mar 05, 2013 12:59:57 PM org.openqa.selenium.remote.RemoteWebDriver log
INFO: Executed: [8b3bcef18cb03aea2365d8f03934f0a7, isElementSelected {"id":":wdc:1362481196494"}]
Mar 05, 2013 12:59:57 PM org.openqa.selenium.remote.RemoteWebDriver log
INFO: Executing: getElementAttribute [8b3bcef18cb03aea2365d8f03934f0a7, getElementAttribute {"id":":wdc:1362481196494","name":"id"}]
Mar 05, 2013 12:59:57 PM org.openqa.selenium.remote.RemoteWebDriver log
INFO: Executed: [8b3bcef18cb03aea2365d8f03934f0a7, getElementAttribute {"id":":wdc:1362481196494","name":"id"}]
Mar 05, 2013 12:59:57 PM org.openqa.selenium.remote.RemoteWebDriver log
INFO: Executing: isElementSelected [8b3bcef18cb03aea2365d8f03934f0a7, isElementSelected {"id":":wdc:1362481196494"}]
Mar 05, 2013 12:59:57 PM org.openqa.selenium.remote.RemoteWebDriver log
INFO: Executed: [8b3bcef18cb03aea2365d8f03934f0a7, isElementSelected {"id":":wdc:1362481196494"}]
Mar 05, 2013 12:59:57 PM org.openqa.selenium.remote.RemoteWebDriver log
INFO: Executing: getElementAttribute [8b3bcef18cb03aea2365d8f03934f0a7, getElementAttribute {"id":":wdc:1362481196494","name":"id"}]
Mar 05, 2013 12:59:58 PM org.openqa.selenium.remote.RemoteWebDriver log
INFO: Executed: [8b3bcef18cb03aea2365d8f03934f0a7, getElementAttribute {"id":":wdc:1362481196494","name":"id"}]
Mar 05, 2013 12:59:58 PM org.openqa.selenium.remote.RemoteWebDriver log
INFO: Executing: isElementSelected [8b3bcef18cb03aea2365d8f03934f0a7, isElementSelected {"id":":wdc:1362481196494"}]
Mar 05, 2013 12:59:58 PM org.openqa.selenium.remote.RemoteWebDriver log
INFO: Executed: [8b3bcef18cb03aea2365d8f03934f0a7, isElementSelected {"id":":wdc:1362481196494"}]
Mar 05, 2013 12:59:58 PM org.openqa.selenium.remote.RemoteWebDriver log
INFO: Executing: get [8b3bcef18cb03aea2365d8f03934f0a7, get {"url":"http://lwo1-dhp-f35258.synapse.com:6432/common/formPage.html"}]
Mar 05, 2013 12:59:58 PM org.openqa.selenium.remote.RemoteWebDriver log
INFO: Executed: [8b3bcef18cb03aea2365d8f03934f0a7, get {"url":"http://lwo1-dhp-f35258.synapse.com:6432/common/formPage.html"}]
Mar 05, 2013 12:59:58 PM org.openqa.selenium.remote.RemoteWebDriver log
INFO: Executing: findElement [8b3bcef18cb03aea2365d8f03934f0a7, findElement {"using":"id","value":"checkedchecky"}]
Mar 05, 2013 12:59:58 PM org.openqa.selenium.remote.RemoteWebDriver log
INFO: Executed: [8b3bcef18cb03aea2365d8f03934f0a7, findElement {"using":"id","value":"checkedchecky"}]
Mar 05, 2013 12:59:58 PM org.openqa.selenium.remote.RemoteWebDriver log
INFO: Executing: isElementSelected [8b3bcef18cb03aea2365d8f03934f0a7, isElementSelected {"id":":wdc:1362481198272"}]
Mar 05, 2013 12:59:58 PM org.openqa.selenium.remote.RemoteWebDriver log
INFO: Executed: [8b3bcef18cb03aea2365d8f03934f0a7, isElementSelected {"id":":wdc:1362481198272"}]
Mar 05, 2013 12:59:58 PM org.openqa.selenium.remote.RemoteWebDriver log
INFO: Executing: isElementSelected [8b3bcef18cb03aea2365d8f03934f0a7, isElementSelected {"id":":wdc:1362481198272"}]
Mar 05, 2013 12:59:58 PM org.openqa.selenium.remote.RemoteWebDriver log
INFO: Executed: [8b3bcef18cb03aea2365d8f03934f0a7, isElementSelected {"id":":wdc:1362481198272"}]
Mar 05, 2013 12:59:58 PM org.openqa.selenium.remote.RemoteWebDriver log
INFO: Executing: getElementAttribute [8b3bcef18cb03aea2365d8f03934f0a7, getElementAttribute {"id":":wdc:1362481198272","name":"id"}]
Mar 05, 2013 12:59:58 PM org.openqa.selenium.remote.RemoteWebDriver log
INFO: Executed: [8b3bcef18cb03aea2365d8f03934f0a7, getElementAttribute {"id":":wdc:1362481198272","name":"id"}]
Mar 05, 2013 12:59:58 PM org.openqa.selenium.remote.RemoteWebDriver log
INFO: Executing: isElementSelected [8b3bcef18cb03aea2365d8f03934f0a7, isElementSelected {"id":":wdc:1362481198272"}]
Mar 05, 2013 12:59:58 PM org.openqa.selenium.remote.RemoteWebDriver log
INFO: Executed: [8b3bcef18cb03aea2365d8f03934f0a7, isElementSelected {"id":":wdc:1362481198272"}]
Mar 05, 2013 12:59:58 PM org.openqa.selenium.remote.RemoteWebDriver log
INFO: Executing: clickElement [8b3bcef18cb03aea2365d8f03934f0a7, clickElement {"id":":wdc:1362481198272"}]
Mar 05, 2013 12:59:58 PM org.openqa.selenium.remote.RemoteWebDriver log
INFO: Executed: [8b3bcef18cb03aea2365d8f03934f0a7, clickElement {"id":":wdc:1362481198272"}]
Mar 05, 2013 12:59:58 PM org.openqa.selenium.remote.RemoteWebDriver log
INFO: Executing: isElementSelected [8b3bcef18cb03aea2365d8f03934f0a7, isElementSelected {"id":":wdc:1362481198272"}]
Mar 05, 2013 12:59:58 PM org.openqa.selenium.remote.RemoteWebDriver log
INFO: Executed: [8b3bcef18cb03aea2365d8f03934f0a7, isElementSelected {"id":":wdc:1362481198272"}]
Mar 05, 2013 12:59:58 PM org.openqa.selenium.remote.RemoteWebDriver log
INFO: Executing: getElementAttribute [8b3bcef18cb03aea2365d8f03934f0a7, getElementAttribute {"id":":wdc:1362481198272","name":"id"}]
Mar 05, 2013 12:59:59 PM org.openqa.selenium.remote.RemoteWebDriver log
INFO: Executed: [8b3bcef18cb03aea2365d8f03934f0a7, getElementAttribute {"id":":wdc:1362481198272","name":"id"}]
Mar 05, 2013 12:59:59 PM org.openqa.selenium.remote.RemoteWebDriver log
INFO: Executing: isElementSelected [8b3bcef18cb03aea2365d8f03934f0a7, isElementSelected {"id":":wdc:1362481198272"}]
Mar 05, 2013 12:59:59 PM org.openqa.selenium.remote.RemoteWebDriver log
INFO: Executed: [8b3bcef18cb03aea2365d8f03934f0a7, isElementSelected {"id":":wdc:1362481198272"}]
Mar 05, 2013 12:59:59 PM org.openqa.selenium.remote.RemoteWebDriver log
INFO: Executing: getElementAttribute [8b3bcef18cb03aea2365d8f03934f0a7, getElementAttribute {"id":":wdc:1362481198272","name":"id"}]
Mar 05, 2013 12:59:59 PM org.openqa.selenium.remote.RemoteWebDriver log
INFO: Executed: [8b3bcef18cb03aea2365d8f03934f0a7, getElementAttribute {"id":":wdc:1362481198272","name":"id"}]
Mar 05, 2013 12:59:59 PM org.openqa.selenium.remote.RemoteWebDriver log
INFO: Executing: isElementSelected [8b3bcef18cb03aea2365d8f03934f0a7, isElementSelected {"id":":wdc:1362481198272"}]
Mar 05, 2013 12:59:59 PM org.openqa.selenium.remote.RemoteWebDriver log
INFO: Executed: [8b3bcef18cb03aea2365d8f03934f0a7, isElementSelected {"id":":wdc:1362481198272"}]
Mar 05, 2013 12:59:59 PM org.openqa.selenium.remote.RemoteWebDriver log
INFO: Executing: clickElement [8b3bcef18cb03aea2365d8f03934f0a7, clickElement {"id":":wdc:1362481198272"}]
Mar 05, 2013 12:59:59 PM org.openqa.selenium.remote.RemoteWebDriver log
INFO: Executed: [8b3bcef18cb03aea2365d8f03934f0a7, clickElement {"id":":wdc:1362481198272"}]
Mar 05, 2013 12:59:59 PM org.openqa.selenium.remote.RemoteWebDriver log
INFO: Executing: isElementSelected [8b3bcef18cb03aea2365d8f03934f0a7, isElementSelected {"id":":wdc:1362481198272"}]
Mar 05, 2013 12:59:59 PM org.openqa.selenium.remote.RemoteWebDriver log
INFO: Executed: [8b3bcef18cb03aea2365d8f03934f0a7, isElementSelected {"id":":wdc:1362481198272"}]
Mar 05, 2013 12:59:59 PM org.openqa.selenium.remote.RemoteWebDriver log
INFO: Executing: getElementAttribute [8b3bcef18cb03aea2365d8f03934f0a7, getElementAttribute {"id":":wdc:1362481198272","name":"id"}]
Mar 05, 2013 12:59:59 PM org.openqa.selenium.remote.RemoteWebDriver log
INFO: Executed: [8b3bcef18cb03aea2365d8f03934f0a7, getElementAttribute {"id":":wdc:1362481198272","name":"id"}]
Mar 05, 2013 12:59:59 PM org.openqa.selenium.remote.RemoteWebDriver log
INFO: Executing: isElementSelected [8b3bcef18cb03aea2365d8f03934f0a7, isElementSelected {"id":":wdc:1362481198272"}]
Mar 05, 2013 12:59:59 PM org.openqa.selenium.remote.RemoteWebDriver log
INFO: Executed: [8b3bcef18cb03aea2365d8f03934f0a7, isElementSelected {"id":":wdc:1362481198272"}]
Mar 05, 2013 12:59:59 PM org.openqa.selenium.remote.RemoteWebDriver log
INFO: Executing: getElementAttribute [8b3bcef18cb03aea2365d8f03934f0a7, getElementAttribute {"id":":wdc:1362481198272","name":"id"}]
Mar 05, 2013 12:59:59 PM org.openqa.selenium.remote.RemoteWebDriver log
INFO: Executed: [8b3bcef18cb03aea2365d8f03934f0a7, getElementAttribute {"id":":wdc:1362481198272","name":"id"}]
Mar 05, 2013 12:59:59 PM org.openqa.selenium.remote.RemoteWebDriver log
INFO: Executing: isElementSelected [8b3bcef18cb03aea2365d8f03934f0a7, isElementSelected {"id":":wdc:1362481198272"}]
Mar 05, 2013 12:59:59 PM org.openqa.selenium.remote.RemoteWebDriver log
INFO: Executed: [8b3bcef18cb03aea2365d8f03934f0a7, isElementSelected {"id":":wdc:1362481198272"}]
Mar 05, 2013 12:59:59 PM org.openqa.selenium.remote.RemoteWebDriver log
INFO: Executing: get [8b3bcef18cb03aea2365d8f03934f0a7, get {"url":"http://lwo1-dhp-f35258.synapse.com:6432/common/formPage.html"}]
Mar 05, 2013 1:00:00 PM org.openqa.selenium.remote.RemoteWebDriver log
INFO: Executed: [8b3bcef18cb03aea2365d8f03934f0a7, get {"url":"http://lwo1-dhp-f35258.synapse.com:6432/common/formPage.html"}]
Mar 05, 2013 1:00:00 PM org.openqa.selenium.remote.RemoteWebDriver log
INFO: Executing: findElement [8b3bcef18cb03aea2365d8f03934f0a7, findElement {"using":"id","value":"cheese_and_peas"}]
Mar 05, 2013 1:00:00 PM org.openqa.selenium.remote.RemoteWebDriver log
INFO: Executed: [8b3bcef18cb03aea2365d8f03934f0a7, findElement {"using":"id","value":"cheese_and_peas"}]
Mar 05, 2013 1:00:00 PM org.openqa.selenium.remote.RemoteWebDriver log
INFO: Executing: isElementSelected [8b3bcef18cb03aea2365d8f03934f0a7, isElementSelected {"id":":wdc:1362481200046"}]
Mar 05, 2013 1:00:00 PM org.openqa.selenium.remote.RemoteWebDriver log
INFO: Executed: [8b3bcef18cb03aea2365d8f03934f0a7, isElementSelected {"id":":wdc:1362481200046"}]
Mar 05, 2013 1:00:00 PM org.openqa.selenium.remote.RemoteWebDriver log
INFO: Executing: clickElement [8b3bcef18cb03aea2365d8f03934f0a7, clickElement {"id":":wdc:1362481200046"}]
Mar 05, 2013 1:00:00 PM org.openqa.selenium.remote.RemoteWebDriver log
INFO: Executed: [8b3bcef18cb03aea2365d8f03934f0a7, clickElement {"id":":wdc:1362481200046"}]
Mar 05, 2013 1:00:00 PM org.openqa.selenium.remote.RemoteWebDriver log
INFO: Executing: isElementSelected [8b3bcef18cb03aea2365d8f03934f0a7, isElementSelected {"id":":wdc:1362481200046"}]
Mar 05, 2013 1:00:00 PM org.openqa.selenium.remote.RemoteWebDriver log
INFO: Executed: [8b3bcef18cb03aea2365d8f03934f0a7, isElementSelected {"id":":wdc:1362481200046"}]
Mar 05, 2013 1:00:00 PM org.openqa.selenium.remote.RemoteWebDriver log
INFO: Executing: get [8b3bcef18cb03aea2365d8f03934f0a7, get {"url":"http://lwo1-dhp-f35258.synapse.com:6432/common/formPage.html"}]
Mar 05, 2013 1:00:00 PM org.openqa.selenium.remote.RemoteWebDriver log
INFO: Executed: [8b3bcef18cb03aea2365d8f03934f0a7, get {"url":"http://lwo1-dhp-f35258.synapse.com:6432/common/formPage.html"}]
Mar 05, 2013 1:00:00 PM org.openqa.selenium.remote.RemoteWebDriver log
INFO: Executing: findElement [8b3bcef18cb03aea2365d8f03934f0a7, findElement {"using":"id","value":"checky"}]
Mar 05, 2013 1:00:00 PM org.openqa.selenium.remote.RemoteWebDriver log
INFO: Executed: [8b3bcef18cb03aea2365d8f03934f0a7, findElement {"using":"id","value":"checky"}]
Mar 05, 2013 1:00:00 PM org.openqa.selenium.remote.RemoteWebDriver log
INFO: Executing: isElementSelected [8b3bcef18cb03aea2365d8f03934f0a7, isElementSelected {"id":":wdc:1362481200414"}]
Mar 05, 2013 1:00:00 PM org.openqa.selenium.remote.RemoteWebDriver log
INFO: Executed: [8b3bcef18cb03aea2365d8f03934f0a7, isElementSelected {"id":":wdc:1362481200414"}]
Mar 05, 2013 1:00:00 PM org.openqa.selenium.remote.RemoteWebDriver log
INFO: Executing: getElementAttribute [8b3bcef18cb03aea2365d8f03934f0a7, getElementAttribute {"id":":wdc:1362481200414","name":"id"}]
Mar 05, 2013 1:00:00 PM org.openqa.selenium.remote.RemoteWebDriver log
INFO: Executed: [8b3bcef18cb03aea2365d8f03934f0a7, getElementAttribute {"id":":wdc:1362481200414","name":"id"}]
Mar 05, 2013 1:00:00 PM org.openqa.selenium.remote.RemoteWebDriver log
INFO: Executing: isElementSelected [8b3bcef18cb03aea2365d8f03934f0a7, isElementSelected {"id":":wdc:1362481200414"}]
Mar 05, 2013 1:00:00 PM org.openqa.selenium.remote.RemoteWebDriver log
INFO: Executed: [8b3bcef18cb03aea2365d8f03934f0a7, isElementSelected {"id":":wdc:1362481200414"}]
Mar 05, 2013 1:00:00 PM org.openqa.selenium.remote.RemoteWebDriver log
INFO: Executing: clickElement [8b3bcef18cb03aea2365d8f03934f0a7, clickElement {"id":":wdc:1362481200414"}]
Mar 05, 2013 1:00:00 PM org.openqa.selenium.remote.RemoteWebDriver log
INFO: Executed: [8b3bcef18cb03aea2365d8f03934f0a7, clickElement {"id":":wdc:1362481200414"}]
Mar 05, 2013 1:00:00 PM org.openqa.selenium.remote.RemoteWebDriver log
INFO: Executing: isElementSelected [8b3bcef18cb03aea2365d8f03934f0a7, isElementSelected {"id":":wdc:1362481200414"}]
Mar 05, 2013 1:00:00 PM org.openqa.selenium.remote.RemoteWebDriver log
INFO: Executed: [8b3bcef18cb03aea2365d8f03934f0a7, isElementSelected {"id":":wdc:1362481200414"}]
Mar 05, 2013 1:00:00 PM org.openqa.selenium.remote.RemoteWebDriver log
INFO: Executing: getElementAttribute [8b3bcef18cb03aea2365d8f03934f0a7, getElementAttribute {"id":":wdc:1362481200414","name":"id"}]
Mar 05, 2013 1:00:01 PM org.openqa.selenium.remote.RemoteWebDriver log
INFO: Executed: [8b3bcef18cb03aea2365d8f03934f0a7, getElementAttribute {"id":":wdc:1362481200414","name":"id"}]
Mar 05, 2013 1:00:01 PM org.openqa.selenium.remote.RemoteWebDriver log
INFO: Executing: isElementSelected [8b3bcef18cb03aea2365d8f03934f0a7, isElementSelected {"id":":wdc:1362481200414"}]
Mar 05, 2013 1:00:01 PM org.openqa.selenium.remote.RemoteWebDriver log
INFO: Executed: [8b3bcef18cb03aea2365d8f03934f0a7, isElementSelected {"id":":wdc:1362481200414"}]
Mar 05, 2013 1:00:01 PM org.openqa.selenium.remote.RemoteWebDriver log
INFO: Executing: clickElement [8b3bcef18cb03aea2365d8f03934f0a7, clickElement {"id":":wdc:1362481200414"}]
Mar 05, 2013 1:00:01 PM org.openqa.selenium.remote.RemoteWebDriver log
INFO: Executed: [8b3bcef18cb03aea2365d8f03934f0a7, clickElement {"id":":wdc:1362481200414"}]
Mar 05, 2013 1:00:01 PM org.openqa.selenium.remote.RemoteWebDriver log
INFO: Executing: isElementSelected [8b3bcef18cb03aea2365d8f03934f0a7, isElementSelected {"id":":wdc:1362481200414"}]
Mar 05, 2013 1:00:01 PM org.openqa.selenium.remote.RemoteWebDriver log
INFO: Executed: [8b3bcef18cb03aea2365d8f03934f0a7, isElementSelected {"id":":wdc:1362481200414"}]
Mar 05, 2013 1:00:01 PM org.openqa.selenium.remote.RemoteWebDriver log
INFO: Executing: getElementAttribute [8b3bcef18cb03aea2365d8f03934f0a7, getElementAttribute {"id":":wdc:1362481200414","name":"id"}]
Mar 05, 2013 1:00:01 PM org.openqa.selenium.remote.RemoteWebDriver log
INFO: Executed: [8b3bcef18cb03aea2365d8f03934f0a7, getElementAttribute {"id":":wdc:1362481200414","name":"id"}]
Mar 05, 2013 1:00:01 PM org.openqa.selenium.remote.RemoteWebDriver log
INFO: Executing: isElementSelected [8b3bcef18cb03aea2365d8f03934f0a7, isElementSelected {"id":":wdc:1362481200414"}]
Mar 05, 2013 1:00:01 PM org.openqa.selenium.remote.RemoteWebDriver log
INFO: Executed: [8b3bcef18cb03aea2365d8f03934f0a7, isElementSelected {"id":":wdc:1362481200414"}]
Mar 05, 2013 1:00:01 PM org.openqa.selenium.remote.RemoteWebDriver log
INFO: Executing: get [8b3bcef18cb03aea2365d8f03934f0a7, get {"url":"http://lwo1-dhp-f35258.synapse.com:6432/common/formPage.html"}]
Mar 05, 2013 1:00:01 PM org.openqa.selenium.remote.RemoteWebDriver log
INFO: Executed: [8b3bcef18cb03aea2365d8f03934f0a7, get {"url":"http://lwo1-dhp-f35258.synapse.com:6432/common/formPage.html"}]
Mar 05, 2013 1:00:01 PM org.openqa.selenium.remote.RemoteWebDriver log
INFO: Executing: findElement [8b3bcef18cb03aea2365d8f03934f0a7, findElement {"using":"id","value":"peas"}]
Mar 05, 2013 1:00:01 PM org.openqa.selenium.remote.RemoteWebDriver log
INFO: Executed: [8b3bcef18cb03aea2365d8f03934f0a7, findElement {"using":"id","value":"peas"}]
Mar 05, 2013 1:00:01 PM org.openqa.selenium.remote.RemoteWebDriver log
INFO: Executing: isElementSelected [8b3bcef18cb03aea2365d8f03934f0a7, isElementSelected {"id":":wdc:1362481201613"}]
Mar 05, 2013 1:00:01 PM org.openqa.selenium.remote.RemoteWebDriver log
INFO: Executed: [8b3bcef18cb03aea2365d8f03934f0a7, isElementSelected {"id":":wdc:1362481201613"}]
Mar 05, 2013 1:00:01 PM org.openqa.selenium.remote.RemoteWebDriver log
INFO: Executing: getElementAttribute [8b3bcef18cb03aea2365d8f03934f0a7, getElementAttribute {"id":":wdc:1362481201613","name":"id"}]
Mar 05, 2013 1:00:01 PM org.openqa.selenium.remote.RemoteWebDriver log
INFO: Executed: [8b3bcef18cb03aea2365d8f03934f0a7, getElementAttribute {"id":":wdc:1362481201613","name":"id"}]
Mar 05, 2013 1:00:01 PM org.openqa.selenium.remote.RemoteWebDriver log
INFO: Executing: isElementSelected [8b3bcef18cb03aea2365d8f03934f0a7, isElementSelected {"id":":wdc:1362481201613"}]
Mar 05, 2013 1:00:01 PM org.openqa.selenium.remote.RemoteWebDriver log
INFO: Executed: [8b3bcef18cb03aea2365d8f03934f0a7, isElementSelected {"id":":wdc:1362481201613"}]
Mar 05, 2013 1:00:01 PM org.openqa.selenium.remote.RemoteWebDriver log
INFO: Executing: clickElement [8b3bcef18cb03aea2365d8f03934f0a7, clickElement {"id":":wdc:1362481201613"}]
Mar 05, 2013 1:00:02 PM org.openqa.selenium.remote.RemoteWebDriver log
INFO: Executed: [8b3bcef18cb03aea2365d8f03934f0a7, clickElement {"id":":wdc:1362481201613"}]
Mar 05, 2013 1:00:02 PM org.openqa.selenium.remote.RemoteWebDriver log
INFO: Executing: isElementSelected [8b3bcef18cb03aea2365d8f03934f0a7, isElementSelected {"id":":wdc:1362481201613"}]
Mar 05, 2013 1:00:02 PM org.openqa.selenium.remote.RemoteWebDriver log
INFO: Executed: [8b3bcef18cb03aea2365d8f03934f0a7, isElementSelected {"id":":wdc:1362481201613"}]
Mar 05, 2013 1:00:02 PM org.openqa.selenium.remote.RemoteWebDriver log
INFO: Executing: getElementAttribute [8b3bcef18cb03aea2365d8f03934f0a7, getElementAttribute {"id":":wdc:1362481201613","name":"id"}]
Mar 05, 2013 1:00:02 PM org.openqa.selenium.remote.RemoteWebDriver log
INFO: Executed: [8b3bcef18cb03aea2365d8f03934f0a7, getElementAttribute {"id":":wdc:1362481201613","name":"id"}]
Mar 05, 2013 1:00:02 PM org.openqa.selenium.remote.RemoteWebDriver log
INFO: Executing: isElementSelected [8b3bcef18cb03aea2365d8f03934f0a7, isElementSelected {"id":":wdc:1362481201613"}]
Mar 05, 2013 1:00:02 PM org.openqa.selenium.remote.RemoteWebDriver log
INFO: Executed: [8b3bcef18cb03aea2365d8f03934f0a7, isElementSelected {"id":":wdc:1362481201613"}]
Mar 05, 2013 1:00:02 PM org.openqa.selenium.remote.RemoteWebDriver log
INFO: Executing: clickElement [8b3bcef18cb03aea2365d8f03934f0a7, clickElement {"id":":wdc:1362481201613"}]
Mar 05, 2013 1:00:02 PM org.openqa.selenium.remote.RemoteWebDriver log
INFO: Executed: [8b3bcef18cb03aea2365d8f03934f0a7, clickElement {"id":":wdc:1362481201613"}]
Mar 05, 2013 1:00:02 PM org.openqa.selenium.remote.RemoteWebDriver log
INFO: Executing: isElementSelected [8b3bcef18cb03aea2365d8f03934f0a7, isElementSelected {"id":":wdc:1362481201613"}]
Mar 05, 2013 1:00:02 PM org.openqa.selenium.remote.RemoteWebDriver log
INFO: Executed: [8b3bcef18cb03aea2365d8f03934f0a7, isElementSelected {"id":":wdc:1362481201613"}]
Mar 05, 2013 1:00:02 PM org.openqa.selenium.remote.RemoteWebDriver log
INFO: Executing: getElementAttribute [8b3bcef18cb03aea2365d8f03934f0a7, getElementAttribute {"id":":wdc:1362481201613","name":"id"}]
Mar 05, 2013 1:00:02 PM org.openqa.selenium.remote.RemoteWebDriver log
INFO: Executed: [8b3bcef18cb03aea2365d8f03934f0a7, getElementAttribute {"id":":wdc:1362481201613","name":"id"}]
Mar 05, 2013 1:00:02 PM org.openqa.selenium.remote.RemoteWebDriver log
INFO: Executing: isElementSelected [8b3bcef18cb03aea2365d8f03934f0a7, isElementSelected {"id":":wdc:1362481201613"}]
Mar 05, 2013 1:00:02 PM org.openqa.selenium.remote.RemoteWebDriver log
INFO: Executed: [8b3bcef18cb03aea2365d8f03934f0a7, isElementSelected {"id":":wdc:1362481201613"}]
Mar 05, 2013 1:00:02 PM org.openqa.selenium.remote.RemoteWebDriver log
INFO: Executing: get [8b3bcef18cb03aea2365d8f03934f0a7, get {"url":"http://lwo1-dhp-f35258.synapse.com:6432/common/formPage.html"}]
Mar 05, 2013 1:00:02 PM org.openqa.selenium.remote.RemoteWebDriver log
INFO: Executed: [8b3bcef18cb03aea2365d8f03934f0a7, get {"url":"http://lwo1-dhp-f35258.synapse.com:6432/common/formPage.html"}]
Mar 05, 2013 1:00:02 PM org.openqa.selenium.remote.RemoteWebDriver log
INFO: Executing: findElement [8b3bcef18cb03aea2365d8f03934f0a7, findElement {"using":"id","value":"randomly_disabled_checky"}]
Mar 05, 2013 1:00:02 PM org.openqa.selenium.remote.RemoteWebDriver log
INFO: Executed: [8b3bcef18cb03aea2365d8f03934f0a7, findElement {"using":"id","value":"randomly_disabled_checky"}]
Mar 05, 2013 1:00:02 PM org.openqa.selenium.remote.RemoteWebDriver log
INFO: Executing: isElementSelected [8b3bcef18cb03aea2365d8f03934f0a7, isElementSelected {"id":":wdc:1362481202864"}]
Mar 05, 2013 1:00:02 PM org.openqa.selenium.remote.RemoteWebDriver log
INFO: Executed: [8b3bcef18cb03aea2365d8f03934f0a7, isElementSelected {"id":":wdc:1362481202864"}]
Mar 05, 2013 1:00:02 PM org.openqa.selenium.remote.RemoteWebDriver log
INFO: Executing: clickElement [8b3bcef18cb03aea2365d8f03934f0a7, clickElement {"id":":wdc:1362481202864"}]
Mar 05, 2013 1:00:03 PM org.openqa.selenium.remote.RemoteWebDriver log
INFO: Executed: [8b3bcef18cb03aea2365d8f03934f0a7, clickElement {"id":":wdc:1362481202864"}]
Mar 05, 2013 1:00:03 PM org.openqa.selenium.remote.RemoteWebDriver log
INFO: Executing: isElementSelected [8b3bcef18cb03aea2365d8f03934f0a7, isElementSelected {"id":":wdc:1362481202864"}]
Mar 05, 2013 1:00:03 PM org.openqa.selenium.remote.RemoteWebDriver log
INFO: Executed: [8b3bcef18cb03aea2365d8f03934f0a7, isElementSelected {"id":":wdc:1362481202864"}]
Mar 05, 2013 1:00:03 PM org.openqa.selenium.remote.RemoteWebDriver log
INFO: Executing: getElementAttribute [8b3bcef18cb03aea2365d8f03934f0a7, getElementAttribute {"id":":wdc:1362481202864","name":"id"}]
Mar 05, 2013 1:00:03 PM org.openqa.selenium.remote.RemoteWebDriver log
INFO: Executed: [8b3bcef18cb03aea2365d8f03934f0a7, getElementAttribute {"id":":wdc:1362481202864","name":"id"}]
Mar 05, 2013 1:00:03 PM org.openqa.selenium.remote.RemoteWebDriver log
INFO: Executing: isElementSelected [8b3bcef18cb03aea2365d8f03934f0a7, isElementSelected {"id":":wdc:1362481202864"}]
Mar 05, 2013 1:00:03 PM org.openqa.selenium.remote.RemoteWebDriver log
INFO: Executed: [8b3bcef18cb03aea2365d8f03934f0a7, isElementSelected {"id":":wdc:1362481202864"}]
Mar 05, 2013 1:00:03 PM org.openqa.selenium.remote.RemoteWebDriver log
INFO: Executing: get [8b3bcef18cb03aea2365d8f03934f0a7, get {"url":"http://lwo1-dhp-f35258.synapse.com:6432/common/formPage.html"}]
Mar 05, 2013 1:00:03 PM org.openqa.selenium.remote.RemoteWebDriver log
INFO: Executed: [8b3bcef18cb03aea2365d8f03934f0a7, get {"url":"http://lwo1-dhp-f35258.synapse.com:6432/common/formPage.html"}]
Mar 05, 2013 1:00:03 PM org.openqa.selenium.remote.RemoteWebDriver log
INFO: Executing: findElement [8b3bcef18cb03aea2365d8f03934f0a7, findElement {"using":"id","value":"disabledchecky"}]
Mar 05, 2013 1:00:03 PM org.openqa.selenium.remote.RemoteWebDriver log
INFO: Executed: [8b3bcef18cb03aea2365d8f03934f0a7, findElement {"using":"id","value":"disabledchecky"}]
Mar 05, 2013 1:00:03 PM org.openqa.selenium.remote.RemoteWebDriver log
INFO: Executing: isElementSelected [8b3bcef18cb03aea2365d8f03934f0a7, isElementSelected {"id":":wdc:1362481203446"}]
Mar 05, 2013 1:00:03 PM org.openqa.selenium.remote.RemoteWebDriver log
INFO: Executed: [8b3bcef18cb03aea2365d8f03934f0a7, isElementSelected {"id":":wdc:1362481203446"}]
Mar 05, 2013 1:00:03 PM org.openqa.selenium.remote.RemoteWebDriver log
INFO: Executing: clickElement [8b3bcef18cb03aea2365d8f03934f0a7, clickElement {"id":":wdc:1362481203446"}]
Mar 05, 2013 1:00:03 PM org.openqa.selenium.remote.RemoteWebDriver log
INFO: Executed: [8b3bcef18cb03aea2365d8f03934f0a7, clickElement {"id":":wdc:1362481203446"}]
Mar 05, 2013 1:00:03 PM org.openqa.selenium.remote.RemoteWebDriver log
INFO: Executing: isElementSelected [8b3bcef18cb03aea2365d8f03934f0a7, isElementSelected {"id":":wdc:1362481203446"}]
Mar 05, 2013 1:00:03 PM org.openqa.selenium.remote.RemoteWebDriver log
INFO: Executed: [8b3bcef18cb03aea2365d8f03934f0a7, isElementSelected {"id":":wdc:1362481203446"}]
Mar 05, 2013 1:00:03 PM org.openqa.selenium.remote.RemoteWebDriver log
INFO: Executing: getElementAttribute [8b3bcef18cb03aea2365d8f03934f0a7, getElementAttribute {"id":":wdc:1362481203446","name":"id"}]
Mar 05, 2013 1:00:03 PM org.openqa.selenium.remote.RemoteWebDriver log
INFO: Executed: [8b3bcef18cb03aea2365d8f03934f0a7, getElementAttribute {"id":":wdc:1362481203446","name":"id"}]
Mar 05, 2013 1:00:03 PM org.openqa.selenium.remote.RemoteWebDriver log
INFO: Executing: isElementSelected [8b3bcef18cb03aea2365d8f03934f0a7, isElementSelected {"id":":wdc:1362481203446"}]
Mar 05, 2013 1:00:03 PM org.openqa.selenium.remote.RemoteWebDriver log
INFO: Executed: [8b3bcef18cb03aea2365d8f03934f0a7, isElementSelected {"id":":wdc:1362481203446"}]
Mar 05, 2013 1:00:03 PM org.openqa.selenium.remote.RemoteWebDriver log
INFO: Executing: get [8b3bcef18cb03aea2365d8f03934f0a7, get {"url":"http://lwo1-dhp-f35258.synapse.com:6432/common/formPage.html"}]
Mar 05, 2013 1:00:03 PM org.openqa.selenium.remote.RemoteWebDriver log
INFO: Executed: [8b3bcef18cb03aea2365d8f03934f0a7, get {"url":"http://lwo1-dhp-f35258.synapse.com:6432/common/formPage.html"}]
Mar 05, 2013 1:00:03 PM org.openqa.selenium.remote.RemoteWebDriver log
INFO: Executing: findElement [8b3bcef18cb03aea2365d8f03934f0a7, findElement {"using":"id","value":"lone_disabled_selected_radio"}]
Mar 05, 2013 1:00:04 PM org.openqa.selenium.remote.RemoteWebDriver log
INFO: Executed: [8b3bcef18cb03aea2365d8f03934f0a7, findElement {"using":"id","value":"lone_disabled_selected_radio"}]
Mar 05, 2013 1:00:04 PM org.openqa.selenium.remote.RemoteWebDriver log
INFO: Executing: isElementSelected [8b3bcef18cb03aea2365d8f03934f0a7, isElementSelected {"id":":wdc:1362481204036"}]
Mar 05, 2013 1:00:04 PM org.openqa.selenium.remote.RemoteWebDriver log
INFO: Executed: [8b3bcef18cb03aea2365d8f03934f0a7, isElementSelected {"id":":wdc:1362481204036"}]
Mar 05, 2013 1:00:04 PM org.openqa.selenium.remote.RemoteWebDriver log
INFO: Executing: clickElement [8b3bcef18cb03aea2365d8f03934f0a7, clickElement {"id":":wdc:1362481204036"}]
Mar 05, 2013 1:00:04 PM org.openqa.selenium.remote.RemoteWebDriver log
INFO: Executed: [8b3bcef18cb03aea2365d8f03934f0a7, clickElement {"id":":wdc:1362481204036"}]
Mar 05, 2013 1:00:04 PM org.openqa.selenium.remote.RemoteWebDriver log
INFO: Executing: isElementSelected [8b3bcef18cb03aea2365d8f03934f0a7, isElementSelected {"id":":wdc:1362481204036"}]
Mar 05, 2013 1:00:04 PM org.openqa.selenium.remote.RemoteWebDriver log
INFO: Executed: [8b3bcef18cb03aea2365d8f03934f0a7, isElementSelected {"id":":wdc:1362481204036"}]
Mar 05, 2013 1:00:04 PM org.openqa.selenium.remote.RemoteWebDriver log
INFO: Executing: getElementAttribute [8b3bcef18cb03aea2365d8f03934f0a7, getElementAttribute {"id":":wdc:1362481204036","name":"id"}]
Mar 05, 2013 1:00:04 PM org.openqa.selenium.remote.RemoteWebDriver log
INFO: Executed: [8b3bcef18cb03aea2365d8f03934f0a7, getElementAttribute {"id":":wdc:1362481204036","name":"id"}]
Mar 05, 2013 1:00:04 PM org.openqa.selenium.remote.RemoteWebDriver log
INFO: Executing: isElementSelected [8b3bcef18cb03aea2365d8f03934f0a7, isElementSelected {"id":":wdc:1362481204036"}]
Mar 05, 2013 1:00:04 PM org.openqa.selenium.remote.RemoteWebDriver log
INFO: Executed: [8b3bcef18cb03aea2365d8f03934f0a7, isElementSelected {"id":":wdc:1362481204036"}]
Mar 05, 2013 1:00:04 PM org.openqa.selenium.remote.RemoteWebDriver log
INFO: Executing: get [8b3bcef18cb03aea2365d8f03934f0a7, get {"url":"http://lwo1-dhp-f35258.synapse.com:6432/common/formPage.html"}]
Mar 05, 2013 1:00:04 PM org.openqa.selenium.remote.RemoteWebDriver log
INFO: Executed: [8b3bcef18cb03aea2365d8f03934f0a7, get {"url":"http://lwo1-dhp-f35258.synapse.com:6432/common/formPage.html"}]
Mar 05, 2013 1:00:04 PM org.openqa.selenium.remote.RemoteWebDriver log
INFO: Executing: findElement [8b3bcef18cb03aea2365d8f03934f0a7, findElement {"using":"id","value":"nothing"}]
Mar 05, 2013 1:00:04 PM org.openqa.selenium.remote.RemoteWebDriver log
INFO: Executed: [8b3bcef18cb03aea2365d8f03934f0a7, findElement {"using":"id","value":"nothing"}]
Mar 05, 2013 1:00:04 PM org.openqa.selenium.remote.RemoteWebDriver log
INFO: Executing: isElementSelected [8b3bcef18cb03aea2365d8f03934f0a7, isElementSelected {"id":":wdc:1362481204620"}]
Mar 05, 2013 1:00:04 PM org.openqa.selenium.remote.RemoteWebDriver log
INFO: Executed: [8b3bcef18cb03aea2365d8f03934f0a7, isElementSelected {"id":":wdc:1362481204620"}]
Mar 05, 2013 1:00:04 PM org.openqa.selenium.remote.RemoteWebDriver log
INFO: Executing: clickElement [8b3bcef18cb03aea2365d8f03934f0a7, clickElement {"id":":wdc:1362481204620"}]
Mar 05, 2013 1:00:04 PM org.openqa.selenium.remote.RemoteWebDriver log
INFO: Executed: [8b3bcef18cb03aea2365d8f03934f0a7, clickElement {"id":":wdc:1362481204620"}]
Mar 05, 2013 1:00:04 PM org.openqa.selenium.remote.RemoteWebDriver log
INFO: Executing: isElementSelected [8b3bcef18cb03aea2365d8f03934f0a7, isElementSelected {"id":":wdc:1362481204620"}]
Mar 05, 2013 1:00:04 PM org.openqa.selenium.remote.RemoteWebDriver log
INFO: Executed: [8b3bcef18cb03aea2365d8f03934f0a7, isElementSelected {"id":":wdc:1362481204620"}]
Mar 05, 2013 1:00:04 PM org.openqa.selenium.remote.RemoteWebDriver log
INFO: Executing: getElementAttribute [8b3bcef18cb03aea2365d8f03934f0a7, getElementAttribute {"id":":wdc:1362481204620","name":"id"}]
Mar 05, 2013 1:00:05 PM org.openqa.selenium.remote.RemoteWebDriver log
INFO: Executed: [8b3bcef18cb03aea2365d8f03934f0a7, getElementAttribute {"id":":wdc:1362481204620","name":"id"}]
Mar 05, 2013 1:00:05 PM org.openqa.selenium.remote.RemoteWebDriver log
INFO: Executing: isElementSelected [8b3bcef18cb03aea2365d8f03934f0a7, isElementSelected {"id":":wdc:1362481204620"}]
Mar 05, 2013 1:00:05 PM org.openqa.selenium.remote.RemoteWebDriver log
INFO: Executed: [8b3bcef18cb03aea2365d8f03934f0a7, isElementSelected {"id":":wdc:1362481204620"}]
Mar 05, 2013 1:00:05 PM org.openqa.selenium.remote.RemoteWebDriver log
INFO: Executing: get [8b3bcef18cb03aea2365d8f03934f0a7, get {"url":"http://lwo1-dhp-f35258.synapse.com:6432/common/errors.html"}]
Mar 05, 2013 1:00:05 PM org.openqa.selenium.remote.RemoteWebDriver log
INFO: Executed: [8b3bcef18cb03aea2365d8f03934f0a7, get {"url":"http://lwo1-dhp-f35258.synapse.com:6432/common/errors.html"}]
Mar 05, 2013 1:00:05 PM org.openqa.selenium.remote.RemoteWebDriver log
INFO: Executing: executeScript [8b3bcef18cb03aea2365d8f03934f0a7, executeScript {"script":"return window.ERRORS.join('\\n');","args":[]}]
Mar 05, 2013 1:00:05 PM org.openqa.selenium.remote.RemoteWebDriver log
INFO: Executed: [8b3bcef18cb03aea2365d8f03934f0a7, executeScript {"script":"return window.ERRORS.join('\\n');","args":[]}]
Mar 05, 2013 1:00:05 PM org.openqa.selenium.remote.RemoteWebDriver log
INFO: Executing: setScriptTimeout [8b3bcef18cb03aea2365d8f03934f0a7, setScriptTimeout {"ms":0}]
Mar 05, 2013 1:00:05 PM org.openqa.selenium.remote.RemoteWebDriver log
INFO: Executed: [8b3bcef18cb03aea2365d8f03934f0a7, setScriptTimeout {"ms":0}]
Mar 05, 2013 1:00:05 PM org.openqa.selenium.remote.RemoteWebDriver log
INFO: Executing: get [8b3bcef18cb03aea2365d8f03934f0a7, get {"url":"http://lwo1-dhp-f35258.synapse.com:6432/common/ajaxy_page.html"}]
Mar 05, 2013 1:00:05 PM org.openqa.selenium.remote.RemoteWebDriver log
INFO: Executed: [8b3bcef18cb03aea2365d8f03934f0a7, get {"url":"http://lwo1-dhp-f35258.synapse.com:6432/common/ajaxy_page.html"}]
Mar 05, 2013 1:00:05 PM org.openqa.selenium.remote.RemoteWebDriver log
INFO: Executing: executeAsyncScript [8b3bcef18cb03aea2365d8f03934f0a7, executeAsyncScript {"script":"arguments[arguments.length - 1](123);","args":[]}]
Mar 05, 2013 1:00:05 PM org.openqa.selenium.remote.RemoteWebDriver log
INFO: Executed: [8b3bcef18cb03aea2365d8f03934f0a7, executeAsyncScript {"script":"arguments[arguments.length - 1](123);","args":[]}]
Mar 05, 2013 1:00:05 PM org.openqa.selenium.remote.RemoteWebDriver log
INFO: Executing: setScriptTimeout [8b3bcef18cb03aea2365d8f03934f0a7, setScriptTimeout {"ms":0}]
Mar 05, 2013 1:00:05 PM org.openqa.selenium.remote.RemoteWebDriver log
INFO: Executed: [8b3bcef18cb03aea2365d8f03934f0a7, setScriptTimeout {"ms":0}]
Mar 05, 2013 1:00:05 PM org.openqa.selenium.remote.RemoteWebDriver log
INFO: Executing: get [8b3bcef18cb03aea2365d8f03934f0a7, get {"url":"http://lwo1-dhp-f35258.synapse.com:6432/common/ajaxy_page.html"}]
Mar 05, 2013 1:00:05 PM org.openqa.selenium.remote.RemoteWebDriver log
INFO: Executed: [8b3bcef18cb03aea2365d8f03934f0a7, get {"url":"http://lwo1-dhp-f35258.synapse.com:6432/common/ajaxy_page.html"}]
Mar 05, 2013 1:00:05 PM org.openqa.selenium.remote.RemoteWebDriver log
INFO: Executing: executeAsyncScript [8b3bcef18cb03aea2365d8f03934f0a7, executeAsyncScript {"script":"arguments[arguments.length - 1](123);","args":[]}]
Mar 05, 2013 1:00:05 PM org.openqa.selenium.remote.RemoteWebDriver log
INFO: Executed: [8b3bcef18cb03aea2365d8f03934f0a7, executeAsyncScript {"script":"arguments[arguments.length - 1](123);","args":[]}]
Mar 05, 2013 1:00:05 PM org.openqa.selenium.remote.RemoteWebDriver log
INFO: Executing: executeAsyncScript [8b3bcef18cb03aea2365d8f03934f0a7, executeAsyncScript {"script":"arguments[arguments.length - 1]('abc');","args":[]}]
Mar 05, 2013 1:00:05 PM org.openqa.selenium.remote.RemoteWebDriver log
INFO: Executed: [8b3bcef18cb03aea2365d8f03934f0a7, executeAsyncScript {"script":"arguments[arguments.length - 1]('abc');","args":[]}]
Mar 05, 2013 1:00:05 PM org.openqa.selenium.remote.RemoteWebDriver log
INFO: Executing: executeAsyncScript [8b3bcef18cb03aea2365d8f03934f0a7, executeAsyncScript {"script":"arguments[arguments.length - 1](false);","args":[]}]
Mar 05, 2013 1:00:05 PM org.openqa.selenium.remote.RemoteWebDriver log
INFO: Executed: [8b3bcef18cb03aea2365d8f03934f0a7, executeAsyncScript {"script":"arguments[arguments.length - 1](false);","args":[]}]
Mar 05, 2013 1:00:05 PM org.openqa.selenium.remote.RemoteWebDriver log
INFO: Executing: executeAsyncScript [8b3bcef18cb03aea2365d8f03934f0a7, executeAsyncScript {"script":"arguments[arguments.length - 1](true);","args":[]}]
Mar 05, 2013 1:00:05 PM org.openqa.selenium.remote.RemoteWebDriver log
INFO: Executed: [8b3bcef18cb03aea2365d8f03934f0a7, executeAsyncScript {"script":"arguments[arguments.length - 1](true);","args":[]}]
Mar 05, 2013 1:00:05 PM org.openqa.selenium.remote.RemoteWebDriver log
INFO: Executing: setScriptTimeout [8b3bcef18cb03aea2365d8f03934f0a7, setScriptTimeout {"ms":0}]
Mar 05, 2013 1:00:05 PM org.openqa.selenium.remote.RemoteWebDriver log
INFO: Executed: [8b3bcef18cb03aea2365d8f03934f0a7, setScriptTimeout {"ms":0}]
Mar 05, 2013 1:00:05 PM org.openqa.selenium.remote.RemoteWebDriver log
INFO: Executing: get [8b3bcef18cb03aea2365d8f03934f0a7, get {"url":"http://lwo1-dhp-f35258.synapse.com:6432/common/ajaxy_page.html"}]
Mar 05, 2013 1:00:05 PM org.openqa.selenium.remote.RemoteWebDriver log
INFO: Executed: [8b3bcef18cb03aea2365d8f03934f0a7, get {"url":"http://lwo1-dhp-f35258.synapse.com:6432/common/ajaxy_page.html"}]
Mar 05, 2013 1:00:05 PM org.openqa.selenium.remote.RemoteWebDriver log
INFO: Executing: executeAsyncScript [8b3bcef18cb03aea2365d8f03934f0a7, executeAsyncScript {"script":"arguments[arguments.length - 1](null)","args":[]}]
Mar 05, 2013 1:00:05 PM org.openqa.selenium.remote.RemoteWebDriver log
INFO: Executed: [8b3bcef18cb03aea2365d8f03934f0a7, executeAsyncScript {"script":"arguments[arguments.length - 1](null)","args":[]}]
Mar 05, 2013 1:00:05 PM org.openqa.selenium.remote.RemoteWebDriver log
INFO: Executing: executeAsyncScript [8b3bcef18cb03aea2365d8f03934f0a7, executeAsyncScript {"script":"arguments[arguments.length - 1]()","args":[]}]
Mar 05, 2013 1:00:05 PM org.openqa.selenium.remote.RemoteWebDriver log
INFO: Executed: [8b3bcef18cb03aea2365d8f03934f0a7, executeAsyncScript {"script":"arguments[arguments.length - 1]()","args":[]}]
Mar 05, 2013 1:00:05 PM org.openqa.selenium.remote.RemoteWebDriver log
INFO: Executing: setScriptTimeout [8b3bcef18cb03aea2365d8f03934f0a7, setScriptTimeout {"ms":0}]
Mar 05, 2013 1:00:05 PM org.openqa.selenium.remote.RemoteWebDriver log
INFO: Executed: [8b3bcef18cb03aea2365d8f03934f0a7, setScriptTimeout {"ms":0}]
Mar 05, 2013 1:00:05 PM org.openqa.selenium.remote.RemoteWebDriver log
INFO: Executing: get [8b3bcef18cb03aea2365d8f03934f0a7, get {"url":"http://lwo1-dhp-f35258.synapse.com:6432/common/ajaxy_page.html"}]
Mar 05, 2013 1:00:05 PM org.openqa.selenium.remote.RemoteWebDriver log
INFO: Executed: [8b3bcef18cb03aea2365d8f03934f0a7, get {"url":"http://lwo1-dhp-f35258.synapse.com:6432/common/ajaxy_page.html"}]
Mar 05, 2013 1:00:05 PM org.openqa.selenium.remote.RemoteWebDriver log
INFO: Executing: executeAsyncScript [8b3bcef18cb03aea2365d8f03934f0a7, executeAsyncScript {"script":"arguments[arguments.length - 1]([]);","args":[]}]
Mar 05, 2013 1:00:05 PM org.openqa.selenium.remote.RemoteWebDriver log
INFO: Executed: [8b3bcef18cb03aea2365d8f03934f0a7, executeAsyncScript {"script":"arguments[arguments.length - 1]([]);","args":[]}]
Mar 05, 2013 1:00:05 PM org.openqa.selenium.remote.RemoteWebDriver log
INFO: Executing: setScriptTimeout [8b3bcef18cb03aea2365d8f03934f0a7, setScriptTimeout {"ms":0}]
Mar 05, 2013 1:00:05 PM org.openqa.selenium.remote.RemoteWebDriver log
INFO: Executed: [8b3bcef18cb03aea2365d8f03934f0a7, setScriptTimeout {"ms":0}]
Mar 05, 2013 1:00:05 PM org.openqa.selenium.remote.RemoteWebDriver log
INFO: Executing: get [8b3bcef18cb03aea2365d8f03934f0a7, get {"url":"http://lwo1-dhp-f35258.synapse.com:6432/common/ajaxy_page.html"}]
Mar 05, 2013 1:00:05 PM org.openqa.selenium.remote.RemoteWebDriver log
INFO: Executed: [8b3bcef18cb03aea2365d8f03934f0a7, get {"url":"http://lwo1-dhp-f35258.synapse.com:6432/common/ajaxy_page.html"}]
Mar 05, 2013 1:00:05 PM org.openqa.selenium.remote.RemoteWebDriver log
INFO: Executing: executeAsyncScript [8b3bcef18cb03aea2365d8f03934f0a7, executeAsyncScript {"script":"arguments[arguments.length - 1](new Array());","args":[]}]
Mar 05, 2013 1:00:05 PM org.openqa.selenium.remote.RemoteWebDriver log
INFO: Executed: [8b3bcef18cb03aea2365d8f03934f0a7, executeAsyncScript {"script":"arguments[arguments.length - 1](new Array());","args":[]}]
Mar 05, 2013 1:00:05 PM org.openqa.selenium.remote.RemoteWebDriver log
INFO: Executing: setScriptTimeout [8b3bcef18cb03aea2365d8f03934f0a7, setScriptTimeout {"ms":0}]
Mar 05, 2013 1:00:05 PM org.openqa.selenium.remote.RemoteWebDriver log
INFO: Executed: [8b3bcef18cb03aea2365d8f03934f0a7, setScriptTimeout {"ms":0}]
Mar 05, 2013 1:00:05 PM org.openqa.selenium.remote.RemoteWebDriver log
INFO: Executing: get [8b3bcef18cb03aea2365d8f03934f0a7, get {"url":"http://lwo1-dhp-f35258.synapse.com:6432/common/ajaxy_page.html"}]
Mar 05, 2013 1:00:05 PM org.openqa.selenium.remote.RemoteWebDriver log
INFO: Executed: [8b3bcef18cb03aea2365d8f03934f0a7, get {"url":"http://lwo1-dhp-f35258.synapse.com:6432/common/ajaxy_page.html"}]
Mar 05, 2013 1:00:05 PM org.openqa.selenium.remote.RemoteWebDriver log
INFO: Executing: executeAsyncScript [8b3bcef18cb03aea2365d8f03934f0a7, executeAsyncScript {"script":"arguments[arguments.length - 1]([null, 123, 'abc', true, false]);","args":[]}]
Mar 05, 2013 1:00:05 PM org.openqa.selenium.remote.RemoteWebDriver log
INFO: Executed: [8b3bcef18cb03aea2365d8f03934f0a7, executeAsyncScript {"script":"arguments[arguments.length - 1]([null, 123, 'abc', true, false]);","args":[]}]
Mar 05, 2013 1:00:05 PM org.openqa.selenium.remote.RemoteWebDriver log
INFO: Executing: setScriptTimeout [8b3bcef18cb03aea2365d8f03934f0a7, setScriptTimeout {"ms":0}]
Mar 05, 2013 1:00:05 PM org.openqa.selenium.remote.RemoteWebDriver log
INFO: Executed: [8b3bcef18cb03aea2365d8f03934f0a7, setScriptTimeout {"ms":0}]
Mar 05, 2013 1:00:05 PM org.openqa.selenium.remote.RemoteWebDriver log
INFO: Executing: get [8b3bcef18cb03aea2365d8f03934f0a7, get {"url":"http://lwo1-dhp-f35258.synapse.com:6432/common/ajaxy_page.html"}]
Mar 05, 2013 1:00:05 PM org.openqa.selenium.remote.RemoteWebDriver log
INFO: Executed: [8b3bcef18cb03aea2365d8f03934f0a7, get {"url":"http://lwo1-dhp-f35258.synapse.com:6432/common/ajaxy_page.html"}]
Mar 05, 2013 1:00:05 PM org.openqa.selenium.remote.RemoteWebDriver log
INFO: Executing: executeAsyncScript [8b3bcef18cb03aea2365d8f03934f0a7, executeAsyncScript {"script":"arguments[arguments.length - 1](document.body);","args":[]}]
Mar 05, 2013 1:00:05 PM org.openqa.selenium.remote.RemoteWebDriver log
INFO: Executed: [8b3bcef18cb03aea2365d8f03934f0a7, executeAsyncScript {"script":"arguments[arguments.length - 1](document.body);","args":[]}]
Mar 05, 2013 1:00:05 PM org.openqa.selenium.remote.RemoteWebDriver log
INFO: Executing: getElementTagName [8b3bcef18cb03aea2365d8f03934f0a7, getElementTagName {"id":":wdc:1362481205336"}]
Mar 05, 2013 1:00:05 PM org.openqa.selenium.remote.RemoteWebDriver log
INFO: Executed: [8b3bcef18cb03aea2365d8f03934f0a7, getElementTagName {"id":":wdc:1362481205336"}]
Mar 05, 2013 1:00:05 PM org.openqa.selenium.remote.RemoteWebDriver log
INFO: Executing: setScriptTimeout [8b3bcef18cb03aea2365d8f03934f0a7, setScriptTimeout {"ms":0}]
Mar 05, 2013 1:00:05 PM org.openqa.selenium.remote.RemoteWebDriver log
INFO: Executed: [8b3bcef18cb03aea2365d8f03934f0a7, setScriptTimeout {"ms":0}]
Mar 05, 2013 1:00:05 PM org.openqa.selenium.remote.RemoteWebDriver log
INFO: Executing: get [8b3bcef18cb03aea2365d8f03934f0a7, get {"url":"http://lwo1-dhp-f35258.synapse.com:6432/common/ajaxy_page.html"}]
Mar 05, 2013 1:00:05 PM org.openqa.selenium.remote.RemoteWebDriver log
INFO: Executed: [8b3bcef18cb03aea2365d8f03934f0a7, get {"url":"http://lwo1-dhp-f35258.synapse.com:6432/common/ajaxy_page.html"}]
Mar 05, 2013 1:00:05 PM org.openqa.selenium.remote.RemoteWebDriver log
INFO: Executing: executeAsyncScript [8b3bcef18cb03aea2365d8f03934f0a7, executeAsyncScript {"script":"arguments[arguments.length - 1]([document.body, document.body]);","args":[]}]
Mar 05, 2013 1:00:05 PM org.openqa.selenium.remote.RemoteWebDriver log
INFO: Executed: [8b3bcef18cb03aea2365d8f03934f0a7, executeAsyncScript {"script":"arguments[arguments.length - 1]([document.body, document.body]);","args":[]}]
Mar 05, 2013 1:00:05 PM org.openqa.selenium.remote.RemoteWebDriver log
INFO: Executing: getElementTagName [8b3bcef18cb03aea2365d8f03934f0a7, getElementTagName {"id":":wdc:1362481205351"}]
Mar 05, 2013 1:00:05 PM org.openqa.selenium.remote.RemoteWebDriver log
INFO: Executed: [8b3bcef18cb03aea2365d8f03934f0a7, getElementTagName {"id":":wdc:1362481205351"}]
Mar 05, 2013 1:00:05 PM org.openqa.selenium.remote.RemoteWebDriver log
INFO: Executing: setScriptTimeout [8b3bcef18cb03aea2365d8f03934f0a7, setScriptTimeout {"ms":0}]
Mar 05, 2013 1:00:05 PM org.openqa.selenium.remote.RemoteWebDriver log
INFO: Executed: [8b3bcef18cb03aea2365d8f03934f0a7, setScriptTimeout {"ms":0}]
Mar 05, 2013 1:00:05 PM org.openqa.selenium.remote.RemoteWebDriver log
INFO: Executing: get [8b3bcef18cb03aea2365d8f03934f0a7, get {"url":"http://lwo1-dhp-f35258.synapse.com:6432/common/ajaxy_page.html"}]
Mar 05, 2013 1:00:05 PM org.openqa.selenium.remote.RemoteWebDriver log
INFO: Executed: [8b3bcef18cb03aea2365d8f03934f0a7, get {"url":"http://lwo1-dhp-f35258.synapse.com:6432/common/ajaxy_page.html"}]
Mar 05, 2013 1:00:05 PM org.openqa.selenium.remote.RemoteWebDriver log
INFO: Executing: executeAsyncScript [8b3bcef18cb03aea2365d8f03934f0a7, executeAsyncScript {"script":"return 1 + 2;","args":[]}]
Mar 05, 2013 1:00:05 PM org.openqa.selenium.remote.RemoteWebDriver log
INFO: Executed: [8b3bcef18cb03aea2365d8f03934f0a7, executeAsyncScript {"script":"return 1 + 2;","args":[]}]
Mar 05, 2013 1:00:05 PM org.openqa.selenium.remote.RemoteWebDriver log
INFO: Executing: setScriptTimeout [8b3bcef18cb03aea2365d8f03934f0a7, setScriptTimeout {"ms":0}]
Mar 05, 2013 1:00:05 PM org.openqa.selenium.remote.RemoteWebDriver log
INFO: Executed: [8b3bcef18cb03aea2365d8f03934f0a7, setScriptTimeout {"ms":0}]
Mar 05, 2013 1:00:05 PM org.openqa.selenium.remote.RemoteWebDriver log
INFO: Executing: get [8b3bcef18cb03aea2365d8f03934f0a7, get {"url":"http://lwo1-dhp-f35258.synapse.com:6432/common/ajaxy_page.html"}]
Mar 05, 2013 1:00:05 PM org.openqa.selenium.remote.RemoteWebDriver log
INFO: Executed: [8b3bcef18cb03aea2365d8f03934f0a7, get {"url":"http://lwo1-dhp-f35258.synapse.com:6432/common/ajaxy_page.html"}]
Mar 05, 2013 1:00:05 PM org.openqa.selenium.remote.RemoteWebDriver log
INFO: Executing: executeAsyncScript [8b3bcef18cb03aea2365d8f03934f0a7, executeAsyncScript {"script":"window.setTimeout(function() {}, 0);","args":[]}]
Mar 05, 2013 1:00:05 PM org.openqa.selenium.remote.RemoteWebDriver log
INFO: Executed: [8b3bcef18cb03aea2365d8f03934f0a7, executeAsyncScript {"script":"window.setTimeout(function() {}, 0);","args":[]}]
Mar 05, 2013 1:00:05 PM org.openqa.selenium.remote.RemoteWebDriver log
INFO: Executing: setScriptTimeout [8b3bcef18cb03aea2365d8f03934f0a7, setScriptTimeout {"ms":0}]
Mar 05, 2013 1:00:05 PM org.openqa.selenium.remote.RemoteWebDriver log
INFO: Executed: [8b3bcef18cb03aea2365d8f03934f0a7, setScriptTimeout {"ms":0}]
Mar 05, 2013 1:00:05 PM org.openqa.selenium.remote.RemoteWebDriver log
INFO: Executing: get [8b3bcef18cb03aea2365d8f03934f0a7, get {"url":"http://lwo1-dhp-f35258.synapse.com:6432/common/ajaxy_page.html"}]
Mar 05, 2013 1:00:05 PM org.openqa.selenium.remote.RemoteWebDriver log
INFO: Executed: [8b3bcef18cb03aea2365d8f03934f0a7, get {"url":"http://lwo1-dhp-f35258.synapse.com:6432/common/ajaxy_page.html"}]
Mar 05, 2013 1:00:05 PM org.openqa.selenium.remote.RemoteWebDriver log
INFO: Executing: executeAsyncScript [8b3bcef18cb03aea2365d8f03934f0a7, executeAsyncScript {"script":"var callback = arguments[arguments.length - 1];window.setTimeout(function() { callback(123); }, 0)","args":[]}]
Mar 05, 2013 1:00:05 PM org.openqa.selenium.remote.RemoteWebDriver log
INFO: Executed: [8b3bcef18cb03aea2365d8f03934f0a7, executeAsyncScript {"script":"var callback = arguments[arguments.length - 1];window.setTimeout(function() { callback(123); }, 0)","args":[]}]
Mar 05, 2013 1:00:05 PM org.openqa.selenium.remote.RemoteWebDriver log
INFO: Executing: setScriptTimeout [8b3bcef18cb03aea2365d8f03934f0a7, setScriptTimeout {"ms":0}]
Mar 05, 2013 1:00:05 PM org.openqa.selenium.remote.RemoteWebDriver log
INFO: Executed: [8b3bcef18cb03aea2365d8f03934f0a7, setScriptTimeout {"ms":0}]
Mar 05, 2013 1:00:05 PM org.openqa.selenium.remote.RemoteWebDriver log
INFO: Executing: setScriptTimeout [8b3bcef18cb03aea2365d8f03934f0a7, setScriptTimeout {"ms":500}]
Mar 05, 2013 1:00:05 PM org.openqa.selenium.remote.RemoteWebDriver log
INFO: Executed: [8b3bcef18cb03aea2365d8f03934f0a7, setScriptTimeout {"ms":500}]
Mar 05, 2013 1:00:05 PM org.openqa.selenium.remote.RemoteWebDriver log
INFO: Executing: get [8b3bcef18cb03aea2365d8f03934f0a7, get {"url":"http://lwo1-dhp-f35258.synapse.com:6432/common/ajaxy_page.html"}]
Mar 05, 2013 1:00:05 PM org.openqa.selenium.remote.RemoteWebDriver log
INFO: Executed: [8b3bcef18cb03aea2365d8f03934f0a7, get {"url":"http://lwo1-dhp-f35258.synapse.com:6432/common/ajaxy_page.html"}]
Mar 05, 2013 1:00:05 PM org.openqa.selenium.remote.RemoteWebDriver log
INFO: Executing: executeAsyncScript [8b3bcef18cb03aea2365d8f03934f0a7, executeAsyncScript {"script":"var callback = arguments[arguments.length - 1];window.setTimeout(callback, 1500);","args":[]}]
Mar 05, 2013 1:00:05 PM org.openqa.selenium.remote.RemoteWebDriver log
INFO: Executed: [8b3bcef18cb03aea2365d8f03934f0a7, executeAsyncScript {"script":"var callback = arguments[arguments.length - 1];window.setTimeout(callback, 1500);","args":[]}]
Mar 05, 2013 1:00:05 PM org.openqa.selenium.remote.RemoteWebDriver log
INFO: Executing: setScriptTimeout [8b3bcef18cb03aea2365d8f03934f0a7, setScriptTimeout {"ms":0}]
Mar 05, 2013 1:00:05 PM org.openqa.selenium.remote.RemoteWebDriver log
INFO: Executed: [8b3bcef18cb03aea2365d8f03934f0a7, setScriptTimeout {"ms":0}]
Mar 05, 2013 1:00:05 PM org.openqa.selenium.remote.RemoteWebDriver log
INFO: Executing: get [8b3bcef18cb03aea2365d8f03934f0a7, get {"url":"http://lwo1-dhp-f35258.synapse.com:6432/common/ajaxy_page.html"}]
Mar 05, 2013 1:00:05 PM org.openqa.selenium.remote.RemoteWebDriver log
INFO: Executed: [8b3bcef18cb03aea2365d8f03934f0a7, get {"url":"http://lwo1-dhp-f35258.synapse.com:6432/common/ajaxy_page.html"}]
Mar 05, 2013 1:00:05 PM org.openqa.selenium.remote.RemoteWebDriver log
INFO: Executing: setScriptTimeout [8b3bcef18cb03aea2365d8f03934f0a7, setScriptTimeout {"ms":100}]
Mar 05, 2013 1:00:05 PM org.openqa.selenium.remote.RemoteWebDriver log
INFO: Executed: [8b3bcef18cb03aea2365d8f03934f0a7, setScriptTimeout {"ms":100}]
Mar 05, 2013 1:00:05 PM org.openqa.selenium.remote.RemoteWebDriver log
INFO: Executing: executeAsyncScript [8b3bcef18cb03aea2365d8f03934f0a7, executeAsyncScript {"script":"window.location = 'http://lwo1-dhp-f35258.synapse.com:6432/common/dynamic.html';","args":[]}]
Mar 05, 2013 1:00:05 PM org.openqa.selenium.remote.RemoteWebDriver log
INFO: Executed: [8b3bcef18cb03aea2365d8f03934f0a7, executeAsyncScript {"script":"window.location = 'http://lwo1-dhp-f35258.synapse.com:6432/common/dynamic.html';","args":[]}]
Mar 05, 2013 1:00:05 PM org.openqa.selenium.remote.RemoteWebDriver log
INFO: Executing: setScriptTimeout [8b3bcef18cb03aea2365d8f03934f0a7, setScriptTimeout {"ms":0}]
Mar 05, 2013 1:00:05 PM org.openqa.selenium.remote.RemoteWebDriver log
INFO: Executed: [8b3bcef18cb03aea2365d8f03934f0a7, setScriptTimeout {"ms":0}]
Mar 05, 2013 1:00:05 PM org.openqa.selenium.remote.RemoteWebDriver log
INFO: Executing: get [8b3bcef18cb03aea2365d8f03934f0a7, get {"url":"http://lwo1-dhp-f35258.synapse.com:6432/common/ajaxy_page.html"}]
Mar 05, 2013 1:00:05 PM org.openqa.selenium.remote.RemoteWebDriver log
INFO: Executed: [8b3bcef18cb03aea2365d8f03934f0a7, get {"url":"http://lwo1-dhp-f35258.synapse.com:6432/common/ajaxy_page.html"}]
Mar 05, 2013 1:00:05 PM org.openqa.selenium.remote.RemoteWebDriver log
INFO: Executing: executeAsyncScript [8b3bcef18cb03aea2365d8f03934f0a7, executeAsyncScript {"script":"throw Error('you should catch this!');","args":[]}]
Mar 05, 2013 1:00:05 PM org.openqa.selenium.remote.RemoteWebDriver log
INFO: Executed: [8b3bcef18cb03aea2365d8f03934f0a7, executeAsyncScript {"script":"throw Error('you should catch this!');","args":[]}]
Mar 05, 2013 1:00:05 PM org.openqa.selenium.remote.RemoteWebDriver log
INFO: Executing: setScriptTimeout [8b3bcef18cb03aea2365d8f03934f0a7, setScriptTimeout {"ms":0}]
Mar 05, 2013 1:00:05 PM org.openqa.selenium.remote.RemoteWebDriver log
INFO: Executed: [8b3bcef18cb03aea2365d8f03934f0a7, setScriptTimeout {"ms":0}]
Mar 05, 2013 1:00:05 PM org.openqa.selenium.remote.RemoteWebDriver log
INFO: Executing: get [8b3bcef18cb03aea2365d8f03934f0a7, get {"url":"http://lwo1-dhp-f35258.synapse.com:6432/common/ajaxy_page.html"}]
Mar 05, 2013 1:00:05 PM org.openqa.selenium.remote.RemoteWebDriver log
INFO: Executed: [8b3bcef18cb03aea2365d8f03934f0a7, get {"url":"http://lwo1-dhp-f35258.synapse.com:6432/common/ajaxy_page.html"}]
Mar 05, 2013 1:00:05 PM org.openqa.selenium.remote.RemoteWebDriver log
INFO: Executing: findElement [8b3bcef18cb03aea2365d8f03934f0a7, findElement {"using":"name","value":"typer"}]
Mar 05, 2013 1:00:05 PM org.openqa.selenium.remote.RemoteWebDriver log
INFO: Executed: [8b3bcef18cb03aea2365d8f03934f0a7, findElement {"using":"name","value":"typer"}]
Mar 05, 2013 1:00:05 PM org.openqa.selenium.remote.RemoteWebDriver log
INFO: Executing: sendKeysToElement [8b3bcef18cb03aea2365d8f03934f0a7, sendKeysToElement {"id":":wdc:1362481205957","value":["bob"]}]
Mar 05, 2013 1:00:06 PM org.openqa.selenium.remote.RemoteWebDriver log
INFO: Executed: [8b3bcef18cb03aea2365d8f03934f0a7, sendKeysToElement {"id":":wdc:1362481205957","value":["bob"]}]
Mar 05, 2013 1:00:06 PM org.openqa.selenium.remote.RemoteWebDriver log
INFO: Executing: getElementAttribute [8b3bcef18cb03aea2365d8f03934f0a7, getElementAttribute {"id":":wdc:1362481205957","name":"value"}]
Mar 05, 2013 1:00:06 PM org.openqa.selenium.remote.RemoteWebDriver log
INFO: Executed: [8b3bcef18cb03aea2365d8f03934f0a7, getElementAttribute {"id":":wdc:1362481205957","name":"value"}]
Mar 05, 2013 1:00:06 PM org.openqa.selenium.remote.RemoteWebDriver log
INFO: Executing: findElement [8b3bcef18cb03aea2365d8f03934f0a7, findElement {"using":"id","value":"red"}]
Mar 05, 2013 1:00:06 PM org.openqa.selenium.remote.RemoteWebDriver log
INFO: Executed: [8b3bcef18cb03aea2365d8f03934f0a7, findElement {"using":"id","value":"red"}]
Mar 05, 2013 1:00:06 PM org.openqa.selenium.remote.RemoteWebDriver log
INFO: Executing: clickElement [8b3bcef18cb03aea2365d8f03934f0a7, clickElement {"id":":wdc:1362481205958"}]
Mar 05, 2013 1:00:06 PM org.openqa.selenium.remote.RemoteWebDriver log
INFO: Executed: [8b3bcef18cb03aea2365d8f03934f0a7, clickElement {"id":":wdc:1362481205958"}]
Mar 05, 2013 1:00:06 PM org.openqa.selenium.remote.RemoteWebDriver log
INFO: Executing: findElement [8b3bcef18cb03aea2365d8f03934f0a7, findElement {"using":"name","value":"submit"}]
Mar 05, 2013 1:00:06 PM org.openqa.selenium.remote.RemoteWebDriver log
INFO: Executed: [8b3bcef18cb03aea2365d8f03934f0a7, findElement {"using":"name","value":"submit"}]
Mar 05, 2013 1:00:06 PM org.openqa.selenium.remote.RemoteWebDriver log
INFO: Executing: clickElement [8b3bcef18cb03aea2365d8f03934f0a7, clickElement {"id":":wdc:1362481205959"}]
Mar 05, 2013 1:00:06 PM org.openqa.selenium.remote.RemoteWebDriver log
INFO: Executed: [8b3bcef18cb03aea2365d8f03934f0a7, clickElement {"id":":wdc:1362481205959"}]
Mar 05, 2013 1:00:06 PM org.openqa.selenium.remote.RemoteWebDriver log
INFO: Executing: executeScript [8b3bcef18cb03aea2365d8f03934f0a7, executeScript {"script":"return document.getElementsByTagName('div').length;","args":[]}]
Mar 05, 2013 1:00:06 PM org.openqa.selenium.remote.RemoteWebDriver log
INFO: Executed: [8b3bcef18cb03aea2365d8f03934f0a7, executeScript {"script":"return document.getElementsByTagName('div').length;","args":[]}]
Mar 05, 2013 1:00:06 PM org.openqa.selenium.remote.RemoteWebDriver log
INFO: Executing: setScriptTimeout [8b3bcef18cb03aea2365d8f03934f0a7, setScriptTimeout {"ms":15000}]
Mar 05, 2013 1:00:06 PM org.openqa.selenium.remote.RemoteWebDriver log
INFO: Executed: [8b3bcef18cb03aea2365d8f03934f0a7, setScriptTimeout {"ms":15000}]
Mar 05, 2013 1:00:06 PM org.openqa.selenium.remote.RemoteWebDriver log
INFO: Executing: executeAsyncScript [8b3bcef18cb03aea2365d8f03934f0a7, executeAsyncScript {"script":"var callback = arguments[arguments.length - 1];window.registerListener(arguments[arguments.length - 1]);","args":[]}]
Mar 05, 2013 1:00:12 PM org.openqa.selenium.remote.RemoteWebDriver log
INFO: Executed: [8b3bcef18cb03aea2365d8f03934f0a7, executeAsyncScript {"script":"var callback = arguments[arguments.length - 1];window.registerListener(arguments[arguments.length - 1]);","args":[]}]
Mar 05, 2013 1:00:12 PM org.openqa.selenium.remote.RemoteWebDriver log
INFO: Executing: getElementAttribute [8b3bcef18cb03aea2365d8f03934f0a7, getElementAttribute {"id":":wdc:1362481205957","name":"value"}]
Mar 05, 2013 1:00:12 PM org.openqa.selenium.remote.RemoteWebDriver log
INFO: Executed: [8b3bcef18cb03aea2365d8f03934f0a7, getElementAttribute {"id":":wdc:1362481205957","name":"value"}]
Mar 05, 2013 1:00:12 PM org.openqa.selenium.remote.RemoteWebDriver log
INFO: Executing: executeScript [8b3bcef18cb03aea2365d8f03934f0a7, executeScript {"script":"return document.getElementsByTagName('div').length;","args":[]}]
Mar 05, 2013 1:00:12 PM org.openqa.selenium.remote.RemoteWebDriver log
INFO: Executed: [8b3bcef18cb03aea2365d8f03934f0a7, executeScript {"script":"return document.getElementsByTagName('div').length;","args":[]}]
Mar 05, 2013 1:00:12 PM org.openqa.selenium.remote.RemoteWebDriver log
INFO: Executing: setScriptTimeout [8b3bcef18cb03aea2365d8f03934f0a7, setScriptTimeout {"ms":0}]
Mar 05, 2013 1:00:12 PM org.openqa.selenium.remote.RemoteWebDriver log
INFO: Executed: [8b3bcef18cb03aea2365d8f03934f0a7, setScriptTimeout {"ms":0}]
Mar 05, 2013 1:00:12 PM org.openqa.selenium.remote.RemoteWebDriver log
INFO: Executing: get [8b3bcef18cb03aea2365d8f03934f0a7, get {"url":"http://lwo1-dhp-f35258.synapse.com:6432/common/ajaxy_page.html"}]
Mar 05, 2013 1:00:12 PM org.openqa.selenium.remote.RemoteWebDriver log
INFO: Executed: [8b3bcef18cb03aea2365d8f03934f0a7, get {"url":"http://lwo1-dhp-f35258.synapse.com:6432/common/ajaxy_page.html"}]
Mar 05, 2013 1:00:12 PM org.openqa.selenium.remote.RemoteWebDriver log
INFO: Executing: executeAsyncScript [8b3bcef18cb03aea2365d8f03934f0a7, executeAsyncScript {"script":"arguments[arguments.length - 1](arguments[0] + arguments[1]);","args":[1,2]}]
Mar 05, 2013 1:00:12 PM org.openqa.selenium.remote.RemoteWebDriver log
INFO: Executed: [8b3bcef18cb03aea2365d8f03934f0a7, executeAsyncScript {"script":"arguments[arguments.length - 1](arguments[0] + arguments[1]);","args":[1,2]}]
Mar 05, 2013 1:00:12 PM org.openqa.selenium.remote.RemoteWebDriver log
INFO: Executing: get [8b3bcef18cb03aea2365d8f03934f0a7, get {"url":"http://lwo1-dhp-f35258.synapse.com:6432/common/xhtmlTest.html"}]
Mar 05, 2013 1:00:12 PM org.openqa.selenium.remote.RemoteWebDriver log
INFO: Executed: [8b3bcef18cb03aea2365d8f03934f0a7, get {"url":"http://lwo1-dhp-f35258.synapse.com:6432/common/xhtmlTest.html"}]
Mar 05, 2013 1:00:12 PM org.openqa.selenium.remote.RemoteWebDriver log
INFO: Executing: executeScript [8b3bcef18cb03aea2365d8f03934f0a7, executeScript {"script":"return document.title;","args":[]}]
Mar 05, 2013 1:00:12 PM org.openqa.selenium.remote.RemoteWebDriver log
INFO: Executed: [8b3bcef18cb03aea2365d8f03934f0a7, executeScript {"script":"return document.title;","args":[]}]
Mar 05, 2013 1:00:12 PM org.openqa.selenium.remote.RemoteWebDriver log
INFO: Executing: get [8b3bcef18cb03aea2365d8f03934f0a7, get {"url":"http://lwo1-dhp-f35258.synapse.com:6432/common/nestedElements.html"}]
Mar 05, 2013 1:00:12 PM org.openqa.selenium.remote.RemoteWebDriver log
INFO: Executed: [8b3bcef18cb03aea2365d8f03934f0a7, get {"url":"http://lwo1-dhp-f35258.synapse.com:6432/common/nestedElements.html"}]
Mar 05, 2013 1:00:12 PM org.openqa.selenium.remote.RemoteWebDriver log
INFO: Executing: executeScript [8b3bcef18cb03aea2365d8f03934f0a7, executeScript {"script":"return document.getElementsByName('checky').length;","args":[]}]
Mar 05, 2013 1:00:12 PM org.openqa.selenium.remote.RemoteWebDriver log
INFO: Executed: [8b3bcef18cb03aea2365d8f03934f0a7, executeScript {"script":"return document.getElementsByName('checky').length;","args":[]}]
Mar 05, 2013 1:00:12 PM org.openqa.selenium.remote.RemoteWebDriver log
INFO: Executing: get [8b3bcef18cb03aea2365d8f03934f0a7, get {"url":"http://lwo1-dhp-f35258.synapse.com:6432/common/xhtmlTest.html"}]
Mar 05, 2013 1:00:12 PM org.openqa.selenium.remote.RemoteWebDriver log
INFO: Executed: [8b3bcef18cb03aea2365d8f03934f0a7, get {"url":"http://lwo1-dhp-f35258.synapse.com:6432/common/xhtmlTest.html"}]
Mar 05, 2013 1:00:12 PM org.openqa.selenium.remote.RemoteWebDriver log
INFO: Executing: executeScript [8b3bcef18cb03aea2365d8f03934f0a7, executeScript {"script":"return document.getElementById('id1');","args":[]}]
Mar 05, 2013 1:00:12 PM org.openqa.selenium.remote.RemoteWebDriver log
INFO: Executed: [8b3bcef18cb03aea2365d8f03934f0a7, executeScript {"script":"return document.getElementById('id1');","args":[]}]
Mar 05, 2013 1:00:12 PM org.openqa.selenium.remote.RemoteWebDriver log
INFO: Executing: getElementTagName [8b3bcef18cb03aea2365d8f03934f0a7, getElementTagName {"id":":wdc:1362481212198"}]
Mar 05, 2013 1:00:12 PM org.openqa.selenium.remote.RemoteWebDriver log
INFO: Executed: [8b3bcef18cb03aea2365d8f03934f0a7, getElementTagName {"id":":wdc:1362481212198"}]
Mar 05, 2013 1:00:12 PM org.openqa.selenium.remote.RemoteWebDriver log
INFO: Executing: get [8b3bcef18cb03aea2365d8f03934f0a7, get {"url":"http://lwo1-dhp-f35258.synapse.com:6432/common/xhtmlTest.html"}]
Mar 05, 2013 1:00:12 PM org.openqa.selenium.remote.RemoteWebDriver log
INFO: Executed: [8b3bcef18cb03aea2365d8f03934f0a7, get {"url":"http://lwo1-dhp-f35258.synapse.com:6432/common/xhtmlTest.html"}]
Mar 05, 2013 1:00:12 PM org.openqa.selenium.remote.RemoteWebDriver log
INFO: Executing: executeScript [8b3bcef18cb03aea2365d8f03934f0a7, executeScript {"script":"return true;","args":[]}]
Mar 05, 2013 1:00:12 PM org.openqa.selenium.remote.RemoteWebDriver log
INFO: Executed: [8b3bcef18cb03aea2365d8f03934f0a7, executeScript {"script":"return true;","args":[]}]
Mar 05, 2013 1:00:12 PM org.openqa.selenium.remote.RemoteWebDriver log
INFO: Executing: get [8b3bcef18cb03aea2365d8f03934f0a7, get {"url":"http://lwo1-dhp-f35258.synapse.com:6432/common/javascriptPage.html"}]
Mar 05, 2013 1:00:12 PM org.openqa.selenium.remote.RemoteWebDriver log
INFO: Executed: [8b3bcef18cb03aea2365d8f03934f0a7, get {"url":"http://lwo1-dhp-f35258.synapse.com:6432/common/javascriptPage.html"}]
Mar 05, 2013 1:00:12 PM org.openqa.selenium.remote.RemoteWebDriver log
INFO: Executing: executeScript [8b3bcef18cb03aea2365d8f03934f0a7, executeScript {"script":"return ['zero', 'one', 'two'];","args":[]}]
Mar 05, 2013 1:00:12 PM org.openqa.selenium.remote.RemoteWebDriver log
INFO: Executed: [8b3bcef18cb03aea2365d8f03934f0a7, executeScript {"script":"return ['zero', 'one', 'two'];","args":[]}]
Mar 05, 2013 1:00:12 PM org.openqa.selenium.remote.RemoteWebDriver log
INFO: Executing: get [8b3bcef18cb03aea2365d8f03934f0a7, get {"url":"http://lwo1-dhp-f35258.synapse.com:6432/common/javascriptPage.html"}]
Mar 05, 2013 1:00:12 PM org.openqa.selenium.remote.RemoteWebDriver log
INFO: Executed: [8b3bcef18cb03aea2365d8f03934f0a7, get {"url":"http://lwo1-dhp-f35258.synapse.com:6432/common/javascriptPage.html"}]
Mar 05, 2013 1:00:12 PM org.openqa.selenium.remote.RemoteWebDriver log
INFO: Executing: executeScript [8b3bcef18cb03aea2365d8f03934f0a7, executeScript {"script":"return ['zero', [true, false]];","args":[]}]
Mar 05, 2013 1:00:12 PM org.openqa.selenium.remote.RemoteWebDriver log
INFO: Executed: [8b3bcef18cb03aea2365d8f03934f0a7, executeScript {"script":"return ['zero', [true, false]];","args":[]}]
Mar 05, 2013 1:00:12 PM org.openqa.selenium.remote.RemoteWebDriver log
INFO: Executing: get [8b3bcef18cb03aea2365d8f03934f0a7, get {"url":"http://lwo1-dhp-f35258.synapse.com:6432/common/javascriptPage.html"}]
Mar 05, 2013 1:00:12 PM org.openqa.selenium.remote.RemoteWebDriver log
INFO: Executed: [8b3bcef18cb03aea2365d8f03934f0a7, get {"url":"http://lwo1-dhp-f35258.synapse.com:6432/common/javascriptPage.html"}]
Mar 05, 2013 1:00:12 PM org.openqa.selenium.remote.RemoteWebDriver log
INFO: Executing: executeScript [8b3bcef18cb03aea2365d8f03934f0a7, executeScript {"script":"return {abc: '123', tired: false};","args":[]}]
Mar 05, 2013 1:00:12 PM org.openqa.selenium.remote.RemoteWebDriver log
INFO: Executed: [8b3bcef18cb03aea2365d8f03934f0a7, executeScript {"script":"return {abc: '123', tired: false};","args":[]}]
Mar 05, 2013 1:00:12 PM org.openqa.selenium.remote.RemoteWebDriver log
INFO: Executing: get [8b3bcef18cb03aea2365d8f03934f0a7, get {"url":"http://lwo1-dhp-f35258.synapse.com:6432/common/javascriptPage.html"}]
Mar 05, 2013 1:00:12 PM org.openqa.selenium.remote.RemoteWebDriver log
INFO: Executed: [8b3bcef18cb03aea2365d8f03934f0a7, get {"url":"http://lwo1-dhp-f35258.synapse.com:6432/common/javascriptPage.html"}]
Mar 05, 2013 1:00:12 PM org.openqa.selenium.remote.RemoteWebDriver log
INFO: Executing: executeScript [8b3bcef18cb03aea2365d8f03934f0a7, executeScript {"script":"return {foo:'bar', baz: ['a', 'b', 'c'], person: {first: 'John',last: 'Doe'}};","args":[]}]
Mar 05, 2013 1:00:12 PM org.openqa.selenium.remote.RemoteWebDriver log
INFO: Executed: [8b3bcef18cb03aea2365d8f03934f0a7, executeScript {"script":"return {foo:'bar', baz: ['a', 'b', 'c'], person: {first: 'John',last: 'Doe'}};","args":[]}]
Mar 05, 2013 1:00:12 PM org.openqa.selenium.remote.RemoteWebDriver log
INFO: Executing: get [8b3bcef18cb03aea2365d8f03934f0a7, get {"url":"http://lwo1-dhp-f35258.synapse.com:6432/common/javascriptPage.html"}]
Mar 05, 2013 1:00:12 PM org.openqa.selenium.remote.RemoteWebDriver log
INFO: Executed: [8b3bcef18cb03aea2365d8f03934f0a7, get {"url":"http://lwo1-dhp-f35258.synapse.com:6432/common/javascriptPage.html"}]
Mar 05, 2013 1:00:12 PM org.openqa.selenium.remote.RemoteWebDriver log
INFO: Executing: executeScript [8b3bcef18cb03aea2365d8f03934f0a7, executeScript {"script":"return window.location;","args":[]}]
Mar 05, 2013 1:00:12 PM org.openqa.selenium.remote.RemoteWebDriver log
INFO: Executed: [8b3bcef18cb03aea2365d8f03934f0a7, executeScript {"script":"return window.location;","args":[]}]
Mar 05, 2013 1:00:12 PM org.openqa.selenium.remote.RemoteWebDriver log
INFO: Executing: get [8b3bcef18cb03aea2365d8f03934f0a7, get {"url":"http://lwo1-dhp-f35258.synapse.com:6432/common/javascriptPage.html"}]
Mar 05, 2013 1:00:12 PM org.openqa.selenium.remote.RemoteWebDriver log
INFO: Executed: [8b3bcef18cb03aea2365d8f03934f0a7, get {"url":"http://lwo1-dhp-f35258.synapse.com:6432/common/javascriptPage.html"}]
Mar 05, 2013 1:00:12 PM org.openqa.selenium.remote.RemoteWebDriver log
INFO: Executing: executeScript [8b3bcef18cb03aea2365d8f03934f0a7, executeScript {"script":"return arguments[0];","args":[1]}]
Mar 05, 2013 1:00:12 PM org.openqa.selenium.remote.RemoteWebDriver log
INFO: Executed: [8b3bcef18cb03aea2365d8f03934f0a7, executeScript {"script":"return arguments[0];","args":[1]}]
Mar 05, 2013 1:00:12 PM org.openqa.selenium.remote.RemoteWebDriver log
INFO: Executing: get [8b3bcef18cb03aea2365d8f03934f0a7, get {"url":"http://lwo1-dhp-f35258.synapse.com:6432/common/javascriptPage.html"}]
Mar 05, 2013 1:00:12 PM org.openqa.selenium.remote.RemoteWebDriver log
INFO: Executed: [8b3bcef18cb03aea2365d8f03934f0a7, get {"url":"http://lwo1-dhp-f35258.synapse.com:6432/common/javascriptPage.html"}]
Mar 05, 2013 1:00:12 PM org.openqa.selenium.remote.RemoteWebDriver log
INFO: Executing: executeScript [8b3bcef18cb03aea2365d8f03934f0a7, executeScript {"script":"return arguments[0];","args":[1.2]}]
Mar 05, 2013 1:00:12 PM org.openqa.selenium.remote.RemoteWebDriver log
INFO: Executed: [8b3bcef18cb03aea2365d8f03934f0a7, executeScript {"script":"return arguments[0];","args":[1.2]}]
Mar 05, 2013 1:00:12 PM org.openqa.selenium.remote.RemoteWebDriver log
INFO: Executing: get [8b3bcef18cb03aea2365d8f03934f0a7, get {"url":"http://lwo1-dhp-f35258.synapse.com:6432/common/xhtmlTest.html"}]
Mar 05, 2013 1:00:12 PM org.openqa.selenium.remote.RemoteWebDriver log
INFO: Executed: [8b3bcef18cb03aea2365d8f03934f0a7, get {"url":"http://lwo1-dhp-f35258.synapse.com:6432/common/xhtmlTest.html"}]
Mar 05, 2013 1:00:12 PM org.openqa.selenium.remote.RemoteWebDriver log
INFO: Executing: executeScript [8b3bcef18cb03aea2365d8f03934f0a7, executeScript {"script":"return squiggle();","args":[]}]
Mar 05, 2013 1:00:12 PM org.openqa.selenium.remote.RemoteWebDriver log
INFO: Executed: [8b3bcef18cb03aea2365d8f03934f0a7, executeScript {"script":"return squiggle();","args":[]}]
Mar 05, 2013 1:00:12 PM org.openqa.selenium.remote.RemoteWebDriver log
INFO: Executing: get [8b3bcef18cb03aea2365d8f03934f0a7, get {"url":"http://lwo1-dhp-f35258.synapse.com:6432/common/javascriptPage.html"}]
Mar 05, 2013 1:00:12 PM org.openqa.selenium.remote.RemoteWebDriver log
INFO: Executed: [8b3bcef18cb03aea2365d8f03934f0a7, get {"url":"http://lwo1-dhp-f35258.synapse.com:6432/common/javascriptPage.html"}]
Mar 05, 2013 1:00:12 PM org.openqa.selenium.remote.RemoteWebDriver log
INFO: Executing: executeScript [8b3bcef18cb03aea2365d8f03934f0a7, executeScript {"script":"displayMessage('I like cheese');","args":[]}]
Mar 05, 2013 1:00:12 PM org.openqa.selenium.remote.RemoteWebDriver log
INFO: Executed: [8b3bcef18cb03aea2365d8f03934f0a7, executeScript {"script":"displayMessage('I like cheese');","args":[]}]
Mar 05, 2013 1:00:12 PM org.openqa.selenium.remote.RemoteWebDriver log
INFO: Executing: findElement [8b3bcef18cb03aea2365d8f03934f0a7, findElement {"using":"id","value":"result"}]
Mar 05, 2013 1:00:12 PM org.openqa.selenium.remote.RemoteWebDriver log
INFO: Executed: [8b3bcef18cb03aea2365d8f03934f0a7, findElement {"using":"id","value":"result"}]
Mar 05, 2013 1:00:12 PM org.openqa.selenium.remote.RemoteWebDriver log
INFO: Executing: getElementText [8b3bcef18cb03aea2365d8f03934f0a7, getElementText {"id":":wdc:1362481212406"}]
Mar 05, 2013 1:00:12 PM org.openqa.selenium.remote.RemoteWebDriver log
INFO: Executed: [8b3bcef18cb03aea2365d8f03934f0a7, getElementText {"id":":wdc:1362481212406"}]
Mar 05, 2013 1:00:12 PM org.openqa.selenium.remote.RemoteWebDriver log
INFO: Executing: get [8b3bcef18cb03aea2365d8f03934f0a7, get {"url":"http://lwo1-dhp-f35258.synapse.com:6432/common/javascriptPage.html"}]
Mar 05, 2013 1:00:12 PM org.openqa.selenium.remote.RemoteWebDriver log
INFO: Executed: [8b3bcef18cb03aea2365d8f03934f0a7, get {"url":"http://lwo1-dhp-f35258.synapse.com:6432/common/javascriptPage.html"}]
Mar 05, 2013 1:00:12 PM org.openqa.selenium.remote.RemoteWebDriver log
INFO: Executing: executeScript [8b3bcef18cb03aea2365d8f03934f0a7, executeScript {"script":"return arguments[0] == 'fish' ? 'fish' : 'not fish';","args":["fish"]}]
Mar 05, 2013 1:00:12 PM org.openqa.selenium.remote.RemoteWebDriver log
INFO: Executed: [8b3bcef18cb03aea2365d8f03934f0a7, executeScript {"script":"return arguments[0] == 'fish' ? 'fish' : 'not fish';","args":["fish"]}]
Mar 05, 2013 1:00:12 PM org.openqa.selenium.remote.RemoteWebDriver log
INFO: Executing: get [8b3bcef18cb03aea2365d8f03934f0a7, get {"url":"http://lwo1-dhp-f35258.synapse.com:6432/common/javascriptPage.html"}]
Mar 05, 2013 1:00:12 PM org.openqa.selenium.remote.RemoteWebDriver log
INFO: Executed: [8b3bcef18cb03aea2365d8f03934f0a7, get {"url":"http://lwo1-dhp-f35258.synapse.com:6432/common/javascriptPage.html"}]
Mar 05, 2013 1:00:12 PM org.openqa.selenium.remote.RemoteWebDriver log
INFO: Executing: executeScript [8b3bcef18cb03aea2365d8f03934f0a7, executeScript {"script":"return arguments[0] == true;","args":[true]}]
Mar 05, 2013 1:00:12 PM org.openqa.selenium.remote.RemoteWebDriver log
INFO: Executed: [8b3bcef18cb03aea2365d8f03934f0a7, executeScript {"script":"return arguments[0] == true;","args":[true]}]
Mar 05, 2013 1:00:12 PM org.openqa.selenium.remote.RemoteWebDriver log
INFO: Executing: get [8b3bcef18cb03aea2365d8f03934f0a7, get {"url":"http://lwo1-dhp-f35258.synapse.com:6432/common/javascriptPage.html"}]
Mar 05, 2013 1:00:12 PM org.openqa.selenium.remote.RemoteWebDriver log
INFO: Executed: [8b3bcef18cb03aea2365d8f03934f0a7, get {"url":"http://lwo1-dhp-f35258.synapse.com:6432/common/javascriptPage.html"}]
Mar 05, 2013 1:00:12 PM org.openqa.selenium.remote.RemoteWebDriver log
INFO: Executing: executeScript [8b3bcef18cb03aea2365d8f03934f0a7, executeScript {"script":"return arguments[0] == 1 ? true : false;","args":[1]}]
Mar 05, 2013 1:00:12 PM org.openqa.selenium.remote.RemoteWebDriver log
INFO: Executed: [8b3bcef18cb03aea2365d8f03934f0a7, executeScript {"script":"return arguments[0] == 1 ? true : false;","args":[1]}]
Mar 05, 2013 1:00:12 PM org.openqa.selenium.remote.RemoteWebDriver log
INFO: Executing: get [8b3bcef18cb03aea2365d8f03934f0a7, get {"url":"http://lwo1-dhp-f35258.synapse.com:6432/common/javascriptPage.html"}]
Mar 05, 2013 1:00:12 PM org.openqa.selenium.remote.RemoteWebDriver log
INFO: Executed: [8b3bcef18cb03aea2365d8f03934f0a7, get {"url":"http://lwo1-dhp-f35258.synapse.com:6432/common/javascriptPage.html"}]
Mar 05, 2013 1:00:12 PM org.openqa.selenium.remote.RemoteWebDriver log
INFO: Executing: findElement [8b3bcef18cb03aea2365d8f03934f0a7, findElement {"using":"id","value":"plainButton"}]
Mar 05, 2013 1:00:12 PM org.openqa.selenium.remote.RemoteWebDriver log
INFO: Executed: [8b3bcef18cb03aea2365d8f03934f0a7, findElement {"using":"id","value":"plainButton"}]
Mar 05, 2013 1:00:12 PM org.openqa.selenium.remote.RemoteWebDriver log
INFO: Executing: executeScript [8b3bcef18cb03aea2365d8f03934f0a7, executeScript {"script":"arguments[0]['flibble'] = arguments[0].getAttribute('id'); return arguments[0]['flibble'];","args":[{"ELEMENT":":wdc:1362481212514"}]}]
Mar 05, 2013 1:00:12 PM org.openqa.selenium.remote.RemoteWebDriver log
INFO: Executed: [8b3bcef18cb03aea2365d8f03934f0a7, executeScript {"script":"arguments[0]['flibble'] = arguments[0].getAttribute('id'); return arguments[0]['flibble'];","args":[{"ELEMENT":":wdc:1362481212514"}]}]
Mar 05, 2013 1:00:12 PM org.openqa.selenium.remote.RemoteWebDriver log
INFO: Executing: get [8b3bcef18cb03aea2365d8f03934f0a7, get {"url":"http://lwo1-dhp-f35258.synapse.com:6432/common/javascriptPage.html"}]
Mar 05, 2013 1:00:12 PM org.openqa.selenium.remote.RemoteWebDriver log
INFO: Executed: [8b3bcef18cb03aea2365d8f03934f0a7, get {"url":"http://lwo1-dhp-f35258.synapse.com:6432/common/javascriptPage.html"}]
Mar 05, 2013 1:00:12 PM org.openqa.selenium.remote.RemoteWebDriver log
INFO: Executing: executeScript [8b3bcef18cb03aea2365d8f03934f0a7, executeScript {"script":"return arguments[0]","args":["zero",1,true,3.14159,false]}]
Mar 05, 2013 1:00:12 PM org.openqa.selenium.remote.RemoteWebDriver log
INFO: Executed: [8b3bcef18cb03aea2365d8f03934f0a7, executeScript {"script":"return arguments[0]","args":["zero",1,true,3.14159,false]}]
Mar 05, 2013 1:00:12 PM org.openqa.selenium.remote.RemoteWebDriver log
INFO: Executing: get [8b3bcef18cb03aea2365d8f03934f0a7, get {"url":"http://lwo1-dhp-f35258.synapse.com:6432/common/javascriptPage.html"}]
Mar 05, 2013 1:00:12 PM org.openqa.selenium.remote.RemoteWebDriver log
INFO: Executed: [8b3bcef18cb03aea2365d8f03934f0a7, get {"url":"http://lwo1-dhp-f35258.synapse.com:6432/common/javascriptPage.html"}]
Mar 05, 2013 1:00:12 PM org.openqa.selenium.remote.RemoteWebDriver log
INFO: Executing: executeScript [8b3bcef18cb03aea2365d8f03934f0a7, executeScript {"script":"return arguments[1].length","args":["string",["zero",1,true,3.14159,false]]}]
Mar 05, 2013 1:00:12 PM org.openqa.selenium.remote.RemoteWebDriver log
INFO: Executed: [8b3bcef18cb03aea2365d8f03934f0a7, executeScript {"script":"return arguments[1].length","args":["string",["zero",1,true,3.14159,false]]}]
Mar 05, 2013 1:00:12 PM org.openqa.selenium.remote.RemoteWebDriver log
INFO: Executing: get [8b3bcef18cb03aea2365d8f03934f0a7, get {"url":"http://lwo1-dhp-f35258.synapse.com:6432/common/javascriptPage.html"}]
Mar 05, 2013 1:00:12 PM org.openqa.selenium.remote.RemoteWebDriver log
INFO: Executed: [8b3bcef18cb03aea2365d8f03934f0a7, get {"url":"http://lwo1-dhp-f35258.synapse.com:6432/common/javascriptPage.html"}]
Mar 05, 2013 1:00:12 PM org.openqa.selenium.remote.RemoteWebDriver log
INFO: Executing: executeScript [8b3bcef18cb03aea2365d8f03934f0a7, executeScript {"script":"return arguments[0].length","args":[["Cheddar","Brie",7]]}]
Mar 05, 2013 1:00:12 PM org.openqa.selenium.remote.RemoteWebDriver log
INFO: Executed: [8b3bcef18cb03aea2365d8f03934f0a7, executeScript {"script":"return arguments[0].length","args":[["Cheddar","Brie",7]]}]
Mar 05, 2013 1:00:12 PM org.openqa.selenium.remote.RemoteWebDriver log
INFO: Executing: executeScript [8b3bcef18cb03aea2365d8f03934f0a7, executeScript {"script":"return arguments[0].length","args":[["Stilton",true,"Gouda"]]}]
Mar 05, 2013 1:00:12 PM org.openqa.selenium.remote.RemoteWebDriver log
INFO: Executed: [8b3bcef18cb03aea2365d8f03934f0a7, executeScript {"script":"return arguments[0].length","args":[["Stilton",true,"Gouda"]]}]
Mar 05, 2013 1:00:12 PM org.openqa.selenium.remote.RemoteWebDriver log
INFO: Executing: get [8b3bcef18cb03aea2365d8f03934f0a7, get {"url":"http://lwo1-dhp-f35258.synapse.com:6432/common/javascriptPage.html"}]
Mar 05, 2013 1:00:12 PM org.openqa.selenium.remote.RemoteWebDriver log
INFO: Executed: [8b3bcef18cb03aea2365d8f03934f0a7, get {"url":"http://lwo1-dhp-f35258.synapse.com:6432/common/javascriptPage.html"}]
Mar 05, 2013 1:00:12 PM org.openqa.selenium.remote.RemoteWebDriver log
INFO: Executing: get [8b3bcef18cb03aea2365d8f03934f0a7, get {"url":"http://lwo1-dhp-f35258.synapse.com:6432/common/javascriptPage.html"}]
Mar 05, 2013 1:00:12 PM org.openqa.selenium.remote.RemoteWebDriver log
INFO: Executed: [8b3bcef18cb03aea2365d8f03934f0a7, get {"url":"http://lwo1-dhp-f35258.synapse.com:6432/common/javascriptPage.html"}]
Mar 05, 2013 1:00:12 PM org.openqa.selenium.remote.RemoteWebDriver log
INFO: Executing: executeScript [8b3bcef18cb03aea2365d8f03934f0a7, executeScript {"script":"return arguments[0] + arguments[1];","args":["one","two"]}]
Mar 05, 2013 1:00:12 PM org.openqa.selenium.remote.RemoteWebDriver log
INFO: Executed: [8b3bcef18cb03aea2365d8f03934f0a7, executeScript {"script":"return arguments[0] + arguments[1];","args":["one","two"]}]
Mar 05, 2013 1:00:12 PM org.openqa.selenium.remote.RemoteWebDriver log
INFO: Executing: get [8b3bcef18cb03aea2365d8f03934f0a7, get {"url":"http://lwo1-dhp-f35258.synapse.com:6432/common/rich_text.html"}]
Mar 05, 2013 1:00:12 PM org.openqa.selenium.remote.RemoteWebDriver log
INFO: Executed: [8b3bcef18cb03aea2365d8f03934f0a7, get {"url":"http://lwo1-dhp-f35258.synapse.com:6432/common/rich_text.html"}]
Mar 05, 2013 1:00:12 PM org.openqa.selenium.remote.RemoteWebDriver log
INFO: Executing: switchToFrame [8b3bcef18cb03aea2365d8f03934f0a7, switchToFrame {"id":"editFrame"}]
Mar 05, 2013 1:00:12 PM org.openqa.selenium.remote.RemoteWebDriver log
INFO: Executed: [8b3bcef18cb03aea2365d8f03934f0a7, switchToFrame {"id":"editFrame"}]
Mar 05, 2013 1:00:12 PM org.openqa.selenium.remote.RemoteWebDriver log
INFO: Executing: executeScript [8b3bcef18cb03aea2365d8f03934f0a7, executeScript {"script":"return document.body","args":[]}]
Mar 05, 2013 1:00:12 PM org.openqa.selenium.remote.RemoteWebDriver log
INFO: Executed: [8b3bcef18cb03aea2365d8f03934f0a7, executeScript {"script":"return document.body","args":[]}]
Mar 05, 2013 1:00:12 PM org.openqa.selenium.remote.RemoteWebDriver log
INFO: Executing: getElementText [8b3bcef18cb03aea2365d8f03934f0a7, getElementText {"id":":wdc:1362481212657"}]
Mar 05, 2013 1:00:12 PM org.openqa.selenium.remote.RemoteWebDriver log
INFO: Executed: [8b3bcef18cb03aea2365d8f03934f0a7, getElementText {"id":":wdc:1362481212657"}]
Mar 05, 2013 1:00:12 PM org.openqa.selenium.remote.RemoteWebDriver log
INFO: Executing: switchToFrame [8b3bcef18cb03aea2365d8f03934f0a7, switchToFrame {"id":null}]
Mar 05, 2013 1:00:12 PM org.openqa.selenium.remote.RemoteWebDriver log
INFO: Executed: [8b3bcef18cb03aea2365d8f03934f0a7, switchToFrame {"id":null}]
Mar 05, 2013 1:00:12 PM org.openqa.selenium.remote.RemoteWebDriver log
INFO: Executing: get [8b3bcef18cb03aea2365d8f03934f0a7, get {"url":"http://lwo1-dhp-f35258.synapse.com:6432/common/formPage.html"}]
Mar 05, 2013 1:00:12 PM org.openqa.selenium.remote.RemoteWebDriver log
INFO: Executed: [8b3bcef18cb03aea2365d8f03934f0a7, get {"url":"http://lwo1-dhp-f35258.synapse.com:6432/common/formPage.html"}]
Mar 05, 2013 1:00:12 PM org.openqa.selenium.remote.RemoteWebDriver log
INFO: Executing: executeScript [8b3bcef18cb03aea2365d8f03934f0a7, executeScript {"script":"return document.getElementsByName('snack');","args":[]}]
Mar 05, 2013 1:00:12 PM org.openqa.selenium.remote.RemoteWebDriver log
INFO: Executed: [8b3bcef18cb03aea2365d8f03934f0a7, executeScript {"script":"return document.getElementsByName('snack');","args":[]}]
Mar 05, 2013 1:00:12 PM org.openqa.selenium.remote.RemoteWebDriver log
INFO: Executing: get [8b3bcef18cb03aea2365d8f03934f0a7, get {"url":"http://lwo1-dhp-f35258.synapse.com:6432/common/javascriptPage.html"}]
Mar 05, 2013 1:00:12 PM org.openqa.selenium.remote.RemoteWebDriver log
INFO: Executed: [8b3bcef18cb03aea2365d8f03934f0a7, get {"url":"http://lwo1-dhp-f35258.synapse.com:6432/common/javascriptPage.html"}]
Mar 05, 2013 1:00:12 PM org.openqa.selenium.remote.RemoteWebDriver log
INFO: Executing: executeScript [8b3bcef18cb03aea2365d8f03934f0a7, executeScript {"script":"return '';","args":[]}]
Mar 05, 2013 1:00:12 PM org.openqa.selenium.remote.RemoteWebDriver log
INFO: Executed: [8b3bcef18cb03aea2365d8f03934f0a7, executeScript {"script":"return '';","args":[]}]
Mar 05, 2013 1:00:12 PM org.openqa.selenium.remote.RemoteWebDriver log
INFO: Executing: executeScript [8b3bcef18cb03aea2365d8f03934f0a7, executeScript {"script":"return undefined;","args":[]}]
Mar 05, 2013 1:00:12 PM org.openqa.selenium.remote.RemoteWebDriver log
INFO: Executed: [8b3bcef18cb03aea2365d8f03934f0a7, executeScript {"script":"return undefined;","args":[]}]
Mar 05, 2013 1:00:12 PM org.openqa.selenium.remote.RemoteWebDriver log
INFO: Executing: executeScript [8b3bcef18cb03aea2365d8f03934f0a7, executeScript {"script":"return ' '","args":[]}]
Mar 05, 2013 1:00:12 PM org.openqa.selenium.remote.RemoteWebDriver log
INFO: Executed: [8b3bcef18cb03aea2365d8f03934f0a7, executeScript {"script":"return ' '","args":[]}]
Mar 05, 2013 1:00:12 PM org.openqa.selenium.remote.RemoteWebDriver log
INFO: Executing: get [8b3bcef18cb03aea2365d8f03934f0a7, get {"url":"http://lwo1-dhp-f35258.synapse.com:6432/common/javascriptPage.html"}]
Mar 05, 2013 1:00:12 PM org.openqa.selenium.remote.RemoteWebDriver log
INFO: Executed: [8b3bcef18cb03aea2365d8f03934f0a7, get {"url":"http://lwo1-dhp-f35258.synapse.com:6432/common/javascriptPage.html"}]
Mar 05, 2013 1:00:12 PM org.openqa.selenium.remote.RemoteWebDriver log
INFO: Executing: executeScript [8b3bcef18cb03aea2365d8f03934f0a7, executeScript {"script":"/*!\n * jQuery JavaScript Library v1.3.2\n * http://jquery.com/\n *\n * Copyright (c) 2009 John Resig\n * Dual licensed under the MIT and GPL licenses.\n * http://docs.jquery.com/License\n *\n * Date: 2009-02-19 17:34:21 -0500 (Thu, 19 Feb 2009)\n * Revision: 6246\n */\n(function(){\n\nvar \n\t// Will speed up references to window, and allows munging its name.\n\twindow = this,\n\t// Will speed up references to undefined, and allows munging its name.\n\tundefined,\n\t// Map over jQuery in case of overwrite\n\t_jQuery = window.jQuery,\n\t// Map over the $ in case of overwrite\n\t_$ = window.$,\n\n\tjQuery = window.jQuery = window.$ = function( selector, context ) {\n\t\t// The jQuery object is actually just the init constructor 'enhanced'\n\t\treturn new jQuery.fn.init( selector, context );\n\t},\n\n\t// A simple way to check for HTML strings or ID strings\n\t// (both of which we optimize for)\n\tquickExpr = /^[^<]*(<(.|\\s)+>)[^>]*$|^#([\\w-]+)$/,\n\t// Is it a simple selector\n\tisSimple = /^.[^:#\\[\\.,]*$/;\n\njQuery.fn = jQuery.prototype = {\n\tinit: function( selector, context ) {\n\t\t// Make sure that a selection was provided\n\t\tselector = selector || document;\n\n\t\t// Handle $(DOMElement)\n\t\tif ( selector.nodeType ) {\n\t\t\tthis[0] = selector;\n\t\t\tthis.length = 1;\n\t\t\tthis.context = selector;\n\t\t\treturn this;\n\t\t}\n\t\t// Handle HTML strings\n\t\tif ( typeof selector === \"string\" ) {\n\t\t\t// Are we dealing with HTML string or an ID?\n\t\t\tvar match = quickExpr.exec( selector );\n\n\t\t\t// Verify a match, and that no context was specified for #id\n\t\t\tif ( match && (match[1] || !context) ) {\n\n\t\t\t\t// HANDLE: $(html) -> $(array)\n\t\t\t\tif ( match[1] )\n\t\t\t\t\tselector = jQuery.clean( [ match[1] ], context );\n\n\t\t\t\t// HANDLE: $(\"#id\")\n\t\t\t\telse {\n\t\t\t\t\tvar elem = document.getElementById( match[3] );\n\n\t\t\t\t\t// Handle the case where IE and Opera return items\n\t\t\t\t\t// by name instead of ID\n\t\t\t\t\tif ( elem && elem.id != match[3] )\n\t\t\t\t\t\treturn jQuery().find( selector );\n\n\t\t\t\t\t// Otherwise, we inject the element directly into the jQuery object\n\t\t\t\t\tvar ret = jQuery( elem || [] );\n\t\t\t\t\tret.context = document;\n\t\t\t\t\tret.selector = selector;\n\t\t\t\t\treturn ret;\n\t\t\t\t}\n\n\t\t\t// HANDLE: $(expr, [context])\n\t\t\t// (which is just equivalent to: $(content).find(expr)\n\t\t\t} else\n\t\t\t\treturn jQuery( context ).find( selector );\n\n\t\t// HANDLE: $(function)\n\t\t// Shortcut for document ready\n\t\t} else if ( jQuery.isFunction( selector ) )\n\t\t\treturn jQuery( document ).ready( selector );\n\n\t\t// Make sure that old selector state is passed along\n\t\tif ( selector.selector && selector.context ) {\n\t\t\tthis.selector = selector.selector;\n\t\t\tthis.context = selector.context;\n\t\t}\n\n\t\treturn this.setArray(jQuery.isArray( selector ) ?\n\t\t\tselector :\n\t\t\tjQuery.makeArray(selector));\n\t},\n\n\t// Start with an empty selector\n\tselector: \"\",\n\n\t// The current version of jQuery being used\n\tjquery: \"1.3.2\",\n\n\t// The number of elements contained in the matched element set\n\tsize: function() {\n\t\treturn this.length;\n\t},\n\n\t// Get the Nth element in the matched element set OR\n\t// Get the whole matched element set as a clean array\n\tget: function( num ) {\n\t\treturn num === undefined ?\n\n\t\t\t// Return a 'clean' array\n\t\t\tArray.prototype.slice.call( this ) :\n\n\t\t\t// Return just the object\n\t\t\tthis[ num ];\n\t},\n\n\t// Take an array of elements and push it onto the stack\n\t// (returning the new matched element set)\n\tpushStack: function( elems, name, selector ) {\n\t\t// Build a new jQuery matched element set\n\t\tvar ret = jQuery( elems );\n\n\t\t// Add the old object onto the stack (as a reference)\n\t\tret.prevObject = this;\n\n\t\tret.context = this.context;\n\n\t\tif ( name === \"find\" )\n\t\t\tret.selector = this.selector + (this.selector ? \" \" : \"\") + selector;\n\t\telse if ( name )\n\t\t\tret.selector = this.selector + \".\" + name + \"(\" + selector + \")\";\n\n\t\t// Return the newly-formed element set\n\t\treturn ret;\n\t},\n\n\t// Force the current matched set of elements to become\n\t// the specified array of elements (destroying the stack in the process)\n\t// You should use pushStack() in order to do this, but maintain the stack\n\tsetArray: function( elems ) {\n\t\t// Resetting the length to 0, then using the native Array push\n\t\t// is a super-fast way to populate an object with array-like properties\n\t\tthis.length = 0;\n\t\tArray.prototype.push.apply( this, elems );\n\n\t\treturn this;\n\t},\n\n\t// Execute a callback for every element in the matched set.\n\t// (You can seed the arguments with an array of args, but this is\n\t// only used internally.)\n\teach: function( callback, args ) {\n\t\treturn jQuery.each( this, callback, args );\n\t},\n\n\t// Determine the position of an element within\n\t// the matched set of elements\n\tindex: function( elem ) {\n\t\t// Locate the position of the desired element\n\t\treturn jQuery.inArray(\n\t\t\t// If it receives a jQuery object, the first element is used\n\t\t\telem && elem.jquery ? elem[0] : elem\n\t\t, this );\n\t},\n\n\tattr: function( name, value, type ) {\n\t\tvar options = name;\n\n\t\t// Look for the case where we're accessing a style value\n\t\tif ( typeof name === \"string\" )\n\t\t\tif ( value === undefined )\n\t\t\t\treturn this[0] && jQuery[ type || \"attr\" ]( this[0], name );\n\n\t\t\telse {\n\t\t\t\toptions = {};\n\t\t\t\toptions[ name ] = value;\n\t\t\t}\n\n\t\t// Check to see if we're setting style values\n\t\treturn this.each(function(i){\n\t\t\t// Set all the styles\n\t\t\tfor ( name in options )\n\t\t\t\tjQuery.attr(\n\t\t\t\t\ttype ?\n\t\t\t\t\t\tthis.style :\n\t\t\t\t\t\tthis,\n\t\t\t\t\tname, jQuery.prop( this, options[ name ], type, i, name )\n\t\t\t\t);\n\t\t});\n\t},\n\n\tcss: function( key, value ) {\n\t\t// ignore negative width and height values\n\t\tif ( (key == 'width' || key == 'height') && parseFloat(value) < 0 )\n\t\t\tvalue = undefined;\n\t\treturn this.attr( key, value, \"curCSS\" );\n\t},\n\n\ttext: function( text ) {\n\t\tif ( typeof text !== \"object\" && text != null )\n\t\t\treturn this.empty().append( (this[0] && this[0].ownerDocument || document).createTextNode( text ) );\n\n\t\tvar ret = \"\";\n\n\t\tjQuery.each( text || this, function(){\n\t\t\tjQuery.each( this.childNodes, function(){\n\t\t\t\tif ( this.nodeType != 8 )\n\t\t\t\t\tret += this.nodeType != 1 ?\n\t\t\t\t\t\tthis.nodeValue :\n\t\t\t\t\t\tjQuery.fn.text( [ this ] );\n\t\t\t});\n\t\t});\n\n\t\treturn ret;\n\t},\n\n\twrapAll: function( html ) {\n\t\tif ( this[0] ) {\n\t\t\t// The elements to wrap the target around\n\t\t\tvar wrap = jQuery( html, this[0].ownerDocument ).clone();\n\n\t\t\tif ( this[0].parentNode )\n\t\t\t\twrap.insertBefore( this[0] );\n\n\t\t\twrap.map(function(){\n\t\t\t\tvar elem = this;\n\n\t\t\t\twhile ( elem.firstChild )\n\t\t\t\t\telem = elem.firstChild;\n\n\t\t\t\treturn elem;\n\t\t\t}).append(this);\n\t\t}\n\n\t\treturn this;\n\t},\n\n\twrapInner: function( html ) {\n\t\treturn this.each(function(){\n\t\t\tjQuery( this ).contents().wrapAll( html );\n\t\t});\n\t},\n\n\twrap: function( html ) {\n\t\treturn this.each(function(){\n\t\t\tjQuery( this ).wrapAll( html );\n\t\t});\n\t},\n\n\tappend: function() {\n\t\treturn this.domManip(arguments, true, function(elem){\n\t\t\tif (this.nodeType == 1)\n\t\t\t\tthis.appendChild( elem );\n\t\t});\n\t},\n\n\tprepend: function() {\n\t\treturn this.domManip(arguments, true, function(elem){\n\t\t\tif (this.nodeType == 1)\n\t\t\t\tthis.insertBefore( elem, this.firstChild );\n\t\t});\n\t},\n\n\tbefore: function() {\n\t\treturn this.domManip(arguments, false, function(elem){\n\t\t\tthis.parentNode.insertBefore( elem, this );\n\t\t});\n\t},\n\n\tafter: function() {\n\t\treturn this.domManip(arguments, false, function(elem){\n\t\t\tthis.parentNode.insertBefore( elem, this.nextSibling );\n\t\t});\n\t},\n\n\tend: function() {\n\t\treturn this.prevObject || jQuery( [] );\n\t},\n\n\t// For internal use only.\n\t// Behaves like an Array's method, not like a jQuery method.\n\tpush: [].push,\n\tsort: [].sort,\n\tsplice: [].splice,\n\n\tfind: function( selector ) {\n\t\tif ( this.length === 1 ) {\n\t\t\tvar ret = this.pushStack( [], \"find\", selector );\n\t\t\tret.length = 0;\n\t\t\tjQuery.find( selector, this[0], ret );\n\t\t\treturn ret;\n\t\t} else {\n\t\t\treturn this.pushStack( jQuery.unique(jQuery.map(this, function(elem){\n\t\t\t\treturn jQuery.find( selector, elem );\n\t\t\t})), \"find\", selector );\n\t\t}\n\t},\n\n\tclone: function( events ) {\n\t\t// Do the clone\n\t\tvar ret = this.map(function(){\n\t\t\tif ( !jQuery.support.noCloneEvent && !jQuery.isXMLDoc(this) ) {\n\t\t\t\t// IE copies events bound via attachEvent when\n\t\t\t\t// using cloneNode. Calling detachEvent on the\n\t\t\t\t// clone will also remove the events from the orignal\n\t\t\t\t// In order to get around this, we use innerHTML.\n\t\t\t\t// Unfortunately, this means some modifications to\n\t\t\t\t// attributes in IE that are actually only stored\n\t\t\t\t// as properties will not be copied (such as the\n\t\t\t\t// the name attribute on an input).\n\t\t\t\tvar html = this.outerHTML;\n\t\t\t\tif ( !html ) {\n\t\t\t\t\tvar div = this.ownerDocument.createElement(\"div\");\n\t\t\t\t\tdiv.appendChild( this.cloneNode(true) );\n\t\t\t\t\thtml = div.innerHTML;\n\t\t\t\t}\n\n\t\t\t\treturn jQuery.clean([html.replace(/ jQuery\\d+=\"(?:\\d+|null)\"/g, \"\").replace(/^\\s*/, \"\")])[0];\n\t\t\t} else\n\t\t\t\treturn this.cloneNode(true);\n\t\t});\n\n\t\t// Copy the events from the original to the clone\n\t\tif ( events === true ) {\n\t\t\tvar orig = this.find(\"*\").andSelf(), i = 0;\n\n\t\t\tret.find(\"*\").andSelf().each(function(){\n\t\t\t\tif ( this.nodeName !== orig[i].nodeName )\n\t\t\t\t\treturn;\n\n\t\t\t\tvar events = jQuery.data( orig[i], \"events\" );\n\n\t\t\t\tfor ( var type in events ) {\n\t\t\t\t\tfor ( var handler in events[ type ] ) {\n\t\t\t\t\t\tjQuery.event.add( this, type, events[ type ][ handler ], events[ type ][ handler ].data );\n\t\t\t\t\t}\n\t\t\t\t}\n\n\t\t\t\ti++;\n\t\t\t});\n\t\t}\n\n\t\t// Return the cloned set\n\t\treturn ret;\n\t},\n\n\tfilter: function( selector ) {\n\t\treturn this.pushStack(\n\t\t\tjQuery.isFunction( selector ) &&\n\t\t\tjQuery.grep(this, function(elem, i){\n\t\t\t\treturn selector.call( elem, i );\n\t\t\t}) ||\n\n\t\t\tjQuery.multiFilter( selector, jQuery.grep(this, function(elem){\n\t\t\t\treturn elem.nodeType === 1;\n\t\t\t}) ), \"filter\", selector );\n\t},\n\n\tclosest: function( selector ) {\n\t\tvar pos = jQuery.expr.match.POS.test( selector ) ? jQuery(selector) : null,\n\t\t\tcloser = 0;\n\n\t\treturn this.map(function(){\n\t\t\tvar cur = this;\n\t\t\twhile ( cur && cur.ownerDocument ) {\n\t\t\t\tif ( pos ? pos.index(cur) > -1 : jQuery(cur).is(selector) ) {\n\t\t\t\t\tjQuery.data(cur, \"closest\", closer);\n\t\t\t\t\treturn cur;\n\t\t\t\t}\n\t\t\t\tcur = cur.parentNode;\n\t\t\t\tcloser++;\n\t\t\t}\n\t\t});\n\t},\n\n\tnot: function( selector ) {\n\t\tif ( typeof selector === \"string\" )\n\t\t\t// test special case where just one selector is passed in\n\t\t\tif ( isSimple.test( selector ) )\n\t\t\t\treturn this.pushStack( jQuery.multiFilter( selector, this, true ), \"not\", selector );\n\t\t\telse\n\t\t\t\tselector = jQuery.multiFilter( selector, this );\n\n\t\tvar isArrayLike = selector.length && selector[selector.length - 1] !== undefined && !selector.nodeType;\n\t\treturn this.filter(function() {\n\t\t\treturn isArrayLike ? jQuery.inArray( this, selector ) < 0 : this != selector;\n\t\t});\n\t},\n\n\tadd: function( selector ) {\n\t\treturn this.pushStack( jQuery.unique( jQuery.merge(\n\t\t\tthis.get(),\n\t\t\ttypeof selector === \"string\" ?\n\t\t\t\tjQuery( selector ) :\n\t\t\t\tjQuery.makeArray( selector )\n\t\t)));\n\t},\n\n\tis: function( selector ) {\n\t\treturn !!selector && jQuery.multiFilter( selector, this ).length > 0;\n\t},\n\n\thasClass: function( selector ) {\n\t\treturn !!selector && this.is( \".\" + selector );\n\t},\n\n\tval: function( value ) {\n\t\tif ( value === undefined ) {\t\t\t\n\t\t\tvar elem = this[0];\n\n\t\t\tif ( elem ) {\n\t\t\t\tif( jQuery.nodeName( elem, 'option' ) )\n\t\t\t\t\treturn (elem.attributes.value || {}).specified ? elem.value : elem.text;\n\t\t\t\t\n\t\t\t\t// We need to handle select boxes special\n\t\t\t\tif ( jQuery.nodeName( elem, \"select\" ) ) {\n\t\t\t\t\tvar index = elem.selectedIndex,\n\t\t\t\t\t\tvalues = [],\n\t\t\t\t\t\toptions = elem.options,\n\t\t\t\t\t\tone = elem.type == \"select-one\";\n\n\t\t\t\t\t// Nothing was selected\n\t\t\t\t\tif ( index < 0 )\n\t\t\t\t\t\treturn null;\n\n\t\t\t\t\t// Loop through all the selected options\n\t\t\t\t\tfor ( var i = one ? index : 0, max = one ? index + 1 : options.length; i < max; i++ ) {\n\t\t\t\t\t\tvar option = options[ i ];\n\n\t\t\t\t\t\tif ( option.selected ) {\n\t\t\t\t\t\t\t// Get the specifc value for the option\n\t\t\t\t\t\t\tvalue = jQuery(option).val();\n\n\t\t\t\t\t\t\t// We don't need an array for one selects\n\t\t\t\t\t\t\tif ( one )\n\t\t\t\t\t\t\t\treturn value;\n\n\t\t\t\t\t\t\t// Multi-Selects return an array\n\t\t\t\t\t\t\tvalues.push( value );\n\t\t\t\t\t\t}\n\t\t\t\t\t}\n\n\t\t\t\t\treturn values;\t\t\t\t\n\t\t\t\t}\n\n\t\t\t\t// Everything else, we just grab the value\n\t\t\t\treturn (elem.value || \"\").replace(/\\r/g, \"\");\n\n\t\t\t}\n\n\t\t\treturn undefined;\n\t\t}\n\n\t\tif ( typeof value === \"number\" )\n\t\t\tvalue += '';\n\n\t\treturn this.each(function(){\n\t\t\tif ( this.nodeType != 1 )\n\t\t\t\treturn;\n\n\t\t\tif ( jQuery.isArray(value) && /radio|checkbox/.test( this.type ) )\n\t\t\t\tthis.checked = (jQuery.inArray(this.value, value) >= 0 ||\n\t\t\t\t\tjQuery.inArray(this.name, value) >= 0);\n\n\t\t\telse if ( jQuery.nodeName( this, \"select\" ) ) {\n\t\t\t\tvar values = jQuery.makeArray(value);\n\n\t\t\t\tjQuery( \"option\", this ).each(function(){\n\t\t\t\t\tthis.selected = (jQuery.inArray( this.value, values ) >= 0 ||\n\t\t\t\t\t\tjQuery.inArray( this.text, values ) >= 0);\n\t\t\t\t});\n\n\t\t\t\tif ( !values.length )\n\t\t\t\t\tthis.selectedIndex = -1;\n\n\t\t\t} else\n\t\t\t\tthis.value = value;\n\t\t});\n\t},\n\n\thtml: function( value ) {\n\t\treturn value === undefined ?\n\t\t\t(this[0] ?\n\t\t\t\tthis[0].innerHTML.replace(/ jQuery\\d+=\"(?:\\d+|null)\"/g, \"\") :\n\t\t\t\tnull) :\n\t\t\tthis.empty().append( value );\n\t},\n\n\treplaceWith: function( value ) {\n\t\treturn this.after( value ).remove();\n\t},\n\n\teq: function( i ) {\n\t\treturn this.slice( i, +i + 1 );\n\t},\n\n\tslice: function() {\n\t\treturn this.pushStack( Array.prototype.slice.apply( this, arguments ),\n\t\t\t\"slice\", Array.prototype.slice.call(arguments).join(\",\") );\n\t},\n\n\tmap: function( callback ) {\n\t\treturn this.pushStack( jQuery.map(this, function(elem, i){\n\t\t\treturn callback.call( elem, i, elem );\n\t\t}));\n\t},\n\n\tandSelf: function() {\n\t\treturn this.add( this.prevObject );\n\t},\n\n\tdomManip: function( args, table, callback ) {\n\t\tif ( this[0] ) {\n\t\t\tvar fragment = (this[0].ownerDocument || this[0]).createDocumentFragment(),\n\t\t\t\tscripts = jQuery.clean( args, (this[0].ownerDocument || this[0]), fragment ),\n\t\t\t\tfirst = fragment.firstChild;\n\n\t\t\tif ( first )\n\t\t\t\tfor ( var i = 0, l = this.length; i < l; i++ )\n\t\t\t\t\tcallback.call( root(this[i], first), this.length > 1 || i > 0 ?\n\t\t\t\t\t\t\tfragment.cloneNode(true) : fragment );\n\t\t\n\t\t\tif ( scripts )\n\t\t\t\tjQuery.each( scripts, evalScript );\n\t\t}\n\n\t\treturn this;\n\t\t\n\t\tfunction root( elem, cur ) {\n\t\t\treturn table && jQuery.nodeName(elem, \"table\") && jQuery.nodeName(cur, \"tr\") ?\n\t\t\t\t(elem.getElementsByTagName(\"tbody\")[0] ||\n\t\t\t\telem.appendChild(elem.ownerDocument.createElement(\"tbody\"))) :\n\t\t\t\telem;\n\t\t}\n\t}\n};\n\n// Give the init function the jQuery prototype for later instantiation\njQuery.fn.init.prototype = jQuery.fn;\n\nfunction evalScript( i, elem ) {\n\tif ( elem.src )\n\t\tjQuery.ajax({\n\t\t\turl: elem.src,\n\t\t\tasync: false,\n\t\t\tdataType: \"script\"\n\t\t});\n\n\telse\n\t\tjQuery.globalEval( elem.text || elem.textContent || elem.innerHTML || \"\" );\n\n\tif ( elem.parentNode )\n\t\telem.parentNode.removeChild( elem );\n}\n\nfunction now(){\n\treturn +new Date;\n}\n\njQuery.extend = jQuery.fn.extend = function() {\n\t// copy reference to target object\n\tvar target = arguments[0] || {}, i = 1, length = arguments.length, deep = false, options;\n\n\t// Handle a deep copy situation\n\tif ( typeof target === \"boolean\" ) {\n\t\tdeep = target;\n\t\ttarget = arguments[1] || {};\n\t\t// skip the boolean and the target\n\t\ti = 2;\n\t}\n\n\t// Handle case when target is a string or something (possible in deep copy)\n\tif ( typeof target !== \"object\" && !jQuery.isFunction(target) )\n\t\ttarget = {};\n\n\t// extend jQuery itself if only one argument is passed\n\tif ( length == i ) {\n\t\ttarget = this;\n\t\t--i;\n\t}\n\n\tfor ( ; i < length; i++ )\n\t\t// Only deal with non-null/undefined values\n\t\tif ( (options = arguments[ i ]) != null )\n\t\t\t// Extend the base object\n\t\t\tfor ( var name in options ) {\n\t\t\t\tvar src = target[ name ], copy = options[ name ];\n\n\t\t\t\t// Prevent never-ending loop\n\t\t\t\tif ( target === copy )\n\t\t\t\t\tcontinue;\n\n\t\t\t\t// Recurse if we're merging object values\n\t\t\t\tif ( deep && copy && typeof copy === \"object\" && !copy.nodeType )\n\t\t\t\t\ttarget[ name ] = jQuery.extend( deep, \n\t\t\t\t\t\t// Never move original objects, clone them\n\t\t\t\t\t\tsrc || ( copy.length != null ? [ ] : { } )\n\t\t\t\t\t, copy );\n\n\t\t\t\t// Don't bring in undefined values\n\t\t\t\telse if ( copy !== undefined )\n\t\t\t\t\ttarget[ name ] = copy;\n\n\t\t\t}\n\n\t// Return the modified object\n\treturn target;\n};\n\n// exclude the following css properties to add px\nvar\texclude = /z-?index|font-?weight|opacity|zoom|line-?height/i,\n\t// cache defaultView\n\tdefaultView = document.defaultView || {},\n\ttoString = Object.prototype.toString;\n\njQuery.extend({\n\tnoConflict: function( deep ) {\n\t\twindow.$ = _$;\n\n\t\tif ( deep )\n\t\t\twindow.jQuery = _jQuery;\n\n\t\treturn jQuery;\n\t},\n\n\t// See test/unit/core.js for details concerning isFunction.\n\t// Since version 1.3, DOM methods and functions like alert\n\t// aren't supported. They return false on IE (#2968).\n\tisFunction: function( obj ) {\n\t\treturn toString.call(obj) === \"[object Function]\";\n\t},\n\n\tisArray: function( obj ) {\n\t\treturn toString.call(obj) === \"[object Array]\";\n\t},\n\n\t// check if an element is in a (or is an) XML document\n\tisXMLDoc: function( elem ) {\n\t\treturn elem.nodeType === 9 && elem.documentElement.nodeName !== \"HTML\" ||\n\t\t\t!!elem.ownerDocument && jQuery.isXMLDoc( elem.ownerDocument );\n\t},\n\n\t// Evalulates a script in a global context\n\tglobalEval: function( data ) {\n\t\tif ( data && /\\S/.test(data) ) {\n\t\t\t// Inspired by code by Andrea Giammarchi\n\t\t\t// http://webreflection.blogspot.com/2007/08/global-scope-evaluation-and-dom.html\n\t\t\tvar head = document.getElementsByTagName(\"head\")[0] || document.documentElement,\n\t\t\t\tscript = document.createElement(\"script\");\n\n\t\t\tscript.type = \"text/javascript\";\n\t\t\tif ( jQuery.support.scriptEval )\n\t\t\t\tscript.appendChild( document.createTextNode( data ) );\n\t\t\telse\n\t\t\t\tscript.text = data;\n\n\t\t\t// Use insertBefore instead of appendChild  to circumvent an IE6 bug.\n\t\t\t// This arises when a base node is used (#2709).\n\t\t\thead.insertBefore( script, head.firstChild );\n\t\t\thead.removeChild( script );\n\t\t}\n\t},\n\n\tnodeName: function( elem, name ) {\n\t\treturn elem.nodeName && elem.nodeName.toUpperCase() == name.toUpperCase();\n\t},\n\n\t// args is for internal usage only\n\teach: function( object, callback, args ) {\n\t\tvar name, i = 0, length = object.length;\n\n\t\tif ( args ) {\n\t\t\tif ( length === undefined ) {\n\t\t\t\tfor ( name in object )\n\t\t\t\t\tif ( callback.apply( object[ name ], args ) === false )\n\t\t\t\t\t\tbreak;\n\t\t\t} else\n\t\t\t\tfor ( ; i < length; )\n\t\t\t\t\tif ( callback.apply( object[ i++ ], args ) === false )\n\t\t\t\t\t\tbreak;\n\n\t\t// A special, fast, case for the most common use of each\n\t\t} else {\n\t\t\tif ( length === undefined ) {\n\t\t\t\tfor ( name in object )\n\t\t\t\t\tif ( callback.call( object[ name ], name, object[ name ] ) === false )\n\t\t\t\t\t\tbreak;\n\t\t\t} else\n\t\t\t\tfor ( var value = object[0];\n\t\t\t\t\ti < length && callback.call( value, i, value ) !== false; value = object[++i] ){}\n\t\t}\n\n\t\treturn object;\n\t},\n\n\tprop: function( elem, value, type, i, name ) {\n\t\t// Handle executable functions\n\t\tif ( jQuery.isFunction( value ) )\n\t\t\tvalue = value.call( elem, i );\n\n\t\t// Handle passing in a number to a CSS property\n\t\treturn typeof value === \"number\" && type == \"curCSS\" && !exclude.test( name ) ?\n\t\t\tvalue + \"px\" :\n\t\t\tvalue;\n\t},\n\n\tclassName: {\n\t\t// internal only, use addClass(\"class\")\n\t\tadd: function( elem, classNames ) {\n\t\t\tjQuery.each((classNames || \"\").split(/\\s+/), function(i, className){\n\t\t\t\tif ( elem.nodeType == 1 && !jQuery.className.has( elem.className, className ) )\n\t\t\t\t\telem.className += (elem.className ? \" \" : \"\") + className;\n\t\t\t});\n\t\t},\n\n\t\t// internal only, use removeClass(\"class\")\n\t\tremove: function( elem, classNames ) {\n\t\t\tif (elem.nodeType == 1)\n\t\t\t\telem.className = classNames !== undefined ?\n\t\t\t\t\tjQuery.grep(elem.className.split(/\\s+/), function(className){\n\t\t\t\t\t\treturn !jQuery.className.has( classNames, className );\n\t\t\t\t\t}).join(\" \") :\n\t\t\t\t\t\"\";\n\t\t},\n\n\t\t// internal only, use hasClass(\"class\")\n\t\thas: function( elem, className ) {\n\t\t\treturn elem && jQuery.inArray( className, (elem.className || elem).toString().split(/\\s+/) ) > -1;\n\t\t}\n\t},\n\n\t// A method for quickly swapping in/out CSS properties to get correct calculations\n\tswap: function( elem, options, callback ) {\n\t\tvar old = {};\n\t\t// Remember the old values, and insert the new ones\n\t\tfor ( var name in options ) {\n\t\t\told[ name ] = elem.style[ name ];\n\t\t\telem.style[ name ] = options[ name ];\n\t\t}\n\n\t\tcallback.call( elem );\n\n\t\t// Revert the old values\n\t\tfor ( var name in options )\n\t\t\telem.style[ name ] = old[ name ];\n\t},\n\n\tcss: function( elem, name, force, extra ) {\n\t\tif ( name == \"width\" || name == \"height\" ) {\n\t\t\tvar val, props = { position: \"absolute\", visibility: \"hidden\", display:\"block\" }, which = name == \"width\" ? [ \"Left\", \"Right\" ] : [ \"Top\", \"Bottom\" ];\n\n\t\t\tfunction getWH() {\n\t\t\t\tval = name == \"width\" ? elem.offsetWidth : elem.offsetHeight;\n\n\t\t\t\tif ( extra === \"border\" )\n\t\t\t\t\treturn;\n\n\t\t\t\tjQuery.each( which, function() {\n\t\t\t\t\tif ( !extra )\n\t\t\t\t\t\tval -= parseFloat(jQuery.curCSS( elem, \"padding\" + this, true)) || 0;\n\t\t\t\t\tif ( extra === \"margin\" )\n\t\t\t\t\t\tval += parseFloat(jQuery.curCSS( elem, \"margin\" + this, true)) || 0;\n\t\t\t\t\telse\n\t\t\t\t\t\tval -= parseFloat(jQuery.curCSS( elem, \"border\" + this + \"Width\", true)) || 0;\n\t\t\t\t});\n\t\t\t}\n\n\t\t\tif ( elem.offsetWidth !== 0 )\n\t\t\t\tgetWH();\n\t\t\telse\n\t\t\t\tjQuery.swap( elem, props, getWH );\n\n\t\t\treturn Math.max(0, Math.round(val));\n\t\t}\n\n\t\treturn jQuery.curCSS( elem, name, force );\n\t},\n\n\tcurCSS: function( elem, name, force ) {\n\t\tvar ret, style = elem.style;\n\n\t\t// We need to handle opacity special in IE\n\t\tif ( name == \"opacity\" && !jQuery.support.opacity ) {\n\t\t\tret = jQuery.attr( style, \"opacity\" );\n\n\t\t\treturn ret == \"\" ?\n\t\t\t\t\"1\" :\n\t\t\t\tret;\n\t\t}\n\n\t\t// Make sure we're using the right name for getting the float value\n\t\tif ( name.match( /float/i ) )\n\t\t\tname = styleFloat;\n\n\t\tif ( !force && style && style[ name ] )\n\t\t\tret = style[ name ];\n\n\t\telse if ( defaultView.getComputedStyle ) {\n\n\t\t\t// Only \"float\" is needed here\n\t\t\tif ( name.match( /float/i ) )\n\t\t\t\tname = \"float\";\n\n\t\t\tname = name.replace( /([A-Z])/g, \"-$1\" ).toLowerCase();\n\n\t\t\tvar computedStyle = defaultView.getComputedStyle( elem, null );\n\n\t\t\tif ( computedStyle )\n\t\t\t\tret = computedStyle.getPropertyValue( name );\n\n\t\t\t// We should always get a number back from opacity\n\t\t\tif ( name == \"opacity\" && ret == \"\" )\n\t\t\t\tret = \"1\";\n\n\t\t} else if ( elem.currentStyle ) {\n\t\t\tvar camelCase = name.replace(/\\-(\\w)/g, function(all, letter){\n\t\t\t\treturn letter.toUpperCase();\n\t\t\t});\n\n\t\t\tret = elem.currentStyle[ name ] || elem.currentStyle[ camelCase ];\n\n\t\t\t// From the awesome hack by Dean Edwards\n\t\t\t// http://erik.eae.net/archives/2007/07/27/18.54.15/#comment-102291\n\n\t\t\t// If we're not dealing with a regular pixel number\n\t\t\t// but a number that has a weird ending, we need to convert it to pixels\n\t\t\tif ( !/^\\d+(px)?$/i.test( ret ) && /^\\d/.test( ret ) ) {\n\t\t\t\t// Remember the original values\n\t\t\t\tvar left = style.left, rsLeft = elem.runtimeStyle.left;\n\n\t\t\t\t// Put in the new values to get a computed value out\n\t\t\t\telem.runtimeStyle.left = elem.currentStyle.left;\n\t\t\t\tstyle.left = ret || 0;\n\t\t\t\tret = style.pixelLeft + \"px\";\n\n\t\t\t\t// Revert the changed values\n\t\t\t\tstyle.left = left;\n\t\t\t\telem.runtimeStyle.left = rsLeft;\n\t\t\t}\n\t\t}\n\n\t\treturn ret;\n\t},\n\n\tclean: function( elems, context, fragment ) {\n\t\tcontext = context || document;\n\n\t\t// !context.createElement fails in IE with an error but returns typeof 'object'\n\t\tif ( typeof context.createElement === \"undefined\" )\n\t\t\tcontext = context.ownerDocument || context[0] && context[0].ownerDocument || document;\n\n\t\t// If a single string is passed in and it's a single tag\n\t\t// just do a createElement and skip the rest\n\t\tif ( !fragment && elems.length === 1 && typeof elems[0] === \"string\" ) {\n\t\t\tvar match = /^<(\\w+)\\s*\\/?>$/.exec(elems[0]);\n\t\t\tif ( match )\n\t\t\t\treturn [ context.createElement( match[1] ) ];\n\t\t}\n\n\t\tvar ret = [], scripts = [], div = context.createElement(\"div\");\n\n\t\tjQuery.each(elems, function(i, elem){\n\t\t\tif ( typeof elem === \"number\" )\n\t\t\t\telem += '';\n\n\t\t\tif ( !elem )\n\t\t\t\treturn;\n\n\t\t\t// Convert html string into DOM nodes\n\t\t\tif ( typeof elem === \"string\" ) {\n\t\t\t\t// Fix \"XHTML\"-style tags in all browsers\n\t\t\t\telem = elem.replace(/(<(\\w+)[^>]*?)\\/>/g, function(all, front, tag){\n\t\t\t\t\treturn tag.match(/^(abbr|br|col|img|input|link|meta|param|hr|area|embed)$/i) ?\n\t\t\t\t\t\tall :\n\t\t\t\t\t\tfront + \"><\/\" + tag + \">\";\n\t\t\t\t});\n\n\t\t\t\t// Trim whitespace, otherwise indexOf won't work as expected\n\t\t\t\tvar tags = elem.replace(/^\\s+/, \"\").substring(0, 10).toLowerCase();\n\n\t\t\t\tvar wrap =\n\t\t\t\t\t// option or optgroup\n\t\t\t\t\t!tags.indexOf(\"<opt\") &&\n\t\t\t\t\t[ 1, \"<select multiple='multiple'>\", \"<\/select>\" ] ||\n\n\t\t\t\t\t!tags.indexOf(\"<leg\") &&\n\t\t\t\t\t[ 1, \"<fieldset>\", \"<\/fieldset>\" ] ||\n\n\t\t\t\t\ttags.match(/^<(thead|tbody|tfoot|colg|cap)/) &&\n\t\t\t\t\t[ 1, \"<table>\", \"<\/table>\" ] ||\n\n\t\t\t\t\t!tags.indexOf(\"<tr\") &&\n\t\t\t\t\t[ 2, \"<table><tbody>\", \"<\/tbody><\/table>\" ] ||\n\n\t\t\t\t \t// <thead> matched above\n\t\t\t\t\t(!tags.indexOf(\"<td\") || !tags.indexOf(\"<th\")) &&\n\t\t\t\t\t[ 3, \"<table><tbody><tr>\", \"<\/tr><\/tbody><\/table>\" ] ||\n\n\t\t\t\t\t!tags.indexOf(\"<col\") &&\n\t\t\t\t\t[ 2, \"<table><tbody><\/tbody><colgroup>\", \"<\/colgroup><\/table>\" ] ||\n\n\t\t\t\t\t// IE can't serialize <link> and <script> tags normally\n\t\t\t\t\t!jQuery.support.htmlSerialize &&\n\t\t\t\t\t[ 1, \"div<div>\", \"<\/div>\" ] ||\n\n\t\t\t\t\t[ 0, \"\", \"\" ];\n\n\t\t\t\t// Go to html and back, then peel off extra wrappers\n\t\t\t\tdiv.innerHTML = wrap[1] + elem + wrap[2];\n\n\t\t\t\t// Move to the right depth\n\t\t\t\twhile ( wrap[0]-- )\n\t\t\t\t\tdiv = div.lastChild;\n\n\t\t\t\t// Remove IE's autoinserted <tbody> from table fragments\n\t\t\t\tif ( !jQuery.support.tbody ) {\n\n\t\t\t\t\t// String was a <table>, *may* have spurious <tbody>\n\t\t\t\t\tvar hasBody = /<tbody/i.test(elem),\n\t\t\t\t\t\ttbody = !tags.indexOf(\"<table\") && !hasBody ?\n\t\t\t\t\t\t\tdiv.firstChild && div.firstChild.childNodes :\n\n\t\t\t\t\t\t// String was a bare <thead> or <tfoot>\n\t\t\t\t\t\twrap[1] == \"<table>\" && !hasBody ?\n\t\t\t\t\t\t\tdiv.childNodes :\n\t\t\t\t\t\t\t[];\n\n\t\t\t\t\tfor ( var j = tbody.length - 1; j >= 0 ; --j )\n\t\t\t\t\t\tif ( jQuery.nodeName( tbody[ j ], \"tbody\" ) && !tbody[ j ].childNodes.length )\n\t\t\t\t\t\t\ttbody[ j ].parentNode.removeChild( tbody[ j ] );\n\n\t\t\t\t\t}\n\n\t\t\t\t// IE completely kills leading whitespace when innerHTML is used\n\t\t\t\tif ( !jQuery.support.leadingWhitespace && /^\\s/.test( elem ) )\n\t\t\t\t\tdiv.insertBefore( context.createTextNode( elem.match(/^\\s*/)[0] ), div.firstChild );\n\t\t\t\t\n\t\t\t\telem = jQuery.makeArray( div.childNodes );\n\t\t\t}\n\n\t\t\tif ( elem.nodeType )\n\t\t\t\tret.push( elem );\n\t\t\telse\n\t\t\t\tret = jQuery.merge( ret, elem );\n\n\t\t});\n\n\t\tif ( fragment ) {\n\t\t\tfor ( var i = 0; ret[i]; i++ ) {\n\t\t\t\tif ( jQuery.nodeName( ret[i], \"script\" ) && (!ret[i].type || ret[i].type.toLowerCase() === \"text/javascript\") ) {\n\t\t\t\t\tscripts.push( ret[i].parentNode ? ret[i].parentNode.removeChild( ret[i] ) : ret[i] );\n\t\t\t\t} else {\n\t\t\t\t\tif ( ret[i].nodeType === 1 )\n\t\t\t\t\t\tret.splice.apply( ret, [i + 1, 0].concat(jQuery.makeArray(ret[i].getElementsByTagName(\"script\"))) );\n\t\t\t\t\tfragment.appendChild( ret[i] );\n\t\t\t\t}\n\t\t\t}\n\t\t\t\n\t\t\treturn scripts;\n\t\t}\n\n\t\treturn ret;\n\t},\n\n\tattr: function( elem, name, value ) {\n\t\t// don't set attributes on text and comment nodes\n\t\tif (!elem || elem.nodeType == 3 || elem.nodeType == 8)\n\t\t\treturn undefined;\n\n\t\tvar notxml = !jQuery.isXMLDoc( elem ),\n\t\t\t// Whether we are setting (or getting)\n\t\t\tset = value !== undefined;\n\n\t\t// Try to normalize/fix the name\n\t\tname = notxml && jQuery.props[ name ] || name;\n\n\t\t// Only do all the following if this is a node (faster for style)\n\t\t// IE elem.getAttribute passes even for style\n\t\tif ( elem.tagName ) {\n\n\t\t\t// These attributes require special treatment\n\t\t\tvar special = /href|src|style/.test( name );\n\n\t\t\t// Safari mis-reports the default selected property of a hidden option\n\t\t\t// Accessing the parent's selectedIndex property fixes it\n\t\t\tif ( name == \"selected\" && elem.parentNode )\n\t\t\t\telem.parentNode.selectedIndex;\n\n\t\t\t// If applicable, access the attribute via the DOM 0 way\n\t\t\tif ( name in elem && notxml && !special ) {\n\t\t\t\tif ( set ){\n\t\t\t\t\t// We can't allow the type property to be changed (since it causes problems in IE)\n\t\t\t\t\tif ( name == \"type\" && jQuery.nodeName( elem, \"input\" ) && elem.parentNode )\n\t\t\t\t\t\tthrow \"type property can't be changed\";\n\n\t\t\t\t\telem[ name ] = value;\n\t\t\t\t}\n\n\t\t\t\t// browsers index elements by id/name on forms, give priority to attributes.\n\t\t\t\tif( jQuery.nodeName( elem, \"form\" ) && elem.getAttributeNode(name) )\n\t\t\t\t\treturn elem.getAttributeNode( name ).nodeValue;\n\n\t\t\t\t// elem.tabIndex doesn't always return the correct value when it hasn't been explicitly set\n\t\t\t\t// http://fluidproject.org/blog/2008/01/09/getting-setting-and-removing-tabindex-values-with-javascript/\n\t\t\t\tif ( name == \"tabIndex\" ) {\n\t\t\t\t\tvar attributeNode = elem.getAttributeNode( \"tabIndex\" );\n\t\t\t\t\treturn attributeNode && attributeNode.specified\n\t\t\t\t\t\t? attributeNode.value\n\t\t\t\t\t\t: elem.nodeName.match(/(button|input|object|select|textarea)/i)\n\t\t\t\t\t\t\t? 0\n\t\t\t\t\t\t\t: elem.nodeName.match(/^(a|area)$/i) && elem.href\n\t\t\t\t\t\t\t\t? 0\n\t\t\t\t\t\t\t\t: undefined;\n\t\t\t\t}\n\n\t\t\t\treturn elem[ name ];\n\t\t\t}\n\n\t\t\tif ( !jQuery.support.style && notxml &&  name == \"style\" )\n\t\t\t\treturn jQuery.attr( elem.style, \"cssText\", value );\n\n\t\t\tif ( set )\n\t\t\t\t// convert the value to a string (all browsers do this but IE) see #1070\n\t\t\t\telem.setAttribute( name, \"\" + value );\n\n\t\t\tvar attr = !jQuery.support.hrefNormalized && notxml && special\n\t\t\t\t\t// Some attributes require a special call on IE\n\t\t\t\t\t? elem.getAttribute( name, 2 )\n\t\t\t\t\t: elem.getAttribute( name );\n\n\t\t\t// Non-existent attributes return null, we normalize to undefined\n\t\t\treturn attr === null ? undefined : attr;\n\t\t}\n\n\t\t// elem is actually elem.style ... set the style\n\n\t\t// IE uses filters for opacity\n\t\tif ( !jQuery.support.opacity && name == \"opacity\" ) {\n\t\t\tif ( set ) {\n\t\t\t\t// IE has trouble with opacity if it does not have layout\n\t\t\t\t// Force it by setting the zoom level\n\t\t\t\telem.zoom = 1;\n\n\t\t\t\t// Set the alpha filter to set the opacity\n\t\t\t\telem.filter = (elem.filter || \"\").replace( /alpha\\([^)]*\\)/, \"\" ) +\n\t\t\t\t\t(parseInt( value ) + '' == \"NaN\" ? \"\" : \"alpha(opacity=\" + value * 100 + \")\");\n\t\t\t}\n\n\t\t\treturn elem.filter && elem.filter.indexOf(\"opacity=\") >= 0 ?\n\t\t\t\t(parseFloat( elem.filter.match(/opacity=([^)]*)/)[1] ) / 100) + '':\n\t\t\t\t\"\";\n\t\t}\n\n\t\tname = name.replace(/-([a-z])/ig, function(all, letter){\n\t\t\treturn letter.toUpperCase();\n\t\t});\n\n\t\tif ( set )\n\t\t\telem[ name ] = value;\n\n\t\treturn elem[ name ];\n\t},\n\n\ttrim: function( text ) {\n\t\treturn (text || \"\").replace( /^\\s+|\\s+$/g, \"\" );\n\t},\n\n\tmakeArray: function( array ) {\n\t\tvar ret = [];\n\n\t\tif( array != null ){\n\t\t\tvar i = array.length;\n\t\t\t// The window, strings (and functions) also have 'length'\n\t\t\tif( i == null || typeof array === \"string\" || jQuery.isFunction(array) || array.setInterval )\n\t\t\t\tret[0] = array;\n\t\t\telse\n\t\t\t\twhile( i )\n\t\t\t\t\tret[--i] = array[i];\n\t\t}\n\n\t\treturn ret;\n\t},\n\n\tinArray: function( elem, array ) {\n\t\tfor ( var i = 0, length = array.length; i < length; i++ )\n\t\t// Use === because on IE, window == document\n\t\t\tif ( array[ i ] === elem )\n\t\t\t\treturn i;\n\n\t\treturn -1;\n\t},\n\n\tmerge: function( first, second ) {\n\t\t// We have to loop this way because IE & Opera overwrite the length\n\t\t// expando of getElementsByTagName\n\t\tvar i = 0, elem, pos = first.length;\n\t\t// Also, we need to make sure that the correct elements are being returned\n\t\t// (IE returns comment nodes in a '*' query)\n\t\tif ( !jQuery.support.getAll ) {\n\t\t\twhile ( (elem = second[ i++ ]) != null )\n\t\t\t\tif ( elem.nodeType != 8 )\n\t\t\t\t\tfirst[ pos++ ] = elem;\n\n\t\t} else\n\t\t\twhile ( (elem = second[ i++ ]) != null )\n\t\t\t\tfirst[ pos++ ] = elem;\n\n\t\treturn first;\n\t},\n\n\tunique: function( array ) {\n\t\tvar ret = [], done = {};\n\n\t\ttry {\n\n\t\t\tfor ( var i = 0, length = array.length; i < length; i++ ) {\n\t\t\t\tvar id = jQuery.data( array[ i ] );\n\n\t\t\t\tif ( !done[ id ] ) {\n\t\t\t\t\tdone[ id ] = true;\n\t\t\t\t\tret.push( array[ i ] );\n\t\t\t\t}\n\t\t\t}\n\n\t\t} catch( e ) {\n\t\t\tret = array;\n\t\t}\n\n\t\treturn ret;\n\t},\n\n\tgrep: function( elems, callback, inv ) {\n\t\tvar ret = [];\n\n\t\t// Go through the array, only saving the items\n\t\t// that pass the validator function\n\t\tfor ( var i = 0, length = elems.length; i < length; i++ )\n\t\t\tif ( !inv != !callback( elems[ i ], i ) )\n\t\t\t\tret.push( elems[ i ] );\n\n\t\treturn ret;\n\t},\n\n\tmap: function( elems, callback ) {\n\t\tvar ret = [];\n\n\t\t// Go through the array, translating each of the items to their\n\t\t// new value (or values).\n\t\tfor ( var i = 0, length = elems.length; i < length; i++ ) {\n\t\t\tvar value = callback( elems[ i ], i );\n\n\t\t\tif ( value != null )\n\t\t\t\tret[ ret.length ] = value;\n\t\t}\n\n\t\treturn ret.concat.apply( [], ret );\n\t}\n});\n\n// Use of jQuery.browser is deprecated.\n// It's included for backwards compatibility and plugins,\n// although they should work to migrate away.\n\nvar userAgent = navigator.userAgent.toLowerCase();\n\n// Figure out what browser is being used\njQuery.browser = {\n\tversion: (userAgent.match( /.+(?:rv|it|ra|ie)[\\/: ]([\\d.]+)/ ) || [0,'0'])[1],\n\tsafari: /webkit/.test( userAgent ),\n\topera: /opera/.test( userAgent ),\n\tmsie: /msie/.test( userAgent ) && !/opera/.test( userAgent ),\n\tmozilla: /mozilla/.test( userAgent ) && !/(compatible|webkit)/.test( userAgent )\n};\n\njQuery.each({\n\tparent: function(elem){return elem.parentNode;},\n\tparents: function(elem){return jQuery.dir(elem,\"parentNode\");},\n\tnext: function(elem){return jQuery.nth(elem,2,\"nextSibling\");},\n\tprev: function(elem){return jQuery.nth(elem,2,\"previousSibling\");},\n\tnextAll: function(elem){return jQuery.dir(elem,\"nextSibling\");},\n\tprevAll: function(elem){return jQuery.dir(elem,\"previousSibling\");},\n\tsiblings: function(elem){return jQuery.sibling(elem.parentNode.firstChild,elem);},\n\tchildren: function(elem){return jQuery.sibling(elem.firstChild);},\n\tcontents: function(elem){return jQuery.nodeName(elem,\"iframe\")?elem.contentDocument||elem.contentWindow.document:jQuery.makeArray(elem.childNodes);}\n}, function(name, fn){\n\tjQuery.fn[ name ] = function( selector ) {\n\t\tvar ret = jQuery.map( this, fn );\n\n\t\tif ( selector && typeof selector == \"string\" )\n\t\t\tret = jQuery.multiFilter( selector, ret );\n\n\t\treturn this.pushStack( jQuery.unique( ret ), name, selector );\n\t};\n});\n\njQuery.each({\n\tappendTo: \"append\",\n\tprependTo: \"prepend\",\n\tinsertBefore: \"before\",\n\tinsertAfter: \"after\",\n\treplaceAll: \"replaceWith\"\n}, function(name, original){\n\tjQuery.fn[ name ] = function( selector ) {\n\t\tvar ret = [], insert = jQuery( selector );\n\n\t\tfor ( var i = 0, l = insert.length; i < l; i++ ) {\n\t\t\tvar elems = (i > 0 ? this.clone(true) : this).get();\n\t\t\tjQuery.fn[ original ].apply( jQuery(insert[i]), elems );\n\t\t\tret = ret.concat( elems );\n\t\t}\n\n\t\treturn this.pushStack( ret, name, selector );\n\t};\n});\n\njQuery.each({\n\tremoveAttr: function( name ) {\n\t\tjQuery.attr( this, name, \"\" );\n\t\tif (this.nodeType == 1)\n\t\t\tthis.removeAttribute( name );\n\t},\n\n\taddClass: function( classNames ) {\n\t\tjQuery.className.add( this, classNames );\n\t},\n\n\tremoveClass: function( classNames ) {\n\t\tjQuery.className.remove( this, classNames );\n\t},\n\n\ttoggleClass: function( classNames, state ) {\n\t\tif( typeof state !== \"boolean\" )\n\t\t\tstate = !jQuery.className.has( this, classNames );\n\t\tjQuery.className[ state ? \"add\" : \"remove\" ]( this, classNames );\n\t},\n\n\tremove: function( selector ) {\n\t\tif ( !selector || jQuery.filter( selector, [ this ] ).length ) {\n\t\t\t// Prevent memory leaks\n\t\t\tjQuery( \"*\", this ).add([this]).each(function(){\n\t\t\t\tjQuery.event.remove(this);\n\t\t\t\tjQuery.removeData(this);\n\t\t\t});\n\t\t\tif (this.parentNode)\n\t\t\t\tthis.parentNode.removeChild( this );\n\t\t}\n\t},\n\n\tempty: function() {\n\t\t// Remove element nodes and prevent memory leaks\n\t\tjQuery(this).children().remove();\n\n\t\t// Remove any remaining nodes\n\t\twhile ( this.firstChild )\n\t\t\tthis.removeChild( this.firstChild );\n\t}\n}, function(name, fn){\n\tjQuery.fn[ name ] = function(){\n\t\treturn this.each( fn, arguments );\n\t};\n});\n\n// Helper function used by the dimensions and offset modules\nfunction num(elem, prop) {\n\treturn elem[0] && parseInt( jQuery.curCSS(elem[0], prop, true), 10 ) || 0;\n}\nvar expando = \"jQuery\" + now(), uuid = 0, windowData = {};\r\n\r\njQuery.extend({\r\n\tcache: {},\r\n\r\n\tdata: function( elem, name, data ) {\r\n\t\telem = elem == window ?\r\n\t\t\twindowData :\r\n\t\t\telem;\r\n\r\n\t\tvar id = elem[ expando ];\r\n\r\n\t\t// Compute a unique ID for the element\r\n\t\tif ( !id )\r\n\t\t\tid = elem[ expando ] = ++uuid;\r\n\r\n\t\t// Only generate the data cache if we're\r\n\t\t// trying to access or manipulate it\r\n\t\tif ( name && !jQuery.cache[ id ] )\r\n\t\t\tjQuery.cache[ id ] = {};\r\n\r\n\t\t// Prevent overriding the named cache with undefined values\r\n\t\tif ( data !== undefined )\r\n\t\t\tjQuery.cache[ id ][ name ] = data;\r\n\r\n\t\t// Return the named cache data, or the ID for the element\r\n\t\treturn name ?\r\n\t\t\tjQuery.cache[ id ][ name ] :\r\n\t\t\tid;\r\n\t},\r\n\r\n\tremoveData: function( elem, name ) {\r\n\t\telem = elem == window ?\r\n\t\t\twindowData :\r\n\t\t\telem;\r\n\r\n\t\tvar id = elem[ expando ];\r\n\r\n\t\t// If we want to remove a specific section of the element's data\r\n\t\tif ( name ) {\r\n\t\t\tif ( jQuery.cache[ id ] ) {\r\n\t\t\t\t// Remove the section of cache data\r\n\t\t\t\tdelete jQuery.cache[ id ][ name ];\r\n\r\n\t\t\t\t// If we've removed all the data, remove the element's cache\r\n\t\t\t\tname = \"\";\r\n\r\n\t\t\t\tfor ( name in jQuery.cache[ id ] )\r\n\t\t\t\t\tbreak;\r\n\r\n\t\t\t\tif ( !name )\r\n\t\t\t\t\tjQuery.removeData( elem );\r\n\t\t\t}\r\n\r\n\t\t// Otherwise, we want to remove all of the element's data\r\n\t\t} else {\r\n\t\t\t// Clean up the element expando\r\n\t\t\ttry {\r\n\t\t\t\tdelete elem[ expando ];\r\n\t\t\t} catch(e){\r\n\t\t\t\t// IE has trouble directly removing the expando\r\n\t\t\t\t// but it's ok with using removeAttribute\r\n\t\t\t\tif ( elem.removeAttribute )\r\n\t\t\t\t\telem.removeAttribute( expando );\r\n\t\t\t}\r\n\r\n\t\t\t// Completely remove the data cache\r\n\t\t\tdelete jQuery.cache[ id ];\r\n\t\t}\r\n\t},\r\n\tqueue: function( elem, type, data ) {\r\n\t\tif ( elem ){\r\n\t\r\n\t\t\ttype = (type || \"fx\") + \"queue\";\r\n\t\r\n\t\t\tvar q = jQuery.data( elem, type );\r\n\t\r\n\t\t\tif ( !q || jQuery.isArray(data) )\r\n\t\t\t\tq = jQuery.data( elem, type, jQuery.makeArray(data) );\r\n\t\t\telse if( data )\r\n\t\t\t\tq.push( data );\r\n\t\r\n\t\t}\r\n\t\treturn q;\r\n\t},\r\n\r\n\tdequeue: function( elem, type ){\r\n\t\tvar queue = jQuery.queue( elem, type ),\r\n\t\t\tfn = queue.shift();\r\n\t\t\r\n\t\tif( !type || type === \"fx\" )\r\n\t\t\tfn = queue[0];\r\n\t\t\t\r\n\t\tif( fn !== undefined )\r\n\t\t\tfn.call(elem);\r\n\t}\r\n});\r\n\r\njQuery.fn.extend({\r\n\tdata: function( key, value ){\r\n\t\tvar parts = key.split(\".\");\r\n\t\tparts[1] = parts[1] ? \".\" + parts[1] : \"\";\r\n\r\n\t\tif ( value === undefined ) {\r\n\t\t\tvar data = this.triggerHandler(\"getData\" + parts[1] + \"!\", [parts[0]]);\r\n\r\n\t\t\tif ( data === undefined && this.length )\r\n\t\t\t\tdata = jQuery.data( this[0], key );\r\n\r\n\t\t\treturn data === undefined && parts[1] ?\r\n\t\t\t\tthis.data( parts[0] ) :\r\n\t\t\t\tdata;\r\n\t\t} else\r\n\t\t\treturn this.trigger(\"setData\" + parts[1] + \"!\", [parts[0], value]).each(function(){\r\n\t\t\t\tjQuery.data( this, key, value );\r\n\t\t\t});\r\n\t},\r\n\r\n\tremoveData: function( key ){\r\n\t\treturn this.each(function(){\r\n\t\t\tjQuery.removeData( this, key );\r\n\t\t});\r\n\t},\r\n\tqueue: function(type, data){\r\n\t\tif ( typeof type !== \"string\" ) {\r\n\t\t\tdata = type;\r\n\t\t\ttype = \"fx\";\r\n\t\t}\r\n\r\n\t\tif ( data === undefined )\r\n\t\t\treturn jQuery.queue( this[0], type );\r\n\r\n\t\treturn this.each(function(){\r\n\t\t\tvar queue = jQuery.queue( this, type, data );\r\n\t\t\t\r\n\t\t\t if( type == \"fx\" && queue.length == 1 )\r\n\t\t\t\tqueue[0].call(this);\r\n\t\t});\r\n\t},\r\n\tdequeue: function(type){\r\n\t\treturn this.each(function(){\r\n\t\t\tjQuery.dequeue( this, type );\r\n\t\t});\r\n\t}\r\n});/*!\n * Sizzle CSS Selector Engine - v0.9.3\n *  Copyright 2009, The Dojo Foundation\n *  Released under the MIT, BSD, and GPL Licenses.\n *  More information: http://sizzlejs.com/\n */\n(function(){\n\nvar chunker = /((?:\\((?:\\([^()]+\\)|[^()]+)+\\)|\\[(?:\\[[^[\\]]*\\]|['\"][^'\"]*['\"]|[^[\\]'\"]+)+\\]|\\\\.|[^ >+~,(\\[\\\\]+)+|[>+~])(\\s*,\\s*)?/g,\n\tdone = 0,\n\ttoString = Object.prototype.toString;\n\nvar Sizzle = function(selector, context, results, seed) {\n\tresults = results || [];\n\tcontext = context || document;\n\n\tif ( context.nodeType !== 1 && context.nodeType !== 9 )\n\t\treturn [];\n\t\n\tif ( !selector || typeof selector !== \"string\" ) {\n\t\treturn results;\n\t}\n\n\tvar parts = [], m, set, checkSet, check, mode, extra, prune = true;\n\t\n\t// Reset the position of the chunker regexp (start from head)\n\tchunker.lastIndex = 0;\n\t\n\twhile ( (m = chunker.exec(selector)) !== null ) {\n\t\tparts.push( m[1] );\n\t\t\n\t\tif ( m[2] ) {\n\t\t\textra = RegExp.rightContext;\n\t\t\tbreak;\n\t\t}\n\t}\n\n\tif ( parts.length > 1 && origPOS.exec( selector ) ) {\n\t\tif ( parts.length === 2 && Expr.relative[ parts[0] ] ) {\n\t\t\tset = posProcess( parts[0] + parts[1], context );\n\t\t} else {\n\t\t\tset = Expr.relative[ parts[0] ] ?\n\t\t\t\t[ context ] :\n\t\t\t\tSizzle( parts.shift(), context );\n\n\t\t\twhile ( parts.length ) {\n\t\t\t\tselector = parts.shift();\n\n\t\t\t\tif ( Expr.relative[ selector ] )\n\t\t\t\t\tselector += parts.shift();\n\n\t\t\t\tset = posProcess( selector, set );\n\t\t\t}\n\t\t}\n\t} else {\n\t\tvar ret = seed ?\n\t\t\t{ expr: parts.pop(), set: makeArray(seed) } :\n\t\t\tSizzle.find( parts.pop(), parts.length === 1 && context.parentNode ? context.parentNode : context, isXML(context) );\n\t\tset = Sizzle.filter( ret.expr, ret.set );\n\n\t\tif ( parts.length > 0 ) {\n\t\t\tcheckSet = makeArray(set);\n\t\t} else {\n\t\t\tprune = false;\n\t\t}\n\n\t\twhile ( parts.length ) {\n\t\t\tvar cur = parts.pop(), pop = cur;\n\n\t\t\tif ( !Expr.relative[ cur ] ) {\n\t\t\t\tcur = \"\";\n\t\t\t} else {\n\t\t\t\tpop = parts.pop();\n\t\t\t}\n\n\t\t\tif ( pop == null ) {\n\t\t\t\tpop = context;\n\t\t\t}\n\n\t\t\tExpr.relative[ cur ]( checkSet, pop, isXML(context) );\n\t\t}\n\t}\n\n\tif ( !checkSet ) {\n\t\tcheckSet = set;\n\t}\n\n\tif ( !checkSet ) {\n\t\tthrow \"Syntax error, unrecognized expression: \" + (cur || selector);\n\t}\n\n\tif ( toString.call(checkSet) === \"[object Array]\" ) {\n\t\tif ( !prune ) {\n\t\t\tresults.push.apply( results, checkSet );\n\t\t} else if ( context.nodeType === 1 ) {\n\t\t\tfor ( var i = 0; checkSet[i] != null; i++ ) {\n\t\t\t\tif ( checkSet[i] && (checkSet[i] === true || checkSet[i].nodeType === 1 && contains(context, checkSet[i])) ) {\n\t\t\t\t\tresults.push( set[i] );\n\t\t\t\t}\n\t\t\t}\n\t\t} else {\n\t\t\tfor ( var i = 0; checkSet[i] != null; i++ ) {\n\t\t\t\tif ( checkSet[i] && checkSet[i].nodeType === 1 ) {\n\t\t\t\t\tresults.push( set[i] );\n\t\t\t\t}\n\t\t\t}\n\t\t}\n\t} else {\n\t\tmakeArray( checkSet, results );\n\t}\n\n\tif ( extra ) {\n\t\tSizzle( extra, context, results, seed );\n\n\t\tif ( sortOrder ) {\n\t\t\thasDuplicate = false;\n\t\t\tresults.sort(sortOrder);\n\n\t\t\tif ( hasDuplicate ) {\n\t\t\t\tfor ( var i = 1; i < results.length; i++ ) {\n\t\t\t\t\tif ( results[i] === results[i-1] ) {\n\t\t\t\t\t\tresults.splice(i--, 1);\n\t\t\t\t\t}\n\t\t\t\t}\n\t\t\t}\n\t\t}\n\t}\n\n\treturn results;\n};\n\nSizzle.matches = function(expr, set){\n\treturn Sizzle(expr, null, null, set);\n};\n\nSizzle.find = function(expr, context, isXML){\n\tvar set, match;\n\n\tif ( !expr ) {\n\t\treturn [];\n\t}\n\n\tfor ( var i = 0, l = Expr.order.length; i < l; i++ ) {\n\t\tvar type = Expr.order[i], match;\n\t\t\n\t\tif ( (match = Expr.match[ type ].exec( expr )) ) {\n\t\t\tvar left = RegExp.leftContext;\n\n\t\t\tif ( left.substr( left.length - 1 ) !== \"\\\\\" ) {\n\t\t\t\tmatch[1] = (match[1] || \"\").replace(/\\\\/g, \"\");\n\t\t\t\tset = Expr.find[ type ]( match, context, isXML );\n\t\t\t\tif ( set != null ) {\n\t\t\t\t\texpr = expr.replace( Expr.match[ type ], \"\" );\n\t\t\t\t\tbreak;\n\t\t\t\t}\n\t\t\t}\n\t\t}\n\t}\n\n\tif ( !set ) {\n\t\tset = context.getElementsByTagName(\"*\");\n\t}\n\n\treturn {set: set, expr: expr};\n};\n\nSizzle.filter = function(expr, set, inplace, not){\n\tvar old = expr, result = [], curLoop = set, match, anyFound,\n\t\tisXMLFilter = set && set[0] && isXML(set[0]);\n\n\twhile ( expr && set.length ) {\n\t\tfor ( var type in Expr.filter ) {\n\t\t\tif ( (match = Expr.match[ type ].exec( expr )) != null ) {\n\t\t\t\tvar filter = Expr.filter[ type ], found, item;\n\t\t\t\tanyFound = false;\n\n\t\t\t\tif ( curLoop == result ) {\n\t\t\t\t\tresult = [];\n\t\t\t\t}\n\n\t\t\t\tif ( Expr.preFilter[ type ] ) {\n\t\t\t\t\tmatch = Expr.preFilter[ type ]( match, curLoop, inplace, result, not, isXMLFilter );\n\n\t\t\t\t\tif ( !match ) {\n\t\t\t\t\t\tanyFound = found = true;\n\t\t\t\t\t} else if ( match === true ) {\n\t\t\t\t\t\tcontinue;\n\t\t\t\t\t}\n\t\t\t\t}\n\n\t\t\t\tif ( match ) {\n\t\t\t\t\tfor ( var i = 0; (item = curLoop[i]) != null; i++ ) {\n\t\t\t\t\t\tif ( item ) {\n\t\t\t\t\t\t\tfound = filter( item, match, i, curLoop );\n\t\t\t\t\t\t\tvar pass = not ^ !!found;\n\n\t\t\t\t\t\t\tif ( inplace && found != null ) {\n\t\t\t\t\t\t\t\tif ( pass ) {\n\t\t\t\t\t\t\t\t\tanyFound = true;\n\t\t\t\t\t\t\t\t} else {\n\t\t\t\t\t\t\t\t\tcurLoop[i] = false;\n\t\t\t\t\t\t\t\t}\n\t\t\t\t\t\t\t} else if ( pass ) {\n\t\t\t\t\t\t\t\tresult.push( item );\n\t\t\t\t\t\t\t\tanyFound = true;\n\t\t\t\t\t\t\t}\n\t\t\t\t\t\t}\n\t\t\t\t\t}\n\t\t\t\t}\n\n\t\t\t\tif ( found !== undefined ) {\n\t\t\t\t\tif ( !inplace ) {\n\t\t\t\t\t\tcurLoop = result;\n\t\t\t\t\t}\n\n\t\t\t\t\texpr = expr.replace( Expr.match[ type ], \"\" );\n\n\t\t\t\t\tif ( !anyFound ) {\n\t\t\t\t\t\treturn [];\n\t\t\t\t\t}\n\n\t\t\t\t\tbreak;\n\t\t\t\t}\n\t\t\t}\n\t\t}\n\n\t\t// Improper expression\n\t\tif ( expr == old ) {\n\t\t\tif ( anyFound == null ) {\n\t\t\t\tthrow \"Syntax error, unrecognized expression: \" + expr;\n\t\t\t} else {\n\t\t\t\tbreak;\n\t\t\t}\n\t\t}\n\n\t\told = expr;\n\t}\n\n\treturn curLoop;\n};\n\nvar Expr = Sizzle.selectors = {\n\torder: [ \"ID\", \"NAME\", \"TAG\" ],\n\tmatch: {\n\t\tID: /#((?:[\\w\\u00c0-\\uFFFF_-]|\\\\.)+)/,\n\t\tCLASS: /\\.((?:[\\w\\u00c0-\\uFFFF_-]|\\\\.)+)/,\n\t\tNAME: /\\[name=['\"]*((?:[\\w\\u00c0-\\uFFFF_-]|\\\\.)+)['\"]*\\]/,\n\t\tATTR: /\\[\\s*((?:[\\w\\u00c0-\\uFFFF_-]|\\\\.)+)\\s*(?:(\\S?=)\\s*(['\"]*)(.*?)\\3|)\\s*\\]/,\n\t\tTAG: /^((?:[\\w\\u00c0-\\uFFFF\\*_-]|\\\\.)+)/,\n\t\tCHILD: /:(only|nth|last|first)-child(?:\\((even|odd|[\\dn+-]*)\\))?/,\n\t\tPOS: /:(nth|eq|gt|lt|first|last|even|odd)(?:\\((\\d*)\\))?(?=[^-]|$)/,\n\t\tPSEUDO: /:((?:[\\w\\u00c0-\\uFFFF_-]|\\\\.)+)(?:\\((['\"]*)((?:\\([^\\)]+\\)|[^\\2\\(\\)]*)+)\\2\\))?/\n\t},\n\tattrMap: {\n\t\t\"class\": \"className\",\n\t\t\"for\": \"htmlFor\"\n\t},\n\tattrHandle: {\n\t\thref: function(elem){\n\t\t\treturn elem.getAttribute(\"href\");\n\t\t}\n\t},\n\trelative: {\n\t\t\"+\": function(checkSet, part, isXML){\n\t\t\tvar isPartStr = typeof part === \"string\",\n\t\t\t\tisTag = isPartStr && !/\\W/.test(part),\n\t\t\t\tisPartStrNotTag = isPartStr && !isTag;\n\n\t\t\tif ( isTag && !isXML ) {\n\t\t\t\tpart = part.toUpperCase();\n\t\t\t}\n\n\t\t\tfor ( var i = 0, l = checkSet.length, elem; i < l; i++ ) {\n\t\t\t\tif ( (elem = checkSet[i]) ) {\n\t\t\t\t\twhile ( (elem = elem.previousSibling) && elem.nodeType !== 1 ) {}\n\n\t\t\t\t\tcheckSet[i] = isPartStrNotTag || elem && elem.nodeName === part ?\n\t\t\t\t\t\telem || false :\n\t\t\t\t\t\telem === part;\n\t\t\t\t}\n\t\t\t}\n\n\t\t\tif ( isPartStrNotTag ) {\n\t\t\t\tSizzle.filter( part, checkSet, true );\n\t\t\t}\n\t\t},\n\t\t\">\": function(checkSet, part, isXML){\n\t\t\tvar isPartStr = typeof part === \"string\";\n\n\t\t\tif ( isPartStr && !/\\W/.test(part) ) {\n\t\t\t\tpart = isXML ? part : part.toUpperCase();\n\n\t\t\t\tfor ( var i = 0, l = checkSet.length; i < l; i++ ) {\n\t\t\t\t\tvar elem = checkSet[i];\n\t\t\t\t\tif ( elem ) {\n\t\t\t\t\t\tvar parent = elem.parentNode;\n\t\t\t\t\t\tcheckSet[i] = parent.nodeName === part ? parent : false;\n\t\t\t\t\t}\n\t\t\t\t}\n\t\t\t} else {\n\t\t\t\tfor ( var i = 0, l = checkSet.length; i < l; i++ ) {\n\t\t\t\t\tvar elem = checkSet[i];\n\t\t\t\t\tif ( elem ) {\n\t\t\t\t\t\tcheckSet[i] = isPartStr ?\n\t\t\t\t\t\t\telem.parentNode :\n\t\t\t\t\t\t\telem.parentNode === part;\n\t\t\t\t\t}\n\t\t\t\t}\n\n\t\t\t\tif ( isPartStr ) {\n\t\t\t\t\tSizzle.filter( part, checkSet, true );\n\t\t\t\t}\n\t\t\t}\n\t\t},\n\t\t\"\": function(checkSet, part, isXML){\n\t\t\tvar doneName = done++, checkFn = dirCheck;\n\n\t\t\tif ( !part.match(/\\W/) ) {\n\t\t\t\tvar nodeCheck = part = isXML ? part : part.toUpperCase();\n\t\t\t\tcheckFn = dirNodeCheck;\n\t\t\t}\n\n\t\t\tcheckFn(\"parentNode\", part, doneName, checkSet, nodeCheck, isXML);\n\t\t},\n\t\t\"~\": function(checkSet, part, isXML){\n\t\t\tvar doneName = done++, checkFn = dirCheck;\n\n\t\t\tif ( typeof part === \"string\" && !part.match(/\\W/) ) {\n\t\t\t\tvar nodeCheck = part = isXML ? part : part.toUpperCase();\n\t\t\t\tcheckFn = dirNodeCheck;\n\t\t\t}\n\n\t\t\tcheckFn(\"previousSibling\", part, doneName, checkSet, nodeCheck, isXML);\n\t\t}\n\t},\n\tfind: {\n\t\tID: function(match, context, isXML){\n\t\t\tif ( typeof context.getElementById !== \"undefined\" && !isXML ) {\n\t\t\t\tvar m = context.getElementById(match[1]);\n\t\t\t\treturn m ? [m] : [];\n\t\t\t}\n\t\t},\n\t\tNAME: function(match, context, isXML){\n\t\t\tif ( typeof context.getElementsByName !== \"undefined\" ) {\n\t\t\t\tvar ret = [], results = context.getElementsByName(match[1]);\n\n\t\t\t\tfor ( var i = 0, l = results.length; i < l; i++ ) {\n\t\t\t\t\tif ( results[i].getAttribute(\"name\") === match[1] ) {\n\t\t\t\t\t\tret.push( results[i] );\n\t\t\t\t\t}\n\t\t\t\t}\n\n\t\t\t\treturn ret.length === 0 ? null : ret;\n\t\t\t}\n\t\t},\n\t\tTAG: function(match, context){\n\t\t\treturn context.getElementsByTagName(match[1]);\n\t\t}\n\t},\n\tpreFilter: {\n\t\tCLASS: function(match, curLoop, inplace, result, not, isXML){\n\t\t\tmatch = \" \" + match[1].replace(/\\\\/g, \"\") + \" \";\n\n\t\t\tif ( isXML ) {\n\t\t\t\treturn match;\n\t\t\t}\n\n\t\t\tfor ( var i = 0, elem; (elem = curLoop[i]) != null; i++ ) {\n\t\t\t\tif ( elem ) {\n\t\t\t\t\tif ( not ^ (elem.className && (\" \" + elem.className + \" \").indexOf(match) >= 0) ) {\n\t\t\t\t\t\tif ( !inplace )\n\t\t\t\t\t\t\tresult.push( elem );\n\t\t\t\t\t} else if ( inplace ) {\n\t\t\t\t\t\tcurLoop[i] = false;\n\t\t\t\t\t}\n\t\t\t\t}\n\t\t\t}\n\n\t\t\treturn false;\n\t\t},\n\t\tID: function(match){\n\t\t\treturn match[1].replace(/\\\\/g, \"\");\n\t\t},\n\t\tTAG: function(match, curLoop){\n\t\t\tfor ( var i = 0; curLoop[i] === false; i++ ){}\n\t\t\treturn curLoop[i] && isXML(curLoop[i]) ? match[1] : match[1].toUpperCase();\n\t\t},\n\t\tCHILD: function(match){\n\t\t\tif ( match[1] == \"nth\" ) {\n\t\t\t\t// parse equations like 'even', 'odd', '5', '2n', '3n+2', '4n-1', '-n+6'\n\t\t\t\tvar test = /(-?)(\\d*)n((?:\\+|-)?\\d*)/.exec(\n\t\t\t\t\tmatch[2] == \"even\" && \"2n\" || match[2] == \"odd\" && \"2n+1\" ||\n\t\t\t\t\t!/\\D/.test( match[2] ) && \"0n+\" + match[2] || match[2]);\n\n\t\t\t\t// calculate the numbers (first)n+(last) including if they are negative\n\t\t\t\tmatch[2] = (test[1] + (test[2] || 1)) - 0;\n\t\t\t\tmatch[3] = test[3] - 0;\n\t\t\t}\n\n\t\t\t// TODO: Move to normal caching system\n\t\t\tmatch[0] = done++;\n\n\t\t\treturn match;\n\t\t},\n\t\tATTR: function(match, curLoop, inplace, result, not, isXML){\n\t\t\tvar name = match[1].replace(/\\\\/g, \"\");\n\t\t\t\n\t\t\tif ( !isXML && Expr.attrMap[name] ) {\n\t\t\t\tmatch[1] = Expr.attrMap[name];\n\t\t\t}\n\n\t\t\tif ( match[2] === \"~=\" ) {\n\t\t\t\tmatch[4] = \" \" + match[4] + \" \";\n\t\t\t}\n\n\t\t\treturn match;\n\t\t},\n\t\tPSEUDO: function(match, curLoop, inplace, result, not){\n\t\t\tif ( match[1] === \"not\" ) {\n\t\t\t\t// If we're dealing with a complex expression, or a simple one\n\t\t\t\tif ( match[3].match(chunker).length > 1 || /^\\w/.test(match[3]) ) {\n\t\t\t\t\tmatch[3] = Sizzle(match[3], null, null, curLoop);\n\t\t\t\t} else {\n\t\t\t\t\tvar ret = Sizzle.filter(match[3], curLoop, inplace, true ^ not);\n\t\t\t\t\tif ( !inplace ) {\n\t\t\t\t\t\tresult.push.apply( result, ret );\n\t\t\t\t\t}\n\t\t\t\t\treturn false;\n\t\t\t\t}\n\t\t\t} else if ( Expr.match.POS.test( match[0] ) || Expr.match.CHILD.test( match[0] ) ) {\n\t\t\t\treturn true;\n\t\t\t}\n\t\t\t\n\t\t\treturn match;\n\t\t},\n\t\tPOS: function(match){\n\t\t\tmatch.unshift( true );\n\t\t\treturn match;\n\t\t}\n\t},\n\tfilters: {\n\t\tenabled: function(elem){\n\t\t\treturn elem.disabled === false && elem.type !== \"hidden\";\n\t\t},\n\t\tdisabled: function(elem){\n\t\t\treturn elem.disabled === true;\n\t\t},\n\t\tchecked: function(elem){\n\t\t\treturn elem.checked === true;\n\t\t},\n\t\tselected: function(elem){\n\t\t\t// Accessing this property makes selected-by-default\n\t\t\t// options in Safari work properly\n\t\t\telem.parentNode.selectedIndex;\n\t\t\treturn elem.selected === true;\n\t\t},\n\t\tparent: function(elem){\n\t\t\treturn !!elem.firstChild;\n\t\t},\n\t\tempty: function(elem){\n\t\t\treturn !elem.firstChild;\n\t\t},\n\t\thas: function(elem, i, match){\n\t\t\treturn !!Sizzle( match[3], elem ).length;\n\t\t},\n\t\theader: function(elem){\n\t\t\treturn /h\\d/i.test( elem.nodeName );\n\t\t},\n\t\ttext: function(elem){\n\t\t\treturn \"text\" === elem.type;\n\t\t},\n\t\tradio: function(elem){\n\t\t\treturn \"radio\" === elem.type;\n\t\t},\n\t\tcheckbox: function(elem){\n\t\t\treturn \"checkbox\" === elem.type;\n\t\t},\n\t\tfile: function(elem){\n\t\t\treturn \"file\" === elem.type;\n\t\t},\n\t\tpassword: function(elem){\n\t\t\treturn \"password\" === elem.type;\n\t\t},\n\t\tsubmit: function(elem){\n\t\t\treturn \"submit\" === elem.type;\n\t\t},\n\t\timage: function(elem){\n\t\t\treturn \"image\" === elem.type;\n\t\t},\n\t\treset: function(elem){\n\t\t\treturn \"reset\" === elem.type;\n\t\t},\n\t\tbutton: function(elem){\n\t\t\treturn \"button\" === elem.type || elem.nodeName.toUpperCase() === \"BUTTON\";\n\t\t},\n\t\tinput: function(elem){\n\t\t\treturn /input|select|textarea|button/i.test(elem.nodeName);\n\t\t}\n\t},\n\tsetFilters: {\n\t\tfirst: function(elem, i){\n\t\t\treturn i === 0;\n\t\t},\n\t\tlast: function(elem, i, match, array){\n\t\t\treturn i === array.length - 1;\n\t\t},\n\t\teven: function(elem, i){\n\t\t\treturn i % 2 === 0;\n\t\t},\n\t\todd: function(elem, i){\n\t\t\treturn i % 2 === 1;\n\t\t},\n\t\tlt: function(elem, i, match){\n\t\t\treturn i < match[3] - 0;\n\t\t},\n\t\tgt: function(elem, i, match){\n\t\t\treturn i > match[3] - 0;\n\t\t},\n\t\tnth: function(elem, i, match){\n\t\t\treturn match[3] - 0 == i;\n\t\t},\n\t\teq: function(elem, i, match){\n\t\t\treturn match[3] - 0 == i;\n\t\t}\n\t},\n\tfilter: {\n\t\tPSEUDO: function(elem, match, i, array){\n\t\t\tvar name = match[1], filter = Expr.filters[ name ];\n\n\t\t\tif ( filter ) {\n\t\t\t\treturn filter( elem, i, match, array );\n\t\t\t} else if ( name === \"contains\" ) {\n\t\t\t\treturn (elem.textContent || elem.innerText || \"\").indexOf(match[3]) >= 0;\n\t\t\t} else if ( name === \"not\" ) {\n\t\t\t\tvar not = match[3];\n\n\t\t\t\tfor ( var i = 0, l = not.length; i < l; i++ ) {\n\t\t\t\t\tif ( not[i] === elem ) {\n\t\t\t\t\t\treturn false;\n\t\t\t\t\t}\n\t\t\t\t}\n\n\t\t\t\treturn true;\n\t\t\t}\n\t\t},\n\t\tCHILD: function(elem, match){\n\t\t\tvar type = match[1], node = elem;\n\t\t\tswitch (type) {\n\t\t\t\tcase 'only':\n\t\t\t\tcase 'first':\n\t\t\t\t\twhile (node = node.previousSibling)  {\n\t\t\t\t\t\tif ( node.nodeType === 1 ) return false;\n\t\t\t\t\t}\n\t\t\t\t\tif ( type == 'first') return true;\n\t\t\t\t\tnode = elem;\n\t\t\t\tcase 'last':\n\t\t\t\t\twhile (node = node.nextSibling)  {\n\t\t\t\t\t\tif ( node.nodeType === 1 ) return false;\n\t\t\t\t\t}\n\t\t\t\t\treturn true;\n\t\t\t\tcase 'nth':\n\t\t\t\t\tvar first = match[2], last = match[3];\n\n\t\t\t\t\tif ( first == 1 && last == 0 ) {\n\t\t\t\t\t\treturn true;\n\t\t\t\t\t}\n\t\t\t\t\t\n\t\t\t\t\tvar doneName = match[0],\n\t\t\t\t\t\tparent = elem.parentNode;\n\t\n\t\t\t\t\tif ( parent && (parent.sizcache !== doneName || !elem.nodeIndex) ) {\n\t\t\t\t\t\tvar count = 0;\n\t\t\t\t\t\tfor ( node = parent.firstChild; node; node = node.nextSibling ) {\n\t\t\t\t\t\t\tif ( node.nodeType === 1 ) {\n\t\t\t\t\t\t\t\tnode.nodeIndex = ++count;\n\t\t\t\t\t\t\t}\n\t\t\t\t\t\t} \n\t\t\t\t\t\tparent.sizcache = doneName;\n\t\t\t\t\t}\n\t\t\t\t\t\n\t\t\t\t\tvar diff = elem.nodeIndex - last;\n\t\t\t\t\tif ( first == 0 ) {\n\t\t\t\t\t\treturn diff == 0;\n\t\t\t\t\t} else {\n\t\t\t\t\t\treturn ( diff % first == 0 && diff / first >= 0 );\n\t\t\t\t\t}\n\t\t\t}\n\t\t},\n\t\tID: function(elem, match){\n\t\t\treturn elem.nodeType === 1 && elem.getAttribute(\"id\") === match;\n\t\t},\n\t\tTAG: function(elem, match){\n\t\t\treturn (match === \"*\" && elem.nodeType === 1) || elem.nodeName === match;\n\t\t},\n\t\tCLASS: function(elem, match){\n\t\t\treturn (\" \" + (elem.className || elem.getAttribute(\"class\")) + \" \")\n\t\t\t\t.indexOf( match ) > -1;\n\t\t},\n\t\tATTR: function(elem, match){\n\t\t\tvar name = match[1],\n\t\t\t\tresult = Expr.attrHandle[ name ] ?\n\t\t\t\t\tExpr.attrHandle[ name ]( elem ) :\n\t\t\t\t\telem[ name ] != null ?\n\t\t\t\t\t\telem[ name ] :\n\t\t\t\t\t\telem.getAttribute( name ),\n\t\t\t\tvalue = result + \"\",\n\t\t\t\ttype = match[2],\n\t\t\t\tcheck = match[4];\n\n\t\t\treturn result == null ?\n\t\t\t\ttype === \"!=\" :\n\t\t\t\ttype === \"=\" ?\n\t\t\t\tvalue === check :\n\t\t\t\ttype === \"*=\" ?\n\t\t\t\tvalue.indexOf(check) >= 0 :\n\t\t\t\ttype === \"~=\" ?\n\t\t\t\t(\" \" + value + \" \").indexOf(check) >= 0 :\n\t\t\t\t!check ?\n\t\t\t\tvalue && result !== false :\n\t\t\t\ttype === \"!=\" ?\n\t\t\t\tvalue != check :\n\t\t\t\ttype === \"^=\" ?\n\t\t\t\tvalue.indexOf(check) === 0 :\n\t\t\t\ttype === \"$=\" ?\n\t\t\t\tvalue.substr(value.length - check.length) === check :\n\t\t\t\ttype === \"|=\" ?\n\t\t\t\tvalue === check || value.substr(0, check.length + 1) === check + \"-\" :\n\t\t\t\tfalse;\n\t\t},\n\t\tPOS: function(elem, match, i, array){\n\t\t\tvar name = match[2], filter = Expr.setFilters[ name ];\n\n\t\t\tif ( filter ) {\n\t\t\t\treturn filter( elem, i, match, array );\n\t\t\t}\n\t\t}\n\t}\n};\n\nvar origPOS = Expr.match.POS;\n\nfor ( var type in Expr.match ) {\n\tExpr.match[ type ] = RegExp( Expr.match[ type ].source + /(?![^\\[]*\\])(?![^\\(]*\\))/.source );\n}\n\nvar makeArray = function(array, results) {\n\tarray = Array.prototype.slice.call( array );\n\n\tif ( results ) {\n\t\tresults.push.apply( results, array );\n\t\treturn results;\n\t}\n\t\n\treturn array;\n};\n\n// Perform a simple check to determine if the browser is capable of\n// converting a NodeList to an array using builtin methods.\ntry {\n\tArray.prototype.slice.call( document.documentElement.childNodes );\n\n// Provide a fallback method if it does not work\n} catch(e){\n\tmakeArray = function(array, results) {\n\t\tvar ret = results || [];\n\n\t\tif ( toString.call(array) === \"[object Array]\" ) {\n\t\t\tArray.prototype.push.apply( ret, array );\n\t\t} else {\n\t\t\tif ( typeof array.length === \"number\" ) {\n\t\t\t\tfor ( var i = 0, l = array.length; i < l; i++ ) {\n\t\t\t\t\tret.push( array[i] );\n\t\t\t\t}\n\t\t\t} else {\n\t\t\t\tfor ( var i = 0; array[i]; i++ ) {\n\t\t\t\t\tret.push( array[i] );\n\t\t\t\t}\n\t\t\t}\n\t\t}\n\n\t\treturn ret;\n\t};\n}\n\nvar sortOrder;\n\nif ( document.documentElement.compareDocumentPosition ) {\n\tsortOrder = function( a, b ) {\n\t\tvar ret = a.compareDocumentPosition(b) & 4 ? -1 : a === b ? 0 : 1;\n\t\tif ( ret === 0 ) {\n\t\t\thasDuplicate = true;\n\t\t}\n\t\treturn ret;\n\t};\n} else if ( \"sourceIndex\" in document.documentElement ) {\n\tsortOrder = function( a, b ) {\n\t\tvar ret = a.sourceIndex - b.sourceIndex;\n\t\tif ( ret === 0 ) {\n\t\t\thasDuplicate = true;\n\t\t}\n\t\treturn ret;\n\t};\n} else if ( document.createRange ) {\n\tsortOrder = function( a, b ) {\n\t\tvar aRange = a.ownerDocument.createRange(), bRange = b.ownerDocument.createRange();\n\t\taRange.selectNode(a);\n\t\taRange.collapse(true);\n\t\tbRange.selectNode(b);\n\t\tbRange.collapse(true);\n\t\tvar ret = aRange.compareBoundaryPoints(Range.START_TO_END, bRange);\n\t\tif ( ret === 0 ) {\n\t\t\thasDuplicate = true;\n\t\t}\n\t\treturn ret;\n\t};\n}\n\n// Check to see if the browser returns elements by name when\n// querying by getElementById (and provide a workaround)\n(function(){\n\t// We're going to inject a fake input element with a specified name\n\tvar form = document.createElement(\"form\"),\n\t\tid = \"script\" + (new Date).getTime();\n\tform.innerHTML = \"<input name='\" + id + \"'/>\";\n\n\t// Inject it into the root element, check its status, and remove it quickly\n\tvar root = document.documentElement;\n\troot.insertBefore( form, root.firstChild );\n\n\t// The workaround has to do additional checks after a getElementById\n\t// Which slows things down for other browsers (hence the branching)\n\tif ( !!document.getElementById( id ) ) {\n\t\tExpr.find.ID = function(match, context, isXML){\n\t\t\tif ( typeof context.getElementById !== \"undefined\" && !isXML ) {\n\t\t\t\tvar m = context.getElementById(match[1]);\n\t\t\t\treturn m ? m.id === match[1] || typeof m.getAttributeNode !== \"undefined\" && m.getAttributeNode(\"id\").nodeValue === match[1] ? [m] : undefined : [];\n\t\t\t}\n\t\t};\n\n\t\tExpr.filter.ID = function(elem, match){\n\t\t\tvar node = typeof elem.getAttributeNode !== \"undefined\" && elem.getAttributeNode(\"id\");\n\t\t\treturn elem.nodeType === 1 && node && node.nodeValue === match;\n\t\t};\n\t}\n\n\troot.removeChild( form );\n})();\n\n(function(){\n\t// Check to see if the browser returns only elements\n\t// when doing getElementsByTagName(\"*\")\n\n\t// Create a fake element\n\tvar div = document.createElement(\"div\");\n\tdiv.appendChild( document.createComment(\"\") );\n\n\t// Make sure no comments are found\n\tif ( div.getElementsByTagName(\"*\").length > 0 ) {\n\t\tExpr.find.TAG = function(match, context){\n\t\t\tvar results = context.getElementsByTagName(match[1]);\n\n\t\t\t// Filter out possible comments\n\t\t\tif ( match[1] === \"*\" ) {\n\t\t\t\tvar tmp = [];\n\n\t\t\t\tfor ( var i = 0; results[i]; i++ ) {\n\t\t\t\t\tif ( results[i].nodeType === 1 ) {\n\t\t\t\t\t\ttmp.push( results[i] );\n\t\t\t\t\t}\n\t\t\t\t}\n\n\t\t\t\tresults = tmp;\n\t\t\t}\n\n\t\t\treturn results;\n\t\t};\n\t}\n\n\t// Check to see if an attribute returns normalized href attributes\n\tdiv.innerHTML = \"<a href='#'><\/a>\";\n\tif ( div.firstChild && typeof div.firstChild.getAttribute !== \"undefined\" &&\n\t\t\tdiv.firstChild.getAttribute(\"href\") !== \"#\" ) {\n\t\tExpr.attrHandle.href = function(elem){\n\t\t\treturn elem.getAttribute(\"href\", 2);\n\t\t};\n\t}\n})();\n\nif ( document.querySelectorAll ) (function(){\n\tvar oldSizzle = Sizzle, div = document.createElement(\"div\");\n\tdiv.innerHTML = \"<p class='TEST'><\/p>\";\n\n\t// Safari can't handle uppercase or unicode characters when\n\t// in quirks mode.\n\tif ( div.querySelectorAll && div.querySelectorAll(\".TEST\").length === 0 ) {\n\t\treturn;\n\t}\n\t\n\tSizzle = function(query, context, extra, seed){\n\t\tcontext = context || document;\n\n\t\t// Only use querySelectorAll on non-XML documents\n\t\t// (ID selectors don't work in non-HTML documents)\n\t\tif ( !seed && context.nodeType === 9 && !isXML(context) ) {\n\t\t\ttry {\n\t\t\t\treturn makeArray( context.querySelectorAll(query), extra );\n\t\t\t} catch(e){}\n\t\t}\n\t\t\n\t\treturn oldSizzle(query, context, extra, seed);\n\t};\n\n\tSizzle.find = oldSizzle.find;\n\tSizzle.filter = oldSizzle.filter;\n\tSizzle.selectors = oldSizzle.selectors;\n\tSizzle.matches = oldSizzle.matches;\n})();\n\nif ( document.getElementsByClassName && document.documentElement.getElementsByClassName ) (function(){\n\tvar div = document.createElement(\"div\");\n\tdiv.innerHTML = \"<div class='test e'><\/div><div class='test'><\/div>\";\n\n\t// Opera can't find a second classname (in 9.6)\n\tif ( div.getElementsByClassName(\"e\").length === 0 )\n\t\treturn;\n\n\t// Safari caches class attributes, doesn't catch changes (in 3.2)\n\tdiv.lastChild.className = \"e\";\n\n\tif ( div.getElementsByClassName(\"e\").length === 1 )\n\t\treturn;\n\n\tExpr.order.splice(1, 0, \"CLASS\");\n\tExpr.find.CLASS = function(match, context, isXML) {\n\t\tif ( typeof context.getElementsByClassName !== \"undefined\" && !isXML ) {\n\t\t\treturn context.getElementsByClassName(match[1]);\n\t\t}\n\t};\n})();\n\nfunction dirNodeCheck( dir, cur, doneName, checkSet, nodeCheck, isXML ) {\n\tvar sibDir = dir == \"previousSibling\" && !isXML;\n\tfor ( var i = 0, l = checkSet.length; i < l; i++ ) {\n\t\tvar elem = checkSet[i];\n\t\tif ( elem ) {\n\t\t\tif ( sibDir && elem.nodeType === 1 ){\n\t\t\t\telem.sizcache = doneName;\n\t\t\t\telem.sizset = i;\n\t\t\t}\n\t\t\telem = elem[dir];\n\t\t\tvar match = false;\n\n\t\t\twhile ( elem ) {\n\t\t\t\tif ( elem.sizcache === doneName ) {\n\t\t\t\t\tmatch = checkSet[elem.sizset];\n\t\t\t\t\tbreak;\n\t\t\t\t}\n\n\t\t\t\tif ( elem.nodeType === 1 && !isXML ){\n\t\t\t\t\telem.sizcache = doneName;\n\t\t\t\t\telem.sizset = i;\n\t\t\t\t}\n\n\t\t\t\tif ( elem.nodeName === cur ) {\n\t\t\t\t\tmatch = elem;\n\t\t\t\t\tbreak;\n\t\t\t\t}\n\n\t\t\t\telem = elem[dir];\n\t\t\t}\n\n\t\t\tcheckSet[i] = match;\n\t\t}\n\t}\n}\n\nfunction dirCheck( dir, cur, doneName, checkSet, nodeCheck, isXML ) {\n\tvar sibDir = dir == \"previousSibling\" && !isXML;\n\tfor ( var i = 0, l = checkSet.length; i < l; i++ ) {\n\t\tvar elem = checkSet[i];\n\t\tif ( elem ) {\n\t\t\tif ( sibDir && elem.nodeType === 1 ) {\n\t\t\t\telem.sizcache = doneName;\n\t\t\t\telem.sizset = i;\n\t\t\t}\n\t\t\telem = elem[dir];\n\t\t\tvar match = false;\n\n\t\t\twhile ( elem ) {\n\t\t\t\tif ( elem.sizcache === doneName ) {\n\t\t\t\t\tmatch = checkSet[elem.sizset];\n\t\t\t\t\tbreak;\n\t\t\t\t}\n\n\t\t\t\tif ( elem.nodeType === 1 ) {\n\t\t\t\t\tif ( !isXML ) {\n\t\t\t\t\t\telem.sizcache = doneName;\n\t\t\t\t\t\telem.sizset = i;\n\t\t\t\t\t}\n\t\t\t\t\tif ( typeof cur !== \"string\" ) {\n\t\t\t\t\t\tif ( elem === cur ) {\n\t\t\t\t\t\t\tmatch = true;\n\t\t\t\t\t\t\tbreak;\n\t\t\t\t\t\t}\n\n\t\t\t\t\t} else if ( Sizzle.filter( cur, [elem] ).length > 0 ) {\n\t\t\t\t\t\tmatch = elem;\n\t\t\t\t\t\tbreak;\n\t\t\t\t\t}\n\t\t\t\t}\n\n\t\t\t\telem = elem[dir];\n\t\t\t}\n\n\t\t\tcheckSet[i] = match;\n\t\t}\n\t}\n}\n\nvar contains = document.compareDocumentPosition ?  function(a, b){\n\treturn a.compareDocumentPosition(b) & 16;\n} : function(a, b){\n\treturn a !== b && (a.contains ? a.contains(b) : true);\n};\n\nvar isXML = function(elem){\n\treturn elem.nodeType === 9 && elem.documentElement.nodeName !== \"HTML\" ||\n\t\t!!elem.ownerDocument && isXML( elem.ownerDocument );\n};\n\nvar posProcess = function(selector, context){\n\tvar tmpSet = [], later = \"\", match,\n\t\troot = context.nodeType ? [context] : context;\n\n\t// Position selectors must be done after the filter\n\t// And so must :not(positional) so we move all PSEUDOs to the end\n\twhile ( (match = Expr.match.PSEUDO.exec( selector )) ) {\n\t\tlater += match[0];\n\t\tselector = selector.replace( Expr.match.PSEUDO, \"\" );\n\t}\n\n\tselector = Expr.relative[selector] ? selector + \"*\" : selector;\n\n\tfor ( var i = 0, l = root.length; i < l; i++ ) {\n\t\tSizzle( selector, root[i], tmpSet );\n\t}\n\n\treturn Sizzle.filter( later, tmpSet );\n};\n\n// EXPOSE\njQuery.find = Sizzle;\njQuery.filter = Sizzle.filter;\njQuery.expr = Sizzle.selectors;\njQuery.expr[\":\"] = jQuery.expr.filters;\n\nSizzle.selectors.filters.hidden = function(elem){\n\treturn elem.offsetWidth === 0 || elem.offsetHeight === 0;\n};\n\nSizzle.selectors.filters.visible = function(elem){\n\treturn elem.offsetWidth > 0 || elem.offsetHeight > 0;\n};\n\nSizzle.selectors.filters.animated = function(elem){\n\treturn jQuery.grep(jQuery.timers, function(fn){\n\t\treturn elem === fn.elem;\n\t}).length;\n};\n\njQuery.multiFilter = function( expr, elems, not ) {\n\tif ( not ) {\n\t\texpr = \":not(\" + expr + \")\";\n\t}\n\n\treturn Sizzle.matches(expr, elems);\n};\n\njQuery.dir = function( elem, dir ){\n\tvar matched = [], cur = elem[dir];\n\twhile ( cur && cur != document ) {\n\t\tif ( cur.nodeType == 1 )\n\t\t\tmatched.push( cur );\n\t\tcur = cur[dir];\n\t}\n\treturn matched;\n};\n\njQuery.nth = function(cur, result, dir, elem){\n\tresult = result || 1;\n\tvar num = 0;\n\n\tfor ( ; cur; cur = cur[dir] )\n\t\tif ( cur.nodeType == 1 && ++num == result )\n\t\t\tbreak;\n\n\treturn cur;\n};\n\njQuery.sibling = function(n, elem){\n\tvar r = [];\n\n\tfor ( ; n; n = n.nextSibling ) {\n\t\tif ( n.nodeType == 1 && n != elem )\n\t\t\tr.push( n );\n\t}\n\n\treturn r;\n};\n\nreturn;\n\nwindow.Sizzle = Sizzle;\n\n})();\n/*\n * A number of helper functions used for managing events.\n * Many of the ideas behind this code originated from\n * Dean Edwards' addEvent library.\n */\njQuery.event = {\n\n\t// Bind an event to an element\n\t// Original by Dean Edwards\n\tadd: function(elem, types, handler, data) {\n\t\tif ( elem.nodeType == 3 || elem.nodeType == 8 )\n\t\t\treturn;\n\n\t\t// For whatever reason, IE has trouble passing the window object\n\t\t// around, causing it to be cloned in the process\n\t\tif ( elem.setInterval && elem != window )\n\t\t\telem = window;\n\n\t\t// Make sure that the function being executed has a unique ID\n\t\tif ( !handler.guid )\n\t\t\thandler.guid = this.guid++;\n\n\t\t// if data is passed, bind to handler\n\t\tif ( data !== undefined ) {\n\t\t\t// Create temporary function pointer to original handler\n\t\t\tvar fn = handler;\n\n\t\t\t// Create unique handler function, wrapped around original handler\n\t\t\thandler = this.proxy( fn );\n\n\t\t\t// Store data in unique handler\n\t\t\thandler.data = data;\n\t\t}\n\n\t\t// Init the element's event structure\n\t\tvar events = jQuery.data(elem, \"events\") || jQuery.data(elem, \"events\", {}),\n\t\t\thandle = jQuery.data(elem, \"handle\") || jQuery.data(elem, \"handle\", function(){\n\t\t\t\t// Handle the second event of a trigger and when\n\t\t\t\t// an event is called after a page has unloaded\n\t\t\t\treturn typeof jQuery !== \"undefined\" && !jQuery.event.triggered ?\n\t\t\t\t\tjQuery.event.handle.apply(arguments.callee.elem, arguments) :\n\t\t\t\t\tundefined;\n\t\t\t});\n\t\t// Add elem as a property of the handle function\n\t\t// This is to prevent a memory leak with non-native\n\t\t// event in IE.\n\t\thandle.elem = elem;\n\n\t\t// Handle multiple events separated by a space\n\t\t// jQuery(...).bind(\"mouseover mouseout\", fn);\n\t\tjQuery.each(types.split(/\\s+/), function(index, type) {\n\t\t\t// Namespaced event handlers\n\t\t\tvar namespaces = type.split(\".\");\n\t\t\ttype = namespaces.shift();\n\t\t\thandler.type = namespaces.slice().sort().join(\".\");\n\n\t\t\t// Get the current list of functions bound to this event\n\t\t\tvar handlers = events[type];\n\t\t\t\n\t\t\tif ( jQuery.event.specialAll[type] )\n\t\t\t\tjQuery.event.specialAll[type].setup.call(elem, data, namespaces);\n\n\t\t\t// Init the event handler queue\n\t\t\tif (!handlers) {\n\t\t\t\thandlers = events[type] = {};\n\n\t\t\t\t// Check for a special event handler\n\t\t\t\t// Only use addEventListener/attachEvent if the special\n\t\t\t\t// events handler returns false\n\t\t\t\tif ( !jQuery.event.special[type] || jQuery.event.special[type].setup.call(elem, data, namespaces) === false ) {\n\t\t\t\t\t// Bind the global event handler to the element\n\t\t\t\t\tif (elem.addEventListener)\n\t\t\t\t\t\telem.addEventListener(type, handle, false);\n\t\t\t\t\telse if (elem.attachEvent)\n\t\t\t\t\t\telem.attachEvent(\"on\" + type, handle);\n\t\t\t\t}\n\t\t\t}\n\n\t\t\t// Add the function to the element's handler list\n\t\t\thandlers[handler.guid] = handler;\n\n\t\t\t// Keep track of which events have been used, for global triggering\n\t\t\tjQuery.event.global[type] = true;\n\t\t});\n\n\t\t// Nullify elem to prevent memory leaks in IE\n\t\telem = null;\n\t},\n\n\tguid: 1,\n\tglobal: {},\n\n\t// Detach an event or set of events from an element\n\tremove: function(elem, types, handler) {\n\t\t// don't do events on text and comment nodes\n\t\tif ( elem.nodeType == 3 || elem.nodeType == 8 )\n\t\t\treturn;\n\n\t\tvar events = jQuery.data(elem, \"events\"), ret, index;\n\n\t\tif ( events ) {\n\t\t\t// Unbind all events for the element\n\t\t\tif ( types === undefined || (typeof types === \"string\" && types.charAt(0) == \".\") )\n\t\t\t\tfor ( var type in events )\n\t\t\t\t\tthis.remove( elem, type + (types || \"\") );\n\t\t\telse {\n\t\t\t\t// types is actually an event object here\n\t\t\t\tif ( types.type ) {\n\t\t\t\t\thandler = types.handler;\n\t\t\t\t\ttypes = types.type;\n\t\t\t\t}\n\n\t\t\t\t// Handle multiple events seperated by a space\n\t\t\t\t// jQuery(...).unbind(\"mouseover mouseout\", fn);\n\t\t\t\tjQuery.each(types.split(/\\s+/), function(index, type){\n\t\t\t\t\t// Namespaced event handlers\n\t\t\t\t\tvar namespaces = type.split(\".\");\n\t\t\t\t\ttype = namespaces.shift();\n\t\t\t\t\tvar namespace = RegExp(\"(^|\\\\.)\" + namespaces.slice().sort().join(\".*\\\\.\") + \"(\\\\.|$)\");\n\n\t\t\t\t\tif ( events[type] ) {\n\t\t\t\t\t\t// remove the given handler for the given type\n\t\t\t\t\t\tif ( handler )\n\t\t\t\t\t\t\tdelete events[type][handler.guid];\n\n\t\t\t\t\t\t// remove all handlers for the given type\n\t\t\t\t\t\telse\n\t\t\t\t\t\t\tfor ( var handle in events[type] )\n\t\t\t\t\t\t\t\t// Handle the removal of namespaced events\n\t\t\t\t\t\t\t\tif ( namespace.test(events[type][handle].type) )\n\t\t\t\t\t\t\t\t\tdelete events[type][handle];\n\t\t\t\t\t\t\t\t\t\n\t\t\t\t\t\tif ( jQuery.event.specialAll[type] )\n\t\t\t\t\t\t\tjQuery.event.specialAll[type].teardown.call(elem, namespaces);\n\n\t\t\t\t\t\t// remove generic event handler if no more handlers exist\n\t\t\t\t\t\tfor ( ret in events[type] ) break;\n\t\t\t\t\t\tif ( !ret ) {\n\t\t\t\t\t\t\tif ( !jQuery.event.special[type] || jQuery.event.special[type].teardown.call(elem, namespaces) === false ) {\n\t\t\t\t\t\t\t\tif (elem.removeEventListener)\n\t\t\t\t\t\t\t\t\telem.removeEventListener(type, jQuery.data(elem, \"handle\"), false);\n\t\t\t\t\t\t\t\telse if (elem.detachEvent)\n\t\t\t\t\t\t\t\t\telem.detachEvent(\"on\" + type, jQuery.data(elem, \"handle\"));\n\t\t\t\t\t\t\t}\n\t\t\t\t\t\t\tret = null;\n\t\t\t\t\t\t\tdelete events[type];\n\t\t\t\t\t\t}\n\t\t\t\t\t}\n\t\t\t\t});\n\t\t\t}\n\n\t\t\t// Remove the expando if it's no longer used\n\t\t\tfor ( ret in events ) break;\n\t\t\tif ( !ret ) {\n\t\t\t\tvar handle = jQuery.data( elem, \"handle\" );\n\t\t\t\tif ( handle ) handle.elem = null;\n\t\t\t\tjQuery.removeData( elem, \"events\" );\n\t\t\t\tjQuery.removeData( elem, \"handle\" );\n\t\t\t}\n\t\t}\n\t},\n\n\t// bubbling is internal\n\ttrigger: function( event, data, elem, bubbling ) {\n\t\t// Event object or event type\n\t\tvar type = event.type || event;\n\n\t\tif( !bubbling ){\n\t\t\tevent = typeof event === \"object\" ?\n\t\t\t\t// jQuery.Event object\n\t\t\t\tevent[expando] ? event :\n\t\t\t\t// Object literal\n\t\t\t\tjQuery.extend( jQuery.Event(type), event ) :\n\t\t\t\t// Just the event type (string)\n\t\t\t\tjQuery.Event(type);\n\n\t\t\tif ( type.indexOf(\"!\") >= 0 ) {\n\t\t\t\tevent.type = type = type.slice(0, -1);\n\t\t\t\tevent.exclusive = true;\n\t\t\t}\n\n\t\t\t// Handle a global trigger\n\t\t\tif ( !elem ) {\n\t\t\t\t// Don't bubble custom events when global (to avoid too much overhead)\n\t\t\t\tevent.stopPropagation();\n\t\t\t\t// Only trigger if we've ever bound an event for it\n\t\t\t\tif ( this.global[type] )\n\t\t\t\t\tjQuery.each( jQuery.cache, function(){\n\t\t\t\t\t\tif ( this.events && this.events[type] )\n\t\t\t\t\t\t\tjQuery.event.trigger( event, data, this.handle.elem );\n\t\t\t\t\t});\n\t\t\t}\n\n\t\t\t// Handle triggering a single element\n\n\t\t\t// don't do events on text and comment nodes\n\t\t\tif ( !elem || elem.nodeType == 3 || elem.nodeType == 8 )\n\t\t\t\treturn undefined;\n\t\t\t\n\t\t\t// Clean up in case it is reused\n\t\t\tevent.result = undefined;\n\t\t\tevent.target = elem;\n\t\t\t\n\t\t\t// Clone the incoming data, if any\n\t\t\tdata = jQuery.makeArray(data);\n\t\t\tdata.unshift( event );\n\t\t}\n\n\t\tevent.currentTarget = elem;\n\n\t\t// Trigger the event, it is assumed that \"handle\" is a function\n\t\tvar handle = jQuery.data(elem, \"handle\");\n\t\tif ( handle )\n\t\t\thandle.apply( elem, data );\n\n\t\t// Handle triggering native .onfoo handlers (and on links since we don't call .click() for links)\n\t\tif ( (!elem[type] || (jQuery.nodeName(elem, 'a') && type == \"click\")) && elem[\"on\"+type] && elem[\"on\"+type].apply( elem, data ) === false )\n\t\t\tevent.result = false;\n\n\t\t// Trigger the native events (except for clicks on links)\n\t\tif ( !bubbling && elem[type] && !event.isDefaultPrevented() && !(jQuery.nodeName(elem, 'a') && type == \"click\") ) {\n\t\t\tthis.triggered = true;\n\t\t\ttry {\n\t\t\t\telem[ type ]();\n\t\t\t// prevent IE from throwing an error for some hidden elements\n\t\t\t} catch (e) {}\n\t\t}\n\n\t\tthis.triggered = false;\n\n\t\tif ( !event.isPropagationStopped() ) {\n\t\t\tvar parent = elem.parentNode || elem.ownerDocument;\n\t\t\tif ( parent )\n\t\t\t\tjQuery.event.trigger(event, data, parent, true);\n\t\t}\n\t},\n\n\thandle: function(event) {\n\t\t// returned undefined or false\n\t\tvar all, handlers;\n\n\t\tevent = arguments[0] = jQuery.event.fix( event || window.event );\n\t\tevent.currentTarget = this;\n\t\t\n\t\t// Namespaced event handlers\n\t\tvar namespaces = event.type.split(\".\");\n\t\tevent.type = namespaces.shift();\n\n\t\t// Cache this now, all = true means, any handler\n\t\tall = !namespaces.length && !event.exclusive;\n\t\t\n\t\tvar namespace = RegExp(\"(^|\\\\.)\" + namespaces.slice().sort().join(\".*\\\\.\") + \"(\\\\.|$)\");\n\n\t\thandlers = ( jQuery.data(this, \"events\") || {} )[event.type];\n\n\t\tfor ( var j in handlers ) {\n\t\t\tvar handler = handlers[j];\n\n\t\t\t// Filter the functions by class\n\t\t\tif ( all || namespace.test(handler.type) ) {\n\t\t\t\t// Pass in a reference to the handler function itself\n\t\t\t\t// So that we can later remove it\n\t\t\t\tevent.handler = handler;\n\t\t\t\tevent.data = handler.data;\n\n\t\t\t\tvar ret = handler.apply(this, arguments);\n\n\t\t\t\tif( ret !== undefined ){\n\t\t\t\t\tevent.result = ret;\n\t\t\t\t\tif ( ret === false ) {\n\t\t\t\t\t\tevent.preventDefault();\n\t\t\t\t\t\tevent.stopPropagation();\n\t\t\t\t\t}\n\t\t\t\t}\n\n\t\t\t\tif( event.isImmediatePropagationStopped() )\n\t\t\t\t\tbreak;\n\n\t\t\t}\n\t\t}\n\t},\n\n\tprops: \"altKey attrChange attrName bubbles button cancelable charCode clientX clientY ctrlKey currentTarget data detail eventPhase fromElement handler keyCode metaKey newValue originalTarget pageX pageY prevValue relatedNode relatedTarget screenX screenY shiftKey srcElement target toElement view wheelDelta which\".split(\" \"),\n\n\tfix: function(event) {\n\t\tif ( event[expando] )\n\t\t\treturn event;\n\n\t\t// store a copy of the original event object\n\t\t// and \"clone\" to set read-only properties\n\t\tvar originalEvent = event;\n\t\tevent = jQuery.Event( originalEvent );\n\n\t\tfor ( var i = this.props.length, prop; i; ){\n\t\t\tprop = this.props[ --i ];\n\t\t\tevent[ prop ] = originalEvent[ prop ];\n\t\t}\n\n\t\t// Fix target property, if necessary\n\t\tif ( !event.target )\n\t\t\tevent.target = event.srcElement || document; // Fixes #1925 where srcElement might not be defined either\n\n\t\t// check if target is a textnode (safari)\n\t\tif ( event.target.nodeType == 3 )\n\t\t\tevent.target = event.target.parentNode;\n\n\t\t// Add relatedTarget, if necessary\n\t\tif ( !event.relatedTarget && event.fromElement )\n\t\t\tevent.relatedTarget = event.fromElement == event.target ? event.toElement : event.fromElement;\n\n\t\t// Calculate pageX/Y if missing and clientX/Y available\n\t\tif ( event.pageX == null && event.clientX != null ) {\n\t\t\tvar doc = document.documentElement, body = document.body;\n\t\t\tevent.pageX = event.clientX + (doc && doc.scrollLeft || body && body.scrollLeft || 0) - (doc.clientLeft || 0);\n\t\t\tevent.pageY = event.clientY + (doc && doc.scrollTop || body && body.scrollTop || 0) - (doc.clientTop || 0);\n\t\t}\n\n\t\t// Add which for key events\n\t\tif ( !event.which && ((event.charCode || event.charCode === 0) ? event.charCode : event.keyCode) )\n\t\t\tevent.which = event.charCode || event.keyCode;\n\n\t\t// Add metaKey to non-Mac browsers (use ctrl for PC's and Meta for Macs)\n\t\tif ( !event.metaKey && event.ctrlKey )\n\t\t\tevent.metaKey = event.ctrlKey;\n\n\t\t// Add which for click: 1 == left; 2 == middle; 3 == right\n\t\t// Note: button is not normalized, so don't use it\n\t\tif ( !event.which && event.button )\n\t\t\tevent.which = (event.button & 1 ? 1 : ( event.button & 2 ? 3 : ( event.button & 4 ? 2 : 0 ) ));\n\n\t\treturn event;\n\t},\n\n\tproxy: function( fn, proxy ){\n\t\tproxy = proxy || function(){ return fn.apply(this, arguments); };\n\t\t// Set the guid of unique handler to the same of original handler, so it can be removed\n\t\tproxy.guid = fn.guid = fn.guid || proxy.guid || this.guid++;\n\t\t// So proxy can be declared as an argument\n\t\treturn proxy;\n\t},\n\n\tspecial: {\n\t\tready: {\n\t\t\t// Make sure the ready event is setup\n\t\t\tsetup: bindReady,\n\t\t\tteardown: function() {}\n\t\t}\n\t},\n\t\n\tspecialAll: {\n\t\tlive: {\n\t\t\tsetup: function( selector, namespaces ){\n\t\t\t\tjQuery.event.add( this, namespaces[0], liveHandler );\n\t\t\t},\n\t\t\tteardown:  function( namespaces ){\n\t\t\t\tif ( namespaces.length ) {\n\t\t\t\t\tvar remove = 0, name = RegExp(\"(^|\\\\.)\" + namespaces[0] + \"(\\\\.|$)\");\n\t\t\t\t\t\n\t\t\t\t\tjQuery.each( (jQuery.data(this, \"events\").live || {}), function(){\n\t\t\t\t\t\tif ( name.test(this.type) )\n\t\t\t\t\t\t\tremove++;\n\t\t\t\t\t});\n\t\t\t\t\t\n\t\t\t\t\tif ( remove < 1 )\n\t\t\t\t\t\tjQuery.event.remove( this, namespaces[0], liveHandler );\n\t\t\t\t}\n\t\t\t}\n\t\t}\n\t}\n};\n\njQuery.Event = function( src ){\n\t// Allow instantiation without the 'new' keyword\n\tif( !this.preventDefault )\n\t\treturn new jQuery.Event(src);\n\t\n\t// Event object\n\tif( src && src.type ){\n\t\tthis.originalEvent = src;\n\t\tthis.type = src.type;\n\t// Event type\n\t}else\n\t\tthis.type = src;\n\n\t// timeStamp is buggy for some events on Firefox(#3843)\n\t// So we won't rely on the native value\n\tthis.timeStamp = now();\n\t\n\t// Mark it as fixed\n\tthis[expando] = true;\n};\n\nfunction returnFalse(){\n\treturn false;\n}\nfunction returnTrue(){\n\treturn true;\n}\n\n// jQuery.Event is based on DOM3 Events as specified by the ECMAScript Language Binding\n// http://www.w3.org/TR/2003/WD-DOM-Level-3-Events-20030331/ecma-script-binding.html\njQuery.Event.prototype = {\n\tpreventDefault: function() {\n\t\tthis.isDefaultPrevented = returnTrue;\n\n\t\tvar e = this.originalEvent;\n\t\tif( !e )\n\t\t\treturn;\n\t\t// if preventDefault exists run it on the original event\n\t\tif (e.preventDefault)\n\t\t\te.preventDefault();\n\t\t// otherwise set the returnValue property of the original event to false (IE)\n\t\te.returnValue = false;\n\t},\n\tstopPropagation: function() {\n\t\tthis.isPropagationStopped = returnTrue;\n\n\t\tvar e = this.originalEvent;\n\t\tif( !e )\n\t\t\treturn;\n\t\t// if stopPropagation exists run it on the original event\n\t\tif (e.stopPropagation)\n\t\t\te.stopPropagation();\n\t\t// otherwise set the cancelBubble property of the original event to true (IE)\n\t\te.cancelBubble = true;\n\t},\n\tstopImmediatePropagation:function(){\n\t\tthis.isImmediatePropagationStopped = returnTrue;\n\t\tthis.stopPropagation();\n\t},\n\tisDefaultPrevented: returnFalse,\n\tisPropagationStopped: returnFalse,\n\tisImmediatePropagationStopped: returnFalse\n};\n// Checks if an event happened on an element within another element\n// Used in jQuery.event.special.mouseenter and mouseleave handlers\nvar withinElement = function(event) {\n\t// Check if mouse(over|out) are still within the same parent element\n\tvar parent = event.relatedTarget;\n\t// Traverse up the tree\n\twhile ( parent && parent != this )\n\t\ttry { parent = parent.parentNode; }\n\t\tcatch(e) { parent = this; }\n\t\n\tif( parent != this ){\n\t\t// set the correct event type\n\t\tevent.type = event.data;\n\t\t// handle event if we actually just moused on to a non sub-element\n\t\tjQuery.event.handle.apply( this, arguments );\n\t}\n};\n\t\njQuery.each({ \n\tmouseover: 'mouseenter', \n\tmouseout: 'mouseleave'\n}, function( orig, fix ){\n\tjQuery.event.special[ fix ] = {\n\t\tsetup: function(){\n\t\t\tjQuery.event.add( this, orig, withinElement, fix );\n\t\t},\n\t\tteardown: function(){\n\t\t\tjQuery.event.remove( this, orig, withinElement );\n\t\t}\n\t};\t\t\t   \n});\n\njQuery.fn.extend({\n\tbind: function( type, data, fn ) {\n\t\treturn type == \"unload\" ? this.one(type, data, fn) : this.each(function(){\n\t\t\tjQuery.event.add( this, type, fn || data, fn && data );\n\t\t});\n\t},\n\n\tone: function( type, data, fn ) {\n\t\tvar one = jQuery.event.proxy( fn || data, function(event) {\n\t\t\tjQuery(this).unbind(event, one);\n\t\t\treturn (fn || data).apply( this, arguments );\n\t\t});\n\t\treturn this.each(function(){\n\t\t\tjQuery.event.add( this, type, one, fn && data);\n\t\t});\n\t},\n\n\tunbind: function( type, fn ) {\n\t\treturn this.each(function(){\n\t\t\tjQuery.event.remove( this, type, fn );\n\t\t});\n\t},\n\n\ttrigger: function( type, data ) {\n\t\treturn this.each(function(){\n\t\t\tjQuery.event.trigger( type, data, this );\n\t\t});\n\t},\n\n\ttriggerHandler: function( type, data ) {\n\t\tif( this[0] ){\n\t\t\tvar event = jQuery.Event(type);\n\t\t\tevent.preventDefault();\n\t\t\tevent.stopPropagation();\n\t\t\tjQuery.event.trigger( event, data, this[0] );\n\t\t\treturn event.result;\n\t\t}\t\t\n\t},\n\n\ttoggle: function( fn ) {\n\t\t// Save reference to arguments for access in closure\n\t\tvar args = arguments, i = 1;\n\n\t\t// link all the functions, so any of them can unbind this click handler\n\t\twhile( i < args.length )\n\t\t\tjQuery.event.proxy( fn, args[i++] );\n\n\t\treturn this.click( jQuery.event.proxy( fn, function(event) {\n\t\t\t// Figure out which function to execute\n\t\t\tthis.lastToggle = ( this.lastToggle || 0 ) % i;\n\n\t\t\t// Make sure that clicks stop\n\t\t\tevent.preventDefault();\n\n\t\t\t// and execute the function\n\t\t\treturn args[ this.lastToggle++ ].apply( this, arguments ) || false;\n\t\t}));\n\t},\n\n\thover: function(fnOver, fnOut) {\n\t\treturn this.mouseenter(fnOver).mouseleave(fnOut);\n\t},\n\n\tready: function(fn) {\n\t\t// Attach the listeners\n\t\tbindReady();\n\n\t\t// If the DOM is already ready\n\t\tif ( jQuery.isReady )\n\t\t\t// Execute the function immediately\n\t\t\tfn.call( document, jQuery );\n\n\t\t// Otherwise, remember the function for later\n\t\telse\n\t\t\t// Add the function to the wait list\n\t\t\tjQuery.readyList.push( fn );\n\n\t\treturn this;\n\t},\n\t\n\tlive: function( type, fn ){\n\t\tvar proxy = jQuery.event.proxy( fn );\n\t\tproxy.guid += this.selector + type;\n\n\t\tjQuery(document).bind( liveConvert(type, this.selector), this.selector, proxy );\n\n\t\treturn this;\n\t},\n\t\n\tdie: function( type, fn ){\n\t\tjQuery(document).unbind( liveConvert(type, this.selector), fn ? { guid: fn.guid + this.selector + type } : null );\n\t\treturn this;\n\t}\n});\n\nfunction liveHandler( event ){\n\tvar check = RegExp(\"(^|\\\\.)\" + event.type + \"(\\\\.|$)\"),\n\t\tstop = true,\n\t\telems = [];\n\n\tjQuery.each(jQuery.data(this, \"events\").live || [], function(i, fn){\n\t\tif ( check.test(fn.type) ) {\n\t\t\tvar elem = jQuery(event.target).closest(fn.data)[0];\n\t\t\tif ( elem )\n\t\t\t\telems.push({ elem: elem, fn: fn });\n\t\t}\n\t});\n\n\telems.sort(function(a,b) {\n\t\treturn jQuery.data(a.elem, \"closest\") - jQuery.data(b.elem, \"closest\");\n\t});\n\t\n\tjQuery.each(elems, function(){\n\t\tif ( this.fn.call(this.elem, event, this.fn.data) === false )\n\t\t\treturn (stop = false);\n\t});\n\n\treturn stop;\n}\n\nfunction liveConvert(type, selector){\n\treturn [\"live\", type, selector.replace(/\\./g, \"`\").replace(/ /g, \"|\")].join(\".\");\n}\n\njQuery.extend({\n\tisReady: false,\n\treadyList: [],\n\t// Handle when the DOM is ready\n\tready: function() {\n\t\t// Make sure that the DOM is not already loaded\n\t\tif ( !jQuery.isReady ) {\n\t\t\t// Remember that the DOM is ready\n\t\t\tjQuery.isReady = true;\n\n\t\t\t// If there are functions bound, to execute\n\t\t\tif ( jQuery.readyList ) {\n\t\t\t\t// Execute all of them\n\t\t\t\tjQuery.each( jQuery.readyList, function(){\n\t\t\t\t\tthis.call( document, jQuery );\n\t\t\t\t});\n\n\t\t\t\t// Reset the list of functions\n\t\t\t\tjQuery.readyList = null;\n\t\t\t}\n\n\t\t\t// Trigger any bound ready events\n\t\t\tjQuery(document).triggerHandler(\"ready\");\n\t\t}\n\t}\n});\n\nvar readyBound = false;\n\nfunction bindReady(){\n\tif ( readyBound ) return;\n\treadyBound = true;\n\n\t// Mozilla, Opera and webkit nightlies currently support this event\n\tif ( document.addEventListener ) {\n\t\t// Use the handy event callback\n\t\tdocument.addEventListener( \"DOMContentLoaded\", function(){\n\t\t\tdocument.removeEventListener( \"DOMContentLoaded\", arguments.callee, false );\n\t\t\tjQuery.ready();\n\t\t}, false );\n\n\t// If IE event model is used\n\t} else if ( document.attachEvent ) {\n\t\t// ensure firing before onload,\n\t\t// maybe late but safe also for iframes\n\t\tdocument.attachEvent(\"onreadystatechange\", function(){\n\t\t\tif ( document.readyState === \"complete\" ) {\n\t\t\t\tdocument.detachEvent( \"onreadystatechange\", arguments.callee );\n\t\t\t\tjQuery.ready();\n\t\t\t}\n\t\t});\n\n\t\t// If IE and not an iframe\n\t\t// continually check to see if the document is ready\n\t\tif ( document.documentElement.doScroll && window == window.top ) (function(){\n\t\t\tif ( jQuery.isReady ) return;\n\n\t\t\ttry {\n\t\t\t\t// If IE is used, use the trick by Diego Perini\n\t\t\t\t// http://javascript.nwbox.com/IEContentLoaded/\n\t\t\t\tdocument.documentElement.doScroll(\"left\");\n\t\t\t} catch( error ) {\n\t\t\t\tsetTimeout( arguments.callee, 0 );\n\t\t\t\treturn;\n\t\t\t}\n\n\t\t\t// and execute any waiting functions\n\t\t\tjQuery.ready();\n\t\t})();\n\t}\n\n\t// A fallback to window.onload, that will always work\n\tjQuery.event.add( window, \"load\", jQuery.ready );\n}\n\njQuery.each( (\"blur,focus,load,resize,scroll,unload,click,dblclick,\" +\n\t\"mousedown,mouseup,mousemove,mouseover,mouseout,mouseenter,mouseleave,\" +\n\t\"change,select,submit,keydown,keypress,keyup,error\").split(\",\"), function(i, name){\n\n\t// Handle event binding\n\tjQuery.fn[name] = function(fn){\n\t\treturn fn ? this.bind(name, fn) : this.trigger(name);\n\t};\n});\n\n// Prevent memory leaks in IE\n// And prevent errors on refresh with events like mouseover in other browsers\n// Window isn't included so as not to unbind existing unload events\njQuery( window ).bind( 'unload', function(){ \n\tfor ( var id in jQuery.cache )\n\t\t// Skip the window\n\t\tif ( id != 1 && jQuery.cache[ id ].handle )\n\t\t\tjQuery.event.remove( jQuery.cache[ id ].handle.elem );\n}); \n(function(){\n\n\tjQuery.support = {};\n\n\tvar root = document.documentElement,\n\t\tscript = document.createElement(\"script\"),\n\t\tdiv = document.createElement(\"div\"),\n\t\tid = \"script\" + (new Date).getTime();\n\n\tdiv.style.display = \"none\";\n\tdiv.innerHTML = '   <link/><table><\/table><a href=\"/a\" style=\"color:red;float:left;opacity:.5;\">a<\/a><select><option>text<\/option><\/select><object><param/><\/object>';\n\n\tvar all = div.getElementsByTagName(\"*\"),\n\t\ta = div.getElementsByTagName(\"a\")[0];\n\n\t// Can't get basic test support\n\tif ( !all || !all.length || !a ) {\n\t\treturn;\n\t}\n\n\tjQuery.support = {\n\t\t// IE strips leading whitespace when .innerHTML is used\n\t\tleadingWhitespace: div.firstChild.nodeType == 3,\n\t\t\n\t\t// Make sure that tbody elements aren't automatically inserted\n\t\t// IE will insert them into empty tables\n\t\ttbody: !div.getElementsByTagName(\"tbody\").length,\n\t\t\n\t\t// Make sure that you can get all elements in an <object> element\n\t\t// IE 7 always returns no results\n\t\tobjectAll: !!div.getElementsByTagName(\"object\")[0]\n\t\t\t.getElementsByTagName(\"*\").length,\n\t\t\n\t\t// Make sure that link elements get serialized correctly by innerHTML\n\t\t// This requires a wrapper element in IE\n\t\thtmlSerialize: !!div.getElementsByTagName(\"link\").length,\n\t\t\n\t\t// Get the style information from getAttribute\n\t\t// (IE uses .cssText insted)\n\t\tstyle: /red/.test( a.getAttribute(\"style\") ),\n\t\t\n\t\t// Make sure that URLs aren't manipulated\n\t\t// (IE normalizes it by default)\n\t\threfNormalized: a.getAttribute(\"href\") === \"/a\",\n\t\t\n\t\t// Make sure that element opacity exists\n\t\t// (IE uses filter instead)\n\t\topacity: a.style.opacity === \"0.5\",\n\t\t\n\t\t// Verify style float existence\n\t\t// (IE uses styleFloat instead of cssFloat)\n\t\tcssFloat: !!a.style.cssFloat,\n\n\t\t// Will be defined later\n\t\tscriptEval: false,\n\t\tnoCloneEvent: true,\n\t\tboxModel: null\n\t};\n\t\n\tscript.type = \"text/javascript\";\n\ttry {\n\t\tscript.appendChild( document.createTextNode( \"window.\" + id + \"=1;\" ) );\n\t} catch(e){}\n\n\troot.insertBefore( script, root.firstChild );\n\t\n\t// Make sure that the execution of code works by injecting a script\n\t// tag with appendChild/createTextNode\n\t// (IE doesn't support this, fails, and uses .text instead)\n\tif ( window[ id ] ) {\n\t\tjQuery.support.scriptEval = true;\n\t\tdelete window[ id ];\n\t}\n\n\troot.removeChild( script );\n\n\tif ( div.attachEvent && div.fireEvent ) {\n\t\tdiv.attachEvent(\"onclick\", function(){\n\t\t\t// Cloning a node shouldn't copy over any\n\t\t\t// bound event handlers (IE does this)\n\t\t\tjQuery.support.noCloneEvent = false;\n\t\t\tdiv.detachEvent(\"onclick\", arguments.callee);\n\t\t});\n\t\tdiv.cloneNode(true).fireEvent(\"onclick\");\n\t}\n\n\t// Figure out if the W3C box model works as expected\n\t// document.body must exist before we can do this\n\tjQuery(function(){\n\t\tvar div = document.createElement(\"div\");\n\t\tdiv.style.width = div.style.paddingLeft = \"1px\";\n\n\t\tdocument.body.appendChild( div );\n\t\tjQuery.boxModel = jQuery.support.boxModel = div.offsetWidth === 2;\n\t\tdocument.body.removeChild( div ).style.display = 'none';\n\t});\n})();\n\nvar styleFloat = jQuery.support.cssFloat ? \"cssFloat\" : \"styleFloat\";\n\njQuery.props = {\n\t\"for\": \"htmlFor\",\n\t\"class\": \"className\",\n\t\"float\": styleFloat,\n\tcssFloat: styleFloat,\n\tstyleFloat: styleFloat,\n\treadonly: \"readOnly\",\n\tmaxlength: \"maxLength\",\n\tcellspacing: \"cellSpacing\",\n\trowspan: \"rowSpan\",\n\ttabindex: \"tabIndex\"\n};\njQuery.fn.extend({\n\t// Keep a copy of the old load\n\t_load: jQuery.fn.load,\n\n\tload: function( url, params, callback ) {\n\t\tif ( typeof url !== \"string\" )\n\t\t\treturn this._load( url );\n\n\t\tvar off = url.indexOf(\" \");\n\t\tif ( off >= 0 ) {\n\t\t\tvar selector = url.slice(off, url.length);\n\t\t\turl = url.slice(0, off);\n\t\t}\n\n\t\t// Default to a GET request\n\t\tvar type = \"GET\";\n\n\t\t// If the second parameter was provided\n\t\tif ( params )\n\t\t\t// If it's a function\n\t\t\tif ( jQuery.isFunction( params ) ) {\n\t\t\t\t// We assume that it's the callback\n\t\t\t\tcallback = params;\n\t\t\t\tparams = null;\n\n\t\t\t// Otherwise, build a param string\n\t\t\t} else if( typeof params === \"object\" ) {\n\t\t\t\tparams = jQuery.param( params );\n\t\t\t\ttype = \"POST\";\n\t\t\t}\n\n\t\tvar self = this;\n\n\t\t// Request the remote document\n\t\tjQuery.ajax({\n\t\t\turl: url,\n\t\t\ttype: type,\n\t\t\tdataType: \"html\",\n\t\t\tdata: params,\n\t\t\tcomplete: function(res, status){\n\t\t\t\t// If successful, inject the HTML into all the matched elements\n\t\t\t\tif ( status == \"success\" || status == \"notmodified\" )\n\t\t\t\t\t// See if a selector was specified\n\t\t\t\t\tself.html( selector ?\n\t\t\t\t\t\t// Create a dummy div to hold the results\n\t\t\t\t\t\tjQuery(\"<div/>\")\n\t\t\t\t\t\t\t// inject the contents of the document in, removing the scripts\n\t\t\t\t\t\t\t// to avoid any 'Permission Denied' errors in IE\n\t\t\t\t\t\t\t.append(res.responseText.replace(/<script(.|\\s)*?\\/script>/g, \"\"))\n\n\t\t\t\t\t\t\t// Locate the specified elements\n\t\t\t\t\t\t\t.find(selector) :\n\n\t\t\t\t\t\t// If not, just inject the full result\n\t\t\t\t\t\tres.responseText );\n\n\t\t\t\tif( callback )\n\t\t\t\t\tself.each( callback, [res.responseText, status, res] );\n\t\t\t}\n\t\t});\n\t\treturn this;\n\t},\n\n\tserialize: function() {\n\t\treturn jQuery.param(this.serializeArray());\n\t},\n\tserializeArray: function() {\n\t\treturn this.map(function(){\n\t\t\treturn this.elements ? jQuery.makeArray(this.elements) : this;\n\t\t})\n\t\t.filter(function(){\n\t\t\treturn this.name && !this.disabled &&\n\t\t\t\t(this.checked || /select|textarea/i.test(this.nodeName) ||\n\t\t\t\t\t/text|hidden|password|search/i.test(this.type));\n\t\t})\n\t\t.map(function(i, elem){\n\t\t\tvar val = jQuery(this).val();\n\t\t\treturn val == null ? null :\n\t\t\t\tjQuery.isArray(val) ?\n\t\t\t\t\tjQuery.map( val, function(val, i){\n\t\t\t\t\t\treturn {name: elem.name, value: val};\n\t\t\t\t\t}) :\n\t\t\t\t\t{name: elem.name, value: val};\n\t\t}).get();\n\t}\n});\n\n// Attach a bunch of functions for handling common AJAX events\njQuery.each( \"ajaxStart,ajaxStop,ajaxComplete,ajaxError,ajaxSuccess,ajaxSend\".split(\",\"), function(i,o){\n\tjQuery.fn[o] = function(f){\n\t\treturn this.bind(o, f);\n\t};\n});\n\nvar jsc = now();\n\njQuery.extend({\n  \n\tget: function( url, data, callback, type ) {\n\t\t// shift arguments if data argument was ommited\n\t\tif ( jQuery.isFunction( data ) ) {\n\t\t\tcallback = data;\n\t\t\tdata = null;\n\t\t}\n\n\t\treturn jQuery.ajax({\n\t\t\ttype: \"GET\",\n\t\t\turl: url,\n\t\t\tdata: data,\n\t\t\tsuccess: callback,\n\t\t\tdataType: type\n\t\t});\n\t},\n\n\tgetScript: function( url, callback ) {\n\t\treturn jQuery.get(url, null, callback, \"script\");\n\t},\n\n\tgetJSON: function( url, data, callback ) {\n\t\treturn jQuery.get(url, data, callback, \"json\");\n\t},\n\n\tpost: function( url, data, callback, type ) {\n\t\tif ( jQuery.isFunction( data ) ) {\n\t\t\tcallback = data;\n\t\t\tdata = {};\n\t\t}\n\n\t\treturn jQuery.ajax({\n\t\t\ttype: \"POST\",\n\t\t\turl: url,\n\t\t\tdata: data,\n\t\t\tsuccess: callback,\n\t\t\tdataType: type\n\t\t});\n\t},\n\n\tajaxSetup: function( settings ) {\n\t\tjQuery.extend( jQuery.ajaxSettings, settings );\n\t},\n\n\tajaxSettings: {\n\t\turl: location.href,\n\t\tglobal: true,\n\t\ttype: \"GET\",\n\t\tcontentType: \"application/x-www-form-urlencoded\",\n\t\tprocessData: true,\n\t\tasync: true,\n\t\t/*\n\t\ttimeout: 0,\n\t\tdata: null,\n\t\tusername: null,\n\t\tpassword: null,\n\t\t*/\n\t\t// Create the request object; Microsoft failed to properly\n\t\t// implement the XMLHttpRequest in IE7, so we use the ActiveXObject when it is available\n\t\t// This function can be overriden by calling jQuery.ajaxSetup\n\t\txhr:function(){\n\t\t\treturn window.ActiveXObject ? new ActiveXObject(\"Microsoft.XMLHTTP\") : new XMLHttpRequest();\n\t\t},\n\t\taccepts: {\n\t\t\txml: \"application/xml, text/xml\",\n\t\t\thtml: \"text/html\",\n\t\t\tscript: \"text/javascript, application/javascript\",\n\t\t\tjson: \"application/json, text/javascript\",\n\t\t\ttext: \"text/plain\",\n\t\t\t_default: \"*/*\"\n\t\t}\n\t},\n\n\t// Last-Modified header cache for next request\n\tlastModified: {},\n\n\tajax: function( s ) {\n\t\t// Extend the settings, but re-extend 's' so that it can be\n\t\t// checked again later (in the test suite, specifically)\n\t\ts = jQuery.extend(true, s, jQuery.extend(true, {}, jQuery.ajaxSettings, s));\n\n\t\tvar jsonp, jsre = /=\\?(&|$)/g, status, data,\n\t\t\ttype = s.type.toUpperCase();\n\n\t\t// convert data if not already a string\n\t\tif ( s.data && s.processData && typeof s.data !== \"string\" )\n\t\t\ts.data = jQuery.param(s.data);\n\n\t\t// Handle JSONP Parameter Callbacks\n\t\tif ( s.dataType == \"jsonp\" ) {\n\t\t\tif ( type == \"GET\" ) {\n\t\t\t\tif ( !s.url.match(jsre) )\n\t\t\t\t\ts.url += (s.url.match(/\\?/) ? \"&\" : \"?\") + (s.jsonp || \"callback\") + \"=?\";\n\t\t\t} else if ( !s.data || !s.data.match(jsre) )\n\t\t\t\ts.data = (s.data ? s.data + \"&\" : \"\") + (s.jsonp || \"callback\") + \"=?\";\n\t\t\ts.dataType = \"json\";\n\t\t}\n\n\t\t// Build temporary JSONP function\n\t\tif ( s.dataType == \"json\" && (s.data && s.data.match(jsre) || s.url.match(jsre)) ) {\n\t\t\tjsonp = \"jsonp\" + jsc++;\n\n\t\t\t// Replace the =? sequence both in the query string and the data\n\t\t\tif ( s.data )\n\t\t\t\ts.data = (s.data + \"\").replace(jsre, \"=\" + jsonp + \"$1\");\n\t\t\ts.url = s.url.replace(jsre, \"=\" + jsonp + \"$1\");\n\n\t\t\t// We need to make sure\n\t\t\t// that a JSONP style response is executed properly\n\t\t\ts.dataType = \"script\";\n\n\t\t\t// Handle JSONP-style loading\n\t\t\twindow[ jsonp ] = function(tmp){\n\t\t\t\tdata = tmp;\n\t\t\t\tsuccess();\n\t\t\t\tcomplete();\n\t\t\t\t// Garbage collect\n\t\t\t\twindow[ jsonp ] = undefined;\n\t\t\t\ttry{ delete window[ jsonp ]; } catch(e){}\n\t\t\t\tif ( head )\n\t\t\t\t\thead.removeChild( script );\n\t\t\t};\n\t\t}\n\n\t\tif ( s.dataType == \"script\" && s.cache == null )\n\t\t\ts.cache = false;\n\n\t\tif ( s.cache === false && type == \"GET\" ) {\n\t\t\tvar ts = now();\n\t\t\t// try replacing _= if it is there\n\t\t\tvar ret = s.url.replace(/(\\?|&)_=.*?(&|$)/, \"$1_=\" + ts + \"$2\");\n\t\t\t// if nothing was replaced, add timestamp to the end\n\t\t\ts.url = ret + ((ret == s.url) ? (s.url.match(/\\?/) ? \"&\" : \"?\") + \"_=\" + ts : \"\");\n\t\t}\n\n\t\t// If data is available, append data to url for get requests\n\t\tif ( s.data && type == \"GET\" ) {\n\t\t\ts.url += (s.url.match(/\\?/) ? \"&\" : \"?\") + s.data;\n\n\t\t\t// IE likes to send both get and post data, prevent this\n\t\t\ts.data = null;\n\t\t}\n\n\t\t// Watch for a new set of requests\n\t\tif ( s.global && ! jQuery.active++ )\n\t\t\tjQuery.event.trigger( \"ajaxStart\" );\n\n\t\t// Matches an absolute URL, and saves the domain\n\t\tvar parts = /^(\\w+:)?\\/\\/([^\\/?#]+)/.exec( s.url );\n\n\t\t// If we're requesting a remote document\n\t\t// and trying to load JSON or Script with a GET\n\t\tif ( s.dataType == \"script\" && type == \"GET\" && parts\n\t\t\t&& ( parts[1] && parts[1] != location.protocol || parts[2] != location.host )){\n\n\t\t\tvar head = document.getElementsByTagName(\"head\")[0];\n\t\t\tvar script = document.createElement(\"script\");\n\t\t\tscript.src = s.url;\n\t\t\tif (s.scriptCharset)\n\t\t\t\tscript.charset = s.scriptCharset;\n\n\t\t\t// Handle Script loading\n\t\t\tif ( !jsonp ) {\n\t\t\t\tvar done = false;\n\n\t\t\t\t// Attach handlers for all browsers\n\t\t\t\tscript.onload = script.onreadystatechange = function(){\n\t\t\t\t\tif ( !done && (!this.readyState ||\n\t\t\t\t\t\t\tthis.readyState == \"loaded\" || this.readyState == \"complete\") ) {\n\t\t\t\t\t\tdone = true;\n\t\t\t\t\t\tsuccess();\n\t\t\t\t\t\tcomplete();\n\n\t\t\t\t\t\t// Handle memory leak in IE\n\t\t\t\t\t\tscript.onload = script.onreadystatechange = null;\n\t\t\t\t\t\thead.removeChild( script );\n\t\t\t\t\t}\n\t\t\t\t};\n\t\t\t}\n\n\t\t\thead.appendChild(script);\n\n\t\t\t// We handle everything using the script element injection\n\t\t\treturn undefined;\n\t\t}\n\n\t\tvar requestDone = false;\n\n\t\t// Create the request object\n\t\tvar xhr = s.xhr();\n\n\t\t// Open the socket\n\t\t// Passing null username, generates a login popup on Opera (#2865)\n\t\tif( s.username )\n\t\t\txhr.open(type, s.url, s.async, s.username, s.password);\n\t\telse\n\t\t\txhr.open(type, s.url, s.async);\n\n\t\t// Need an extra try/catch for cross domain requests in Firefox 3\n\t\ttry {\n\t\t\t// Set the correct header, if data is being sent\n\t\t\tif ( s.data )\n\t\t\t\txhr.setRequestHeader(\"Content-Type\", s.contentType);\n\n\t\t\t// Set the If-Modified-Since header, if ifModified mode.\n\t\t\tif ( s.ifModified )\n\t\t\t\txhr.setRequestHeader(\"If-Modified-Since\",\n\t\t\t\t\tjQuery.lastModified[s.url] || \"Thu, 01 Jan 1970 00:00:00 GMT\" );\n\n\t\t\t// Set header so the called script knows that it's an XMLHttpRequest\n\t\t\txhr.setRequestHeader(\"X-Requested-With\", \"XMLHttpRequest\");\n\n\t\t\t// Set the Accepts header for the server, depending on the dataType\n\t\t\txhr.setRequestHeader(\"Accept\", s.dataType && s.accepts[ s.dataType ] ?\n\t\t\t\ts.accepts[ s.dataType ] + \", */*\" :\n\t\t\t\ts.accepts._default );\n\t\t} catch(e){}\n\n\t\t// Allow custom headers/mimetypes and early abort\n\t\tif ( s.beforeSend && s.beforeSend(xhr, s) === false ) {\n\t\t\t// Handle the global AJAX counter\n\t\t\tif ( s.global && ! --jQuery.active )\n\t\t\t\tjQuery.event.trigger( \"ajaxStop\" );\n\t\t\t// close opended socket\n\t\t\txhr.abort();\n\t\t\treturn false;\n\t\t}\n\n\t\tif ( s.global )\n\t\t\tjQuery.event.trigger(\"ajaxSend\", [xhr, s]);\n\n\t\t// Wait for a response to come back\n\t\tvar onreadystatechange = function(isTimeout){\n\t\t\t// The request was aborted, clear the interval and decrement jQuery.active\n\t\t\tif (xhr.readyState == 0) {\n\t\t\t\tif (ival) {\n\t\t\t\t\t// clear poll interval\n\t\t\t\t\tclearInterval(ival);\n\t\t\t\t\tival = null;\n\t\t\t\t\t// Handle the global AJAX counter\n\t\t\t\t\tif ( s.global && ! --jQuery.active )\n\t\t\t\t\t\tjQuery.event.trigger( \"ajaxStop\" );\n\t\t\t\t}\n\t\t\t// The transfer is complete and the data is available, or the request timed out\n\t\t\t} else if ( !requestDone && xhr && (xhr.readyState == 4 || isTimeout == \"timeout\") ) {\n\t\t\t\trequestDone = true;\n\n\t\t\t\t// clear poll interval\n\t\t\t\tif (ival) {\n\t\t\t\t\tclearInterval(ival);\n\t\t\t\t\tival = null;\n\t\t\t\t}\n\n\t\t\t\tstatus = isTimeout == \"timeout\" ? \"timeout\" :\n\t\t\t\t\t!jQuery.httpSuccess( xhr ) ? \"error\" :\n\t\t\t\t\ts.ifModified && jQuery.httpNotModified( xhr, s.url ) ? \"notmodified\" :\n\t\t\t\t\t\"success\";\n\n\t\t\t\tif ( status == \"success\" ) {\n\t\t\t\t\t// Watch for, and catch, XML document parse errors\n\t\t\t\t\ttry {\n\t\t\t\t\t\t// process the data (runs the xml through httpData regardless of callback)\n\t\t\t\t\t\tdata = jQuery.httpData( xhr, s.dataType, s );\n\t\t\t\t\t} catch(e) {\n\t\t\t\t\t\tstatus = \"parsererror\";\n\t\t\t\t\t}\n\t\t\t\t}\n\n\t\t\t\t// Make sure that the request was successful or notmodified\n\t\t\t\tif ( status == \"success\" ) {\n\t\t\t\t\t// Cache Last-Modified header, if ifModified mode.\n\t\t\t\t\tvar modRes;\n\t\t\t\t\ttry {\n\t\t\t\t\t\tmodRes = xhr.getResponseHeader(\"Last-Modified\");\n\t\t\t\t\t} catch(e) {} // swallow exception thrown by FF if header is not available\n\n\t\t\t\t\tif ( s.ifModified && modRes )\n\t\t\t\t\t\tjQuery.lastModified[s.url] = modRes;\n\n\t\t\t\t\t// JSONP handles its own success callback\n\t\t\t\t\tif ( !jsonp )\n\t\t\t\t\t\tsuccess();\n\t\t\t\t} else\n\t\t\t\t\tjQuery.handleError(s, xhr, status);\n\n\t\t\t\t// Fire the complete handlers\n\t\t\t\tcomplete();\n\n\t\t\t\tif ( isTimeout )\n\t\t\t\t\txhr.abort();\n\n\t\t\t\t// Stop memory leaks\n\t\t\t\tif ( s.async )\n\t\t\t\t\txhr = null;\n\t\t\t}\n\t\t};\n\n\t\tif ( s.async ) {\n\t\t\t// don't attach the handler to the request, just poll it instead\n\t\t\tvar ival = setInterval(onreadystatechange, 13);\n\n\t\t\t// Timeout checker\n\t\t\tif ( s.timeout > 0 )\n\t\t\t\tsetTimeout(function(){\n\t\t\t\t\t// Check to see if the request is still happening\n\t\t\t\t\tif ( xhr && !requestDone )\n\t\t\t\t\t\tonreadystatechange( \"timeout\" );\n\t\t\t\t}, s.timeout);\n\t\t}\n\n\t\t// Send the data\n\t\ttry {\n\t\t\txhr.send(s.data);\n\t\t} catch(e) {\n\t\t\tjQuery.handleError(s, xhr, null, e);\n\t\t}\n\n\t\t// firefox 1.5 doesn't fire statechange for sync requests\n\t\tif ( !s.async )\n\t\t\tonreadystatechange();\n\n\t\tfunction success(){\n\t\t\t// If a local callback was specified, fire it and pass it the data\n\t\t\tif ( s.success )\n\t\t\t\ts.success( data, status );\n\n\t\t\t// Fire the global callback\n\t\t\tif ( s.global )\n\t\t\t\tjQuery.event.trigger( \"ajaxSuccess\", [xhr, s] );\n\t\t}\n\n\t\tfunction complete(){\n\t\t\t// Process result\n\t\t\tif ( s.complete )\n\t\t\t\ts.complete(xhr, status);\n\n\t\t\t// The request was completed\n\t\t\tif ( s.global )\n\t\t\t\tjQuery.event.trigger( \"ajaxComplete\", [xhr, s] );\n\n\t\t\t// Handle the global AJAX counter\n\t\t\tif ( s.global && ! --jQuery.active )\n\t\t\t\tjQuery.event.trigger( \"ajaxStop\" );\n\t\t}\n\n\t\t// return XMLHttpRequest to allow aborting the request etc.\n\t\treturn xhr;\n\t},\n\n\thandleError: function( s, xhr, status, e ) {\n\t\t// If a local callback was specified, fire it\n\t\tif ( s.error ) s.error( xhr, status, e );\n\n\t\t// Fire the global callback\n\t\tif ( s.global )\n\t\t\tjQuery.event.trigger( \"ajaxError\", [xhr, s, e] );\n\t},\n\n\t// Counter for holding the number of active queries\n\tactive: 0,\n\n\t// Determines if an XMLHttpRequest was successful or not\n\thttpSuccess: function( xhr ) {\n\t\ttry {\n\t\t\t// IE error sometimes returns 1223 when it should be 204 so treat it as success, see #1450\n\t\t\treturn !xhr.status && location.protocol == \"file:\" ||\n\t\t\t\t( xhr.status >= 200 && xhr.status < 300 ) || xhr.status == 304 || xhr.status == 1223;\n\t\t} catch(e){}\n\t\treturn false;\n\t},\n\n\t// Determines if an XMLHttpRequest returns NotModified\n\thttpNotModified: function( xhr, url ) {\n\t\ttry {\n\t\t\tvar xhrRes = xhr.getResponseHeader(\"Last-Modified\");\n\n\t\t\t// Firefox always returns 200. check Last-Modified date\n\t\t\treturn xhr.status == 304 || xhrRes == jQuery.lastModified[url];\n\t\t} catch(e){}\n\t\treturn false;\n\t},\n\n\thttpData: function( xhr, type, s ) {\n\t\tvar ct = xhr.getResponseHeader(\"content-type\"),\n\t\t\txml = type == \"xml\" || !type && ct && ct.indexOf(\"xml\") >= 0,\n\t\t\tdata = xml ? xhr.responseXML : xhr.responseText;\n\n\t\tif ( xml && data.documentElement.tagName == \"parsererror\" )\n\t\t\tthrow \"parsererror\";\n\t\t\t\n\t\t// Allow a pre-filtering function to sanitize the response\n\t\t// s != null is checked to keep backwards compatibility\n\t\tif( s && s.dataFilter )\n\t\t\tdata = s.dataFilter( data, type );\n\n\t\t// The filter can actually parse the response\n\t\tif( typeof data === \"string\" ){\n\n\t\t\t// If the type is \"script\", eval it in global context\n\t\t\tif ( type == \"script\" )\n\t\t\t\tjQuery.globalEval( data );\n\n\t\t\t// Get the JavaScript object, if JSON is used.\n\t\t\tif ( type == \"json\" )\n\t\t\t\tdata = window[\"eval\"](\"(\" + data + \")\");\n\t\t}\n\t\t\n\t\treturn data;\n\t},\n\n\t// Serialize an array of form elements or a set of\n\t// key/values into a query string\n\tparam: function( a ) {\n\t\tvar s = [ ];\n\n\t\tfunction add( key, value ){\n\t\t\ts[ s.length ] = encodeURIComponent(key) + '=' + encodeURIComponent(value);\n\t\t};\n\n\t\t// If an array was passed in, assume that it is an array\n\t\t// of form elements\n\t\tif ( jQuery.isArray(a) || a.jquery )\n\t\t\t// Serialize the form elements\n\t\t\tjQuery.each( a, function(){\n\t\t\t\tadd( this.name, this.value );\n\t\t\t});\n\n\t\t// Otherwise, assume that it's an object of key/value pairs\n\t\telse\n\t\t\t// Serialize the key/values\n\t\t\tfor ( var j in a )\n\t\t\t\t// If the value is an array then the key names need to be repeated\n\t\t\t\tif ( jQuery.isArray(a[j]) )\n\t\t\t\t\tjQuery.each( a[j], function(){\n\t\t\t\t\t\tadd( j, this );\n\t\t\t\t\t});\n\t\t\t\telse\n\t\t\t\t\tadd( j, jQuery.isFunction(a[j]) ? a[j]() : a[j] );\n\n\t\t// Return the resulting serialization\n\t\treturn s.join(\"&\").replace(/%20/g, \"+\");\n\t}\n\n});\nvar elemdisplay = {},\n\ttimerId,\n\tfxAttrs = [\n\t\t// height animations\n\t\t[ \"height\", \"marginTop\", \"marginBottom\", \"paddingTop\", \"paddingBottom\" ],\n\t\t// width animations\n\t\t[ \"width\", \"marginLeft\", \"marginRight\", \"paddingLeft\", \"paddingRight\" ],\n\t\t// opacity animations\n\t\t[ \"opacity\" ]\n\t];\n\nfunction genFx( type, num ){\n\tvar obj = {};\n\tjQuery.each( fxAttrs.concat.apply([], fxAttrs.slice(0,num)), function(){\n\t\tobj[ this ] = type;\n\t});\n\treturn obj;\n}\n\njQuery.fn.extend({\n\tshow: function(speed,callback){\n\t\tif ( speed ) {\n\t\t\treturn this.animate( genFx(\"show\", 3), speed, callback);\n\t\t} else {\n\t\t\tfor ( var i = 0, l = this.length; i < l; i++ ){\n\t\t\t\tvar old = jQuery.data(this[i], \"olddisplay\");\n\t\t\t\t\n\t\t\t\tthis[i].style.display = old || \"\";\n\t\t\t\t\n\t\t\t\tif ( jQuery.css(this[i], \"display\") === \"none\" ) {\n\t\t\t\t\tvar tagName = this[i].tagName, display;\n\t\t\t\t\t\n\t\t\t\t\tif ( elemdisplay[ tagName ] ) {\n\t\t\t\t\t\tdisplay = elemdisplay[ tagName ];\n\t\t\t\t\t} else {\n\t\t\t\t\t\tvar elem = jQuery(\"<\" + tagName + \" />\").appendTo(\"body\");\n\t\t\t\t\t\t\n\t\t\t\t\t\tdisplay = elem.css(\"display\");\n\t\t\t\t\t\tif ( display === \"none\" )\n\t\t\t\t\t\t\tdisplay = \"block\";\n\t\t\t\t\t\t\n\t\t\t\t\t\telem.remove();\n\t\t\t\t\t\t\n\t\t\t\t\t\telemdisplay[ tagName ] = display;\n\t\t\t\t\t}\n\t\t\t\t\t\n\t\t\t\t\tjQuery.data(this[i], \"olddisplay\", display);\n\t\t\t\t}\n\t\t\t}\n\n\t\t\t// Set the display of the elements in a second loop\n\t\t\t// to avoid the constant reflow\n\t\t\tfor ( var i = 0, l = this.length; i < l; i++ ){\n\t\t\t\tthis[i].style.display = jQuery.data(this[i], \"olddisplay\") || \"\";\n\t\t\t}\n\t\t\t\n\t\t\treturn this;\n\t\t}\n\t},\n\n\thide: function(speed,callback){\n\t\tif ( speed ) {\n\t\t\treturn this.animate( genFx(\"hide\", 3), speed, callback);\n\t\t} else {\n\t\t\tfor ( var i = 0, l = this.length; i < l; i++ ){\n\t\t\t\tvar old = jQuery.data(this[i], \"olddisplay\");\n\t\t\t\tif ( !old && old !== \"none\" )\n\t\t\t\t\tjQuery.data(this[i], \"olddisplay\", jQuery.css(this[i], \"display\"));\n\t\t\t}\n\n\t\t\t// Set the display of the elements in a second loop\n\t\t\t// to avoid the constant reflow\n\t\t\tfor ( var i = 0, l = this.length; i < l; i++ ){\n\t\t\t\tthis[i].style.display = \"none\";\n\t\t\t}\n\n\t\t\treturn this;\n\t\t}\n\t},\n\n\t// Save the old toggle function\n\t_toggle: jQuery.fn.toggle,\n\n\ttoggle: function( fn, fn2 ){\n\t\tvar bool = typeof fn === \"boolean\";\n\n\t\treturn jQuery.isFunction(fn) && jQuery.isFunction(fn2) ?\n\t\t\tthis._toggle.apply( this, arguments ) :\n\t\t\tfn == null || bool ?\n\t\t\t\tthis.each(function(){\n\t\t\t\t\tvar state = bool ? fn : jQuery(this).is(\":hidden\");\n\t\t\t\t\tjQuery(this)[ state ? \"show\" : \"hide\" ]();\n\t\t\t\t}) :\n\t\t\t\tthis.animate(genFx(\"toggle\", 3), fn, fn2);\n\t},\n\n\tfadeTo: function(speed,to,callback){\n\t\treturn this.animate({opacity: to}, speed, callback);\n\t},\n\n\tanimate: function( prop, speed, easing, callback ) {\n\t\tvar optall = jQuery.speed(speed, easing, callback);\n\n\t\treturn this[ optall.queue === false ? \"each\" : \"queue\" ](function(){\n\t\t\n\t\t\tvar opt = jQuery.extend({}, optall), p,\n\t\t\t\thidden = this.nodeType == 1 && jQuery(this).is(\":hidden\"),\n\t\t\t\tself = this;\n\t\n\t\t\tfor ( p in prop ) {\n\t\t\t\tif ( prop[p] == \"hide\" && hidden || prop[p] == \"show\" && !hidden )\n\t\t\t\t\treturn opt.complete.call(this);\n\n\t\t\t\tif ( ( p == \"height\" || p == \"width\" ) && this.style ) {\n\t\t\t\t\t// Store display property\n\t\t\t\t\topt.display = jQuery.css(this, \"display\");\n\n\t\t\t\t\t// Make sure that nothing sneaks out\n\t\t\t\t\topt.overflow = this.style.overflow;\n\t\t\t\t}\n\t\t\t}\n\n\t\t\tif ( opt.overflow != null )\n\t\t\t\tthis.style.overflow = \"hidden\";\n\n\t\t\topt.curAnim = jQuery.extend({}, prop);\n\n\t\t\tjQuery.each( prop, function(name, val){\n\t\t\t\tvar e = new jQuery.fx( self, opt, name );\n\n\t\t\t\tif ( /toggle|show|hide/.test(val) )\n\t\t\t\t\te[ val == \"toggle\" ? hidden ? \"show\" : \"hide\" : val ]( prop );\n\t\t\t\telse {\n\t\t\t\t\tvar parts = val.toString().match(/^([+-]=)?([\\d+-.]+)(.*)$/),\n\t\t\t\t\t\tstart = e.cur(true) || 0;\n\n\t\t\t\t\tif ( parts ) {\n\t\t\t\t\t\tvar end = parseFloat(parts[2]),\n\t\t\t\t\t\t\tunit = parts[3] || \"px\";\n\n\t\t\t\t\t\t// We need to compute starting value\n\t\t\t\t\t\tif ( unit != \"px\" ) {\n\t\t\t\t\t\t\tself.style[ name ] = (end || 1) + unit;\n\t\t\t\t\t\t\tstart = ((end || 1) / e.cur(true)) * start;\n\t\t\t\t\t\t\tself.style[ name ] = start + unit;\n\t\t\t\t\t\t}\n\n\t\t\t\t\t\t// If a +=/-= token was provided, we're doing a relative animation\n\t\t\t\t\t\tif ( parts[1] )\n\t\t\t\t\t\t\tend = ((parts[1] == \"-=\" ? -1 : 1) * end) + start;\n\n\t\t\t\t\t\te.custom( start, end, unit );\n\t\t\t\t\t} else\n\t\t\t\t\t\te.custom( start, val, \"\" );\n\t\t\t\t}\n\t\t\t});\n\n\t\t\t// For JS strict compliance\n\t\t\treturn true;\n\t\t});\n\t},\n\n\tstop: function(clearQueue, gotoEnd){\n\t\tvar timers = jQuery.timers;\n\n\t\tif (clearQueue)\n\t\t\tthis.queue([]);\n\n\t\tthis.each(function(){\n\t\t\t// go in reverse order so anything added to the queue during the loop is ignored\n\t\t\tfor ( var i = timers.length - 1; i >= 0; i-- )\n\t\t\t\tif ( timers[i].elem == this ) {\n\t\t\t\t\tif (gotoEnd)\n\t\t\t\t\t\t// force the next step to be the last\n\t\t\t\t\t\ttimers[i](true);\n\t\t\t\t\ttimers.splice(i, 1);\n\t\t\t\t}\n\t\t});\n\n\t\t// start the next in the queue if the last step wasn't forced\n\t\tif (!gotoEnd)\n\t\t\tthis.dequeue();\n\n\t\treturn this;\n\t}\n\n});\n\n// Generate shortcuts for custom animations\njQuery.each({\n\tslideDown: genFx(\"show\", 1),\n\tslideUp: genFx(\"hide\", 1),\n\tslideToggle: genFx(\"toggle\", 1),\n\tfadeIn: { opacity: \"show\" },\n\tfadeOut: { opacity: \"hide\" }\n}, function( name, props ){\n\tjQuery.fn[ name ] = function( speed, callback ){\n\t\treturn this.animate( props, speed, callback );\n\t};\n});\n\njQuery.extend({\n\n\tspeed: function(speed, easing, fn) {\n\t\tvar opt = typeof speed === \"object\" ? speed : {\n\t\t\tcomplete: fn || !fn && easing ||\n\t\t\t\tjQuery.isFunction( speed ) && speed,\n\t\t\tduration: speed,\n\t\t\teasing: fn && easing || easing && !jQuery.isFunction(easing) && easing\n\t\t};\n\n\t\topt.duration = jQuery.fx.off ? 0 : typeof opt.duration === \"number\" ? opt.duration :\n\t\t\tjQuery.fx.speeds[opt.duration] || jQuery.fx.speeds._default;\n\n\t\t// Queueing\n\t\topt.old = opt.complete;\n\t\topt.complete = function(){\n\t\t\tif ( opt.queue !== false )\n\t\t\t\tjQuery(this).dequeue();\n\t\t\tif ( jQuery.isFunction( opt.old ) )\n\t\t\t\topt.old.call( this );\n\t\t};\n\n\t\treturn opt;\n\t},\n\n\teasing: {\n\t\tlinear: function( p, n, firstNum, diff ) {\n\t\t\treturn firstNum + diff * p;\n\t\t},\n\t\tswing: function( p, n, firstNum, diff ) {\n\t\t\treturn ((-Math.cos(p*Math.PI)/2) + 0.5) * diff + firstNum;\n\t\t}\n\t},\n\n\ttimers: [],\n\n\tfx: function( elem, options, prop ){\n\t\tthis.options = options;\n\t\tthis.elem = elem;\n\t\tthis.prop = prop;\n\n\t\tif ( !options.orig )\n\t\t\toptions.orig = {};\n\t}\n\n});\n\njQuery.fx.prototype = {\n\n\t// Simple function for setting a style value\n\tupdate: function(){\n\t\tif ( this.options.step )\n\t\t\tthis.options.step.call( this.elem, this.now, this );\n\n\t\t(jQuery.fx.step[this.prop] || jQuery.fx.step._default)( this );\n\n\t\t// Set display property to block for height/width animations\n\t\tif ( ( this.prop == \"height\" || this.prop == \"width\" ) && this.elem.style )\n\t\t\tthis.elem.style.display = \"block\";\n\t},\n\n\t// Get the current size\n\tcur: function(force){\n\t\tif ( this.elem[this.prop] != null && (!this.elem.style || this.elem.style[this.prop] == null) )\n\t\t\treturn this.elem[ this.prop ];\n\n\t\tvar r = parseFloat(jQuery.css(this.elem, this.prop, force));\n\t\treturn r && r > -10000 ? r : parseFloat(jQuery.curCSS(this.elem, this.prop)) || 0;\n\t},\n\n\t// Start an animation from one number to another\n\tcustom: function(from, to, unit){\n\t\tthis.startTime = now();\n\t\tthis.start = from;\n\t\tthis.end = to;\n\t\tthis.unit = unit || this.unit || \"px\";\n\t\tthis.now = this.start;\n\t\tthis.pos = this.state = 0;\n\n\t\tvar self = this;\n\t\tfunction t(gotoEnd){\n\t\t\treturn self.step(gotoEnd);\n\t\t}\n\n\t\tt.elem = this.elem;\n\n\t\tif ( t() && jQuery.timers.push(t) && !timerId ) {\n\t\t\ttimerId = setInterval(function(){\n\t\t\t\tvar timers = jQuery.timers;\n\n\t\t\t\tfor ( var i = 0; i < timers.length; i++ )\n\t\t\t\t\tif ( !timers[i]() )\n\t\t\t\t\t\ttimers.splice(i--, 1);\n\n\t\t\t\tif ( !timers.length ) {\n\t\t\t\t\tclearInterval( timerId );\n\t\t\t\t\ttimerId = undefined;\n\t\t\t\t}\n\t\t\t}, 13);\n\t\t}\n\t},\n\n\t// Simple 'show' function\n\tshow: function(){\n\t\t// Remember where we started, so that we can go back to it later\n\t\tthis.options.orig[this.prop] = jQuery.attr( this.elem.style, this.prop );\n\t\tthis.options.show = true;\n\n\t\t// Begin the animation\n\t\t// Make sure that we start at a small width/height to avoid any\n\t\t// flash of content\n\t\tthis.custom(this.prop == \"width\" || this.prop == \"height\" ? 1 : 0, this.cur());\n\n\t\t// Start by showing the element\n\t\tjQuery(this.elem).show();\n\t},\n\n\t// Simple 'hide' function\n\thide: function(){\n\t\t// Remember where we started, so that we can go back to it later\n\t\tthis.options.orig[this.prop] = jQuery.attr( this.elem.style, this.prop );\n\t\tthis.options.hide = true;\n\n\t\t// Begin the animation\n\t\tthis.custom(this.cur(), 0);\n\t},\n\n\t// Each step of an animation\n\tstep: function(gotoEnd){\n\t\tvar t = now();\n\n\t\tif ( gotoEnd || t >= this.options.duration + this.startTime ) {\n\t\t\tthis.now = this.end;\n\t\t\tthis.pos = this.state = 1;\n\t\t\tthis.update();\n\n\t\t\tthis.options.curAnim[ this.prop ] = true;\n\n\t\t\tvar done = true;\n\t\t\tfor ( var i in this.options.curAnim )\n\t\t\t\tif ( this.options.curAnim[i] !== true )\n\t\t\t\t\tdone = false;\n\n\t\t\tif ( done ) {\n\t\t\t\tif ( this.options.display != null ) {\n\t\t\t\t\t// Reset the overflow\n\t\t\t\t\tthis.elem.style.overflow = this.options.overflow;\n\n\t\t\t\t\t// Reset the display\n\t\t\t\t\tthis.elem.style.display = this.options.display;\n\t\t\t\t\tif ( jQuery.css(this.elem, \"display\") == \"none\" )\n\t\t\t\t\t\tthis.elem.style.display = \"block\";\n\t\t\t\t}\n\n\t\t\t\t// Hide the element if the \"hide\" operation was done\n\t\t\t\tif ( this.options.hide )\n\t\t\t\t\tjQuery(this.elem).hide();\n\n\t\t\t\t// Reset the properties, if the item has been hidden or shown\n\t\t\t\tif ( this.options.hide || this.options.show )\n\t\t\t\t\tfor ( var p in this.options.curAnim )\n\t\t\t\t\t\tjQuery.attr(this.elem.style, p, this.options.orig[p]);\n\t\t\t\t\t\n\t\t\t\t// Execute the complete function\n\t\t\t\tthis.options.complete.call( this.elem );\n\t\t\t}\n\n\t\t\treturn false;\n\t\t} else {\n\t\t\tvar n = t - this.startTime;\n\t\t\tthis.state = n / this.options.duration;\n\n\t\t\t// Perform the easing function, defaults to swing\n\t\t\tthis.pos = jQuery.easing[this.options.easing || (jQuery.easing.swing ? \"swing\" : \"linear\")](this.state, n, 0, 1, this.options.duration);\n\t\t\tthis.now = this.start + ((this.end - this.start) * this.pos);\n\n\t\t\t// Perform the next step of the animation\n\t\t\tthis.update();\n\t\t}\n\n\t\treturn true;\n\t}\n\n};\n\njQuery.extend( jQuery.fx, {\n\tspeeds:{\n\t\tslow: 600,\n \t\tfast: 200,\n \t\t// Default speed\n \t\t_default: 400\n\t},\n\tstep: {\n\n\t\topacity: function(fx){\n\t\t\tjQuery.attr(fx.elem.style, \"opacity\", fx.now);\n\t\t},\n\n\t\t_default: function(fx){\n\t\t\tif ( fx.elem.style && fx.elem.style[ fx.prop ] != null )\n\t\t\t\tfx.elem.style[ fx.prop ] = fx.now + fx.unit;\n\t\t\telse\n\t\t\t\tfx.elem[ fx.prop ] = fx.now;\n\t\t}\n\t}\n});\nif ( document.documentElement[\"getBoundingClientRect\"] )\n\tjQuery.fn.offset = function() {\n\t\tif ( !this[0] ) return { top: 0, left: 0 };\n\t\tif ( this[0] === this[0].ownerDocument.body ) return jQuery.offset.bodyOffset( this[0] );\n\t\tvar box  = this[0].getBoundingClientRect(), doc = this[0].ownerDocument, body = doc.body, docElem = doc.documentElement,\n\t\t\tclientTop = docElem.clientTop || body.clientTop || 0, clientLeft = docElem.clientLeft || body.clientLeft || 0,\n\t\t\ttop  = box.top  + (self.pageYOffset || jQuery.boxModel && docElem.scrollTop  || body.scrollTop ) - clientTop,\n\t\t\tleft = box.left + (self.pageXOffset || jQuery.boxModel && docElem.scrollLeft || body.scrollLeft) - clientLeft;\n\t\treturn { top: top, left: left };\n\t};\nelse \n\tjQuery.fn.offset = function() {\n\t\tif ( !this[0] ) return { top: 0, left: 0 };\n\t\tif ( this[0] === this[0].ownerDocument.body ) return jQuery.offset.bodyOffset( this[0] );\n\t\tjQuery.offset.initialized || jQuery.offset.initialize();\n\n\t\tvar elem = this[0], offsetParent = elem.offsetParent, prevOffsetParent = elem,\n\t\t\tdoc = elem.ownerDocument, computedStyle, docElem = doc.documentElement,\n\t\t\tbody = doc.body, defaultView = doc.defaultView,\n\t\t\tprevComputedStyle = defaultView.getComputedStyle(elem, null),\n\t\t\ttop = elem.offsetTop, left = elem.offsetLeft;\n\n\t\twhile ( (elem = elem.parentNode) && elem !== body && elem !== docElem ) {\n\t\t\tcomputedStyle = defaultView.getComputedStyle(elem, null);\n\t\t\ttop -= elem.scrollTop, left -= elem.scrollLeft;\n\t\t\tif ( elem === offsetParent ) {\n\t\t\t\ttop += elem.offsetTop, left += elem.offsetLeft;\n\t\t\t\tif ( jQuery.offset.doesNotAddBorder && !(jQuery.offset.doesAddBorderForTableAndCells && /^t(able|d|h)$/i.test(elem.tagName)) )\n\t\t\t\t\ttop  += parseInt( computedStyle.borderTopWidth,  10) || 0,\n\t\t\t\t\tleft += parseInt( computedStyle.borderLeftWidth, 10) || 0;\n\t\t\t\tprevOffsetParent = offsetParent, offsetParent = elem.offsetParent;\n\t\t\t}\n\t\t\tif ( jQuery.offset.subtractsBorderForOverflowNotVisible && computedStyle.overflow !== \"visible\" )\n\t\t\t\ttop  += parseInt( computedStyle.borderTopWidth,  10) || 0,\n\t\t\t\tleft += parseInt( computedStyle.borderLeftWidth, 10) || 0;\n\t\t\tprevComputedStyle = computedStyle;\n\t\t}\n\n\t\tif ( prevComputedStyle.position === \"relative\" || prevComputedStyle.position === \"static\" )\n\t\t\ttop  += body.offsetTop,\n\t\t\tleft += body.offsetLeft;\n\n\t\tif ( prevComputedStyle.position === \"fixed\" )\n\t\t\ttop  += Math.max(docElem.scrollTop, body.scrollTop),\n\t\t\tleft += Math.max(docElem.scrollLeft, body.scrollLeft);\n\n\t\treturn { top: top, left: left };\n\t};\n\njQuery.offset = {\n\tinitialize: function() {\n\t\tif ( this.initialized ) return;\n\t\tvar body = document.body, container = document.createElement('div'), innerDiv, checkDiv, table, td, rules, prop, bodyMarginTop = body.style.marginTop,\n\t\t\thtml = '<div style=\"position:absolute;top:0;left:0;margin:0;border:5px solid #000;padding:0;width:1px;height:1px;\"><div><\/div><\/div><table style=\"position:absolute;top:0;left:0;margin:0;border:5px solid #000;padding:0;width:1px;height:1px;\" cellpadding=\"0\" cellspacing=\"0\"><tr><td><\/td><\/tr><\/table>';\n\n\t\trules = { position: 'absolute', top: 0, left: 0, margin: 0, border: 0, width: '1px', height: '1px', visibility: 'hidden' };\n\t\tfor ( prop in rules ) container.style[prop] = rules[prop];\n\n\t\tcontainer.innerHTML = html;\n\t\tbody.insertBefore(container, body.firstChild);\n\t\tinnerDiv = container.firstChild, checkDiv = innerDiv.firstChild, td = innerDiv.nextSibling.firstChild.firstChild;\n\n\t\tthis.doesNotAddBorder = (checkDiv.offsetTop !== 5);\n\t\tthis.doesAddBorderForTableAndCells = (td.offsetTop === 5);\n\n\t\tinnerDiv.style.overflow = 'hidden', innerDiv.style.position = 'relative';\n\t\tthis.subtractsBorderForOverflowNotVisible = (checkDiv.offsetTop === -5);\n\n\t\tbody.style.marginTop = '1px';\n\t\tthis.doesNotIncludeMarginInBodyOffset = (body.offsetTop === 0);\n\t\tbody.style.marginTop = bodyMarginTop;\n\n\t\tbody.removeChild(container);\n\t\tthis.initialized = true;\n\t},\n\n\tbodyOffset: function(body) {\n\t\tjQuery.offset.initialized || jQuery.offset.initialize();\n\t\tvar top = body.offsetTop, left = body.offsetLeft;\n\t\tif ( jQuery.offset.doesNotIncludeMarginInBodyOffset )\n\t\t\ttop  += parseInt( jQuery.curCSS(body, 'marginTop',  true), 10 ) || 0,\n\t\t\tleft += parseInt( jQuery.curCSS(body, 'marginLeft', true), 10 ) || 0;\n\t\treturn { top: top, left: left };\n\t}\n};\n\n\njQuery.fn.extend({\n\tposition: function() {\n\t\tvar left = 0, top = 0, results;\n\n\t\tif ( this[0] ) {\n\t\t\t// Get *real* offsetParent\n\t\t\tvar offsetParent = this.offsetParent(),\n\n\t\t\t// Get correct offsets\n\t\t\toffset       = this.offset(),\n\t\t\tparentOffset = /^body|html$/i.test(offsetParent[0].tagName) ? { top: 0, left: 0 } : offsetParent.offset();\n\n\t\t\t// Subtract element margins\n\t\t\t// note: when an element has margin: auto the offsetLeft and marginLeft \n\t\t\t// are the same in Safari causing offset.left to incorrectly be 0\n\t\t\toffset.top  -= num( this, 'marginTop'  );\n\t\t\toffset.left -= num( this, 'marginLeft' );\n\n\t\t\t// Add offsetParent borders\n\t\t\tparentOffset.top  += num( offsetParent, 'borderTopWidth'  );\n\t\t\tparentOffset.left += num( offsetParent, 'borderLeftWidth' );\n\n\t\t\t// Subtract the two offsets\n\t\t\tresults = {\n\t\t\t\ttop:  offset.top  - parentOffset.top,\n\t\t\t\tleft: offset.left - parentOffset.left\n\t\t\t};\n\t\t}\n\n\t\treturn results;\n\t},\n\n\toffsetParent: function() {\n\t\tvar offsetParent = this[0].offsetParent || document.body;\n\t\twhile ( offsetParent && (!/^body|html$/i.test(offsetParent.tagName) && jQuery.css(offsetParent, 'position') == 'static') )\n\t\t\toffsetParent = offsetParent.offsetParent;\n\t\treturn jQuery(offsetParent);\n\t}\n});\n\n\n// Create scrollLeft and scrollTop methods\njQuery.each( ['Left', 'Top'], function(i, name) {\n\tvar method = 'scroll' + name;\n\t\n\tjQuery.fn[ method ] = function(val) {\n\t\tif (!this[0]) return null;\n\n\t\treturn val !== undefined ?\n\n\t\t\t// Set the scroll offset\n\t\t\tthis.each(function() {\n\t\t\t\tthis == window || this == document ?\n\t\t\t\t\twindow.scrollTo(\n\t\t\t\t\t\t!i ? val : jQuery(window).scrollLeft(),\n\t\t\t\t\t\t i ? val : jQuery(window).scrollTop()\n\t\t\t\t\t) :\n\t\t\t\t\tthis[ method ] = val;\n\t\t\t}) :\n\n\t\t\t// Return the scroll offset\n\t\t\tthis[0] == window || this[0] == document ?\n\t\t\t\tself[ i ? 'pageYOffset' : 'pageXOffset' ] ||\n\t\t\t\t\tjQuery.boxModel && document.documentElement[ method ] ||\n\t\t\t\t\tdocument.body[ method ] :\n\t\t\t\tthis[0][ method ];\n\t};\n});\n// Create innerHeight, innerWidth, outerHeight and outerWidth methods\njQuery.each([ \"Height\", \"Width\" ], function(i, name){\n\n\tvar tl = i ? \"Left\"  : \"Top\",  // top or left\n\t\tbr = i ? \"Right\" : \"Bottom\", // bottom or right\n\t\tlower = name.toLowerCase();\n\n\t// innerHeight and innerWidth\n\tjQuery.fn[\"inner\" + name] = function(){\n\t\treturn this[0] ?\n\t\t\tjQuery.css( this[0], lower, false, \"padding\" ) :\n\t\t\tnull;\n\t};\n\n\t// outerHeight and outerWidth\n\tjQuery.fn[\"outer\" + name] = function(margin) {\n\t\treturn this[0] ?\n\t\t\tjQuery.css( this[0], lower, false, margin ? \"margin\" : \"border\" ) :\n\t\t\tnull;\n\t};\n\t\n\tvar type = name.toLowerCase();\n\n\tjQuery.fn[ type ] = function( size ) {\n\t\t// Get window width or height\n\t\treturn this[0] == window ?\n\t\t\t// Everyone else use document.documentElement or document.body depending on Quirks vs Standards mode\n\t\t\tdocument.compatMode == \"CSS1Compat\" && document.documentElement[ \"client\" + name ] ||\n\t\t\tdocument.body[ \"client\" + name ] :\n\n\t\t\t// Get document width or height\n\t\t\tthis[0] == document ?\n\t\t\t\t// Either scroll[Width/Height] or offset[Width/Height], whichever is greater\n\t\t\t\tMath.max(\n\t\t\t\t\tdocument.documentElement[\"client\" + name],\n\t\t\t\t\tdocument.body[\"scroll\" + name], document.documentElement[\"scroll\" + name],\n\t\t\t\t\tdocument.body[\"offset\" + name], document.documentElement[\"offset\" + name]\n\t\t\t\t) :\n\n\t\t\t\t// Get or set width or height on the element\n\t\t\t\tsize === undefined ?\n\t\t\t\t\t// Get width or height on the element\n\t\t\t\t\t(this.length ? jQuery.css( this[0], type ) : null) :\n\n\t\t\t\t\t// Set the width or height on the element (default to pixels if value is unitless)\n\t\t\t\t\tthis.css( type, typeof size === \"string\" ? size : size + \"px\" );\n\t};\n\n});\n})();\n","args":[]}]
Mar 05, 2013 1:00:13 PM org.openqa.selenium.remote.RemoteWebDriver log
INFO: Executed: [8b3bcef18cb03aea2365d8f03934f0a7, executeScript {"script":"/*!\n * jQuery JavaScript Library v1.3.2\n * http://jquery.com/\n *\n * Copyright (c) 2009 John Resig\n * Dual licensed under the MIT and GPL licenses.\n * http://docs.jquery.com/License\n *\n * Date: 2009-02-19 17:34:21 -0500 (Thu, 19 Feb 2009)\n * Revision: 6246\n */\n(function(){\n\nvar \n\t// Will speed up references to window, and allows munging its name.\n\twindow = this,\n\t// Will speed up references to undefined, and allows munging its name.\n\tundefined,\n\t// Map over jQuery in case of overwrite\n\t_jQuery = window.jQuery,\n\t// Map over the $ in case of overwrite\n\t_$ = window.$,\n\n\tjQuery = window.jQuery = window.$ = function( selector, context ) {\n\t\t// The jQuery object is actually just the init constructor 'enhanced'\n\t\treturn new jQuery.fn.init( selector, context );\n\t},\n\n\t// A simple way to check for HTML strings or ID strings\n\t// (both of which we optimize for)\n\tquickExpr = /^[^<]*(<(.|\\s)+>)[^>]*$|^#([\\w-]+)$/,\n\t// Is it a simple selector\n\tisSimple = /^.[^:#\\[\\.,]*$/;\n\njQuery.fn = jQuery.prototype = {\n\tinit: function( selector, context ) {\n\t\t// Make sure that a selection was provided\n\t\tselector = selector || document;\n\n\t\t// Handle $(DOMElement)\n\t\tif ( selector.nodeType ) {\n\t\t\tthis[0] = selector;\n\t\t\tthis.length = 1;\n\t\t\tthis.context = selector;\n\t\t\treturn this;\n\t\t}\n\t\t// Handle HTML strings\n\t\tif ( typeof selector === \"string\" ) {\n\t\t\t// Are we dealing with HTML string or an ID?\n\t\t\tvar match = quickExpr.exec( selector );\n\n\t\t\t// Verify a match, and that no context was specified for #id\n\t\t\tif ( match && (match[1] || !context) ) {\n\n\t\t\t\t// HANDLE: $(html) -> $(array)\n\t\t\t\tif ( match[1] )\n\t\t\t\t\tselector = jQuery.clean( [ match[1] ], context );\n\n\t\t\t\t// HANDLE: $(\"#id\")\n\t\t\t\telse {\n\t\t\t\t\tvar elem = document.getElementById( match[3] );\n\n\t\t\t\t\t// Handle the case where IE and Opera return items\n\t\t\t\t\t// by name instead of ID\n\t\t\t\t\tif ( elem && elem.id != match[3] )\n\t\t\t\t\t\treturn jQuery().find( selector );\n\n\t\t\t\t\t// Otherwise, we inject the element directly into the jQuery object\n\t\t\t\t\tvar ret = jQuery( elem || [] );\n\t\t\t\t\tret.context = document;\n\t\t\t\t\tret.selector = selector;\n\t\t\t\t\treturn ret;\n\t\t\t\t}\n\n\t\t\t// HANDLE: $(expr, [context])\n\t\t\t// (which is just equivalent to: $(content).find(expr)\n\t\t\t} else\n\t\t\t\treturn jQuery( context ).find( selector );\n\n\t\t// HANDLE: $(function)\n\t\t// Shortcut for document ready\n\t\t} else if ( jQuery.isFunction( selector ) )\n\t\t\treturn jQuery( document ).ready( selector );\n\n\t\t// Make sure that old selector state is passed along\n\t\tif ( selector.selector && selector.context ) {\n\t\t\tthis.selector = selector.selector;\n\t\t\tthis.context = selector.context;\n\t\t}\n\n\t\treturn this.setArray(jQuery.isArray( selector ) ?\n\t\t\tselector :\n\t\t\tjQuery.makeArray(selector));\n\t},\n\n\t// Start with an empty selector\n\tselector: \"\",\n\n\t// The current version of jQuery being used\n\tjquery: \"1.3.2\",\n\n\t// The number of elements contained in the matched element set\n\tsize: function() {\n\t\treturn this.length;\n\t},\n\n\t// Get the Nth element in the matched element set OR\n\t// Get the whole matched element set as a clean array\n\tget: function( num ) {\n\t\treturn num === undefined ?\n\n\t\t\t// Return a 'clean' array\n\t\t\tArray.prototype.slice.call( this ) :\n\n\t\t\t// Return just the object\n\t\t\tthis[ num ];\n\t},\n\n\t// Take an array of elements and push it onto the stack\n\t// (returning the new matched element set)\n\tpushStack: function( elems, name, selector ) {\n\t\t// Build a new jQuery matched element set\n\t\tvar ret = jQuery( elems );\n\n\t\t// Add the old object onto the stack (as a reference)\n\t\tret.prevObject = this;\n\n\t\tret.context = this.context;\n\n\t\tif ( name === \"find\" )\n\t\t\tret.selector = this.selector + (this.selector ? \" \" : \"\") + selector;\n\t\telse if ( name )\n\t\t\tret.selector = this.selector + \".\" + name + \"(\" + selector + \")\";\n\n\t\t// Return the newly-formed element set\n\t\treturn ret;\n\t},\n\n\t// Force the current matched set of elements to become\n\t// the specified array of elements (destroying the stack in the process)\n\t// You should use pushStack() in order to do this, but maintain the stack\n\tsetArray: function( elems ) {\n\t\t// Resetting the length to 0, then using the native Array push\n\t\t// is a super-fast way to populate an object with array-like properties\n\t\tthis.length = 0;\n\t\tArray.prototype.push.apply( this, elems );\n\n\t\treturn this;\n\t},\n\n\t// Execute a callback for every element in the matched set.\n\t// (You can seed the arguments with an array of args, but this is\n\t// only used internally.)\n\teach: function( callback, args ) {\n\t\treturn jQuery.each( this, callback, args );\n\t},\n\n\t// Determine the position of an element within\n\t// the matched set of elements\n\tindex: function( elem ) {\n\t\t// Locate the position of the desired element\n\t\treturn jQuery.inArray(\n\t\t\t// If it receives a jQuery object, the first element is used\n\t\t\telem && elem.jquery ? elem[0] : elem\n\t\t, this );\n\t},\n\n\tattr: function( name, value, type ) {\n\t\tvar options = name;\n\n\t\t// Look for the case where we're accessing a style value\n\t\tif ( typeof name === \"string\" )\n\t\t\tif ( value === undefined )\n\t\t\t\treturn this[0] && jQuery[ type || \"attr\" ]( this[0], name );\n\n\t\t\telse {\n\t\t\t\toptions = {};\n\t\t\t\toptions[ name ] = value;\n\t\t\t}\n\n\t\t// Check to see if we're setting style values\n\t\treturn this.each(function(i){\n\t\t\t// Set all the styles\n\t\t\tfor ( name in options )\n\t\t\t\tjQuery.attr(\n\t\t\t\t\ttype ?\n\t\t\t\t\t\tthis.style :\n\t\t\t\t\t\tthis,\n\t\t\t\t\tname, jQuery.prop( this, options[ name ], type, i, name )\n\t\t\t\t);\n\t\t});\n\t},\n\n\tcss: function( key, value ) {\n\t\t// ignore negative width and height values\n\t\tif ( (key == 'width' || key == 'height') && parseFloat(value) < 0 )\n\t\t\tvalue = undefined;\n\t\treturn this.attr( key, value, \"curCSS\" );\n\t},\n\n\ttext: function( text ) {\n\t\tif ( typeof text !== \"object\" && text != null )\n\t\t\treturn this.empty().append( (this[0] && this[0].ownerDocument || document).createTextNode( text ) );\n\n\t\tvar ret = \"\";\n\n\t\tjQuery.each( text || this, function(){\n\t\t\tjQuery.each( this.childNodes, function(){\n\t\t\t\tif ( this.nodeType != 8 )\n\t\t\t\t\tret += this.nodeType != 1 ?\n\t\t\t\t\t\tthis.nodeValue :\n\t\t\t\t\t\tjQuery.fn.text( [ this ] );\n\t\t\t});\n\t\t});\n\n\t\treturn ret;\n\t},\n\n\twrapAll: function( html ) {\n\t\tif ( this[0] ) {\n\t\t\t// The elements to wrap the target around\n\t\t\tvar wrap = jQuery( html, this[0].ownerDocument ).clone();\n\n\t\t\tif ( this[0].parentNode )\n\t\t\t\twrap.insertBefore( this[0] );\n\n\t\t\twrap.map(function(){\n\t\t\t\tvar elem = this;\n\n\t\t\t\twhile ( elem.firstChild )\n\t\t\t\t\telem = elem.firstChild;\n\n\t\t\t\treturn elem;\n\t\t\t}).append(this);\n\t\t}\n\n\t\treturn this;\n\t},\n\n\twrapInner: function( html ) {\n\t\treturn this.each(function(){\n\t\t\tjQuery( this ).contents().wrapAll( html );\n\t\t});\n\t},\n\n\twrap: function( html ) {\n\t\treturn this.each(function(){\n\t\t\tjQuery( this ).wrapAll( html );\n\t\t});\n\t},\n\n\tappend: function() {\n\t\treturn this.domManip(arguments, true, function(elem){\n\t\t\tif (this.nodeType == 1)\n\t\t\t\tthis.appendChild( elem );\n\t\t});\n\t},\n\n\tprepend: function() {\n\t\treturn this.domManip(arguments, true, function(elem){\n\t\t\tif (this.nodeType == 1)\n\t\t\t\tthis.insertBefore( elem, this.firstChild );\n\t\t});\n\t},\n\n\tbefore: function() {\n\t\treturn this.domManip(arguments, false, function(elem){\n\t\t\tthis.parentNode.insertBefore( elem, this );\n\t\t});\n\t},\n\n\tafter: function() {\n\t\treturn this.domManip(arguments, false, function(elem){\n\t\t\tthis.parentNode.insertBefore( elem, this.nextSibling );\n\t\t});\n\t},\n\n\tend: function() {\n\t\treturn this.prevObject || jQuery( [] );\n\t},\n\n\t// For internal use only.\n\t// Behaves like an Array's method, not like a jQuery method.\n\tpush: [].push,\n\tsort: [].sort,\n\tsplice: [].splice,\n\n\tfind: function( selector ) {\n\t\tif ( this.length === 1 ) {\n\t\t\tvar ret = this.pushStack( [], \"find\", selector );\n\t\t\tret.length = 0;\n\t\t\tjQuery.find( selector, this[0], ret );\n\t\t\treturn ret;\n\t\t} else {\n\t\t\treturn this.pushStack( jQuery.unique(jQuery.map(this, function(elem){\n\t\t\t\treturn jQuery.find( selector, elem );\n\t\t\t})), \"find\", selector );\n\t\t}\n\t},\n\n\tclone: function( events ) {\n\t\t// Do the clone\n\t\tvar ret = this.map(function(){\n\t\t\tif ( !jQuery.support.noCloneEvent && !jQuery.isXMLDoc(this) ) {\n\t\t\t\t// IE copies events bound via attachEvent when\n\t\t\t\t// using cloneNode. Calling detachEvent on the\n\t\t\t\t// clone will also remove the events from the orignal\n\t\t\t\t// In order to get around this, we use innerHTML.\n\t\t\t\t// Unfortunately, this means some modifications to\n\t\t\t\t// attributes in IE that are actually only stored\n\t\t\t\t// as properties will not be copied (such as the\n\t\t\t\t// the name attribute on an input).\n\t\t\t\tvar html = this.outerHTML;\n\t\t\t\tif ( !html ) {\n\t\t\t\t\tvar div = this.ownerDocument.createElement(\"div\");\n\t\t\t\t\tdiv.appendChild( this.cloneNode(true) );\n\t\t\t\t\thtml = div.innerHTML;\n\t\t\t\t}\n\n\t\t\t\treturn jQuery.clean([html.replace(/ jQuery\\d+=\"(?:\\d+|null)\"/g, \"\").replace(/^\\s*/, \"\")])[0];\n\t\t\t} else\n\t\t\t\treturn this.cloneNode(true);\n\t\t});\n\n\t\t// Copy the events from the original to the clone\n\t\tif ( events === true ) {\n\t\t\tvar orig = this.find(\"*\").andSelf(), i = 0;\n\n\t\t\tret.find(\"*\").andSelf().each(function(){\n\t\t\t\tif ( this.nodeName !== orig[i].nodeName )\n\t\t\t\t\treturn;\n\n\t\t\t\tvar events = jQuery.data( orig[i], \"events\" );\n\n\t\t\t\tfor ( var type in events ) {\n\t\t\t\t\tfor ( var handler in events[ type ] ) {\n\t\t\t\t\t\tjQuery.event.add( this, type, events[ type ][ handler ], events[ type ][ handler ].data );\n\t\t\t\t\t}\n\t\t\t\t}\n\n\t\t\t\ti++;\n\t\t\t});\n\t\t}\n\n\t\t// Return the cloned set\n\t\treturn ret;\n\t},\n\n\tfilter: function( selector ) {\n\t\treturn this.pushStack(\n\t\t\tjQuery.isFunction( selector ) &&\n\t\t\tjQuery.grep(this, function(elem, i){\n\t\t\t\treturn selector.call( elem, i );\n\t\t\t}) ||\n\n\t\t\tjQuery.multiFilter( selector, jQuery.grep(this, function(elem){\n\t\t\t\treturn elem.nodeType === 1;\n\t\t\t}) ), \"filter\", selector );\n\t},\n\n\tclosest: function( selector ) {\n\t\tvar pos = jQuery.expr.match.POS.test( selector ) ? jQuery(selector) : null,\n\t\t\tcloser = 0;\n\n\t\treturn this.map(function(){\n\t\t\tvar cur = this;\n\t\t\twhile ( cur && cur.ownerDocument ) {\n\t\t\t\tif ( pos ? pos.index(cur) > -1 : jQuery(cur).is(selector) ) {\n\t\t\t\t\tjQuery.data(cur, \"closest\", closer);\n\t\t\t\t\treturn cur;\n\t\t\t\t}\n\t\t\t\tcur = cur.parentNode;\n\t\t\t\tcloser++;\n\t\t\t}\n\t\t});\n\t},\n\n\tnot: function( selector ) {\n\t\tif ( typeof selector === \"string\" )\n\t\t\t// test special case where just one selector is passed in\n\t\t\tif ( isSimple.test( selector ) )\n\t\t\t\treturn this.pushStack( jQuery.multiFilter( selector, this, true ), \"not\", selector );\n\t\t\telse\n\t\t\t\tselector = jQuery.multiFilter( selector, this );\n\n\t\tvar isArrayLike = selector.length && selector[selector.length - 1] !== undefined && !selector.nodeType;\n\t\treturn this.filter(function() {\n\t\t\treturn isArrayLike ? jQuery.inArray( this, selector ) < 0 : this != selector;\n\t\t});\n\t},\n\n\tadd: function( selector ) {\n\t\treturn this.pushStack( jQuery.unique( jQuery.merge(\n\t\t\tthis.get(),\n\t\t\ttypeof selector === \"string\" ?\n\t\t\t\tjQuery( selector ) :\n\t\t\t\tjQuery.makeArray( selector )\n\t\t)));\n\t},\n\n\tis: function( selector ) {\n\t\treturn !!selector && jQuery.multiFilter( selector, this ).length > 0;\n\t},\n\n\thasClass: function( selector ) {\n\t\treturn !!selector && this.is( \".\" + selector );\n\t},\n\n\tval: function( value ) {\n\t\tif ( value === undefined ) {\t\t\t\n\t\t\tvar elem = this[0];\n\n\t\t\tif ( elem ) {\n\t\t\t\tif( jQuery.nodeName( elem, 'option' ) )\n\t\t\t\t\treturn (elem.attributes.value || {}).specified ? elem.value : elem.text;\n\t\t\t\t\n\t\t\t\t// We need to handle select boxes special\n\t\t\t\tif ( jQuery.nodeName( elem, \"select\" ) ) {\n\t\t\t\t\tvar index = elem.selectedIndex,\n\t\t\t\t\t\tvalues = [],\n\t\t\t\t\t\toptions = elem.options,\n\t\t\t\t\t\tone = elem.type == \"select-one\";\n\n\t\t\t\t\t// Nothing was selected\n\t\t\t\t\tif ( index < 0 )\n\t\t\t\t\t\treturn null;\n\n\t\t\t\t\t// Loop through all the selected options\n\t\t\t\t\tfor ( var i = one ? index : 0, max = one ? index + 1 : options.length; i < max; i++ ) {\n\t\t\t\t\t\tvar option = options[ i ];\n\n\t\t\t\t\t\tif ( option.selected ) {\n\t\t\t\t\t\t\t// Get the specifc value for the option\n\t\t\t\t\t\t\tvalue = jQuery(option).val();\n\n\t\t\t\t\t\t\t// We don't need an array for one selects\n\t\t\t\t\t\t\tif ( one )\n\t\t\t\t\t\t\t\treturn value;\n\n\t\t\t\t\t\t\t// Multi-Selects return an array\n\t\t\t\t\t\t\tvalues.push( value );\n\t\t\t\t\t\t}\n\t\t\t\t\t}\n\n\t\t\t\t\treturn values;\t\t\t\t\n\t\t\t\t}\n\n\t\t\t\t// Everything else, we just grab the value\n\t\t\t\treturn (elem.value || \"\").replace(/\\r/g, \"\");\n\n\t\t\t}\n\n\t\t\treturn undefined;\n\t\t}\n\n\t\tif ( typeof value === \"number\" )\n\t\t\tvalue += '';\n\n\t\treturn this.each(function(){\n\t\t\tif ( this.nodeType != 1 )\n\t\t\t\treturn;\n\n\t\t\tif ( jQuery.isArray(value) && /radio|checkbox/.test( this.type ) )\n\t\t\t\tthis.checked = (jQuery.inArray(this.value, value) >= 0 ||\n\t\t\t\t\tjQuery.inArray(this.name, value) >= 0);\n\n\t\t\telse if ( jQuery.nodeName( this, \"select\" ) ) {\n\t\t\t\tvar values = jQuery.makeArray(value);\n\n\t\t\t\tjQuery( \"option\", this ).each(function(){\n\t\t\t\t\tthis.selected = (jQuery.inArray( this.value, values ) >= 0 ||\n\t\t\t\t\t\tjQuery.inArray( this.text, values ) >= 0);\n\t\t\t\t});\n\n\t\t\t\tif ( !values.length )\n\t\t\t\t\tthis.selectedIndex = -1;\n\n\t\t\t} else\n\t\t\t\tthis.value = value;\n\t\t});\n\t},\n\n\thtml: function( value ) {\n\t\treturn value === undefined ?\n\t\t\t(this[0] ?\n\t\t\t\tthis[0].innerHTML.replace(/ jQuery\\d+=\"(?:\\d+|null)\"/g, \"\") :\n\t\t\t\tnull) :\n\t\t\tthis.empty().append( value );\n\t},\n\n\treplaceWith: function( value ) {\n\t\treturn this.after( value ).remove();\n\t},\n\n\teq: function( i ) {\n\t\treturn this.slice( i, +i + 1 );\n\t},\n\n\tslice: function() {\n\t\treturn this.pushStack( Array.prototype.slice.apply( this, arguments ),\n\t\t\t\"slice\", Array.prototype.slice.call(arguments).join(\",\") );\n\t},\n\n\tmap: function( callback ) {\n\t\treturn this.pushStack( jQuery.map(this, function(elem, i){\n\t\t\treturn callback.call( elem, i, elem );\n\t\t}));\n\t},\n\n\tandSelf: function() {\n\t\treturn this.add( this.prevObject );\n\t},\n\n\tdomManip: function( args, table, callback ) {\n\t\tif ( this[0] ) {\n\t\t\tvar fragment = (this[0].ownerDocument || this[0]).createDocumentFragment(),\n\t\t\t\tscripts = jQuery.clean( args, (this[0].ownerDocument || this[0]), fragment ),\n\t\t\t\tfirst = fragment.firstChild;\n\n\t\t\tif ( first )\n\t\t\t\tfor ( var i = 0, l = this.length; i < l; i++ )\n\t\t\t\t\tcallback.call( root(this[i], first), this.length > 1 || i > 0 ?\n\t\t\t\t\t\t\tfragment.cloneNode(true) : fragment );\n\t\t\n\t\t\tif ( scripts )\n\t\t\t\tjQuery.each( scripts, evalScript );\n\t\t}\n\n\t\treturn this;\n\t\t\n\t\tfunction root( elem, cur ) {\n\t\t\treturn table && jQuery.nodeName(elem, \"table\") && jQuery.nodeName(cur, \"tr\") ?\n\t\t\t\t(elem.getElementsByTagName(\"tbody\")[0] ||\n\t\t\t\telem.appendChild(elem.ownerDocument.createElement(\"tbody\"))) :\n\t\t\t\telem;\n\t\t}\n\t}\n};\n\n// Give the init function the jQuery prototype for later instantiation\njQuery.fn.init.prototype = jQuery.fn;\n\nfunction evalScript( i, elem ) {\n\tif ( elem.src )\n\t\tjQuery.ajax({\n\t\t\turl: elem.src,\n\t\t\tasync: false,\n\t\t\tdataType: \"script\"\n\t\t});\n\n\telse\n\t\tjQuery.globalEval( elem.text || elem.textContent || elem.innerHTML || \"\" );\n\n\tif ( elem.parentNode )\n\t\telem.parentNode.removeChild( elem );\n}\n\nfunction now(){\n\treturn +new Date;\n}\n\njQuery.extend = jQuery.fn.extend = function() {\n\t// copy reference to target object\n\tvar target = arguments[0] || {}, i = 1, length = arguments.length, deep = false, options;\n\n\t// Handle a deep copy situation\n\tif ( typeof target === \"boolean\" ) {\n\t\tdeep = target;\n\t\ttarget = arguments[1] || {};\n\t\t// skip the boolean and the target\n\t\ti = 2;\n\t}\n\n\t// Handle case when target is a string or something (possible in deep copy)\n\tif ( typeof target !== \"object\" && !jQuery.isFunction(target) )\n\t\ttarget = {};\n\n\t// extend jQuery itself if only one argument is passed\n\tif ( length == i ) {\n\t\ttarget = this;\n\t\t--i;\n\t}\n\n\tfor ( ; i < length; i++ )\n\t\t// Only deal with non-null/undefined values\n\t\tif ( (options = arguments[ i ]) != null )\n\t\t\t// Extend the base object\n\t\t\tfor ( var name in options ) {\n\t\t\t\tvar src = target[ name ], copy = options[ name ];\n\n\t\t\t\t// Prevent never-ending loop\n\t\t\t\tif ( target === copy )\n\t\t\t\t\tcontinue;\n\n\t\t\t\t// Recurse if we're merging object values\n\t\t\t\tif ( deep && copy && typeof copy === \"object\" && !copy.nodeType )\n\t\t\t\t\ttarget[ name ] = jQuery.extend( deep, \n\t\t\t\t\t\t// Never move original objects, clone them\n\t\t\t\t\t\tsrc || ( copy.length != null ? [ ] : { } )\n\t\t\t\t\t, copy );\n\n\t\t\t\t// Don't bring in undefined values\n\t\t\t\telse if ( copy !== undefined )\n\t\t\t\t\ttarget[ name ] = copy;\n\n\t\t\t}\n\n\t// Return the modified object\n\treturn target;\n};\n\n// exclude the following css properties to add px\nvar\texclude = /z-?index|font-?weight|opacity|zoom|line-?height/i,\n\t// cache defaultView\n\tdefaultView = document.defaultView || {},\n\ttoString = Object.prototype.toString;\n\njQuery.extend({\n\tnoConflict: function( deep ) {\n\t\twindow.$ = _$;\n\n\t\tif ( deep )\n\t\t\twindow.jQuery = _jQuery;\n\n\t\treturn jQuery;\n\t},\n\n\t// See test/unit/core.js for details concerning isFunction.\n\t// Since version 1.3, DOM methods and functions like alert\n\t// aren't supported. They return false on IE (#2968).\n\tisFunction: function( obj ) {\n\t\treturn toString.call(obj) === \"[object Function]\";\n\t},\n\n\tisArray: function( obj ) {\n\t\treturn toString.call(obj) === \"[object Array]\";\n\t},\n\n\t// check if an element is in a (or is an) XML document\n\tisXMLDoc: function( elem ) {\n\t\treturn elem.nodeType === 9 && elem.documentElement.nodeName !== \"HTML\" ||\n\t\t\t!!elem.ownerDocument && jQuery.isXMLDoc( elem.ownerDocument );\n\t},\n\n\t// Evalulates a script in a global context\n\tglobalEval: function( data ) {\n\t\tif ( data && /\\S/.test(data) ) {\n\t\t\t// Inspired by code by Andrea Giammarchi\n\t\t\t// http://webreflection.blogspot.com/2007/08/global-scope-evaluation-and-dom.html\n\t\t\tvar head = document.getElementsByTagName(\"head\")[0] || document.documentElement,\n\t\t\t\tscript = document.createElement(\"script\");\n\n\t\t\tscript.type = \"text/javascript\";\n\t\t\tif ( jQuery.support.scriptEval )\n\t\t\t\tscript.appendChild( document.createTextNode( data ) );\n\t\t\telse\n\t\t\t\tscript.text = data;\n\n\t\t\t// Use insertBefore instead of appendChild  to circumvent an IE6 bug.\n\t\t\t// This arises when a base node is used (#2709).\n\t\t\thead.insertBefore( script, head.firstChild );\n\t\t\thead.removeChild( script );\n\t\t}\n\t},\n\n\tnodeName: function( elem, name ) {\n\t\treturn elem.nodeName && elem.nodeName.toUpperCase() == name.toUpperCase();\n\t},\n\n\t// args is for internal usage only\n\teach: function( object, callback, args ) {\n\t\tvar name, i = 0, length = object.length;\n\n\t\tif ( args ) {\n\t\t\tif ( length === undefined ) {\n\t\t\t\tfor ( name in object )\n\t\t\t\t\tif ( callback.apply( object[ name ], args ) === false )\n\t\t\t\t\t\tbreak;\n\t\t\t} else\n\t\t\t\tfor ( ; i < length; )\n\t\t\t\t\tif ( callback.apply( object[ i++ ], args ) === false )\n\t\t\t\t\t\tbreak;\n\n\t\t// A special, fast, case for the most common use of each\n\t\t} else {\n\t\t\tif ( length === undefined ) {\n\t\t\t\tfor ( name in object )\n\t\t\t\t\tif ( callback.call( object[ name ], name, object[ name ] ) === false )\n\t\t\t\t\t\tbreak;\n\t\t\t} else\n\t\t\t\tfor ( var value = object[0];\n\t\t\t\t\ti < length && callback.call( value, i, value ) !== false; value = object[++i] ){}\n\t\t}\n\n\t\treturn object;\n\t},\n\n\tprop: function( elem, value, type, i, name ) {\n\t\t// Handle executable functions\n\t\tif ( jQuery.isFunction( value ) )\n\t\t\tvalue = value.call( elem, i );\n\n\t\t// Handle passing in a number to a CSS property\n\t\treturn typeof value === \"number\" && type == \"curCSS\" && !exclude.test( name ) ?\n\t\t\tvalue + \"px\" :\n\t\t\tvalue;\n\t},\n\n\tclassName: {\n\t\t// internal only, use addClass(\"class\")\n\t\tadd: function( elem, classNames ) {\n\t\t\tjQuery.each((classNames || \"\").split(/\\s+/), function(i, className){\n\t\t\t\tif ( elem.nodeType == 1 && !jQuery.className.has( elem.className, className ) )\n\t\t\t\t\telem.className += (elem.className ? \" \" : \"\") + className;\n\t\t\t});\n\t\t},\n\n\t\t// internal only, use removeClass(\"class\")\n\t\tremove: function( elem, classNames ) {\n\t\t\tif (elem.nodeType == 1)\n\t\t\t\telem.className = classNames !== undefined ?\n\t\t\t\t\tjQuery.grep(elem.className.split(/\\s+/), function(className){\n\t\t\t\t\t\treturn !jQuery.className.has( classNames, className );\n\t\t\t\t\t}).join(\" \") :\n\t\t\t\t\t\"\";\n\t\t},\n\n\t\t// internal only, use hasClass(\"class\")\n\t\thas: function( elem, className ) {\n\t\t\treturn elem && jQuery.inArray( className, (elem.className || elem).toString().split(/\\s+/) ) > -1;\n\t\t}\n\t},\n\n\t// A method for quickly swapping in/out CSS properties to get correct calculations\n\tswap: function( elem, options, callback ) {\n\t\tvar old = {};\n\t\t// Remember the old values, and insert the new ones\n\t\tfor ( var name in options ) {\n\t\t\told[ name ] = elem.style[ name ];\n\t\t\telem.style[ name ] = options[ name ];\n\t\t}\n\n\t\tcallback.call( elem );\n\n\t\t// Revert the old values\n\t\tfor ( var name in options )\n\t\t\telem.style[ name ] = old[ name ];\n\t},\n\n\tcss: function( elem, name, force, extra ) {\n\t\tif ( name == \"width\" || name == \"height\" ) {\n\t\t\tvar val, props = { position: \"absolute\", visibility: \"hidden\", display:\"block\" }, which = name == \"width\" ? [ \"Left\", \"Right\" ] : [ \"Top\", \"Bottom\" ];\n\n\t\t\tfunction getWH() {\n\t\t\t\tval = name == \"width\" ? elem.offsetWidth : elem.offsetHeight;\n\n\t\t\t\tif ( extra === \"border\" )\n\t\t\t\t\treturn;\n\n\t\t\t\tjQuery.each( which, function() {\n\t\t\t\t\tif ( !extra )\n\t\t\t\t\t\tval -= parseFloat(jQuery.curCSS( elem, \"padding\" + this, true)) || 0;\n\t\t\t\t\tif ( extra === \"margin\" )\n\t\t\t\t\t\tval += parseFloat(jQuery.curCSS( elem, \"margin\" + this, true)) || 0;\n\t\t\t\t\telse\n\t\t\t\t\t\tval -= parseFloat(jQuery.curCSS( elem, \"border\" + this + \"Width\", true)) || 0;\n\t\t\t\t});\n\t\t\t}\n\n\t\t\tif ( elem.offsetWidth !== 0 )\n\t\t\t\tgetWH();\n\t\t\telse\n\t\t\t\tjQuery.swap( elem, props, getWH );\n\n\t\t\treturn Math.max(0, Math.round(val));\n\t\t}\n\n\t\treturn jQuery.curCSS( elem, name, force );\n\t},\n\n\tcurCSS: function( elem, name, force ) {\n\t\tvar ret, style = elem.style;\n\n\t\t// We need to handle opacity special in IE\n\t\tif ( name == \"opacity\" && !jQuery.support.opacity ) {\n\t\t\tret = jQuery.attr( style, \"opacity\" );\n\n\t\t\treturn ret == \"\" ?\n\t\t\t\t\"1\" :\n\t\t\t\tret;\n\t\t}\n\n\t\t// Make sure we're using the right name for getting the float value\n\t\tif ( name.match( /float/i ) )\n\t\t\tname = styleFloat;\n\n\t\tif ( !force && style && style[ name ] )\n\t\t\tret = style[ name ];\n\n\t\telse if ( defaultView.getComputedStyle ) {\n\n\t\t\t// Only \"float\" is needed here\n\t\t\tif ( name.match( /float/i ) )\n\t\t\t\tname = \"float\";\n\n\t\t\tname = name.replace( /([A-Z])/g, \"-$1\" ).toLowerCase();\n\n\t\t\tvar computedStyle = defaultView.getComputedStyle( elem, null );\n\n\t\t\tif ( computedStyle )\n\t\t\t\tret = computedStyle.getPropertyValue( name );\n\n\t\t\t// We should always get a number back from opacity\n\t\t\tif ( name == \"opacity\" && ret == \"\" )\n\t\t\t\tret = \"1\";\n\n\t\t} else if ( elem.currentStyle ) {\n\t\t\tvar camelCase = name.replace(/\\-(\\w)/g, function(all, letter){\n\t\t\t\treturn letter.toUpperCase();\n\t\t\t});\n\n\t\t\tret = elem.currentStyle[ name ] || elem.currentStyle[ camelCase ];\n\n\t\t\t// From the awesome hack by Dean Edwards\n\t\t\t// http://erik.eae.net/archives/2007/07/27/18.54.15/#comment-102291\n\n\t\t\t// If we're not dealing with a regular pixel number\n\t\t\t// but a number that has a weird ending, we need to convert it to pixels\n\t\t\tif ( !/^\\d+(px)?$/i.test( ret ) && /^\\d/.test( ret ) ) {\n\t\t\t\t// Remember the original values\n\t\t\t\tvar left = style.left, rsLeft = elem.runtimeStyle.left;\n\n\t\t\t\t// Put in the new values to get a computed value out\n\t\t\t\telem.runtimeStyle.left = elem.currentStyle.left;\n\t\t\t\tstyle.left = ret || 0;\n\t\t\t\tret = style.pixelLeft + \"px\";\n\n\t\t\t\t// Revert the changed values\n\t\t\t\tstyle.left = left;\n\t\t\t\telem.runtimeStyle.left = rsLeft;\n\t\t\t}\n\t\t}\n\n\t\treturn ret;\n\t},\n\n\tclean: function( elems, context, fragment ) {\n\t\tcontext = context || document;\n\n\t\t// !context.createElement fails in IE with an error but returns typeof 'object'\n\t\tif ( typeof context.createElement === \"undefined\" )\n\t\t\tcontext = context.ownerDocument || context[0] && context[0].ownerDocument || document;\n\n\t\t// If a single string is passed in and it's a single tag\n\t\t// just do a createElement and skip the rest\n\t\tif ( !fragment && elems.length === 1 && typeof elems[0] === \"string\" ) {\n\t\t\tvar match = /^<(\\w+)\\s*\\/?>$/.exec(elems[0]);\n\t\t\tif ( match )\n\t\t\t\treturn [ context.createElement( match[1] ) ];\n\t\t}\n\n\t\tvar ret = [], scripts = [], div = context.createElement(\"div\");\n\n\t\tjQuery.each(elems, function(i, elem){\n\t\t\tif ( typeof elem === \"number\" )\n\t\t\t\telem += '';\n\n\t\t\tif ( !elem )\n\t\t\t\treturn;\n\n\t\t\t// Convert html string into DOM nodes\n\t\t\tif ( typeof elem === \"string\" ) {\n\t\t\t\t// Fix \"XHTML\"-style tags in all browsers\n\t\t\t\telem = elem.replace(/(<(\\w+)[^>]*?)\\/>/g, function(all, front, tag){\n\t\t\t\t\treturn tag.match(/^(abbr|br|col|img|input|link|meta|param|hr|area|embed)$/i) ?\n\t\t\t\t\t\tall :\n\t\t\t\t\t\tfront + \"><\/\" + tag + \">\";\n\t\t\t\t});\n\n\t\t\t\t// Trim whitespace, otherwise indexOf won't work as expected\n\t\t\t\tvar tags = elem.replace(/^\\s+/, \"\").substring(0, 10).toLowerCase();\n\n\t\t\t\tvar wrap =\n\t\t\t\t\t// option or optgroup\n\t\t\t\t\t!tags.indexOf(\"<opt\") &&\n\t\t\t\t\t[ 1, \"<select multiple='multiple'>\", \"<\/select>\" ] ||\n\n\t\t\t\t\t!tags.indexOf(\"<leg\") &&\n\t\t\t\t\t[ 1, \"<fieldset>\", \"<\/fieldset>\" ] ||\n\n\t\t\t\t\ttags.match(/^<(thead|tbody|tfoot|colg|cap)/) &&\n\t\t\t\t\t[ 1, \"<table>\", \"<\/table>\" ] ||\n\n\t\t\t\t\t!tags.indexOf(\"<tr\") &&\n\t\t\t\t\t[ 2, \"<table><tbody>\", \"<\/tbody><\/table>\" ] ||\n\n\t\t\t\t \t// <thead> matched above\n\t\t\t\t\t(!tags.indexOf(\"<td\") || !tags.indexOf(\"<th\")) &&\n\t\t\t\t\t[ 3, \"<table><tbody><tr>\", \"<\/tr><\/tbody><\/table>\" ] ||\n\n\t\t\t\t\t!tags.indexOf(\"<col\") &&\n\t\t\t\t\t[ 2, \"<table><tbody><\/tbody><colgroup>\", \"<\/colgroup><\/table>\" ] ||\n\n\t\t\t\t\t// IE can't serialize <link> and <script> tags normally\n\t\t\t\t\t!jQuery.support.htmlSerialize &&\n\t\t\t\t\t[ 1, \"div<div>\", \"<\/div>\" ] ||\n\n\t\t\t\t\t[ 0, \"\", \"\" ];\n\n\t\t\t\t// Go to html and back, then peel off extra wrappers\n\t\t\t\tdiv.innerHTML = wrap[1] + elem + wrap[2];\n\n\t\t\t\t// Move to the right depth\n\t\t\t\twhile ( wrap[0]-- )\n\t\t\t\t\tdiv = div.lastChild;\n\n\t\t\t\t// Remove IE's autoinserted <tbody> from table fragments\n\t\t\t\tif ( !jQuery.support.tbody ) {\n\n\t\t\t\t\t// String was a <table>, *may* have spurious <tbody>\n\t\t\t\t\tvar hasBody = /<tbody/i.test(elem),\n\t\t\t\t\t\ttbody = !tags.indexOf(\"<table\") && !hasBody ?\n\t\t\t\t\t\t\tdiv.firstChild && div.firstChild.childNodes :\n\n\t\t\t\t\t\t// String was a bare <thead> or <tfoot>\n\t\t\t\t\t\twrap[1] == \"<table>\" && !hasBody ?\n\t\t\t\t\t\t\tdiv.childNodes :\n\t\t\t\t\t\t\t[];\n\n\t\t\t\t\tfor ( var j = tbody.length - 1; j >= 0 ; --j )\n\t\t\t\t\t\tif ( jQuery.nodeName( tbody[ j ], \"tbody\" ) && !tbody[ j ].childNodes.length )\n\t\t\t\t\t\t\ttbody[ j ].parentNode.removeChild( tbody[ j ] );\n\n\t\t\t\t\t}\n\n\t\t\t\t// IE completely kills leading whitespace when innerHTML is used\n\t\t\t\tif ( !jQuery.support.leadingWhitespace && /^\\s/.test( elem ) )\n\t\t\t\t\tdiv.insertBefore( context.createTextNode( elem.match(/^\\s*/)[0] ), div.firstChild );\n\t\t\t\t\n\t\t\t\telem = jQuery.makeArray( div.childNodes );\n\t\t\t}\n\n\t\t\tif ( elem.nodeType )\n\t\t\t\tret.push( elem );\n\t\t\telse\n\t\t\t\tret = jQuery.merge( ret, elem );\n\n\t\t});\n\n\t\tif ( fragment ) {\n\t\t\tfor ( var i = 0; ret[i]; i++ ) {\n\t\t\t\tif ( jQuery.nodeName( ret[i], \"script\" ) && (!ret[i].type || ret[i].type.toLowerCase() === \"text/javascript\") ) {\n\t\t\t\t\tscripts.push( ret[i].parentNode ? ret[i].parentNode.removeChild( ret[i] ) : ret[i] );\n\t\t\t\t} else {\n\t\t\t\t\tif ( ret[i].nodeType === 1 )\n\t\t\t\t\t\tret.splice.apply( ret, [i + 1, 0].concat(jQuery.makeArray(ret[i].getElementsByTagName(\"script\"))) );\n\t\t\t\t\tfragment.appendChild( ret[i] );\n\t\t\t\t}\n\t\t\t}\n\t\t\t\n\t\t\treturn scripts;\n\t\t}\n\n\t\treturn ret;\n\t},\n\n\tattr: function( elem, name, value ) {\n\t\t// don't set attributes on text and comment nodes\n\t\tif (!elem || elem.nodeType == 3 || elem.nodeType == 8)\n\t\t\treturn undefined;\n\n\t\tvar notxml = !jQuery.isXMLDoc( elem ),\n\t\t\t// Whether we are setting (or getting)\n\t\t\tset = value !== undefined;\n\n\t\t// Try to normalize/fix the name\n\t\tname = notxml && jQuery.props[ name ] || name;\n\n\t\t// Only do all the following if this is a node (faster for style)\n\t\t// IE elem.getAttribute passes even for style\n\t\tif ( elem.tagName ) {\n\n\t\t\t// These attributes require special treatment\n\t\t\tvar special = /href|src|style/.test( name );\n\n\t\t\t// Safari mis-reports the default selected property of a hidden option\n\t\t\t// Accessing the parent's selectedIndex property fixes it\n\t\t\tif ( name == \"selected\" && elem.parentNode )\n\t\t\t\telem.parentNode.selectedIndex;\n\n\t\t\t// If applicable, access the attribute via the DOM 0 way\n\t\t\tif ( name in elem && notxml && !special ) {\n\t\t\t\tif ( set ){\n\t\t\t\t\t// We can't allow the type property to be changed (since it causes problems in IE)\n\t\t\t\t\tif ( name == \"type\" && jQuery.nodeName( elem, \"input\" ) && elem.parentNode )\n\t\t\t\t\t\tthrow \"type property can't be changed\";\n\n\t\t\t\t\telem[ name ] = value;\n\t\t\t\t}\n\n\t\t\t\t// browsers index elements by id/name on forms, give priority to attributes.\n\t\t\t\tif( jQuery.nodeName( elem, \"form\" ) && elem.getAttributeNode(name) )\n\t\t\t\t\treturn elem.getAttributeNode( name ).nodeValue;\n\n\t\t\t\t// elem.tabIndex doesn't always return the correct value when it hasn't been explicitly set\n\t\t\t\t// http://fluidproject.org/blog/2008/01/09/getting-setting-and-removing-tabindex-values-with-javascript/\n\t\t\t\tif ( name == \"tabIndex\" ) {\n\t\t\t\t\tvar attributeNode = elem.getAttributeNode( \"tabIndex\" );\n\t\t\t\t\treturn attributeNode && attributeNode.specified\n\t\t\t\t\t\t? attributeNode.value\n\t\t\t\t\t\t: elem.nodeName.match(/(button|input|object|select|textarea)/i)\n\t\t\t\t\t\t\t? 0\n\t\t\t\t\t\t\t: elem.nodeName.match(/^(a|area)$/i) && elem.href\n\t\t\t\t\t\t\t\t? 0\n\t\t\t\t\t\t\t\t: undefined;\n\t\t\t\t}\n\n\t\t\t\treturn elem[ name ];\n\t\t\t}\n\n\t\t\tif ( !jQuery.support.style && notxml &&  name == \"style\" )\n\t\t\t\treturn jQuery.attr( elem.style, \"cssText\", value );\n\n\t\t\tif ( set )\n\t\t\t\t// convert the value to a string (all browsers do this but IE) see #1070\n\t\t\t\telem.setAttribute( name, \"\" + value );\n\n\t\t\tvar attr = !jQuery.support.hrefNormalized && notxml && special\n\t\t\t\t\t// Some attributes require a special call on IE\n\t\t\t\t\t? elem.getAttribute( name, 2 )\n\t\t\t\t\t: elem.getAttribute( name );\n\n\t\t\t// Non-existent attributes return null, we normalize to undefined\n\t\t\treturn attr === null ? undefined : attr;\n\t\t}\n\n\t\t// elem is actually elem.style ... set the style\n\n\t\t// IE uses filters for opacity\n\t\tif ( !jQuery.support.opacity && name == \"opacity\" ) {\n\t\t\tif ( set ) {\n\t\t\t\t// IE has trouble with opacity if it does not have layout\n\t\t\t\t// Force it by setting the zoom level\n\t\t\t\telem.zoom = 1;\n\n\t\t\t\t// Set the alpha filter to set the opacity\n\t\t\t\telem.filter = (elem.filter || \"\").replace( /alpha\\([^)]*\\)/, \"\" ) +\n\t\t\t\t\t(parseInt( value ) + '' == \"NaN\" ? \"\" : \"alpha(opacity=\" + value * 100 + \")\");\n\t\t\t}\n\n\t\t\treturn elem.filter && elem.filter.indexOf(\"opacity=\") >= 0 ?\n\t\t\t\t(parseFloat( elem.filter.match(/opacity=([^)]*)/)[1] ) / 100) + '':\n\t\t\t\t\"\";\n\t\t}\n\n\t\tname = name.replace(/-([a-z])/ig, function(all, letter){\n\t\t\treturn letter.toUpperCase();\n\t\t});\n\n\t\tif ( set )\n\t\t\telem[ name ] = value;\n\n\t\treturn elem[ name ];\n\t},\n\n\ttrim: function( text ) {\n\t\treturn (text || \"\").replace( /^\\s+|\\s+$/g, \"\" );\n\t},\n\n\tmakeArray: function( array ) {\n\t\tvar ret = [];\n\n\t\tif( array != null ){\n\t\t\tvar i = array.length;\n\t\t\t// The window, strings (and functions) also have 'length'\n\t\t\tif( i == null || typeof array === \"string\" || jQuery.isFunction(array) || array.setInterval )\n\t\t\t\tret[0] = array;\n\t\t\telse\n\t\t\t\twhile( i )\n\t\t\t\t\tret[--i] = array[i];\n\t\t}\n\n\t\treturn ret;\n\t},\n\n\tinArray: function( elem, array ) {\n\t\tfor ( var i = 0, length = array.length; i < length; i++ )\n\t\t// Use === because on IE, window == document\n\t\t\tif ( array[ i ] === elem )\n\t\t\t\treturn i;\n\n\t\treturn -1;\n\t},\n\n\tmerge: function( first, second ) {\n\t\t// We have to loop this way because IE & Opera overwrite the length\n\t\t// expando of getElementsByTagName\n\t\tvar i = 0, elem, pos = first.length;\n\t\t// Also, we need to make sure that the correct elements are being returned\n\t\t// (IE returns comment nodes in a '*' query)\n\t\tif ( !jQuery.support.getAll ) {\n\t\t\twhile ( (elem = second[ i++ ]) != null )\n\t\t\t\tif ( elem.nodeType != 8 )\n\t\t\t\t\tfirst[ pos++ ] = elem;\n\n\t\t} else\n\t\t\twhile ( (elem = second[ i++ ]) != null )\n\t\t\t\tfirst[ pos++ ] = elem;\n\n\t\treturn first;\n\t},\n\n\tunique: function( array ) {\n\t\tvar ret = [], done = {};\n\n\t\ttry {\n\n\t\t\tfor ( var i = 0, length = array.length; i < length; i++ ) {\n\t\t\t\tvar id = jQuery.data( array[ i ] );\n\n\t\t\t\tif ( !done[ id ] ) {\n\t\t\t\t\tdone[ id ] = true;\n\t\t\t\t\tret.push( array[ i ] );\n\t\t\t\t}\n\t\t\t}\n\n\t\t} catch( e ) {\n\t\t\tret = array;\n\t\t}\n\n\t\treturn ret;\n\t},\n\n\tgrep: function( elems, callback, inv ) {\n\t\tvar ret = [];\n\n\t\t// Go through the array, only saving the items\n\t\t// that pass the validator function\n\t\tfor ( var i = 0, length = elems.length; i < length; i++ )\n\t\t\tif ( !inv != !callback( elems[ i ], i ) )\n\t\t\t\tret.push( elems[ i ] );\n\n\t\treturn ret;\n\t},\n\n\tmap: function( elems, callback ) {\n\t\tvar ret = [];\n\n\t\t// Go through the array, translating each of the items to their\n\t\t// new value (or values).\n\t\tfor ( var i = 0, length = elems.length; i < length; i++ ) {\n\t\t\tvar value = callback( elems[ i ], i );\n\n\t\t\tif ( value != null )\n\t\t\t\tret[ ret.length ] = value;\n\t\t}\n\n\t\treturn ret.concat.apply( [], ret );\n\t}\n});\n\n// Use of jQuery.browser is deprecated.\n// It's included for backwards compatibility and plugins,\n// although they should work to migrate away.\n\nvar userAgent = navigator.userAgent.toLowerCase();\n\n// Figure out what browser is being used\njQuery.browser = {\n\tversion: (userAgent.match( /.+(?:rv|it|ra|ie)[\\/: ]([\\d.]+)/ ) || [0,'0'])[1],\n\tsafari: /webkit/.test( userAgent ),\n\topera: /opera/.test( userAgent ),\n\tmsie: /msie/.test( userAgent ) && !/opera/.test( userAgent ),\n\tmozilla: /mozilla/.test( userAgent ) && !/(compatible|webkit)/.test( userAgent )\n};\n\njQuery.each({\n\tparent: function(elem){return elem.parentNode;},\n\tparents: function(elem){return jQuery.dir(elem,\"parentNode\");},\n\tnext: function(elem){return jQuery.nth(elem,2,\"nextSibling\");},\n\tprev: function(elem){return jQuery.nth(elem,2,\"previousSibling\");},\n\tnextAll: function(elem){return jQuery.dir(elem,\"nextSibling\");},\n\tprevAll: function(elem){return jQuery.dir(elem,\"previousSibling\");},\n\tsiblings: function(elem){return jQuery.sibling(elem.parentNode.firstChild,elem);},\n\tchildren: function(elem){return jQuery.sibling(elem.firstChild);},\n\tcontents: function(elem){return jQuery.nodeName(elem,\"iframe\")?elem.contentDocument||elem.contentWindow.document:jQuery.makeArray(elem.childNodes);}\n}, function(name, fn){\n\tjQuery.fn[ name ] = function( selector ) {\n\t\tvar ret = jQuery.map( this, fn );\n\n\t\tif ( selector && typeof selector == \"string\" )\n\t\t\tret = jQuery.multiFilter( selector, ret );\n\n\t\treturn this.pushStack( jQuery.unique( ret ), name, selector );\n\t};\n});\n\njQuery.each({\n\tappendTo: \"append\",\n\tprependTo: \"prepend\",\n\tinsertBefore: \"before\",\n\tinsertAfter: \"after\",\n\treplaceAll: \"replaceWith\"\n}, function(name, original){\n\tjQuery.fn[ name ] = function( selector ) {\n\t\tvar ret = [], insert = jQuery( selector );\n\n\t\tfor ( var i = 0, l = insert.length; i < l; i++ ) {\n\t\t\tvar elems = (i > 0 ? this.clone(true) : this).get();\n\t\t\tjQuery.fn[ original ].apply( jQuery(insert[i]), elems );\n\t\t\tret = ret.concat( elems );\n\t\t}\n\n\t\treturn this.pushStack( ret, name, selector );\n\t};\n});\n\njQuery.each({\n\tremoveAttr: function( name ) {\n\t\tjQuery.attr( this, name, \"\" );\n\t\tif (this.nodeType == 1)\n\t\t\tthis.removeAttribute( name );\n\t},\n\n\taddClass: function( classNames ) {\n\t\tjQuery.className.add( this, classNames );\n\t},\n\n\tremoveClass: function( classNames ) {\n\t\tjQuery.className.remove( this, classNames );\n\t},\n\n\ttoggleClass: function( classNames, state ) {\n\t\tif( typeof state !== \"boolean\" )\n\t\t\tstate = !jQuery.className.has( this, classNames );\n\t\tjQuery.className[ state ? \"add\" : \"remove\" ]( this, classNames );\n\t},\n\n\tremove: function( selector ) {\n\t\tif ( !selector || jQuery.filter( selector, [ this ] ).length ) {\n\t\t\t// Prevent memory leaks\n\t\t\tjQuery( \"*\", this ).add([this]).each(function(){\n\t\t\t\tjQuery.event.remove(this);\n\t\t\t\tjQuery.removeData(this);\n\t\t\t});\n\t\t\tif (this.parentNode)\n\t\t\t\tthis.parentNode.removeChild( this );\n\t\t}\n\t},\n\n\tempty: function() {\n\t\t// Remove element nodes and prevent memory leaks\n\t\tjQuery(this).children().remove();\n\n\t\t// Remove any remaining nodes\n\t\twhile ( this.firstChild )\n\t\t\tthis.removeChild( this.firstChild );\n\t}\n}, function(name, fn){\n\tjQuery.fn[ name ] = function(){\n\t\treturn this.each( fn, arguments );\n\t};\n});\n\n// Helper function used by the dimensions and offset modules\nfunction num(elem, prop) {\n\treturn elem[0] && parseInt( jQuery.curCSS(elem[0], prop, true), 10 ) || 0;\n}\nvar expando = \"jQuery\" + now(), uuid = 0, windowData = {};\r\n\r\njQuery.extend({\r\n\tcache: {},\r\n\r\n\tdata: function( elem, name, data ) {\r\n\t\telem = elem == window ?\r\n\t\t\twindowData :\r\n\t\t\telem;\r\n\r\n\t\tvar id = elem[ expando ];\r\n\r\n\t\t// Compute a unique ID for the element\r\n\t\tif ( !id )\r\n\t\t\tid = elem[ expando ] = ++uuid;\r\n\r\n\t\t// Only generate the data cache if we're\r\n\t\t// trying to access or manipulate it\r\n\t\tif ( name && !jQuery.cache[ id ] )\r\n\t\t\tjQuery.cache[ id ] = {};\r\n\r\n\t\t// Prevent overriding the named cache with undefined values\r\n\t\tif ( data !== undefined )\r\n\t\t\tjQuery.cache[ id ][ name ] = data;\r\n\r\n\t\t// Return the named cache data, or the ID for the element\r\n\t\treturn name ?\r\n\t\t\tjQuery.cache[ id ][ name ] :\r\n\t\t\tid;\r\n\t},\r\n\r\n\tremoveData: function( elem, name ) {\r\n\t\telem = elem == window ?\r\n\t\t\twindowData :\r\n\t\t\telem;\r\n\r\n\t\tvar id = elem[ expando ];\r\n\r\n\t\t// If we want to remove a specific section of the element's data\r\n\t\tif ( name ) {\r\n\t\t\tif ( jQuery.cache[ id ] ) {\r\n\t\t\t\t// Remove the section of cache data\r\n\t\t\t\tdelete jQuery.cache[ id ][ name ];\r\n\r\n\t\t\t\t// If we've removed all the data, remove the element's cache\r\n\t\t\t\tname = \"\";\r\n\r\n\t\t\t\tfor ( name in jQuery.cache[ id ] )\r\n\t\t\t\t\tbreak;\r\n\r\n\t\t\t\tif ( !name )\r\n\t\t\t\t\tjQuery.removeData( elem );\r\n\t\t\t}\r\n\r\n\t\t// Otherwise, we want to remove all of the element's data\r\n\t\t} else {\r\n\t\t\t// Clean up the element expando\r\n\t\t\ttry {\r\n\t\t\t\tdelete elem[ expando ];\r\n\t\t\t} catch(e){\r\n\t\t\t\t// IE has trouble directly removing the expando\r\n\t\t\t\t// but it's ok with using removeAttribute\r\n\t\t\t\tif ( elem.removeAttribute )\r\n\t\t\t\t\telem.removeAttribute( expando );\r\n\t\t\t}\r\n\r\n\t\t\t// Completely remove the data cache\r\n\t\t\tdelete jQuery.cache[ id ];\r\n\t\t}\r\n\t},\r\n\tqueue: function( elem, type, data ) {\r\n\t\tif ( elem ){\r\n\t\r\n\t\t\ttype = (type || \"fx\") + \"queue\";\r\n\t\r\n\t\t\tvar q = jQuery.data( elem, type );\r\n\t\r\n\t\t\tif ( !q || jQuery.isArray(data) )\r\n\t\t\t\tq = jQuery.data( elem, type, jQuery.makeArray(data) );\r\n\t\t\telse if( data )\r\n\t\t\t\tq.push( data );\r\n\t\r\n\t\t}\r\n\t\treturn q;\r\n\t},\r\n\r\n\tdequeue: function( elem, type ){\r\n\t\tvar queue = jQuery.queue( elem, type ),\r\n\t\t\tfn = queue.shift();\r\n\t\t\r\n\t\tif( !type || type === \"fx\" )\r\n\t\t\tfn = queue[0];\r\n\t\t\t\r\n\t\tif( fn !== undefined )\r\n\t\t\tfn.call(elem);\r\n\t}\r\n});\r\n\r\njQuery.fn.extend({\r\n\tdata: function( key, value ){\r\n\t\tvar parts = key.split(\".\");\r\n\t\tparts[1] = parts[1] ? \".\" + parts[1] : \"\";\r\n\r\n\t\tif ( value === undefined ) {\r\n\t\t\tvar data = this.triggerHandler(\"getData\" + parts[1] + \"!\", [parts[0]]);\r\n\r\n\t\t\tif ( data === undefined && this.length )\r\n\t\t\t\tdata = jQuery.data( this[0], key );\r\n\r\n\t\t\treturn data === undefined && parts[1] ?\r\n\t\t\t\tthis.data( parts[0] ) :\r\n\t\t\t\tdata;\r\n\t\t} else\r\n\t\t\treturn this.trigger(\"setData\" + parts[1] + \"!\", [parts[0], value]).each(function(){\r\n\t\t\t\tjQuery.data( this, key, value );\r\n\t\t\t});\r\n\t},\r\n\r\n\tremoveData: function( key ){\r\n\t\treturn this.each(function(){\r\n\t\t\tjQuery.removeData( this, key );\r\n\t\t});\r\n\t},\r\n\tqueue: function(type, data){\r\n\t\tif ( typeof type !== \"string\" ) {\r\n\t\t\tdata = type;\r\n\t\t\ttype = \"fx\";\r\n\t\t}\r\n\r\n\t\tif ( data === undefined )\r\n\t\t\treturn jQuery.queue( this[0], type );\r\n\r\n\t\treturn this.each(function(){\r\n\t\t\tvar queue = jQuery.queue( this, type, data );\r\n\t\t\t\r\n\t\t\t if( type == \"fx\" && queue.length == 1 )\r\n\t\t\t\tqueue[0].call(this);\r\n\t\t});\r\n\t},\r\n\tdequeue: function(type){\r\n\t\treturn this.each(function(){\r\n\t\t\tjQuery.dequeue( this, type );\r\n\t\t});\r\n\t}\r\n});/*!\n * Sizzle CSS Selector Engine - v0.9.3\n *  Copyright 2009, The Dojo Foundation\n *  Released under the MIT, BSD, and GPL Licenses.\n *  More information: http://sizzlejs.com/\n */\n(function(){\n\nvar chunker = /((?:\\((?:\\([^()]+\\)|[^()]+)+\\)|\\[(?:\\[[^[\\]]*\\]|['\"][^'\"]*['\"]|[^[\\]'\"]+)+\\]|\\\\.|[^ >+~,(\\[\\\\]+)+|[>+~])(\\s*,\\s*)?/g,\n\tdone = 0,\n\ttoString = Object.prototype.toString;\n\nvar Sizzle = function(selector, context, results, seed) {\n\tresults = results || [];\n\tcontext = context || document;\n\n\tif ( context.nodeType !== 1 && context.nodeType !== 9 )\n\t\treturn [];\n\t\n\tif ( !selector || typeof selector !== \"string\" ) {\n\t\treturn results;\n\t}\n\n\tvar parts = [], m, set, checkSet, check, mode, extra, prune = true;\n\t\n\t// Reset the position of the chunker regexp (start from head)\n\tchunker.lastIndex = 0;\n\t\n\twhile ( (m = chunker.exec(selector)) !== null ) {\n\t\tparts.push( m[1] );\n\t\t\n\t\tif ( m[2] ) {\n\t\t\textra = RegExp.rightContext;\n\t\t\tbreak;\n\t\t}\n\t}\n\n\tif ( parts.length > 1 && origPOS.exec( selector ) ) {\n\t\tif ( parts.length === 2 && Expr.relative[ parts[0] ] ) {\n\t\t\tset = posProcess( parts[0] + parts[1], context );\n\t\t} else {\n\t\t\tset = Expr.relative[ parts[0] ] ?\n\t\t\t\t[ context ] :\n\t\t\t\tSizzle( parts.shift(), context );\n\n\t\t\twhile ( parts.length ) {\n\t\t\t\tselector = parts.shift();\n\n\t\t\t\tif ( Expr.relative[ selector ] )\n\t\t\t\t\tselector += parts.shift();\n\n\t\t\t\tset = posProcess( selector, set );\n\t\t\t}\n\t\t}\n\t} else {\n\t\tvar ret = seed ?\n\t\t\t{ expr: parts.pop(), set: makeArray(seed) } :\n\t\t\tSizzle.find( parts.pop(), parts.length === 1 && context.parentNode ? context.parentNode : context, isXML(context) );\n\t\tset = Sizzle.filter( ret.expr, ret.set );\n\n\t\tif ( parts.length > 0 ) {\n\t\t\tcheckSet = makeArray(set);\n\t\t} else {\n\t\t\tprune = false;\n\t\t}\n\n\t\twhile ( parts.length ) {\n\t\t\tvar cur = parts.pop(), pop = cur;\n\n\t\t\tif ( !Expr.relative[ cur ] ) {\n\t\t\t\tcur = \"\";\n\t\t\t} else {\n\t\t\t\tpop = parts.pop();\n\t\t\t}\n\n\t\t\tif ( pop == null ) {\n\t\t\t\tpop = context;\n\t\t\t}\n\n\t\t\tExpr.relative[ cur ]( checkSet, pop, isXML(context) );\n\t\t}\n\t}\n\n\tif ( !checkSet ) {\n\t\tcheckSet = set;\n\t}\n\n\tif ( !checkSet ) {\n\t\tthrow \"Syntax error, unrecognized expression: \" + (cur || selector);\n\t}\n\n\tif ( toString.call(checkSet) === \"[object Array]\" ) {\n\t\tif ( !prune ) {\n\t\t\tresults.push.apply( results, checkSet );\n\t\t} else if ( context.nodeType === 1 ) {\n\t\t\tfor ( var i = 0; checkSet[i] != null; i++ ) {\n\t\t\t\tif ( checkSet[i] && (checkSet[i] === true || checkSet[i].nodeType === 1 && contains(context, checkSet[i])) ) {\n\t\t\t\t\tresults.push( set[i] );\n\t\t\t\t}\n\t\t\t}\n\t\t} else {\n\t\t\tfor ( var i = 0; checkSet[i] != null; i++ ) {\n\t\t\t\tif ( checkSet[i] && checkSet[i].nodeType === 1 ) {\n\t\t\t\t\tresults.push( set[i] );\n\t\t\t\t}\n\t\t\t}\n\t\t}\n\t} else {\n\t\tmakeArray( checkSet, results );\n\t}\n\n\tif ( extra ) {\n\t\tSizzle( extra, context, results, seed );\n\n\t\tif ( sortOrder ) {\n\t\t\thasDuplicate = false;\n\t\t\tresults.sort(sortOrder);\n\n\t\t\tif ( hasDuplicate ) {\n\t\t\t\tfor ( var i = 1; i < results.length; i++ ) {\n\t\t\t\t\tif ( results[i] === results[i-1] ) {\n\t\t\t\t\t\tresults.splice(i--, 1);\n\t\t\t\t\t}\n\t\t\t\t}\n\t\t\t}\n\t\t}\n\t}\n\n\treturn results;\n};\n\nSizzle.matches = function(expr, set){\n\treturn Sizzle(expr, null, null, set);\n};\n\nSizzle.find = function(expr, context, isXML){\n\tvar set, match;\n\n\tif ( !expr ) {\n\t\treturn [];\n\t}\n\n\tfor ( var i = 0, l = Expr.order.length; i < l; i++ ) {\n\t\tvar type = Expr.order[i], match;\n\t\t\n\t\tif ( (match = Expr.match[ type ].exec( expr )) ) {\n\t\t\tvar left = RegExp.leftContext;\n\n\t\t\tif ( left.substr( left.length - 1 ) !== \"\\\\\" ) {\n\t\t\t\tmatch[1] = (match[1] || \"\").replace(/\\\\/g, \"\");\n\t\t\t\tset = Expr.find[ type ]( match, context, isXML );\n\t\t\t\tif ( set != null ) {\n\t\t\t\t\texpr = expr.replace( Expr.match[ type ], \"\" );\n\t\t\t\t\tbreak;\n\t\t\t\t}\n\t\t\t}\n\t\t}\n\t}\n\n\tif ( !set ) {\n\t\tset = context.getElementsByTagName(\"*\");\n\t}\n\n\treturn {set: set, expr: expr};\n};\n\nSizzle.filter = function(expr, set, inplace, not){\n\tvar old = expr, result = [], curLoop = set, match, anyFound,\n\t\tisXMLFilter = set && set[0] && isXML(set[0]);\n\n\twhile ( expr && set.length ) {\n\t\tfor ( var type in Expr.filter ) {\n\t\t\tif ( (match = Expr.match[ type ].exec( expr )) != null ) {\n\t\t\t\tvar filter = Expr.filter[ type ], found, item;\n\t\t\t\tanyFound = false;\n\n\t\t\t\tif ( curLoop == result ) {\n\t\t\t\t\tresult = [];\n\t\t\t\t}\n\n\t\t\t\tif ( Expr.preFilter[ type ] ) {\n\t\t\t\t\tmatch = Expr.preFilter[ type ]( match, curLoop, inplace, result, not, isXMLFilter );\n\n\t\t\t\t\tif ( !match ) {\n\t\t\t\t\t\tanyFound = found = true;\n\t\t\t\t\t} else if ( match === true ) {\n\t\t\t\t\t\tcontinue;\n\t\t\t\t\t}\n\t\t\t\t}\n\n\t\t\t\tif ( match ) {\n\t\t\t\t\tfor ( var i = 0; (item = curLoop[i]) != null; i++ ) {\n\t\t\t\t\t\tif ( item ) {\n\t\t\t\t\t\t\tfound = filter( item, match, i, curLoop );\n\t\t\t\t\t\t\tvar pass = not ^ !!found;\n\n\t\t\t\t\t\t\tif ( inplace && found != null ) {\n\t\t\t\t\t\t\t\tif ( pass ) {\n\t\t\t\t\t\t\t\t\tanyFound = true;\n\t\t\t\t\t\t\t\t} else {\n\t\t\t\t\t\t\t\t\tcurLoop[i] = false;\n\t\t\t\t\t\t\t\t}\n\t\t\t\t\t\t\t} else if ( pass ) {\n\t\t\t\t\t\t\t\tresult.push( item );\n\t\t\t\t\t\t\t\tanyFound = true;\n\t\t\t\t\t\t\t}\n\t\t\t\t\t\t}\n\t\t\t\t\t}\n\t\t\t\t}\n\n\t\t\t\tif ( found !== undefined ) {\n\t\t\t\t\tif ( !inplace ) {\n\t\t\t\t\t\tcurLoop = result;\n\t\t\t\t\t}\n\n\t\t\t\t\texpr = expr.replace( Expr.match[ type ], \"\" );\n\n\t\t\t\t\tif ( !anyFound ) {\n\t\t\t\t\t\treturn [];\n\t\t\t\t\t}\n\n\t\t\t\t\tbreak;\n\t\t\t\t}\n\t\t\t}\n\t\t}\n\n\t\t// Improper expression\n\t\tif ( expr == old ) {\n\t\t\tif ( anyFound == null ) {\n\t\t\t\tthrow \"Syntax error, unrecognized expression: \" + expr;\n\t\t\t} else {\n\t\t\t\tbreak;\n\t\t\t}\n\t\t}\n\n\t\told = expr;\n\t}\n\n\treturn curLoop;\n};\n\nvar Expr = Sizzle.selectors = {\n\torder: [ \"ID\", \"NAME\", \"TAG\" ],\n\tmatch: {\n\t\tID: /#((?:[\\w\\u00c0-\\uFFFF_-]|\\\\.)+)/,\n\t\tCLASS: /\\.((?:[\\w\\u00c0-\\uFFFF_-]|\\\\.)+)/,\n\t\tNAME: /\\[name=['\"]*((?:[\\w\\u00c0-\\uFFFF_-]|\\\\.)+)['\"]*\\]/,\n\t\tATTR: /\\[\\s*((?:[\\w\\u00c0-\\uFFFF_-]|\\\\.)+)\\s*(?:(\\S?=)\\s*(['\"]*)(.*?)\\3|)\\s*\\]/,\n\t\tTAG: /^((?:[\\w\\u00c0-\\uFFFF\\*_-]|\\\\.)+)/,\n\t\tCHILD: /:(only|nth|last|first)-child(?:\\((even|odd|[\\dn+-]*)\\))?/,\n\t\tPOS: /:(nth|eq|gt|lt|first|last|even|odd)(?:\\((\\d*)\\))?(?=[^-]|$)/,\n\t\tPSEUDO: /:((?:[\\w\\u00c0-\\uFFFF_-]|\\\\.)+)(?:\\((['\"]*)((?:\\([^\\)]+\\)|[^\\2\\(\\)]*)+)\\2\\))?/\n\t},\n\tattrMap: {\n\t\t\"class\": \"className\",\n\t\t\"for\": \"htmlFor\"\n\t},\n\tattrHandle: {\n\t\thref: function(elem){\n\t\t\treturn elem.getAttribute(\"href\");\n\t\t}\n\t},\n\trelative: {\n\t\t\"+\": function(checkSet, part, isXML){\n\t\t\tvar isPartStr = typeof part === \"string\",\n\t\t\t\tisTag = isPartStr && !/\\W/.test(part),\n\t\t\t\tisPartStrNotTag = isPartStr && !isTag;\n\n\t\t\tif ( isTag && !isXML ) {\n\t\t\t\tpart = part.toUpperCase();\n\t\t\t}\n\n\t\t\tfor ( var i = 0, l = checkSet.length, elem; i < l; i++ ) {\n\t\t\t\tif ( (elem = checkSet[i]) ) {\n\t\t\t\t\twhile ( (elem = elem.previousSibling) && elem.nodeType !== 1 ) {}\n\n\t\t\t\t\tcheckSet[i] = isPartStrNotTag || elem && elem.nodeName === part ?\n\t\t\t\t\t\telem || false :\n\t\t\t\t\t\telem === part;\n\t\t\t\t}\n\t\t\t}\n\n\t\t\tif ( isPartStrNotTag ) {\n\t\t\t\tSizzle.filter( part, checkSet, true );\n\t\t\t}\n\t\t},\n\t\t\">\": function(checkSet, part, isXML){\n\t\t\tvar isPartStr = typeof part === \"string\";\n\n\t\t\tif ( isPartStr && !/\\W/.test(part) ) {\n\t\t\t\tpart = isXML ? part : part.toUpperCase();\n\n\t\t\t\tfor ( var i = 0, l = checkSet.length; i < l; i++ ) {\n\t\t\t\t\tvar elem = checkSet[i];\n\t\t\t\t\tif ( elem ) {\n\t\t\t\t\t\tvar parent = elem.parentNode;\n\t\t\t\t\t\tcheckSet[i] = parent.nodeName === part ? parent : false;\n\t\t\t\t\t}\n\t\t\t\t}\n\t\t\t} else {\n\t\t\t\tfor ( var i = 0, l = checkSet.length; i < l; i++ ) {\n\t\t\t\t\tvar elem = checkSet[i];\n\t\t\t\t\tif ( elem ) {\n\t\t\t\t\t\tcheckSet[i] = isPartStr ?\n\t\t\t\t\t\t\telem.parentNode :\n\t\t\t\t\t\t\telem.parentNode === part;\n\t\t\t\t\t}\n\t\t\t\t}\n\n\t\t\t\tif ( isPartStr ) {\n\t\t\t\t\tSizzle.filter( part, checkSet, true );\n\t\t\t\t}\n\t\t\t}\n\t\t},\n\t\t\"\": function(checkSet, part, isXML){\n\t\t\tvar doneName = done++, checkFn = dirCheck;\n\n\t\t\tif ( !part.match(/\\W/) ) {\n\t\t\t\tvar nodeCheck = part = isXML ? part : part.toUpperCase();\n\t\t\t\tcheckFn = dirNodeCheck;\n\t\t\t}\n\n\t\t\tcheckFn(\"parentNode\", part, doneName, checkSet, nodeCheck, isXML);\n\t\t},\n\t\t\"~\": function(checkSet, part, isXML){\n\t\t\tvar doneName = done++, checkFn = dirCheck;\n\n\t\t\tif ( typeof part === \"string\" && !part.match(/\\W/) ) {\n\t\t\t\tvar nodeCheck = part = isXML ? part : part.toUpperCase();\n\t\t\t\tcheckFn = dirNodeCheck;\n\t\t\t}\n\n\t\t\tcheckFn(\"previousSibling\", part, doneName, checkSet, nodeCheck, isXML);\n\t\t}\n\t},\n\tfind: {\n\t\tID: function(match, context, isXML){\n\t\t\tif ( typeof context.getElementById !== \"undefined\" && !isXML ) {\n\t\t\t\tvar m = context.getElementById(match[1]);\n\t\t\t\treturn m ? [m] : [];\n\t\t\t}\n\t\t},\n\t\tNAME: function(match, context, isXML){\n\t\t\tif ( typeof context.getElementsByName !== \"undefined\" ) {\n\t\t\t\tvar ret = [], results = context.getElementsByName(match[1]);\n\n\t\t\t\tfor ( var i = 0, l = results.length; i < l; i++ ) {\n\t\t\t\t\tif ( results[i].getAttribute(\"name\") === match[1] ) {\n\t\t\t\t\t\tret.push( results[i] );\n\t\t\t\t\t}\n\t\t\t\t}\n\n\t\t\t\treturn ret.length === 0 ? null : ret;\n\t\t\t}\n\t\t},\n\t\tTAG: function(match, context){\n\t\t\treturn context.getElementsByTagName(match[1]);\n\t\t}\n\t},\n\tpreFilter: {\n\t\tCLASS: function(match, curLoop, inplace, result, not, isXML){\n\t\t\tmatch = \" \" + match[1].replace(/\\\\/g, \"\") + \" \";\n\n\t\t\tif ( isXML ) {\n\t\t\t\treturn match;\n\t\t\t}\n\n\t\t\tfor ( var i = 0, elem; (elem = curLoop[i]) != null; i++ ) {\n\t\t\t\tif ( elem ) {\n\t\t\t\t\tif ( not ^ (elem.className && (\" \" + elem.className + \" \").indexOf(match) >= 0) ) {\n\t\t\t\t\t\tif ( !inplace )\n\t\t\t\t\t\t\tresult.push( elem );\n\t\t\t\t\t} else if ( inplace ) {\n\t\t\t\t\t\tcurLoop[i] = false;\n\t\t\t\t\t}\n\t\t\t\t}\n\t\t\t}\n\n\t\t\treturn false;\n\t\t},\n\t\tID: function(match){\n\t\t\treturn match[1].replace(/\\\\/g, \"\");\n\t\t},\n\t\tTAG: function(match, curLoop){\n\t\t\tfor ( var i = 0; curLoop[i] === false; i++ ){}\n\t\t\treturn curLoop[i] && isXML(curLoop[i]) ? match[1] : match[1].toUpperCase();\n\t\t},\n\t\tCHILD: function(match){\n\t\t\tif ( match[1] == \"nth\" ) {\n\t\t\t\t// parse equations like 'even', 'odd', '5', '2n', '3n+2', '4n-1', '-n+6'\n\t\t\t\tvar test = /(-?)(\\d*)n((?:\\+|-)?\\d*)/.exec(\n\t\t\t\t\tmatch[2] == \"even\" && \"2n\" || match[2] == \"odd\" && \"2n+1\" ||\n\t\t\t\t\t!/\\D/.test( match[2] ) && \"0n+\" + match[2] || match[2]);\n\n\t\t\t\t// calculate the numbers (first)n+(last) including if they are negative\n\t\t\t\tmatch[2] = (test[1] + (test[2] || 1)) - 0;\n\t\t\t\tmatch[3] = test[3] - 0;\n\t\t\t}\n\n\t\t\t// TODO: Move to normal caching system\n\t\t\tmatch[0] = done++;\n\n\t\t\treturn match;\n\t\t},\n\t\tATTR: function(match, curLoop, inplace, result, not, isXML){\n\t\t\tvar name = match[1].replace(/\\\\/g, \"\");\n\t\t\t\n\t\t\tif ( !isXML && Expr.attrMap[name] ) {\n\t\t\t\tmatch[1] = Expr.attrMap[name];\n\t\t\t}\n\n\t\t\tif ( match[2] === \"~=\" ) {\n\t\t\t\tmatch[4] = \" \" + match[4] + \" \";\n\t\t\t}\n\n\t\t\treturn match;\n\t\t},\n\t\tPSEUDO: function(match, curLoop, inplace, result, not){\n\t\t\tif ( match[1] === \"not\" ) {\n\t\t\t\t// If we're dealing with a complex expression, or a simple one\n\t\t\t\tif ( match[3].match(chunker).length > 1 || /^\\w/.test(match[3]) ) {\n\t\t\t\t\tmatch[3] = Sizzle(match[3], null, null, curLoop);\n\t\t\t\t} else {\n\t\t\t\t\tvar ret = Sizzle.filter(match[3], curLoop, inplace, true ^ not);\n\t\t\t\t\tif ( !inplace ) {\n\t\t\t\t\t\tresult.push.apply( result, ret );\n\t\t\t\t\t}\n\t\t\t\t\treturn false;\n\t\t\t\t}\n\t\t\t} else if ( Expr.match.POS.test( match[0] ) || Expr.match.CHILD.test( match[0] ) ) {\n\t\t\t\treturn true;\n\t\t\t}\n\t\t\t\n\t\t\treturn match;\n\t\t},\n\t\tPOS: function(match){\n\t\t\tmatch.unshift( true );\n\t\t\treturn match;\n\t\t}\n\t},\n\tfilters: {\n\t\tenabled: function(elem){\n\t\t\treturn elem.disabled === false && elem.type !== \"hidden\";\n\t\t},\n\t\tdisabled: function(elem){\n\t\t\treturn elem.disabled === true;\n\t\t},\n\t\tchecked: function(elem){\n\t\t\treturn elem.checked === true;\n\t\t},\n\t\tselected: function(elem){\n\t\t\t// Accessing this property makes selected-by-default\n\t\t\t// options in Safari work properly\n\t\t\telem.parentNode.selectedIndex;\n\t\t\treturn elem.selected === true;\n\t\t},\n\t\tparent: function(elem){\n\t\t\treturn !!elem.firstChild;\n\t\t},\n\t\tempty: function(elem){\n\t\t\treturn !elem.firstChild;\n\t\t},\n\t\thas: function(elem, i, match){\n\t\t\treturn !!Sizzle( match[3], elem ).length;\n\t\t},\n\t\theader: function(elem){\n\t\t\treturn /h\\d/i.test( elem.nodeName );\n\t\t},\n\t\ttext: function(elem){\n\t\t\treturn \"text\" === elem.type;\n\t\t},\n\t\tradio: function(elem){\n\t\t\treturn \"radio\" === elem.type;\n\t\t},\n\t\tcheckbox: function(elem){\n\t\t\treturn \"checkbox\" === elem.type;\n\t\t},\n\t\tfile: function(elem){\n\t\t\treturn \"file\" === elem.type;\n\t\t},\n\t\tpassword: function(elem){\n\t\t\treturn \"password\" === elem.type;\n\t\t},\n\t\tsubmit: function(elem){\n\t\t\treturn \"submit\" === elem.type;\n\t\t},\n\t\timage: function(elem){\n\t\t\treturn \"image\" === elem.type;\n\t\t},\n\t\treset: function(elem){\n\t\t\treturn \"reset\" === elem.type;\n\t\t},\n\t\tbutton: function(elem){\n\t\t\treturn \"button\" === elem.type || elem.nodeName.toUpperCase() === \"BUTTON\";\n\t\t},\n\t\tinput: function(elem){\n\t\t\treturn /input|select|textarea|button/i.test(elem.nodeName);\n\t\t}\n\t},\n\tsetFilters: {\n\t\tfirst: function(elem, i){\n\t\t\treturn i === 0;\n\t\t},\n\t\tlast: function(elem, i, match, array){\n\t\t\treturn i === array.length - 1;\n\t\t},\n\t\teven: function(elem, i){\n\t\t\treturn i % 2 === 0;\n\t\t},\n\t\todd: function(elem, i){\n\t\t\treturn i % 2 === 1;\n\t\t},\n\t\tlt: function(elem, i, match){\n\t\t\treturn i < match[3] - 0;\n\t\t},\n\t\tgt: function(elem, i, match){\n\t\t\treturn i > match[3] - 0;\n\t\t},\n\t\tnth: function(elem, i, match){\n\t\t\treturn match[3] - 0 == i;\n\t\t},\n\t\teq: function(elem, i, match){\n\t\t\treturn match[3] - 0 == i;\n\t\t}\n\t},\n\tfilter: {\n\t\tPSEUDO: function(elem, match, i, array){\n\t\t\tvar name = match[1], filter = Expr.filters[ name ];\n\n\t\t\tif ( filter ) {\n\t\t\t\treturn filter( elem, i, match, array );\n\t\t\t} else if ( name === \"contains\" ) {\n\t\t\t\treturn (elem.textContent || elem.innerText || \"\").indexOf(match[3]) >= 0;\n\t\t\t} else if ( name === \"not\" ) {\n\t\t\t\tvar not = match[3];\n\n\t\t\t\tfor ( var i = 0, l = not.length; i < l; i++ ) {\n\t\t\t\t\tif ( not[i] === elem ) {\n\t\t\t\t\t\treturn false;\n\t\t\t\t\t}\n\t\t\t\t}\n\n\t\t\t\treturn true;\n\t\t\t}\n\t\t},\n\t\tCHILD: function(elem, match){\n\t\t\tvar type = match[1], node = elem;\n\t\t\tswitch (type) {\n\t\t\t\tcase 'only':\n\t\t\t\tcase 'first':\n\t\t\t\t\twhile (node = node.previousSibling)  {\n\t\t\t\t\t\tif ( node.nodeType === 1 ) return false;\n\t\t\t\t\t}\n\t\t\t\t\tif ( type == 'first') return true;\n\t\t\t\t\tnode = elem;\n\t\t\t\tcase 'last':\n\t\t\t\t\twhile (node = node.nextSibling)  {\n\t\t\t\t\t\tif ( node.nodeType === 1 ) return false;\n\t\t\t\t\t}\n\t\t\t\t\treturn true;\n\t\t\t\tcase 'nth':\n\t\t\t\t\tvar first = match[2], last = match[3];\n\n\t\t\t\t\tif ( first == 1 && last == 0 ) {\n\t\t\t\t\t\treturn true;\n\t\t\t\t\t}\n\t\t\t\t\t\n\t\t\t\t\tvar doneName = match[0],\n\t\t\t\t\t\tparent = elem.parentNode;\n\t\n\t\t\t\t\tif ( parent && (parent.sizcache !== doneName || !elem.nodeIndex) ) {\n\t\t\t\t\t\tvar count = 0;\n\t\t\t\t\t\tfor ( node = parent.firstChild; node; node = node.nextSibling ) {\n\t\t\t\t\t\t\tif ( node.nodeType === 1 ) {\n\t\t\t\t\t\t\t\tnode.nodeIndex = ++count;\n\t\t\t\t\t\t\t}\n\t\t\t\t\t\t} \n\t\t\t\t\t\tparent.sizcache = doneName;\n\t\t\t\t\t}\n\t\t\t\t\t\n\t\t\t\t\tvar diff = elem.nodeIndex - last;\n\t\t\t\t\tif ( first == 0 ) {\n\t\t\t\t\t\treturn diff == 0;\n\t\t\t\t\t} else {\n\t\t\t\t\t\treturn ( diff % first == 0 && diff / first >= 0 );\n\t\t\t\t\t}\n\t\t\t}\n\t\t},\n\t\tID: function(elem, match){\n\t\t\treturn elem.nodeType === 1 && elem.getAttribute(\"id\") === match;\n\t\t},\n\t\tTAG: function(elem, match){\n\t\t\treturn (match === \"*\" && elem.nodeType === 1) || elem.nodeName === match;\n\t\t},\n\t\tCLASS: function(elem, match){\n\t\t\treturn (\" \" + (elem.className || elem.getAttribute(\"class\")) + \" \")\n\t\t\t\t.indexOf( match ) > -1;\n\t\t},\n\t\tATTR: function(elem, match){\n\t\t\tvar name = match[1],\n\t\t\t\tresult = Expr.attrHandle[ name ] ?\n\t\t\t\t\tExpr.attrHandle[ name ]( elem ) :\n\t\t\t\t\telem[ name ] != null ?\n\t\t\t\t\t\telem[ name ] :\n\t\t\t\t\t\telem.getAttribute( name ),\n\t\t\t\tvalue = result + \"\",\n\t\t\t\ttype = match[2],\n\t\t\t\tcheck = match[4];\n\n\t\t\treturn result == null ?\n\t\t\t\ttype === \"!=\" :\n\t\t\t\ttype === \"=\" ?\n\t\t\t\tvalue === check :\n\t\t\t\ttype === \"*=\" ?\n\t\t\t\tvalue.indexOf(check) >= 0 :\n\t\t\t\ttype === \"~=\" ?\n\t\t\t\t(\" \" + value + \" \").indexOf(check) >= 0 :\n\t\t\t\t!check ?\n\t\t\t\tvalue && result !== false :\n\t\t\t\ttype === \"!=\" ?\n\t\t\t\tvalue != check :\n\t\t\t\ttype === \"^=\" ?\n\t\t\t\tvalue.indexOf(check) === 0 :\n\t\t\t\ttype === \"$=\" ?\n\t\t\t\tvalue.substr(value.length - check.length) === check :\n\t\t\t\ttype === \"|=\" ?\n\t\t\t\tvalue === check || value.substr(0, check.length + 1) === check + \"-\" :\n\t\t\t\tfalse;\n\t\t},\n\t\tPOS: function(elem, match, i, array){\n\t\t\tvar name = match[2], filter = Expr.setFilters[ name ];\n\n\t\t\tif ( filter ) {\n\t\t\t\treturn filter( elem, i, match, array );\n\t\t\t}\n\t\t}\n\t}\n};\n\nvar origPOS = Expr.match.POS;\n\nfor ( var type in Expr.match ) {\n\tExpr.match[ type ] = RegExp( Expr.match[ type ].source + /(?![^\\[]*\\])(?![^\\(]*\\))/.source );\n}\n\nvar makeArray = function(array, results) {\n\tarray = Array.prototype.slice.call( array );\n\n\tif ( results ) {\n\t\tresults.push.apply( results, array );\n\t\treturn results;\n\t}\n\t\n\treturn array;\n};\n\n// Perform a simple check to determine if the browser is capable of\n// converting a NodeList to an array using builtin methods.\ntry {\n\tArray.prototype.slice.call( document.documentElement.childNodes );\n\n// Provide a fallback method if it does not work\n} catch(e){\n\tmakeArray = function(array, results) {\n\t\tvar ret = results || [];\n\n\t\tif ( toString.call(array) === \"[object Array]\" ) {\n\t\t\tArray.prototype.push.apply( ret, array );\n\t\t} else {\n\t\t\tif ( typeof array.length === \"number\" ) {\n\t\t\t\tfor ( var i = 0, l = array.length; i < l; i++ ) {\n\t\t\t\t\tret.push( array[i] );\n\t\t\t\t}\n\t\t\t} else {\n\t\t\t\tfor ( var i = 0; array[i]; i++ ) {\n\t\t\t\t\tret.push( array[i] );\n\t\t\t\t}\n\t\t\t}\n\t\t}\n\n\t\treturn ret;\n\t};\n}\n\nvar sortOrder;\n\nif ( document.documentElement.compareDocumentPosition ) {\n\tsortOrder = function( a, b ) {\n\t\tvar ret = a.compareDocumentPosition(b) & 4 ? -1 : a === b ? 0 : 1;\n\t\tif ( ret === 0 ) {\n\t\t\thasDuplicate = true;\n\t\t}\n\t\treturn ret;\n\t};\n} else if ( \"sourceIndex\" in document.documentElement ) {\n\tsortOrder = function( a, b ) {\n\t\tvar ret = a.sourceIndex - b.sourceIndex;\n\t\tif ( ret === 0 ) {\n\t\t\thasDuplicate = true;\n\t\t}\n\t\treturn ret;\n\t};\n} else if ( document.createRange ) {\n\tsortOrder = function( a, b ) {\n\t\tvar aRange = a.ownerDocument.createRange(), bRange = b.ownerDocument.createRange();\n\t\taRange.selectNode(a);\n\t\taRange.collapse(true);\n\t\tbRange.selectNode(b);\n\t\tbRange.collapse(true);\n\t\tvar ret = aRange.compareBoundaryPoints(Range.START_TO_END, bRange);\n\t\tif ( ret === 0 ) {\n\t\t\thasDuplicate = true;\n\t\t}\n\t\treturn ret;\n\t};\n}\n\n// Check to see if the browser returns elements by name when\n// querying by getElementById (and provide a workaround)\n(function(){\n\t// We're going to inject a fake input element with a specified name\n\tvar form = document.createElement(\"form\"),\n\t\tid = \"script\" + (new Date).getTime();\n\tform.innerHTML = \"<input name='\" + id + \"'/>\";\n\n\t// Inject it into the root element, check its status, and remove it quickly\n\tvar root = document.documentElement;\n\troot.insertBefore( form, root.firstChild );\n\n\t// The workaround has to do additional checks after a getElementById\n\t// Which slows things down for other browsers (hence the branching)\n\tif ( !!document.getElementById( id ) ) {\n\t\tExpr.find.ID = function(match, context, isXML){\n\t\t\tif ( typeof context.getElementById !== \"undefined\" && !isXML ) {\n\t\t\t\tvar m = context.getElementById(match[1]);\n\t\t\t\treturn m ? m.id === match[1] || typeof m.getAttributeNode !== \"undefined\" && m.getAttributeNode(\"id\").nodeValue === match[1] ? [m] : undefined : [];\n\t\t\t}\n\t\t};\n\n\t\tExpr.filter.ID = function(elem, match){\n\t\t\tvar node = typeof elem.getAttributeNode !== \"undefined\" && elem.getAttributeNode(\"id\");\n\t\t\treturn elem.nodeType === 1 && node && node.nodeValue === match;\n\t\t};\n\t}\n\n\troot.removeChild( form );\n})();\n\n(function(){\n\t// Check to see if the browser returns only elements\n\t// when doing getElementsByTagName(\"*\")\n\n\t// Create a fake element\n\tvar div = document.createElement(\"div\");\n\tdiv.appendChild( document.createComment(\"\") );\n\n\t// Make sure no comments are found\n\tif ( div.getElementsByTagName(\"*\").length > 0 ) {\n\t\tExpr.find.TAG = function(match, context){\n\t\t\tvar results = context.getElementsByTagName(match[1]);\n\n\t\t\t// Filter out possible comments\n\t\t\tif ( match[1] === \"*\" ) {\n\t\t\t\tvar tmp = [];\n\n\t\t\t\tfor ( var i = 0; results[i]; i++ ) {\n\t\t\t\t\tif ( results[i].nodeType === 1 ) {\n\t\t\t\t\t\ttmp.push( results[i] );\n\t\t\t\t\t}\n\t\t\t\t}\n\n\t\t\t\tresults = tmp;\n\t\t\t}\n\n\t\t\treturn results;\n\t\t};\n\t}\n\n\t// Check to see if an attribute returns normalized href attributes\n\tdiv.innerHTML = \"<a href='#'><\/a>\";\n\tif ( div.firstChild && typeof div.firstChild.getAttribute !== \"undefined\" &&\n\t\t\tdiv.firstChild.getAttribute(\"href\") !== \"#\" ) {\n\t\tExpr.attrHandle.href = function(elem){\n\t\t\treturn elem.getAttribute(\"href\", 2);\n\t\t};\n\t}\n})();\n\nif ( document.querySelectorAll ) (function(){\n\tvar oldSizzle = Sizzle, div = document.createElement(\"div\");\n\tdiv.innerHTML = \"<p class='TEST'><\/p>\";\n\n\t// Safari can't handle uppercase or unicode characters when\n\t// in quirks mode.\n\tif ( div.querySelectorAll && div.querySelectorAll(\".TEST\").length === 0 ) {\n\t\treturn;\n\t}\n\t\n\tSizzle = function(query, context, extra, seed){\n\t\tcontext = context || document;\n\n\t\t// Only use querySelectorAll on non-XML documents\n\t\t// (ID selectors don't work in non-HTML documents)\n\t\tif ( !seed && context.nodeType === 9 && !isXML(context) ) {\n\t\t\ttry {\n\t\t\t\treturn makeArray( context.querySelectorAll(query), extra );\n\t\t\t} catch(e){}\n\t\t}\n\t\t\n\t\treturn oldSizzle(query, context, extra, seed);\n\t};\n\n\tSizzle.find = oldSizzle.find;\n\tSizzle.filter = oldSizzle.filter;\n\tSizzle.selectors = oldSizzle.selectors;\n\tSizzle.matches = oldSizzle.matches;\n})();\n\nif ( document.getElementsByClassName && document.documentElement.getElementsByClassName ) (function(){\n\tvar div = document.createElement(\"div\");\n\tdiv.innerHTML = \"<div class='test e'><\/div><div class='test'><\/div>\";\n\n\t// Opera can't find a second classname (in 9.6)\n\tif ( div.getElementsByClassName(\"e\").length === 0 )\n\t\treturn;\n\n\t// Safari caches class attributes, doesn't catch changes (in 3.2)\n\tdiv.lastChild.className = \"e\";\n\n\tif ( div.getElementsByClassName(\"e\").length === 1 )\n\t\treturn;\n\n\tExpr.order.splice(1, 0, \"CLASS\");\n\tExpr.find.CLASS = function(match, context, isXML) {\n\t\tif ( typeof context.getElementsByClassName !== \"undefined\" && !isXML ) {\n\t\t\treturn context.getElementsByClassName(match[1]);\n\t\t}\n\t};\n})();\n\nfunction dirNodeCheck( dir, cur, doneName, checkSet, nodeCheck, isXML ) {\n\tvar sibDir = dir == \"previousSibling\" && !isXML;\n\tfor ( var i = 0, l = checkSet.length; i < l; i++ ) {\n\t\tvar elem = checkSet[i];\n\t\tif ( elem ) {\n\t\t\tif ( sibDir && elem.nodeType === 1 ){\n\t\t\t\telem.sizcache = doneName;\n\t\t\t\telem.sizset = i;\n\t\t\t}\n\t\t\telem = elem[dir];\n\t\t\tvar match = false;\n\n\t\t\twhile ( elem ) {\n\t\t\t\tif ( elem.sizcache === doneName ) {\n\t\t\t\t\tmatch = checkSet[elem.sizset];\n\t\t\t\t\tbreak;\n\t\t\t\t}\n\n\t\t\t\tif ( elem.nodeType === 1 && !isXML ){\n\t\t\t\t\telem.sizcache = doneName;\n\t\t\t\t\telem.sizset = i;\n\t\t\t\t}\n\n\t\t\t\tif ( elem.nodeName === cur ) {\n\t\t\t\t\tmatch = elem;\n\t\t\t\t\tbreak;\n\t\t\t\t}\n\n\t\t\t\telem = elem[dir];\n\t\t\t}\n\n\t\t\tcheckSet[i] = match;\n\t\t}\n\t}\n}\n\nfunction dirCheck( dir, cur, doneName, checkSet, nodeCheck, isXML ) {\n\tvar sibDir = dir == \"previousSibling\" && !isXML;\n\tfor ( var i = 0, l = checkSet.length; i < l; i++ ) {\n\t\tvar elem = checkSet[i];\n\t\tif ( elem ) {\n\t\t\tif ( sibDir && elem.nodeType === 1 ) {\n\t\t\t\telem.sizcache = doneName;\n\t\t\t\telem.sizset = i;\n\t\t\t}\n\t\t\telem = elem[dir];\n\t\t\tvar match = false;\n\n\t\t\twhile ( elem ) {\n\t\t\t\tif ( elem.sizcache === doneName ) {\n\t\t\t\t\tmatch = checkSet[elem.sizset];\n\t\t\t\t\tbreak;\n\t\t\t\t}\n\n\t\t\t\tif ( elem.nodeType === 1 ) {\n\t\t\t\t\tif ( !isXML ) {\n\t\t\t\t\t\telem.sizcache = doneName;\n\t\t\t\t\t\telem.sizset = i;\n\t\t\t\t\t}\n\t\t\t\t\tif ( typeof cur !== \"string\" ) {\n\t\t\t\t\t\tif ( elem === cur ) {\n\t\t\t\t\t\t\tmatch = true;\n\t\t\t\t\t\t\tbreak;\n\t\t\t\t\t\t}\n\n\t\t\t\t\t} else if ( Sizzle.filter( cur, [elem] ).length > 0 ) {\n\t\t\t\t\t\tmatch = elem;\n\t\t\t\t\t\tbreak;\n\t\t\t\t\t}\n\t\t\t\t}\n\n\t\t\t\telem = elem[dir];\n\t\t\t}\n\n\t\t\tcheckSet[i] = match;\n\t\t}\n\t}\n}\n\nvar contains = document.compareDocumentPosition ?  function(a, b){\n\treturn a.compareDocumentPosition(b) & 16;\n} : function(a, b){\n\treturn a !== b && (a.contains ? a.contains(b) : true);\n};\n\nvar isXML = function(elem){\n\treturn elem.nodeType === 9 && elem.documentElement.nodeName !== \"HTML\" ||\n\t\t!!elem.ownerDocument && isXML( elem.ownerDocument );\n};\n\nvar posProcess = function(selector, context){\n\tvar tmpSet = [], later = \"\", match,\n\t\troot = context.nodeType ? [context] : context;\n\n\t// Position selectors must be done after the filter\n\t// And so must :not(positional) so we move all PSEUDOs to the end\n\twhile ( (match = Expr.match.PSEUDO.exec( selector )) ) {\n\t\tlater += match[0];\n\t\tselector = selector.replace( Expr.match.PSEUDO, \"\" );\n\t}\n\n\tselector = Expr.relative[selector] ? selector + \"*\" : selector;\n\n\tfor ( var i = 0, l = root.length; i < l; i++ ) {\n\t\tSizzle( selector, root[i], tmpSet );\n\t}\n\n\treturn Sizzle.filter( later, tmpSet );\n};\n\n// EXPOSE\njQuery.find = Sizzle;\njQuery.filter = Sizzle.filter;\njQuery.expr = Sizzle.selectors;\njQuery.expr[\":\"] = jQuery.expr.filters;\n\nSizzle.selectors.filters.hidden = function(elem){\n\treturn elem.offsetWidth === 0 || elem.offsetHeight === 0;\n};\n\nSizzle.selectors.filters.visible = function(elem){\n\treturn elem.offsetWidth > 0 || elem.offsetHeight > 0;\n};\n\nSizzle.selectors.filters.animated = function(elem){\n\treturn jQuery.grep(jQuery.timers, function(fn){\n\t\treturn elem === fn.elem;\n\t}).length;\n};\n\njQuery.multiFilter = function( expr, elems, not ) {\n\tif ( not ) {\n\t\texpr = \":not(\" + expr + \")\";\n\t}\n\n\treturn Sizzle.matches(expr, elems);\n};\n\njQuery.dir = function( elem, dir ){\n\tvar matched = [], cur = elem[dir];\n\twhile ( cur && cur != document ) {\n\t\tif ( cur.nodeType == 1 )\n\t\t\tmatched.push( cur );\n\t\tcur = cur[dir];\n\t}\n\treturn matched;\n};\n\njQuery.nth = function(cur, result, dir, elem){\n\tresult = result || 1;\n\tvar num = 0;\n\n\tfor ( ; cur; cur = cur[dir] )\n\t\tif ( cur.nodeType == 1 && ++num == result )\n\t\t\tbreak;\n\n\treturn cur;\n};\n\njQuery.sibling = function(n, elem){\n\tvar r = [];\n\n\tfor ( ; n; n = n.nextSibling ) {\n\t\tif ( n.nodeType == 1 && n != elem )\n\t\t\tr.push( n );\n\t}\n\n\treturn r;\n};\n\nreturn;\n\nwindow.Sizzle = Sizzle;\n\n})();\n/*\n * A number of helper functions used for managing events.\n * Many of the ideas behind this code originated from\n * Dean Edwards' addEvent library.\n */\njQuery.event = {\n\n\t// Bind an event to an element\n\t// Original by Dean Edwards\n\tadd: function(elem, types, handler, data) {\n\t\tif ( elem.nodeType == 3 || elem.nodeType == 8 )\n\t\t\treturn;\n\n\t\t// For whatever reason, IE has trouble passing the window object\n\t\t// around, causing it to be cloned in the process\n\t\tif ( elem.setInterval && elem != window )\n\t\t\telem = window;\n\n\t\t// Make sure that the function being executed has a unique ID\n\t\tif ( !handler.guid )\n\t\t\thandler.guid = this.guid++;\n\n\t\t// if data is passed, bind to handler\n\t\tif ( data !== undefined ) {\n\t\t\t// Create temporary function pointer to original handler\n\t\t\tvar fn = handler;\n\n\t\t\t// Create unique handler function, wrapped around original handler\n\t\t\thandler = this.proxy( fn );\n\n\t\t\t// Store data in unique handler\n\t\t\thandler.data = data;\n\t\t}\n\n\t\t// Init the element's event structure\n\t\tvar events = jQuery.data(elem, \"events\") || jQuery.data(elem, \"events\", {}),\n\t\t\thandle = jQuery.data(elem, \"handle\") || jQuery.data(elem, \"handle\", function(){\n\t\t\t\t// Handle the second event of a trigger and when\n\t\t\t\t// an event is called after a page has unloaded\n\t\t\t\treturn typeof jQuery !== \"undefined\" && !jQuery.event.triggered ?\n\t\t\t\t\tjQuery.event.handle.apply(arguments.callee.elem, arguments) :\n\t\t\t\t\tundefined;\n\t\t\t});\n\t\t// Add elem as a property of the handle function\n\t\t// This is to prevent a memory leak with non-native\n\t\t// event in IE.\n\t\thandle.elem = elem;\n\n\t\t// Handle multiple events separated by a space\n\t\t// jQuery(...).bind(\"mouseover mouseout\", fn);\n\t\tjQuery.each(types.split(/\\s+/), function(index, type) {\n\t\t\t// Namespaced event handlers\n\t\t\tvar namespaces = type.split(\".\");\n\t\t\ttype = namespaces.shift();\n\t\t\thandler.type = namespaces.slice().sort().join(\".\");\n\n\t\t\t// Get the current list of functions bound to this event\n\t\t\tvar handlers = events[type];\n\t\t\t\n\t\t\tif ( jQuery.event.specialAll[type] )\n\t\t\t\tjQuery.event.specialAll[type].setup.call(elem, data, namespaces);\n\n\t\t\t// Init the event handler queue\n\t\t\tif (!handlers) {\n\t\t\t\thandlers = events[type] = {};\n\n\t\t\t\t// Check for a special event handler\n\t\t\t\t// Only use addEventListener/attachEvent if the special\n\t\t\t\t// events handler returns false\n\t\t\t\tif ( !jQuery.event.special[type] || jQuery.event.special[type].setup.call(elem, data, namespaces) === false ) {\n\t\t\t\t\t// Bind the global event handler to the element\n\t\t\t\t\tif (elem.addEventListener)\n\t\t\t\t\t\telem.addEventListener(type, handle, false);\n\t\t\t\t\telse if (elem.attachEvent)\n\t\t\t\t\t\telem.attachEvent(\"on\" + type, handle);\n\t\t\t\t}\n\t\t\t}\n\n\t\t\t// Add the function to the element's handler list\n\t\t\thandlers[handler.guid] = handler;\n\n\t\t\t// Keep track of which events have been used, for global triggering\n\t\t\tjQuery.event.global[type] = true;\n\t\t});\n\n\t\t// Nullify elem to prevent memory leaks in IE\n\t\telem = null;\n\t},\n\n\tguid: 1,\n\tglobal: {},\n\n\t// Detach an event or set of events from an element\n\tremove: function(elem, types, handler) {\n\t\t// don't do events on text and comment nodes\n\t\tif ( elem.nodeType == 3 || elem.nodeType == 8 )\n\t\t\treturn;\n\n\t\tvar events = jQuery.data(elem, \"events\"), ret, index;\n\n\t\tif ( events ) {\n\t\t\t// Unbind all events for the element\n\t\t\tif ( types === undefined || (typeof types === \"string\" && types.charAt(0) == \".\") )\n\t\t\t\tfor ( var type in events )\n\t\t\t\t\tthis.remove( elem, type + (types || \"\") );\n\t\t\telse {\n\t\t\t\t// types is actually an event object here\n\t\t\t\tif ( types.type ) {\n\t\t\t\t\thandler = types.handler;\n\t\t\t\t\ttypes = types.type;\n\t\t\t\t}\n\n\t\t\t\t// Handle multiple events seperated by a space\n\t\t\t\t// jQuery(...).unbind(\"mouseover mouseout\", fn);\n\t\t\t\tjQuery.each(types.split(/\\s+/), function(index, type){\n\t\t\t\t\t// Namespaced event handlers\n\t\t\t\t\tvar namespaces = type.split(\".\");\n\t\t\t\t\ttype = namespaces.shift();\n\t\t\t\t\tvar namespace = RegExp(\"(^|\\\\.)\" + namespaces.slice().sort().join(\".*\\\\.\") + \"(\\\\.|$)\");\n\n\t\t\t\t\tif ( events[type] ) {\n\t\t\t\t\t\t// remove the given handler for the given type\n\t\t\t\t\t\tif ( handler )\n\t\t\t\t\t\t\tdelete events[type][handler.guid];\n\n\t\t\t\t\t\t// remove all handlers for the given type\n\t\t\t\t\t\telse\n\t\t\t\t\t\t\tfor ( var handle in events[type] )\n\t\t\t\t\t\t\t\t// Handle the removal of namespaced events\n\t\t\t\t\t\t\t\tif ( namespace.test(events[type][handle].type) )\n\t\t\t\t\t\t\t\t\tdelete events[type][handle];\n\t\t\t\t\t\t\t\t\t\n\t\t\t\t\t\tif ( jQuery.event.specialAll[type] )\n\t\t\t\t\t\t\tjQuery.event.specialAll[type].teardown.call(elem, namespaces);\n\n\t\t\t\t\t\t// remove generic event handler if no more handlers exist\n\t\t\t\t\t\tfor ( ret in events[type] ) break;\n\t\t\t\t\t\tif ( !ret ) {\n\t\t\t\t\t\t\tif ( !jQuery.event.special[type] || jQuery.event.special[type].teardown.call(elem, namespaces) === false ) {\n\t\t\t\t\t\t\t\tif (elem.removeEventListener)\n\t\t\t\t\t\t\t\t\telem.removeEventListener(type, jQuery.data(elem, \"handle\"), false);\n\t\t\t\t\t\t\t\telse if (elem.detachEvent)\n\t\t\t\t\t\t\t\t\telem.detachEvent(\"on\" + type, jQuery.data(elem, \"handle\"));\n\t\t\t\t\t\t\t}\n\t\t\t\t\t\t\tret = null;\n\t\t\t\t\t\t\tdelete events[type];\n\t\t\t\t\t\t}\n\t\t\t\t\t}\n\t\t\t\t});\n\t\t\t}\n\n\t\t\t// Remove the expando if it's no longer used\n\t\t\tfor ( ret in events ) break;\n\t\t\tif ( !ret ) {\n\t\t\t\tvar handle = jQuery.data( elem, \"handle\" );\n\t\t\t\tif ( handle ) handle.elem = null;\n\t\t\t\tjQuery.removeData( elem, \"events\" );\n\t\t\t\tjQuery.removeData( elem, \"handle\" );\n\t\t\t}\n\t\t}\n\t},\n\n\t// bubbling is internal\n\ttrigger: function( event, data, elem, bubbling ) {\n\t\t// Event object or event type\n\t\tvar type = event.type || event;\n\n\t\tif( !bubbling ){\n\t\t\tevent = typeof event === \"object\" ?\n\t\t\t\t// jQuery.Event object\n\t\t\t\tevent[expando] ? event :\n\t\t\t\t// Object literal\n\t\t\t\tjQuery.extend( jQuery.Event(type), event ) :\n\t\t\t\t// Just the event type (string)\n\t\t\t\tjQuery.Event(type);\n\n\t\t\tif ( type.indexOf(\"!\") >= 0 ) {\n\t\t\t\tevent.type = type = type.slice(0, -1);\n\t\t\t\tevent.exclusive = true;\n\t\t\t}\n\n\t\t\t// Handle a global trigger\n\t\t\tif ( !elem ) {\n\t\t\t\t// Don't bubble custom events when global (to avoid too much overhead)\n\t\t\t\tevent.stopPropagation();\n\t\t\t\t// Only trigger if we've ever bound an event for it\n\t\t\t\tif ( this.global[type] )\n\t\t\t\t\tjQuery.each( jQuery.cache, function(){\n\t\t\t\t\t\tif ( this.events && this.events[type] )\n\t\t\t\t\t\t\tjQuery.event.trigger( event, data, this.handle.elem );\n\t\t\t\t\t});\n\t\t\t}\n\n\t\t\t// Handle triggering a single element\n\n\t\t\t// don't do events on text and comment nodes\n\t\t\tif ( !elem || elem.nodeType == 3 || elem.nodeType == 8 )\n\t\t\t\treturn undefined;\n\t\t\t\n\t\t\t// Clean up in case it is reused\n\t\t\tevent.result = undefined;\n\t\t\tevent.target = elem;\n\t\t\t\n\t\t\t// Clone the incoming data, if any\n\t\t\tdata = jQuery.makeArray(data);\n\t\t\tdata.unshift( event );\n\t\t}\n\n\t\tevent.currentTarget = elem;\n\n\t\t// Trigger the event, it is assumed that \"handle\" is a function\n\t\tvar handle = jQuery.data(elem, \"handle\");\n\t\tif ( handle )\n\t\t\thandle.apply( elem, data );\n\n\t\t// Handle triggering native .onfoo handlers (and on links since we don't call .click() for links)\n\t\tif ( (!elem[type] || (jQuery.nodeName(elem, 'a') && type == \"click\")) && elem[\"on\"+type] && elem[\"on\"+type].apply( elem, data ) === false )\n\t\t\tevent.result = false;\n\n\t\t// Trigger the native events (except for clicks on links)\n\t\tif ( !bubbling && elem[type] && !event.isDefaultPrevented() && !(jQuery.nodeName(elem, 'a') && type == \"click\") ) {\n\t\t\tthis.triggered = true;\n\t\t\ttry {\n\t\t\t\telem[ type ]();\n\t\t\t// prevent IE from throwing an error for some hidden elements\n\t\t\t} catch (e) {}\n\t\t}\n\n\t\tthis.triggered = false;\n\n\t\tif ( !event.isPropagationStopped() ) {\n\t\t\tvar parent = elem.parentNode || elem.ownerDocument;\n\t\t\tif ( parent )\n\t\t\t\tjQuery.event.trigger(event, data, parent, true);\n\t\t}\n\t},\n\n\thandle: function(event) {\n\t\t// returned undefined or false\n\t\tvar all, handlers;\n\n\t\tevent = arguments[0] = jQuery.event.fix( event || window.event );\n\t\tevent.currentTarget = this;\n\t\t\n\t\t// Namespaced event handlers\n\t\tvar namespaces = event.type.split(\".\");\n\t\tevent.type = namespaces.shift();\n\n\t\t// Cache this now, all = true means, any handler\n\t\tall = !namespaces.length && !event.exclusive;\n\t\t\n\t\tvar namespace = RegExp(\"(^|\\\\.)\" + namespaces.slice().sort().join(\".*\\\\.\") + \"(\\\\.|$)\");\n\n\t\thandlers = ( jQuery.data(this, \"events\") || {} )[event.type];\n\n\t\tfor ( var j in handlers ) {\n\t\t\tvar handler = handlers[j];\n\n\t\t\t// Filter the functions by class\n\t\t\tif ( all || namespace.test(handler.type) ) {\n\t\t\t\t// Pass in a reference to the handler function itself\n\t\t\t\t// So that we can later remove it\n\t\t\t\tevent.handler = handler;\n\t\t\t\tevent.data = handler.data;\n\n\t\t\t\tvar ret = handler.apply(this, arguments);\n\n\t\t\t\tif( ret !== undefined ){\n\t\t\t\t\tevent.result = ret;\n\t\t\t\t\tif ( ret === false ) {\n\t\t\t\t\t\tevent.preventDefault();\n\t\t\t\t\t\tevent.stopPropagation();\n\t\t\t\t\t}\n\t\t\t\t}\n\n\t\t\t\tif( event.isImmediatePropagationStopped() )\n\t\t\t\t\tbreak;\n\n\t\t\t}\n\t\t}\n\t},\n\n\tprops: \"altKey attrChange attrName bubbles button cancelable charCode clientX clientY ctrlKey currentTarget data detail eventPhase fromElement handler keyCode metaKey newValue originalTarget pageX pageY prevValue relatedNode relatedTarget screenX screenY shiftKey srcElement target toElement view wheelDelta which\".split(\" \"),\n\n\tfix: function(event) {\n\t\tif ( event[expando] )\n\t\t\treturn event;\n\n\t\t// store a copy of the original event object\n\t\t// and \"clone\" to set read-only properties\n\t\tvar originalEvent = event;\n\t\tevent = jQuery.Event( originalEvent );\n\n\t\tfor ( var i = this.props.length, prop; i; ){\n\t\t\tprop = this.props[ --i ];\n\t\t\tevent[ prop ] = originalEvent[ prop ];\n\t\t}\n\n\t\t// Fix target property, if necessary\n\t\tif ( !event.target )\n\t\t\tevent.target = event.srcElement || document; // Fixes #1925 where srcElement might not be defined either\n\n\t\t// check if target is a textnode (safari)\n\t\tif ( event.target.nodeType == 3 )\n\t\t\tevent.target = event.target.parentNode;\n\n\t\t// Add relatedTarget, if necessary\n\t\tif ( !event.relatedTarget && event.fromElement )\n\t\t\tevent.relatedTarget = event.fromElement == event.target ? event.toElement : event.fromElement;\n\n\t\t// Calculate pageX/Y if missing and clientX/Y available\n\t\tif ( event.pageX == null && event.clientX != null ) {\n\t\t\tvar doc = document.documentElement, body = document.body;\n\t\t\tevent.pageX = event.clientX + (doc && doc.scrollLeft || body && body.scrollLeft || 0) - (doc.clientLeft || 0);\n\t\t\tevent.pageY = event.clientY + (doc && doc.scrollTop || body && body.scrollTop || 0) - (doc.clientTop || 0);\n\t\t}\n\n\t\t// Add which for key events\n\t\tif ( !event.which && ((event.charCode || event.charCode === 0) ? event.charCode : event.keyCode) )\n\t\t\tevent.which = event.charCode || event.keyCode;\n\n\t\t// Add metaKey to non-Mac browsers (use ctrl for PC's and Meta for Macs)\n\t\tif ( !event.metaKey && event.ctrlKey )\n\t\t\tevent.metaKey = event.ctrlKey;\n\n\t\t// Add which for click: 1 == left; 2 == middle; 3 == right\n\t\t// Note: button is not normalized, so don't use it\n\t\tif ( !event.which && event.button )\n\t\t\tevent.which = (event.button & 1 ? 1 : ( event.button & 2 ? 3 : ( event.button & 4 ? 2 : 0 ) ));\n\n\t\treturn event;\n\t},\n\n\tproxy: function( fn, proxy ){\n\t\tproxy = proxy || function(){ return fn.apply(this, arguments); };\n\t\t// Set the guid of unique handler to the same of original handler, so it can be removed\n\t\tproxy.guid = fn.guid = fn.guid || proxy.guid || this.guid++;\n\t\t// So proxy can be declared as an argument\n\t\treturn proxy;\n\t},\n\n\tspecial: {\n\t\tready: {\n\t\t\t// Make sure the ready event is setup\n\t\t\tsetup: bindReady,\n\t\t\tteardown: function() {}\n\t\t}\n\t},\n\t\n\tspecialAll: {\n\t\tlive: {\n\t\t\tsetup: function( selector, namespaces ){\n\t\t\t\tjQuery.event.add( this, namespaces[0], liveHandler );\n\t\t\t},\n\t\t\tteardown:  function( namespaces ){\n\t\t\t\tif ( namespaces.length ) {\n\t\t\t\t\tvar remove = 0, name = RegExp(\"(^|\\\\.)\" + namespaces[0] + \"(\\\\.|$)\");\n\t\t\t\t\t\n\t\t\t\t\tjQuery.each( (jQuery.data(this, \"events\").live || {}), function(){\n\t\t\t\t\t\tif ( name.test(this.type) )\n\t\t\t\t\t\t\tremove++;\n\t\t\t\t\t});\n\t\t\t\t\t\n\t\t\t\t\tif ( remove < 1 )\n\t\t\t\t\t\tjQuery.event.remove( this, namespaces[0], liveHandler );\n\t\t\t\t}\n\t\t\t}\n\t\t}\n\t}\n};\n\njQuery.Event = function( src ){\n\t// Allow instantiation without the 'new' keyword\n\tif( !this.preventDefault )\n\t\treturn new jQuery.Event(src);\n\t\n\t// Event object\n\tif( src && src.type ){\n\t\tthis.originalEvent = src;\n\t\tthis.type = src.type;\n\t// Event type\n\t}else\n\t\tthis.type = src;\n\n\t// timeStamp is buggy for some events on Firefox(#3843)\n\t// So we won't rely on the native value\n\tthis.timeStamp = now();\n\t\n\t// Mark it as fixed\n\tthis[expando] = true;\n};\n\nfunction returnFalse(){\n\treturn false;\n}\nfunction returnTrue(){\n\treturn true;\n}\n\n// jQuery.Event is based on DOM3 Events as specified by the ECMAScript Language Binding\n// http://www.w3.org/TR/2003/WD-DOM-Level-3-Events-20030331/ecma-script-binding.html\njQuery.Event.prototype = {\n\tpreventDefault: function() {\n\t\tthis.isDefaultPrevented = returnTrue;\n\n\t\tvar e = this.originalEvent;\n\t\tif( !e )\n\t\t\treturn;\n\t\t// if preventDefault exists run it on the original event\n\t\tif (e.preventDefault)\n\t\t\te.preventDefault();\n\t\t// otherwise set the returnValue property of the original event to false (IE)\n\t\te.returnValue = false;\n\t},\n\tstopPropagation: function() {\n\t\tthis.isPropagationStopped = returnTrue;\n\n\t\tvar e = this.originalEvent;\n\t\tif( !e )\n\t\t\treturn;\n\t\t// if stopPropagation exists run it on the original event\n\t\tif (e.stopPropagation)\n\t\t\te.stopPropagation();\n\t\t// otherwise set the cancelBubble property of the original event to true (IE)\n\t\te.cancelBubble = true;\n\t},\n\tstopImmediatePropagation:function(){\n\t\tthis.isImmediatePropagationStopped = returnTrue;\n\t\tthis.stopPropagation();\n\t},\n\tisDefaultPrevented: returnFalse,\n\tisPropagationStopped: returnFalse,\n\tisImmediatePropagationStopped: returnFalse\n};\n// Checks if an event happened on an element within another element\n// Used in jQuery.event.special.mouseenter and mouseleave handlers\nvar withinElement = function(event) {\n\t// Check if mouse(over|out) are still within the same parent element\n\tvar parent = event.relatedTarget;\n\t// Traverse up the tree\n\twhile ( parent && parent != this )\n\t\ttry { parent = parent.parentNode; }\n\t\tcatch(e) { parent = this; }\n\t\n\tif( parent != this ){\n\t\t// set the correct event type\n\t\tevent.type = event.data;\n\t\t// handle event if we actually just moused on to a non sub-element\n\t\tjQuery.event.handle.apply( this, arguments );\n\t}\n};\n\t\njQuery.each({ \n\tmouseover: 'mouseenter', \n\tmouseout: 'mouseleave'\n}, function( orig, fix ){\n\tjQuery.event.special[ fix ] = {\n\t\tsetup: function(){\n\t\t\tjQuery.event.add( this, orig, withinElement, fix );\n\t\t},\n\t\tteardown: function(){\n\t\t\tjQuery.event.remove( this, orig, withinElement );\n\t\t}\n\t};\t\t\t   \n});\n\njQuery.fn.extend({\n\tbind: function( type, data, fn ) {\n\t\treturn type == \"unload\" ? this.one(type, data, fn) : this.each(function(){\n\t\t\tjQuery.event.add( this, type, fn || data, fn && data );\n\t\t});\n\t},\n\n\tone: function( type, data, fn ) {\n\t\tvar one = jQuery.event.proxy( fn || data, function(event) {\n\t\t\tjQuery(this).unbind(event, one);\n\t\t\treturn (fn || data).apply( this, arguments );\n\t\t});\n\t\treturn this.each(function(){\n\t\t\tjQuery.event.add( this, type, one, fn && data);\n\t\t});\n\t},\n\n\tunbind: function( type, fn ) {\n\t\treturn this.each(function(){\n\t\t\tjQuery.event.remove( this, type, fn );\n\t\t});\n\t},\n\n\ttrigger: function( type, data ) {\n\t\treturn this.each(function(){\n\t\t\tjQuery.event.trigger( type, data, this );\n\t\t});\n\t},\n\n\ttriggerHandler: function( type, data ) {\n\t\tif( this[0] ){\n\t\t\tvar event = jQuery.Event(type);\n\t\t\tevent.preventDefault();\n\t\t\tevent.stopPropagation();\n\t\t\tjQuery.event.trigger( event, data, this[0] );\n\t\t\treturn event.result;\n\t\t}\t\t\n\t},\n\n\ttoggle: function( fn ) {\n\t\t// Save reference to arguments for access in closure\n\t\tvar args = arguments, i = 1;\n\n\t\t// link all the functions, so any of them can unbind this click handler\n\t\twhile( i < args.length )\n\t\t\tjQuery.event.proxy( fn, args[i++] );\n\n\t\treturn this.click( jQuery.event.proxy( fn, function(event) {\n\t\t\t// Figure out which function to execute\n\t\t\tthis.lastToggle = ( this.lastToggle || 0 ) % i;\n\n\t\t\t// Make sure that clicks stop\n\t\t\tevent.preventDefault();\n\n\t\t\t// and execute the function\n\t\t\treturn args[ this.lastToggle++ ].apply( this, arguments ) || false;\n\t\t}));\n\t},\n\n\thover: function(fnOver, fnOut) {\n\t\treturn this.mouseenter(fnOver).mouseleave(fnOut);\n\t},\n\n\tready: function(fn) {\n\t\t// Attach the listeners\n\t\tbindReady();\n\n\t\t// If the DOM is already ready\n\t\tif ( jQuery.isReady )\n\t\t\t// Execute the function immediately\n\t\t\tfn.call( document, jQuery );\n\n\t\t// Otherwise, remember the function for later\n\t\telse\n\t\t\t// Add the function to the wait list\n\t\t\tjQuery.readyList.push( fn );\n\n\t\treturn this;\n\t},\n\t\n\tlive: function( type, fn ){\n\t\tvar proxy = jQuery.event.proxy( fn );\n\t\tproxy.guid += this.selector + type;\n\n\t\tjQuery(document).bind( liveConvert(type, this.selector), this.selector, proxy );\n\n\t\treturn this;\n\t},\n\t\n\tdie: function( type, fn ){\n\t\tjQuery(document).unbind( liveConvert(type, this.selector), fn ? { guid: fn.guid + this.selector + type } : null );\n\t\treturn this;\n\t}\n});\n\nfunction liveHandler( event ){\n\tvar check = RegExp(\"(^|\\\\.)\" + event.type + \"(\\\\.|$)\"),\n\t\tstop = true,\n\t\telems = [];\n\n\tjQuery.each(jQuery.data(this, \"events\").live || [], function(i, fn){\n\t\tif ( check.test(fn.type) ) {\n\t\t\tvar elem = jQuery(event.target).closest(fn.data)[0];\n\t\t\tif ( elem )\n\t\t\t\telems.push({ elem: elem, fn: fn });\n\t\t}\n\t});\n\n\telems.sort(function(a,b) {\n\t\treturn jQuery.data(a.elem, \"closest\") - jQuery.data(b.elem, \"closest\");\n\t});\n\t\n\tjQuery.each(elems, function(){\n\t\tif ( this.fn.call(this.elem, event, this.fn.data) === false )\n\t\t\treturn (stop = false);\n\t});\n\n\treturn stop;\n}\n\nfunction liveConvert(type, selector){\n\treturn [\"live\", type, selector.replace(/\\./g, \"`\").replace(/ /g, \"|\")].join(\".\");\n}\n\njQuery.extend({\n\tisReady: false,\n\treadyList: [],\n\t// Handle when the DOM is ready\n\tready: function() {\n\t\t// Make sure that the DOM is not already loaded\n\t\tif ( !jQuery.isReady ) {\n\t\t\t// Remember that the DOM is ready\n\t\t\tjQuery.isReady = true;\n\n\t\t\t// If there are functions bound, to execute\n\t\t\tif ( jQuery.readyList ) {\n\t\t\t\t// Execute all of them\n\t\t\t\tjQuery.each( jQuery.readyList, function(){\n\t\t\t\t\tthis.call( document, jQuery );\n\t\t\t\t});\n\n\t\t\t\t// Reset the list of functions\n\t\t\t\tjQuery.readyList = null;\n\t\t\t}\n\n\t\t\t// Trigger any bound ready events\n\t\t\tjQuery(document).triggerHandler(\"ready\");\n\t\t}\n\t}\n});\n\nvar readyBound = false;\n\nfunction bindReady(){\n\tif ( readyBound ) return;\n\treadyBound = true;\n\n\t// Mozilla, Opera and webkit nightlies currently support this event\n\tif ( document.addEventListener ) {\n\t\t// Use the handy event callback\n\t\tdocument.addEventListener( \"DOMContentLoaded\", function(){\n\t\t\tdocument.removeEventListener( \"DOMContentLoaded\", arguments.callee, false );\n\t\t\tjQuery.ready();\n\t\t}, false );\n\n\t// If IE event model is used\n\t} else if ( document.attachEvent ) {\n\t\t// ensure firing before onload,\n\t\t// maybe late but safe also for iframes\n\t\tdocument.attachEvent(\"onreadystatechange\", function(){\n\t\t\tif ( document.readyState === \"complete\" ) {\n\t\t\t\tdocument.detachEvent( \"onreadystatechange\", arguments.callee );\n\t\t\t\tjQuery.ready();\n\t\t\t}\n\t\t});\n\n\t\t// If IE and not an iframe\n\t\t// continually check to see if the document is ready\n\t\tif ( document.documentElement.doScroll && window == window.top ) (function(){\n\t\t\tif ( jQuery.isReady ) return;\n\n\t\t\ttry {\n\t\t\t\t// If IE is used, use the trick by Diego Perini\n\t\t\t\t// http://javascript.nwbox.com/IEContentLoaded/\n\t\t\t\tdocument.documentElement.doScroll(\"left\");\n\t\t\t} catch( error ) {\n\t\t\t\tsetTimeout( arguments.callee, 0 );\n\t\t\t\treturn;\n\t\t\t}\n\n\t\t\t// and execute any waiting functions\n\t\t\tjQuery.ready();\n\t\t})();\n\t}\n\n\t// A fallback to window.onload, that will always work\n\tjQuery.event.add( window, \"load\", jQuery.ready );\n}\n\njQuery.each( (\"blur,focus,load,resize,scroll,unload,click,dblclick,\" +\n\t\"mousedown,mouseup,mousemove,mouseover,mouseout,mouseenter,mouseleave,\" +\n\t\"change,select,submit,keydown,keypress,keyup,error\").split(\",\"), function(i, name){\n\n\t// Handle event binding\n\tjQuery.fn[name] = function(fn){\n\t\treturn fn ? this.bind(name, fn) : this.trigger(name);\n\t};\n});\n\n// Prevent memory leaks in IE\n// And prevent errors on refresh with events like mouseover in other browsers\n// Window isn't included so as not to unbind existing unload events\njQuery( window ).bind( 'unload', function(){ \n\tfor ( var id in jQuery.cache )\n\t\t// Skip the window\n\t\tif ( id != 1 && jQuery.cache[ id ].handle )\n\t\t\tjQuery.event.remove( jQuery.cache[ id ].handle.elem );\n}); \n(function(){\n\n\tjQuery.support = {};\n\n\tvar root = document.documentElement,\n\t\tscript = document.createElement(\"script\"),\n\t\tdiv = document.createElement(\"div\"),\n\t\tid = \"script\" + (new Date).getTime();\n\n\tdiv.style.display = \"none\";\n\tdiv.innerHTML = '   <link/><table><\/table><a href=\"/a\" style=\"color:red;float:left;opacity:.5;\">a<\/a><select><option>text<\/option><\/select><object><param/><\/object>';\n\n\tvar all = div.getElementsByTagName(\"*\"),\n\t\ta = div.getElementsByTagName(\"a\")[0];\n\n\t// Can't get basic test support\n\tif ( !all || !all.length || !a ) {\n\t\treturn;\n\t}\n\n\tjQuery.support = {\n\t\t// IE strips leading whitespace when .innerHTML is used\n\t\tleadingWhitespace: div.firstChild.nodeType == 3,\n\t\t\n\t\t// Make sure that tbody elements aren't automatically inserted\n\t\t// IE will insert them into empty tables\n\t\ttbody: !div.getElementsByTagName(\"tbody\").length,\n\t\t\n\t\t// Make sure that you can get all elements in an <object> element\n\t\t// IE 7 always returns no results\n\t\tobjectAll: !!div.getElementsByTagName(\"object\")[0]\n\t\t\t.getElementsByTagName(\"*\").length,\n\t\t\n\t\t// Make sure that link elements get serialized correctly by innerHTML\n\t\t// This requires a wrapper element in IE\n\t\thtmlSerialize: !!div.getElementsByTagName(\"link\").length,\n\t\t\n\t\t// Get the style information from getAttribute\n\t\t// (IE uses .cssText insted)\n\t\tstyle: /red/.test( a.getAttribute(\"style\") ),\n\t\t\n\t\t// Make sure that URLs aren't manipulated\n\t\t// (IE normalizes it by default)\n\t\threfNormalized: a.getAttribute(\"href\") === \"/a\",\n\t\t\n\t\t// Make sure that element opacity exists\n\t\t// (IE uses filter instead)\n\t\topacity: a.style.opacity === \"0.5\",\n\t\t\n\t\t// Verify style float existence\n\t\t// (IE uses styleFloat instead of cssFloat)\n\t\tcssFloat: !!a.style.cssFloat,\n\n\t\t// Will be defined later\n\t\tscriptEval: false,\n\t\tnoCloneEvent: true,\n\t\tboxModel: null\n\t};\n\t\n\tscript.type = \"text/javascript\";\n\ttry {\n\t\tscript.appendChild( document.createTextNode( \"window.\" + id + \"=1;\" ) );\n\t} catch(e){}\n\n\troot.insertBefore( script, root.firstChild );\n\t\n\t// Make sure that the execution of code works by injecting a script\n\t// tag with appendChild/createTextNode\n\t// (IE doesn't support this, fails, and uses .text instead)\n\tif ( window[ id ] ) {\n\t\tjQuery.support.scriptEval = true;\n\t\tdelete window[ id ];\n\t}\n\n\troot.removeChild( script );\n\n\tif ( div.attachEvent && div.fireEvent ) {\n\t\tdiv.attachEvent(\"onclick\", function(){\n\t\t\t// Cloning a node shouldn't copy over any\n\t\t\t// bound event handlers (IE does this)\n\t\t\tjQuery.support.noCloneEvent = false;\n\t\t\tdiv.detachEvent(\"onclick\", arguments.callee);\n\t\t});\n\t\tdiv.cloneNode(true).fireEvent(\"onclick\");\n\t}\n\n\t// Figure out if the W3C box model works as expected\n\t// document.body must exist before we can do this\n\tjQuery(function(){\n\t\tvar div = document.createElement(\"div\");\n\t\tdiv.style.width = div.style.paddingLeft = \"1px\";\n\n\t\tdocument.body.appendChild( div );\n\t\tjQuery.boxModel = jQuery.support.boxModel = div.offsetWidth === 2;\n\t\tdocument.body.removeChild( div ).style.display = 'none';\n\t});\n})();\n\nvar styleFloat = jQuery.support.cssFloat ? \"cssFloat\" : \"styleFloat\";\n\njQuery.props = {\n\t\"for\": \"htmlFor\",\n\t\"class\": \"className\",\n\t\"float\": styleFloat,\n\tcssFloat: styleFloat,\n\tstyleFloat: styleFloat,\n\treadonly: \"readOnly\",\n\tmaxlength: \"maxLength\",\n\tcellspacing: \"cellSpacing\",\n\trowspan: \"rowSpan\",\n\ttabindex: \"tabIndex\"\n};\njQuery.fn.extend({\n\t// Keep a copy of the old load\n\t_load: jQuery.fn.load,\n\n\tload: function( url, params, callback ) {\n\t\tif ( typeof url !== \"string\" )\n\t\t\treturn this._load( url );\n\n\t\tvar off = url.indexOf(\" \");\n\t\tif ( off >= 0 ) {\n\t\t\tvar selector = url.slice(off, url.length);\n\t\t\turl = url.slice(0, off);\n\t\t}\n\n\t\t// Default to a GET request\n\t\tvar type = \"GET\";\n\n\t\t// If the second parameter was provided\n\t\tif ( params )\n\t\t\t// If it's a function\n\t\t\tif ( jQuery.isFunction( params ) ) {\n\t\t\t\t// We assume that it's the callback\n\t\t\t\tcallback = params;\n\t\t\t\tparams = null;\n\n\t\t\t// Otherwise, build a param string\n\t\t\t} else if( typeof params === \"object\" ) {\n\t\t\t\tparams = jQuery.param( params );\n\t\t\t\ttype = \"POST\";\n\t\t\t}\n\n\t\tvar self = this;\n\n\t\t// Request the remote document\n\t\tjQuery.ajax({\n\t\t\turl: url,\n\t\t\ttype: type,\n\t\t\tdataType: \"html\",\n\t\t\tdata: params,\n\t\t\tcomplete: function(res, status){\n\t\t\t\t// If successful, inject the HTML into all the matched elements\n\t\t\t\tif ( status == \"success\" || status == \"notmodified\" )\n\t\t\t\t\t// See if a selector was specified\n\t\t\t\t\tself.html( selector ?\n\t\t\t\t\t\t// Create a dummy div to hold the results\n\t\t\t\t\t\tjQuery(\"<div/>\")\n\t\t\t\t\t\t\t// inject the contents of the document in, removing the scripts\n\t\t\t\t\t\t\t// to avoid any 'Permission Denied' errors in IE\n\t\t\t\t\t\t\t.append(res.responseText.replace(/<script(.|\\s)*?\\/script>/g, \"\"))\n\n\t\t\t\t\t\t\t// Locate the specified elements\n\t\t\t\t\t\t\t.find(selector) :\n\n\t\t\t\t\t\t// If not, just inject the full result\n\t\t\t\t\t\tres.responseText );\n\n\t\t\t\tif( callback )\n\t\t\t\t\tself.each( callback, [res.responseText, status, res] );\n\t\t\t}\n\t\t});\n\t\treturn this;\n\t},\n\n\tserialize: function() {\n\t\treturn jQuery.param(this.serializeArray());\n\t},\n\tserializeArray: function() {\n\t\treturn this.map(function(){\n\t\t\treturn this.elements ? jQuery.makeArray(this.elements) : this;\n\t\t})\n\t\t.filter(function(){\n\t\t\treturn this.name && !this.disabled &&\n\t\t\t\t(this.checked || /select|textarea/i.test(this.nodeName) ||\n\t\t\t\t\t/text|hidden|password|search/i.test(this.type));\n\t\t})\n\t\t.map(function(i, elem){\n\t\t\tvar val = jQuery(this).val();\n\t\t\treturn val == null ? null :\n\t\t\t\tjQuery.isArray(val) ?\n\t\t\t\t\tjQuery.map( val, function(val, i){\n\t\t\t\t\t\treturn {name: elem.name, value: val};\n\t\t\t\t\t}) :\n\t\t\t\t\t{name: elem.name, value: val};\n\t\t}).get();\n\t}\n});\n\n// Attach a bunch of functions for handling common AJAX events\njQuery.each( \"ajaxStart,ajaxStop,ajaxComplete,ajaxError,ajaxSuccess,ajaxSend\".split(\",\"), function(i,o){\n\tjQuery.fn[o] = function(f){\n\t\treturn this.bind(o, f);\n\t};\n});\n\nvar jsc = now();\n\njQuery.extend({\n  \n\tget: function( url, data, callback, type ) {\n\t\t// shift arguments if data argument was ommited\n\t\tif ( jQuery.isFunction( data ) ) {\n\t\t\tcallback = data;\n\t\t\tdata = null;\n\t\t}\n\n\t\treturn jQuery.ajax({\n\t\t\ttype: \"GET\",\n\t\t\turl: url,\n\t\t\tdata: data,\n\t\t\tsuccess: callback,\n\t\t\tdataType: type\n\t\t});\n\t},\n\n\tgetScript: function( url, callback ) {\n\t\treturn jQuery.get(url, null, callback, \"script\");\n\t},\n\n\tgetJSON: function( url, data, callback ) {\n\t\treturn jQuery.get(url, data, callback, \"json\");\n\t},\n\n\tpost: function( url, data, callback, type ) {\n\t\tif ( jQuery.isFunction( data ) ) {\n\t\t\tcallback = data;\n\t\t\tdata = {};\n\t\t}\n\n\t\treturn jQuery.ajax({\n\t\t\ttype: \"POST\",\n\t\t\turl: url,\n\t\t\tdata: data,\n\t\t\tsuccess: callback,\n\t\t\tdataType: type\n\t\t});\n\t},\n\n\tajaxSetup: function( settings ) {\n\t\tjQuery.extend( jQuery.ajaxSettings, settings );\n\t},\n\n\tajaxSettings: {\n\t\turl: location.href,\n\t\tglobal: true,\n\t\ttype: \"GET\",\n\t\tcontentType: \"application/x-www-form-urlencoded\",\n\t\tprocessData: true,\n\t\tasync: true,\n\t\t/*\n\t\ttimeout: 0,\n\t\tdata: null,\n\t\tusername: null,\n\t\tpassword: null,\n\t\t*/\n\t\t// Create the request object; Microsoft failed to properly\n\t\t// implement the XMLHttpRequest in IE7, so we use the ActiveXObject when it is available\n\t\t// This function can be overriden by calling jQuery.ajaxSetup\n\t\txhr:function(){\n\t\t\treturn window.ActiveXObject ? new ActiveXObject(\"Microsoft.XMLHTTP\") : new XMLHttpRequest();\n\t\t},\n\t\taccepts: {\n\t\t\txml: \"application/xml, text/xml\",\n\t\t\thtml: \"text/html\",\n\t\t\tscript: \"text/javascript, application/javascript\",\n\t\t\tjson: \"application/json, text/javascript\",\n\t\t\ttext: \"text/plain\",\n\t\t\t_default: \"*/*\"\n\t\t}\n\t},\n\n\t// Last-Modified header cache for next request\n\tlastModified: {},\n\n\tajax: function( s ) {\n\t\t// Extend the settings, but re-extend 's' so that it can be\n\t\t// checked again later (in the test suite, specifically)\n\t\ts = jQuery.extend(true, s, jQuery.extend(true, {}, jQuery.ajaxSettings, s));\n\n\t\tvar jsonp, jsre = /=\\?(&|$)/g, status, data,\n\t\t\ttype = s.type.toUpperCase();\n\n\t\t// convert data if not already a string\n\t\tif ( s.data && s.processData && typeof s.data !== \"string\" )\n\t\t\ts.data = jQuery.param(s.data);\n\n\t\t// Handle JSONP Parameter Callbacks\n\t\tif ( s.dataType == \"jsonp\" ) {\n\t\t\tif ( type == \"GET\" ) {\n\t\t\t\tif ( !s.url.match(jsre) )\n\t\t\t\t\ts.url += (s.url.match(/\\?/) ? \"&\" : \"?\") + (s.jsonp || \"callback\") + \"=?\";\n\t\t\t} else if ( !s.data || !s.data.match(jsre) )\n\t\t\t\ts.data = (s.data ? s.data + \"&\" : \"\") + (s.jsonp || \"callback\") + \"=?\";\n\t\t\ts.dataType = \"json\";\n\t\t}\n\n\t\t// Build temporary JSONP function\n\t\tif ( s.dataType == \"json\" && (s.data && s.data.match(jsre) || s.url.match(jsre)) ) {\n\t\t\tjsonp = \"jsonp\" + jsc++;\n\n\t\t\t// Replace the =? sequence both in the query string and the data\n\t\t\tif ( s.data )\n\t\t\t\ts.data = (s.data + \"\").replace(jsre, \"=\" + jsonp + \"$1\");\n\t\t\ts.url = s.url.replace(jsre, \"=\" + jsonp + \"$1\");\n\n\t\t\t// We need to make sure\n\t\t\t// that a JSONP style response is executed properly\n\t\t\ts.dataType = \"script\";\n\n\t\t\t// Handle JSONP-style loading\n\t\t\twindow[ jsonp ] = function(tmp){\n\t\t\t\tdata = tmp;\n\t\t\t\tsuccess();\n\t\t\t\tcomplete();\n\t\t\t\t// Garbage collect\n\t\t\t\twindow[ jsonp ] = undefined;\n\t\t\t\ttry{ delete window[ jsonp ]; } catch(e){}\n\t\t\t\tif ( head )\n\t\t\t\t\thead.removeChild( script );\n\t\t\t};\n\t\t}\n\n\t\tif ( s.dataType == \"script\" && s.cache == null )\n\t\t\ts.cache = false;\n\n\t\tif ( s.cache === false && type == \"GET\" ) {\n\t\t\tvar ts = now();\n\t\t\t// try replacing _= if it is there\n\t\t\tvar ret = s.url.replace(/(\\?|&)_=.*?(&|$)/, \"$1_=\" + ts + \"$2\");\n\t\t\t// if nothing was replaced, add timestamp to the end\n\t\t\ts.url = ret + ((ret == s.url) ? (s.url.match(/\\?/) ? \"&\" : \"?\") + \"_=\" + ts : \"\");\n\t\t}\n\n\t\t// If data is available, append data to url for get requests\n\t\tif ( s.data && type == \"GET\" ) {\n\t\t\ts.url += (s.url.match(/\\?/) ? \"&\" : \"?\") + s.data;\n\n\t\t\t// IE likes to send both get and post data, prevent this\n\t\t\ts.data = null;\n\t\t}\n\n\t\t// Watch for a new set of requests\n\t\tif ( s.global && ! jQuery.active++ )\n\t\t\tjQuery.event.trigger( \"ajaxStart\" );\n\n\t\t// Matches an absolute URL, and saves the domain\n\t\tvar parts = /^(\\w+:)?\\/\\/([^\\/?#]+)/.exec( s.url );\n\n\t\t// If we're requesting a remote document\n\t\t// and trying to load JSON or Script with a GET\n\t\tif ( s.dataType == \"script\" && type == \"GET\" && parts\n\t\t\t&& ( parts[1] && parts[1] != location.protocol || parts[2] != location.host )){\n\n\t\t\tvar head = document.getElementsByTagName(\"head\")[0];\n\t\t\tvar script = document.createElement(\"script\");\n\t\t\tscript.src = s.url;\n\t\t\tif (s.scriptCharset)\n\t\t\t\tscript.charset = s.scriptCharset;\n\n\t\t\t// Handle Script loading\n\t\t\tif ( !jsonp ) {\n\t\t\t\tvar done = false;\n\n\t\t\t\t// Attach handlers for all browsers\n\t\t\t\tscript.onload = script.onreadystatechange = function(){\n\t\t\t\t\tif ( !done && (!this.readyState ||\n\t\t\t\t\t\t\tthis.readyState == \"loaded\" || this.readyState == \"complete\") ) {\n\t\t\t\t\t\tdone = true;\n\t\t\t\t\t\tsuccess();\n\t\t\t\t\t\tcomplete();\n\n\t\t\t\t\t\t// Handle memory leak in IE\n\t\t\t\t\t\tscript.onload = script.onreadystatechange = null;\n\t\t\t\t\t\thead.removeChild( script );\n\t\t\t\t\t}\n\t\t\t\t};\n\t\t\t}\n\n\t\t\thead.appendChild(script);\n\n\t\t\t// We handle everything using the script element injection\n\t\t\treturn undefined;\n\t\t}\n\n\t\tvar requestDone = false;\n\n\t\t// Create the request object\n\t\tvar xhr = s.xhr();\n\n\t\t// Open the socket\n\t\t// Passing null username, generates a login popup on Opera (#2865)\n\t\tif( s.username )\n\t\t\txhr.open(type, s.url, s.async, s.username, s.password);\n\t\telse\n\t\t\txhr.open(type, s.url, s.async);\n\n\t\t// Need an extra try/catch for cross domain requests in Firefox 3\n\t\ttry {\n\t\t\t// Set the correct header, if data is being sent\n\t\t\tif ( s.data )\n\t\t\t\txhr.setRequestHeader(\"Content-Type\", s.contentType);\n\n\t\t\t// Set the If-Modified-Since header, if ifModified mode.\n\t\t\tif ( s.ifModified )\n\t\t\t\txhr.setRequestHeader(\"If-Modified-Since\",\n\t\t\t\t\tjQuery.lastModified[s.url] || \"Thu, 01 Jan 1970 00:00:00 GMT\" );\n\n\t\t\t// Set header so the called script knows that it's an XMLHttpRequest\n\t\t\txhr.setRequestHeader(\"X-Requested-With\", \"XMLHttpRequest\");\n\n\t\t\t// Set the Accepts header for the server, depending on the dataType\n\t\t\txhr.setRequestHeader(\"Accept\", s.dataType && s.accepts[ s.dataType ] ?\n\t\t\t\ts.accepts[ s.dataType ] + \", */*\" :\n\t\t\t\ts.accepts._default );\n\t\t} catch(e){}\n\n\t\t// Allow custom headers/mimetypes and early abort\n\t\tif ( s.beforeSend && s.beforeSend(xhr, s) === false ) {\n\t\t\t// Handle the global AJAX counter\n\t\t\tif ( s.global && ! --jQuery.active )\n\t\t\t\tjQuery.event.trigger( \"ajaxStop\" );\n\t\t\t// close opended socket\n\t\t\txhr.abort();\n\t\t\treturn false;\n\t\t}\n\n\t\tif ( s.global )\n\t\t\tjQuery.event.trigger(\"ajaxSend\", [xhr, s]);\n\n\t\t// Wait for a response to come back\n\t\tvar onreadystatechange = function(isTimeout){\n\t\t\t// The request was aborted, clear the interval and decrement jQuery.active\n\t\t\tif (xhr.readyState == 0) {\n\t\t\t\tif (ival) {\n\t\t\t\t\t// clear poll interval\n\t\t\t\t\tclearInterval(ival);\n\t\t\t\t\tival = null;\n\t\t\t\t\t// Handle the global AJAX counter\n\t\t\t\t\tif ( s.global && ! --jQuery.active )\n\t\t\t\t\t\tjQuery.event.trigger( \"ajaxStop\" );\n\t\t\t\t}\n\t\t\t// The transfer is complete and the data is available, or the request timed out\n\t\t\t} else if ( !requestDone && xhr && (xhr.readyState == 4 || isTimeout == \"timeout\") ) {\n\t\t\t\trequestDone = true;\n\n\t\t\t\t// clear poll interval\n\t\t\t\tif (ival) {\n\t\t\t\t\tclearInterval(ival);\n\t\t\t\t\tival = null;\n\t\t\t\t}\n\n\t\t\t\tstatus = isTimeout == \"timeout\" ? \"timeout\" :\n\t\t\t\t\t!jQuery.httpSuccess( xhr ) ? \"error\" :\n\t\t\t\t\ts.ifModified && jQuery.httpNotModified( xhr, s.url ) ? \"notmodified\" :\n\t\t\t\t\t\"success\";\n\n\t\t\t\tif ( status == \"success\" ) {\n\t\t\t\t\t// Watch for, and catch, XML document parse errors\n\t\t\t\t\ttry {\n\t\t\t\t\t\t// process the data (runs the xml through httpData regardless of callback)\n\t\t\t\t\t\tdata = jQuery.httpData( xhr, s.dataType, s );\n\t\t\t\t\t} catch(e) {\n\t\t\t\t\t\tstatus = \"parsererror\";\n\t\t\t\t\t}\n\t\t\t\t}\n\n\t\t\t\t// Make sure that the request was successful or notmodified\n\t\t\t\tif ( status == \"success\" ) {\n\t\t\t\t\t// Cache Last-Modified header, if ifModified mode.\n\t\t\t\t\tvar modRes;\n\t\t\t\t\ttry {\n\t\t\t\t\t\tmodRes = xhr.getResponseHeader(\"Last-Modified\");\n\t\t\t\t\t} catch(e) {} // swallow exception thrown by FF if header is not available\n\n\t\t\t\t\tif ( s.ifModified && modRes )\n\t\t\t\t\t\tjQuery.lastModified[s.url] = modRes;\n\n\t\t\t\t\t// JSONP handles its own success callback\n\t\t\t\t\tif ( !jsonp )\n\t\t\t\t\t\tsuccess();\n\t\t\t\t} else\n\t\t\t\t\tjQuery.handleError(s, xhr, status);\n\n\t\t\t\t// Fire the complete handlers\n\t\t\t\tcomplete();\n\n\t\t\t\tif ( isTimeout )\n\t\t\t\t\txhr.abort();\n\n\t\t\t\t// Stop memory leaks\n\t\t\t\tif ( s.async )\n\t\t\t\t\txhr = null;\n\t\t\t}\n\t\t};\n\n\t\tif ( s.async ) {\n\t\t\t// don't attach the handler to the request, just poll it instead\n\t\t\tvar ival = setInterval(onreadystatechange, 13);\n\n\t\t\t// Timeout checker\n\t\t\tif ( s.timeout > 0 )\n\t\t\t\tsetTimeout(function(){\n\t\t\t\t\t// Check to see if the request is still happening\n\t\t\t\t\tif ( xhr && !requestDone )\n\t\t\t\t\t\tonreadystatechange( \"timeout\" );\n\t\t\t\t}, s.timeout);\n\t\t}\n\n\t\t// Send the data\n\t\ttry {\n\t\t\txhr.send(s.data);\n\t\t} catch(e) {\n\t\t\tjQuery.handleError(s, xhr, null, e);\n\t\t}\n\n\t\t// firefox 1.5 doesn't fire statechange for sync requests\n\t\tif ( !s.async )\n\t\t\tonreadystatechange();\n\n\t\tfunction success(){\n\t\t\t// If a local callback was specified, fire it and pass it the data\n\t\t\tif ( s.success )\n\t\t\t\ts.success( data, status );\n\n\t\t\t// Fire the global callback\n\t\t\tif ( s.global )\n\t\t\t\tjQuery.event.trigger( \"ajaxSuccess\", [xhr, s] );\n\t\t}\n\n\t\tfunction complete(){\n\t\t\t// Process result\n\t\t\tif ( s.complete )\n\t\t\t\ts.complete(xhr, status);\n\n\t\t\t// The request was completed\n\t\t\tif ( s.global )\n\t\t\t\tjQuery.event.trigger( \"ajaxComplete\", [xhr, s] );\n\n\t\t\t// Handle the global AJAX counter\n\t\t\tif ( s.global && ! --jQuery.active )\n\t\t\t\tjQuery.event.trigger( \"ajaxStop\" );\n\t\t}\n\n\t\t// return XMLHttpRequest to allow aborting the request etc.\n\t\treturn xhr;\n\t},\n\n\thandleError: function( s, xhr, status, e ) {\n\t\t// If a local callback was specified, fire it\n\t\tif ( s.error ) s.error( xhr, status, e );\n\n\t\t// Fire the global callback\n\t\tif ( s.global )\n\t\t\tjQuery.event.trigger( \"ajaxError\", [xhr, s, e] );\n\t},\n\n\t// Counter for holding the number of active queries\n\tactive: 0,\n\n\t// Determines if an XMLHttpRequest was successful or not\n\thttpSuccess: function( xhr ) {\n\t\ttry {\n\t\t\t// IE error sometimes returns 1223 when it should be 204 so treat it as success, see #1450\n\t\t\treturn !xhr.status && location.protocol == \"file:\" ||\n\t\t\t\t( xhr.status >= 200 && xhr.status < 300 ) || xhr.status == 304 || xhr.status == 1223;\n\t\t} catch(e){}\n\t\treturn false;\n\t},\n\n\t// Determines if an XMLHttpRequest returns NotModified\n\thttpNotModified: function( xhr, url ) {\n\t\ttry {\n\t\t\tvar xhrRes = xhr.getResponseHeader(\"Last-Modified\");\n\n\t\t\t// Firefox always returns 200. check Last-Modified date\n\t\t\treturn xhr.status == 304 || xhrRes == jQuery.lastModified[url];\n\t\t} catch(e){}\n\t\treturn false;\n\t},\n\n\thttpData: function( xhr, type, s ) {\n\t\tvar ct = xhr.getResponseHeader(\"content-type\"),\n\t\t\txml = type == \"xml\" || !type && ct && ct.indexOf(\"xml\") >= 0,\n\t\t\tdata = xml ? xhr.responseXML : xhr.responseText;\n\n\t\tif ( xml && data.documentElement.tagName == \"parsererror\" )\n\t\t\tthrow \"parsererror\";\n\t\t\t\n\t\t// Allow a pre-filtering function to sanitize the response\n\t\t// s != null is checked to keep backwards compatibility\n\t\tif( s && s.dataFilter )\n\t\t\tdata = s.dataFilter( data, type );\n\n\t\t// The filter can actually parse the response\n\t\tif( typeof data === \"string\" ){\n\n\t\t\t// If the type is \"script\", eval it in global context\n\t\t\tif ( type == \"script\" )\n\t\t\t\tjQuery.globalEval( data );\n\n\t\t\t// Get the JavaScript object, if JSON is used.\n\t\t\tif ( type == \"json\" )\n\t\t\t\tdata = window[\"eval\"](\"(\" + data + \")\");\n\t\t}\n\t\t\n\t\treturn data;\n\t},\n\n\t// Serialize an array of form elements or a set of\n\t// key/values into a query string\n\tparam: function( a ) {\n\t\tvar s = [ ];\n\n\t\tfunction add( key, value ){\n\t\t\ts[ s.length ] = encodeURIComponent(key) + '=' + encodeURIComponent(value);\n\t\t};\n\n\t\t// If an array was passed in, assume that it is an array\n\t\t// of form elements\n\t\tif ( jQuery.isArray(a) || a.jquery )\n\t\t\t// Serialize the form elements\n\t\t\tjQuery.each( a, function(){\n\t\t\t\tadd( this.name, this.value );\n\t\t\t});\n\n\t\t// Otherwise, assume that it's an object of key/value pairs\n\t\telse\n\t\t\t// Serialize the key/values\n\t\t\tfor ( var j in a )\n\t\t\t\t// If the value is an array then the key names need to be repeated\n\t\t\t\tif ( jQuery.isArray(a[j]) )\n\t\t\t\t\tjQuery.each( a[j], function(){\n\t\t\t\t\t\tadd( j, this );\n\t\t\t\t\t});\n\t\t\t\telse\n\t\t\t\t\tadd( j, jQuery.isFunction(a[j]) ? a[j]() : a[j] );\n\n\t\t// Return the resulting serialization\n\t\treturn s.join(\"&\").replace(/%20/g, \"+\");\n\t}\n\n});\nvar elemdisplay = {},\n\ttimerId,\n\tfxAttrs = [\n\t\t// height animations\n\t\t[ \"height\", \"marginTop\", \"marginBottom\", \"paddingTop\", \"paddingBottom\" ],\n\t\t// width animations\n\t\t[ \"width\", \"marginLeft\", \"marginRight\", \"paddingLeft\", \"paddingRight\" ],\n\t\t// opacity animations\n\t\t[ \"opacity\" ]\n\t];\n\nfunction genFx( type, num ){\n\tvar obj = {};\n\tjQuery.each( fxAttrs.concat.apply([], fxAttrs.slice(0,num)), function(){\n\t\tobj[ this ] = type;\n\t});\n\treturn obj;\n}\n\njQuery.fn.extend({\n\tshow: function(speed,callback){\n\t\tif ( speed ) {\n\t\t\treturn this.animate( genFx(\"show\", 3), speed, callback);\n\t\t} else {\n\t\t\tfor ( var i = 0, l = this.length; i < l; i++ ){\n\t\t\t\tvar old = jQuery.data(this[i], \"olddisplay\");\n\t\t\t\t\n\t\t\t\tthis[i].style.display = old || \"\";\n\t\t\t\t\n\t\t\t\tif ( jQuery.css(this[i], \"display\") === \"none\" ) {\n\t\t\t\t\tvar tagName = this[i].tagName, display;\n\t\t\t\t\t\n\t\t\t\t\tif ( elemdisplay[ tagName ] ) {\n\t\t\t\t\t\tdisplay = elemdisplay[ tagName ];\n\t\t\t\t\t} else {\n\t\t\t\t\t\tvar elem = jQuery(\"<\" + tagName + \" />\").appendTo(\"body\");\n\t\t\t\t\t\t\n\t\t\t\t\t\tdisplay = elem.css(\"display\");\n\t\t\t\t\t\tif ( display === \"none\" )\n\t\t\t\t\t\t\tdisplay = \"block\";\n\t\t\t\t\t\t\n\t\t\t\t\t\telem.remove();\n\t\t\t\t\t\t\n\t\t\t\t\t\telemdisplay[ tagName ] = display;\n\t\t\t\t\t}\n\t\t\t\t\t\n\t\t\t\t\tjQuery.data(this[i], \"olddisplay\", display);\n\t\t\t\t}\n\t\t\t}\n\n\t\t\t// Set the display of the elements in a second loop\n\t\t\t// to avoid the constant reflow\n\t\t\tfor ( var i = 0, l = this.length; i < l; i++ ){\n\t\t\t\tthis[i].style.display = jQuery.data(this[i], \"olddisplay\") || \"\";\n\t\t\t}\n\t\t\t\n\t\t\treturn this;\n\t\t}\n\t},\n\n\thide: function(speed,callback){\n\t\tif ( speed ) {\n\t\t\treturn this.animate( genFx(\"hide\", 3), speed, callback);\n\t\t} else {\n\t\t\tfor ( var i = 0, l = this.length; i < l; i++ ){\n\t\t\t\tvar old = jQuery.data(this[i], \"olddisplay\");\n\t\t\t\tif ( !old && old !== \"none\" )\n\t\t\t\t\tjQuery.data(this[i], \"olddisplay\", jQuery.css(this[i], \"display\"));\n\t\t\t}\n\n\t\t\t// Set the display of the elements in a second loop\n\t\t\t// to avoid the constant reflow\n\t\t\tfor ( var i = 0, l = this.length; i < l; i++ ){\n\t\t\t\tthis[i].style.display = \"none\";\n\t\t\t}\n\n\t\t\treturn this;\n\t\t}\n\t},\n\n\t// Save the old toggle function\n\t_toggle: jQuery.fn.toggle,\n\n\ttoggle: function( fn, fn2 ){\n\t\tvar bool = typeof fn === \"boolean\";\n\n\t\treturn jQuery.isFunction(fn) && jQuery.isFunction(fn2) ?\n\t\t\tthis._toggle.apply( this, arguments ) :\n\t\t\tfn == null || bool ?\n\t\t\t\tthis.each(function(){\n\t\t\t\t\tvar state = bool ? fn : jQuery(this).is(\":hidden\");\n\t\t\t\t\tjQuery(this)[ state ? \"show\" : \"hide\" ]();\n\t\t\t\t}) :\n\t\t\t\tthis.animate(genFx(\"toggle\", 3), fn, fn2);\n\t},\n\n\tfadeTo: function(speed,to,callback){\n\t\treturn this.animate({opacity: to}, speed, callback);\n\t},\n\n\tanimate: function( prop, speed, easing, callback ) {\n\t\tvar optall = jQuery.speed(speed, easing, callback);\n\n\t\treturn this[ optall.queue === false ? \"each\" : \"queue\" ](function(){\n\t\t\n\t\t\tvar opt = jQuery.extend({}, optall), p,\n\t\t\t\thidden = this.nodeType == 1 && jQuery(this).is(\":hidden\"),\n\t\t\t\tself = this;\n\t\n\t\t\tfor ( p in prop ) {\n\t\t\t\tif ( prop[p] == \"hide\" && hidden || prop[p] == \"show\" && !hidden )\n\t\t\t\t\treturn opt.complete.call(this);\n\n\t\t\t\tif ( ( p == \"height\" || p == \"width\" ) && this.style ) {\n\t\t\t\t\t// Store display property\n\t\t\t\t\topt.display = jQuery.css(this, \"display\");\n\n\t\t\t\t\t// Make sure that nothing sneaks out\n\t\t\t\t\topt.overflow = this.style.overflow;\n\t\t\t\t}\n\t\t\t}\n\n\t\t\tif ( opt.overflow != null )\n\t\t\t\tthis.style.overflow = \"hidden\";\n\n\t\t\topt.curAnim = jQuery.extend({}, prop);\n\n\t\t\tjQuery.each( prop, function(name, val){\n\t\t\t\tvar e = new jQuery.fx( self, opt, name );\n\n\t\t\t\tif ( /toggle|show|hide/.test(val) )\n\t\t\t\t\te[ val == \"toggle\" ? hidden ? \"show\" : \"hide\" : val ]( prop );\n\t\t\t\telse {\n\t\t\t\t\tvar parts = val.toString().match(/^([+-]=)?([\\d+-.]+)(.*)$/),\n\t\t\t\t\t\tstart = e.cur(true) || 0;\n\n\t\t\t\t\tif ( parts ) {\n\t\t\t\t\t\tvar end = parseFloat(parts[2]),\n\t\t\t\t\t\t\tunit = parts[3] || \"px\";\n\n\t\t\t\t\t\t// We need to compute starting value\n\t\t\t\t\t\tif ( unit != \"px\" ) {\n\t\t\t\t\t\t\tself.style[ name ] = (end || 1) + unit;\n\t\t\t\t\t\t\tstart = ((end || 1) / e.cur(true)) * start;\n\t\t\t\t\t\t\tself.style[ name ] = start + unit;\n\t\t\t\t\t\t}\n\n\t\t\t\t\t\t// If a +=/-= token was provided, we're doing a relative animation\n\t\t\t\t\t\tif ( parts[1] )\n\t\t\t\t\t\t\tend = ((parts[1] == \"-=\" ? -1 : 1) * end) + start;\n\n\t\t\t\t\t\te.custom( start, end, unit );\n\t\t\t\t\t} else\n\t\t\t\t\t\te.custom( start, val, \"\" );\n\t\t\t\t}\n\t\t\t});\n\n\t\t\t// For JS strict compliance\n\t\t\treturn true;\n\t\t});\n\t},\n\n\tstop: function(clearQueue, gotoEnd){\n\t\tvar timers = jQuery.timers;\n\n\t\tif (clearQueue)\n\t\t\tthis.queue([]);\n\n\t\tthis.each(function(){\n\t\t\t// go in reverse order so anything added to the queue during the loop is ignored\n\t\t\tfor ( var i = timers.length - 1; i >= 0; i-- )\n\t\t\t\tif ( timers[i].elem == this ) {\n\t\t\t\t\tif (gotoEnd)\n\t\t\t\t\t\t// force the next step to be the last\n\t\t\t\t\t\ttimers[i](true);\n\t\t\t\t\ttimers.splice(i, 1);\n\t\t\t\t}\n\t\t});\n\n\t\t// start the next in the queue if the last step wasn't forced\n\t\tif (!gotoEnd)\n\t\t\tthis.dequeue();\n\n\t\treturn this;\n\t}\n\n});\n\n// Generate shortcuts for custom animations\njQuery.each({\n\tslideDown: genFx(\"show\", 1),\n\tslideUp: genFx(\"hide\", 1),\n\tslideToggle: genFx(\"toggle\", 1),\n\tfadeIn: { opacity: \"show\" },\n\tfadeOut: { opacity: \"hide\" }\n}, function( name, props ){\n\tjQuery.fn[ name ] = function( speed, callback ){\n\t\treturn this.animate( props, speed, callback );\n\t};\n});\n\njQuery.extend({\n\n\tspeed: function(speed, easing, fn) {\n\t\tvar opt = typeof speed === \"object\" ? speed : {\n\t\t\tcomplete: fn || !fn && easing ||\n\t\t\t\tjQuery.isFunction( speed ) && speed,\n\t\t\tduration: speed,\n\t\t\teasing: fn && easing || easing && !jQuery.isFunction(easing) && easing\n\t\t};\n\n\t\topt.duration = jQuery.fx.off ? 0 : typeof opt.duration === \"number\" ? opt.duration :\n\t\t\tjQuery.fx.speeds[opt.duration] || jQuery.fx.speeds._default;\n\n\t\t// Queueing\n\t\topt.old = opt.complete;\n\t\topt.complete = function(){\n\t\t\tif ( opt.queue !== false )\n\t\t\t\tjQuery(this).dequeue();\n\t\t\tif ( jQuery.isFunction( opt.old ) )\n\t\t\t\topt.old.call( this );\n\t\t};\n\n\t\treturn opt;\n\t},\n\n\teasing: {\n\t\tlinear: function( p, n, firstNum, diff ) {\n\t\t\treturn firstNum + diff * p;\n\t\t},\n\t\tswing: function( p, n, firstNum, diff ) {\n\t\t\treturn ((-Math.cos(p*Math.PI)/2) + 0.5) * diff + firstNum;\n\t\t}\n\t},\n\n\ttimers: [],\n\n\tfx: function( elem, options, prop ){\n\t\tthis.options = options;\n\t\tthis.elem = elem;\n\t\tthis.prop = prop;\n\n\t\tif ( !options.orig )\n\t\t\toptions.orig = {};\n\t}\n\n});\n\njQuery.fx.prototype = {\n\n\t// Simple function for setting a style value\n\tupdate: function(){\n\t\tif ( this.options.step )\n\t\t\tthis.options.step.call( this.elem, this.now, this );\n\n\t\t(jQuery.fx.step[this.prop] || jQuery.fx.step._default)( this );\n\n\t\t// Set display property to block for height/width animations\n\t\tif ( ( this.prop == \"height\" || this.prop == \"width\" ) && this.elem.style )\n\t\t\tthis.elem.style.display = \"block\";\n\t},\n\n\t// Get the current size\n\tcur: function(force){\n\t\tif ( this.elem[this.prop] != null && (!this.elem.style || this.elem.style[this.prop] == null) )\n\t\t\treturn this.elem[ this.prop ];\n\n\t\tvar r = parseFloat(jQuery.css(this.elem, this.prop, force));\n\t\treturn r && r > -10000 ? r : parseFloat(jQuery.curCSS(this.elem, this.prop)) || 0;\n\t},\n\n\t// Start an animation from one number to another\n\tcustom: function(from, to, unit){\n\t\tthis.startTime = now();\n\t\tthis.start = from;\n\t\tthis.end = to;\n\t\tthis.unit = unit || this.unit || \"px\";\n\t\tthis.now = this.start;\n\t\tthis.pos = this.state = 0;\n\n\t\tvar self = this;\n\t\tfunction t(gotoEnd){\n\t\t\treturn self.step(gotoEnd);\n\t\t}\n\n\t\tt.elem = this.elem;\n\n\t\tif ( t() && jQuery.timers.push(t) && !timerId ) {\n\t\t\ttimerId = setInterval(function(){\n\t\t\t\tvar timers = jQuery.timers;\n\n\t\t\t\tfor ( var i = 0; i < timers.length; i++ )\n\t\t\t\t\tif ( !timers[i]() )\n\t\t\t\t\t\ttimers.splice(i--, 1);\n\n\t\t\t\tif ( !timers.length ) {\n\t\t\t\t\tclearInterval( timerId );\n\t\t\t\t\ttimerId = undefined;\n\t\t\t\t}\n\t\t\t}, 13);\n\t\t}\n\t},\n\n\t// Simple 'show' function\n\tshow: function(){\n\t\t// Remember where we started, so that we can go back to it later\n\t\tthis.options.orig[this.prop] = jQuery.attr( this.elem.style, this.prop );\n\t\tthis.options.show = true;\n\n\t\t// Begin the animation\n\t\t// Make sure that we start at a small width/height to avoid any\n\t\t// flash of content\n\t\tthis.custom(this.prop == \"width\" || this.prop == \"height\" ? 1 : 0, this.cur());\n\n\t\t// Start by showing the element\n\t\tjQuery(this.elem).show();\n\t},\n\n\t// Simple 'hide' function\n\thide: function(){\n\t\t// Remember where we started, so that we can go back to it later\n\t\tthis.options.orig[this.prop] = jQuery.attr( this.elem.style, this.prop );\n\t\tthis.options.hide = true;\n\n\t\t// Begin the animation\n\t\tthis.custom(this.cur(), 0);\n\t},\n\n\t// Each step of an animation\n\tstep: function(gotoEnd){\n\t\tvar t = now();\n\n\t\tif ( gotoEnd || t >= this.options.duration + this.startTime ) {\n\t\t\tthis.now = this.end;\n\t\t\tthis.pos = this.state = 1;\n\t\t\tthis.update();\n\n\t\t\tthis.options.curAnim[ this.prop ] = true;\n\n\t\t\tvar done = true;\n\t\t\tfor ( var i in this.options.curAnim )\n\t\t\t\tif ( this.options.curAnim[i] !== true )\n\t\t\t\t\tdone = false;\n\n\t\t\tif ( done ) {\n\t\t\t\tif ( this.options.display != null ) {\n\t\t\t\t\t// Reset the overflow\n\t\t\t\t\tthis.elem.style.overflow = this.options.overflow;\n\n\t\t\t\t\t// Reset the display\n\t\t\t\t\tthis.elem.style.display = this.options.display;\n\t\t\t\t\tif ( jQuery.css(this.elem, \"display\") == \"none\" )\n\t\t\t\t\t\tthis.elem.style.display = \"block\";\n\t\t\t\t}\n\n\t\t\t\t// Hide the element if the \"hide\" operation was done\n\t\t\t\tif ( this.options.hide )\n\t\t\t\t\tjQuery(this.elem).hide();\n\n\t\t\t\t// Reset the properties, if the item has been hidden or shown\n\t\t\t\tif ( this.options.hide || this.options.show )\n\t\t\t\t\tfor ( var p in this.options.curAnim )\n\t\t\t\t\t\tjQuery.attr(this.elem.style, p, this.options.orig[p]);\n\t\t\t\t\t\n\t\t\t\t// Execute the complete function\n\t\t\t\tthis.options.complete.call( this.elem );\n\t\t\t}\n\n\t\t\treturn false;\n\t\t} else {\n\t\t\tvar n = t - this.startTime;\n\t\t\tthis.state = n / this.options.duration;\n\n\t\t\t// Perform the easing function, defaults to swing\n\t\t\tthis.pos = jQuery.easing[this.options.easing || (jQuery.easing.swing ? \"swing\" : \"linear\")](this.state, n, 0, 1, this.options.duration);\n\t\t\tthis.now = this.start + ((this.end - this.start) * this.pos);\n\n\t\t\t// Perform the next step of the animation\n\t\t\tthis.update();\n\t\t}\n\n\t\treturn true;\n\t}\n\n};\n\njQuery.extend( jQuery.fx, {\n\tspeeds:{\n\t\tslow: 600,\n \t\tfast: 200,\n \t\t// Default speed\n \t\t_default: 400\n\t},\n\tstep: {\n\n\t\topacity: function(fx){\n\t\t\tjQuery.attr(fx.elem.style, \"opacity\", fx.now);\n\t\t},\n\n\t\t_default: function(fx){\n\t\t\tif ( fx.elem.style && fx.elem.style[ fx.prop ] != null )\n\t\t\t\tfx.elem.style[ fx.prop ] = fx.now + fx.unit;\n\t\t\telse\n\t\t\t\tfx.elem[ fx.prop ] = fx.now;\n\t\t}\n\t}\n});\nif ( document.documentElement[\"getBoundingClientRect\"] )\n\tjQuery.fn.offset = function() {\n\t\tif ( !this[0] ) return { top: 0, left: 0 };\n\t\tif ( this[0] === this[0].ownerDocument.body ) return jQuery.offset.bodyOffset( this[0] );\n\t\tvar box  = this[0].getBoundingClientRect(), doc = this[0].ownerDocument, body = doc.body, docElem = doc.documentElement,\n\t\t\tclientTop = docElem.clientTop || body.clientTop || 0, clientLeft = docElem.clientLeft || body.clientLeft || 0,\n\t\t\ttop  = box.top  + (self.pageYOffset || jQuery.boxModel && docElem.scrollTop  || body.scrollTop ) - clientTop,\n\t\t\tleft = box.left + (self.pageXOffset || jQuery.boxModel && docElem.scrollLeft || body.scrollLeft) - clientLeft;\n\t\treturn { top: top, left: left };\n\t};\nelse \n\tjQuery.fn.offset = function() {\n\t\tif ( !this[0] ) return { top: 0, left: 0 };\n\t\tif ( this[0] === this[0].ownerDocument.body ) return jQuery.offset.bodyOffset( this[0] );\n\t\tjQuery.offset.initialized || jQuery.offset.initialize();\n\n\t\tvar elem = this[0], offsetParent = elem.offsetParent, prevOffsetParent = elem,\n\t\t\tdoc = elem.ownerDocument, computedStyle, docElem = doc.documentElement,\n\t\t\tbody = doc.body, defaultView = doc.defaultView,\n\t\t\tprevComputedStyle = defaultView.getComputedStyle(elem, null),\n\t\t\ttop = elem.offsetTop, left = elem.offsetLeft;\n\n\t\twhile ( (elem = elem.parentNode) && elem !== body && elem !== docElem ) {\n\t\t\tcomputedStyle = defaultView.getComputedStyle(elem, null);\n\t\t\ttop -= elem.scrollTop, left -= elem.scrollLeft;\n\t\t\tif ( elem === offsetParent ) {\n\t\t\t\ttop += elem.offsetTop, left += elem.offsetLeft;\n\t\t\t\tif ( jQuery.offset.doesNotAddBorder && !(jQuery.offset.doesAddBorderForTableAndCells && /^t(able|d|h)$/i.test(elem.tagName)) )\n\t\t\t\t\ttop  += parseInt( computedStyle.borderTopWidth,  10) || 0,\n\t\t\t\t\tleft += parseInt( computedStyle.borderLeftWidth, 10) || 0;\n\t\t\t\tprevOffsetParent = offsetParent, offsetParent = elem.offsetParent;\n\t\t\t}\n\t\t\tif ( jQuery.offset.subtractsBorderForOverflowNotVisible && computedStyle.overflow !== \"visible\" )\n\t\t\t\ttop  += parseInt( computedStyle.borderTopWidth,  10) || 0,\n\t\t\t\tleft += parseInt( computedStyle.borderLeftWidth, 10) || 0;\n\t\t\tprevComputedStyle = computedStyle;\n\t\t}\n\n\t\tif ( prevComputedStyle.position === \"relative\" || prevComputedStyle.position === \"static\" )\n\t\t\ttop  += body.offsetTop,\n\t\t\tleft += body.offsetLeft;\n\n\t\tif ( prevComputedStyle.position === \"fixed\" )\n\t\t\ttop  += Math.max(docElem.scrollTop, body.scrollTop),\n\t\t\tleft += Math.max(docElem.scrollLeft, body.scrollLeft);\n\n\t\treturn { top: top, left: left };\n\t};\n\njQuery.offset = {\n\tinitialize: function() {\n\t\tif ( this.initialized ) return;\n\t\tvar body = document.body, container = document.createElement('div'), innerDiv, checkDiv, table, td, rules, prop, bodyMarginTop = body.style.marginTop,\n\t\t\thtml = '<div style=\"position:absolute;top:0;left:0;margin:0;border:5px solid #000;padding:0;width:1px;height:1px;\"><div><\/div><\/div><table style=\"position:absolute;top:0;left:0;margin:0;border:5px solid #000;padding:0;width:1px;height:1px;\" cellpadding=\"0\" cellspacing=\"0\"><tr><td><\/td><\/tr><\/table>';\n\n\t\trules = { position: 'absolute', top: 0, left: 0, margin: 0, border: 0, width: '1px', height: '1px', visibility: 'hidden' };\n\t\tfor ( prop in rules ) container.style[prop] = rules[prop];\n\n\t\tcontainer.innerHTML = html;\n\t\tbody.insertBefore(container, body.firstChild);\n\t\tinnerDiv = container.firstChild, checkDiv = innerDiv.firstChild, td = innerDiv.nextSibling.firstChild.firstChild;\n\n\t\tthis.doesNotAddBorder = (checkDiv.offsetTop !== 5);\n\t\tthis.doesAddBorderForTableAndCells = (td.offsetTop === 5);\n\n\t\tinnerDiv.style.overflow = 'hidden', innerDiv.style.position = 'relative';\n\t\tthis.subtractsBorderForOverflowNotVisible = (checkDiv.offsetTop === -5);\n\n\t\tbody.style.marginTop = '1px';\n\t\tthis.doesNotIncludeMarginInBodyOffset = (body.offsetTop === 0);\n\t\tbody.style.marginTop = bodyMarginTop;\n\n\t\tbody.removeChild(container);\n\t\tthis.initialized = true;\n\t},\n\n\tbodyOffset: function(body) {\n\t\tjQuery.offset.initialized || jQuery.offset.initialize();\n\t\tvar top = body.offsetTop, left = body.offsetLeft;\n\t\tif ( jQuery.offset.doesNotIncludeMarginInBodyOffset )\n\t\t\ttop  += parseInt( jQuery.curCSS(body, 'marginTop',  true), 10 ) || 0,\n\t\t\tleft += parseInt( jQuery.curCSS(body, 'marginLeft', true), 10 ) || 0;\n\t\treturn { top: top, left: left };\n\t}\n};\n\n\njQuery.fn.extend({\n\tposition: function() {\n\t\tvar left = 0, top = 0, results;\n\n\t\tif ( this[0] ) {\n\t\t\t// Get *real* offsetParent\n\t\t\tvar offsetParent = this.offsetParent(),\n\n\t\t\t// Get correct offsets\n\t\t\toffset       = this.offset(),\n\t\t\tparentOffset = /^body|html$/i.test(offsetParent[0].tagName) ? { top: 0, left: 0 } : offsetParent.offset();\n\n\t\t\t// Subtract element margins\n\t\t\t// note: when an element has margin: auto the offsetLeft and marginLeft \n\t\t\t// are the same in Safari causing offset.left to incorrectly be 0\n\t\t\toffset.top  -= num( this, 'marginTop'  );\n\t\t\toffset.left -= num( this, 'marginLeft' );\n\n\t\t\t// Add offsetParent borders\n\t\t\tparentOffset.top  += num( offsetParent, 'borderTopWidth'  );\n\t\t\tparentOffset.left += num( offsetParent, 'borderLeftWidth' );\n\n\t\t\t// Subtract the two offsets\n\t\t\tresults = {\n\t\t\t\ttop:  offset.top  - parentOffset.top,\n\t\t\t\tleft: offset.left - parentOffset.left\n\t\t\t};\n\t\t}\n\n\t\treturn results;\n\t},\n\n\toffsetParent: function() {\n\t\tvar offsetParent = this[0].offsetParent || document.body;\n\t\twhile ( offsetParent && (!/^body|html$/i.test(offsetParent.tagName) && jQuery.css(offsetParent, 'position') == 'static') )\n\t\t\toffsetParent = offsetParent.offsetParent;\n\t\treturn jQuery(offsetParent);\n\t}\n});\n\n\n// Create scrollLeft and scrollTop methods\njQuery.each( ['Left', 'Top'], function(i, name) {\n\tvar method = 'scroll' + name;\n\t\n\tjQuery.fn[ method ] = function(val) {\n\t\tif (!this[0]) return null;\n\n\t\treturn val !== undefined ?\n\n\t\t\t// Set the scroll offset\n\t\t\tthis.each(function() {\n\t\t\t\tthis == window || this == document ?\n\t\t\t\t\twindow.scrollTo(\n\t\t\t\t\t\t!i ? val : jQuery(window).scrollLeft(),\n\t\t\t\t\t\t i ? val : jQuery(window).scrollTop()\n\t\t\t\t\t) :\n\t\t\t\t\tthis[ method ] = val;\n\t\t\t}) :\n\n\t\t\t// Return the scroll offset\n\t\t\tthis[0] == window || this[0] == document ?\n\t\t\t\tself[ i ? 'pageYOffset' : 'pageXOffset' ] ||\n\t\t\t\t\tjQuery.boxModel && document.documentElement[ method ] ||\n\t\t\t\t\tdocument.body[ method ] :\n\t\t\t\tthis[0][ method ];\n\t};\n});\n// Create innerHeight, innerWidth, outerHeight and outerWidth methods\njQuery.each([ \"Height\", \"Width\" ], function(i, name){\n\n\tvar tl = i ? \"Left\"  : \"Top\",  // top or left\n\t\tbr = i ? \"Right\" : \"Bottom\", // bottom or right\n\t\tlower = name.toLowerCase();\n\n\t// innerHeight and innerWidth\n\tjQuery.fn[\"inner\" + name] = function(){\n\t\treturn this[0] ?\n\t\t\tjQuery.css( this[0], lower, false, \"padding\" ) :\n\t\t\tnull;\n\t};\n\n\t// outerHeight and outerWidth\n\tjQuery.fn[\"outer\" + name] = function(margin) {\n\t\treturn this[0] ?\n\t\t\tjQuery.css( this[0], lower, false, margin ? \"margin\" : \"border\" ) :\n\t\t\tnull;\n\t};\n\t\n\tvar type = name.toLowerCase();\n\n\tjQuery.fn[ type ] = function( size ) {\n\t\t// Get window width or height\n\t\treturn this[0] == window ?\n\t\t\t// Everyone else use document.documentElement or document.body depending on Quirks vs Standards mode\n\t\t\tdocument.compatMode == \"CSS1Compat\" && document.documentElement[ \"client\" + name ] ||\n\t\t\tdocument.body[ \"client\" + name ] :\n\n\t\t\t// Get document width or height\n\t\t\tthis[0] == document ?\n\t\t\t\t// Either scroll[Width/Height] or offset[Width/Height], whichever is greater\n\t\t\t\tMath.max(\n\t\t\t\t\tdocument.documentElement[\"client\" + name],\n\t\t\t\t\tdocument.body[\"scroll\" + name], document.documentElement[\"scroll\" + name],\n\t\t\t\t\tdocument.body[\"offset\" + name], document.documentElement[\"offset\" + name]\n\t\t\t\t) :\n\n\t\t\t\t// Get or set width or height on the element\n\t\t\t\tsize === undefined ?\n\t\t\t\t\t// Get width or height on the element\n\t\t\t\t\t(this.length ? jQuery.css( this[0], type ) : null) :\n\n\t\t\t\t\t// Set the width or height on the element (default to pixels if value is unitless)\n\t\t\t\t\tthis.css( type, typeof size === \"string\" ? size : size + \"px\" );\n\t};\n\n});\n})();\n","args":[]}]
Mar 05, 2013 1:00:13 PM org.openqa.selenium.remote.RemoteWebDriver log
INFO: Executing: get [8b3bcef18cb03aea2365d8f03934f0a7, get {"url":"http://lwo1-dhp-f35258.synapse.com:6432/common/formPage.html"}]
Mar 05, 2013 1:00:13 PM org.openqa.selenium.remote.RemoteWebDriver log
INFO: Executed: [8b3bcef18cb03aea2365d8f03934f0a7, get {"url":"http://lwo1-dhp-f35258.synapse.com:6432/common/formPage.html"}]
Mar 05, 2013 1:00:13 PM org.openqa.selenium.remote.RemoteWebDriver log
INFO: Executing: executeScript [8b3bcef18cb03aea2365d8f03934f0a7, executeScript {"script":"return document.getElementsByName('snack');","args":[]}]
Mar 05, 2013 1:00:13 PM org.openqa.selenium.remote.RemoteWebDriver log
INFO: Executed: [8b3bcef18cb03aea2365d8f03934f0a7, executeScript {"script":"return document.getElementsByName('snack');","args":[]}]
Mar 05, 2013 1:00:13 PM org.openqa.selenium.remote.RemoteWebDriver log
INFO: Executing: get [8b3bcef18cb03aea2365d8f03934f0a7, get {"url":"http://lwo1-dhp-f35258.synapse.com:6432/common/formPage.html"}]
Mar 05, 2013 1:00:13 PM org.openqa.selenium.remote.RemoteWebDriver log
INFO: Executed: [8b3bcef18cb03aea2365d8f03934f0a7, get {"url":"http://lwo1-dhp-f35258.synapse.com:6432/common/formPage.html"}]
Mar 05, 2013 1:00:13 PM org.openqa.selenium.remote.RemoteWebDriver log
INFO: Executing: executeScript [8b3bcef18cb03aea2365d8f03934f0a7, executeScript {"script":"document.alerts = []","args":[]}]
Mar 05, 2013 1:00:13 PM org.openqa.selenium.remote.RemoteWebDriver log
INFO: Executed: [8b3bcef18cb03aea2365d8f03934f0a7, executeScript {"script":"document.alerts = []","args":[]}]
Mar 05, 2013 1:00:13 PM org.openqa.selenium.remote.RemoteWebDriver log
INFO: Executing: executeScript [8b3bcef18cb03aea2365d8f03934f0a7, executeScript {"script":"document.alerts.push('hello world');","args":[]}]
Mar 05, 2013 1:00:13 PM org.openqa.selenium.remote.RemoteWebDriver log
INFO: Executed: [8b3bcef18cb03aea2365d8f03934f0a7, executeScript {"script":"document.alerts.push('hello world');","args":[]}]
Mar 05, 2013 1:00:13 PM org.openqa.selenium.remote.RemoteWebDriver log
INFO: Executing: executeScript [8b3bcef18cb03aea2365d8f03934f0a7, executeScript {"script":"return document.alerts.shift()","args":[]}]
Mar 05, 2013 1:00:13 PM org.openqa.selenium.remote.RemoteWebDriver log
INFO: Executed: [8b3bcef18cb03aea2365d8f03934f0a7, executeScript {"script":"return document.alerts.shift()","args":[]}]
Mar 05, 2013 1:00:13 PM org.openqa.selenium.remote.RemoteWebDriver log
INFO: Executing: get [8b3bcef18cb03aea2365d8f03934f0a7, get {"url":"http://lwo1-dhp-f35258.synapse.com:6432/common/formPage.html"}]
Mar 05, 2013 1:00:13 PM org.openqa.selenium.remote.RemoteWebDriver log
INFO: Executed: [8b3bcef18cb03aea2365d8f03934f0a7, get {"url":"http://lwo1-dhp-f35258.synapse.com:6432/common/formPage.html"}]
Mar 05, 2013 1:00:13 PM org.openqa.selenium.remote.RemoteWebDriver log
INFO: Executing: findElements [8b3bcef18cb03aea2365d8f03934f0a7, findElements {"using":"tag name","value":"form"}]
Mar 05, 2013 1:00:13 PM org.openqa.selenium.remote.RemoteWebDriver log
INFO: Executed: [8b3bcef18cb03aea2365d8f03934f0a7, findElements {"using":"tag name","value":"form"}]
Mar 05, 2013 1:00:13 PM org.openqa.selenium.remote.RemoteWebDriver log
INFO: Executing: executeScript [8b3bcef18cb03aea2365d8f03934f0a7, executeScript {"script":"return arguments[0][0].tagName","args":[[{"ELEMENT":":wdc:1362481213148"},{"ELEMENT":":wdc:1362481213149"},{"ELEMENT":":wdc:1362481213150"},{"ELEMENT":":wdc:1362481213151"},{"ELEMENT":":wdc:1362481213152"},{"ELEMENT":":wdc:1362481213153"},{"ELEMENT":":wdc:1362481213154"},{"ELEMENT":":wdc:1362481213155"},{"ELEMENT":":wdc:1362481213156"}]]}]
Mar 05, 2013 1:00:13 PM org.openqa.selenium.remote.RemoteWebDriver log
INFO: Executed: [8b3bcef18cb03aea2365d8f03934f0a7, executeScript {"script":"return arguments[0][0].tagName","args":[[{"ELEMENT":":wdc:1362481213148"},{"ELEMENT":":wdc:1362481213149"},{"ELEMENT":":wdc:1362481213150"},{"ELEMENT":":wdc:1362481213151"},{"ELEMENT":":wdc:1362481213152"},{"ELEMENT":":wdc:1362481213153"},{"ELEMENT":":wdc:1362481213154"},{"ELEMENT":":wdc:1362481213155"},{"ELEMENT":":wdc:1362481213156"}]]}]
Mar 05, 2013 1:00:13 PM org.openqa.selenium.remote.RemoteWebDriver log
INFO: Executing: get [8b3bcef18cb03aea2365d8f03934f0a7, get {"url":"http://lwo1-dhp-f35258.synapse.com:6432/common/simpleTest.html"}]
Mar 05, 2013 1:00:13 PM org.openqa.selenium.remote.RemoteWebDriver log
INFO: Executed: [8b3bcef18cb03aea2365d8f03934f0a7, get {"url":"http://lwo1-dhp-f35258.synapse.com:6432/common/simpleTest.html"}]
Mar 05, 2013 1:00:13 PM org.openqa.selenium.remote.RemoteWebDriver log
INFO: Executing: executeScript [8b3bcef18cb03aea2365d8f03934f0a7, executeScript {"script":"return arguments[0]['foo'][1]","args":[{"foo":[1,2],"bar":"test"}]}]
Mar 05, 2013 1:00:13 PM org.openqa.selenium.remote.RemoteWebDriver log
INFO: Executed: [8b3bcef18cb03aea2365d8f03934f0a7, executeScript {"script":"return arguments[0]['foo'][1]","args":[{"foo":[1,2],"bar":"test"}]}]
Mar 05, 2013 1:00:13 PM org.openqa.selenium.remote.RemoteWebDriver log
INFO: Executing: get [8b3bcef18cb03aea2365d8f03934f0a7, get {"url":"http://lwo1-dhp-f35258.synapse.com:6432/common/formPage.html"}]
Mar 05, 2013 1:00:13 PM org.openqa.selenium.remote.RemoteWebDriver log
INFO: Executed: [8b3bcef18cb03aea2365d8f03934f0a7, get {"url":"http://lwo1-dhp-f35258.synapse.com:6432/common/formPage.html"}]
Mar 05, 2013 1:00:13 PM org.openqa.selenium.remote.RemoteWebDriver log
INFO: Executing: findElement [8b3bcef18cb03aea2365d8f03934f0a7, findElement {"using":"id","value":"submitButton"}]
Mar 05, 2013 1:00:13 PM org.openqa.selenium.remote.RemoteWebDriver log
INFO: Executed: [8b3bcef18cb03aea2365d8f03934f0a7, findElement {"using":"id","value":"submitButton"}]
Mar 05, 2013 1:00:13 PM org.openqa.selenium.remote.RemoteWebDriver log
INFO: Executing: clickElement [8b3bcef18cb03aea2365d8f03934f0a7, clickElement {"id":":wdc:1362481213213"}]
Mar 05, 2013 1:00:13 PM org.openqa.selenium.remote.RemoteWebDriver log
INFO: Executed: [8b3bcef18cb03aea2365d8f03934f0a7, clickElement {"id":":wdc:1362481213213"}]
Mar 05, 2013 1:00:13 PM org.openqa.selenium.remote.RemoteWebDriver log
INFO: Executing: getTitle [8b3bcef18cb03aea2365d8f03934f0a7, getTitle {}]
Mar 05, 2013 1:00:13 PM org.openqa.selenium.remote.RemoteWebDriver log
INFO: Executed: [8b3bcef18cb03aea2365d8f03934f0a7, getTitle {}]
Mar 05, 2013 1:00:13 PM org.openqa.selenium.remote.RemoteWebDriver log
INFO: Executing: getTitle [8b3bcef18cb03aea2365d8f03934f0a7, getTitle {}]
Mar 05, 2013 1:00:13 PM org.openqa.selenium.remote.RemoteWebDriver log
INFO: Executed: [8b3bcef18cb03aea2365d8f03934f0a7, getTitle {}]
Mar 05, 2013 1:00:13 PM org.openqa.selenium.remote.RemoteWebDriver log
INFO: Executing: get [8b3bcef18cb03aea2365d8f03934f0a7, get {"url":"http://lwo1-dhp-f35258.synapse.com:6432/common/formPage.html"}]
Mar 05, 2013 1:00:13 PM org.openqa.selenium.remote.RemoteWebDriver log
INFO: Executed: [8b3bcef18cb03aea2365d8f03934f0a7, get {"url":"http://lwo1-dhp-f35258.synapse.com:6432/common/formPage.html"}]
Mar 05, 2013 1:00:13 PM org.openqa.selenium.remote.RemoteWebDriver log
INFO: Executing: findElement [8b3bcef18cb03aea2365d8f03934f0a7, findElement {"using":"xpath","value":"//body"}]
Mar 05, 2013 1:00:13 PM org.openqa.selenium.remote.RemoteWebDriver log
INFO: Executed: [8b3bcef18cb03aea2365d8f03934f0a7, findElement {"using":"xpath","value":"//body"}]
Mar 05, 2013 1:00:13 PM org.openqa.selenium.remote.RemoteWebDriver log
INFO: Executing: clickElement [8b3bcef18cb03aea2365d8f03934f0a7, clickElement {"id":":wdc:1362481213393"}]
Mar 05, 2013 1:00:13 PM org.openqa.selenium.remote.RemoteWebDriver log
INFO: Executed: [8b3bcef18cb03aea2365d8f03934f0a7, clickElement {"id":":wdc:1362481213393"}]
Mar 05, 2013 1:00:13 PM org.openqa.selenium.remote.RemoteWebDriver log
INFO: Executing: get [8b3bcef18cb03aea2365d8f03934f0a7, get {"url":"http://lwo1-dhp-f35258.synapse.com:6432/common/formPage.html"}]
Mar 05, 2013 1:00:13 PM org.openqa.selenium.remote.RemoteWebDriver log
INFO: Executed: [8b3bcef18cb03aea2365d8f03934f0a7, get {"url":"http://lwo1-dhp-f35258.synapse.com:6432/common/formPage.html"}]
Mar 05, 2013 1:00:13 PM org.openqa.selenium.remote.RemoteWebDriver log
INFO: Executing: findElement [8b3bcef18cb03aea2365d8f03934f0a7, findElement {"using":"id","value":"imageButton"}]
Mar 05, 2013 1:00:13 PM org.openqa.selenium.remote.RemoteWebDriver log
INFO: Executed: [8b3bcef18cb03aea2365d8f03934f0a7, findElement {"using":"id","value":"imageButton"}]
Mar 05, 2013 1:00:13 PM org.openqa.selenium.remote.RemoteWebDriver log
INFO: Executing: clickElement [8b3bcef18cb03aea2365d8f03934f0a7, clickElement {"id":":wdc:1362481213547"}]
Mar 05, 2013 1:00:13 PM org.openqa.selenium.remote.RemoteWebDriver log
INFO: Executed: [8b3bcef18cb03aea2365d8f03934f0a7, clickElement {"id":":wdc:1362481213547"}]
Mar 05, 2013 1:00:13 PM org.openqa.selenium.remote.RemoteWebDriver log
INFO: Executing: getTitle [8b3bcef18cb03aea2365d8f03934f0a7, getTitle {}]
Mar 05, 2013 1:00:13 PM org.openqa.selenium.remote.RemoteWebDriver log
INFO: Executed: [8b3bcef18cb03aea2365d8f03934f0a7, getTitle {}]
Mar 05, 2013 1:00:13 PM org.openqa.selenium.remote.RemoteWebDriver log
INFO: Executing: getTitle [8b3bcef18cb03aea2365d8f03934f0a7, getTitle {}]
Mar 05, 2013 1:00:13 PM org.openqa.selenium.remote.RemoteWebDriver log
INFO: Executed: [8b3bcef18cb03aea2365d8f03934f0a7, getTitle {}]
Mar 05, 2013 1:00:13 PM org.openqa.selenium.remote.RemoteWebDriver log
INFO: Executing: get [8b3bcef18cb03aea2365d8f03934f0a7, get {"url":"http://lwo1-dhp-f35258.synapse.com:6432/common/formPage.html"}]
Mar 05, 2013 1:00:13 PM org.openqa.selenium.remote.RemoteWebDriver log
INFO: Executed: [8b3bcef18cb03aea2365d8f03934f0a7, get {"url":"http://lwo1-dhp-f35258.synapse.com:6432/common/formPage.html"}]
Mar 05, 2013 1:00:13 PM org.openqa.selenium.remote.RemoteWebDriver log
INFO: Executing: findElement [8b3bcef18cb03aea2365d8f03934f0a7, findElement {"using":"name","value":"login"}]
Mar 05, 2013 1:00:13 PM org.openqa.selenium.remote.RemoteWebDriver log
INFO: Executed: [8b3bcef18cb03aea2365d8f03934f0a7, findElement {"using":"name","value":"login"}]
Mar 05, 2013 1:00:13 PM org.openqa.selenium.remote.RemoteWebDriver log
INFO: Executing: submitElement [8b3bcef18cb03aea2365d8f03934f0a7, submitElement {"id":":wdc:1362481213731"}]
Mar 05, 2013 1:00:13 PM org.openqa.selenium.remote.RemoteWebDriver log
INFO: Executed: [8b3bcef18cb03aea2365d8f03934f0a7, submitElement {"id":":wdc:1362481213731"}]
Mar 05, 2013 1:00:13 PM org.openqa.selenium.remote.RemoteWebDriver log
INFO: Executing: getTitle [8b3bcef18cb03aea2365d8f03934f0a7, getTitle {}]
Mar 05, 2013 1:00:13 PM org.openqa.selenium.remote.RemoteWebDriver log
INFO: Executed: [8b3bcef18cb03aea2365d8f03934f0a7, getTitle {}]
Mar 05, 2013 1:00:13 PM org.openqa.selenium.remote.RemoteWebDriver log
INFO: Executing: get [8b3bcef18cb03aea2365d8f03934f0a7, get {"url":"http://lwo1-dhp-f35258.synapse.com:6432/common/formPage.html"}]
Mar 05, 2013 1:00:13 PM org.openqa.selenium.remote.RemoteWebDriver log
INFO: Executed: [8b3bcef18cb03aea2365d8f03934f0a7, get {"url":"http://lwo1-dhp-f35258.synapse.com:6432/common/formPage.html"}]
Mar 05, 2013 1:00:13 PM org.openqa.selenium.remote.RemoteWebDriver log
INFO: Executing: findElement [8b3bcef18cb03aea2365d8f03934f0a7, findElement {"using":"id","value":"checky"}]
Mar 05, 2013 1:00:13 PM org.openqa.selenium.remote.RemoteWebDriver log
INFO: Executed: [8b3bcef18cb03aea2365d8f03934f0a7, findElement {"using":"id","value":"checky"}]
Mar 05, 2013 1:00:13 PM org.openqa.selenium.remote.RemoteWebDriver log
INFO: Executing: submitElement [8b3bcef18cb03aea2365d8f03934f0a7, submitElement {"id":":wdc:1362481213916"}]
Mar 05, 2013 1:00:14 PM org.openqa.selenium.remote.RemoteWebDriver log
INFO: Executed: [8b3bcef18cb03aea2365d8f03934f0a7, submitElement {"id":":wdc:1362481213916"}]
Mar 05, 2013 1:00:14 PM org.openqa.selenium.remote.RemoteWebDriver log
INFO: Executing: getTitle [8b3bcef18cb03aea2365d8f03934f0a7, getTitle {}]
Mar 05, 2013 1:00:14 PM org.openqa.selenium.remote.RemoteWebDriver log
INFO: Executed: [8b3bcef18cb03aea2365d8f03934f0a7, getTitle {}]
Mar 05, 2013 1:00:14 PM org.openqa.selenium.remote.RemoteWebDriver log
INFO: Executing: get [8b3bcef18cb03aea2365d8f03934f0a7, get {"url":"http://lwo1-dhp-f35258.synapse.com:6432/common/formPage.html"}]
Mar 05, 2013 1:00:14 PM org.openqa.selenium.remote.RemoteWebDriver log
INFO: Executed: [8b3bcef18cb03aea2365d8f03934f0a7, get {"url":"http://lwo1-dhp-f35258.synapse.com:6432/common/formPage.html"}]
Mar 05, 2013 1:00:14 PM org.openqa.selenium.remote.RemoteWebDriver log
INFO: Executing: findElement [8b3bcef18cb03aea2365d8f03934f0a7, findElement {"using":"xpath","value":"//form/p"}]
Mar 05, 2013 1:00:14 PM org.openqa.selenium.remote.RemoteWebDriver log
INFO: Executed: [8b3bcef18cb03aea2365d8f03934f0a7, findElement {"using":"xpath","value":"//form/p"}]
Mar 05, 2013 1:00:14 PM org.openqa.selenium.remote.RemoteWebDriver log
INFO: Executing: submitElement [8b3bcef18cb03aea2365d8f03934f0a7, submitElement {"id":":wdc:1362481214077"}]
Mar 05, 2013 1:00:14 PM org.openqa.selenium.remote.RemoteWebDriver log
INFO: Executed: [8b3bcef18cb03aea2365d8f03934f0a7, submitElement {"id":":wdc:1362481214077"}]
Mar 05, 2013 1:00:14 PM org.openqa.selenium.remote.RemoteWebDriver log
INFO: Executing: getTitle [8b3bcef18cb03aea2365d8f03934f0a7, getTitle {}]
Mar 05, 2013 1:00:14 PM org.openqa.selenium.remote.RemoteWebDriver log
INFO: Executed: [8b3bcef18cb03aea2365d8f03934f0a7, getTitle {}]
Mar 05, 2013 1:00:14 PM org.openqa.selenium.remote.RemoteWebDriver log
INFO: Executing: get [8b3bcef18cb03aea2365d8f03934f0a7, get {"url":"http://lwo1-dhp-f35258.synapse.com:6432/common/formPage.html"}]
Mar 05, 2013 1:00:14 PM org.openqa.selenium.remote.RemoteWebDriver log
INFO: Executed: [8b3bcef18cb03aea2365d8f03934f0a7, get {"url":"http://lwo1-dhp-f35258.synapse.com:6432/common/formPage.html"}]
Mar 05, 2013 1:00:14 PM org.openqa.selenium.remote.RemoteWebDriver log
INFO: Executing: findElement [8b3bcef18cb03aea2365d8f03934f0a7, findElement {"using":"name","value":"there is no spoon"}]
Mar 05, 2013 1:00:14 PM org.openqa.selenium.remote.RemoteWebDriver log
INFO: Executed: [8b3bcef18cb03aea2365d8f03934f0a7, findElement {"using":"name","value":"there is no spoon"}]
Mar 05, 2013 1:00:14 PM org.openqa.selenium.remote.RemoteWebDriver log
INFO: Executing: get [8b3bcef18cb03aea2365d8f03934f0a7, get {"url":"http://lwo1-dhp-f35258.synapse.com:6432/common/javascriptPage.html"}]
Mar 05, 2013 1:00:14 PM org.openqa.selenium.remote.RemoteWebDriver log
INFO: Executed: [8b3bcef18cb03aea2365d8f03934f0a7, get {"url":"http://lwo1-dhp-f35258.synapse.com:6432/common/javascriptPage.html"}]
Mar 05, 2013 1:00:14 PM org.openqa.selenium.remote.RemoteWebDriver log
INFO: Executing: findElement [8b3bcef18cb03aea2365d8f03934f0a7, findElement {"using":"id","value":"keyUpArea"}]
Mar 05, 2013 1:00:14 PM org.openqa.selenium.remote.RemoteWebDriver log
INFO: Executed: [8b3bcef18cb03aea2365d8f03934f0a7, findElement {"using":"id","value":"keyUpArea"}]
Mar 05, 2013 1:00:14 PM org.openqa.selenium.remote.RemoteWebDriver log
INFO: Executing: sendKeysToElement [8b3bcef18cb03aea2365d8f03934f0a7, sendKeysToElement {"id":":wdc:1362481214321","value":["brie and cheddar"]}]
Mar 05, 2013 1:00:14 PM org.openqa.selenium.remote.RemoteWebDriver log
INFO: Executed: [8b3bcef18cb03aea2365d8f03934f0a7, sendKeysToElement {"id":":wdc:1362481214321","value":["brie and cheddar"]}]
Mar 05, 2013 1:00:14 PM org.openqa.selenium.remote.RemoteWebDriver log
INFO: Executing: getElementAttribute [8b3bcef18cb03aea2365d8f03934f0a7, getElementAttribute {"id":":wdc:1362481214321","name":"value"}]
Mar 05, 2013 1:00:14 PM org.openqa.selenium.remote.RemoteWebDriver log
INFO: Executed: [8b3bcef18cb03aea2365d8f03934f0a7, getElementAttribute {"id":":wdc:1362481214321","name":"value"}]
Mar 05, 2013 1:00:14 PM org.openqa.selenium.remote.RemoteWebDriver log
INFO: Executing: get [8b3bcef18cb03aea2365d8f03934f0a7, get {"url":"http://lwo1-dhp-f35258.synapse.com:6432/common/javascriptPage.html"}]
Mar 05, 2013 1:00:14 PM org.openqa.selenium.remote.RemoteWebDriver log
INFO: Executed: [8b3bcef18cb03aea2365d8f03934f0a7, get {"url":"http://lwo1-dhp-f35258.synapse.com:6432/common/javascriptPage.html"}]
Mar 05, 2013 1:00:14 PM org.openqa.selenium.remote.RemoteWebDriver log
INFO: Executing: findElement [8b3bcef18cb03aea2365d8f03934f0a7, findElement {"using":"id","value":"keyUpArea"}]
Mar 05, 2013 1:00:14 PM org.openqa.selenium.remote.RemoteWebDriver log
INFO: Executed: [8b3bcef18cb03aea2365d8f03934f0a7, findElement {"using":"id","value":"keyUpArea"}]
Mar 05, 2013 1:00:14 PM org.openqa.selenium.remote.RemoteWebDriver log
INFO: Executing: sendKeysToElement [8b3bcef18cb03aea2365d8f03934f0a7, sendKeysToElement {"id":":wdc:1362481214775","value":["BrIe And CheDdar"]}]
Mar 05, 2013 1:00:15 PM org.openqa.selenium.remote.RemoteWebDriver log
INFO: Executed: [8b3bcef18cb03aea2365d8f03934f0a7, sendKeysToElement {"id":":wdc:1362481214775","value":["BrIe And CheDdar"]}]
Mar 05, 2013 1:00:15 PM org.openqa.selenium.remote.RemoteWebDriver log
INFO: Executing: getElementAttribute [8b3bcef18cb03aea2365d8f03934f0a7, getElementAttribute {"id":":wdc:1362481214775","name":"value"}]
Mar 05, 2013 1:00:15 PM org.openqa.selenium.remote.RemoteWebDriver log
INFO: Executed: [8b3bcef18cb03aea2365d8f03934f0a7, getElementAttribute {"id":":wdc:1362481214775","name":"value"}]
Mar 05, 2013 1:00:15 PM org.openqa.selenium.remote.RemoteWebDriver log
INFO: Executing: get [8b3bcef18cb03aea2365d8f03934f0a7, get {"url":"http://lwo1-dhp-f35258.synapse.com:6432/common/formPage.html"}]
Mar 05, 2013 1:00:15 PM org.openqa.selenium.remote.RemoteWebDriver log
INFO: Executed: [8b3bcef18cb03aea2365d8f03934f0a7, get {"url":"http://lwo1-dhp-f35258.synapse.com:6432/common/formPage.html"}]
Mar 05, 2013 1:00:15 PM org.openqa.selenium.remote.RemoteWebDriver log
INFO: Executing: findElement [8b3bcef18cb03aea2365d8f03934f0a7, findElement {"using":"id","value":"nested_form"}]
Mar 05, 2013 1:00:15 PM org.openqa.selenium.remote.RemoteWebDriver log
INFO: Executed: [8b3bcef18cb03aea2365d8f03934f0a7, findElement {"using":"id","value":"nested_form"}]
Mar 05, 2013 1:00:15 PM org.openqa.selenium.remote.RemoteWebDriver log
INFO: Executing: findChildElement [8b3bcef18cb03aea2365d8f03934f0a7, findChildElement {"id":":wdc:1362481215213","using":"name","value":"x"}]
Mar 05, 2013 1:00:15 PM org.openqa.selenium.remote.RemoteWebDriver log
INFO: Executed: [8b3bcef18cb03aea2365d8f03934f0a7, findChildElement {"id":":wdc:1362481215213","using":"name","value":"x"}]
Mar 05, 2013 1:00:15 PM org.openqa.selenium.remote.RemoteWebDriver log
INFO: Executing: sendKeysToElement [8b3bcef18cb03aea2365d8f03934f0a7, sendKeysToElement {"id":":wdc:1362481215214","value":["\n"]}]
Mar 05, 2013 1:00:15 PM org.openqa.selenium.remote.RemoteWebDriver log
INFO: Executed: [8b3bcef18cb03aea2365d8f03934f0a7, sendKeysToElement {"id":":wdc:1362481215214","value":["\n"]}]
Mar 05, 2013 1:00:15 PM org.openqa.selenium.remote.RemoteWebDriver log
INFO: Executing: getTitle [8b3bcef18cb03aea2365d8f03934f0a7, getTitle {}]
Mar 05, 2013 1:00:15 PM org.openqa.selenium.remote.RemoteWebDriver log
INFO: Executed: [8b3bcef18cb03aea2365d8f03934f0a7, getTitle {}]
Mar 05, 2013 1:00:15 PM org.openqa.selenium.remote.RemoteWebDriver log
INFO: Executing: getCurrentUrl [8b3bcef18cb03aea2365d8f03934f0a7, getCurrentUrl {}]
Mar 05, 2013 1:00:15 PM org.openqa.selenium.remote.RemoteWebDriver log
INFO: Executed: [8b3bcef18cb03aea2365d8f03934f0a7, getCurrentUrl {}]
Mar 05, 2013 1:00:15 PM org.openqa.selenium.remote.RemoteWebDriver log
INFO: Executing: get [8b3bcef18cb03aea2365d8f03934f0a7, get {"url":"http://lwo1-dhp-f35258.synapse.com:6432/common/formPage.html"}]
Mar 05, 2013 1:00:15 PM org.openqa.selenium.remote.RemoteWebDriver log
INFO: Executed: [8b3bcef18cb03aea2365d8f03934f0a7, get {"url":"http://lwo1-dhp-f35258.synapse.com:6432/common/formPage.html"}]
Mar 05, 2013 1:00:15 PM org.openqa.selenium.remote.RemoteWebDriver log
INFO: Executing: findElement [8b3bcef18cb03aea2365d8f03934f0a7, findElement {"using":"id","value":"nested_form"}]
Mar 05, 2013 1:00:15 PM org.openqa.selenium.remote.RemoteWebDriver log
INFO: Executed: [8b3bcef18cb03aea2365d8f03934f0a7, findElement {"using":"id","value":"nested_form"}]
Mar 05, 2013 1:00:15 PM org.openqa.selenium.remote.RemoteWebDriver log
INFO: Executing: findChildElement [8b3bcef18cb03aea2365d8f03934f0a7, findChildElement {"id":":wdc:1362481215636","using":"name","value":"x"}]
Mar 05, 2013 1:00:15 PM org.openqa.selenium.remote.RemoteWebDriver log
INFO: Executed: [8b3bcef18cb03aea2365d8f03934f0a7, findChildElement {"id":":wdc:1362481215636","using":"name","value":"x"}]
Mar 05, 2013 1:00:15 PM org.openqa.selenium.remote.RemoteWebDriver log
INFO: Executing: sendKeysToElement [8b3bcef18cb03aea2365d8f03934f0a7, sendKeysToElement {"id":":wdc:1362481215637","value":[""]}]
Mar 05, 2013 1:00:15 PM org.openqa.selenium.remote.RemoteWebDriver log
INFO: Executed: [8b3bcef18cb03aea2365d8f03934f0a7, sendKeysToElement {"id":":wdc:1362481215637","value":[""]}]
Mar 05, 2013 1:00:15 PM org.openqa.selenium.remote.RemoteWebDriver log
INFO: Executing: getTitle [8b3bcef18cb03aea2365d8f03934f0a7, getTitle {}]
Mar 05, 2013 1:00:15 PM org.openqa.selenium.remote.RemoteWebDriver log
INFO: Executed: [8b3bcef18cb03aea2365d8f03934f0a7, getTitle {}]
Mar 05, 2013 1:00:15 PM org.openqa.selenium.remote.RemoteWebDriver log
INFO: Executing: getCurrentUrl [8b3bcef18cb03aea2365d8f03934f0a7, getCurrentUrl {}]
Mar 05, 2013 1:00:15 PM org.openqa.selenium.remote.RemoteWebDriver log
INFO: Executed: [8b3bcef18cb03aea2365d8f03934f0a7, getCurrentUrl {}]
Mar 05, 2013 1:00:15 PM org.openqa.selenium.remote.RemoteWebDriver log
INFO: Executing: get [8b3bcef18cb03aea2365d8f03934f0a7, get {"url":"http://lwo1-dhp-f35258.synapse.com:6432/common/xhtmlTest.html"}]
Mar 05, 2013 1:00:15 PM org.openqa.selenium.remote.RemoteWebDriver log
INFO: Executed: [8b3bcef18cb03aea2365d8f03934f0a7, get {"url":"http://lwo1-dhp-f35258.synapse.com:6432/common/xhtmlTest.html"}]
Mar 05, 2013 1:00:15 PM org.openqa.selenium.remote.RemoteWebDriver log
INFO: Executing: findElement [8b3bcef18cb03aea2365d8f03934f0a7, findElement {"using":"xpath","value":"//form[@name='someForm']/input[@id='username']"}]
Mar 05, 2013 1:00:16 PM org.openqa.selenium.remote.RemoteWebDriver log
INFO: Executed: [8b3bcef18cb03aea2365d8f03934f0a7, findElement {"using":"xpath","value":"//form[@name='someForm']/input[@id='username']"}]
Mar 05, 2013 1:00:16 PM org.openqa.selenium.remote.RemoteWebDriver log
INFO: Executing: getElementAttribute [8b3bcef18cb03aea2365d8f03934f0a7, getElementAttribute {"id":":wdc:1362481216039","name":"value"}]
Mar 05, 2013 1:00:16 PM org.openqa.selenium.remote.RemoteWebDriver log
INFO: Executed: [8b3bcef18cb03aea2365d8f03934f0a7, getElementAttribute {"id":":wdc:1362481216039","name":"value"}]
Mar 05, 2013 1:00:16 PM org.openqa.selenium.remote.RemoteWebDriver log
INFO: Executing: clearElement [8b3bcef18cb03aea2365d8f03934f0a7, clearElement {"id":":wdc:1362481216039"}]
Mar 05, 2013 1:00:16 PM org.openqa.selenium.remote.RemoteWebDriver log
INFO: Executed: [8b3bcef18cb03aea2365d8f03934f0a7, clearElement {"id":":wdc:1362481216039"}]
Mar 05, 2013 1:00:16 PM org.openqa.selenium.remote.RemoteWebDriver log
INFO: Executing: sendKeysToElement [8b3bcef18cb03aea2365d8f03934f0a7, sendKeysToElement {"id":":wdc:1362481216039","value":["some text"]}]
Mar 05, 2013 1:00:16 PM org.openqa.selenium.remote.RemoteWebDriver log
INFO: Executed: [8b3bcef18cb03aea2365d8f03934f0a7, sendKeysToElement {"id":":wdc:1362481216039","value":["some text"]}]
Mar 05, 2013 1:00:16 PM org.openqa.selenium.remote.RemoteWebDriver log
INFO: Executing: findElement [8b3bcef18cb03aea2365d8f03934f0a7, findElement {"using":"xpath","value":"//form[@name='someForm']/input[@id='username']"}]
Mar 05, 2013 1:00:16 PM org.openqa.selenium.remote.RemoteWebDriver log
INFO: Executed: [8b3bcef18cb03aea2365d8f03934f0a7, findElement {"using":"xpath","value":"//form[@name='someForm']/input[@id='username']"}]
Mar 05, 2013 1:00:16 PM org.openqa.selenium.remote.RemoteWebDriver log
INFO: Executing: getElementAttribute [8b3bcef18cb03aea2365d8f03934f0a7, getElementAttribute {"id":":wdc:1362481216039","name":"value"}]
Mar 05, 2013 1:00:16 PM org.openqa.selenium.remote.RemoteWebDriver log
INFO: Executed: [8b3bcef18cb03aea2365d8f03934f0a7, getElementAttribute {"id":":wdc:1362481216039","name":"value"}]
Mar 05, 2013 1:00:16 PM org.openqa.selenium.remote.RemoteWebDriver log
INFO: Executing: get [8b3bcef18cb03aea2365d8f03934f0a7, get {"url":"http://lwo1-dhp-f35258.synapse.com:6432/common/formPage.html"}]
Mar 05, 2013 1:00:16 PM org.openqa.selenium.remote.RemoteWebDriver log
INFO: Executed: [8b3bcef18cb03aea2365d8f03934f0a7, get {"url":"http://lwo1-dhp-f35258.synapse.com:6432/common/formPage.html"}]
Mar 05, 2013 1:00:16 PM org.openqa.selenium.remote.RemoteWebDriver log
INFO: Executing: findElement [8b3bcef18cb03aea2365d8f03934f0a7, findElement {"using":"id","value":"upload"}]
Mar 05, 2013 1:00:16 PM org.openqa.selenium.remote.RemoteWebDriver log
INFO: Executed: [8b3bcef18cb03aea2365d8f03934f0a7, findElement {"using":"id","value":"upload"}]
Mar 05, 2013 1:00:16 PM org.openqa.selenium.remote.RemoteWebDriver log
INFO: Executing: getElementAttribute [8b3bcef18cb03aea2365d8f03934f0a7, getElementAttribute {"id":":wdc:1362481216745","name":"value"}]
Mar 05, 2013 1:00:16 PM org.openqa.selenium.remote.RemoteWebDriver log
INFO: Executed: [8b3bcef18cb03aea2365d8f03934f0a7, getElementAttribute {"id":":wdc:1362481216745","name":"value"}]
Mar 05, 2013 1:00:16 PM org.openqa.selenium.remote.RemoteWebDriver log
INFO: Executing: sendKeysToElement [8b3bcef18cb03aea2365d8f03934f0a7, sendKeysToElement {"id":":wdc:1362481216745","value":["/tmp/test228328843215485406txt"]}]
Mar 05, 2013 1:00:17 PM org.openqa.selenium.remote.RemoteWebDriver log
INFO: Executed: [8b3bcef18cb03aea2365d8f03934f0a7, sendKeysToElement {"id":":wdc:1362481216745","value":["/tmp/test228328843215485406txt"]}]
Mar 05, 2013 1:00:17 PM org.openqa.selenium.remote.RemoteWebDriver log
INFO: Executing: getElementAttribute [8b3bcef18cb03aea2365d8f03934f0a7, getElementAttribute {"id":":wdc:1362481216745","name":"value"}]
Mar 05, 2013 1:00:17 PM org.openqa.selenium.remote.RemoteWebDriver log
INFO: Executed: [8b3bcef18cb03aea2365d8f03934f0a7, getElementAttribute {"id":":wdc:1362481216745","name":"value"}]
Mar 05, 2013 1:00:17 PM org.openqa.selenium.remote.RemoteWebDriver log
INFO: Executing: executeScript [8b3bcef18cb03aea2365d8f03934f0a7, executeScript {"script":"return navigator.userAgent;","args":[]}]
Mar 05, 2013 1:00:17 PM org.openqa.selenium.remote.RemoteWebDriver log
INFO: Executed: [8b3bcef18cb03aea2365d8f03934f0a7, executeScript {"script":"return navigator.userAgent;","args":[]}]
Mar 05, 2013 1:00:17 PM org.openqa.selenium.remote.RemoteWebDriver log
INFO: Executing: get [8b3bcef18cb03aea2365d8f03934f0a7, get {"url":"http://lwo1-dhp-f35258.synapse.com:6432/common/xhtmlFormPage.xhtml"}]
Mar 05, 2013 1:00:17 PM org.openqa.selenium.remote.RemoteWebDriver log
INFO: Executed: [8b3bcef18cb03aea2365d8f03934f0a7, get {"url":"http://lwo1-dhp-f35258.synapse.com:6432/common/xhtmlFormPage.xhtml"}]
Mar 05, 2013 1:00:17 PM org.openqa.selenium.remote.RemoteWebDriver log
INFO: Executing: findElement [8b3bcef18cb03aea2365d8f03934f0a7, findElement {"using":"id","value":"file"}]
Mar 05, 2013 1:00:17 PM org.openqa.selenium.remote.RemoteWebDriver log
INFO: Executed: [8b3bcef18cb03aea2365d8f03934f0a7, findElement {"using":"id","value":"file"}]
Mar 05, 2013 1:00:17 PM org.openqa.selenium.remote.RemoteWebDriver log
INFO: Executing: getElementAttribute [8b3bcef18cb03aea2365d8f03934f0a7, getElementAttribute {"id":":wdc:1362481217444","name":"value"}]
Mar 05, 2013 1:00:17 PM org.openqa.selenium.remote.RemoteWebDriver log
INFO: Executed: [8b3bcef18cb03aea2365d8f03934f0a7, getElementAttribute {"id":":wdc:1362481217444","name":"value"}]
Mar 05, 2013 1:00:17 PM org.openqa.selenium.remote.RemoteWebDriver log
INFO: Executing: sendKeysToElement [8b3bcef18cb03aea2365d8f03934f0a7, sendKeysToElement {"id":":wdc:1362481217444","value":["/tmp/test6339612989501833505txt"]}]
Mar 05, 2013 1:00:17 PM org.openqa.selenium.remote.RemoteWebDriver log
INFO: Executed: [8b3bcef18cb03aea2365d8f03934f0a7, sendKeysToElement {"id":":wdc:1362481217444","value":["/tmp/test6339612989501833505txt"]}]
Mar 05, 2013 1:00:17 PM org.openqa.selenium.remote.RemoteWebDriver log
INFO: Executing: getElementAttribute [8b3bcef18cb03aea2365d8f03934f0a7, getElementAttribute {"id":":wdc:1362481217444","name":"value"}]
Mar 05, 2013 1:00:18 PM org.openqa.selenium.remote.RemoteWebDriver log
INFO: Executed: [8b3bcef18cb03aea2365d8f03934f0a7, getElementAttribute {"id":":wdc:1362481217444","name":"value"}]
Mar 05, 2013 1:00:18 PM org.openqa.selenium.remote.RemoteWebDriver log
INFO: Executing: get [8b3bcef18cb03aea2365d8f03934f0a7, get {"url":"http://lwo1-dhp-f35258.synapse.com:6432/common/formPage.html"}]
Mar 05, 2013 1:00:18 PM org.openqa.selenium.remote.RemoteWebDriver log
INFO: Executed: [8b3bcef18cb03aea2365d8f03934f0a7, get {"url":"http://lwo1-dhp-f35258.synapse.com:6432/common/formPage.html"}]
Mar 05, 2013 1:00:18 PM org.openqa.selenium.remote.RemoteWebDriver log
INFO: Executing: findElement [8b3bcef18cb03aea2365d8f03934f0a7, findElement {"using":"id","value":"upload"}]
Mar 05, 2013 1:00:18 PM org.openqa.selenium.remote.RemoteWebDriver log
INFO: Executed: [8b3bcef18cb03aea2365d8f03934f0a7, findElement {"using":"id","value":"upload"}]
Mar 05, 2013 1:00:18 PM org.openqa.selenium.remote.RemoteWebDriver log
INFO: Executing: getElementAttribute [8b3bcef18cb03aea2365d8f03934f0a7, getElementAttribute {"id":":wdc:1362481218123","name":"value"}]
Mar 05, 2013 1:00:18 PM org.openqa.selenium.remote.RemoteWebDriver log
INFO: Executed: [8b3bcef18cb03aea2365d8f03934f0a7, getElementAttribute {"id":":wdc:1362481218123","name":"value"}]
Mar 05, 2013 1:00:18 PM org.openqa.selenium.remote.RemoteWebDriver log
INFO: Executing: sendKeysToElement [8b3bcef18cb03aea2365d8f03934f0a7, sendKeysToElement {"id":":wdc:1362481218123","value":["/tmp/test97355773620991941txt"]}]
Mar 05, 2013 1:00:18 PM org.openqa.selenium.remote.RemoteWebDriver log
INFO: Executed: [8b3bcef18cb03aea2365d8f03934f0a7, sendKeysToElement {"id":":wdc:1362481218123","value":["/tmp/test97355773620991941txt"]}]
Mar 05, 2013 1:00:18 PM org.openqa.selenium.remote.RemoteWebDriver log
INFO: Executing: submitElement [8b3bcef18cb03aea2365d8f03934f0a7, submitElement {"id":":wdc:1362481218123"}]
Mar 05, 2013 1:00:18 PM org.openqa.selenium.remote.RemoteWebDriver log
INFO: Executed: [8b3bcef18cb03aea2365d8f03934f0a7, submitElement {"id":":wdc:1362481218123"}]
Mar 05, 2013 1:00:18 PM org.openqa.selenium.remote.RemoteWebDriver log
INFO: Executing: get [8b3bcef18cb03aea2365d8f03934f0a7, get {"url":"http://lwo1-dhp-f35258.synapse.com:6432/common/formPage.html"}]
Mar 05, 2013 1:00:18 PM org.openqa.selenium.remote.RemoteWebDriver log
INFO: Executed: [8b3bcef18cb03aea2365d8f03934f0a7, get {"url":"http://lwo1-dhp-f35258.synapse.com:6432/common/formPage.html"}]
Mar 05, 2013 1:00:18 PM org.openqa.selenium.remote.RemoteWebDriver log
INFO: Executing: findElement [8b3bcef18cb03aea2365d8f03934f0a7, findElement {"using":"id","value":"upload"}]
Mar 05, 2013 1:00:18 PM org.openqa.selenium.remote.RemoteWebDriver log
INFO: Executed: [8b3bcef18cb03aea2365d8f03934f0a7, findElement {"using":"id","value":"upload"}]
Mar 05, 2013 1:00:18 PM org.openqa.selenium.remote.RemoteWebDriver log
INFO: Executing: getElementAttribute [8b3bcef18cb03aea2365d8f03934f0a7, getElementAttribute {"id":":wdc:1362481218123","name":"value"}]
Mar 05, 2013 1:00:18 PM org.openqa.selenium.remote.RemoteWebDriver log
INFO: Executed: [8b3bcef18cb03aea2365d8f03934f0a7, getElementAttribute {"id":":wdc:1362481218123","name":"value"}]
Mar 05, 2013 1:00:18 PM org.openqa.selenium.remote.RemoteWebDriver log
INFO: Executing: get [8b3bcef18cb03aea2365d8f03934f0a7, get {"url":"http://lwo1-dhp-f35258.synapse.com:6432/common/formPage.html"}]
Mar 05, 2013 1:00:18 PM org.openqa.selenium.remote.RemoteWebDriver log
INFO: Executed: [8b3bcef18cb03aea2365d8f03934f0a7, get {"url":"http://lwo1-dhp-f35258.synapse.com:6432/common/formPage.html"}]
Mar 05, 2013 1:00:18 PM org.openqa.selenium.remote.RemoteWebDriver log
INFO: Executing: findElement [8b3bcef18cb03aea2365d8f03934f0a7, findElement {"using":"id","value":"working"}]
Mar 05, 2013 1:00:18 PM org.openqa.selenium.remote.RemoteWebDriver log
INFO: Executed: [8b3bcef18cb03aea2365d8f03934f0a7, findElement {"using":"id","value":"working"}]
Mar 05, 2013 1:00:18 PM org.openqa.selenium.remote.RemoteWebDriver log
INFO: Executing: sendKeysToElement [8b3bcef18cb03aea2365d8f03934f0a7, sendKeysToElement {"id":":wdc:1362481218985","value":["some"]}]
Mar 05, 2013 1:00:19 PM org.openqa.selenium.remote.RemoteWebDriver log
INFO: Executed: [8b3bcef18cb03aea2365d8f03934f0a7, sendKeysToElement {"id":":wdc:1362481218985","value":["some"]}]
Mar 05, 2013 1:00:19 PM org.openqa.selenium.remote.RemoteWebDriver log
INFO: Executing: getElementAttribute [8b3bcef18cb03aea2365d8f03934f0a7, getElementAttribute {"id":":wdc:1362481218985","name":"value"}]
Mar 05, 2013 1:00:19 PM org.openqa.selenium.remote.RemoteWebDriver log
INFO: Executed: [8b3bcef18cb03aea2365d8f03934f0a7, getElementAttribute {"id":":wdc:1362481218985","name":"value"}]
Mar 05, 2013 1:00:19 PM org.openqa.selenium.remote.RemoteWebDriver log
INFO: Executing: sendKeysToElement [8b3bcef18cb03aea2365d8f03934f0a7, sendKeysToElement {"id":":wdc:1362481218985","value":[" text"]}]
Mar 05, 2013 1:00:19 PM org.openqa.selenium.remote.RemoteWebDriver log
INFO: Executed: [8b3bcef18cb03aea2365d8f03934f0a7, sendKeysToElement {"id":":wdc:1362481218985","value":[" text"]}]
Mar 05, 2013 1:00:19 PM org.openqa.selenium.remote.RemoteWebDriver log
INFO: Executing: getElementAttribute [8b3bcef18cb03aea2365d8f03934f0a7, getElementAttribute {"id":":wdc:1362481218985","name":"value"}]
Mar 05, 2013 1:00:19 PM org.openqa.selenium.remote.RemoteWebDriver log
INFO: Executed: [8b3bcef18cb03aea2365d8f03934f0a7, getElementAttribute {"id":":wdc:1362481218985","name":"value"}]
Mar 05, 2013 1:00:19 PM org.openqa.selenium.remote.RemoteWebDriver log
INFO: Executing: get [8b3bcef18cb03aea2365d8f03934f0a7, get {"url":"http://lwo1-dhp-f35258.synapse.com:6432/common/formPage.html"}]
Mar 05, 2013 1:00:19 PM org.openqa.selenium.remote.RemoteWebDriver log
INFO: Executed: [8b3bcef18cb03aea2365d8f03934f0a7, get {"url":"http://lwo1-dhp-f35258.synapse.com:6432/common/formPage.html"}]
Mar 05, 2013 1:00:19 PM org.openqa.selenium.remote.RemoteWebDriver log
INFO: Executing: findElement [8b3bcef18cb03aea2365d8f03934f0a7, findElement {"using":"id","value":"inputWithText"}]
Mar 05, 2013 1:00:19 PM org.openqa.selenium.remote.RemoteWebDriver log
INFO: Executed: [8b3bcef18cb03aea2365d8f03934f0a7, findElement {"using":"id","value":"inputWithText"}]
Mar 05, 2013 1:00:19 PM org.openqa.selenium.remote.RemoteWebDriver log
INFO: Executing: sendKeysToElement [8b3bcef18cb03aea2365d8f03934f0a7, sendKeysToElement {"id":":wdc:1362481219810","value":[". Some text"]}]
Mar 05, 2013 1:00:20 PM org.openqa.selenium.remote.RemoteWebDriver log
INFO: Executed: [8b3bcef18cb03aea2365d8f03934f0a7, sendKeysToElement {"id":":wdc:1362481219810","value":[". Some text"]}]
Mar 05, 2013 1:00:20 PM org.openqa.selenium.remote.RemoteWebDriver log
INFO: Executing: getElementAttribute [8b3bcef18cb03aea2365d8f03934f0a7, getElementAttribute {"id":":wdc:1362481219810","name":"value"}]
Mar 05, 2013 1:00:20 PM org.openqa.selenium.remote.RemoteWebDriver log
INFO: Executed: [8b3bcef18cb03aea2365d8f03934f0a7, getElementAttribute {"id":":wdc:1362481219810","name":"value"}]
Mar 05, 2013 1:00:20 PM org.openqa.selenium.remote.RemoteWebDriver log
INFO: Executing: get [8b3bcef18cb03aea2365d8f03934f0a7, get {"url":"http://lwo1-dhp-f35258.synapse.com:6432/common/formPage.html"}]
Mar 05, 2013 1:00:20 PM org.openqa.selenium.remote.RemoteWebDriver log
INFO: Executed: [8b3bcef18cb03aea2365d8f03934f0a7, get {"url":"http://lwo1-dhp-f35258.synapse.com:6432/common/formPage.html"}]
Mar 05, 2013 1:00:20 PM org.openqa.selenium.remote.RemoteWebDriver log
INFO: Executing: findElement [8b3bcef18cb03aea2365d8f03934f0a7, findElement {"using":"id","value":"withText"}]
Mar 05, 2013 1:00:20 PM org.openqa.selenium.remote.RemoteWebDriver log
INFO: Executed: [8b3bcef18cb03aea2365d8f03934f0a7, findElement {"using":"id","value":"withText"}]
Mar 05, 2013 1:00:20 PM org.openqa.selenium.remote.RemoteWebDriver log
INFO: Executing: sendKeysToElement [8b3bcef18cb03aea2365d8f03934f0a7, sendKeysToElement {"id":":wdc:1362481220271","value":[". Some text"]}]
Mar 05, 2013 1:00:20 PM org.openqa.selenium.remote.RemoteWebDriver log
INFO: Executed: [8b3bcef18cb03aea2365d8f03934f0a7, sendKeysToElement {"id":":wdc:1362481220271","value":[". Some text"]}]
Mar 05, 2013 1:00:20 PM org.openqa.selenium.remote.RemoteWebDriver log
INFO: Executing: getElementAttribute [8b3bcef18cb03aea2365d8f03934f0a7, getElementAttribute {"id":":wdc:1362481220271","name":"value"}]
Mar 05, 2013 1:00:20 PM org.openqa.selenium.remote.RemoteWebDriver log
INFO: Executed: [8b3bcef18cb03aea2365d8f03934f0a7, getElementAttribute {"id":":wdc:1362481220271","name":"value"}]
Mar 05, 2013 1:00:20 PM org.openqa.selenium.remote.RemoteWebDriver log
INFO: Executing: get [8b3bcef18cb03aea2365d8f03934f0a7, get {"url":"http://lwo1-dhp-f35258.synapse.com:6432/common/formPage.html"}]
Mar 05, 2013 1:00:20 PM org.openqa.selenium.remote.RemoteWebDriver log
INFO: Executed: [8b3bcef18cb03aea2365d8f03934f0a7, get {"url":"http://lwo1-dhp-f35258.synapse.com:6432/common/formPage.html"}]
Mar 05, 2013 1:00:20 PM org.openqa.selenium.remote.RemoteWebDriver log
INFO: Executing: findElement [8b3bcef18cb03aea2365d8f03934f0a7, findElement {"using":"id","value":"working"}]
Mar 05, 2013 1:00:20 PM org.openqa.selenium.remote.RemoteWebDriver log
INFO: Executed: [8b3bcef18cb03aea2365d8f03934f0a7, findElement {"using":"id","value":"working"}]
Mar 05, 2013 1:00:20 PM org.openqa.selenium.remote.RemoteWebDriver log
INFO: Executing: sendKeysToElement [8b3bcef18cb03aea2365d8f03934f0a7, sendKeysToElement {"id":":wdc:1362481220726","value":["Some text"]}]
Mar 05, 2013 1:00:21 PM org.openqa.selenium.remote.RemoteWebDriver log
INFO: Executed: [8b3bcef18cb03aea2365d8f03934f0a7, sendKeysToElement {"id":":wdc:1362481220726","value":["Some text"]}]
Mar 05, 2013 1:00:21 PM org.openqa.selenium.remote.RemoteWebDriver log
INFO: Executing: getElementAttribute [8b3bcef18cb03aea2365d8f03934f0a7, getElementAttribute {"id":":wdc:1362481220726","name":"value"}]
Mar 05, 2013 1:00:21 PM org.openqa.selenium.remote.RemoteWebDriver log
INFO: Executed: [8b3bcef18cb03aea2365d8f03934f0a7, getElementAttribute {"id":":wdc:1362481220726","name":"value"}]
Mar 05, 2013 1:00:21 PM org.openqa.selenium.remote.RemoteWebDriver log
INFO: Executing: clearElement [8b3bcef18cb03aea2365d8f03934f0a7, clearElement {"id":":wdc:1362481220726"}]
Mar 05, 2013 1:00:21 PM org.openqa.selenium.remote.RemoteWebDriver log
INFO: Executed: [8b3bcef18cb03aea2365d8f03934f0a7, clearElement {"id":":wdc:1362481220726"}]
Mar 05, 2013 1:00:21 PM org.openqa.selenium.remote.RemoteWebDriver log
INFO: Executing: getElementAttribute [8b3bcef18cb03aea2365d8f03934f0a7, getElementAttribute {"id":":wdc:1362481220726","name":"value"}]
Mar 05, 2013 1:00:21 PM org.openqa.selenium.remote.RemoteWebDriver log
INFO: Executed: [8b3bcef18cb03aea2365d8f03934f0a7, getElementAttribute {"id":":wdc:1362481220726","name":"value"}]
Mar 05, 2013 1:00:21 PM org.openqa.selenium.remote.RemoteWebDriver log
INFO: Executing: get [8b3bcef18cb03aea2365d8f03934f0a7, get {"url":"http://lwo1-dhp-f35258.synapse.com:6432/common/formPage.html"}]
Mar 05, 2013 1:00:21 PM org.openqa.selenium.remote.RemoteWebDriver log
INFO: Executed: [8b3bcef18cb03aea2365d8f03934f0a7, get {"url":"http://lwo1-dhp-f35258.synapse.com:6432/common/formPage.html"}]
Mar 05, 2013 1:00:21 PM org.openqa.selenium.remote.RemoteWebDriver log
INFO: Executing: findElement [8b3bcef18cb03aea2365d8f03934f0a7, findElement {"using":"id","value":"working"}]
Mar 05, 2013 1:00:21 PM org.openqa.selenium.remote.RemoteWebDriver log
INFO: Executed: [8b3bcef18cb03aea2365d8f03934f0a7, findElement {"using":"id","value":"working"}]
Mar 05, 2013 1:00:21 PM org.openqa.selenium.remote.RemoteWebDriver log
INFO: Executing: getElementAttribute [8b3bcef18cb03aea2365d8f03934f0a7, getElementAttribute {"id":":wdc:1362481221379","name":"value"}]
Mar 05, 2013 1:00:21 PM org.openqa.selenium.remote.RemoteWebDriver log
INFO: Executed: [8b3bcef18cb03aea2365d8f03934f0a7, getElementAttribute {"id":":wdc:1362481221379","name":"value"}]
Mar 05, 2013 1:00:21 PM org.openqa.selenium.remote.RemoteWebDriver log
INFO: Executing: get [8b3bcef18cb03aea2365d8f03934f0a7, get {"url":"http://lwo1-dhp-f35258.synapse.com:6432/common/formPage.html"}]
Mar 05, 2013 1:00:21 PM org.openqa.selenium.remote.RemoteWebDriver log
INFO: Executed: [8b3bcef18cb03aea2365d8f03934f0a7, get {"url":"http://lwo1-dhp-f35258.synapse.com:6432/common/formPage.html"}]
Mar 05, 2013 1:00:21 PM org.openqa.selenium.remote.RemoteWebDriver log
INFO: Executing: findElement [8b3bcef18cb03aea2365d8f03934f0a7, findElement {"using":"id","value":"withText"}]
Mar 05, 2013 1:00:21 PM org.openqa.selenium.remote.RemoteWebDriver log
INFO: Executed: [8b3bcef18cb03aea2365d8f03934f0a7, findElement {"using":"id","value":"withText"}]
Mar 05, 2013 1:00:21 PM org.openqa.selenium.remote.RemoteWebDriver log
INFO: Executing: sendKeysToElement [8b3bcef18cb03aea2365d8f03934f0a7, sendKeysToElement {"id":":wdc:1362481221531","value":["Some text"]}]
Mar 05, 2013 1:00:21 PM org.openqa.selenium.remote.RemoteWebDriver log
INFO: Executed: [8b3bcef18cb03aea2365d8f03934f0a7, sendKeysToElement {"id":":wdc:1362481221531","value":["Some text"]}]
Mar 05, 2013 1:00:21 PM org.openqa.selenium.remote.RemoteWebDriver log
INFO: Executing: getElementAttribute [8b3bcef18cb03aea2365d8f03934f0a7, getElementAttribute {"id":":wdc:1362481221531","name":"value"}]
Mar 05, 2013 1:00:21 PM org.openqa.selenium.remote.RemoteWebDriver log
INFO: Executed: [8b3bcef18cb03aea2365d8f03934f0a7, getElementAttribute {"id":":wdc:1362481221531","name":"value"}]
Mar 05, 2013 1:00:21 PM org.openqa.selenium.remote.RemoteWebDriver log
INFO: Executing: clearElement [8b3bcef18cb03aea2365d8f03934f0a7, clearElement {"id":":wdc:1362481221531"}]
Mar 05, 2013 1:00:22 PM org.openqa.selenium.remote.RemoteWebDriver log
INFO: Executed: [8b3bcef18cb03aea2365d8f03934f0a7, clearElement {"id":":wdc:1362481221531"}]
Mar 05, 2013 1:00:22 PM org.openqa.selenium.remote.RemoteWebDriver log
INFO: Executing: getElementAttribute [8b3bcef18cb03aea2365d8f03934f0a7, getElementAttribute {"id":":wdc:1362481221531","name":"value"}]
Mar 05, 2013 1:00:22 PM org.openqa.selenium.remote.RemoteWebDriver log
INFO: Executed: [8b3bcef18cb03aea2365d8f03934f0a7, getElementAttribute {"id":":wdc:1362481221531","name":"value"}]
Mar 05, 2013 1:00:22 PM org.openqa.selenium.remote.RemoteWebDriver log
INFO: Executing: get [8b3bcef18cb03aea2365d8f03934f0a7, get {"url":"http://lwo1-dhp-f35258.synapse.com:6432/common/frameset.html"}]
Mar 05, 2013 1:00:22 PM org.openqa.selenium.remote.RemoteWebDriver log
INFO: Executed: [8b3bcef18cb03aea2365d8f03934f0a7, get {"url":"http://lwo1-dhp-f35258.synapse.com:6432/common/frameset.html"}]
Mar 05, 2013 1:00:22 PM org.openqa.selenium.remote.RemoteWebDriver log
INFO: Executing: findElement [8b3bcef18cb03aea2365d8f03934f0a7, findElement {"using":"tag name","value":"frameset"}]
Mar 05, 2013 1:00:22 PM org.openqa.selenium.remote.RemoteWebDriver log
INFO: Executed: [8b3bcef18cb03aea2365d8f03934f0a7, findElement {"using":"tag name","value":"frameset"}]
Mar 05, 2013 1:00:22 PM org.openqa.selenium.remote.RemoteWebDriver log
INFO: Executing: switchToFrame [8b3bcef18cb03aea2365d8f03934f0a7, switchToFrame {"id":null}]
Mar 05, 2013 1:00:22 PM org.openqa.selenium.remote.RemoteWebDriver log
INFO: Executed: [8b3bcef18cb03aea2365d8f03934f0a7, switchToFrame {"id":null}]
Mar 05, 2013 1:00:22 PM org.openqa.selenium.remote.RemoteWebDriver log
INFO: Executing: get [8b3bcef18cb03aea2365d8f03934f0a7, get {"url":"http://lwo1-dhp-f35258.synapse.com:6432/common/iframes.html"}]
Mar 05, 2013 1:00:22 PM org.openqa.selenium.remote.RemoteWebDriver log
INFO: Executed: [8b3bcef18cb03aea2365d8f03934f0a7, get {"url":"http://lwo1-dhp-f35258.synapse.com:6432/common/iframes.html"}]
Mar 05, 2013 1:00:22 PM org.openqa.selenium.remote.RemoteWebDriver log
INFO: Executing: findElement [8b3bcef18cb03aea2365d8f03934f0a7, findElement {"using":"id","value":"iframe_page_heading"}]
Mar 05, 2013 1:00:22 PM org.openqa.selenium.remote.RemoteWebDriver log
INFO: Executed: [8b3bcef18cb03aea2365d8f03934f0a7, findElement {"using":"id","value":"iframe_page_heading"}]
Mar 05, 2013 1:00:22 PM org.openqa.selenium.remote.RemoteWebDriver log
INFO: Executing: switchToFrame [8b3bcef18cb03aea2365d8f03934f0a7, switchToFrame {"id":null}]
Mar 05, 2013 1:00:22 PM org.openqa.selenium.remote.RemoteWebDriver log
INFO: Executed: [8b3bcef18cb03aea2365d8f03934f0a7, switchToFrame {"id":null}]
Mar 05, 2013 1:00:22 PM org.openqa.selenium.remote.RemoteWebDriver log
INFO: Executing: get [8b3bcef18cb03aea2365d8f03934f0a7, get {"url":"http://lwo1-dhp-f35258.synapse.com:6432/common/frameset.html"}]
Mar 05, 2013 1:00:23 PM org.openqa.selenium.remote.RemoteWebDriver log
INFO: Executed: [8b3bcef18cb03aea2365d8f03934f0a7, get {"url":"http://lwo1-dhp-f35258.synapse.com:6432/common/frameset.html"}]
Mar 05, 2013 1:00:23 PM org.openqa.selenium.remote.RemoteWebDriver log
INFO: Executing: switchToFrame [8b3bcef18cb03aea2365d8f03934f0a7, switchToFrame {"id":1}]
Mar 05, 2013 1:00:23 PM org.openqa.selenium.remote.RemoteWebDriver log
INFO: Executed: [8b3bcef18cb03aea2365d8f03934f0a7, switchToFrame {"id":1}]
Mar 05, 2013 1:00:23 PM org.openqa.selenium.remote.RemoteWebDriver log
INFO: Executing: findElement [8b3bcef18cb03aea2365d8f03934f0a7, findElement {"using":"id","value":"pageNumber"}]
Mar 05, 2013 1:00:23 PM org.openqa.selenium.remote.RemoteWebDriver log
INFO: Executed: [8b3bcef18cb03aea2365d8f03934f0a7, findElement {"using":"id","value":"pageNumber"}]
Mar 05, 2013 1:00:23 PM org.openqa.selenium.remote.RemoteWebDriver log
INFO: Executing: getElementText [8b3bcef18cb03aea2365d8f03934f0a7, getElementText {"id":":wdc:1362481223252"}]
Mar 05, 2013 1:00:23 PM org.openqa.selenium.remote.RemoteWebDriver log
INFO: Executed: [8b3bcef18cb03aea2365d8f03934f0a7, getElementText {"id":":wdc:1362481223252"}]
Mar 05, 2013 1:00:23 PM org.openqa.selenium.remote.RemoteWebDriver log
INFO: Executing: switchToFrame [8b3bcef18cb03aea2365d8f03934f0a7, switchToFrame {"id":null}]
Mar 05, 2013 1:00:23 PM org.openqa.selenium.remote.RemoteWebDriver log
INFO: Executed: [8b3bcef18cb03aea2365d8f03934f0a7, switchToFrame {"id":null}]
Mar 05, 2013 1:00:23 PM org.openqa.selenium.remote.RemoteWebDriver log
INFO: Executing: get [8b3bcef18cb03aea2365d8f03934f0a7, get {"url":"http://lwo1-dhp-f35258.synapse.com:6432/common/iframes.html"}]
Mar 05, 2013 1:00:23 PM org.openqa.selenium.remote.RemoteWebDriver log
INFO: Executed: [8b3bcef18cb03aea2365d8f03934f0a7, get {"url":"http://lwo1-dhp-f35258.synapse.com:6432/common/iframes.html"}]
Mar 05, 2013 1:00:23 PM org.openqa.selenium.remote.RemoteWebDriver log
INFO: Executing: switchToFrame [8b3bcef18cb03aea2365d8f03934f0a7, switchToFrame {"id":0}]
Mar 05, 2013 1:00:23 PM org.openqa.selenium.remote.RemoteWebDriver log
INFO: Executed: [8b3bcef18cb03aea2365d8f03934f0a7, switchToFrame {"id":0}]
Mar 05, 2013 1:00:23 PM org.openqa.selenium.remote.RemoteWebDriver log
INFO: Executing: findElement [8b3bcef18cb03aea2365d8f03934f0a7, findElement {"using":"name","value":"id-name1"}]
Mar 05, 2013 1:00:23 PM org.openqa.selenium.remote.RemoteWebDriver log
INFO: Executed: [8b3bcef18cb03aea2365d8f03934f0a7, findElement {"using":"name","value":"id-name1"}]
Mar 05, 2013 1:00:23 PM org.openqa.selenium.remote.RemoteWebDriver log
INFO: Executing: getElementAttribute [8b3bcef18cb03aea2365d8f03934f0a7, getElementAttribute {"id":":wdc:1362481223393","name":"value"}]
Mar 05, 2013 1:00:23 PM org.openqa.selenium.remote.RemoteWebDriver log
INFO: Executed: [8b3bcef18cb03aea2365d8f03934f0a7, getElementAttribute {"id":":wdc:1362481223393","name":"value"}]
Mar 05, 2013 1:00:23 PM org.openqa.selenium.remote.RemoteWebDriver log
INFO: Executing: switchToFrame [8b3bcef18cb03aea2365d8f03934f0a7, switchToFrame {"id":null}]
Mar 05, 2013 1:00:23 PM org.openqa.selenium.remote.RemoteWebDriver log
INFO: Executed: [8b3bcef18cb03aea2365d8f03934f0a7, switchToFrame {"id":null}]
Mar 05, 2013 1:00:23 PM org.openqa.selenium.remote.RemoteWebDriver log
INFO: Executing: get [8b3bcef18cb03aea2365d8f03934f0a7, get {"url":"http://lwo1-dhp-f35258.synapse.com:6432/common/frameset.html"}]
Mar 05, 2013 1:00:24 PM org.openqa.selenium.remote.RemoteWebDriver log
INFO: Executed: [8b3bcef18cb03aea2365d8f03934f0a7, get {"url":"http://lwo1-dhp-f35258.synapse.com:6432/common/frameset.html"}]
Mar 05, 2013 1:00:24 PM org.openqa.selenium.remote.RemoteWebDriver log
INFO: Executing: switchToFrame [8b3bcef18cb03aea2365d8f03934f0a7, switchToFrame {"id":"fourth"}]
Mar 05, 2013 1:00:24 PM org.openqa.selenium.remote.RemoteWebDriver log
INFO: Executed: [8b3bcef18cb03aea2365d8f03934f0a7, switchToFrame {"id":"fourth"}]
Mar 05, 2013 1:00:24 PM org.openqa.selenium.remote.RemoteWebDriver log
INFO: Executing: findElement [8b3bcef18cb03aea2365d8f03934f0a7, findElement {"using":"tag name","value":"frame"}]
Mar 05, 2013 1:00:24 PM org.openqa.selenium.remote.RemoteWebDriver log
INFO: Executed: [8b3bcef18cb03aea2365d8f03934f0a7, findElement {"using":"tag name","value":"frame"}]
Mar 05, 2013 1:00:24 PM org.openqa.selenium.remote.RemoteWebDriver log
INFO: Executing: getElementAttribute [8b3bcef18cb03aea2365d8f03934f0a7, getElementAttribute {"id":":wdc:1362481224056","name":"name"}]
Mar 05, 2013 1:00:24 PM org.openqa.selenium.remote.RemoteWebDriver log
INFO: Executed: [8b3bcef18cb03aea2365d8f03934f0a7, getElementAttribute {"id":":wdc:1362481224056","name":"name"}]
Mar 05, 2013 1:00:24 PM org.openqa.selenium.remote.RemoteWebDriver log
INFO: Executing: switchToFrame [8b3bcef18cb03aea2365d8f03934f0a7, switchToFrame {"id":null}]
Mar 05, 2013 1:00:24 PM org.openqa.selenium.remote.RemoteWebDriver log
INFO: Executed: [8b3bcef18cb03aea2365d8f03934f0a7, switchToFrame {"id":null}]
Mar 05, 2013 1:00:24 PM org.openqa.selenium.remote.RemoteWebDriver log
INFO: Executing: get [8b3bcef18cb03aea2365d8f03934f0a7, get {"url":"http://lwo1-dhp-f35258.synapse.com:6432/common/iframes.html"}]
Mar 05, 2013 1:00:24 PM org.openqa.selenium.remote.RemoteWebDriver log
INFO: Executed: [8b3bcef18cb03aea2365d8f03934f0a7, get {"url":"http://lwo1-dhp-f35258.synapse.com:6432/common/iframes.html"}]
Mar 05, 2013 1:00:24 PM org.openqa.selenium.remote.RemoteWebDriver log
INFO: Executing: switchToFrame [8b3bcef18cb03aea2365d8f03934f0a7, switchToFrame {"id":"iframe1-name"}]
Mar 05, 2013 1:00:24 PM org.openqa.selenium.remote.RemoteWebDriver log
INFO: Executed: [8b3bcef18cb03aea2365d8f03934f0a7, switchToFrame {"id":"iframe1-name"}]
Mar 05, 2013 1:00:24 PM org.openqa.selenium.remote.RemoteWebDriver log
INFO: Executing: findElement [8b3bcef18cb03aea2365d8f03934f0a7, findElement {"using":"name","value":"id-name1"}]
Mar 05, 2013 1:00:24 PM org.openqa.selenium.remote.RemoteWebDriver log
INFO: Executed: [8b3bcef18cb03aea2365d8f03934f0a7, findElement {"using":"name","value":"id-name1"}]
Mar 05, 2013 1:00:24 PM org.openqa.selenium.remote.RemoteWebDriver log
INFO: Executing: getElementAttribute [8b3bcef18cb03aea2365d8f03934f0a7, getElementAttribute {"id":":wdc:1362481224201","name":"value"}]
Mar 05, 2013 1:00:24 PM org.openqa.selenium.remote.RemoteWebDriver log
INFO: Executed: [8b3bcef18cb03aea2365d8f03934f0a7, getElementAttribute {"id":":wdc:1362481224201","name":"value"}]
Mar 05, 2013 1:00:24 PM org.openqa.selenium.remote.RemoteWebDriver log
INFO: Executing: switchToFrame [8b3bcef18cb03aea2365d8f03934f0a7, switchToFrame {"id":null}]
Mar 05, 2013 1:00:24 PM org.openqa.selenium.remote.RemoteWebDriver log
INFO: Executed: [8b3bcef18cb03aea2365d8f03934f0a7, switchToFrame {"id":null}]
Mar 05, 2013 1:00:24 PM org.openqa.selenium.remote.RemoteWebDriver log
INFO: Executing: get [8b3bcef18cb03aea2365d8f03934f0a7, get {"url":"http://lwo1-dhp-f35258.synapse.com:6432/common/frameset.html"}]
Mar 05, 2013 1:00:24 PM org.openqa.selenium.remote.RemoteWebDriver log
INFO: Executed: [8b3bcef18cb03aea2365d8f03934f0a7, get {"url":"http://lwo1-dhp-f35258.synapse.com:6432/common/frameset.html"}]
Mar 05, 2013 1:00:24 PM org.openqa.selenium.remote.RemoteWebDriver log
INFO: Executing: switchToFrame [8b3bcef18cb03aea2365d8f03934f0a7, switchToFrame {"id":"fifth"}]
Mar 05, 2013 1:00:24 PM org.openqa.selenium.remote.RemoteWebDriver log
INFO: Executed: [8b3bcef18cb03aea2365d8f03934f0a7, switchToFrame {"id":"fifth"}]
Mar 05, 2013 1:00:24 PM org.openqa.selenium.remote.RemoteWebDriver log
INFO: Executing: findElement [8b3bcef18cb03aea2365d8f03934f0a7, findElement {"using":"name","value":"windowOne"}]
Mar 05, 2013 1:00:24 PM org.openqa.selenium.remote.RemoteWebDriver log
INFO: Executed: [8b3bcef18cb03aea2365d8f03934f0a7, findElement {"using":"name","value":"windowOne"}]
Mar 05, 2013 1:00:24 PM org.openqa.selenium.remote.RemoteWebDriver log
INFO: Executing: getElementText [8b3bcef18cb03aea2365d8f03934f0a7, getElementText {"id":":wdc:1362481224857"}]
Mar 05, 2013 1:00:24 PM org.openqa.selenium.remote.RemoteWebDriver log
INFO: Executed: [8b3bcef18cb03aea2365d8f03934f0a7, getElementText {"id":":wdc:1362481224857"}]
Mar 05, 2013 1:00:24 PM org.openqa.selenium.remote.RemoteWebDriver log
INFO: Executing: switchToFrame [8b3bcef18cb03aea2365d8f03934f0a7, switchToFrame {"id":null}]
Mar 05, 2013 1:00:24 PM org.openqa.selenium.remote.RemoteWebDriver log
INFO: Executed: [8b3bcef18cb03aea2365d8f03934f0a7, switchToFrame {"id":null}]
Mar 05, 2013 1:00:24 PM org.openqa.selenium.remote.RemoteWebDriver log
INFO: Executing: get [8b3bcef18cb03aea2365d8f03934f0a7, get {"url":"http://lwo1-dhp-f35258.synapse.com:6432/common/iframes.html"}]
Mar 05, 2013 1:00:24 PM org.openqa.selenium.remote.RemoteWebDriver log
INFO: Executed: [8b3bcef18cb03aea2365d8f03934f0a7, get {"url":"http://lwo1-dhp-f35258.synapse.com:6432/common/iframes.html"}]
Mar 05, 2013 1:00:24 PM org.openqa.selenium.remote.RemoteWebDriver log
INFO: Executing: switchToFrame [8b3bcef18cb03aea2365d8f03934f0a7, switchToFrame {"id":"iframe1"}]
Mar 05, 2013 1:00:24 PM org.openqa.selenium.remote.RemoteWebDriver log
INFO: Executed: [8b3bcef18cb03aea2365d8f03934f0a7, switchToFrame {"id":"iframe1"}]
Mar 05, 2013 1:00:24 PM org.openqa.selenium.remote.RemoteWebDriver log
INFO: Executing: findElement [8b3bcef18cb03aea2365d8f03934f0a7, findElement {"using":"name","value":"id-name1"}]
Mar 05, 2013 1:00:25 PM org.openqa.selenium.remote.RemoteWebDriver log
INFO: Executed: [8b3bcef18cb03aea2365d8f03934f0a7, findElement {"using":"name","value":"id-name1"}]
Mar 05, 2013 1:00:25 PM org.openqa.selenium.remote.RemoteWebDriver log
INFO: Executing: getElementAttribute [8b3bcef18cb03aea2365d8f03934f0a7, getElementAttribute {"id":":wdc:1362481225002","name":"value"}]
Mar 05, 2013 1:00:25 PM org.openqa.selenium.remote.RemoteWebDriver log
INFO: Executed: [8b3bcef18cb03aea2365d8f03934f0a7, getElementAttribute {"id":":wdc:1362481225002","name":"value"}]
Mar 05, 2013 1:00:25 PM org.openqa.selenium.remote.RemoteWebDriver log
INFO: Executing: switchToFrame [8b3bcef18cb03aea2365d8f03934f0a7, switchToFrame {"id":null}]
Mar 05, 2013 1:00:25 PM org.openqa.selenium.remote.RemoteWebDriver log
INFO: Executed: [8b3bcef18cb03aea2365d8f03934f0a7, switchToFrame {"id":null}]
Mar 05, 2013 1:00:25 PM org.openqa.selenium.remote.RemoteWebDriver log
INFO: Executing: get [8b3bcef18cb03aea2365d8f03934f0a7, get {"url":"http://lwo1-dhp-f35258.synapse.com:6432/common/frameset.html"}]
Mar 05, 2013 1:00:25 PM org.openqa.selenium.remote.RemoteWebDriver log
INFO: Executed: [8b3bcef18cb03aea2365d8f03934f0a7, get {"url":"http://lwo1-dhp-f35258.synapse.com:6432/common/frameset.html"}]
Mar 05, 2013 1:00:25 PM org.openqa.selenium.remote.RemoteWebDriver log
INFO: Executing: switchToFrame [8b3bcef18cb03aea2365d8f03934f0a7, switchToFrame {"id":"sixth.iframe1"}]
Mar 05, 2013 1:00:25 PM org.openqa.selenium.remote.RemoteWebDriver log
INFO: Executed: [8b3bcef18cb03aea2365d8f03934f0a7, switchToFrame {"id":"sixth.iframe1"}]
Mar 05, 2013 1:00:25 PM org.openqa.selenium.remote.RemoteWebDriver log
INFO: Executing: findElement [8b3bcef18cb03aea2365d8f03934f0a7, findElement {"using":"tag name","value":"body"}]
Mar 05, 2013 1:00:25 PM org.openqa.selenium.remote.RemoteWebDriver log
INFO: Executed: [8b3bcef18cb03aea2365d8f03934f0a7, findElement {"using":"tag name","value":"body"}]
Mar 05, 2013 1:00:25 PM org.openqa.selenium.remote.RemoteWebDriver log
INFO: Executing: getElementText [8b3bcef18cb03aea2365d8f03934f0a7, getElementText {"id":":wdc:1362481225666"}]
Mar 05, 2013 1:00:25 PM org.openqa.selenium.remote.RemoteWebDriver log
INFO: Executed: [8b3bcef18cb03aea2365d8f03934f0a7, getElementText {"id":":wdc:1362481225666"}]
Mar 05, 2013 1:00:25 PM org.openqa.selenium.remote.RemoteWebDriver log
INFO: Executing: switchToFrame [8b3bcef18cb03aea2365d8f03934f0a7, switchToFrame {"id":null}]
Mar 05, 2013 1:00:25 PM org.openqa.selenium.remote.RemoteWebDriver log
INFO: Executed: [8b3bcef18cb03aea2365d8f03934f0a7, switchToFrame {"id":null}]
Mar 05, 2013 1:00:25 PM org.openqa.selenium.remote.RemoteWebDriver log
INFO: Executing: get [8b3bcef18cb03aea2365d8f03934f0a7, get {"url":"http://lwo1-dhp-f35258.synapse.com:6432/common/frameset.html"}]
Mar 05, 2013 1:00:26 PM org.openqa.selenium.remote.RemoteWebDriver log
INFO: Executed: [8b3bcef18cb03aea2365d8f03934f0a7, get {"url":"http://lwo1-dhp-f35258.synapse.com:6432/common/frameset.html"}]
Mar 05, 2013 1:00:26 PM org.openqa.selenium.remote.RemoteWebDriver log
INFO: Executing: findElement [8b3bcef18cb03aea2365d8f03934f0a7, findElement {"using":"tag name","value":"frame"}]
Mar 05, 2013 1:00:26 PM org.openqa.selenium.remote.RemoteWebDriver log
INFO: Executed: [8b3bcef18cb03aea2365d8f03934f0a7, findElement {"using":"tag name","value":"frame"}]
Mar 05, 2013 1:00:26 PM org.openqa.selenium.remote.RemoteWebDriver log
INFO: Executing: switchToFrame [8b3bcef18cb03aea2365d8f03934f0a7, switchToFrame {"id":{"ELEMENT":":wdc:1362481226266"}}]
Mar 05, 2013 1:00:26 PM org.openqa.selenium.remote.RemoteWebDriver log
INFO: Executed: [8b3bcef18cb03aea2365d8f03934f0a7, switchToFrame {"id":{"ELEMENT":":wdc:1362481226266"}}]
Mar 05, 2013 1:00:26 PM org.openqa.selenium.remote.RemoteWebDriver log
INFO: Executing: findElement [8b3bcef18cb03aea2365d8f03934f0a7, findElement {"using":"id","value":"pageNumber"}]
Mar 05, 2013 1:00:26 PM org.openqa.selenium.remote.RemoteWebDriver log
INFO: Executed: [8b3bcef18cb03aea2365d8f03934f0a7, findElement {"using":"id","value":"pageNumber"}]
Mar 05, 2013 1:00:26 PM org.openqa.selenium.remote.RemoteWebDriver log
INFO: Executing: getElementText [8b3bcef18cb03aea2365d8f03934f0a7, getElementText {"id":":wdc:1362481226281"}]
Mar 05, 2013 1:00:26 PM org.openqa.selenium.remote.RemoteWebDriver log
INFO: Executed: [8b3bcef18cb03aea2365d8f03934f0a7, getElementText {"id":":wdc:1362481226281"}]
Mar 05, 2013 1:00:26 PM org.openqa.selenium.remote.RemoteWebDriver log
INFO: Executing: switchToFrame [8b3bcef18cb03aea2365d8f03934f0a7, switchToFrame {"id":null}]
Mar 05, 2013 1:00:26 PM org.openqa.selenium.remote.RemoteWebDriver log
INFO: Executed: [8b3bcef18cb03aea2365d8f03934f0a7, switchToFrame {"id":null}]
Mar 05, 2013 1:00:26 PM org.openqa.selenium.remote.RemoteWebDriver log
INFO: Executing: get [8b3bcef18cb03aea2365d8f03934f0a7, get {"url":"http://lwo1-dhp-f35258.synapse.com:6432/common/iframes.html"}]
Mar 05, 2013 1:00:26 PM org.openqa.selenium.remote.RemoteWebDriver log
INFO: Executed: [8b3bcef18cb03aea2365d8f03934f0a7, get {"url":"http://lwo1-dhp-f35258.synapse.com:6432/common/iframes.html"}]
Mar 05, 2013 1:00:26 PM org.openqa.selenium.remote.RemoteWebDriver log
INFO: Executing: findElement [8b3bcef18cb03aea2365d8f03934f0a7, findElement {"using":"tag name","value":"iframe"}]
Mar 05, 2013 1:00:26 PM org.openqa.selenium.remote.RemoteWebDriver log
INFO: Executed: [8b3bcef18cb03aea2365d8f03934f0a7, findElement {"using":"tag name","value":"iframe"}]
Mar 05, 2013 1:00:26 PM org.openqa.selenium.remote.RemoteWebDriver log
INFO: Executing: switchToFrame [8b3bcef18cb03aea2365d8f03934f0a7, switchToFrame {"id":{"ELEMENT":":wdc:1362481226415"}}]
Mar 05, 2013 1:00:26 PM org.openqa.selenium.remote.RemoteWebDriver log
INFO: Executed: [8b3bcef18cb03aea2365d8f03934f0a7, switchToFrame {"id":{"ELEMENT":":wdc:1362481226415"}}]
Mar 05, 2013 1:00:26 PM org.openqa.selenium.remote.RemoteWebDriver log
INFO: Executing: findElement [8b3bcef18cb03aea2365d8f03934f0a7, findElement {"using":"name","value":"id-name1"}]
Mar 05, 2013 1:00:26 PM org.openqa.selenium.remote.RemoteWebDriver log
INFO: Executed: [8b3bcef18cb03aea2365d8f03934f0a7, findElement {"using":"name","value":"id-name1"}]
Mar 05, 2013 1:00:26 PM org.openqa.selenium.remote.RemoteWebDriver log
INFO: Executing: getElementAttribute [8b3bcef18cb03aea2365d8f03934f0a7, getElementAttribute {"id":":wdc:1362481226514","name":"value"}]
Mar 05, 2013 1:00:26 PM org.openqa.selenium.remote.RemoteWebDriver log
INFO: Executed: [8b3bcef18cb03aea2365d8f03934f0a7, getElementAttribute {"id":":wdc:1362481226514","name":"value"}]
Mar 05, 2013 1:00:26 PM org.openqa.selenium.remote.RemoteWebDriver log
INFO: Executing: switchToFrame [8b3bcef18cb03aea2365d8f03934f0a7, switchToFrame {"id":null}]
Mar 05, 2013 1:00:26 PM org.openqa.selenium.remote.RemoteWebDriver log
INFO: Executed: [8b3bcef18cb03aea2365d8f03934f0a7, switchToFrame {"id":null}]
Mar 05, 2013 1:00:26 PM org.openqa.selenium.remote.RemoteWebDriver log
INFO: Executing: get [8b3bcef18cb03aea2365d8f03934f0a7, get {"url":"http://lwo1-dhp-f35258.synapse.com:6432/common/frameset.html"}]
Mar 05, 2013 1:00:27 PM org.openqa.selenium.remote.RemoteWebDriver log
INFO: Executed: [8b3bcef18cb03aea2365d8f03934f0a7, get {"url":"http://lwo1-dhp-f35258.synapse.com:6432/common/frameset.html"}]
Mar 05, 2013 1:00:27 PM org.openqa.selenium.remote.RemoteWebDriver log
INFO: Executing: findElement [8b3bcef18cb03aea2365d8f03934f0a7, findElement {"using":"tag name","value":"frameset"}]
Mar 05, 2013 1:00:27 PM org.openqa.selenium.remote.RemoteWebDriver log
INFO: Executed: [8b3bcef18cb03aea2365d8f03934f0a7, findElement {"using":"tag name","value":"frameset"}]
Mar 05, 2013 1:00:27 PM org.openqa.selenium.remote.RemoteWebDriver log
INFO: Executing: switchToFrame [8b3bcef18cb03aea2365d8f03934f0a7, switchToFrame {"id":{"ELEMENT":":wdc:1362481227163"}}]
Mar 05, 2013 1:00:27 PM org.openqa.selenium.remote.RemoteWebDriver log
INFO: Executed: [8b3bcef18cb03aea2365d8f03934f0a7, switchToFrame {"id":{"ELEMENT":":wdc:1362481227163"}}]
Mar 05, 2013 1:00:27 PM org.openqa.selenium.remote.RemoteWebDriver log
INFO: Executing: switchToFrame [8b3bcef18cb03aea2365d8f03934f0a7, switchToFrame {"id":null}]
Mar 05, 2013 1:00:27 PM org.openqa.selenium.remote.RemoteWebDriver log
INFO: Executed: [8b3bcef18cb03aea2365d8f03934f0a7, switchToFrame {"id":null}]
Mar 05, 2013 1:00:27 PM org.openqa.selenium.remote.RemoteWebDriver log
INFO: Executing: get [8b3bcef18cb03aea2365d8f03934f0a7, get {"url":"http://lwo1-dhp-f35258.synapse.com:6432/common/frameset.html"}]
Mar 05, 2013 1:00:27 PM org.openqa.selenium.remote.RemoteWebDriver log
INFO: Executed: [8b3bcef18cb03aea2365d8f03934f0a7, get {"url":"http://lwo1-dhp-f35258.synapse.com:6432/common/frameset.html"}]
Mar 05, 2013 1:00:27 PM org.openqa.selenium.remote.RemoteWebDriver log
INFO: Executing: switchToFrame [8b3bcef18cb03aea2365d8f03934f0a7, switchToFrame {"id":"second"}]
Mar 05, 2013 1:00:27 PM org.openqa.selenium.remote.RemoteWebDriver log
INFO: Executed: [8b3bcef18cb03aea2365d8f03934f0a7, switchToFrame {"id":"second"}]
Mar 05, 2013 1:00:27 PM org.openqa.selenium.remote.RemoteWebDriver log
INFO: Executing: findElement [8b3bcef18cb03aea2365d8f03934f0a7, findElement {"using":"id","value":"pageNumber"}]
Mar 05, 2013 1:00:27 PM org.openqa.selenium.remote.RemoteWebDriver log
INFO: Executed: [8b3bcef18cb03aea2365d8f03934f0a7, findElement {"using":"id","value":"pageNumber"}]
Mar 05, 2013 1:00:27 PM org.openqa.selenium.remote.RemoteWebDriver log
INFO: Executing: getElementText [8b3bcef18cb03aea2365d8f03934f0a7, getElementText {"id":":wdc:1362481227697"}]
Mar 05, 2013 1:00:27 PM org.openqa.selenium.remote.RemoteWebDriver log
INFO: Executed: [8b3bcef18cb03aea2365d8f03934f0a7, getElementText {"id":":wdc:1362481227697"}]
Mar 05, 2013 1:00:27 PM org.openqa.selenium.remote.RemoteWebDriver log
INFO: Executing: switchToFrame [8b3bcef18cb03aea2365d8f03934f0a7, switchToFrame {"id":"third"}]
Mar 05, 2013 1:00:27 PM org.openqa.selenium.remote.RemoteWebDriver log
INFO: Executed: [8b3bcef18cb03aea2365d8f03934f0a7, switchToFrame {"id":"third"}]
Mar 05, 2013 1:00:27 PM org.openqa.selenium.remote.RemoteWebDriver log
INFO: Executing: switchToFrame [8b3bcef18cb03aea2365d8f03934f0a7, switchToFrame {"id":null}]
Mar 05, 2013 1:00:27 PM org.openqa.selenium.remote.RemoteWebDriver log
INFO: Executed: [8b3bcef18cb03aea2365d8f03934f0a7, switchToFrame {"id":null}]
Mar 05, 2013 1:00:27 PM org.openqa.selenium.remote.RemoteWebDriver log
INFO: Executing: switchToFrame [8b3bcef18cb03aea2365d8f03934f0a7, switchToFrame {"id":"third"}]
Mar 05, 2013 1:00:27 PM org.openqa.selenium.remote.RemoteWebDriver log
INFO: Executed: [8b3bcef18cb03aea2365d8f03934f0a7, switchToFrame {"id":"third"}]
Mar 05, 2013 1:00:27 PM org.openqa.selenium.remote.RemoteWebDriver log
INFO: Executing: switchToFrame [8b3bcef18cb03aea2365d8f03934f0a7, switchToFrame {"id":"second"}]
Mar 05, 2013 1:00:27 PM org.openqa.selenium.remote.RemoteWebDriver log
INFO: Executed: [8b3bcef18cb03aea2365d8f03934f0a7, switchToFrame {"id":"second"}]
Mar 05, 2013 1:00:27 PM org.openqa.selenium.remote.RemoteWebDriver log
INFO: Executing: switchToFrame [8b3bcef18cb03aea2365d8f03934f0a7, switchToFrame {"id":null}]
Mar 05, 2013 1:00:27 PM org.openqa.selenium.remote.RemoteWebDriver log
INFO: Executed: [8b3bcef18cb03aea2365d8f03934f0a7, switchToFrame {"id":null}]
Mar 05, 2013 1:00:27 PM org.openqa.selenium.remote.RemoteWebDriver log
INFO: Executing: switchToFrame [8b3bcef18cb03aea2365d8f03934f0a7, switchToFrame {"id":"second"}]
Mar 05, 2013 1:00:27 PM org.openqa.selenium.remote.RemoteWebDriver log
INFO: Executed: [8b3bcef18cb03aea2365d8f03934f0a7, switchToFrame {"id":"second"}]
Mar 05, 2013 1:00:27 PM org.openqa.selenium.remote.RemoteWebDriver log
INFO: Executing: findElement [8b3bcef18cb03aea2365d8f03934f0a7, findElement {"using":"id","value":"pageNumber"}]
Mar 05, 2013 1:00:27 PM org.openqa.selenium.remote.RemoteWebDriver log
INFO: Executed: [8b3bcef18cb03aea2365d8f03934f0a7, findElement {"using":"id","value":"pageNumber"}]
Mar 05, 2013 1:00:27 PM org.openqa.selenium.remote.RemoteWebDriver log
INFO: Executing: getElementText [8b3bcef18cb03aea2365d8f03934f0a7, getElementText {"id":":wdc:1362481227697"}]
Mar 05, 2013 1:00:28 PM org.openqa.selenium.remote.RemoteWebDriver log
INFO: Executed: [8b3bcef18cb03aea2365d8f03934f0a7, getElementText {"id":":wdc:1362481227697"}]
Mar 05, 2013 1:00:28 PM org.openqa.selenium.remote.RemoteWebDriver log
INFO: Executing: switchToFrame [8b3bcef18cb03aea2365d8f03934f0a7, switchToFrame {"id":null}]
Mar 05, 2013 1:00:28 PM org.openqa.selenium.remote.RemoteWebDriver log
INFO: Executed: [8b3bcef18cb03aea2365d8f03934f0a7, switchToFrame {"id":null}]
Mar 05, 2013 1:00:28 PM org.openqa.selenium.remote.RemoteWebDriver log
INFO: Executing: get [8b3bcef18cb03aea2365d8f03934f0a7, get {"url":"http://lwo1-dhp-f35258.synapse.com:6432/common/frameset.html"}]
Mar 05, 2013 1:00:28 PM org.openqa.selenium.remote.RemoteWebDriver log
INFO: Executed: [8b3bcef18cb03aea2365d8f03934f0a7, get {"url":"http://lwo1-dhp-f35258.synapse.com:6432/common/frameset.html"}]
Mar 05, 2013 1:00:28 PM org.openqa.selenium.remote.RemoteWebDriver log
INFO: Executing: switchToFrame [8b3bcef18cb03aea2365d8f03934f0a7, switchToFrame {"id":"fourth"}]
Mar 05, 2013 1:00:28 PM org.openqa.selenium.remote.RemoteWebDriver log
INFO: Executed: [8b3bcef18cb03aea2365d8f03934f0a7, switchToFrame {"id":"fourth"}]
Mar 05, 2013 1:00:28 PM org.openqa.selenium.remote.RemoteWebDriver log
INFO: Executing: switchToFrame [8b3bcef18cb03aea2365d8f03934f0a7, switchToFrame {"id":"child2"}]
Mar 05, 2013 1:00:28 PM org.openqa.selenium.remote.RemoteWebDriver log
INFO: Executed: [8b3bcef18cb03aea2365d8f03934f0a7, switchToFrame {"id":"child2"}]
Mar 05, 2013 1:00:28 PM org.openqa.selenium.remote.RemoteWebDriver log
INFO: Executing: findElement [8b3bcef18cb03aea2365d8f03934f0a7, findElement {"using":"id","value":"pageNumber"}]
Mar 05, 2013 1:00:28 PM org.openqa.selenium.remote.RemoteWebDriver log
INFO: Executed: [8b3bcef18cb03aea2365d8f03934f0a7, findElement {"using":"id","value":"pageNumber"}]
Mar 05, 2013 1:00:28 PM org.openqa.selenium.remote.RemoteWebDriver log
INFO: Executing: getElementText [8b3bcef18cb03aea2365d8f03934f0a7, getElementText {"id":":wdc:1362481228577"}]
Mar 05, 2013 1:00:28 PM org.openqa.selenium.remote.RemoteWebDriver log
INFO: Executed: [8b3bcef18cb03aea2365d8f03934f0a7, getElementText {"id":":wdc:1362481228577"}]
Mar 05, 2013 1:00:28 PM org.openqa.selenium.remote.RemoteWebDriver log
INFO: Executing: switchToFrame [8b3bcef18cb03aea2365d8f03934f0a7, switchToFrame {"id":null}]
Mar 05, 2013 1:00:28 PM org.openqa.selenium.remote.RemoteWebDriver log
INFO: Executed: [8b3bcef18cb03aea2365d8f03934f0a7, switchToFrame {"id":null}]
Mar 05, 2013 1:00:28 PM org.openqa.selenium.remote.RemoteWebDriver log
INFO: Executing: get [8b3bcef18cb03aea2365d8f03934f0a7, get {"url":"http://lwo1-dhp-f35258.synapse.com:6432/common/frameset.html"}]
Mar 05, 2013 1:00:29 PM org.openqa.selenium.remote.RemoteWebDriver log
INFO: Executed: [8b3bcef18cb03aea2365d8f03934f0a7, get {"url":"http://lwo1-dhp-f35258.synapse.com:6432/common/frameset.html"}]
Mar 05, 2013 1:00:29 PM org.openqa.selenium.remote.RemoteWebDriver log
INFO: Executing: switchToFrame [8b3bcef18cb03aea2365d8f03934f0a7, switchToFrame {"id":"fourth"}]
Mar 05, 2013 1:00:29 PM org.openqa.selenium.remote.RemoteWebDriver log
INFO: Executed: [8b3bcef18cb03aea2365d8f03934f0a7, switchToFrame {"id":"fourth"}]
Mar 05, 2013 1:00:29 PM org.openqa.selenium.remote.RemoteWebDriver log
INFO: Executing: switchToFrame [8b3bcef18cb03aea2365d8f03934f0a7, switchToFrame {"id":"second"}]
Mar 05, 2013 1:00:29 PM org.openqa.selenium.remote.RemoteWebDriver log
INFO: Executed: [8b3bcef18cb03aea2365d8f03934f0a7, switchToFrame {"id":"second"}]
Mar 05, 2013 1:00:29 PM org.openqa.selenium.remote.RemoteWebDriver log
INFO: Executing: switchToFrame [8b3bcef18cb03aea2365d8f03934f0a7, switchToFrame {"id":null}]
Mar 05, 2013 1:00:29 PM org.openqa.selenium.remote.RemoteWebDriver log
INFO: Executed: [8b3bcef18cb03aea2365d8f03934f0a7, switchToFrame {"id":null}]
Mar 05, 2013 1:00:29 PM org.openqa.selenium.remote.RemoteWebDriver log
INFO: Executing: get [8b3bcef18cb03aea2365d8f03934f0a7, get {"url":"http://lwo1-dhp-f35258.synapse.com:6432/common/xhtmlTest.html"}]
Mar 05, 2013 1:00:29 PM org.openqa.selenium.remote.RemoteWebDriver log
INFO: Executed: [8b3bcef18cb03aea2365d8f03934f0a7, get {"url":"http://lwo1-dhp-f35258.synapse.com:6432/common/xhtmlTest.html"}]
Mar 05, 2013 1:00:29 PM org.openqa.selenium.remote.RemoteWebDriver log
INFO: Executing: switchToFrame [8b3bcef18cb03aea2365d8f03934f0a7, switchToFrame {"id":"Nothing here"}]
Mar 05, 2013 1:00:29 PM org.openqa.selenium.remote.RemoteWebDriver log
INFO: Executed: [8b3bcef18cb03aea2365d8f03934f0a7, switchToFrame {"id":"Nothing here"}]
Mar 05, 2013 1:00:29 PM org.openqa.selenium.remote.RemoteWebDriver log
INFO: Executing: switchToFrame [8b3bcef18cb03aea2365d8f03934f0a7, switchToFrame {"id":null}]
Mar 05, 2013 1:00:29 PM org.openqa.selenium.remote.RemoteWebDriver log
INFO: Executed: [8b3bcef18cb03aea2365d8f03934f0a7, switchToFrame {"id":null}]
Mar 05, 2013 1:00:29 PM org.openqa.selenium.remote.RemoteWebDriver log
INFO: Executing: get [8b3bcef18cb03aea2365d8f03934f0a7, get {"url":"http://lwo1-dhp-f35258.synapse.com:6432/common/xhtmlTest.html"}]
Mar 05, 2013 1:00:29 PM org.openqa.selenium.remote.RemoteWebDriver log
INFO: Executed: [8b3bcef18cb03aea2365d8f03934f0a7, get {"url":"http://lwo1-dhp-f35258.synapse.com:6432/common/xhtmlTest.html"}]
Mar 05, 2013 1:00:29 PM org.openqa.selenium.remote.RemoteWebDriver log
INFO: Executing: switchToFrame [8b3bcef18cb03aea2365d8f03934f0a7, switchToFrame {"id":27}]
Mar 05, 2013 1:00:29 PM org.openqa.selenium.remote.RemoteWebDriver log
INFO: Executed: [8b3bcef18cb03aea2365d8f03934f0a7, switchToFrame {"id":27}]
Mar 05, 2013 1:00:29 PM org.openqa.selenium.remote.RemoteWebDriver log
INFO: Executing: switchToFrame [8b3bcef18cb03aea2365d8f03934f0a7, switchToFrame {"id":null}]
Mar 05, 2013 1:00:29 PM org.openqa.selenium.remote.RemoteWebDriver log
INFO: Executed: [8b3bcef18cb03aea2365d8f03934f0a7, switchToFrame {"id":null}]
Mar 05, 2013 1:00:29 PM org.openqa.selenium.remote.RemoteWebDriver log
INFO: Executing: get [8b3bcef18cb03aea2365d8f03934f0a7, get {"url":"http://lwo1-dhp-f35258.synapse.com:6432/common/frameset.html"}]
Mar 05, 2013 1:00:29 PM org.openqa.selenium.remote.RemoteWebDriver log
INFO: Executed: [8b3bcef18cb03aea2365d8f03934f0a7, get {"url":"http://lwo1-dhp-f35258.synapse.com:6432/common/frameset.html"}]
Mar 05, 2013 1:00:29 PM org.openqa.selenium.remote.RemoteWebDriver log
INFO: Executing: switchToFrame [8b3bcef18cb03aea2365d8f03934f0a7, switchToFrame {"id":2}]
Mar 05, 2013 1:00:29 PM org.openqa.selenium.remote.RemoteWebDriver log
INFO: Executed: [8b3bcef18cb03aea2365d8f03934f0a7, switchToFrame {"id":2}]
Mar 05, 2013 1:00:29 PM org.openqa.selenium.remote.RemoteWebDriver log
INFO: Executing: findElement [8b3bcef18cb03aea2365d8f03934f0a7, findElement {"using":"xpath","value":"//input[@name='checky']"}]
Mar 05, 2013 1:00:29 PM org.openqa.selenium.remote.RemoteWebDriver log
INFO: Executed: [8b3bcef18cb03aea2365d8f03934f0a7, findElement {"using":"xpath","value":"//input[@name='checky']"}]
Mar 05, 2013 1:00:29 PM org.openqa.selenium.remote.RemoteWebDriver log
INFO: Executing: clickElement [8b3bcef18cb03aea2365d8f03934f0a7, clickElement {"id":":wdc:1362481229780"}]
Mar 05, 2013 1:00:29 PM org.openqa.selenium.remote.RemoteWebDriver log
INFO: Executed: [8b3bcef18cb03aea2365d8f03934f0a7, clickElement {"id":":wdc:1362481229780"}]
Mar 05, 2013 1:00:29 PM org.openqa.selenium.remote.RemoteWebDriver log
INFO: Executing: submitElement [8b3bcef18cb03aea2365d8f03934f0a7, submitElement {"id":":wdc:1362481229780"}]
Mar 05, 2013 1:00:30 PM org.openqa.selenium.remote.RemoteWebDriver log
INFO: Executed: [8b3bcef18cb03aea2365d8f03934f0a7, submitElement {"id":":wdc:1362481229780"}]
Mar 05, 2013 1:00:30 PM org.openqa.selenium.remote.RemoteWebDriver log
INFO: Executing: findElement [8b3bcef18cb03aea2365d8f03934f0a7, findElement {"using":"xpath","value":"//p"}]
Mar 05, 2013 1:00:30 PM org.openqa.selenium.remote.RemoteWebDriver log
INFO: Executed: [8b3bcef18cb03aea2365d8f03934f0a7, findElement {"using":"xpath","value":"//p"}]
Mar 05, 2013 1:00:30 PM org.openqa.selenium.remote.RemoteWebDriver log
INFO: Executing: getElementText [8b3bcef18cb03aea2365d8f03934f0a7, getElementText {"id":":wdc:1362481230145"}]
Mar 05, 2013 1:00:30 PM org.openqa.selenium.remote.RemoteWebDriver log
INFO: Executed: [8b3bcef18cb03aea2365d8f03934f0a7, getElementText {"id":":wdc:1362481230145"}]
Mar 05, 2013 1:00:30 PM org.openqa.selenium.remote.RemoteWebDriver log
INFO: Executing: switchToFrame [8b3bcef18cb03aea2365d8f03934f0a7, switchToFrame {"id":null}]
Mar 05, 2013 1:00:30 PM org.openqa.selenium.remote.RemoteWebDriver log
INFO: Executed: [8b3bcef18cb03aea2365d8f03934f0a7, switchToFrame {"id":null}]
Mar 05, 2013 1:00:30 PM org.openqa.selenium.remote.RemoteWebDriver log
INFO: Executing: get [8b3bcef18cb03aea2365d8f03934f0a7, get {"url":"http://lwo1-dhp-f35258.synapse.com:6432/common/frameset.html"}]
Mar 05, 2013 1:00:30 PM org.openqa.selenium.remote.RemoteWebDriver log
INFO: Executed: [8b3bcef18cb03aea2365d8f03934f0a7, get {"url":"http://lwo1-dhp-f35258.synapse.com:6432/common/frameset.html"}]
Mar 05, 2013 1:00:30 PM org.openqa.selenium.remote.RemoteWebDriver log
INFO: Executing: switchToFrame [8b3bcef18cb03aea2365d8f03934f0a7, switchToFrame {"id":0}]
Mar 05, 2013 1:00:30 PM org.openqa.selenium.remote.RemoteWebDriver log
INFO: Executed: [8b3bcef18cb03aea2365d8f03934f0a7, switchToFrame {"id":0}]
Mar 05, 2013 1:00:30 PM org.openqa.selenium.remote.RemoteWebDriver log
INFO: Executing: findElement [8b3bcef18cb03aea2365d8f03934f0a7, findElement {"using":"link text","value":"top"}]
Mar 05, 2013 1:00:30 PM org.openqa.selenium.remote.RemoteWebDriver log
INFO: Executed: [8b3bcef18cb03aea2365d8f03934f0a7, findElement {"using":"link text","value":"top"}]
Mar 05, 2013 1:00:30 PM org.openqa.selenium.remote.RemoteWebDriver log
INFO: Executing: clickElement [8b3bcef18cb03aea2365d8f03934f0a7, clickElement {"id":":wdc:1362481230807"}]
Mar 05, 2013 1:00:30 PM org.openqa.selenium.remote.RemoteWebDriver log
INFO: Executed: [8b3bcef18cb03aea2365d8f03934f0a7, clickElement {"id":":wdc:1362481230807"}]
Mar 05, 2013 1:00:30 PM org.openqa.selenium.remote.RemoteWebDriver log
INFO: Executing: getTitle [8b3bcef18cb03aea2365d8f03934f0a7, getTitle {}]
Mar 05, 2013 1:00:31 PM org.openqa.selenium.remote.RemoteWebDriver log
INFO: Executed: [8b3bcef18cb03aea2365d8f03934f0a7, getTitle {}]
Mar 05, 2013 1:00:31 PM org.openqa.selenium.remote.RemoteWebDriver log
INFO: Executing: findElement [8b3bcef18cb03aea2365d8f03934f0a7, findElement {"using":"id","value":"only-exists-on-xhtmltest"}]
Mar 05, 2013 1:00:31 PM org.openqa.selenium.remote.RemoteWebDriver log
INFO: Executed: [8b3bcef18cb03aea2365d8f03934f0a7, findElement {"using":"id","value":"only-exists-on-xhtmltest"}]
Mar 05, 2013 1:00:31 PM org.openqa.selenium.remote.RemoteWebDriver log
INFO: Executing: switchToFrame [8b3bcef18cb03aea2365d8f03934f0a7, switchToFrame {"id":null}]
Mar 05, 2013 1:00:31 PM org.openqa.selenium.remote.RemoteWebDriver log
INFO: Executed: [8b3bcef18cb03aea2365d8f03934f0a7, switchToFrame {"id":null}]
Mar 05, 2013 1:00:31 PM org.openqa.selenium.remote.RemoteWebDriver log
INFO: Executing: get [8b3bcef18cb03aea2365d8f03934f0a7, get {"url":"http://lwo1-dhp-f35258.synapse.com:6432/common/iframes.html"}]
Mar 05, 2013 1:00:31 PM org.openqa.selenium.remote.RemoteWebDriver log
INFO: Executed: [8b3bcef18cb03aea2365d8f03934f0a7, get {"url":"http://lwo1-dhp-f35258.synapse.com:6432/common/iframes.html"}]
Mar 05, 2013 1:00:31 PM org.openqa.selenium.remote.RemoteWebDriver log
INFO: Executing: switchToFrame [8b3bcef18cb03aea2365d8f03934f0a7, switchToFrame {"id":0}]
Mar 05, 2013 1:00:31 PM org.openqa.selenium.remote.RemoteWebDriver log
INFO: Executed: [8b3bcef18cb03aea2365d8f03934f0a7, switchToFrame {"id":0}]
Mar 05, 2013 1:00:31 PM org.openqa.selenium.remote.RemoteWebDriver log
INFO: Executing: switchToFrame [8b3bcef18cb03aea2365d8f03934f0a7, switchToFrame {"id":null}]
Mar 05, 2013 1:00:31 PM org.openqa.selenium.remote.RemoteWebDriver log
INFO: Executed: [8b3bcef18cb03aea2365d8f03934f0a7, switchToFrame {"id":null}]
Mar 05, 2013 1:00:31 PM org.openqa.selenium.remote.RemoteWebDriver log
INFO: Executing: findElement [8b3bcef18cb03aea2365d8f03934f0a7, findElement {"using":"id","value":"iframe_page_heading"}]
Mar 05, 2013 1:00:31 PM org.openqa.selenium.remote.RemoteWebDriver log
INFO: Executed: [8b3bcef18cb03aea2365d8f03934f0a7, findElement {"using":"id","value":"iframe_page_heading"}]
Mar 05, 2013 1:00:31 PM org.openqa.selenium.remote.RemoteWebDriver log
INFO: Executing: switchToFrame [8b3bcef18cb03aea2365d8f03934f0a7, switchToFrame {"id":null}]
Mar 05, 2013 1:00:31 PM org.openqa.selenium.remote.RemoteWebDriver log
INFO: Executed: [8b3bcef18cb03aea2365d8f03934f0a7, switchToFrame {"id":null}]
Mar 05, 2013 1:00:31 PM org.openqa.selenium.remote.RemoteWebDriver log
INFO: Executing: get [8b3bcef18cb03aea2365d8f03934f0a7, get {"url":"http://lwo1-dhp-f35258.synapse.com:6432/common/iframes.html"}]
Mar 05, 2013 1:00:31 PM org.openqa.selenium.remote.RemoteWebDriver log
INFO: Executed: [8b3bcef18cb03aea2365d8f03934f0a7, get {"url":"http://lwo1-dhp-f35258.synapse.com:6432/common/iframes.html"}]
Mar 05, 2013 1:00:31 PM org.openqa.selenium.remote.RemoteWebDriver log
INFO: Executing: switchToFrame [8b3bcef18cb03aea2365d8f03934f0a7, switchToFrame {"id":0}]
Mar 05, 2013 1:00:31 PM org.openqa.selenium.remote.RemoteWebDriver log
INFO: Executed: [8b3bcef18cb03aea2365d8f03934f0a7, switchToFrame {"id":0}]
Mar 05, 2013 1:00:31 PM org.openqa.selenium.remote.RemoteWebDriver log
INFO: Executing: findElement [8b3bcef18cb03aea2365d8f03934f0a7, findElement {"using":"id","value":"submitButton"}]
Mar 05, 2013 1:00:31 PM org.openqa.selenium.remote.RemoteWebDriver log
INFO: Executed: [8b3bcef18cb03aea2365d8f03934f0a7, findElement {"using":"id","value":"submitButton"}]
Mar 05, 2013 1:00:31 PM org.openqa.selenium.remote.RemoteWebDriver log
INFO: Executing: clickElement [8b3bcef18cb03aea2365d8f03934f0a7, clickElement {"id":":wdc:1362481231229"}]
Mar 05, 2013 1:00:31 PM org.openqa.selenium.remote.RemoteWebDriver log
INFO: Executed: [8b3bcef18cb03aea2365d8f03934f0a7, clickElement {"id":":wdc:1362481231229"}]
Mar 05, 2013 1:00:31 PM org.openqa.selenium.remote.RemoteWebDriver log
INFO: Executing: findElement [8b3bcef18cb03aea2365d8f03934f0a7, findElement {"using":"id","value":"greeting"}]
Mar 05, 2013 1:00:31 PM org.openqa.selenium.remote.RemoteWebDriver log
INFO: Executed: [8b3bcef18cb03aea2365d8f03934f0a7, findElement {"using":"id","value":"greeting"}]
Mar 05, 2013 1:00:31 PM org.openqa.selenium.remote.RemoteWebDriver log
INFO: Executing: getElementText [8b3bcef18cb03aea2365d8f03934f0a7, getElementText {"id":":wdc:1362481231540"}]
Mar 05, 2013 1:00:31 PM org.openqa.selenium.remote.RemoteWebDriver log
INFO: Executed: [8b3bcef18cb03aea2365d8f03934f0a7, getElementText {"id":":wdc:1362481231540"}]
Mar 05, 2013 1:00:31 PM org.openqa.selenium.remote.RemoteWebDriver log
INFO: Executing: switchToFrame [8b3bcef18cb03aea2365d8f03934f0a7, switchToFrame {"id":null}]
Mar 05, 2013 1:00:31 PM org.openqa.selenium.remote.RemoteWebDriver log
INFO: Executed: [8b3bcef18cb03aea2365d8f03934f0a7, switchToFrame {"id":null}]
Mar 05, 2013 1:00:31 PM org.openqa.selenium.remote.RemoteWebDriver log
INFO: Executing: get [8b3bcef18cb03aea2365d8f03934f0a7, get {"url":"http://lwo1-dhp-f35258.synapse.com:6432/common/frameset.html"}]
Mar 05, 2013 1:00:32 PM org.openqa.selenium.remote.RemoteWebDriver log
INFO: Executed: [8b3bcef18cb03aea2365d8f03934f0a7, get {"url":"http://lwo1-dhp-f35258.synapse.com:6432/common/frameset.html"}]
Mar 05, 2013 1:00:32 PM org.openqa.selenium.remote.RemoteWebDriver log
INFO: Executing: switchToFrame [8b3bcef18cb03aea2365d8f03934f0a7, switchToFrame {"id":"third"}]
Mar 05, 2013 1:00:32 PM org.openqa.selenium.remote.RemoteWebDriver log
INFO: Executed: [8b3bcef18cb03aea2365d8f03934f0a7, switchToFrame {"id":"third"}]
Mar 05, 2013 1:00:32 PM org.openqa.selenium.remote.RemoteWebDriver log
INFO: Executing: findElement [8b3bcef18cb03aea2365d8f03934f0a7, findElement {"using":"id","value":"submitButton"}]
Mar 05, 2013 1:00:32 PM org.openqa.selenium.remote.RemoteWebDriver log
INFO: Executed: [8b3bcef18cb03aea2365d8f03934f0a7, findElement {"using":"id","value":"submitButton"}]
Mar 05, 2013 1:00:32 PM org.openqa.selenium.remote.RemoteWebDriver log
INFO: Executing: clickElement [8b3bcef18cb03aea2365d8f03934f0a7, clickElement {"id":":wdc:1362481232195"}]
Mar 05, 2013 1:00:32 PM org.openqa.selenium.remote.RemoteWebDriver log
INFO: Executed: [8b3bcef18cb03aea2365d8f03934f0a7, clickElement {"id":":wdc:1362481232195"}]
Mar 05, 2013 1:00:32 PM org.openqa.selenium.remote.RemoteWebDriver log
INFO: Executing: findElement [8b3bcef18cb03aea2365d8f03934f0a7, findElement {"using":"id","value":"greeting"}]
Mar 05, 2013 1:00:32 PM org.openqa.selenium.remote.RemoteWebDriver log
INFO: Executed: [8b3bcef18cb03aea2365d8f03934f0a7, findElement {"using":"id","value":"greeting"}]
Mar 05, 2013 1:00:32 PM org.openqa.selenium.remote.RemoteWebDriver log
INFO: Executing: getElementText [8b3bcef18cb03aea2365d8f03934f0a7, getElementText {"id":":wdc:1362481232438"}]
Mar 05, 2013 1:00:32 PM org.openqa.selenium.remote.RemoteWebDriver log
INFO: Executed: [8b3bcef18cb03aea2365d8f03934f0a7, getElementText {"id":":wdc:1362481232438"}]
Mar 05, 2013 1:00:32 PM org.openqa.selenium.remote.RemoteWebDriver log
INFO: Executing: switchToFrame [8b3bcef18cb03aea2365d8f03934f0a7, switchToFrame {"id":null}]
Mar 05, 2013 1:00:32 PM org.openqa.selenium.remote.RemoteWebDriver log
INFO: Executed: [8b3bcef18cb03aea2365d8f03934f0a7, switchToFrame {"id":null}]
Mar 05, 2013 1:00:32 PM org.openqa.selenium.remote.RemoteWebDriver log
INFO: Executing: switchToFrame [8b3bcef18cb03aea2365d8f03934f0a7, switchToFrame {"id":"third"}]
Mar 05, 2013 1:00:32 PM org.openqa.selenium.remote.RemoteWebDriver log
INFO: Executed: [8b3bcef18cb03aea2365d8f03934f0a7, switchToFrame {"id":"third"}]
Mar 05, 2013 1:00:32 PM org.openqa.selenium.remote.RemoteWebDriver log
INFO: Executing: findElement [8b3bcef18cb03aea2365d8f03934f0a7, findElement {"using":"id","value":"greeting"}]
Mar 05, 2013 1:00:32 PM org.openqa.selenium.remote.RemoteWebDriver log
INFO: Executed: [8b3bcef18cb03aea2365d8f03934f0a7, findElement {"using":"id","value":"greeting"}]
Mar 05, 2013 1:00:32 PM org.openqa.selenium.remote.RemoteWebDriver log
INFO: Executing: getElementText [8b3bcef18cb03aea2365d8f03934f0a7, getElementText {"id":":wdc:1362481232438"}]
Mar 05, 2013 1:00:32 PM org.openqa.selenium.remote.RemoteWebDriver log
INFO: Executed: [8b3bcef18cb03aea2365d8f03934f0a7, getElementText {"id":":wdc:1362481232438"}]
Mar 05, 2013 1:00:32 PM org.openqa.selenium.remote.RemoteWebDriver log
INFO: Executing: switchToFrame [8b3bcef18cb03aea2365d8f03934f0a7, switchToFrame {"id":null}]
Mar 05, 2013 1:00:32 PM org.openqa.selenium.remote.RemoteWebDriver log
INFO: Executed: [8b3bcef18cb03aea2365d8f03934f0a7, switchToFrame {"id":null}]
Mar 05, 2013 1:00:32 PM org.openqa.selenium.remote.RemoteWebDriver log
INFO: Executing: get [8b3bcef18cb03aea2365d8f03934f0a7, get {"url":"http://lwo1-dhp-f35258.synapse.com:6432/common/frameset.html"}]
Mar 05, 2013 1:00:33 PM org.openqa.selenium.remote.RemoteWebDriver log
INFO: Executed: [8b3bcef18cb03aea2365d8f03934f0a7, get {"url":"http://lwo1-dhp-f35258.synapse.com:6432/common/frameset.html"}]
Mar 05, 2013 1:00:33 PM org.openqa.selenium.remote.RemoteWebDriver log
INFO: Executing: switchToFrame [8b3bcef18cb03aea2365d8f03934f0a7, switchToFrame {"id":"sixth"}]
Mar 05, 2013 1:00:33 PM org.openqa.selenium.remote.RemoteWebDriver log
INFO: Executed: [8b3bcef18cb03aea2365d8f03934f0a7, switchToFrame {"id":"sixth"}]
Mar 05, 2013 1:00:33 PM org.openqa.selenium.remote.RemoteWebDriver log
INFO: Executing: switchToFrame [8b3bcef18cb03aea2365d8f03934f0a7, switchToFrame {"id":"iframe1"}]
Mar 05, 2013 1:00:33 PM org.openqa.selenium.remote.RemoteWebDriver log
INFO: Executed: [8b3bcef18cb03aea2365d8f03934f0a7, switchToFrame {"id":"iframe1"}]
Mar 05, 2013 1:00:33 PM org.openqa.selenium.remote.RemoteWebDriver log
INFO: Executing: findElement [8b3bcef18cb03aea2365d8f03934f0a7, findElement {"using":"id","value":"submitButton"}]
Mar 05, 2013 1:00:33 PM org.openqa.selenium.remote.RemoteWebDriver log
INFO: Executed: [8b3bcef18cb03aea2365d8f03934f0a7, findElement {"using":"id","value":"submitButton"}]
Mar 05, 2013 1:00:33 PM org.openqa.selenium.remote.RemoteWebDriver log
INFO: Executing: clickElement [8b3bcef18cb03aea2365d8f03934f0a7, clickElement {"id":":wdc:1362481233317"}]
Mar 05, 2013 1:00:33 PM org.openqa.selenium.remote.RemoteWebDriver log
INFO: Executed: [8b3bcef18cb03aea2365d8f03934f0a7, clickElement {"id":":wdc:1362481233317"}]
Mar 05, 2013 1:00:33 PM org.openqa.selenium.remote.RemoteWebDriver log
INFO: Executing: findElement [8b3bcef18cb03aea2365d8f03934f0a7, findElement {"using":"id","value":"greeting"}]
Mar 05, 2013 1:00:33 PM org.openqa.selenium.remote.RemoteWebDriver log
INFO: Executed: [8b3bcef18cb03aea2365d8f03934f0a7, findElement {"using":"id","value":"greeting"}]
Mar 05, 2013 1:00:33 PM org.openqa.selenium.remote.RemoteWebDriver log
INFO: Executing: getElementText [8b3bcef18cb03aea2365d8f03934f0a7, getElementText {"id":":wdc:1362481233760"}]
Mar 05, 2013 1:00:33 PM org.openqa.selenium.remote.RemoteWebDriver log
INFO: Executed: [8b3bcef18cb03aea2365d8f03934f0a7, getElementText {"id":":wdc:1362481233760"}]
Mar 05, 2013 1:00:33 PM org.openqa.selenium.remote.RemoteWebDriver log
INFO: Executing: switchToFrame [8b3bcef18cb03aea2365d8f03934f0a7, switchToFrame {"id":null}]
Mar 05, 2013 1:00:33 PM org.openqa.selenium.remote.RemoteWebDriver log
INFO: Executed: [8b3bcef18cb03aea2365d8f03934f0a7, switchToFrame {"id":null}]
Mar 05, 2013 1:00:33 PM org.openqa.selenium.remote.RemoteWebDriver log
INFO: Executing: switchToFrame [8b3bcef18cb03aea2365d8f03934f0a7, switchToFrame {"id":"sixth"}]
Mar 05, 2013 1:00:33 PM org.openqa.selenium.remote.RemoteWebDriver log
INFO: Executed: [8b3bcef18cb03aea2365d8f03934f0a7, switchToFrame {"id":"sixth"}]
Mar 05, 2013 1:00:33 PM org.openqa.selenium.remote.RemoteWebDriver log
INFO: Executing: switchToFrame [8b3bcef18cb03aea2365d8f03934f0a7, switchToFrame {"id":"iframe1"}]
Mar 05, 2013 1:00:33 PM org.openqa.selenium.remote.RemoteWebDriver log
INFO: Executed: [8b3bcef18cb03aea2365d8f03934f0a7, switchToFrame {"id":"iframe1"}]
Mar 05, 2013 1:00:33 PM org.openqa.selenium.remote.RemoteWebDriver log
INFO: Executing: findElement [8b3bcef18cb03aea2365d8f03934f0a7, findElement {"using":"id","value":"greeting"}]
Mar 05, 2013 1:00:34 PM org.openqa.selenium.remote.RemoteWebDriver log
INFO: Executed: [8b3bcef18cb03aea2365d8f03934f0a7, findElement {"using":"id","value":"greeting"}]
Mar 05, 2013 1:00:34 PM org.openqa.selenium.remote.RemoteWebDriver log
INFO: Executing: getElementText [8b3bcef18cb03aea2365d8f03934f0a7, getElementText {"id":":wdc:1362481233760"}]
Mar 05, 2013 1:00:34 PM org.openqa.selenium.remote.RemoteWebDriver log
INFO: Executed: [8b3bcef18cb03aea2365d8f03934f0a7, getElementText {"id":":wdc:1362481233760"}]
Mar 05, 2013 1:00:34 PM org.openqa.selenium.remote.RemoteWebDriver log
INFO: Executing: switchToFrame [8b3bcef18cb03aea2365d8f03934f0a7, switchToFrame {"id":null}]
Mar 05, 2013 1:00:34 PM org.openqa.selenium.remote.RemoteWebDriver log
INFO: Executed: [8b3bcef18cb03aea2365d8f03934f0a7, switchToFrame {"id":null}]
Mar 05, 2013 1:00:34 PM org.openqa.selenium.remote.RemoteWebDriver log
INFO: Executing: get [8b3bcef18cb03aea2365d8f03934f0a7, get {"url":"http://lwo1-dhp-f35258.synapse.com:6432/common/simpleTest.html"}]
Mar 05, 2013 1:00:34 PM org.openqa.selenium.remote.RemoteWebDriver log
INFO: Executed: [8b3bcef18cb03aea2365d8f03934f0a7, get {"url":"http://lwo1-dhp-f35258.synapse.com:6432/common/simpleTest.html"}]
Mar 05, 2013 1:00:34 PM org.openqa.selenium.remote.RemoteWebDriver log
INFO: Executing: close [8b3bcef18cb03aea2365d8f03934f0a7, close {}]
Mar 05, 2013 1:00:34 PM org.openqa.selenium.remote.RemoteWebDriver log
INFO: Executed: [8b3bcef18cb03aea2365d8f03934f0a7, close {}]
Mar 05, 2013 1:00:34 PM org.openqa.selenium.remote.RemoteWebDriver log
INFO: Executing: switchToFrame [8b3bcef18cb03aea2365d8f03934f0a7, switchToFrame {"id":null}]
Mar 05, 2013 1:00:34 PM org.openqa.selenium.remote.RemoteWebDriver log
INFO: Executed: [8b3bcef18cb03aea2365d8f03934f0a7, switchToFrame {"id":null}]
Mar 05, 2013 1:00:34 PM org.openqa.selenium.remote.RemoteWebDriver log
INFO: Executing: quit [8b3bcef18cb03aea2365d8f03934f0a7, quit {}]
Mar 05, 2013 1:00:34 PM org.openqa.selenium.remote.RemoteWebDriver log
INFO: Executed: [8b3bcef18cb03aea2365d8f03934f0a7, quit {}]
Mar 05, 2013 1:00:34 PM org.openqa.selenium.remote.RemoteWebDriver log
INFO: Executing: get [1540c223e0411062b0aef9bf56d1f7b8, get {"url":"http://lwo1-dhp-f35258.synapse.com:6432/common/iframes.html"}]
Mar 05, 2013 1:00:34 PM org.openqa.selenium.remote.RemoteWebDriver log
INFO: Executed: [1540c223e0411062b0aef9bf56d1f7b8, get {"url":"http://lwo1-dhp-f35258.synapse.com:6432/common/iframes.html"}]
Mar 05, 2013 1:00:34 PM org.openqa.selenium.remote.RemoteWebDriver log
INFO: Executing: switchToFrame [1540c223e0411062b0aef9bf56d1f7b8, switchToFrame {"id":"iframe1"}]
Mar 05, 2013 1:00:34 PM org.openqa.selenium.remote.RemoteWebDriver log
INFO: Executed: [1540c223e0411062b0aef9bf56d1f7b8, switchToFrame {"id":"iframe1"}]
Mar 05, 2013 1:00:34 PM org.openqa.selenium.remote.RemoteWebDriver log
INFO: Executing: findElement [1540c223e0411062b0aef9bf56d1f7b8, findElement {"using":"xpath","value":"//*[@id = 'changeme']"}]
Mar 05, 2013 1:00:34 PM org.openqa.selenium.remote.RemoteWebDriver log
INFO: Executed: [1540c223e0411062b0aef9bf56d1f7b8, findElement {"using":"xpath","value":"//*[@id = 'changeme']"}]
Mar 05, 2013 1:00:34 PM org.openqa.selenium.remote.RemoteWebDriver log
INFO: Executing: switchToFrame [1540c223e0411062b0aef9bf56d1f7b8, switchToFrame {"id":null}]
Mar 05, 2013 1:00:34 PM org.openqa.selenium.remote.RemoteWebDriver log
INFO: Executed: [1540c223e0411062b0aef9bf56d1f7b8, switchToFrame {"id":null}]
Mar 05, 2013 1:00:34 PM org.openqa.selenium.remote.RemoteWebDriver log
INFO: Executing: get [1540c223e0411062b0aef9bf56d1f7b8, get {"url":"http://lwo1-dhp-f35258.synapse.com:6432/common/frameset.html"}]
Mar 05, 2013 1:00:34 PM org.openqa.selenium.remote.RemoteWebDriver log
INFO: Executed: [1540c223e0411062b0aef9bf56d1f7b8, get {"url":"http://lwo1-dhp-f35258.synapse.com:6432/common/frameset.html"}]
Mar 05, 2013 1:00:34 PM org.openqa.selenium.remote.RemoteWebDriver log
INFO: Executing: switchToFrame [1540c223e0411062b0aef9bf56d1f7b8, switchToFrame {"id":"second"}]
Mar 05, 2013 1:00:34 PM org.openqa.selenium.remote.RemoteWebDriver log
INFO: Executed: [1540c223e0411062b0aef9bf56d1f7b8, switchToFrame {"id":"second"}]
Mar 05, 2013 1:00:34 PM org.openqa.selenium.remote.RemoteWebDriver log
INFO: Executing: getCurrentUrl [1540c223e0411062b0aef9bf56d1f7b8, getCurrentUrl {}]
Mar 05, 2013 1:00:34 PM org.openqa.selenium.remote.RemoteWebDriver log
INFO: Executed: [1540c223e0411062b0aef9bf56d1f7b8, getCurrentUrl {}]
Mar 05, 2013 1:00:34 PM org.openqa.selenium.remote.RemoteWebDriver log
INFO: Executing: get [1540c223e0411062b0aef9bf56d1f7b8, get {"url":"http://lwo1-dhp-f35258.synapse.com:6432/common/iframes.html"}]
Mar 05, 2013 1:00:34 PM org.openqa.selenium.remote.RemoteWebDriver log
INFO: Executed: [1540c223e0411062b0aef9bf56d1f7b8, get {"url":"http://lwo1-dhp-f35258.synapse.com:6432/common/iframes.html"}]
Mar 05, 2013 1:00:34 PM org.openqa.selenium.remote.RemoteWebDriver log
INFO: Executing: getCurrentUrl [1540c223e0411062b0aef9bf56d1f7b8, getCurrentUrl {}]
Mar 05, 2013 1:00:34 PM org.openqa.selenium.remote.RemoteWebDriver log
INFO: Executed: [1540c223e0411062b0aef9bf56d1f7b8, getCurrentUrl {}]
Mar 05, 2013 1:00:34 PM org.openqa.selenium.remote.RemoteWebDriver log
INFO: Executing: switchToFrame [1540c223e0411062b0aef9bf56d1f7b8, switchToFrame {"id":"iframe1"}]
Mar 05, 2013 1:00:34 PM org.openqa.selenium.remote.RemoteWebDriver log
INFO: Executed: [1540c223e0411062b0aef9bf56d1f7b8, switchToFrame {"id":"iframe1"}]
Mar 05, 2013 1:00:34 PM org.openqa.selenium.remote.RemoteWebDriver log
INFO: Executing: getCurrentUrl [1540c223e0411062b0aef9bf56d1f7b8, getCurrentUrl {}]
Mar 05, 2013 1:00:34 PM org.openqa.selenium.remote.RemoteWebDriver log
INFO: Executed: [1540c223e0411062b0aef9bf56d1f7b8, getCurrentUrl {}]
Mar 05, 2013 1:00:34 PM org.openqa.selenium.remote.RemoteWebDriver log
INFO: Executing: switchToFrame [1540c223e0411062b0aef9bf56d1f7b8, switchToFrame {"id":null}]
Mar 05, 2013 1:00:34 PM org.openqa.selenium.remote.RemoteWebDriver log
INFO: Executed: [1540c223e0411062b0aef9bf56d1f7b8, switchToFrame {"id":null}]
Mar 05, 2013 1:00:34 PM org.openqa.selenium.remote.RemoteWebDriver log
INFO: Executing: get [1540c223e0411062b0aef9bf56d1f7b8, get {"url":"http://lwo1-dhp-f35258.synapse.com:6432/common/deletingFrame.htm"}]
Mar 05, 2013 1:00:34 PM org.openqa.selenium.remote.RemoteWebDriver log
INFO: Executed: [1540c223e0411062b0aef9bf56d1f7b8, get {"url":"http://lwo1-dhp-f35258.synapse.com:6432/common/deletingFrame.htm"}]
Mar 05, 2013 1:00:34 PM org.openqa.selenium.remote.RemoteWebDriver log
INFO: Executing: switchToFrame [1540c223e0411062b0aef9bf56d1f7b8, switchToFrame {"id":"iframe1"}]
Mar 05, 2013 1:00:34 PM org.openqa.selenium.remote.RemoteWebDriver log
INFO: Executed: [1540c223e0411062b0aef9bf56d1f7b8, switchToFrame {"id":"iframe1"}]
Mar 05, 2013 1:00:34 PM org.openqa.selenium.remote.RemoteWebDriver log
INFO: Executing: findElement [1540c223e0411062b0aef9bf56d1f7b8, findElement {"using":"id","value":"killIframe"}]
Mar 05, 2013 1:00:34 PM org.openqa.selenium.remote.RemoteWebDriver log
INFO: Executed: [1540c223e0411062b0aef9bf56d1f7b8, findElement {"using":"id","value":"killIframe"}]
Mar 05, 2013 1:00:34 PM org.openqa.selenium.remote.RemoteWebDriver log
INFO: Executing: clickElement [1540c223e0411062b0aef9bf56d1f7b8, clickElement {"id":":wdc:1362481234882"}]
Mar 05, 2013 1:00:35 PM org.openqa.selenium.remote.RemoteWebDriver log
INFO: Executed: [1540c223e0411062b0aef9bf56d1f7b8, clickElement {"id":":wdc:1362481234882"}]
Mar 05, 2013 1:00:35 PM org.openqa.selenium.remote.RemoteWebDriver log
INFO: Executing: switchToFrame [1540c223e0411062b0aef9bf56d1f7b8, switchToFrame {"id":null}]
Mar 05, 2013 1:00:35 PM org.openqa.selenium.remote.RemoteWebDriver log
INFO: Executed: [1540c223e0411062b0aef9bf56d1f7b8, switchToFrame {"id":null}]
Mar 05, 2013 1:00:35 PM org.openqa.selenium.remote.RemoteWebDriver log
INFO: Executing: switchToFrame [1540c223e0411062b0aef9bf56d1f7b8, switchToFrame {"id":"iframe1"}]
Mar 05, 2013 1:00:35 PM org.openqa.selenium.remote.RemoteWebDriver log
INFO: Executed: [1540c223e0411062b0aef9bf56d1f7b8, switchToFrame {"id":"iframe1"}]
Mar 05, 2013 1:00:35 PM org.openqa.selenium.remote.RemoteWebDriver log
INFO: Executing: switchToFrame [1540c223e0411062b0aef9bf56d1f7b8, switchToFrame {"id":null}]
Mar 05, 2013 1:00:35 PM org.openqa.selenium.remote.RemoteWebDriver log
INFO: Executed: [1540c223e0411062b0aef9bf56d1f7b8, switchToFrame {"id":null}]
Mar 05, 2013 1:00:35 PM org.openqa.selenium.remote.RemoteWebDriver log
INFO: Executing: findElement [1540c223e0411062b0aef9bf56d1f7b8, findElement {"using":"id","value":"addBackFrame"}]
Mar 05, 2013 1:00:35 PM org.openqa.selenium.remote.RemoteWebDriver log
INFO: Executed: [1540c223e0411062b0aef9bf56d1f7b8, findElement {"using":"id","value":"addBackFrame"}]
Mar 05, 2013 1:00:35 PM org.openqa.selenium.remote.RemoteWebDriver log
INFO: Executing: clickElement [1540c223e0411062b0aef9bf56d1f7b8, clickElement {"id":":wdc:1362481234870"}]
Mar 05, 2013 1:00:35 PM org.openqa.selenium.remote.RemoteWebDriver log
INFO: Executed: [1540c223e0411062b0aef9bf56d1f7b8, clickElement {"id":":wdc:1362481234870"}]
Mar 05, 2013 1:00:35 PM org.openqa.selenium.remote.RemoteWebDriver log
INFO: Executing: findElement [1540c223e0411062b0aef9bf56d1f7b8, findElement {"using":"id","value":"iframe1"}]
Mar 05, 2013 1:00:35 PM org.openqa.selenium.remote.RemoteWebDriver log
INFO: Executed: [1540c223e0411062b0aef9bf56d1f7b8, findElement {"using":"id","value":"iframe1"}]
Mar 05, 2013 1:00:35 PM org.openqa.selenium.remote.RemoteWebDriver log
INFO: Executing: switchToFrame [1540c223e0411062b0aef9bf56d1f7b8, switchToFrame {"id":"iframe1"}]
Mar 05, 2013 1:00:35 PM org.openqa.selenium.remote.RemoteWebDriver log
INFO: Executed: [1540c223e0411062b0aef9bf56d1f7b8, switchToFrame {"id":"iframe1"}]
Mar 05, 2013 1:00:35 PM org.openqa.selenium.remote.RemoteWebDriver log
INFO: Executing: findElement [1540c223e0411062b0aef9bf56d1f7b8, findElement {"using":"id","value":"checkbox"}]
Mar 05, 2013 1:00:35 PM org.openqa.selenium.remote.RemoteWebDriver log
INFO: Executed: [1540c223e0411062b0aef9bf56d1f7b8, findElement {"using":"id","value":"checkbox"}]
Mar 05, 2013 1:00:35 PM org.openqa.selenium.remote.RemoteWebDriver log
INFO: Executing: switchToFrame [1540c223e0411062b0aef9bf56d1f7b8, switchToFrame {"id":null}]
Mar 05, 2013 1:00:35 PM org.openqa.selenium.remote.RemoteWebDriver log
INFO: Executed: [1540c223e0411062b0aef9bf56d1f7b8, switchToFrame {"id":null}]
Mar 05, 2013 1:00:35 PM org.openqa.selenium.remote.RemoteWebDriver log
INFO: Executing: get [1540c223e0411062b0aef9bf56d1f7b8, get {"url":"http://lwo1-dhp-f35258.synapse.com:6432/common/frameset.html"}]
Mar 05, 2013 1:00:35 PM org.openqa.selenium.remote.RemoteWebDriver log
INFO: Executed: [1540c223e0411062b0aef9bf56d1f7b8, get {"url":"http://lwo1-dhp-f35258.synapse.com:6432/common/frameset.html"}]
Mar 05, 2013 1:00:35 PM org.openqa.selenium.remote.RemoteWebDriver log
INFO: Executing: executeScript [1540c223e0411062b0aef9bf56d1f7b8, executeScript {"script":"return window == window.top","args":[]}]
Mar 05, 2013 1:00:35 PM org.openqa.selenium.remote.RemoteWebDriver log
INFO: Executed: [1540c223e0411062b0aef9bf56d1f7b8, executeScript {"script":"return window == window.top","args":[]}]
Mar 05, 2013 1:00:35 PM org.openqa.selenium.remote.RemoteWebDriver log
INFO: Executing: switchToFrame [1540c223e0411062b0aef9bf56d1f7b8, switchToFrame {"id":"third"}]
Mar 05, 2013 1:00:35 PM org.openqa.selenium.remote.RemoteWebDriver log
INFO: Executed: [1540c223e0411062b0aef9bf56d1f7b8, switchToFrame {"id":"third"}]
Mar 05, 2013 1:00:35 PM org.openqa.selenium.remote.RemoteWebDriver log
INFO: Executing: executeScript [1540c223e0411062b0aef9bf56d1f7b8, executeScript {"script":"return window != window.top","args":[]}]
Mar 05, 2013 1:00:35 PM org.openqa.selenium.remote.RemoteWebDriver log
INFO: Executed: [1540c223e0411062b0aef9bf56d1f7b8, executeScript {"script":"return window != window.top","args":[]}]
Mar 05, 2013 1:00:35 PM org.openqa.selenium.remote.RemoteWebDriver log
INFO: Executing: switchToFrame [1540c223e0411062b0aef9bf56d1f7b8, switchToFrame {"id":null}]
Mar 05, 2013 1:00:35 PM org.openqa.selenium.remote.RemoteWebDriver log
INFO: Executed: [1540c223e0411062b0aef9bf56d1f7b8, switchToFrame {"id":null}]
Mar 05, 2013 1:00:35 PM org.openqa.selenium.remote.RemoteWebDriver log
INFO: Executing: get [1540c223e0411062b0aef9bf56d1f7b8, get {"url":"http://lwo1-dhp-f35258.synapse.com:6432/common/selectPage.html"}]
Mar 05, 2013 1:00:36 PM org.openqa.selenium.remote.RemoteWebDriver log
INFO: Executed: [1540c223e0411062b0aef9bf56d1f7b8, get {"url":"http://lwo1-dhp-f35258.synapse.com:6432/common/selectPage.html"}]
Mar 05, 2013 1:00:36 PM org.openqa.selenium.remote.RemoteWebDriver log
INFO: Executing: findElement [1540c223e0411062b0aef9bf56d1f7b8, findElement {"using":"id","value":"selectWithMultipleEqualsMultiple"}]
Mar 05, 2013 1:00:36 PM org.openqa.selenium.remote.RemoteWebDriver log
INFO: Executed: [1540c223e0411062b0aef9bf56d1f7b8, findElement {"using":"id","value":"selectWithMultipleEqualsMultiple"}]
Mar 05, 2013 1:00:36 PM org.openqa.selenium.remote.RemoteWebDriver log
INFO: Executing: getElementAttribute [1540c223e0411062b0aef9bf56d1f7b8, getElementAttribute {"id":":wdc:1362481236008","name":"multiple"}]
Mar 05, 2013 1:00:36 PM org.openqa.selenium.remote.RemoteWebDriver log
INFO: Executed: [1540c223e0411062b0aef9bf56d1f7b8, getElementAttribute {"id":":wdc:1362481236008","name":"multiple"}]
Mar 05, 2013 1:00:36 PM org.openqa.selenium.remote.RemoteWebDriver log
INFO: Executing: get [1540c223e0411062b0aef9bf56d1f7b8, get {"url":"http://lwo1-dhp-f35258.synapse.com:6432/common/selectPage.html"}]
Mar 05, 2013 1:00:36 PM org.openqa.selenium.remote.RemoteWebDriver log
INFO: Executed: [1540c223e0411062b0aef9bf56d1f7b8, get {"url":"http://lwo1-dhp-f35258.synapse.com:6432/common/selectPage.html"}]
Mar 05, 2013 1:00:36 PM org.openqa.selenium.remote.RemoteWebDriver log
INFO: Executing: findElement [1540c223e0411062b0aef9bf56d1f7b8, findElement {"using":"id","value":"selectWithEmptyStringMultiple"}]
Mar 05, 2013 1:00:36 PM org.openqa.selenium.remote.RemoteWebDriver log
INFO: Executed: [1540c223e0411062b0aef9bf56d1f7b8, findElement {"using":"id","value":"selectWithEmptyStringMultiple"}]
Mar 05, 2013 1:00:36 PM org.openqa.selenium.remote.RemoteWebDriver log
INFO: Executing: getElementAttribute [1540c223e0411062b0aef9bf56d1f7b8, getElementAttribute {"id":":wdc:1362481236071","name":"multiple"}]
Mar 05, 2013 1:00:36 PM org.openqa.selenium.remote.RemoteWebDriver log
INFO: Executed: [1540c223e0411062b0aef9bf56d1f7b8, getElementAttribute {"id":":wdc:1362481236071","name":"multiple"}]
Mar 05, 2013 1:00:36 PM org.openqa.selenium.remote.RemoteWebDriver log
INFO: Executing: get [1540c223e0411062b0aef9bf56d1f7b8, get {"url":"http://lwo1-dhp-f35258.synapse.com:6432/common/selectPage.html"}]
Mar 05, 2013 1:00:36 PM org.openqa.selenium.remote.RemoteWebDriver log
INFO: Executed: [1540c223e0411062b0aef9bf56d1f7b8, get {"url":"http://lwo1-dhp-f35258.synapse.com:6432/common/selectPage.html"}]
Mar 05, 2013 1:00:36 PM org.openqa.selenium.remote.RemoteWebDriver log
INFO: Executing: findElement [1540c223e0411062b0aef9bf56d1f7b8, findElement {"using":"id","value":"selectWithMultipleWithoutValue"}]
Mar 05, 2013 1:00:36 PM org.openqa.selenium.remote.RemoteWebDriver log
INFO: Executed: [1540c223e0411062b0aef9bf56d1f7b8, findElement {"using":"id","value":"selectWithMultipleWithoutValue"}]
Mar 05, 2013 1:00:36 PM org.openqa.selenium.remote.RemoteWebDriver log
INFO: Executing: getElementAttribute [1540c223e0411062b0aef9bf56d1f7b8, getElementAttribute {"id":":wdc:1362481236231","name":"multiple"}]
Mar 05, 2013 1:00:36 PM org.openqa.selenium.remote.RemoteWebDriver log
INFO: Executed: [1540c223e0411062b0aef9bf56d1f7b8, getElementAttribute {"id":":wdc:1362481236231","name":"multiple"}]
Mar 05, 2013 1:00:36 PM org.openqa.selenium.remote.RemoteWebDriver log
INFO: Executing: get [1540c223e0411062b0aef9bf56d1f7b8, get {"url":"http://lwo1-dhp-f35258.synapse.com:6432/common/selectPage.html"}]
Mar 05, 2013 1:00:36 PM org.openqa.selenium.remote.RemoteWebDriver log
INFO: Executed: [1540c223e0411062b0aef9bf56d1f7b8, get {"url":"http://lwo1-dhp-f35258.synapse.com:6432/common/selectPage.html"}]
Mar 05, 2013 1:00:36 PM org.openqa.selenium.remote.RemoteWebDriver log
INFO: Executing: findElement [1540c223e0411062b0aef9bf56d1f7b8, findElement {"using":"id","value":"selectWithRandomMultipleValue"}]
Mar 05, 2013 1:00:36 PM org.openqa.selenium.remote.RemoteWebDriver log
INFO: Executed: [1540c223e0411062b0aef9bf56d1f7b8, findElement {"using":"id","value":"selectWithRandomMultipleValue"}]
Mar 05, 2013 1:00:36 PM org.openqa.selenium.remote.RemoteWebDriver log
INFO: Executing: getElementAttribute [1540c223e0411062b0aef9bf56d1f7b8, getElementAttribute {"id":":wdc:1362481236385","name":"multiple"}]
Mar 05, 2013 1:00:36 PM org.openqa.selenium.remote.RemoteWebDriver log
INFO: Executed: [1540c223e0411062b0aef9bf56d1f7b8, getElementAttribute {"id":":wdc:1362481236385","name":"multiple"}]
Mar 05, 2013 1:00:36 PM org.openqa.selenium.remote.RemoteWebDriver log
INFO: Executing: get [1540c223e0411062b0aef9bf56d1f7b8, get {"url":"http://lwo1-dhp-f35258.synapse.com:6432/common/cn-test.html"}]
Mar 05, 2013 1:00:36 PM org.openqa.selenium.remote.RemoteWebDriver log
INFO: Executed: [1540c223e0411062b0aef9bf56d1f7b8, get {"url":"http://lwo1-dhp-f35258.synapse.com:6432/common/cn-test.html"}]
Mar 05, 2013 1:00:36 PM org.openqa.selenium.remote.RemoteWebDriver log
INFO: Executing: findElement [1540c223e0411062b0aef9bf56d1f7b8, findElement {"using":"link text","value":"中国之声"}]
Mar 05, 2013 1:00:36 PM org.openqa.selenium.remote.RemoteWebDriver log
INFO: Executed: [1540c223e0411062b0aef9bf56d1f7b8, findElement {"using":"link text","value":"中国之声"}]
Mar 05, 2013 1:00:36 PM org.openqa.selenium.remote.RemoteWebDriver log
INFO: Executing: clickElement [1540c223e0411062b0aef9bf56d1f7b8, clickElement {"id":":wdc:1362481236565"}]
Mar 05, 2013 1:00:36 PM org.openqa.selenium.remote.RemoteWebDriver log
INFO: Executed: [1540c223e0411062b0aef9bf56d1f7b8, clickElement {"id":":wdc:1362481236565"}]
Mar 05, 2013 1:00:36 PM org.openqa.selenium.remote.RemoteWebDriver log
INFO: Executing: get [1540c223e0411062b0aef9bf56d1f7b8, get {"url":"http://lwo1-dhp-f35258.synapse.com:6432/common/cn-test.html"}]
Mar 05, 2013 1:00:36 PM org.openqa.selenium.remote.RemoteWebDriver log
INFO: Executed: [1540c223e0411062b0aef9bf56d1f7b8, get {"url":"http://lwo1-dhp-f35258.synapse.com:6432/common/cn-test.html"}]
Mar 05, 2013 1:00:36 PM org.openqa.selenium.remote.RemoteWebDriver log
INFO: Executing: findElement [1540c223e0411062b0aef9bf56d1f7b8, findElement {"using":"name","value":"i18n"}]
Mar 05, 2013 1:00:36 PM org.openqa.selenium.remote.RemoteWebDriver log
INFO: Executed: [1540c223e0411062b0aef9bf56d1f7b8, findElement {"using":"name","value":"i18n"}]
Mar 05, 2013 1:00:36 PM org.openqa.selenium.remote.RemoteWebDriver log
INFO: Executing: sendKeysToElement [1540c223e0411062b0aef9bf56d1f7b8, sendKeysToElement {"id":":wdc:1362481236717","value":["שלום"]}]
Mar 05, 2013 1:00:37 PM org.openqa.selenium.remote.RemoteWebDriver log
INFO: Executed: [1540c223e0411062b0aef9bf56d1f7b8, sendKeysToElement {"id":":wdc:1362481236717","value":["שלום"]}]
Mar 05, 2013 1:00:37 PM org.openqa.selenium.remote.RemoteWebDriver log
INFO: Executing: getElementAttribute [1540c223e0411062b0aef9bf56d1f7b8, getElementAttribute {"id":":wdc:1362481236717","name":"value"}]
Mar 05, 2013 1:00:37 PM org.openqa.selenium.remote.RemoteWebDriver log
INFO: Executed: [1540c223e0411062b0aef9bf56d1f7b8, getElementAttribute {"id":":wdc:1362481236717","name":"value"}]
Mar 05, 2013 1:00:37 PM org.openqa.selenium.remote.RemoteWebDriver log
INFO: Executing: get [1540c223e0411062b0aef9bf56d1f7b8, get {"url":"http://lwo1-dhp-f35258.synapse.com:6432/common/cn-test.html"}]
Mar 05, 2013 1:00:37 PM org.openqa.selenium.remote.RemoteWebDriver log
INFO: Executed: [1540c223e0411062b0aef9bf56d1f7b8, get {"url":"http://lwo1-dhp-f35258.synapse.com:6432/common/cn-test.html"}]
Mar 05, 2013 1:00:37 PM org.openqa.selenium.remote.RemoteWebDriver log
INFO: Executing: findElement [1540c223e0411062b0aef9bf56d1f7b8, findElement {"using":"name","value":"i18n"}]
Mar 05, 2013 1:00:37 PM org.openqa.selenium.remote.RemoteWebDriver log
INFO: Executed: [1540c223e0411062b0aef9bf56d1f7b8, findElement {"using":"name","value":"i18n"}]
Mar 05, 2013 1:00:37 PM org.openqa.selenium.remote.RemoteWebDriver log
INFO: Executing: sendKeysToElement [1540c223e0411062b0aef9bf56d1f7b8, sendKeysToElement {"id":":wdc:1362481237152","value":["תמונות"]}]
Mar 05, 2013 1:00:37 PM org.openqa.selenium.remote.RemoteWebDriver log
INFO: Executed: [1540c223e0411062b0aef9bf56d1f7b8, sendKeysToElement {"id":":wdc:1362481237152","value":["תמונות"]}]
Mar 05, 2013 1:00:37 PM org.openqa.selenium.remote.RemoteWebDriver log
INFO: Executing: getElementAttribute [1540c223e0411062b0aef9bf56d1f7b8, getElementAttribute {"id":":wdc:1362481237152","name":"value"}]
Mar 05, 2013 1:00:37 PM org.openqa.selenium.remote.RemoteWebDriver log
INFO: Executed: [1540c223e0411062b0aef9bf56d1f7b8, getElementAttribute {"id":":wdc:1362481237152","name":"value"}]
Mar 05, 2013 1:00:37 PM org.openqa.selenium.remote.RemoteWebDriver log
INFO: Executing: get [1540c223e0411062b0aef9bf56d1f7b8, get {"url":"http://lwo1-dhp-f35258.synapse.com:6432/common/encoding"}]
Mar 05, 2013 1:00:37 PM org.openqa.selenium.remote.RemoteWebDriver log
INFO: Executed: [1540c223e0411062b0aef9bf56d1f7b8, get {"url":"http://lwo1-dhp-f35258.synapse.com:6432/common/encoding"}]
Mar 05, 2013 1:00:37 PM org.openqa.selenium.remote.RemoteWebDriver log
INFO: Executing: findElement [1540c223e0411062b0aef9bf56d1f7b8, findElement {"using":"tag name","value":"body"}]
Mar 05, 2013 1:00:37 PM org.openqa.selenium.remote.RemoteWebDriver log
INFO: Executed: [1540c223e0411062b0aef9bf56d1f7b8, findElement {"using":"tag name","value":"body"}]
Mar 05, 2013 1:00:37 PM org.openqa.selenium.remote.RemoteWebDriver log
INFO: Executing: getElementText [1540c223e0411062b0aef9bf56d1f7b8, getElementText {"id":":wdc:1362481237607"}]
Mar 05, 2013 1:00:37 PM org.openqa.selenium.remote.RemoteWebDriver log
INFO: Executed: [1540c223e0411062b0aef9bf56d1f7b8, getElementText {"id":":wdc:1362481237607"}]
Mar 05, 2013 1:00:37 PM org.openqa.selenium.remote.RemoteWebDriver log
INFO: Executing: implicitlyWait [1540c223e0411062b0aef9bf56d1f7b8, implicitlyWait {"ms":0}]
Mar 05, 2013 1:00:37 PM org.openqa.selenium.remote.RemoteWebDriver log
INFO: Executed: [1540c223e0411062b0aef9bf56d1f7b8, implicitlyWait {"ms":0}]
Mar 05, 2013 1:00:37 PM org.openqa.selenium.remote.RemoteWebDriver log
INFO: Executing: get [1540c223e0411062b0aef9bf56d1f7b8, get {"url":"http://lwo1-dhp-f35258.synapse.com:6432/common/dynamic.html"}]
Mar 05, 2013 1:00:37 PM org.openqa.selenium.remote.RemoteWebDriver log
INFO: Executed: [1540c223e0411062b0aef9bf56d1f7b8, get {"url":"http://lwo1-dhp-f35258.synapse.com:6432/common/dynamic.html"}]
Mar 05, 2013 1:00:37 PM org.openqa.selenium.remote.RemoteWebDriver log
INFO: Executing: findElement [1540c223e0411062b0aef9bf56d1f7b8, findElement {"using":"id","value":"adder"}]
Mar 05, 2013 1:00:37 PM org.openqa.selenium.remote.RemoteWebDriver log
INFO: Executed: [1540c223e0411062b0aef9bf56d1f7b8, findElement {"using":"id","value":"adder"}]
Mar 05, 2013 1:00:37 PM org.openqa.selenium.remote.RemoteWebDriver log
INFO: Executing: implicitlyWait [1540c223e0411062b0aef9bf56d1f7b8, implicitlyWait {"ms":3000}]
Mar 05, 2013 1:00:37 PM org.openqa.selenium.remote.RemoteWebDriver log
INFO: Executed: [1540c223e0411062b0aef9bf56d1f7b8, implicitlyWait {"ms":3000}]
Mar 05, 2013 1:00:37 PM org.openqa.selenium.remote.RemoteWebDriver log
INFO: Executing: clickElement [1540c223e0411062b0aef9bf56d1f7b8, clickElement {"id":":wdc:1362481237766"}]
Mar 05, 2013 1:00:37 PM org.openqa.selenium.remote.RemoteWebDriver log
INFO: Executed: [1540c223e0411062b0aef9bf56d1f7b8, clickElement {"id":":wdc:1362481237766"}]
Mar 05, 2013 1:00:37 PM org.openqa.selenium.remote.RemoteWebDriver log
INFO: Executing: findElement [1540c223e0411062b0aef9bf56d1f7b8, findElement {"using":"id","value":"box0"}]
Mar 05, 2013 1:00:38 PM org.openqa.selenium.remote.RemoteWebDriver log
INFO: Executed: [1540c223e0411062b0aef9bf56d1f7b8, findElement {"using":"id","value":"box0"}]
Mar 05, 2013 1:00:38 PM org.openqa.selenium.remote.RemoteWebDriver log
INFO: Executing: implicitlyWait [1540c223e0411062b0aef9bf56d1f7b8, implicitlyWait {"ms":0}]
Mar 05, 2013 1:00:38 PM org.openqa.selenium.remote.RemoteWebDriver log
INFO: Executed: [1540c223e0411062b0aef9bf56d1f7b8, implicitlyWait {"ms":0}]
Mar 05, 2013 1:00:38 PM org.openqa.selenium.remote.RemoteWebDriver log
INFO: Executing: implicitlyWait [1540c223e0411062b0aef9bf56d1f7b8, implicitlyWait {"ms":0}]
Mar 05, 2013 1:00:38 PM org.openqa.selenium.remote.RemoteWebDriver log
INFO: Executed: [1540c223e0411062b0aef9bf56d1f7b8, implicitlyWait {"ms":0}]
Mar 05, 2013 1:00:38 PM org.openqa.selenium.remote.RemoteWebDriver log
INFO: Executing: get [1540c223e0411062b0aef9bf56d1f7b8, get {"url":"http://lwo1-dhp-f35258.synapse.com:6432/common/dynamic.html"}]
Mar 05, 2013 1:00:38 PM org.openqa.selenium.remote.RemoteWebDriver log
INFO: Executed: [1540c223e0411062b0aef9bf56d1f7b8, get {"url":"http://lwo1-dhp-f35258.synapse.com:6432/common/dynamic.html"}]
Mar 05, 2013 1:00:38 PM org.openqa.selenium.remote.RemoteWebDriver log
INFO: Executing: implicitlyWait [1540c223e0411062b0aef9bf56d1f7b8, implicitlyWait {"ms":500}]
Mar 05, 2013 1:00:38 PM org.openqa.selenium.remote.RemoteWebDriver log
INFO: Executed: [1540c223e0411062b0aef9bf56d1f7b8, implicitlyWait {"ms":500}]
Mar 05, 2013 1:00:38 PM org.openqa.selenium.remote.RemoteWebDriver log
INFO: Executing: findElement [1540c223e0411062b0aef9bf56d1f7b8, findElement {"using":"id","value":"box0"}]
Mar 05, 2013 1:00:39 PM org.openqa.selenium.remote.RemoteWebDriver log
INFO: Executed: [1540c223e0411062b0aef9bf56d1f7b8, findElement {"using":"id","value":"box0"}]
Mar 05, 2013 1:00:39 PM org.openqa.selenium.remote.RemoteWebDriver log
INFO: Executing: implicitlyWait [1540c223e0411062b0aef9bf56d1f7b8, implicitlyWait {"ms":0}]
Mar 05, 2013 1:00:39 PM org.openqa.selenium.remote.RemoteWebDriver log
INFO: Executed: [1540c223e0411062b0aef9bf56d1f7b8, implicitlyWait {"ms":0}]
Mar 05, 2013 1:00:39 PM org.openqa.selenium.remote.RemoteWebDriver log
INFO: Executing: implicitlyWait [1540c223e0411062b0aef9bf56d1f7b8, implicitlyWait {"ms":0}]
Mar 05, 2013 1:00:39 PM org.openqa.selenium.remote.RemoteWebDriver log
INFO: Executed: [1540c223e0411062b0aef9bf56d1f7b8, implicitlyWait {"ms":0}]
Mar 05, 2013 1:00:39 PM org.openqa.selenium.remote.RemoteWebDriver log
INFO: Executing: get [1540c223e0411062b0aef9bf56d1f7b8, get {"url":"http://lwo1-dhp-f35258.synapse.com:6432/common/dynamic.html"}]
Mar 05, 2013 1:00:39 PM org.openqa.selenium.remote.RemoteWebDriver log
INFO: Executed: [1540c223e0411062b0aef9bf56d1f7b8, get {"url":"http://lwo1-dhp-f35258.synapse.com:6432/common/dynamic.html"}]
Mar 05, 2013 1:00:39 PM org.openqa.selenium.remote.RemoteWebDriver log
INFO: Executing: implicitlyWait [1540c223e0411062b0aef9bf56d1f7b8, implicitlyWait {"ms":3000}]
Mar 05, 2013 1:00:39 PM org.openqa.selenium.remote.RemoteWebDriver log
INFO: Executed: [1540c223e0411062b0aef9bf56d1f7b8, implicitlyWait {"ms":3000}]
Mar 05, 2013 1:00:39 PM org.openqa.selenium.remote.RemoteWebDriver log
INFO: Executing: implicitlyWait [1540c223e0411062b0aef9bf56d1f7b8, implicitlyWait {"ms":0}]
Mar 05, 2013 1:00:39 PM org.openqa.selenium.remote.RemoteWebDriver log
INFO: Executed: [1540c223e0411062b0aef9bf56d1f7b8, implicitlyWait {"ms":0}]
Mar 05, 2013 1:00:39 PM org.openqa.selenium.remote.RemoteWebDriver log
INFO: Executing: findElement [1540c223e0411062b0aef9bf56d1f7b8, findElement {"using":"id","value":"box0"}]
Mar 05, 2013 1:00:39 PM org.openqa.selenium.remote.RemoteWebDriver log
INFO: Executed: [1540c223e0411062b0aef9bf56d1f7b8, findElement {"using":"id","value":"box0"}]
Mar 05, 2013 1:00:39 PM org.openqa.selenium.remote.RemoteWebDriver log
INFO: Executing: implicitlyWait [1540c223e0411062b0aef9bf56d1f7b8, implicitlyWait {"ms":0}]
Mar 05, 2013 1:00:39 PM org.openqa.selenium.remote.RemoteWebDriver log
INFO: Executed: [1540c223e0411062b0aef9bf56d1f7b8, implicitlyWait {"ms":0}]
Mar 05, 2013 1:00:39 PM org.openqa.selenium.remote.RemoteWebDriver log
INFO: Executing: implicitlyWait [1540c223e0411062b0aef9bf56d1f7b8, implicitlyWait {"ms":0}]
Mar 05, 2013 1:00:39 PM org.openqa.selenium.remote.RemoteWebDriver log
INFO: Executed: [1540c223e0411062b0aef9bf56d1f7b8, implicitlyWait {"ms":0}]
Mar 05, 2013 1:00:39 PM org.openqa.selenium.remote.RemoteWebDriver log
INFO: Executing: get [1540c223e0411062b0aef9bf56d1f7b8, get {"url":"http://lwo1-dhp-f35258.synapse.com:6432/common/dynamic.html"}]
Mar 05, 2013 1:00:39 PM org.openqa.selenium.remote.RemoteWebDriver log
INFO: Executed: [1540c223e0411062b0aef9bf56d1f7b8, get {"url":"http://lwo1-dhp-f35258.synapse.com:6432/common/dynamic.html"}]
Mar 05, 2013 1:00:39 PM org.openqa.selenium.remote.RemoteWebDriver log
INFO: Executing: findElement [1540c223e0411062b0aef9bf56d1f7b8, findElement {"using":"id","value":"adder"}]
Mar 05, 2013 1:00:39 PM org.openqa.selenium.remote.RemoteWebDriver log
INFO: Executed: [1540c223e0411062b0aef9bf56d1f7b8, findElement {"using":"id","value":"adder"}]
Mar 05, 2013 1:00:39 PM org.openqa.selenium.remote.RemoteWebDriver log
INFO: Executing: implicitlyWait [1540c223e0411062b0aef9bf56d1f7b8, implicitlyWait {"ms":2000}]
Mar 05, 2013 1:00:39 PM org.openqa.selenium.remote.RemoteWebDriver log
INFO: Executed: [1540c223e0411062b0aef9bf56d1f7b8, implicitlyWait {"ms":2000}]
Mar 05, 2013 1:00:39 PM org.openqa.selenium.remote.RemoteWebDriver log
INFO: Executing: clickElement [1540c223e0411062b0aef9bf56d1f7b8, clickElement {"id":":wdc:1362481239512"}]
Mar 05, 2013 1:00:39 PM org.openqa.selenium.remote.RemoteWebDriver log
INFO: Executed: [1540c223e0411062b0aef9bf56d1f7b8, clickElement {"id":":wdc:1362481239512"}]
Mar 05, 2013 1:00:39 PM org.openqa.selenium.remote.RemoteWebDriver log
INFO: Executing: clickElement [1540c223e0411062b0aef9bf56d1f7b8, clickElement {"id":":wdc:1362481239512"}]
Mar 05, 2013 1:00:39 PM org.openqa.selenium.remote.RemoteWebDriver log
INFO: Executed: [1540c223e0411062b0aef9bf56d1f7b8, clickElement {"id":":wdc:1362481239512"}]
Mar 05, 2013 1:00:39 PM org.openqa.selenium.remote.RemoteWebDriver log
INFO: Executing: findElements [1540c223e0411062b0aef9bf56d1f7b8, findElements {"using":"class name","value":"redbox"}]
Mar 05, 2013 1:00:40 PM org.openqa.selenium.remote.RemoteWebDriver log
INFO: Executed: [1540c223e0411062b0aef9bf56d1f7b8, findElements {"using":"class name","value":"redbox"}]
Mar 05, 2013 1:00:40 PM org.openqa.selenium.remote.RemoteWebDriver log
INFO: Executing: implicitlyWait [1540c223e0411062b0aef9bf56d1f7b8, implicitlyWait {"ms":0}]
Mar 05, 2013 1:00:40 PM org.openqa.selenium.remote.RemoteWebDriver log
INFO: Executed: [1540c223e0411062b0aef9bf56d1f7b8, implicitlyWait {"ms":0}]
Mar 05, 2013 1:00:40 PM org.openqa.selenium.remote.RemoteWebDriver log
INFO: Executing: implicitlyWait [1540c223e0411062b0aef9bf56d1f7b8, implicitlyWait {"ms":0}]
Mar 05, 2013 1:00:40 PM org.openqa.selenium.remote.RemoteWebDriver log
INFO: Executed: [1540c223e0411062b0aef9bf56d1f7b8, implicitlyWait {"ms":0}]
Mar 05, 2013 1:00:40 PM org.openqa.selenium.remote.RemoteWebDriver log
INFO: Executing: get [1540c223e0411062b0aef9bf56d1f7b8, get {"url":"http://lwo1-dhp-f35258.synapse.com:6432/common/dynamic.html"}]
Mar 05, 2013 1:00:40 PM org.openqa.selenium.remote.RemoteWebDriver log
INFO: Executed: [1540c223e0411062b0aef9bf56d1f7b8, get {"url":"http://lwo1-dhp-f35258.synapse.com:6432/common/dynamic.html"}]
Mar 05, 2013 1:00:40 PM org.openqa.selenium.remote.RemoteWebDriver log
INFO: Executing: implicitlyWait [1540c223e0411062b0aef9bf56d1f7b8, implicitlyWait {"ms":500}]
Mar 05, 2013 1:00:40 PM org.openqa.selenium.remote.RemoteWebDriver log
INFO: Executed: [1540c223e0411062b0aef9bf56d1f7b8, implicitlyWait {"ms":500}]
Mar 05, 2013 1:00:40 PM org.openqa.selenium.remote.RemoteWebDriver log
INFO: Executing: findElements [1540c223e0411062b0aef9bf56d1f7b8, findElements {"using":"class name","value":"redbox"}]
Mar 05, 2013 1:00:41 PM org.openqa.selenium.remote.RemoteWebDriver log
INFO: Executed: [1540c223e0411062b0aef9bf56d1f7b8, findElements {"using":"class name","value":"redbox"}]
Mar 05, 2013 1:00:41 PM org.openqa.selenium.remote.RemoteWebDriver log
INFO: Executing: implicitlyWait [1540c223e0411062b0aef9bf56d1f7b8, implicitlyWait {"ms":0}]
Mar 05, 2013 1:00:41 PM org.openqa.selenium.remote.RemoteWebDriver log
INFO: Executed: [1540c223e0411062b0aef9bf56d1f7b8, implicitlyWait {"ms":0}]
Mar 05, 2013 1:00:41 PM org.openqa.selenium.remote.RemoteWebDriver log
INFO: Executing: implicitlyWait [1540c223e0411062b0aef9bf56d1f7b8, implicitlyWait {"ms":0}]
Mar 05, 2013 1:00:41 PM org.openqa.selenium.remote.RemoteWebDriver log
INFO: Executed: [1540c223e0411062b0aef9bf56d1f7b8, implicitlyWait {"ms":0}]
Mar 05, 2013 1:00:41 PM org.openqa.selenium.remote.RemoteWebDriver log
INFO: Executing: get [1540c223e0411062b0aef9bf56d1f7b8, get {"url":"http://lwo1-dhp-f35258.synapse.com:6432/common/dynamic.html"}]
Mar 05, 2013 1:00:41 PM org.openqa.selenium.remote.RemoteWebDriver log
INFO: Executed: [1540c223e0411062b0aef9bf56d1f7b8, get {"url":"http://lwo1-dhp-f35258.synapse.com:6432/common/dynamic.html"}]
Mar 05, 2013 1:00:41 PM org.openqa.selenium.remote.RemoteWebDriver log
INFO: Executing: implicitlyWait [1540c223e0411062b0aef9bf56d1f7b8, implicitlyWait {"ms":500}]
Mar 05, 2013 1:00:41 PM org.openqa.selenium.remote.RemoteWebDriver log
INFO: Executed: [1540c223e0411062b0aef9bf56d1f7b8, implicitlyWait {"ms":500}]
Mar 05, 2013 1:00:41 PM org.openqa.selenium.remote.RemoteWebDriver log
INFO: Executing: findElements [1540c223e0411062b0aef9bf56d1f7b8, findElements {"using":"id","value":"redbox"}]
Mar 05, 2013 1:00:41 PM org.openqa.selenium.remote.RemoteWebDriver log
INFO: Executed: [1540c223e0411062b0aef9bf56d1f7b8, findElements {"using":"id","value":"redbox"}]
Mar 05, 2013 1:00:41 PM org.openqa.selenium.remote.RemoteWebDriver log
INFO: Executing: implicitlyWait [1540c223e0411062b0aef9bf56d1f7b8, implicitlyWait {"ms":0}]
Mar 05, 2013 1:00:41 PM org.openqa.selenium.remote.RemoteWebDriver log
INFO: Executed: [1540c223e0411062b0aef9bf56d1f7b8, implicitlyWait {"ms":0}]
Mar 05, 2013 1:00:41 PM org.openqa.selenium.remote.RemoteWebDriver log
INFO: Executing: implicitlyWait [1540c223e0411062b0aef9bf56d1f7b8, implicitlyWait {"ms":0}]
Mar 05, 2013 1:00:41 PM org.openqa.selenium.remote.RemoteWebDriver log
INFO: Executed: [1540c223e0411062b0aef9bf56d1f7b8, implicitlyWait {"ms":0}]
Mar 05, 2013 1:00:41 PM org.openqa.selenium.remote.RemoteWebDriver log
INFO: Executing: get [1540c223e0411062b0aef9bf56d1f7b8, get {"url":"http://lwo1-dhp-f35258.synapse.com:6432/common/dynamic.html"}]
Mar 05, 2013 1:00:41 PM org.openqa.selenium.remote.RemoteWebDriver log
INFO: Executed: [1540c223e0411062b0aef9bf56d1f7b8, get {"url":"http://lwo1-dhp-f35258.synapse.com:6432/common/dynamic.html"}]
Mar 05, 2013 1:00:41 PM org.openqa.selenium.remote.RemoteWebDriver log
INFO: Executing: findElement [1540c223e0411062b0aef9bf56d1f7b8, findElement {"using":"id","value":"adder"}]
Mar 05, 2013 1:00:41 PM org.openqa.selenium.remote.RemoteWebDriver log
INFO: Executed: [1540c223e0411062b0aef9bf56d1f7b8, findElement {"using":"id","value":"adder"}]
Mar 05, 2013 1:00:41 PM org.openqa.selenium.remote.RemoteWebDriver log
INFO: Executing: implicitlyWait [1540c223e0411062b0aef9bf56d1f7b8, implicitlyWait {"ms":1100}]
Mar 05, 2013 1:00:41 PM org.openqa.selenium.remote.RemoteWebDriver log
INFO: Executed: [1540c223e0411062b0aef9bf56d1f7b8, implicitlyWait {"ms":1100}]
Mar 05, 2013 1:00:41 PM org.openqa.selenium.remote.RemoteWebDriver log
INFO: Executing: implicitlyWait [1540c223e0411062b0aef9bf56d1f7b8, implicitlyWait {"ms":0}]
Mar 05, 2013 1:00:41 PM org.openqa.selenium.remote.RemoteWebDriver log
INFO: Executed: [1540c223e0411062b0aef9bf56d1f7b8, implicitlyWait {"ms":0}]
Mar 05, 2013 1:00:41 PM org.openqa.selenium.remote.RemoteWebDriver log
INFO: Executing: clickElement [1540c223e0411062b0aef9bf56d1f7b8, clickElement {"id":":wdc:1362481241719"}]
Mar 05, 2013 1:00:41 PM org.openqa.selenium.remote.RemoteWebDriver log
INFO: Executed: [1540c223e0411062b0aef9bf56d1f7b8, clickElement {"id":":wdc:1362481241719"}]
Mar 05, 2013 1:00:41 PM org.openqa.selenium.remote.RemoteWebDriver log
INFO: Executing: findElements [1540c223e0411062b0aef9bf56d1f7b8, findElements {"using":"class name","value":"redbox"}]
Mar 05, 2013 1:00:41 PM org.openqa.selenium.remote.RemoteWebDriver log
INFO: Executed: [1540c223e0411062b0aef9bf56d1f7b8, findElements {"using":"class name","value":"redbox"}]
Mar 05, 2013 1:00:41 PM org.openqa.selenium.remote.RemoteWebDriver log
INFO: Executing: implicitlyWait [1540c223e0411062b0aef9bf56d1f7b8, implicitlyWait {"ms":0}]
Mar 05, 2013 1:00:41 PM org.openqa.selenium.remote.RemoteWebDriver log
INFO: Executed: [1540c223e0411062b0aef9bf56d1f7b8, implicitlyWait {"ms":0}]
Mar 05, 2013 1:00:41 PM org.openqa.selenium.remote.RemoteWebDriver log
INFO: Executing: get [1540c223e0411062b0aef9bf56d1f7b8, get {"url":"http://lwo1-dhp-f35258.synapse.com:6432/common/javascriptPage.html"}]
Mar 05, 2013 1:00:41 PM org.openqa.selenium.remote.RemoteWebDriver log
INFO: Executed: [1540c223e0411062b0aef9bf56d1f7b8, get {"url":"http://lwo1-dhp-f35258.synapse.com:6432/common/javascriptPage.html"}]
Mar 05, 2013 1:00:41 PM org.openqa.selenium.remote.RemoteWebDriver log
INFO: Executing: getTitle [1540c223e0411062b0aef9bf56d1f7b8, getTitle {}]
Mar 05, 2013 1:00:41 PM org.openqa.selenium.remote.RemoteWebDriver log
INFO: Executed: [1540c223e0411062b0aef9bf56d1f7b8, getTitle {}]
Mar 05, 2013 1:00:41 PM org.openqa.selenium.remote.RemoteWebDriver log
INFO: Executing: findElement [1540c223e0411062b0aef9bf56d1f7b8, findElement {"using":"link text","value":"Change the page title!"}]
Mar 05, 2013 1:00:41 PM org.openqa.selenium.remote.RemoteWebDriver log
INFO: Executed: [1540c223e0411062b0aef9bf56d1f7b8, findElement {"using":"link text","value":"Change the page title!"}]
Mar 05, 2013 1:00:41 PM org.openqa.selenium.remote.RemoteWebDriver log
INFO: Executing: clickElement [1540c223e0411062b0aef9bf56d1f7b8, clickElement {"id":":wdc:1362481241880"}]
Mar 05, 2013 1:00:42 PM org.openqa.selenium.remote.RemoteWebDriver log
INFO: Executed: [1540c223e0411062b0aef9bf56d1f7b8, clickElement {"id":":wdc:1362481241880"}]
Mar 05, 2013 1:00:42 PM org.openqa.selenium.remote.RemoteWebDriver log
INFO: Executing: getTitle [1540c223e0411062b0aef9bf56d1f7b8, getTitle {}]
Mar 05, 2013 1:00:42 PM org.openqa.selenium.remote.RemoteWebDriver log
INFO: Executed: [1540c223e0411062b0aef9bf56d1f7b8, getTitle {}]
Mar 05, 2013 1:00:42 PM org.openqa.selenium.remote.RemoteWebDriver log
INFO: Executing: getTitle [1540c223e0411062b0aef9bf56d1f7b8, getTitle {}]
Mar 05, 2013 1:00:42 PM org.openqa.selenium.remote.RemoteWebDriver log
INFO: Executed: [1540c223e0411062b0aef9bf56d1f7b8, getTitle {}]
Mar 05, 2013 1:00:42 PM org.openqa.selenium.remote.RemoteWebDriver log
INFO: Executing: findElement [1540c223e0411062b0aef9bf56d1f7b8, findElement {"using":"xpath","value":"/html/head/title"}]
Mar 05, 2013 1:00:42 PM org.openqa.selenium.remote.RemoteWebDriver log
INFO: Executed: [1540c223e0411062b0aef9bf56d1f7b8, findElement {"using":"xpath","value":"/html/head/title"}]
Mar 05, 2013 1:00:42 PM org.openqa.selenium.remote.RemoteWebDriver log
INFO: Executing: getElementText [1540c223e0411062b0aef9bf56d1f7b8, getElementText {"id":":wdc:1362481241881"}]
Mar 05, 2013 1:00:42 PM org.openqa.selenium.remote.RemoteWebDriver log
INFO: Executed: [1540c223e0411062b0aef9bf56d1f7b8, getElementText {"id":":wdc:1362481241881"}]
Mar 05, 2013 1:00:42 PM org.openqa.selenium.remote.RemoteWebDriver log
INFO: Executing: get [1540c223e0411062b0aef9bf56d1f7b8, get {"url":"http://lwo1-dhp-f35258.synapse.com:6432/common/javascriptPage.html"}]
Mar 05, 2013 1:00:42 PM org.openqa.selenium.remote.RemoteWebDriver log
INFO: Executed: [1540c223e0411062b0aef9bf56d1f7b8, get {"url":"http://lwo1-dhp-f35258.synapse.com:6432/common/javascriptPage.html"}]
Mar 05, 2013 1:00:42 PM org.openqa.selenium.remote.RemoteWebDriver log
INFO: Executing: findElement [1540c223e0411062b0aef9bf56d1f7b8, findElement {"using":"xpath","value":"//div[@id='dynamo']"}]
Mar 05, 2013 1:00:42 PM org.openqa.selenium.remote.RemoteWebDriver log
INFO: Executed: [1540c223e0411062b0aef9bf56d1f7b8, findElement {"using":"xpath","value":"//div[@id='dynamo']"}]
Mar 05, 2013 1:00:42 PM org.openqa.selenium.remote.RemoteWebDriver log
INFO: Executing: getElementText [1540c223e0411062b0aef9bf56d1f7b8, getElementText {"id":":wdc:1362481242240"}]
Mar 05, 2013 1:00:42 PM org.openqa.selenium.remote.RemoteWebDriver log
INFO: Executed: [1540c223e0411062b0aef9bf56d1f7b8, getElementText {"id":":wdc:1362481242240"}]
Mar 05, 2013 1:00:42 PM org.openqa.selenium.remote.RemoteWebDriver log
INFO: Executing: findElement [1540c223e0411062b0aef9bf56d1f7b8, findElement {"using":"link text","value":"Update a div"}]
Mar 05, 2013 1:00:42 PM org.openqa.selenium.remote.RemoteWebDriver log
INFO: Executed: [1540c223e0411062b0aef9bf56d1f7b8, findElement {"using":"link text","value":"Update a div"}]
Mar 05, 2013 1:00:42 PM org.openqa.selenium.remote.RemoteWebDriver log
INFO: Executing: clickElement [1540c223e0411062b0aef9bf56d1f7b8, clickElement {"id":":wdc:1362481242241"}]
Mar 05, 2013 1:00:42 PM org.openqa.selenium.remote.RemoteWebDriver log
INFO: Executed: [1540c223e0411062b0aef9bf56d1f7b8, clickElement {"id":":wdc:1362481242241"}]
Mar 05, 2013 1:00:42 PM org.openqa.selenium.remote.RemoteWebDriver log
INFO: Executing: findElement [1540c223e0411062b0aef9bf56d1f7b8, findElement {"using":"xpath","value":"//div[@id='dynamo']"}]
Mar 05, 2013 1:00:42 PM org.openqa.selenium.remote.RemoteWebDriver log
INFO: Executed: [1540c223e0411062b0aef9bf56d1f7b8, findElement {"using":"xpath","value":"//div[@id='dynamo']"}]
Mar 05, 2013 1:00:42 PM org.openqa.selenium.remote.RemoteWebDriver log
INFO: Executing: getElementText [1540c223e0411062b0aef9bf56d1f7b8, getElementText {"id":":wdc:1362481242240"}]
Mar 05, 2013 1:00:42 PM org.openqa.selenium.remote.RemoteWebDriver log
INFO: Executed: [1540c223e0411062b0aef9bf56d1f7b8, getElementText {"id":":wdc:1362481242240"}]
Mar 05, 2013 1:00:42 PM org.openqa.selenium.remote.RemoteWebDriver log
INFO: Executing: getElementText [1540c223e0411062b0aef9bf56d1f7b8, getElementText {"id":":wdc:1362481242240"}]
Mar 05, 2013 1:00:42 PM org.openqa.selenium.remote.RemoteWebDriver log
INFO: Executed: [1540c223e0411062b0aef9bf56d1f7b8, getElementText {"id":":wdc:1362481242240"}]
Mar 05, 2013 1:00:42 PM org.openqa.selenium.remote.RemoteWebDriver log
INFO: Executing: get [1540c223e0411062b0aef9bf56d1f7b8, get {"url":"http://lwo1-dhp-f35258.synapse.com:6432/common/formPage.html"}]
Mar 05, 2013 1:00:42 PM org.openqa.selenium.remote.RemoteWebDriver log
INFO: Executed: [1540c223e0411062b0aef9bf56d1f7b8, get {"url":"http://lwo1-dhp-f35258.synapse.com:6432/common/formPage.html"}]
Mar 05, 2013 1:00:42 PM org.openqa.selenium.remote.RemoteWebDriver log
INFO: Executing: findElement [1540c223e0411062b0aef9bf56d1f7b8, findElement {"using":"id","value":"changeme"}]
Mar 05, 2013 1:00:42 PM org.openqa.selenium.remote.RemoteWebDriver log
INFO: Executed: [1540c223e0411062b0aef9bf56d1f7b8, findElement {"using":"id","value":"changeme"}]
Mar 05, 2013 1:00:42 PM org.openqa.selenium.remote.RemoteWebDriver log
INFO: Executing: clickElement [1540c223e0411062b0aef9bf56d1f7b8, clickElement {"id":":wdc:1362481242823"}]
Mar 05, 2013 1:00:42 PM org.openqa.selenium.remote.RemoteWebDriver log
INFO: Executed: [1540c223e0411062b0aef9bf56d1f7b8, clickElement {"id":":wdc:1362481242823"}]
Mar 05, 2013 1:00:42 PM org.openqa.selenium.remote.RemoteWebDriver log
INFO: Executing: getTitle [1540c223e0411062b0aef9bf56d1f7b8, getTitle {}]
Mar 05, 2013 1:00:42 PM org.openqa.selenium.remote.RemoteWebDriver log
INFO: Executed: [1540c223e0411062b0aef9bf56d1f7b8, getTitle {}]
Mar 05, 2013 1:00:43 PM org.openqa.selenium.remote.RemoteWebDriver log
INFO: Executing: getTitle [1540c223e0411062b0aef9bf56d1f7b8, getTitle {}]
Mar 05, 2013 1:00:43 PM org.openqa.selenium.remote.RemoteWebDriver log
INFO: Executed: [1540c223e0411062b0aef9bf56d1f7b8, getTitle {}]
Mar 05, 2013 1:00:43 PM org.openqa.selenium.remote.RemoteWebDriver log
INFO: Executing: getTitle [1540c223e0411062b0aef9bf56d1f7b8, getTitle {}]
Mar 05, 2013 1:00:43 PM org.openqa.selenium.remote.RemoteWebDriver log
INFO: Executed: [1540c223e0411062b0aef9bf56d1f7b8, getTitle {}]
Mar 05, 2013 1:00:43 PM org.openqa.selenium.remote.RemoteWebDriver log
INFO: Executing: getTitle [1540c223e0411062b0aef9bf56d1f7b8, getTitle {}]
Mar 05, 2013 1:00:43 PM org.openqa.selenium.remote.RemoteWebDriver log
INFO: Executed: [1540c223e0411062b0aef9bf56d1f7b8, getTitle {}]
Mar 05, 2013 1:00:43 PM org.openqa.selenium.remote.RemoteWebDriver log
INFO: Executing: getTitle [1540c223e0411062b0aef9bf56d1f7b8, getTitle {}]
Mar 05, 2013 1:00:43 PM org.openqa.selenium.remote.RemoteWebDriver log
INFO: Executed: [1540c223e0411062b0aef9bf56d1f7b8, getTitle {}]
Mar 05, 2013 1:00:43 PM org.openqa.selenium.remote.RemoteWebDriver log
INFO: Executing: getTitle [1540c223e0411062b0aef9bf56d1f7b8, getTitle {}]
Mar 05, 2013 1:00:43 PM org.openqa.selenium.remote.RemoteWebDriver log
INFO: Executed: [1540c223e0411062b0aef9bf56d1f7b8, getTitle {}]
Mar 05, 2013 1:00:43 PM org.openqa.selenium.remote.RemoteWebDriver log
INFO: Executing: getTitle [1540c223e0411062b0aef9bf56d1f7b8, getTitle {}]
Mar 05, 2013 1:00:43 PM org.openqa.selenium.remote.RemoteWebDriver log
INFO: Executed: [1540c223e0411062b0aef9bf56d1f7b8, getTitle {}]
Mar 05, 2013 1:00:43 PM org.openqa.selenium.remote.RemoteWebDriver log
INFO: Executing: get [1540c223e0411062b0aef9bf56d1f7b8, get {"url":"http://lwo1-dhp-f35258.synapse.com:6432/common/formPage.html"}]
Mar 05, 2013 1:00:43 PM org.openqa.selenium.remote.RemoteWebDriver log
INFO: Executed: [1540c223e0411062b0aef9bf56d1f7b8, get {"url":"http://lwo1-dhp-f35258.synapse.com:6432/common/formPage.html"}]
Mar 05, 2013 1:00:43 PM org.openqa.selenium.remote.RemoteWebDriver log
INFO: Executing: findElement [1540c223e0411062b0aef9bf56d1f7b8, findElement {"using":"id","value":"changeme"}]
Mar 05, 2013 1:00:43 PM org.openqa.selenium.remote.RemoteWebDriver log
INFO: Executed: [1540c223e0411062b0aef9bf56d1f7b8, findElement {"using":"id","value":"changeme"}]
Mar 05, 2013 1:00:43 PM org.openqa.selenium.remote.RemoteWebDriver log
INFO: Executing: clickElement [1540c223e0411062b0aef9bf56d1f7b8, clickElement {"id":":wdc:1362481243506"}]
Mar 05, 2013 1:00:43 PM org.openqa.selenium.remote.RemoteWebDriver log
INFO: Executed: [1540c223e0411062b0aef9bf56d1f7b8, clickElement {"id":":wdc:1362481243506"}]
Mar 05, 2013 1:00:43 PM org.openqa.selenium.remote.RemoteWebDriver log
INFO: Executing: getTitle [1540c223e0411062b0aef9bf56d1f7b8, getTitle {}]
Mar 05, 2013 1:00:43 PM org.openqa.selenium.remote.RemoteWebDriver log
INFO: Executed: [1540c223e0411062b0aef9bf56d1f7b8, getTitle {}]
Mar 05, 2013 1:00:43 PM org.openqa.selenium.remote.RemoteWebDriver log
INFO: Executing: getTitle [1540c223e0411062b0aef9bf56d1f7b8, getTitle {}]
Mar 05, 2013 1:00:43 PM org.openqa.selenium.remote.RemoteWebDriver log
INFO: Executed: [1540c223e0411062b0aef9bf56d1f7b8, getTitle {}]
Mar 05, 2013 1:00:43 PM org.openqa.selenium.remote.RemoteWebDriver log
INFO: Executing: getTitle [1540c223e0411062b0aef9bf56d1f7b8, getTitle {}]
Mar 05, 2013 1:00:43 PM org.openqa.selenium.remote.RemoteWebDriver log
INFO: Executed: [1540c223e0411062b0aef9bf56d1f7b8, getTitle {}]
Mar 05, 2013 1:00:43 PM org.openqa.selenium.remote.RemoteWebDriver log
INFO: Executing: getTitle [1540c223e0411062b0aef9bf56d1f7b8, getTitle {}]
Mar 05, 2013 1:00:43 PM org.openqa.selenium.remote.RemoteWebDriver log
INFO: Executed: [1540c223e0411062b0aef9bf56d1f7b8, getTitle {}]
Mar 05, 2013 1:00:43 PM org.openqa.selenium.remote.RemoteWebDriver log
INFO: Executing: getTitle [1540c223e0411062b0aef9bf56d1f7b8, getTitle {}]
Mar 05, 2013 1:00:43 PM org.openqa.selenium.remote.RemoteWebDriver log
INFO: Executed: [1540c223e0411062b0aef9bf56d1f7b8, getTitle {}]
Mar 05, 2013 1:00:44 PM org.openqa.selenium.remote.RemoteWebDriver log
INFO: Executing: getTitle [1540c223e0411062b0aef9bf56d1f7b8, getTitle {}]
Mar 05, 2013 1:00:44 PM org.openqa.selenium.remote.RemoteWebDriver log
INFO: Executed: [1540c223e0411062b0aef9bf56d1f7b8, getTitle {}]
Mar 05, 2013 1:00:44 PM org.openqa.selenium.remote.RemoteWebDriver log
INFO: Executing: findElement [1540c223e0411062b0aef9bf56d1f7b8, findElement {"using":"id","value":"pageNumber"}]
Mar 05, 2013 1:00:44 PM org.openqa.selenium.remote.RemoteWebDriver log
INFO: Executed: [1540c223e0411062b0aef9bf56d1f7b8, findElement {"using":"id","value":"pageNumber"}]
Mar 05, 2013 1:00:44 PM org.openqa.selenium.remote.RemoteWebDriver log
INFO: Executing: getElementText [1540c223e0411062b0aef9bf56d1f7b8, getElementText {"id":":wdc:1362481244088"}]
Mar 05, 2013 1:00:44 PM org.openqa.selenium.remote.RemoteWebDriver log
INFO: Executed: [1540c223e0411062b0aef9bf56d1f7b8, getElementText {"id":":wdc:1362481244088"}]
Mar 05, 2013 1:00:44 PM org.openqa.selenium.remote.RemoteWebDriver log
INFO: Executing: get [1540c223e0411062b0aef9bf56d1f7b8, get {"url":"http://lwo1-dhp-f35258.synapse.com:6432/common/xhtmlTest.html"}]
Mar 05, 2013 1:00:44 PM org.openqa.selenium.remote.RemoteWebDriver log
INFO: Executed: [1540c223e0411062b0aef9bf56d1f7b8, get {"url":"http://lwo1-dhp-f35258.synapse.com:6432/common/xhtmlTest.html"}]
Mar 05, 2013 1:00:44 PM org.openqa.selenium.remote.RemoteWebDriver log
INFO: Executing: findElement [1540c223e0411062b0aef9bf56d1f7b8, findElement {"using":"id","value":"username"}]
Mar 05, 2013 1:00:44 PM org.openqa.selenium.remote.RemoteWebDriver log
INFO: Executed: [1540c223e0411062b0aef9bf56d1f7b8, findElement {"using":"id","value":"username"}]
Mar 05, 2013 1:00:44 PM org.openqa.selenium.remote.RemoteWebDriver log
INFO: Executing: getElementLocation [1540c223e0411062b0aef9bf56d1f7b8, getElementLocation {"id":":wdc:1362481244148"}]
Mar 05, 2013 1:00:44 PM org.openqa.selenium.remote.RemoteWebDriver log
INFO: Executed: [1540c223e0411062b0aef9bf56d1f7b8, getElementLocation {"id":":wdc:1362481244148"}]
Mar 05, 2013 1:00:44 PM org.openqa.selenium.remote.RemoteWebDriver log
INFO: Executing: get [1540c223e0411062b0aef9bf56d1f7b8, get {"url":"http://lwo1-dhp-f35258.synapse.com:6432/common/xhtmlTest.html"}]
Mar 05, 2013 1:00:44 PM org.openqa.selenium.remote.RemoteWebDriver log
INFO: Executed: [1540c223e0411062b0aef9bf56d1f7b8, get {"url":"http://lwo1-dhp-f35258.synapse.com:6432/common/xhtmlTest.html"}]
Mar 05, 2013 1:00:44 PM org.openqa.selenium.remote.RemoteWebDriver log
INFO: Executing: findElement [1540c223e0411062b0aef9bf56d1f7b8, findElement {"using":"id","value":"username"}]
Mar 05, 2013 1:00:44 PM org.openqa.selenium.remote.RemoteWebDriver log
INFO: Executed: [1540c223e0411062b0aef9bf56d1f7b8, findElement {"using":"id","value":"username"}]
Mar 05, 2013 1:00:44 PM org.openqa.selenium.remote.RemoteWebDriver log
INFO: Executing: getElementSize [1540c223e0411062b0aef9bf56d1f7b8, getElementSize {"id":":wdc:1362481244241"}]
Mar 05, 2013 1:00:44 PM org.openqa.selenium.remote.RemoteWebDriver log
INFO: Executed: [1540c223e0411062b0aef9bf56d1f7b8, getElementSize {"id":":wdc:1362481244241"}]
Mar 05, 2013 1:00:44 PM org.openqa.selenium.remote.RemoteWebDriver log
INFO: Executing: get [1540c223e0411062b0aef9bf56d1f7b8, get {"url":"http://lwo1-dhp-f35258.synapse.com:6432/common/javascriptPage.html"}]
Mar 05, 2013 1:00:44 PM org.openqa.selenium.remote.RemoteWebDriver log
INFO: Executed: [1540c223e0411062b0aef9bf56d1f7b8, get {"url":"http://lwo1-dhp-f35258.synapse.com:6432/common/javascriptPage.html"}]
Mar 05, 2013 1:00:44 PM org.openqa.selenium.remote.RemoteWebDriver log
INFO: Executing: findElement [1540c223e0411062b0aef9bf56d1f7b8, findElement {"using":"id","value":"change"}]
Mar 05, 2013 1:00:44 PM org.openqa.selenium.remote.RemoteWebDriver log
INFO: Executed: [1540c223e0411062b0aef9bf56d1f7b8, findElement {"using":"id","value":"change"}]
Mar 05, 2013 1:00:44 PM org.openqa.selenium.remote.RemoteWebDriver log
INFO: Executing: sendKeysToElement [1540c223e0411062b0aef9bf56d1f7b8, sendKeysToElement {"id":":wdc:1362481244302","value":["foo"]}]
Mar 05, 2013 1:00:44 PM org.openqa.selenium.remote.RemoteWebDriver log
INFO: Executed: [1540c223e0411062b0aef9bf56d1f7b8, sendKeysToElement {"id":":wdc:1362481244302","value":["foo"]}]
Mar 05, 2013 1:00:44 PM org.openqa.selenium.remote.RemoteWebDriver log
INFO: Executing: findElement [1540c223e0411062b0aef9bf56d1f7b8, findElement {"using":"id","value":"result"}]
Mar 05, 2013 1:00:44 PM org.openqa.selenium.remote.RemoteWebDriver log
INFO: Executed: [1540c223e0411062b0aef9bf56d1f7b8, findElement {"using":"id","value":"result"}]
Mar 05, 2013 1:00:44 PM org.openqa.selenium.remote.RemoteWebDriver log
INFO: Executing: getElementText [1540c223e0411062b0aef9bf56d1f7b8, getElementText {"id":":wdc:1362481244303"}]
Mar 05, 2013 1:00:44 PM org.openqa.selenium.remote.RemoteWebDriver log
INFO: Executed: [1540c223e0411062b0aef9bf56d1f7b8, getElementText {"id":":wdc:1362481244303"}]
Mar 05, 2013 1:00:44 PM org.openqa.selenium.remote.RemoteWebDriver log
INFO: Executing: get [1540c223e0411062b0aef9bf56d1f7b8, get {"url":"http://lwo1-dhp-f35258.synapse.com:6432/common/javascriptPage.html"}]
Mar 05, 2013 1:00:44 PM org.openqa.selenium.remote.RemoteWebDriver log
INFO: Executed: [1540c223e0411062b0aef9bf56d1f7b8, get {"url":"http://lwo1-dhp-f35258.synapse.com:6432/common/javascriptPage.html"}]
Mar 05, 2013 1:00:44 PM org.openqa.selenium.remote.RemoteWebDriver log
INFO: Executing: findElement [1540c223e0411062b0aef9bf56d1f7b8, findElement {"using":"id","value":"jsSubmitButton"}]
Mar 05, 2013 1:00:44 PM org.openqa.selenium.remote.RemoteWebDriver log
INFO: Executed: [1540c223e0411062b0aef9bf56d1f7b8, findElement {"using":"id","value":"jsSubmitButton"}]
Mar 05, 2013 1:00:44 PM org.openqa.selenium.remote.RemoteWebDriver log
INFO: Executing: clickElement [1540c223e0411062b0aef9bf56d1f7b8, clickElement {"id":":wdc:1362481244797"}]
Mar 05, 2013 1:00:44 PM org.openqa.selenium.remote.RemoteWebDriver log
INFO: Executed: [1540c223e0411062b0aef9bf56d1f7b8, clickElement {"id":":wdc:1362481244797"}]
Mar 05, 2013 1:00:44 PM org.openqa.selenium.remote.RemoteWebDriver log
INFO: Executing: getTitle [1540c223e0411062b0aef9bf56d1f7b8, getTitle {}]
Mar 05, 2013 1:00:44 PM org.openqa.selenium.remote.RemoteWebDriver log
INFO: Executed: [1540c223e0411062b0aef9bf56d1f7b8, getTitle {}]
Mar 05, 2013 1:00:45 PM org.openqa.selenium.remote.RemoteWebDriver log
INFO: Executing: getTitle [1540c223e0411062b0aef9bf56d1f7b8, getTitle {}]
Mar 05, 2013 1:00:45 PM org.openqa.selenium.remote.RemoteWebDriver log
INFO: Executed: [1540c223e0411062b0aef9bf56d1f7b8, getTitle {}]
Mar 05, 2013 1:00:45 PM org.openqa.selenium.remote.RemoteWebDriver log
INFO: Executing: getTitle [1540c223e0411062b0aef9bf56d1f7b8, getTitle {}]
Mar 05, 2013 1:00:45 PM org.openqa.selenium.remote.RemoteWebDriver log
INFO: Executed: [1540c223e0411062b0aef9bf56d1f7b8, getTitle {}]
Mar 05, 2013 1:00:45 PM org.openqa.selenium.remote.RemoteWebDriver log
INFO: Executing: get [1540c223e0411062b0aef9bf56d1f7b8, get {"url":"http://lwo1-dhp-f35258.synapse.com:6432/common/javascriptPage.html"}]
Mar 05, 2013 1:00:45 PM org.openqa.selenium.remote.RemoteWebDriver log
INFO: Executed: [1540c223e0411062b0aef9bf56d1f7b8, get {"url":"http://lwo1-dhp-f35258.synapse.com:6432/common/javascriptPage.html"}]
Mar 05, 2013 1:00:45 PM org.openqa.selenium.remote.RemoteWebDriver log
INFO: Executing: findElement [1540c223e0411062b0aef9bf56d1f7b8, findElement {"using":"id","value":"submittingButton"}]
Mar 05, 2013 1:00:45 PM org.openqa.selenium.remote.RemoteWebDriver log
INFO: Executed: [1540c223e0411062b0aef9bf56d1f7b8, findElement {"using":"id","value":"submittingButton"}]
Mar 05, 2013 1:00:45 PM org.openqa.selenium.remote.RemoteWebDriver log
INFO: Executing: clickElement [1540c223e0411062b0aef9bf56d1f7b8, clickElement {"id":":wdc:1362481245040"}]
Mar 05, 2013 1:00:45 PM org.openqa.selenium.remote.RemoteWebDriver log
INFO: Executed: [1540c223e0411062b0aef9bf56d1f7b8, clickElement {"id":":wdc:1362481245040"}]
Mar 05, 2013 1:00:45 PM org.openqa.selenium.remote.RemoteWebDriver log
INFO: Executing: getTitle [1540c223e0411062b0aef9bf56d1f7b8, getTitle {}]
Mar 05, 2013 1:00:45 PM org.openqa.selenium.remote.RemoteWebDriver log
INFO: Executed: [1540c223e0411062b0aef9bf56d1f7b8, getTitle {}]
Mar 05, 2013 1:00:45 PM org.openqa.selenium.remote.RemoteWebDriver log
INFO: Executing: getTitle [1540c223e0411062b0aef9bf56d1f7b8, getTitle {}]
Mar 05, 2013 1:00:45 PM org.openqa.selenium.remote.RemoteWebDriver log
INFO: Executed: [1540c223e0411062b0aef9bf56d1f7b8, getTitle {}]
Mar 05, 2013 1:00:45 PM org.openqa.selenium.remote.RemoteWebDriver log
INFO: Executing: get [1540c223e0411062b0aef9bf56d1f7b8, get {"url":"http://lwo1-dhp-f35258.synapse.com:6432/common/javascriptPage.html"}]
Mar 05, 2013 1:00:45 PM org.openqa.selenium.remote.RemoteWebDriver log
INFO: Executed: [1540c223e0411062b0aef9bf56d1f7b8, get {"url":"http://lwo1-dhp-f35258.synapse.com:6432/common/javascriptPage.html"}]
Mar 05, 2013 1:00:45 PM org.openqa.selenium.remote.RemoteWebDriver log
INFO: Executing: findElement [1540c223e0411062b0aef9bf56d1f7b8, findElement {"using":"id","value":"clickField"}]
Mar 05, 2013 1:00:45 PM org.openqa.selenium.remote.RemoteWebDriver log
INFO: Executed: [1540c223e0411062b0aef9bf56d1f7b8, findElement {"using":"id","value":"clickField"}]
Mar 05, 2013 1:00:45 PM org.openqa.selenium.remote.RemoteWebDriver log
INFO: Executing: getElementAttribute [1540c223e0411062b0aef9bf56d1f7b8, getElementAttribute {"id":":wdc:1362481245155","name":"value"}]
Mar 05, 2013 1:00:45 PM org.openqa.selenium.remote.RemoteWebDriver log
INFO: Executed: [1540c223e0411062b0aef9bf56d1f7b8, getElementAttribute {"id":":wdc:1362481245155","name":"value"}]
Mar 05, 2013 1:00:45 PM org.openqa.selenium.remote.RemoteWebDriver log
INFO: Executing: clickElement [1540c223e0411062b0aef9bf56d1f7b8, clickElement {"id":":wdc:1362481245155"}]
Mar 05, 2013 1:00:45 PM org.openqa.selenium.remote.RemoteWebDriver log
INFO: Executed: [1540c223e0411062b0aef9bf56d1f7b8, clickElement {"id":":wdc:1362481245155"}]
Mar 05, 2013 1:00:45 PM org.openqa.selenium.remote.RemoteWebDriver log
INFO: Executing: getElementAttribute [1540c223e0411062b0aef9bf56d1f7b8, getElementAttribute {"id":":wdc:1362481245155","name":"value"}]
Mar 05, 2013 1:00:45 PM org.openqa.selenium.remote.RemoteWebDriver log
INFO: Executed: [1540c223e0411062b0aef9bf56d1f7b8, getElementAttribute {"id":":wdc:1362481245155","name":"value"}]
Mar 05, 2013 1:00:45 PM org.openqa.selenium.remote.RemoteWebDriver log
INFO: Executing: get [1540c223e0411062b0aef9bf56d1f7b8, get {"url":"http://lwo1-dhp-f35258.synapse.com:6432/common/javascriptPage.html"}]
Mar 05, 2013 1:00:45 PM org.openqa.selenium.remote.RemoteWebDriver log
INFO: Executed: [1540c223e0411062b0aef9bf56d1f7b8, get {"url":"http://lwo1-dhp-f35258.synapse.com:6432/common/javascriptPage.html"}]
Mar 05, 2013 1:00:45 PM org.openqa.selenium.remote.RemoteWebDriver log
INFO: Executing: findElement [1540c223e0411062b0aef9bf56d1f7b8, findElement {"using":"id","value":"switchFocus"}]
Mar 05, 2013 1:00:45 PM org.openqa.selenium.remote.RemoteWebDriver log
INFO: Executed: [1540c223e0411062b0aef9bf56d1f7b8, findElement {"using":"id","value":"switchFocus"}]
Mar 05, 2013 1:00:45 PM org.openqa.selenium.remote.RemoteWebDriver log
INFO: Executing: clickElement [1540c223e0411062b0aef9bf56d1f7b8, clickElement {"id":":wdc:1362481245531"}]
Mar 05, 2013 1:00:45 PM org.openqa.selenium.remote.RemoteWebDriver log
INFO: Executed: [1540c223e0411062b0aef9bf56d1f7b8, clickElement {"id":":wdc:1362481245531"}]
Mar 05, 2013 1:00:45 PM org.openqa.selenium.remote.RemoteWebDriver log
INFO: Executing: getActiveElement [1540c223e0411062b0aef9bf56d1f7b8, getActiveElement {}]
Mar 05, 2013 1:00:45 PM org.openqa.selenium.remote.RemoteWebDriver log
INFO: Executed: [1540c223e0411062b0aef9bf56d1f7b8, getActiveElement {}]
Mar 05, 2013 1:00:45 PM org.openqa.selenium.remote.RemoteWebDriver log
INFO: Executing: getElementAttribute [1540c223e0411062b0aef9bf56d1f7b8, getElementAttribute {"id":":wdc:1362481245532","name":"id"}]
Mar 05, 2013 1:00:45 PM org.openqa.selenium.remote.RemoteWebDriver log
INFO: Executed: [1540c223e0411062b0aef9bf56d1f7b8, getElementAttribute {"id":":wdc:1362481245532","name":"id"}]
Mar 05, 2013 1:00:45 PM org.openqa.selenium.remote.RemoteWebDriver log
INFO: Executing: get [1540c223e0411062b0aef9bf56d1f7b8, get {"url":"http://lwo1-dhp-f35258.synapse.com:6432/common/simpleTest.html"}]
Mar 05, 2013 1:00:45 PM org.openqa.selenium.remote.RemoteWebDriver log
INFO: Executed: [1540c223e0411062b0aef9bf56d1f7b8, get {"url":"http://lwo1-dhp-f35258.synapse.com:6432/common/simpleTest.html"}]
Mar 05, 2013 1:00:45 PM org.openqa.selenium.remote.RemoteWebDriver log
INFO: Executing: getActiveElement [1540c223e0411062b0aef9bf56d1f7b8, getActiveElement {}]
Mar 05, 2013 1:00:45 PM org.openqa.selenium.remote.RemoteWebDriver log
INFO: Executed: [1540c223e0411062b0aef9bf56d1f7b8, getActiveElement {}]
Mar 05, 2013 1:00:45 PM org.openqa.selenium.remote.RemoteWebDriver log
INFO: Executing: getElementAttribute [1540c223e0411062b0aef9bf56d1f7b8, getElementAttribute {"id":":wdc:1362481245761","name":"name"}]
Mar 05, 2013 1:00:45 PM org.openqa.selenium.remote.RemoteWebDriver log
INFO: Executed: [1540c223e0411062b0aef9bf56d1f7b8, getElementAttribute {"id":":wdc:1362481245761","name":"name"}]
Mar 05, 2013 1:00:45 PM org.openqa.selenium.remote.RemoteWebDriver log
INFO: Executing: get [1540c223e0411062b0aef9bf56d1f7b8, get {"url":"http://lwo1-dhp-f35258.synapse.com:6432/common/javascriptPage.html"}]
Mar 05, 2013 1:00:45 PM org.openqa.selenium.remote.RemoteWebDriver log
INFO: Executed: [1540c223e0411062b0aef9bf56d1f7b8, get {"url":"http://lwo1-dhp-f35258.synapse.com:6432/common/javascriptPage.html"}]
Mar 05, 2013 1:00:45 PM org.openqa.selenium.remote.RemoteWebDriver log
INFO: Executing: findElement [1540c223e0411062b0aef9bf56d1f7b8, findElement {"using":"id","value":"changeable"}]
Mar 05, 2013 1:00:45 PM org.openqa.selenium.remote.RemoteWebDriver log
INFO: Executed: [1540c223e0411062b0aef9bf56d1f7b8, findElement {"using":"id","value":"changeable"}]
Mar 05, 2013 1:00:45 PM org.openqa.selenium.remote.RemoteWebDriver log
INFO: Executing: sendKeysToElement [1540c223e0411062b0aef9bf56d1f7b8, sendKeysToElement {"id":":wdc:1362481245994","value":["test"]}]
Mar 05, 2013 1:00:46 PM org.openqa.selenium.remote.RemoteWebDriver log
INFO: Executed: [1540c223e0411062b0aef9bf56d1f7b8, sendKeysToElement {"id":":wdc:1362481245994","value":["test"]}]
Mar 05, 2013 1:00:46 PM org.openqa.selenium.remote.RemoteWebDriver log
INFO: Executing: findElement [1540c223e0411062b0aef9bf56d1f7b8, findElement {"using":"id","value":"clickField"}]
Mar 05, 2013 1:00:46 PM org.openqa.selenium.remote.RemoteWebDriver log
INFO: Executed: [1540c223e0411062b0aef9bf56d1f7b8, findElement {"using":"id","value":"clickField"}]
Mar 05, 2013 1:00:46 PM org.openqa.selenium.remote.RemoteWebDriver log
INFO: Executing: clickElement [1540c223e0411062b0aef9bf56d1f7b8, clickElement {"id":":wdc:1362481245995"}]
Mar 05, 2013 1:00:46 PM org.openqa.selenium.remote.RemoteWebDriver log
INFO: Executed: [1540c223e0411062b0aef9bf56d1f7b8, clickElement {"id":":wdc:1362481245995"}]
Mar 05, 2013 1:00:46 PM org.openqa.selenium.remote.RemoteWebDriver log
INFO: Executing: findElement [1540c223e0411062b0aef9bf56d1f7b8, findElement {"using":"id","value":"result"}]
Mar 05, 2013 1:00:46 PM org.openqa.selenium.remote.RemoteWebDriver log
INFO: Executed: [1540c223e0411062b0aef9bf56d1f7b8, findElement {"using":"id","value":"result"}]
Mar 05, 2013 1:00:46 PM org.openqa.selenium.remote.RemoteWebDriver log
INFO: Executing: getElementText [1540c223e0411062b0aef9bf56d1f7b8, getElementText {"id":":wdc:1362481245996"}]
Mar 05, 2013 1:00:46 PM org.openqa.selenium.remote.RemoteWebDriver log
INFO: Executed: [1540c223e0411062b0aef9bf56d1f7b8, getElementText {"id":":wdc:1362481245996"}]
Mar 05, 2013 1:00:46 PM org.openqa.selenium.remote.RemoteWebDriver log
INFO: Executing: sendKeysToElement [1540c223e0411062b0aef9bf56d1f7b8, sendKeysToElement {"id":":wdc:1362481245994","value":["","t"]}]
Mar 05, 2013 1:00:46 PM org.openqa.selenium.remote.RemoteWebDriver log
INFO: Executed: [1540c223e0411062b0aef9bf56d1f7b8, sendKeysToElement {"id":":wdc:1362481245994","value":["","t"]}]
Mar 05, 2013 1:00:46 PM org.openqa.selenium.remote.RemoteWebDriver log
INFO: Executing: findElement [1540c223e0411062b0aef9bf56d1f7b8, findElement {"using":"id","value":"clickField"}]
Mar 05, 2013 1:00:46 PM org.openqa.selenium.remote.RemoteWebDriver log
INFO: Executed: [1540c223e0411062b0aef9bf56d1f7b8, findElement {"using":"id","value":"clickField"}]
Mar 05, 2013 1:00:46 PM org.openqa.selenium.remote.RemoteWebDriver log
INFO: Executing: clickElement [1540c223e0411062b0aef9bf56d1f7b8, clickElement {"id":":wdc:1362481245995"}]
Mar 05, 2013 1:00:47 PM org.openqa.selenium.remote.RemoteWebDriver log
INFO: Executed: [1540c223e0411062b0aef9bf56d1f7b8, clickElement {"id":":wdc:1362481245995"}]
Mar 05, 2013 1:00:47 PM org.openqa.selenium.remote.RemoteWebDriver log
INFO: Executing: findElement [1540c223e0411062b0aef9bf56d1f7b8, findElement {"using":"id","value":"result"}]
Mar 05, 2013 1:00:47 PM org.openqa.selenium.remote.RemoteWebDriver log
INFO: Executed: [1540c223e0411062b0aef9bf56d1f7b8, findElement {"using":"id","value":"result"}]
Mar 05, 2013 1:00:47 PM org.openqa.selenium.remote.RemoteWebDriver log
INFO: Executing: getElementText [1540c223e0411062b0aef9bf56d1f7b8, getElementText {"id":":wdc:1362481245996"}]
Mar 05, 2013 1:00:47 PM org.openqa.selenium.remote.RemoteWebDriver log
INFO: Executed: [1540c223e0411062b0aef9bf56d1f7b8, getElementText {"id":":wdc:1362481245996"}]
Mar 05, 2013 1:00:47 PM org.openqa.selenium.remote.RemoteWebDriver log
INFO: Executing: get [1540c223e0411062b0aef9bf56d1f7b8, get {"url":"http://lwo1-dhp-f35258.synapse.com:6432/common/javascriptPage.html"}]
Mar 05, 2013 1:00:47 PM org.openqa.selenium.remote.RemoteWebDriver log
INFO: Executed: [1540c223e0411062b0aef9bf56d1f7b8, get {"url":"http://lwo1-dhp-f35258.synapse.com:6432/common/javascriptPage.html"}]
Mar 05, 2013 1:00:47 PM org.openqa.selenium.remote.RemoteWebDriver log
INFO: Executing: findElement [1540c223e0411062b0aef9bf56d1f7b8, findElement {"using":"id","value":"error"}]
Mar 05, 2013 1:00:47 PM org.openqa.selenium.remote.RemoteWebDriver log
INFO: Executed: [1540c223e0411062b0aef9bf56d1f7b8, findElement {"using":"id","value":"error"}]
Mar 05, 2013 1:00:47 PM org.openqa.selenium.remote.RemoteWebDriver log
INFO: Executing: clickElement [1540c223e0411062b0aef9bf56d1f7b8, clickElement {"id":":wdc:1362481247249"}]
Mar 05, 2013 1:00:47 PM org.openqa.selenium.remote.RemoteWebDriver log
INFO: Executed: [1540c223e0411062b0aef9bf56d1f7b8, clickElement {"id":":wdc:1362481247249"}]
Mar 05, 2013 1:00:47 PM org.openqa.selenium.remote.RemoteWebDriver log
INFO: Executing: findElement [1540c223e0411062b0aef9bf56d1f7b8, findElement {"using":"id","value":"error"}]
Mar 05, 2013 1:00:47 PM org.openqa.selenium.remote.RemoteWebDriver log
INFO: Executed: [1540c223e0411062b0aef9bf56d1f7b8, findElement {"using":"id","value":"error"}]
Mar 05, 2013 1:00:47 PM org.openqa.selenium.remote.RemoteWebDriver log
INFO: Executing: getElementText [1540c223e0411062b0aef9bf56d1f7b8, getElementText {"id":":wdc:1362481247249"}]
Mar 05, 2013 1:00:47 PM org.openqa.selenium.remote.RemoteWebDriver log
INFO: Executed: [1540c223e0411062b0aef9bf56d1f7b8, getElementText {"id":":wdc:1362481247249"}]
Mar 05, 2013 1:00:47 PM org.openqa.selenium.remote.RemoteWebDriver log
INFO: Executing: get [1540c223e0411062b0aef9bf56d1f7b8, get {"url":"http://lwo1-dhp-f35258.synapse.com:6432/common/javascriptPage.html"}]
Mar 05, 2013 1:00:47 PM org.openqa.selenium.remote.RemoteWebDriver log
INFO: Executed: [1540c223e0411062b0aef9bf56d1f7b8, get {"url":"http://lwo1-dhp-f35258.synapse.com:6432/common/javascriptPage.html"}]
Mar 05, 2013 1:00:47 PM org.openqa.selenium.remote.RemoteWebDriver log
INFO: Executing: executeScript [1540c223e0411062b0aef9bf56d1f7b8, executeScript {"script":"window.focus();","args":[]}]
Mar 05, 2013 1:00:47 PM org.openqa.selenium.remote.RemoteWebDriver log
INFO: Executed: [1540c223e0411062b0aef9bf56d1f7b8, executeScript {"script":"window.focus();","args":[]}]
Mar 05, 2013 1:00:47 PM org.openqa.selenium.remote.RemoteWebDriver log
INFO: Executing: findElement [1540c223e0411062b0aef9bf56d1f7b8, findElement {"using":"id","value":"keyUp"}]
Mar 05, 2013 1:00:47 PM org.openqa.selenium.remote.RemoteWebDriver log
INFO: Executed: [1540c223e0411062b0aef9bf56d1f7b8, findElement {"using":"id","value":"keyUp"}]
Mar 05, 2013 1:00:47 PM org.openqa.selenium.remote.RemoteWebDriver log
INFO: Executing: getElementLocationOnceScrolledIntoView [1540c223e0411062b0aef9bf56d1f7b8, getElementLocationOnceScrolledIntoView {"id":":wdc:1362481247588"}]
Mar 05, 2013 1:00:47 PM org.openqa.selenium.remote.RemoteWebDriver log
INFO: Executed: [1540c223e0411062b0aef9bf56d1f7b8, getElementLocationOnceScrolledIntoView {"id":":wdc:1362481247588"}]
Mar 05, 2013 1:00:47 PM org.openqa.selenium.remote.RemoteWebDriver log
INFO: Executing: quit [1540c223e0411062b0aef9bf56d1f7b8, quit {}]
Mar 05, 2013 1:00:47 PM org.openqa.selenium.remote.RemoteWebDriver log
INFO: Executed: [1540c223e0411062b0aef9bf56d1f7b8, quit {}]
Mar 05, 2013 1:00:47 PM org.openqa.selenium.remote.RemoteWebDriver log
INFO: Executing: get [6318191bd660c491b15e6d07b7a3f7fd, get {"url":"http://lwo1-dhp-f35258.synapse.com:6432/common/javascriptPage.html"}]
Mar 05, 2013 1:00:47 PM org.openqa.selenium.remote.RemoteWebDriver log
INFO: Executed: [6318191bd660c491b15e6d07b7a3f7fd, get {"url":"http://lwo1-dhp-f35258.synapse.com:6432/common/javascriptPage.html"}]
Mar 05, 2013 1:00:47 PM org.openqa.selenium.remote.RemoteWebDriver log
INFO: Executing: getCurrentWindowHandle [6318191bd660c491b15e6d07b7a3f7fd, getCurrentWindowHandle {}]
Mar 05, 2013 1:00:47 PM org.openqa.selenium.remote.RemoteWebDriver log
INFO: Executed: [6318191bd660c491b15e6d07b7a3f7fd, getCurrentWindowHandle {}]
Mar 05, 2013 1:00:47 PM org.openqa.selenium.remote.RemoteWebDriver log
INFO: Executing: findElement [6318191bd660c491b15e6d07b7a3f7fd, findElement {"using":"id","value":"new_window"}]
Mar 05, 2013 1:00:47 PM org.openqa.selenium.remote.RemoteWebDriver log
INFO: Executed: [6318191bd660c491b15e6d07b7a3f7fd, findElement {"using":"id","value":"new_window"}]
Mar 05, 2013 1:00:47 PM org.openqa.selenium.remote.RemoteWebDriver log
INFO: Executing: clickElement [6318191bd660c491b15e6d07b7a3f7fd, clickElement {"id":":wdc:1362481247681"}]
Mar 05, 2013 1:00:47 PM org.openqa.selenium.remote.RemoteWebDriver log
INFO: Executed: [6318191bd660c491b15e6d07b7a3f7fd, clickElement {"id":":wdc:1362481247681"}]
Mar 05, 2013 1:00:47 PM org.openqa.selenium.remote.RemoteWebDriver log
INFO: Executing: switchToWindow [6318191bd660c491b15e6d07b7a3f7fd, switchToWindow {"name":"close_me"}]
Mar 05, 2013 1:00:47 PM org.openqa.selenium.remote.RemoteWebDriver log
INFO: Executed: [6318191bd660c491b15e6d07b7a3f7fd, switchToWindow {"name":"close_me"}]
Mar 05, 2013 1:00:47 PM org.openqa.selenium.remote.RemoteWebDriver log
INFO: Executing: findElement [6318191bd660c491b15e6d07b7a3f7fd, findElement {"using":"id","value":"close"}]
Mar 05, 2013 1:00:47 PM org.openqa.selenium.remote.RemoteWebDriver log
INFO: Executed: [6318191bd660c491b15e6d07b7a3f7fd, findElement {"using":"id","value":"close"}]
Mar 05, 2013 1:00:47 PM org.openqa.selenium.remote.RemoteWebDriver log
INFO: Executing: clickElement [6318191bd660c491b15e6d07b7a3f7fd, clickElement {"id":":wdc:1362481247858"}]
Mar 05, 2013 1:00:47 PM org.openqa.selenium.remote.RemoteWebDriver log
INFO: Executed: [6318191bd660c491b15e6d07b7a3f7fd, clickElement {"id":":wdc:1362481247858"}]
Mar 05, 2013 1:00:47 PM org.openqa.selenium.remote.RemoteWebDriver log
INFO: Executing: switchToWindow [6318191bd660c491b15e6d07b7a3f7fd, switchToWindow {"name":"f1-2100018308"}]
Mar 05, 2013 1:00:47 PM org.openqa.selenium.remote.RemoteWebDriver log
INFO: Executed: [6318191bd660c491b15e6d07b7a3f7fd, switchToWindow {"name":"f1-2100018308"}]
Mar 05, 2013 1:00:47 PM org.openqa.selenium.remote.RemoteWebDriver log
INFO: Executing: get [6318191bd660c491b15e6d07b7a3f7fd, get {"url":"http://lwo1-dhp-f35258.synapse.com:6432/common/simpleTest.html"}]
Mar 05, 2013 1:00:47 PM org.openqa.selenium.remote.RemoteWebDriver log
INFO: Executed: [6318191bd660c491b15e6d07b7a3f7fd, get {"url":"http://lwo1-dhp-f35258.synapse.com:6432/common/simpleTest.html"}]
Mar 05, 2013 1:00:47 PM org.openqa.selenium.remote.RemoteWebDriver log
INFO: Executing: getCurrentUrl [6318191bd660c491b15e6d07b7a3f7fd, getCurrentUrl {}]
Mar 05, 2013 1:00:47 PM org.openqa.selenium.remote.RemoteWebDriver log
INFO: Executed: [6318191bd660c491b15e6d07b7a3f7fd, getCurrentUrl {}]
Mar 05, 2013 1:00:47 PM org.openqa.selenium.remote.RemoteWebDriver log
INFO: Executing: get [6318191bd660c491b15e6d07b7a3f7fd, get {"url":"http://lwo1-dhp-f35258.synapse.com:6432/common/javascriptPage.html"}]
Mar 05, 2013 1:00:47 PM org.openqa.selenium.remote.RemoteWebDriver log
INFO: Executed: [6318191bd660c491b15e6d07b7a3f7fd, get {"url":"http://lwo1-dhp-f35258.synapse.com:6432/common/javascriptPage.html"}]
Mar 05, 2013 1:00:47 PM org.openqa.selenium.remote.RemoteWebDriver log
INFO: Executing: getCurrentUrl [6318191bd660c491b15e6d07b7a3f7fd, getCurrentUrl {}]
Mar 05, 2013 1:00:48 PM org.openqa.selenium.remote.RemoteWebDriver log
INFO: Executed: [6318191bd660c491b15e6d07b7a3f7fd, getCurrentUrl {}]
Mar 05, 2013 1:00:48 PM org.openqa.selenium.remote.RemoteWebDriver log
INFO: Executing: get [6318191bd660c491b15e6d07b7a3f7fd, get {"url":"http://lwo1-dhp-f35258.synapse.com:6432/common/simpleTest.html"}]
Mar 05, 2013 1:00:48 PM org.openqa.selenium.remote.RemoteWebDriver log
INFO: Executed: [6318191bd660c491b15e6d07b7a3f7fd, get {"url":"http://lwo1-dhp-f35258.synapse.com:6432/common/simpleTest.html"}]
Mar 05, 2013 1:00:48 PM org.openqa.selenium.remote.RemoteWebDriver log
INFO: Executing: getPageSource [6318191bd660c491b15e6d07b7a3f7fd, getPageSource {}]
Mar 05, 2013 1:00:48 PM org.openqa.selenium.remote.RemoteWebDriver log
INFO: Executed: [6318191bd660c491b15e6d07b7a3f7fd, getPageSource {}]
Mar 05, 2013 1:00:48 PM org.openqa.selenium.remote.RemoteWebDriver log
INFO: Executing: get [6318191bd660c491b15e6d07b7a3f7fd, get {"url":"http://lwo1-dhp-f35258.synapse.com:6432/common/globalscope.html"}]
Mar 05, 2013 1:00:48 PM org.openqa.selenium.remote.RemoteWebDriver log
INFO: Executed: [6318191bd660c491b15e6d07b7a3f7fd, get {"url":"http://lwo1-dhp-f35258.synapse.com:6432/common/globalscope.html"}]
Mar 05, 2013 1:00:48 PM org.openqa.selenium.remote.RemoteWebDriver log
INFO: Executing: executeScript [6318191bd660c491b15e6d07b7a3f7fd, executeScript {"script":"return window.w;","args":[]}]
Mar 05, 2013 1:00:48 PM org.openqa.selenium.remote.RemoteWebDriver log
INFO: Executed: [6318191bd660c491b15e6d07b7a3f7fd, executeScript {"script":"return window.w;","args":[]}]
Mar 05, 2013 1:00:48 PM org.openqa.selenium.remote.RemoteWebDriver log
INFO: Executing: executeScript [6318191bd660c491b15e6d07b7a3f7fd, executeScript {"script":"return window.h;","args":[]}]
Mar 05, 2013 1:00:48 PM org.openqa.selenium.remote.RemoteWebDriver log
INFO: Executed: [6318191bd660c491b15e6d07b7a3f7fd, executeScript {"script":"return window.h;","args":[]}]
Mar 05, 2013 1:00:48 PM org.openqa.selenium.remote.RemoteWebDriver log
INFO: Executing: findElement [6318191bd660c491b15e6d07b7a3f7fd, findElement {"using":"id","value":"toclick"}]
Mar 05, 2013 1:00:48 PM org.openqa.selenium.remote.RemoteWebDriver log
INFO: Executed: [6318191bd660c491b15e6d07b7a3f7fd, findElement {"using":"id","value":"toclick"}]
Mar 05, 2013 1:00:48 PM org.openqa.selenium.remote.RemoteWebDriver log
INFO: Executing: clickElement [6318191bd660c491b15e6d07b7a3f7fd, clickElement {"id":":wdc:1362481248078"}]
Mar 05, 2013 1:00:48 PM org.openqa.selenium.remote.RemoteWebDriver log
INFO: Executed: [6318191bd660c491b15e6d07b7a3f7fd, clickElement {"id":":wdc:1362481248078"}]
Mar 05, 2013 1:00:48 PM org.openqa.selenium.remote.RemoteWebDriver log
INFO: Executing: executeScript [6318191bd660c491b15e6d07b7a3f7fd, executeScript {"script":"return window.w;","args":[]}]
Mar 05, 2013 1:00:48 PM org.openqa.selenium.remote.RemoteWebDriver log
INFO: Executed: [6318191bd660c491b15e6d07b7a3f7fd, executeScript {"script":"return window.w;","args":[]}]
Mar 05, 2013 1:00:48 PM org.openqa.selenium.remote.RemoteWebDriver log
INFO: Executing: executeScript [6318191bd660c491b15e6d07b7a3f7fd, executeScript {"script":"return window.h;","args":[]}]
Mar 05, 2013 1:00:48 PM org.openqa.selenium.remote.RemoteWebDriver log
INFO: Executed: [6318191bd660c491b15e6d07b7a3f7fd, executeScript {"script":"return window.h;","args":[]}]
Mar 05, 2013 1:00:48 PM org.openqa.selenium.remote.RemoteWebDriver log
INFO: Executing: getCurrentUrl [6318191bd660c491b15e6d07b7a3f7fd, getCurrentUrl {}]
Mar 05, 2013 1:00:48 PM org.openqa.selenium.remote.RemoteWebDriver log
INFO: Executed: [6318191bd660c491b15e6d07b7a3f7fd, getCurrentUrl {}]
Mar 05, 2013 1:00:48 PM org.openqa.selenium.remote.RemoteWebDriver log
INFO: Executing: getTitle [6318191bd660c491b15e6d07b7a3f7fd, getTitle {}]
Mar 05, 2013 1:00:48 PM org.openqa.selenium.remote.RemoteWebDriver log
INFO: Executed: [6318191bd660c491b15e6d07b7a3f7fd, getTitle {}]
Mar 05, 2013 1:00:48 PM org.openqa.selenium.remote.RemoteWebDriver log
INFO: Executing: getPageSource [6318191bd660c491b15e6d07b7a3f7fd, getPageSource {}]
Mar 05, 2013 1:00:48 PM org.openqa.selenium.remote.RemoteWebDriver log
INFO: Executed: [6318191bd660c491b15e6d07b7a3f7fd, getPageSource {}]
Mar 05, 2013 1:00:48 PM org.openqa.selenium.remote.RemoteWebDriver log
INFO: Executing: findElement [6318191bd660c491b15e6d07b7a3f7fd, findElement {"using":"xpath","value":"//html"}]
Mar 05, 2013 1:00:48 PM org.openqa.selenium.remote.RemoteWebDriver log
INFO: Executed: [6318191bd660c491b15e6d07b7a3f7fd, findElement {"using":"xpath","value":"//html"}]
Mar 05, 2013 1:00:48 PM org.openqa.selenium.remote.RemoteWebDriver log
INFO: Executing: findElements [6318191bd660c491b15e6d07b7a3f7fd, findElements {"using":"xpath","value":"//html"}]
Mar 05, 2013 1:00:48 PM org.openqa.selenium.remote.RemoteWebDriver log
INFO: Executed: [6318191bd660c491b15e6d07b7a3f7fd, findElements {"using":"xpath","value":"//html"}]
Mar 05, 2013 1:00:48 PM org.openqa.selenium.remote.RemoteWebDriver log
INFO: Executing: get [6318191bd660c491b15e6d07b7a3f7fd, get {"url":"http://lwo1-dhp-f35258.synapse.com:6432/common/simpleTest.html"}]
Mar 05, 2013 1:00:48 PM org.openqa.selenium.remote.RemoteWebDriver log
INFO: Executed: [6318191bd660c491b15e6d07b7a3f7fd, get {"url":"http://lwo1-dhp-f35258.synapse.com:6432/common/simpleTest.html"}]
Mar 05, 2013 1:00:48 PM org.openqa.selenium.remote.RemoteWebDriver log
INFO: Executing: getCurrentUrl [6318191bd660c491b15e6d07b7a3f7fd, getCurrentUrl {}]
Mar 05, 2013 1:00:48 PM org.openqa.selenium.remote.RemoteWebDriver log
INFO: Executed: [6318191bd660c491b15e6d07b7a3f7fd, getCurrentUrl {}]
Mar 05, 2013 1:00:48 PM org.openqa.selenium.remote.RemoteWebDriver log
INFO: Executing: getTitle [6318191bd660c491b15e6d07b7a3f7fd, getTitle {}]
Mar 05, 2013 1:00:48 PM org.openqa.selenium.remote.RemoteWebDriver log
INFO: Executed: [6318191bd660c491b15e6d07b7a3f7fd, getTitle {}]
Mar 05, 2013 1:00:48 PM org.openqa.selenium.remote.RemoteWebDriver log
INFO: Executing: getPageSource [6318191bd660c491b15e6d07b7a3f7fd, getPageSource {}]
Mar 05, 2013 1:00:48 PM org.openqa.selenium.remote.RemoteWebDriver log
INFO: Executed: [6318191bd660c491b15e6d07b7a3f7fd, getPageSource {}]
Mar 05, 2013 1:00:48 PM org.openqa.selenium.remote.RemoteWebDriver log
INFO: Executing: findElement [6318191bd660c491b15e6d07b7a3f7fd, findElement {"using":"xpath","value":"//html"}]
Mar 05, 2013 1:00:48 PM org.openqa.selenium.remote.RemoteWebDriver log
INFO: Executed: [6318191bd660c491b15e6d07b7a3f7fd, findElement {"using":"xpath","value":"//html"}]
Mar 05, 2013 1:00:48 PM org.openqa.selenium.remote.RemoteWebDriver log
INFO: Executing: findElements [6318191bd660c491b15e6d07b7a3f7fd, findElements {"using":"xpath","value":"//html"}]
Mar 05, 2013 1:00:48 PM org.openqa.selenium.remote.RemoteWebDriver log
INFO: Executed: [6318191bd660c491b15e6d07b7a3f7fd, findElements {"using":"xpath","value":"//html"}]
Mar 05, 2013 1:00:48 PM org.openqa.selenium.remote.RemoteWebDriver log
INFO: Executing: getCookies [6318191bd660c491b15e6d07b7a3f7fd, getCookies {}]
Mar 05, 2013 1:00:48 PM org.openqa.selenium.remote.RemoteWebDriver log
INFO: Executed: [6318191bd660c491b15e6d07b7a3f7fd, getCookies {}]
Mar 05, 2013 1:00:48 PM org.openqa.selenium.remote.RemoteWebDriver log
INFO: Executing: get [6318191bd660c491b15e6d07b7a3f7fd, get {"url":"http://lwo1-dhp-f35258.synapse.com:6432/common/click_jacker.html"}]
Mar 05, 2013 1:00:48 PM org.openqa.selenium.remote.RemoteWebDriver log
INFO: Executed: [6318191bd660c491b15e6d07b7a3f7fd, get {"url":"http://lwo1-dhp-f35258.synapse.com:6432/common/click_jacker.html"}]
Mar 05, 2013 1:00:48 PM org.openqa.selenium.remote.RemoteWebDriver log
INFO: Executing: findElement [6318191bd660c491b15e6d07b7a3f7fd, findElement {"using":"id","value":"clickJacker"}]
Mar 05, 2013 1:00:48 PM org.openqa.selenium.remote.RemoteWebDriver log
INFO: Executed: [6318191bd660c491b15e6d07b7a3f7fd, findElement {"using":"id","value":"clickJacker"}]
Mar 05, 2013 1:00:48 PM org.openqa.selenium.remote.RemoteWebDriver log
INFO: Executing: getElementValueOfCssProperty [6318191bd660c491b15e6d07b7a3f7fd, getElementValueOfCssProperty {"id":":wdc:1362481248562","propertyName":"opacity"}]
Mar 05, 2013 1:00:48 PM org.openqa.selenium.remote.RemoteWebDriver log
INFO: Executed: [6318191bd660c491b15e6d07b7a3f7fd, getElementValueOfCssProperty {"id":":wdc:1362481248562","propertyName":"opacity"}]
Mar 05, 2013 1:00:48 PM org.openqa.selenium.remote.RemoteWebDriver log
INFO: Executing: clickElement [6318191bd660c491b15e6d07b7a3f7fd, clickElement {"id":":wdc:1362481248562"}]
Mar 05, 2013 1:00:48 PM org.openqa.selenium.remote.RemoteWebDriver log
INFO: Executed: [6318191bd660c491b15e6d07b7a3f7fd, clickElement {"id":":wdc:1362481248562"}]
Mar 05, 2013 1:00:48 PM org.openqa.selenium.remote.RemoteWebDriver log
INFO: Executing: getElementValueOfCssProperty [6318191bd660c491b15e6d07b7a3f7fd, getElementValueOfCssProperty {"id":":wdc:1362481248562","propertyName":"opacity"}]
Mar 05, 2013 1:00:48 PM org.openqa.selenium.remote.RemoteWebDriver log
INFO: Executed: [6318191bd660c491b15e6d07b7a3f7fd, getElementValueOfCssProperty {"id":":wdc:1362481248562","propertyName":"opacity"}]
Mar 05, 2013 1:00:48 PM org.openqa.selenium.remote.RemoteWebDriver log
INFO: Executing: get [6318191bd660c491b15e6d07b7a3f7fd, get {"url":"http://lwo1-dhp-f35258.synapse.com:6432/common/formPage.html"}]
Mar 05, 2013 1:00:48 PM org.openqa.selenium.remote.RemoteWebDriver log
INFO: Executed: [6318191bd660c491b15e6d07b7a3f7fd, get {"url":"http://lwo1-dhp-f35258.synapse.com:6432/common/formPage.html"}]
Mar 05, 2013 1:00:48 PM org.openqa.selenium.remote.RemoteWebDriver log
INFO: Executing: findElement [6318191bd660c491b15e6d07b7a3f7fd, findElement {"using":"id","value":"invisi_select"}]
Mar 05, 2013 1:00:48 PM org.openqa.selenium.remote.RemoteWebDriver log
INFO: Executed: [6318191bd660c491b15e6d07b7a3f7fd, findElement {"using":"id","value":"invisi_select"}]
Mar 05, 2013 1:00:48 PM org.openqa.selenium.remote.RemoteWebDriver log
INFO: Executing: findChildElements [6318191bd660c491b15e6d07b7a3f7fd, findChildElements {"id":":wdc:1362481248776","using":"tag name","value":"option"}]
Mar 05, 2013 1:00:48 PM org.openqa.selenium.remote.RemoteWebDriver log
INFO: Executed: [6318191bd660c491b15e6d07b7a3f7fd, findChildElements {"id":":wdc:1362481248776","using":"tag name","value":"option"}]
Mar 05, 2013 1:00:48 PM org.openqa.selenium.remote.RemoteWebDriver log
INFO: Executing: isElementSelected [6318191bd660c491b15e6d07b7a3f7fd, isElementSelected {"id":":wdc:1362481248777"}]
Mar 05, 2013 1:00:48 PM org.openqa.selenium.remote.RemoteWebDriver log
INFO: Executed: [6318191bd660c491b15e6d07b7a3f7fd, isElementSelected {"id":":wdc:1362481248777"}]
Mar 05, 2013 1:00:48 PM org.openqa.selenium.remote.RemoteWebDriver log
INFO: Executing: isElementSelected [6318191bd660c491b15e6d07b7a3f7fd, isElementSelected {"id":":wdc:1362481248778"}]
Mar 05, 2013 1:00:49 PM org.openqa.selenium.remote.RemoteWebDriver log
INFO: Executed: [6318191bd660c491b15e6d07b7a3f7fd, isElementSelected {"id":":wdc:1362481248778"}]
Mar 05, 2013 1:00:49 PM org.openqa.selenium.remote.RemoteWebDriver log
INFO: Executing: clickElement [6318191bd660c491b15e6d07b7a3f7fd, clickElement {"id":":wdc:1362481248778"}]
Mar 05, 2013 1:00:49 PM org.openqa.selenium.remote.RemoteWebDriver log
INFO: Executed: [6318191bd660c491b15e6d07b7a3f7fd, clickElement {"id":":wdc:1362481248778"}]
Mar 05, 2013 1:00:49 PM org.openqa.selenium.remote.RemoteWebDriver log
INFO: Executing: isElementSelected [6318191bd660c491b15e6d07b7a3f7fd, isElementSelected {"id":":wdc:1362481248777"}]
Mar 05, 2013 1:00:49 PM org.openqa.selenium.remote.RemoteWebDriver log
INFO: Executed: [6318191bd660c491b15e6d07b7a3f7fd, isElementSelected {"id":":wdc:1362481248777"}]
Mar 05, 2013 1:00:49 PM org.openqa.selenium.remote.RemoteWebDriver log
INFO: Executing: isElementSelected [6318191bd660c491b15e6d07b7a3f7fd, isElementSelected {"id":":wdc:1362481248778"}]
Mar 05, 2013 1:00:49 PM org.openqa.selenium.remote.RemoteWebDriver log
INFO: Executed: [6318191bd660c491b15e6d07b7a3f7fd, isElementSelected {"id":":wdc:1362481248778"}]
Mar 05, 2013 1:00:49 PM org.openqa.selenium.remote.RemoteWebDriver log
INFO: Executing: get [6318191bd660c491b15e6d07b7a3f7fd, get {"url":"http://lwo1-dhp-f35258.synapse.com:6432/common/frameset.html"}]
Mar 05, 2013 1:00:49 PM org.openqa.selenium.remote.RemoteWebDriver log
INFO: Executed: [6318191bd660c491b15e6d07b7a3f7fd, get {"url":"http://lwo1-dhp-f35258.synapse.com:6432/common/frameset.html"}]
Mar 05, 2013 1:00:49 PM org.openqa.selenium.remote.RemoteWebDriver log
INFO: Executing: switchToFrame [6318191bd660c491b15e6d07b7a3f7fd, switchToFrame {"id":0}]
Mar 05, 2013 1:00:49 PM org.openqa.selenium.remote.RemoteWebDriver log
INFO: Executed: [6318191bd660c491b15e6d07b7a3f7fd, switchToFrame {"id":0}]
Mar 05, 2013 1:00:49 PM org.openqa.selenium.remote.RemoteWebDriver log
INFO: Executing: findElement [6318191bd660c491b15e6d07b7a3f7fd, findElement {"using":"xpath","value":"//span[@id='pageNumber']"}]
Mar 05, 2013 1:00:49 PM org.openqa.selenium.remote.RemoteWebDriver log
INFO: Executed: [6318191bd660c491b15e6d07b7a3f7fd, findElement {"using":"xpath","value":"//span[@id='pageNumber']"}]
Mar 05, 2013 1:00:49 PM org.openqa.selenium.remote.RemoteWebDriver log
INFO: Executing: getElementText [6318191bd660c491b15e6d07b7a3f7fd, getElementText {"id":":wdc:1362481249924"}]
Mar 05, 2013 1:00:49 PM org.openqa.selenium.remote.RemoteWebDriver log
INFO: Executed: [6318191bd660c491b15e6d07b7a3f7fd, getElementText {"id":":wdc:1362481249924"}]
Mar 05, 2013 1:00:49 PM org.openqa.selenium.remote.RemoteWebDriver log
INFO: Executing: switchToFrame [6318191bd660c491b15e6d07b7a3f7fd, switchToFrame {"id":null}]
Mar 05, 2013 1:00:49 PM org.openqa.selenium.remote.RemoteWebDriver log
INFO: Executed: [6318191bd660c491b15e6d07b7a3f7fd, switchToFrame {"id":null}]
Mar 05, 2013 1:00:49 PM org.openqa.selenium.remote.RemoteWebDriver log
INFO: Executing: switchToFrame [6318191bd660c491b15e6d07b7a3f7fd, switchToFrame {"id":1}]
Mar 05, 2013 1:00:49 PM org.openqa.selenium.remote.RemoteWebDriver log
INFO: Executed: [6318191bd660c491b15e6d07b7a3f7fd, switchToFrame {"id":1}]
Mar 05, 2013 1:00:49 PM org.openqa.selenium.remote.RemoteWebDriver log
INFO: Executing: findElement [6318191bd660c491b15e6d07b7a3f7fd, findElement {"using":"xpath","value":"//span[@id='pageNumber']"}]
Mar 05, 2013 1:00:50 PM org.openqa.selenium.remote.RemoteWebDriver log
INFO: Executed: [6318191bd660c491b15e6d07b7a3f7fd, findElement {"using":"xpath","value":"//span[@id='pageNumber']"}]
Mar 05, 2013 1:00:50 PM org.openqa.selenium.remote.RemoteWebDriver log
INFO: Executing: getElementText [6318191bd660c491b15e6d07b7a3f7fd, getElementText {"id":":wdc:1362481250069"}]
Mar 05, 2013 1:00:50 PM org.openqa.selenium.remote.RemoteWebDriver log
INFO: Executed: [6318191bd660c491b15e6d07b7a3f7fd, getElementText {"id":":wdc:1362481250069"}]
Mar 05, 2013 1:00:50 PM org.openqa.selenium.remote.RemoteWebDriver log
INFO: Executing: quit [6318191bd660c491b15e6d07b7a3f7fd, quit {}]
Mar 05, 2013 1:00:50 PM org.openqa.selenium.remote.RemoteWebDriver log
INFO: Executed: [6318191bd660c491b15e6d07b7a3f7fd, quit {}]
Mar 05, 2013 1:00:50 PM org.openqa.selenium.remote.RemoteWebDriver log
INFO: Executing: executeScript [4312dea866e368fe4480e42a77725e01, executeScript {"script":"return navigator.userAgent;","args":[]}]
Mar 05, 2013 1:00:50 PM org.openqa.selenium.remote.RemoteWebDriver log
INFO: Executed: [4312dea866e368fe4480e42a77725e01, executeScript {"script":"return navigator.userAgent;","args":[]}]
Mar 05, 2013 1:00:50 PM org.openqa.selenium.remote.RemoteWebDriver log
INFO: Executing: getTitle [4312dea866e368fe4480e42a77725e01, getTitle {}]
Mar 05, 2013 1:00:50 PM org.openqa.selenium.remote.RemoteWebDriver log
INFO: Executed: [4312dea866e368fe4480e42a77725e01, getTitle {}]
Mar 05, 2013 1:00:50 PM org.openqa.selenium.remote.RemoteWebDriver log
INFO: Executing: get [4312dea866e368fe4480e42a77725e01, get {"url":"http://lwo1-dhp-f35258.synapse.com:6432/common/formPage.html"}]
Mar 05, 2013 1:00:50 PM org.openqa.selenium.remote.RemoteWebDriver log
INFO: Executed: [4312dea866e368fe4480e42a77725e01, get {"url":"http://lwo1-dhp-f35258.synapse.com:6432/common/formPage.html"}]
Mar 05, 2013 1:00:50 PM org.openqa.selenium.remote.RemoteWebDriver log
INFO: Executing: goBack [4312dea866e368fe4480e42a77725e01, goBack {}]
Mar 05, 2013 1:00:50 PM org.openqa.selenium.remote.RemoteWebDriver log
INFO: Executed: [4312dea866e368fe4480e42a77725e01, goBack {}]
Mar 05, 2013 1:00:50 PM org.openqa.selenium.remote.RemoteWebDriver log
INFO: Executing: getTitle [4312dea866e368fe4480e42a77725e01, getTitle {}]
Mar 05, 2013 1:00:50 PM org.openqa.selenium.remote.RemoteWebDriver log
INFO: Executed: [4312dea866e368fe4480e42a77725e01, getTitle {}]
Mar 05, 2013 1:00:50 PM org.openqa.selenium.remote.RemoteWebDriver log
INFO: Executing: get [4312dea866e368fe4480e42a77725e01, get {"url":"http://lwo1-dhp-f35258.synapse.com:6432/common/formPage.html"}]
Mar 05, 2013 1:00:50 PM org.openqa.selenium.remote.RemoteWebDriver log
INFO: Executed: [4312dea866e368fe4480e42a77725e01, get {"url":"http://lwo1-dhp-f35258.synapse.com:6432/common/formPage.html"}]
Mar 05, 2013 1:00:50 PM org.openqa.selenium.remote.RemoteWebDriver log
INFO: Executing: findElement [4312dea866e368fe4480e42a77725e01, findElement {"using":"id","value":"imageButton"}]
Mar 05, 2013 1:00:50 PM org.openqa.selenium.remote.RemoteWebDriver log
INFO: Executed: [4312dea866e368fe4480e42a77725e01, findElement {"using":"id","value":"imageButton"}]
Mar 05, 2013 1:00:50 PM org.openqa.selenium.remote.RemoteWebDriver log
INFO: Executing: submitElement [4312dea866e368fe4480e42a77725e01, submitElement {"id":":wdc:1362481250284"}]
Mar 05, 2013 1:00:50 PM org.openqa.selenium.remote.RemoteWebDriver log
INFO: Executed: [4312dea866e368fe4480e42a77725e01, submitElement {"id":":wdc:1362481250284"}]
Mar 05, 2013 1:00:50 PM org.openqa.selenium.remote.RemoteWebDriver log
INFO: Executing: getTitle [4312dea866e368fe4480e42a77725e01, getTitle {}]
Mar 05, 2013 1:00:50 PM org.openqa.selenium.remote.RemoteWebDriver log
INFO: Executed: [4312dea866e368fe4480e42a77725e01, getTitle {}]
Mar 05, 2013 1:00:50 PM org.openqa.selenium.remote.RemoteWebDriver log
INFO: Executing: goBack [4312dea866e368fe4480e42a77725e01, goBack {}]
Mar 05, 2013 1:00:50 PM org.openqa.selenium.remote.RemoteWebDriver log
INFO: Executed: [4312dea866e368fe4480e42a77725e01, goBack {}]
Mar 05, 2013 1:00:50 PM org.openqa.selenium.remote.RemoteWebDriver log
INFO: Executing: getTitle [4312dea866e368fe4480e42a77725e01, getTitle {}]
Mar 05, 2013 1:00:50 PM org.openqa.selenium.remote.RemoteWebDriver log
INFO: Executed: [4312dea866e368fe4480e42a77725e01, getTitle {}]
Mar 05, 2013 1:00:50 PM org.openqa.selenium.remote.RemoteWebDriver log
INFO: Executing: get [4312dea866e368fe4480e42a77725e01, get {"url":"http://lwo1-dhp-f35258.synapse.com:6432/common/xhtmlTest.html"}]
Mar 05, 2013 1:00:50 PM org.openqa.selenium.remote.RemoteWebDriver log
INFO: Executed: [4312dea866e368fe4480e42a77725e01, get {"url":"http://lwo1-dhp-f35258.synapse.com:6432/common/xhtmlTest.html"}]
Mar 05, 2013 1:00:50 PM org.openqa.selenium.remote.RemoteWebDriver log
INFO: Executing: findElement [4312dea866e368fe4480e42a77725e01, findElement {"using":"name","value":"sameWindow"}]
Mar 05, 2013 1:00:50 PM org.openqa.selenium.remote.RemoteWebDriver log
INFO: Executed: [4312dea866e368fe4480e42a77725e01, findElement {"using":"name","value":"sameWindow"}]
Mar 05, 2013 1:00:50 PM org.openqa.selenium.remote.RemoteWebDriver log
INFO: Executing: clickElement [4312dea866e368fe4480e42a77725e01, clickElement {"id":":wdc:1362481250468"}]
Mar 05, 2013 1:00:50 PM org.openqa.selenium.remote.RemoteWebDriver log
INFO: Executed: [4312dea866e368fe4480e42a77725e01, clickElement {"id":":wdc:1362481250468"}]
Mar 05, 2013 1:00:50 PM org.openqa.selenium.remote.RemoteWebDriver log
INFO: Executing: getTitle [4312dea866e368fe4480e42a77725e01, getTitle {}]
Mar 05, 2013 1:00:50 PM org.openqa.selenium.remote.RemoteWebDriver log
INFO: Executed: [4312dea866e368fe4480e42a77725e01, getTitle {}]
Mar 05, 2013 1:00:50 PM org.openqa.selenium.remote.RemoteWebDriver log
INFO: Executing: getTitle [4312dea866e368fe4480e42a77725e01, getTitle {}]
Mar 05, 2013 1:00:50 PM org.openqa.selenium.remote.RemoteWebDriver log
INFO: Executed: [4312dea866e368fe4480e42a77725e01, getTitle {}]
Mar 05, 2013 1:00:50 PM org.openqa.selenium.remote.RemoteWebDriver log
INFO: Executing: goBack [4312dea866e368fe4480e42a77725e01, goBack {}]
Mar 05, 2013 1:00:50 PM org.openqa.selenium.remote.RemoteWebDriver log
INFO: Executed: [4312dea866e368fe4480e42a77725e01, goBack {}]
Mar 05, 2013 1:00:50 PM org.openqa.selenium.remote.RemoteWebDriver log
INFO: Executing: getTitle [4312dea866e368fe4480e42a77725e01, getTitle {}]
Mar 05, 2013 1:00:50 PM org.openqa.selenium.remote.RemoteWebDriver log
INFO: Executed: [4312dea866e368fe4480e42a77725e01, getTitle {}]
Mar 05, 2013 1:00:50 PM org.openqa.selenium.remote.RemoteWebDriver log
INFO: Executing: get [4312dea866e368fe4480e42a77725e01, get {"url":"http://lwo1-dhp-f35258.synapse.com:6432/common/formPage.html"}]
Mar 05, 2013 1:00:50 PM org.openqa.selenium.remote.RemoteWebDriver log
INFO: Executed: [4312dea866e368fe4480e42a77725e01, get {"url":"http://lwo1-dhp-f35258.synapse.com:6432/common/formPage.html"}]
Mar 05, 2013 1:00:50 PM org.openqa.selenium.remote.RemoteWebDriver log
INFO: Executing: findElement [4312dea866e368fe4480e42a77725e01, findElement {"using":"id","value":"imageButton"}]
Mar 05, 2013 1:00:50 PM org.openqa.selenium.remote.RemoteWebDriver log
INFO: Executed: [4312dea866e368fe4480e42a77725e01, findElement {"using":"id","value":"imageButton"}]
Mar 05, 2013 1:00:50 PM org.openqa.selenium.remote.RemoteWebDriver log
INFO: Executing: submitElement [4312dea866e368fe4480e42a77725e01, submitElement {"id":":wdc:1362481250657"}]
Mar 05, 2013 1:00:50 PM org.openqa.selenium.remote.RemoteWebDriver log
INFO: Executed: [4312dea866e368fe4480e42a77725e01, submitElement {"id":":wdc:1362481250657"}]
Mar 05, 2013 1:00:50 PM org.openqa.selenium.remote.RemoteWebDriver log
INFO: Executing: getTitle [4312dea866e368fe4480e42a77725e01, getTitle {}]
Mar 05, 2013 1:00:50 PM org.openqa.selenium.remote.RemoteWebDriver log
INFO: Executed: [4312dea866e368fe4480e42a77725e01, getTitle {}]
Mar 05, 2013 1:00:50 PM org.openqa.selenium.remote.RemoteWebDriver log
INFO: Executing: getTitle [4312dea866e368fe4480e42a77725e01, getTitle {}]
Mar 05, 2013 1:00:50 PM org.openqa.selenium.remote.RemoteWebDriver log
INFO: Executed: [4312dea866e368fe4480e42a77725e01, getTitle {}]
Mar 05, 2013 1:00:50 PM org.openqa.selenium.remote.RemoteWebDriver log
INFO: Executing: goBack [4312dea866e368fe4480e42a77725e01, goBack {}]
Mar 05, 2013 1:00:50 PM org.openqa.selenium.remote.RemoteWebDriver log
INFO: Executed: [4312dea866e368fe4480e42a77725e01, goBack {}]
Mar 05, 2013 1:00:50 PM org.openqa.selenium.remote.RemoteWebDriver log
INFO: Executing: getTitle [4312dea866e368fe4480e42a77725e01, getTitle {}]
Mar 05, 2013 1:00:50 PM org.openqa.selenium.remote.RemoteWebDriver log
INFO: Executed: [4312dea866e368fe4480e42a77725e01, getTitle {}]
Mar 05, 2013 1:00:50 PM org.openqa.selenium.remote.RemoteWebDriver log
INFO: Executing: getTitle [4312dea866e368fe4480e42a77725e01, getTitle {}]
Mar 05, 2013 1:00:50 PM org.openqa.selenium.remote.RemoteWebDriver log
INFO: Executed: [4312dea866e368fe4480e42a77725e01, getTitle {}]
Mar 05, 2013 1:00:50 PM org.openqa.selenium.remote.RemoteWebDriver log
INFO: Executing: goForward [4312dea866e368fe4480e42a77725e01, goForward {}]
Mar 05, 2013 1:00:50 PM org.openqa.selenium.remote.RemoteWebDriver log
INFO: Executed: [4312dea866e368fe4480e42a77725e01, goForward {}]
Mar 05, 2013 1:00:50 PM org.openqa.selenium.remote.RemoteWebDriver log
INFO: Executing: getTitle [4312dea866e368fe4480e42a77725e01, getTitle {}]
Mar 05, 2013 1:00:50 PM org.openqa.selenium.remote.RemoteWebDriver log
INFO: Executed: [4312dea866e368fe4480e42a77725e01, getTitle {}]
Mar 05, 2013 1:00:50 PM org.openqa.selenium.remote.RemoteWebDriver log
INFO: Executing: getTitle [4312dea866e368fe4480e42a77725e01, getTitle {}]
Mar 05, 2013 1:00:50 PM org.openqa.selenium.remote.RemoteWebDriver log
INFO: Executed: [4312dea866e368fe4480e42a77725e01, getTitle {}]
Mar 05, 2013 1:00:50 PM org.openqa.selenium.remote.RemoteWebDriver log
INFO: Executing: get [4312dea866e368fe4480e42a77725e01, get {"url":"http://lwo1-dhp-f35258.synapse.com:6432/common/xhtmlTest.html"}]
Mar 05, 2013 1:00:50 PM org.openqa.selenium.remote.RemoteWebDriver log
INFO: Executed: [4312dea866e368fe4480e42a77725e01, get {"url":"http://lwo1-dhp-f35258.synapse.com:6432/common/xhtmlTest.html"}]
Mar 05, 2013 1:00:50 PM org.openqa.selenium.remote.RemoteWebDriver log
INFO: Executing: refresh [4312dea866e368fe4480e42a77725e01, refresh {}]
Mar 05, 2013 1:00:50 PM org.openqa.selenium.remote.RemoteWebDriver log
INFO: Executed: [4312dea866e368fe4480e42a77725e01, refresh {}]
Mar 05, 2013 1:00:50 PM org.openqa.selenium.remote.RemoteWebDriver log
INFO: Executing: getTitle [4312dea866e368fe4480e42a77725e01, getTitle {}]
Mar 05, 2013 1:00:50 PM org.openqa.selenium.remote.RemoteWebDriver log
INFO: Executed: [4312dea866e368fe4480e42a77725e01, getTitle {}]
Mar 05, 2013 1:00:50 PM org.openqa.selenium.remote.RemoteWebDriver log
INFO: Executing: get [4312dea866e368fe4480e42a77725e01, get {"url":"http://lwo1-dhp-f35258.synapse.com:6432/common/document_write_in_onload.html"}]
Mar 05, 2013 1:00:50 PM org.openqa.selenium.remote.RemoteWebDriver log
INFO: Executed: [4312dea866e368fe4480e42a77725e01, get {"url":"http://lwo1-dhp-f35258.synapse.com:6432/common/document_write_in_onload.html"}]
Mar 05, 2013 1:00:50 PM org.openqa.selenium.remote.RemoteWebDriver log
INFO: Executing: findElement [4312dea866e368fe4480e42a77725e01, findElement {"using":"tag name","value":"body"}]
Mar 05, 2013 1:00:50 PM org.openqa.selenium.remote.RemoteWebDriver log
INFO: Executed: [4312dea866e368fe4480e42a77725e01, findElement {"using":"tag name","value":"body"}]
Mar 05, 2013 1:00:50 PM org.openqa.selenium.remote.RemoteWebDriver log
INFO: Executing: getElementText [4312dea866e368fe4480e42a77725e01, getElementText {"id":":wdc:1362481250902"}]
Mar 05, 2013 1:00:51 PM org.openqa.selenium.remote.RemoteWebDriver log
INFO: Executed: [4312dea866e368fe4480e42a77725e01, getElementText {"id":":wdc:1362481250902"}]
Mar 05, 2013 1:00:51 PM org.openqa.selenium.remote.RemoteWebDriver log
INFO: Executing: quit [4312dea866e368fe4480e42a77725e01, quit {}]
Mar 05, 2013 1:00:51 PM org.openqa.selenium.remote.RemoteWebDriver log
INFO: Executed: [4312dea866e368fe4480e42a77725e01, quit {}]
Mar 05, 2013 1:00:51 PM org.openqa.selenium.remote.RemoteWebDriver log
INFO: Executing: get [6fdbf72649ad561cfbf3878b4a1eb53c, get {"url":"http://lwo1-dhp-f35258.synapse.com:6432/common/simpleTest.html"}]
Mar 05, 2013 1:00:51 PM org.openqa.selenium.remote.RemoteWebDriver log
INFO: Executed: [6fdbf72649ad561cfbf3878b4a1eb53c, get {"url":"http://lwo1-dhp-f35258.synapse.com:6432/common/simpleTest.html"}]
Mar 05, 2013 1:00:51 PM org.openqa.selenium.remote.RemoteWebDriver log
INFO: Executing: getTitle [6fdbf72649ad561cfbf3878b4a1eb53c, getTitle {}]
Mar 05, 2013 1:00:51 PM org.openqa.selenium.remote.RemoteWebDriver log
INFO: Executed: [6fdbf72649ad561cfbf3878b4a1eb53c, getTitle {}]
Mar 05, 2013 1:00:51 PM org.openqa.selenium.remote.RemoteWebDriver log
INFO: Executing: get [6fdbf72649ad561cfbf3878b4a1eb53c, get {"url":"http://lwo1-dhp-f35258.synapse.com:6432/common/redirect"}]
Mar 05, 2013 1:00:51 PM org.openqa.selenium.remote.RemoteWebDriver log
INFO: Executed: [6fdbf72649ad561cfbf3878b4a1eb53c, get {"url":"http://lwo1-dhp-f35258.synapse.com:6432/common/redirect"}]
Mar 05, 2013 1:00:51 PM org.openqa.selenium.remote.RemoteWebDriver log
INFO: Executing: getTitle [6fdbf72649ad561cfbf3878b4a1eb53c, getTitle {}]
Mar 05, 2013 1:00:51 PM org.openqa.selenium.remote.RemoteWebDriver log
INFO: Executed: [6fdbf72649ad561cfbf3878b4a1eb53c, getTitle {}]
Mar 05, 2013 1:00:51 PM org.openqa.selenium.remote.RemoteWebDriver log
INFO: Executing: getTitle [6fdbf72649ad561cfbf3878b4a1eb53c, getTitle {}]
Mar 05, 2013 1:00:51 PM org.openqa.selenium.remote.RemoteWebDriver log
INFO: Executed: [6fdbf72649ad561cfbf3878b4a1eb53c, getTitle {}]
Mar 05, 2013 1:00:51 PM org.openqa.selenium.remote.RemoteWebDriver log
INFO: Executing: get [6fdbf72649ad561cfbf3878b4a1eb53c, get {"url":"http://lwo1-dhp-f35258.synapse.com:6432/common/meta-redirect.html"}]
Mar 05, 2013 1:00:51 PM org.openqa.selenium.remote.RemoteWebDriver log
INFO: Executed: [6fdbf72649ad561cfbf3878b4a1eb53c, get {"url":"http://lwo1-dhp-f35258.synapse.com:6432/common/meta-redirect.html"}]
Mar 05, 2013 1:00:51 PM org.openqa.selenium.remote.RemoteWebDriver log
INFO: Executing: getTitle [6fdbf72649ad561cfbf3878b4a1eb53c, getTitle {}]
Mar 05, 2013 1:00:51 PM org.openqa.selenium.remote.RemoteWebDriver log
INFO: Executed: [6fdbf72649ad561cfbf3878b4a1eb53c, getTitle {}]
Mar 05, 2013 1:00:51 PM org.openqa.selenium.remote.RemoteWebDriver log
INFO: Executing: get [6fdbf72649ad561cfbf3878b4a1eb53c, get {"url":"http://lwo1-dhp-f35258.synapse.com:6432/common/xhtmlTest.html"}]
Mar 05, 2013 1:00:51 PM org.openqa.selenium.remote.RemoteWebDriver log
INFO: Executed: [6fdbf72649ad561cfbf3878b4a1eb53c, get {"url":"http://lwo1-dhp-f35258.synapse.com:6432/common/xhtmlTest.html"}]
Mar 05, 2013 1:00:51 PM org.openqa.selenium.remote.RemoteWebDriver log
INFO: Executing: get [6fdbf72649ad561cfbf3878b4a1eb53c, get {"url":"http://lwo1-dhp-f35258.synapse.com:6432/common/xhtmlTest.html#text"}]
Mar 05, 2013 1:00:51 PM org.openqa.selenium.remote.RemoteWebDriver log
INFO: Executed: [6fdbf72649ad561cfbf3878b4a1eb53c, get {"url":"http://lwo1-dhp-f35258.synapse.com:6432/common/xhtmlTest.html#text"}]
Mar 05, 2013 1:00:51 PM org.openqa.selenium.remote.RemoteWebDriver log
INFO: Executing: findElement [6fdbf72649ad561cfbf3878b4a1eb53c, findElement {"using":"id","value":"id1"}]
Mar 05, 2013 1:00:51 PM org.openqa.selenium.remote.RemoteWebDriver log
INFO: Executed: [6fdbf72649ad561cfbf3878b4a1eb53c, findElement {"using":"id","value":"id1"}]
Mar 05, 2013 1:00:51 PM org.openqa.selenium.remote.RemoteWebDriver log
INFO: Executing: get [6fdbf72649ad561cfbf3878b4a1eb53c, get {"url":"http://www.thisurldoesnotexist.comx/"}]
Mar 05, 2013 1:00:51 PM org.openqa.selenium.remote.RemoteWebDriver log
INFO: Executed: [6fdbf72649ad561cfbf3878b4a1eb53c, get {"url":"http://www.thisurldoesnotexist.comx/"}]
Mar 05, 2013 1:00:51 PM org.openqa.selenium.remote.RemoteWebDriver log
INFO: Executing: get [6fdbf72649ad561cfbf3878b4a1eb53c, get {"url":"http://localhost:3001"}]
Mar 05, 2013 1:00:51 PM org.openqa.selenium.remote.RemoteWebDriver log
INFO: Executed: [6fdbf72649ad561cfbf3878b4a1eb53c, get {"url":"http://localhost:3001"}]
Mar 05, 2013 1:00:51 PM org.openqa.selenium.remote.RemoteWebDriver log
INFO: Executing: get [6fdbf72649ad561cfbf3878b4a1eb53c, get {"url":"http://lwo1-dhp-f35258.synapse.com:6432/common/simpleTest.html"}]
Mar 05, 2013 1:00:51 PM org.openqa.selenium.remote.RemoteWebDriver log
INFO: Executed: [6fdbf72649ad561cfbf3878b4a1eb53c, get {"url":"http://lwo1-dhp-f35258.synapse.com:6432/common/simpleTest.html"}]
Mar 05, 2013 1:00:51 PM org.openqa.selenium.remote.RemoteWebDriver log
INFO: Executing: findElement [6fdbf72649ad561cfbf3878b4a1eb53c, findElement {"using":"id","value":"links"}]
Mar 05, 2013 1:00:51 PM org.openqa.selenium.remote.RemoteWebDriver log
INFO: Executed: [6fdbf72649ad561cfbf3878b4a1eb53c, findElement {"using":"id","value":"links"}]
Mar 05, 2013 1:00:51 PM org.openqa.selenium.remote.RemoteWebDriver log
INFO: Executing: findChildElement [6fdbf72649ad561cfbf3878b4a1eb53c, findChildElement {"id":":wdc:1362481251221","using":"partial link text","value":"link with formatting tags"}]
Mar 05, 2013 1:00:51 PM org.openqa.selenium.remote.RemoteWebDriver log
INFO: Executed: [6fdbf72649ad561cfbf3878b4a1eb53c, findChildElement {"id":":wdc:1362481251221","using":"partial link text","value":"link with formatting tags"}]
Mar 05, 2013 1:00:51 PM org.openqa.selenium.remote.RemoteWebDriver log
INFO: Executing: getElementText [6fdbf72649ad561cfbf3878b4a1eb53c, getElementText {"id":":wdc:1362481251222"}]
Mar 05, 2013 1:00:51 PM org.openqa.selenium.remote.RemoteWebDriver log
INFO: Executed: [6fdbf72649ad561cfbf3878b4a1eb53c, getElementText {"id":":wdc:1362481251222"}]
Mar 05, 2013 1:00:51 PM org.openqa.selenium.remote.RemoteWebDriver log
INFO: Executing: get [6fdbf72649ad561cfbf3878b4a1eb53c, get {"url":"http://lwo1-dhp-f35258.synapse.com:6432/common/simpleTest.html"}]
Mar 05, 2013 1:00:51 PM org.openqa.selenium.remote.RemoteWebDriver log
INFO: Executed: [6fdbf72649ad561cfbf3878b4a1eb53c, get {"url":"http://lwo1-dhp-f35258.synapse.com:6432/common/simpleTest.html"}]
Mar 05, 2013 1:00:51 PM org.openqa.selenium.remote.RemoteWebDriver log
INFO: Executing: findElement [6fdbf72649ad561cfbf3878b4a1eb53c, findElement {"using":"id","value":"links"}]
Mar 05, 2013 1:00:51 PM org.openqa.selenium.remote.RemoteWebDriver log
INFO: Executed: [6fdbf72649ad561cfbf3878b4a1eb53c, findElement {"using":"id","value":"links"}]
Mar 05, 2013 1:00:51 PM org.openqa.selenium.remote.RemoteWebDriver log
INFO: Executing: findChildElement [6fdbf72649ad561cfbf3878b4a1eb53c, findChildElement {"id":":wdc:1362481251386","using":"partial link text","value":"link with leading space"}]
Mar 05, 2013 1:00:51 PM org.openqa.selenium.remote.RemoteWebDriver log
INFO: Executed: [6fdbf72649ad561cfbf3878b4a1eb53c, findChildElement {"id":":wdc:1362481251386","using":"partial link text","value":"link with leading space"}]
Mar 05, 2013 1:00:51 PM org.openqa.selenium.remote.RemoteWebDriver log
INFO: Executing: getElementText [6fdbf72649ad561cfbf3878b4a1eb53c, getElementText {"id":":wdc:1362481251387"}]
Mar 05, 2013 1:00:51 PM org.openqa.selenium.remote.RemoteWebDriver log
INFO: Executed: [6fdbf72649ad561cfbf3878b4a1eb53c, getElementText {"id":":wdc:1362481251387"}]
Mar 05, 2013 1:00:51 PM org.openqa.selenium.remote.RemoteWebDriver log
INFO: Executing: get [6fdbf72649ad561cfbf3878b4a1eb53c, get {"url":"http://lwo1-dhp-f35258.synapse.com:6432/common/simpleTest.html"}]
Mar 05, 2013 1:00:51 PM org.openqa.selenium.remote.RemoteWebDriver log
INFO: Executed: [6fdbf72649ad561cfbf3878b4a1eb53c, get {"url":"http://lwo1-dhp-f35258.synapse.com:6432/common/simpleTest.html"}]
Mar 05, 2013 1:00:51 PM org.openqa.selenium.remote.RemoteWebDriver log
INFO: Executing: findElement [6fdbf72649ad561cfbf3878b4a1eb53c, findElement {"using":"id","value":"links"}]
Mar 05, 2013 1:00:51 PM org.openqa.selenium.remote.RemoteWebDriver log
INFO: Executed: [6fdbf72649ad561cfbf3878b4a1eb53c, findElement {"using":"id","value":"links"}]
Mar 05, 2013 1:00:51 PM org.openqa.selenium.remote.RemoteWebDriver log
INFO: Executing: findChildElement [6fdbf72649ad561cfbf3878b4a1eb53c, findChildElement {"id":":wdc:1362481251601","using":"partial link text","value":"link with trailing space"}]
Mar 05, 2013 1:00:51 PM org.openqa.selenium.remote.RemoteWebDriver log
INFO: Executed: [6fdbf72649ad561cfbf3878b4a1eb53c, findChildElement {"id":":wdc:1362481251601","using":"partial link text","value":"link with trailing space"}]
Mar 05, 2013 1:00:51 PM org.openqa.selenium.remote.RemoteWebDriver log
INFO: Executing: getElementText [6fdbf72649ad561cfbf3878b4a1eb53c, getElementText {"id":":wdc:1362481251602"}]
Mar 05, 2013 1:00:51 PM org.openqa.selenium.remote.RemoteWebDriver log
INFO: Executed: [6fdbf72649ad561cfbf3878b4a1eb53c, getElementText {"id":":wdc:1362481251602"}]
Mar 05, 2013 1:00:51 PM org.openqa.selenium.remote.RemoteWebDriver log
INFO: Executing: get [6fdbf72649ad561cfbf3878b4a1eb53c, get {"url":"http://lwo1-dhp-f35258.synapse.com:6432/common/simpleTest.html"}]
Mar 05, 2013 1:00:51 PM org.openqa.selenium.remote.RemoteWebDriver log
INFO: Executed: [6fdbf72649ad561cfbf3878b4a1eb53c, get {"url":"http://lwo1-dhp-f35258.synapse.com:6432/common/simpleTest.html"}]
Mar 05, 2013 1:00:51 PM org.openqa.selenium.remote.RemoteWebDriver log
INFO: Executing: findElement [6fdbf72649ad561cfbf3878b4a1eb53c, findElement {"using":"id","value":"links"}]
Mar 05, 2013 1:00:51 PM org.openqa.selenium.remote.RemoteWebDriver log
INFO: Executed: [6fdbf72649ad561cfbf3878b4a1eb53c, findElement {"using":"id","value":"links"}]
Mar 05, 2013 1:00:51 PM org.openqa.selenium.remote.RemoteWebDriver log
INFO: Executing: findChildElements [6fdbf72649ad561cfbf3878b4a1eb53c, findChildElements {"id":":wdc:1362481251816","using":"partial link text","value":"link"}]
Mar 05, 2013 1:00:51 PM org.openqa.selenium.remote.RemoteWebDriver log
INFO: Executed: [6fdbf72649ad561cfbf3878b4a1eb53c, findChildElements {"id":":wdc:1362481251816","using":"partial link text","value":"link"}]
Mar 05, 2013 1:00:51 PM org.openqa.selenium.remote.RemoteWebDriver log
INFO: Executing: get [6fdbf72649ad561cfbf3878b4a1eb53c, get {"url":"http://lwo1-dhp-f35258.synapse.com:6432/common/simpleTest.html"}]
Mar 05, 2013 1:00:51 PM org.openqa.selenium.remote.RemoteWebDriver log
INFO: Executed: [6fdbf72649ad561cfbf3878b4a1eb53c, get {"url":"http://lwo1-dhp-f35258.synapse.com:6432/common/simpleTest.html"}]
Mar 05, 2013 1:00:51 PM org.openqa.selenium.remote.RemoteWebDriver log
INFO: Executing: findElement [6fdbf72649ad561cfbf3878b4a1eb53c, findElement {"using":"link text","value":"link with trailing space"}]
Mar 05, 2013 1:00:51 PM org.openqa.selenium.remote.RemoteWebDriver log
INFO: Executed: [6fdbf72649ad561cfbf3878b4a1eb53c, findElement {"using":"link text","value":"link with trailing space"}]
Mar 05, 2013 1:00:51 PM org.openqa.selenium.remote.RemoteWebDriver log
INFO: Executing: getElementAttribute [6fdbf72649ad561cfbf3878b4a1eb53c, getElementAttribute {"id":":wdc:1362481251916","name":"id"}]
Mar 05, 2013 1:00:52 PM org.openqa.selenium.remote.RemoteWebDriver log
INFO: Executed: [6fdbf72649ad561cfbf3878b4a1eb53c, getElementAttribute {"id":":wdc:1362481251916","name":"id"}]
Mar 05, 2013 1:00:52 PM org.openqa.selenium.remote.RemoteWebDriver log
INFO: Executing: get [6fdbf72649ad561cfbf3878b4a1eb53c, get {"url":"http://lwo1-dhp-f35258.synapse.com:6432/common/simpleTest.html"}]
Mar 05, 2013 1:00:52 PM org.openqa.selenium.remote.RemoteWebDriver log
INFO: Executed: [6fdbf72649ad561cfbf3878b4a1eb53c, get {"url":"http://lwo1-dhp-f35258.synapse.com:6432/common/simpleTest.html"}]
Mar 05, 2013 1:00:52 PM org.openqa.selenium.remote.RemoteWebDriver log
INFO: Executing: findElement [6fdbf72649ad561cfbf3878b4a1eb53c, findElement {"using":"id","value":"links"}]
Mar 05, 2013 1:00:52 PM org.openqa.selenium.remote.RemoteWebDriver log
INFO: Executed: [6fdbf72649ad561cfbf3878b4a1eb53c, findElement {"using":"id","value":"links"}]
Mar 05, 2013 1:00:52 PM org.openqa.selenium.remote.RemoteWebDriver log
INFO: Executing: findChildElement [6fdbf72649ad561cfbf3878b4a1eb53c, findChildElement {"id":":wdc:1362481252068","using":"link text","value":"link with trailing space"}]
Mar 05, 2013 1:00:52 PM org.openqa.selenium.remote.RemoteWebDriver log
INFO: Executed: [6fdbf72649ad561cfbf3878b4a1eb53c, findChildElement {"id":":wdc:1362481252068","using":"link text","value":"link with trailing space"}]
Mar 05, 2013 1:00:52 PM org.openqa.selenium.remote.RemoteWebDriver log
INFO: Executing: getElementAttribute [6fdbf72649ad561cfbf3878b4a1eb53c, getElementAttribute {"id":":wdc:1362481252069","name":"id"}]
Mar 05, 2013 1:00:52 PM org.openqa.selenium.remote.RemoteWebDriver log
INFO: Executed: [6fdbf72649ad561cfbf3878b4a1eb53c, getElementAttribute {"id":":wdc:1362481252069","name":"id"}]
Mar 05, 2013 1:00:52 PM org.openqa.selenium.remote.RemoteWebDriver log
INFO: Executing: get [6fdbf72649ad561cfbf3878b4a1eb53c, get {"url":"http://lwo1-dhp-f35258.synapse.com:6432/common/javascriptPage.html"}]
Mar 05, 2013 1:00:52 PM org.openqa.selenium.remote.RemoteWebDriver log
INFO: Executed: [6fdbf72649ad561cfbf3878b4a1eb53c, get {"url":"http://lwo1-dhp-f35258.synapse.com:6432/common/javascriptPage.html"}]
Mar 05, 2013 1:00:52 PM org.openqa.selenium.remote.RemoteWebDriver log
INFO: Executing: findElement [6fdbf72649ad561cfbf3878b4a1eb53c, findElement {"using":"id","value":"green-item"}]
Mar 05, 2013 1:00:52 PM org.openqa.selenium.remote.RemoteWebDriver log
INFO: Executed: [6fdbf72649ad561cfbf3878b4a1eb53c, findElement {"using":"id","value":"green-item"}]
Mar 05, 2013 1:00:52 PM org.openqa.selenium.remote.RemoteWebDriver log
INFO: Executing: getElementValueOfCssProperty [6fdbf72649ad561cfbf3878b4a1eb53c, getElementValueOfCssProperty {"id":":wdc:1362481252306","propertyName":"background-color"}]
Mar 05, 2013 1:00:52 PM org.openqa.selenium.remote.RemoteWebDriver log
INFO: Executed: [6fdbf72649ad561cfbf3878b4a1eb53c, getElementValueOfCssProperty {"id":":wdc:1362481252306","propertyName":"background-color"}]
Mar 05, 2013 1:00:52 PM org.openqa.selenium.remote.RemoteWebDriver log
INFO: Executing: get [6fdbf72649ad561cfbf3878b4a1eb53c, get {"url":"http://lwo1-dhp-f35258.synapse.com:6432/common/javascriptPage.html"}]
Mar 05, 2013 1:00:52 PM org.openqa.selenium.remote.RemoteWebDriver log
INFO: Executed: [6fdbf72649ad561cfbf3878b4a1eb53c, get {"url":"http://lwo1-dhp-f35258.synapse.com:6432/common/javascriptPage.html"}]
Mar 05, 2013 1:00:52 PM org.openqa.selenium.remote.RemoteWebDriver log
INFO: Executing: findElement [6fdbf72649ad561cfbf3878b4a1eb53c, findElement {"using":"id","value":"menu1"}]
Mar 05, 2013 1:00:52 PM org.openqa.selenium.remote.RemoteWebDriver log
INFO: Executed: [6fdbf72649ad561cfbf3878b4a1eb53c, findElement {"using":"id","value":"menu1"}]
Mar 05, 2013 1:00:52 PM org.openqa.selenium.remote.RemoteWebDriver log
INFO: Executing: findElement [6fdbf72649ad561cfbf3878b4a1eb53c, findElement {"using":"id","value":"item1"}]
Mar 05, 2013 1:00:52 PM org.openqa.selenium.remote.RemoteWebDriver log
INFO: Executed: [6fdbf72649ad561cfbf3878b4a1eb53c, findElement {"using":"id","value":"item1"}]
Mar 05, 2013 1:00:52 PM org.openqa.selenium.remote.RemoteWebDriver log
INFO: Executing: getElementText [6fdbf72649ad561cfbf3878b4a1eb53c, getElementText {"id":":wdc:1362481252369"}]
Mar 05, 2013 1:00:52 PM org.openqa.selenium.remote.RemoteWebDriver log
INFO: Executed: [6fdbf72649ad561cfbf3878b4a1eb53c, getElementText {"id":":wdc:1362481252369"}]
Mar 05, 2013 1:00:52 PM org.openqa.selenium.remote.RemoteWebDriver log
INFO: Executing: executeScript [6fdbf72649ad561cfbf3878b4a1eb53c, executeScript {"script":"arguments[0].style.background = 'green'","args":[{"ELEMENT":":wdc:1362481252368"}]}]
Mar 05, 2013 1:00:52 PM org.openqa.selenium.remote.RemoteWebDriver log
INFO: Executed: [6fdbf72649ad561cfbf3878b4a1eb53c, executeScript {"script":"arguments[0].style.background = 'green'","args":[{"ELEMENT":":wdc:1362481252368"}]}]
Mar 05, 2013 1:00:52 PM org.openqa.selenium.remote.RemoteWebDriver log
INFO: Executing: mouseMoveTo [6fdbf72649ad561cfbf3878b4a1eb53c, mouseMoveTo {"element":":wdc:1362481252368"}]
Mar 05, 2013 1:00:52 PM org.openqa.selenium.remote.RemoteWebDriver log
INFO: Executed: [6fdbf72649ad561cfbf3878b4a1eb53c, mouseMoveTo {"element":":wdc:1362481252368"}]
Mar 05, 2013 1:00:52 PM org.openqa.selenium.remote.RemoteWebDriver log
INFO: Executing: getElementText [6fdbf72649ad561cfbf3878b4a1eb53c, getElementText {"id":":wdc:1362481252369"}]
Mar 05, 2013 1:00:52 PM org.openqa.selenium.remote.RemoteWebDriver log
INFO: Executed: [6fdbf72649ad561cfbf3878b4a1eb53c, getElementText {"id":":wdc:1362481252369"}]
Mar 05, 2013 1:00:52 PM org.openqa.selenium.remote.RemoteWebDriver log
INFO: Executing: getElementText [6fdbf72649ad561cfbf3878b4a1eb53c, getElementText {"id":":wdc:1362481252369"}]
Mar 05, 2013 1:00:52 PM org.openqa.selenium.remote.RemoteWebDriver log
INFO: Executed: [6fdbf72649ad561cfbf3878b4a1eb53c, getElementText {"id":":wdc:1362481252369"}]
Mar 05, 2013 1:00:52 PM org.openqa.selenium.remote.RemoteWebDriver log
INFO: Executing: get [6fdbf72649ad561cfbf3878b4a1eb53c, get {"url":"http://lwo1-dhp-f35258.synapse.com:6432/common/javascriptPage.html"}]
Mar 05, 2013 1:00:52 PM org.openqa.selenium.remote.RemoteWebDriver log
INFO: Executed: [6fdbf72649ad561cfbf3878b4a1eb53c, get {"url":"http://lwo1-dhp-f35258.synapse.com:6432/common/javascriptPage.html"}]
Mar 05, 2013 1:00:52 PM org.openqa.selenium.remote.RemoteWebDriver log
INFO: Executing: findElement [6fdbf72649ad561cfbf3878b4a1eb53c, findElement {"using":"id","value":"dynamo"}]
Mar 05, 2013 1:00:52 PM org.openqa.selenium.remote.RemoteWebDriver log
INFO: Executed: [6fdbf72649ad561cfbf3878b4a1eb53c, findElement {"using":"id","value":"dynamo"}]
Mar 05, 2013 1:00:52 PM org.openqa.selenium.remote.RemoteWebDriver log
INFO: Executing: mouseMoveTo [6fdbf72649ad561cfbf3878b4a1eb53c, mouseMoveTo {"element":":wdc:1362481252863"}]
Mar 05, 2013 1:00:52 PM org.openqa.selenium.remote.RemoteWebDriver log
INFO: Executed: [6fdbf72649ad561cfbf3878b4a1eb53c, mouseMoveTo {"element":":wdc:1362481252863"}]
Mar 05, 2013 1:00:52 PM org.openqa.selenium.remote.RemoteWebDriver log
INFO: Executing: findElement [6fdbf72649ad561cfbf3878b4a1eb53c, findElement {"using":"id","value":"menu1"}]
Mar 05, 2013 1:00:52 PM org.openqa.selenium.remote.RemoteWebDriver log
INFO: Executed: [6fdbf72649ad561cfbf3878b4a1eb53c, findElement {"using":"id","value":"menu1"}]
Mar 05, 2013 1:00:52 PM org.openqa.selenium.remote.RemoteWebDriver log
INFO: Executing: findElement [6fdbf72649ad561cfbf3878b4a1eb53c, findElement {"using":"id","value":"item1"}]
Mar 05, 2013 1:00:53 PM org.openqa.selenium.remote.RemoteWebDriver log
INFO: Executed: [6fdbf72649ad561cfbf3878b4a1eb53c, findElement {"using":"id","value":"item1"}]
Mar 05, 2013 1:00:53 PM org.openqa.selenium.remote.RemoteWebDriver log
INFO: Executing: getElementText [6fdbf72649ad561cfbf3878b4a1eb53c, getElementText {"id":":wdc:1362481252865"}]
Mar 05, 2013 1:00:53 PM org.openqa.selenium.remote.RemoteWebDriver log
INFO: Executed: [6fdbf72649ad561cfbf3878b4a1eb53c, getElementText {"id":":wdc:1362481252865"}]
Mar 05, 2013 1:00:53 PM org.openqa.selenium.remote.RemoteWebDriver log
INFO: Executing: executeScript [6fdbf72649ad561cfbf3878b4a1eb53c, executeScript {"script":"arguments[0].style.background = 'green'","args":[{"ELEMENT":":wdc:1362481252864"}]}]
Mar 05, 2013 1:00:53 PM org.openqa.selenium.remote.RemoteWebDriver log
INFO: Executed: [6fdbf72649ad561cfbf3878b4a1eb53c, executeScript {"script":"arguments[0].style.background = 'green'","args":[{"ELEMENT":":wdc:1362481252864"}]}]
Mar 05, 2013 1:00:53 PM org.openqa.selenium.remote.RemoteWebDriver log
INFO: Executing: mouseMoveTo [6fdbf72649ad561cfbf3878b4a1eb53c, mouseMoveTo {"element":":wdc:1362481252864"}]
Mar 05, 2013 1:00:53 PM org.openqa.selenium.remote.RemoteWebDriver log
INFO: Executed: [6fdbf72649ad561cfbf3878b4a1eb53c, mouseMoveTo {"element":":wdc:1362481252864"}]
Mar 05, 2013 1:00:55 PM org.openqa.selenium.remote.RemoteWebDriver log
INFO: Executing: getElementText [6fdbf72649ad561cfbf3878b4a1eb53c, getElementText {"id":":wdc:1362481252865"}]
Mar 05, 2013 1:00:55 PM org.openqa.selenium.remote.RemoteWebDriver log
INFO: Executed: [6fdbf72649ad561cfbf3878b4a1eb53c, getElementText {"id":":wdc:1362481252865"}]
Mar 05, 2013 1:00:55 PM org.openqa.selenium.remote.RemoteWebDriver log
INFO: Executing: getElementText [6fdbf72649ad561cfbf3878b4a1eb53c, getElementText {"id":":wdc:1362481252865"}]
Mar 05, 2013 1:00:55 PM org.openqa.selenium.remote.RemoteWebDriver log
INFO: Executed: [6fdbf72649ad561cfbf3878b4a1eb53c, getElementText {"id":":wdc:1362481252865"}]
Mar 05, 2013 1:00:55 PM org.openqa.selenium.remote.RemoteWebDriver log
INFO: Executing: executeScript [6fdbf72649ad561cfbf3878b4a1eb53c, executeScript {"script":"return navigator.userAgent;","args":[]}]
Mar 05, 2013 1:00:55 PM org.openqa.selenium.remote.RemoteWebDriver log
INFO: Executed: [6fdbf72649ad561cfbf3878b4a1eb53c, executeScript {"script":"return navigator.userAgent;","args":[]}]
Mar 05, 2013 1:00:55 PM org.openqa.selenium.remote.RemoteWebDriver log
INFO: Executing: quit [6fdbf72649ad561cfbf3878b4a1eb53c, quit {}]
Mar 05, 2013 1:00:55 PM org.openqa.selenium.remote.RemoteWebDriver log
INFO: Executed: [6fdbf72649ad561cfbf3878b4a1eb53c, quit {}]
Mar 05, 2013 1:00:55 PM org.openqa.selenium.remote.RemoteWebDriver log
INFO: Executing: get [f0fb82a6f972dd0a920a24e0056c742a, get {"url":"http://lwo1-dhp-f35258.synapse.com:6432/common/xhtmlTest.html"}]
Mar 05, 2013 1:00:55 PM org.openqa.selenium.remote.RemoteWebDriver log
INFO: Executed: [f0fb82a6f972dd0a920a24e0056c742a, get {"url":"http://lwo1-dhp-f35258.synapse.com:6432/common/xhtmlTest.html"}]
Mar 05, 2013 1:00:55 PM org.openqa.selenium.remote.RemoteWebDriver log
INFO: Executing: findElement [f0fb82a6f972dd0a920a24e0056c742a, findElement {"using":"id","value":"linkId"}]
Mar 05, 2013 1:00:55 PM org.openqa.selenium.remote.RemoteWebDriver log
INFO: Executed: [f0fb82a6f972dd0a920a24e0056c742a, findElement {"using":"id","value":"linkId"}]
Mar 05, 2013 1:00:55 PM org.openqa.selenium.remote.RemoteWebDriver log
INFO: Executing: getElementSize [f0fb82a6f972dd0a920a24e0056c742a, getElementSize {"id":":wdc:1362481255307"}]
Mar 05, 2013 1:00:55 PM org.openqa.selenium.remote.RemoteWebDriver log
INFO: Executed: [f0fb82a6f972dd0a920a24e0056c742a, getElementSize {"id":":wdc:1362481255307"}]
Mar 05, 2013 1:00:55 PM org.openqa.selenium.remote.RemoteWebDriver log
INFO: Executing: get [f0fb82a6f972dd0a920a24e0056c742a, get {"url":"http://lwo1-dhp-f35258.synapse.com:6432/common/map_visibility.html"}]
Mar 05, 2013 1:00:55 PM org.openqa.selenium.remote.RemoteWebDriver log
INFO: Executed: [f0fb82a6f972dd0a920a24e0056c742a, get {"url":"http://lwo1-dhp-f35258.synapse.com:6432/common/map_visibility.html"}]
Mar 05, 2013 1:00:55 PM org.openqa.selenium.remote.RemoteWebDriver log
INFO: Executing: findElement [f0fb82a6f972dd0a920a24e0056c742a, findElement {"using":"id","value":"mtgt_unnamed_0"}]
Mar 05, 2013 1:00:55 PM org.openqa.selenium.remote.RemoteWebDriver log
INFO: Executed: [f0fb82a6f972dd0a920a24e0056c742a, findElement {"using":"id","value":"mtgt_unnamed_0"}]
Mar 05, 2013 1:00:55 PM org.openqa.selenium.remote.RemoteWebDriver log
INFO: Executing: isElementDisplayed [f0fb82a6f972dd0a920a24e0056c742a, isElementDisplayed {"id":":wdc:1362481255392"}]
Mar 05, 2013 1:00:55 PM org.openqa.selenium.remote.RemoteWebDriver log
INFO: Executed: [f0fb82a6f972dd0a920a24e0056c742a, isElementDisplayed {"id":":wdc:1362481255392"}]
Mar 05, 2013 1:00:55 PM org.openqa.selenium.remote.RemoteWebDriver log
INFO: Executing: get [f0fb82a6f972dd0a920a24e0056c742a, get {"url":"http://lwo1-dhp-f35258.synapse.com:6432/common/javascriptPage.html"}]
Mar 05, 2013 1:00:55 PM org.openqa.selenium.remote.RemoteWebDriver log
INFO: Executed: [f0fb82a6f972dd0a920a24e0056c742a, get {"url":"http://lwo1-dhp-f35258.synapse.com:6432/common/javascriptPage.html"}]
Mar 05, 2013 1:00:55 PM org.openqa.selenium.remote.RemoteWebDriver log
INFO: Executing: findElement [f0fb82a6f972dd0a920a24e0056c742a, findElement {"using":"id","value":"menu1"}]
Mar 05, 2013 1:00:55 PM org.openqa.selenium.remote.RemoteWebDriver log
INFO: Executed: [f0fb82a6f972dd0a920a24e0056c742a, findElement {"using":"id","value":"menu1"}]
Mar 05, 2013 1:00:55 PM org.openqa.selenium.remote.RemoteWebDriver log
INFO: Executing: mouseMoveTo [f0fb82a6f972dd0a920a24e0056c742a, mouseMoveTo {"element":":wdc:1362481255484"}]
Mar 05, 2013 1:00:55 PM org.openqa.selenium.remote.RemoteWebDriver log
INFO: Executed: [f0fb82a6f972dd0a920a24e0056c742a, mouseMoveTo {"element":":wdc:1362481255484"}]
Mar 05, 2013 1:00:55 PM org.openqa.selenium.remote.RemoteWebDriver log
INFO: Executing: findElement [f0fb82a6f972dd0a920a24e0056c742a, findElement {"using":"id","value":"item1"}]
Mar 05, 2013 1:00:55 PM org.openqa.selenium.remote.RemoteWebDriver log
INFO: Executed: [f0fb82a6f972dd0a920a24e0056c742a, findElement {"using":"id","value":"item1"}]
Mar 05, 2013 1:00:55 PM org.openqa.selenium.remote.RemoteWebDriver log
INFO: Executing: isElementDisplayed [f0fb82a6f972dd0a920a24e0056c742a, isElementDisplayed {"id":":wdc:1362481255485"}]
Mar 05, 2013 1:00:55 PM org.openqa.selenium.remote.RemoteWebDriver log
INFO: Executed: [f0fb82a6f972dd0a920a24e0056c742a, isElementDisplayed {"id":":wdc:1362481255485"}]
Mar 05, 2013 1:00:55 PM org.openqa.selenium.remote.RemoteWebDriver log
INFO: Executing: clickElement [f0fb82a6f972dd0a920a24e0056c742a, clickElement {"id":":wdc:1362481255485"}]
Mar 05, 2013 1:00:55 PM org.openqa.selenium.remote.RemoteWebDriver log
INFO: Executed: [f0fb82a6f972dd0a920a24e0056c742a, clickElement {"id":":wdc:1362481255485"}]
Mar 05, 2013 1:00:55 PM org.openqa.selenium.remote.RemoteWebDriver log
INFO: Executing: findElement [f0fb82a6f972dd0a920a24e0056c742a, findElement {"using":"id","value":"result"}]
Mar 05, 2013 1:00:55 PM org.openqa.selenium.remote.RemoteWebDriver log
INFO: Executed: [f0fb82a6f972dd0a920a24e0056c742a, findElement {"using":"id","value":"result"}]
Mar 05, 2013 1:00:55 PM org.openqa.selenium.remote.RemoteWebDriver log
INFO: Executing: getElementText [f0fb82a6f972dd0a920a24e0056c742a, getElementText {"id":":wdc:1362481255486"}]
Mar 05, 2013 1:00:55 PM org.openqa.selenium.remote.RemoteWebDriver log
INFO: Executed: [f0fb82a6f972dd0a920a24e0056c742a, getElementText {"id":":wdc:1362481255486"}]
Mar 05, 2013 1:00:55 PM org.openqa.selenium.remote.RemoteWebDriver log
INFO: Executing: get [f0fb82a6f972dd0a920a24e0056c742a, get {"url":"http://lwo1-dhp-f35258.synapse.com:6432/common/mousePositionTracker.html"}]
Mar 05, 2013 1:00:55 PM org.openqa.selenium.remote.RemoteWebDriver log
INFO: Executed: [f0fb82a6f972dd0a920a24e0056c742a, get {"url":"http://lwo1-dhp-f35258.synapse.com:6432/common/mousePositionTracker.html"}]
Mar 05, 2013 1:00:55 PM org.openqa.selenium.remote.RemoteWebDriver log
INFO: Executing: findElement [f0fb82a6f972dd0a920a24e0056c742a, findElement {"using":"id","value":"mousetracker"}]
Mar 05, 2013 1:00:55 PM org.openqa.selenium.remote.RemoteWebDriver log
INFO: Executed: [f0fb82a6f972dd0a920a24e0056c742a, findElement {"using":"id","value":"mousetracker"}]
Mar 05, 2013 1:00:55 PM org.openqa.selenium.remote.RemoteWebDriver log
INFO: Executing: mouseMoveTo [f0fb82a6f972dd0a920a24e0056c742a, mouseMoveTo {"element":":wdc:1362481255944"}]
Mar 05, 2013 1:00:55 PM org.openqa.selenium.remote.RemoteWebDriver log
INFO: Executed: [f0fb82a6f972dd0a920a24e0056c742a, mouseMoveTo {"element":":wdc:1362481255944"}]
Mar 05, 2013 1:00:55 PM org.openqa.selenium.remote.RemoteWebDriver log
INFO: Executing: findElement [f0fb82a6f972dd0a920a24e0056c742a, findElement {"using":"id","value":"status"}]
Mar 05, 2013 1:00:56 PM org.openqa.selenium.remote.RemoteWebDriver log
INFO: Executed: [f0fb82a6f972dd0a920a24e0056c742a, findElement {"using":"id","value":"status"}]
Mar 05, 2013 1:00:56 PM org.openqa.selenium.remote.RemoteWebDriver log
INFO: Executing: getElementText [f0fb82a6f972dd0a920a24e0056c742a, getElementText {"id":":wdc:1362481255945"}]
Mar 05, 2013 1:00:56 PM org.openqa.selenium.remote.RemoteWebDriver log
INFO: Executed: [f0fb82a6f972dd0a920a24e0056c742a, getElementText {"id":":wdc:1362481255945"}]
Mar 05, 2013 1:00:56 PM org.openqa.selenium.remote.RemoteWebDriver log
INFO: Executing: mouseMoveTo [f0fb82a6f972dd0a920a24e0056c742a, mouseMoveTo {"xoffset":10,"yoffset":20}]
Mar 05, 2013 1:00:56 PM org.openqa.selenium.remote.RemoteWebDriver log
INFO: Executed: [f0fb82a6f972dd0a920a24e0056c742a, mouseMoveTo {"xoffset":10,"yoffset":20}]
Mar 05, 2013 1:00:56 PM org.openqa.selenium.remote.RemoteWebDriver log
INFO: Executing: getElementText [f0fb82a6f972dd0a920a24e0056c742a, getElementText {"id":":wdc:1362481255945"}]
Mar 05, 2013 1:00:56 PM org.openqa.selenium.remote.RemoteWebDriver log
INFO: Executed: [f0fb82a6f972dd0a920a24e0056c742a, getElementText {"id":":wdc:1362481255945"}]
Mar 05, 2013 1:00:56 PM org.openqa.selenium.remote.RemoteWebDriver log
INFO: Executing: get [f0fb82a6f972dd0a920a24e0056c742a, get {"url":"http://lwo1-dhp-f35258.synapse.com:6432/common/mousePositionTracker.html"}]
Mar 05, 2013 1:00:56 PM org.openqa.selenium.remote.RemoteWebDriver log
INFO: Executed: [f0fb82a6f972dd0a920a24e0056c742a, get {"url":"http://lwo1-dhp-f35258.synapse.com:6432/common/mousePositionTracker.html"}]
Mar 05, 2013 1:00:56 PM org.openqa.selenium.remote.RemoteWebDriver log
INFO: Executing: findElement [f0fb82a6f972dd0a920a24e0056c742a, findElement {"using":"id","value":"mousetracker"}]
Mar 05, 2013 1:00:56 PM org.openqa.selenium.remote.RemoteWebDriver log
INFO: Executed: [f0fb82a6f972dd0a920a24e0056c742a, findElement {"using":"id","value":"mousetracker"}]
Mar 05, 2013 1:00:56 PM org.openqa.selenium.remote.RemoteWebDriver log
INFO: Executing: mouseMoveTo [f0fb82a6f972dd0a920a24e0056c742a, mouseMoveTo {"element":":wdc:1362481256313","xoffset":95,"yoffset":195}]
Mar 05, 2013 1:00:56 PM org.openqa.selenium.remote.RemoteWebDriver log
INFO: Executed: [f0fb82a6f972dd0a920a24e0056c742a, mouseMoveTo {"element":":wdc:1362481256313","xoffset":95,"yoffset":195}]
Mar 05, 2013 1:00:56 PM org.openqa.selenium.remote.RemoteWebDriver log
INFO: Executing: findElement [f0fb82a6f972dd0a920a24e0056c742a, findElement {"using":"id","value":"status"}]
Mar 05, 2013 1:00:56 PM org.openqa.selenium.remote.RemoteWebDriver log
INFO: Executed: [f0fb82a6f972dd0a920a24e0056c742a, findElement {"using":"id","value":"status"}]
Mar 05, 2013 1:00:56 PM org.openqa.selenium.remote.RemoteWebDriver log
INFO: Executing: getElementText [f0fb82a6f972dd0a920a24e0056c742a, getElementText {"id":":wdc:1362481256314"}]
Mar 05, 2013 1:00:56 PM org.openqa.selenium.remote.RemoteWebDriver log
INFO: Executed: [f0fb82a6f972dd0a920a24e0056c742a, getElementText {"id":":wdc:1362481256314"}]
Mar 05, 2013 1:00:56 PM org.openqa.selenium.remote.RemoteWebDriver log
INFO: Executing: get [f0fb82a6f972dd0a920a24e0056c742a, get {"url":"http://lwo1-dhp-f35258.synapse.com:6432/common/formPage.html"}]
Mar 05, 2013 1:00:56 PM org.openqa.selenium.remote.RemoteWebDriver log
INFO: Executed: [f0fb82a6f972dd0a920a24e0056c742a, get {"url":"http://lwo1-dhp-f35258.synapse.com:6432/common/formPage.html"}]
Mar 05, 2013 1:00:56 PM org.openqa.selenium.remote.RemoteWebDriver log
INFO: Executing: findElement [f0fb82a6f972dd0a920a24e0056c742a, findElement {"using":"name","value":"checky"}]
Mar 05, 2013 1:00:56 PM org.openqa.selenium.remote.RemoteWebDriver log
INFO: Executed: [f0fb82a6f972dd0a920a24e0056c742a, findElement {"using":"name","value":"checky"}]
Mar 05, 2013 1:00:56 PM org.openqa.selenium.remote.RemoteWebDriver log
INFO: Executing: getElementTagName [f0fb82a6f972dd0a920a24e0056c742a, getElementTagName {"id":":wdc:1362481256562"}]
Mar 05, 2013 1:00:56 PM org.openqa.selenium.remote.RemoteWebDriver log
INFO: Executed: [f0fb82a6f972dd0a920a24e0056c742a, getElementTagName {"id":":wdc:1362481256562"}]
Mar 05, 2013 1:00:56 PM org.openqa.selenium.remote.RemoteWebDriver log
INFO: Executing: get [f0fb82a6f972dd0a920a24e0056c742a, get {"url":"http://lwo1-dhp-f35258.synapse.com:6432/common/formPage.html"}]
Mar 05, 2013 1:00:56 PM org.openqa.selenium.remote.RemoteWebDriver log
INFO: Executed: [f0fb82a6f972dd0a920a24e0056c742a, get {"url":"http://lwo1-dhp-f35258.synapse.com:6432/common/formPage.html"}]
Mar 05, 2013 1:00:56 PM org.openqa.selenium.remote.RemoteWebDriver log
INFO: Executing: findElement [f0fb82a6f972dd0a920a24e0056c742a, findElement {"using":"name","value":"multi"}]
Mar 05, 2013 1:00:56 PM org.openqa.selenium.remote.RemoteWebDriver log
INFO: Executed: [f0fb82a6f972dd0a920a24e0056c742a, findElement {"using":"name","value":"multi"}]
Mar 05, 2013 1:00:56 PM org.openqa.selenium.remote.RemoteWebDriver log
INFO: Executing: getElementTagName [f0fb82a6f972dd0a920a24e0056c742a, getElementTagName {"id":":wdc:1362481256620"}]
Mar 05, 2013 1:00:56 PM org.openqa.selenium.remote.RemoteWebDriver log
INFO: Executed: [f0fb82a6f972dd0a920a24e0056c742a, getElementTagName {"id":":wdc:1362481256620"}]
Mar 05, 2013 1:00:56 PM org.openqa.selenium.remote.RemoteWebDriver log
INFO: Executing: getElementAttribute [f0fb82a6f972dd0a920a24e0056c742a, getElementAttribute {"id":":wdc:1362481256620","name":"multiple"}]
Mar 05, 2013 1:00:56 PM org.openqa.selenium.remote.RemoteWebDriver log
INFO: Executed: [f0fb82a6f972dd0a920a24e0056c742a, getElementAttribute {"id":":wdc:1362481256620","name":"multiple"}]
Mar 05, 2013 1:00:56 PM org.openqa.selenium.remote.RemoteWebDriver log
INFO: Executing: get [f0fb82a6f972dd0a920a24e0056c742a, get {"url":"http://lwo1-dhp-f35258.synapse.com:6432/common/formPage.html"}]
Mar 05, 2013 1:00:56 PM org.openqa.selenium.remote.RemoteWebDriver log
INFO: Executed: [f0fb82a6f972dd0a920a24e0056c742a, get {"url":"http://lwo1-dhp-f35258.synapse.com:6432/common/formPage.html"}]
Mar 05, 2013 1:00:56 PM org.openqa.selenium.remote.RemoteWebDriver log
INFO: Executing: findElement [f0fb82a6f972dd0a920a24e0056c742a, findElement {"using":"name","value":"select_empty_multiple"}]
Mar 05, 2013 1:00:56 PM org.openqa.selenium.remote.RemoteWebDriver log
INFO: Executed: [f0fb82a6f972dd0a920a24e0056c742a, findElement {"using":"name","value":"select_empty_multiple"}]
Mar 05, 2013 1:00:56 PM org.openqa.selenium.remote.RemoteWebDriver log
INFO: Executing: getElementTagName [f0fb82a6f972dd0a920a24e0056c742a, getElementTagName {"id":":wdc:1362481256803"}]
Mar 05, 2013 1:00:56 PM org.openqa.selenium.remote.RemoteWebDriver log
INFO: Executed: [f0fb82a6f972dd0a920a24e0056c742a, getElementTagName {"id":":wdc:1362481256803"}]
Mar 05, 2013 1:00:56 PM org.openqa.selenium.remote.RemoteWebDriver log
INFO: Executing: getElementAttribute [f0fb82a6f972dd0a920a24e0056c742a, getElementAttribute {"id":":wdc:1362481256803","name":"multiple"}]
Mar 05, 2013 1:00:56 PM org.openqa.selenium.remote.RemoteWebDriver log
INFO: Executed: [f0fb82a6f972dd0a920a24e0056c742a, getElementAttribute {"id":":wdc:1362481256803","name":"multiple"}]
Mar 05, 2013 1:00:56 PM org.openqa.selenium.remote.RemoteWebDriver log
INFO: Executing: get [f0fb82a6f972dd0a920a24e0056c742a, get {"url":"http://lwo1-dhp-f35258.synapse.com:6432/common/formPage.html"}]
Mar 05, 2013 1:00:56 PM org.openqa.selenium.remote.RemoteWebDriver log
INFO: Executed: [f0fb82a6f972dd0a920a24e0056c742a, get {"url":"http://lwo1-dhp-f35258.synapse.com:6432/common/formPage.html"}]
Mar 05, 2013 1:00:56 PM org.openqa.selenium.remote.RemoteWebDriver log
INFO: Executing: findElement [f0fb82a6f972dd0a920a24e0056c742a, findElement {"using":"name","value":"multi_true"}]
Mar 05, 2013 1:00:56 PM org.openqa.selenium.remote.RemoteWebDriver log
INFO: Executed: [f0fb82a6f972dd0a920a24e0056c742a, findElement {"using":"name","value":"multi_true"}]
Mar 05, 2013 1:00:56 PM org.openqa.selenium.remote.RemoteWebDriver log
INFO: Executing: getElementTagName [f0fb82a6f972dd0a920a24e0056c742a, getElementTagName {"id":":wdc:1362481256962"}]
Mar 05, 2013 1:00:56 PM org.openqa.selenium.remote.RemoteWebDriver log
INFO: Executed: [f0fb82a6f972dd0a920a24e0056c742a, getElementTagName {"id":":wdc:1362481256962"}]
Mar 05, 2013 1:00:56 PM org.openqa.selenium.remote.RemoteWebDriver log
INFO: Executing: getElementAttribute [f0fb82a6f972dd0a920a24e0056c742a, getElementAttribute {"id":":wdc:1362481256962","name":"multiple"}]
Mar 05, 2013 1:00:57 PM org.openqa.selenium.remote.RemoteWebDriver log
INFO: Executed: [f0fb82a6f972dd0a920a24e0056c742a, getElementAttribute {"id":":wdc:1362481256962","name":"multiple"}]
Mar 05, 2013 1:00:57 PM org.openqa.selenium.remote.RemoteWebDriver log
INFO: Executing: get [f0fb82a6f972dd0a920a24e0056c742a, get {"url":"http://lwo1-dhp-f35258.synapse.com:6432/common/formPage.html"}]
Mar 05, 2013 1:00:57 PM org.openqa.selenium.remote.RemoteWebDriver log
INFO: Executed: [f0fb82a6f972dd0a920a24e0056c742a, get {"url":"http://lwo1-dhp-f35258.synapse.com:6432/common/formPage.html"}]
Mar 05, 2013 1:00:57 PM org.openqa.selenium.remote.RemoteWebDriver log
INFO: Executing: findElement [f0fb82a6f972dd0a920a24e0056c742a, findElement {"using":"name","value":"selectomatic"}]
Mar 05, 2013 1:00:57 PM org.openqa.selenium.remote.RemoteWebDriver log
INFO: Executed: [f0fb82a6f972dd0a920a24e0056c742a, findElement {"using":"name","value":"selectomatic"}]
Mar 05, 2013 1:00:57 PM org.openqa.selenium.remote.RemoteWebDriver log
INFO: Executing: getElementTagName [f0fb82a6f972dd0a920a24e0056c742a, getElementTagName {"id":":wdc:1362481257141"}]
Mar 05, 2013 1:00:57 PM org.openqa.selenium.remote.RemoteWebDriver log
INFO: Executed: [f0fb82a6f972dd0a920a24e0056c742a, getElementTagName {"id":":wdc:1362481257141"}]
Mar 05, 2013 1:00:57 PM org.openqa.selenium.remote.RemoteWebDriver log
INFO: Executing: getElementAttribute [f0fb82a6f972dd0a920a24e0056c742a, getElementAttribute {"id":":wdc:1362481257141","name":"multiple"}]
Mar 05, 2013 1:00:57 PM org.openqa.selenium.remote.RemoteWebDriver log
INFO: Executed: [f0fb82a6f972dd0a920a24e0056c742a, getElementAttribute {"id":":wdc:1362481257141","name":"multiple"}]
Mar 05, 2013 1:00:57 PM org.openqa.selenium.remote.RemoteWebDriver log
INFO: Executing: get [f0fb82a6f972dd0a920a24e0056c742a, get {"url":"http://lwo1-dhp-f35258.synapse.com:6432/common/formPage.html"}]
Mar 05, 2013 1:00:57 PM org.openqa.selenium.remote.RemoteWebDriver log
INFO: Executed: [f0fb82a6f972dd0a920a24e0056c742a, get {"url":"http://lwo1-dhp-f35258.synapse.com:6432/common/formPage.html"}]
Mar 05, 2013 1:00:57 PM org.openqa.selenium.remote.RemoteWebDriver log
INFO: Executing: findElement [f0fb82a6f972dd0a920a24e0056c742a, findElement {"using":"name","value":"multi_false"}]
Mar 05, 2013 1:00:57 PM org.openqa.selenium.remote.RemoteWebDriver log
INFO: Executed: [f0fb82a6f972dd0a920a24e0056c742a, findElement {"using":"name","value":"multi_false"}]
Mar 05, 2013 1:00:57 PM org.openqa.selenium.remote.RemoteWebDriver log
INFO: Executing: getElementTagName [f0fb82a6f972dd0a920a24e0056c742a, getElementTagName {"id":":wdc:1362481257300"}]
Mar 05, 2013 1:00:57 PM org.openqa.selenium.remote.RemoteWebDriver log
INFO: Executed: [f0fb82a6f972dd0a920a24e0056c742a, getElementTagName {"id":":wdc:1362481257300"}]
Mar 05, 2013 1:00:57 PM org.openqa.selenium.remote.RemoteWebDriver log
INFO: Executing: getElementAttribute [f0fb82a6f972dd0a920a24e0056c742a, getElementAttribute {"id":":wdc:1362481257300","name":"multiple"}]
Mar 05, 2013 1:00:57 PM org.openqa.selenium.remote.RemoteWebDriver log
INFO: Executed: [f0fb82a6f972dd0a920a24e0056c742a, getElementAttribute {"id":":wdc:1362481257300","name":"multiple"}]
Mar 05, 2013 1:00:57 PM org.openqa.selenium.remote.RemoteWebDriver log
INFO: Executing: get [f0fb82a6f972dd0a920a24e0056c742a, get {"url":"http://lwo1-dhp-f35258.synapse.com:6432/common/formPage.html"}]
Mar 05, 2013 1:00:57 PM org.openqa.selenium.remote.RemoteWebDriver log
INFO: Executed: [f0fb82a6f972dd0a920a24e0056c742a, get {"url":"http://lwo1-dhp-f35258.synapse.com:6432/common/formPage.html"}]
Mar 05, 2013 1:00:57 PM org.openqa.selenium.remote.RemoteWebDriver log
INFO: Executing: findElement [f0fb82a6f972dd0a920a24e0056c742a, findElement {"using":"name","value":"selectomatic"}]
Mar 05, 2013 1:00:57 PM org.openqa.selenium.remote.RemoteWebDriver log
INFO: Executed: [f0fb82a6f972dd0a920a24e0056c742a, findElement {"using":"name","value":"selectomatic"}]
Mar 05, 2013 1:00:57 PM org.openqa.selenium.remote.RemoteWebDriver log
INFO: Executing: getElementTagName [f0fb82a6f972dd0a920a24e0056c742a, getElementTagName {"id":":wdc:1362481257478"}]
Mar 05, 2013 1:00:57 PM org.openqa.selenium.remote.RemoteWebDriver log
INFO: Executed: [f0fb82a6f972dd0a920a24e0056c742a, getElementTagName {"id":":wdc:1362481257478"}]
Mar 05, 2013 1:00:57 PM org.openqa.selenium.remote.RemoteWebDriver log
INFO: Executing: getElementAttribute [f0fb82a6f972dd0a920a24e0056c742a, getElementAttribute {"id":":wdc:1362481257478","name":"multiple"}]
Mar 05, 2013 1:00:57 PM org.openqa.selenium.remote.RemoteWebDriver log
INFO: Executed: [f0fb82a6f972dd0a920a24e0056c742a, getElementAttribute {"id":":wdc:1362481257478","name":"multiple"}]
Mar 05, 2013 1:00:57 PM org.openqa.selenium.remote.RemoteWebDriver log
INFO: Executing: findChildElements [f0fb82a6f972dd0a920a24e0056c742a, findChildElements {"id":":wdc:1362481257478","using":"tag name","value":"option"}]
Mar 05, 2013 1:00:57 PM org.openqa.selenium.remote.RemoteWebDriver log
INFO: Executed: [f0fb82a6f972dd0a920a24e0056c742a, findChildElements {"id":":wdc:1362481257478","using":"tag name","value":"option"}]
Mar 05, 2013 1:00:57 PM org.openqa.selenium.remote.RemoteWebDriver log
INFO: Executing: getElementText [f0fb82a6f972dd0a920a24e0056c742a, getElementText {"id":":wdc:1362481257479"}]
Mar 05, 2013 1:00:57 PM org.openqa.selenium.remote.RemoteWebDriver log
INFO: Executed: [f0fb82a6f972dd0a920a24e0056c742a, getElementText {"id":":wdc:1362481257479"}]
Mar 05, 2013 1:00:57 PM org.openqa.selenium.remote.RemoteWebDriver log
INFO: Executing: getElementText [f0fb82a6f972dd0a920a24e0056c742a, getElementText {"id":":wdc:1362481257480"}]
Mar 05, 2013 1:00:57 PM org.openqa.selenium.remote.RemoteWebDriver log
INFO: Executed: [f0fb82a6f972dd0a920a24e0056c742a, getElementText {"id":":wdc:1362481257480"}]
Mar 05, 2013 1:00:57 PM org.openqa.selenium.remote.RemoteWebDriver log
INFO: Executing: getElementText [f0fb82a6f972dd0a920a24e0056c742a, getElementText {"id":":wdc:1362481257481"}]
Mar 05, 2013 1:00:57 PM org.openqa.selenium.remote.RemoteWebDriver log
INFO: Executed: [f0fb82a6f972dd0a920a24e0056c742a, getElementText {"id":":wdc:1362481257481"}]
Mar 05, 2013 1:00:57 PM org.openqa.selenium.remote.RemoteWebDriver log
INFO: Executing: getElementText [f0fb82a6f972dd0a920a24e0056c742a, getElementText {"id":":wdc:1362481257482"}]
Mar 05, 2013 1:00:58 PM org.openqa.selenium.remote.RemoteWebDriver log
INFO: Executed: [f0fb82a6f972dd0a920a24e0056c742a, getElementText {"id":":wdc:1362481257482"}]
Mar 05, 2013 1:00:58 PM org.openqa.selenium.remote.RemoteWebDriver log
INFO: Executing: get [f0fb82a6f972dd0a920a24e0056c742a, get {"url":"http://lwo1-dhp-f35258.synapse.com:6432/common/formPage.html"}]
Mar 05, 2013 1:00:58 PM org.openqa.selenium.remote.RemoteWebDriver log
INFO: Executed: [f0fb82a6f972dd0a920a24e0056c742a, get {"url":"http://lwo1-dhp-f35258.synapse.com:6432/common/formPage.html"}]
Mar 05, 2013 1:00:58 PM org.openqa.selenium.remote.RemoteWebDriver log
INFO: Executing: findElement [f0fb82a6f972dd0a920a24e0056c742a, findElement {"using":"name","value":"selectomatic"}]
Mar 05, 2013 1:00:58 PM org.openqa.selenium.remote.RemoteWebDriver log
INFO: Executed: [f0fb82a6f972dd0a920a24e0056c742a, findElement {"using":"name","value":"selectomatic"}]
Mar 05, 2013 1:00:58 PM org.openqa.selenium.remote.RemoteWebDriver log
INFO: Executing: getElementTagName [f0fb82a6f972dd0a920a24e0056c742a, getElementTagName {"id":":wdc:1362481258153"}]
Mar 05, 2013 1:00:58 PM org.openqa.selenium.remote.RemoteWebDriver log
INFO: Executed: [f0fb82a6f972dd0a920a24e0056c742a, getElementTagName {"id":":wdc:1362481258153"}]
Mar 05, 2013 1:00:58 PM org.openqa.selenium.remote.RemoteWebDriver log
INFO: Executing: getElementAttribute [f0fb82a6f972dd0a920a24e0056c742a, getElementAttribute {"id":":wdc:1362481258153","name":"multiple"}]
Mar 05, 2013 1:00:58 PM org.openqa.selenium.remote.RemoteWebDriver log
INFO: Executed: [f0fb82a6f972dd0a920a24e0056c742a, getElementAttribute {"id":":wdc:1362481258153","name":"multiple"}]
Mar 05, 2013 1:00:58 PM org.openqa.selenium.remote.RemoteWebDriver log
INFO: Executing: findChildElements [f0fb82a6f972dd0a920a24e0056c742a, findChildElements {"id":":wdc:1362481258153","using":"tag name","value":"option"}]
Mar 05, 2013 1:00:58 PM org.openqa.selenium.remote.RemoteWebDriver log
INFO: Executed: [f0fb82a6f972dd0a920a24e0056c742a, findChildElements {"id":":wdc:1362481258153","using":"tag name","value":"option"}]
Mar 05, 2013 1:00:58 PM org.openqa.selenium.remote.RemoteWebDriver log
INFO: Executing: isElementSelected [f0fb82a6f972dd0a920a24e0056c742a, isElementSelected {"id":":wdc:1362481258154"}]
Mar 05, 2013 1:00:58 PM org.openqa.selenium.remote.RemoteWebDriver log
INFO: Executed: [f0fb82a6f972dd0a920a24e0056c742a, isElementSelected {"id":":wdc:1362481258154"}]
Mar 05, 2013 1:00:58 PM org.openqa.selenium.remote.RemoteWebDriver log
INFO: Executing: isElementSelected [f0fb82a6f972dd0a920a24e0056c742a, isElementSelected {"id":":wdc:1362481258155"}]
Mar 05, 2013 1:00:58 PM org.openqa.selenium.remote.RemoteWebDriver log
INFO: Executed: [f0fb82a6f972dd0a920a24e0056c742a, isElementSelected {"id":":wdc:1362481258155"}]
Mar 05, 2013 1:00:58 PM org.openqa.selenium.remote.RemoteWebDriver log
INFO: Executing: isElementSelected [f0fb82a6f972dd0a920a24e0056c742a, isElementSelected {"id":":wdc:1362481258156"}]
Mar 05, 2013 1:00:58 PM org.openqa.selenium.remote.RemoteWebDriver log
INFO: Executed: [f0fb82a6f972dd0a920a24e0056c742a, isElementSelected {"id":":wdc:1362481258156"}]
Mar 05, 2013 1:00:58 PM org.openqa.selenium.remote.RemoteWebDriver log
INFO: Executing: isElementSelected [f0fb82a6f972dd0a920a24e0056c742a, isElementSelected {"id":":wdc:1362481258157"}]
Mar 05, 2013 1:00:58 PM org.openqa.selenium.remote.RemoteWebDriver log
INFO: Executed: [f0fb82a6f972dd0a920a24e0056c742a, isElementSelected {"id":":wdc:1362481258157"}]
Mar 05, 2013 1:00:58 PM org.openqa.selenium.remote.RemoteWebDriver log
INFO: Executing: getElementText [f0fb82a6f972dd0a920a24e0056c742a, getElementText {"id":":wdc:1362481258154"}]
Mar 05, 2013 1:00:58 PM org.openqa.selenium.remote.RemoteWebDriver log
INFO: Executed: [f0fb82a6f972dd0a920a24e0056c742a, getElementText {"id":":wdc:1362481258154"}]
Mar 05, 2013 1:00:58 PM org.openqa.selenium.remote.RemoteWebDriver log
INFO: Executing: get [f0fb82a6f972dd0a920a24e0056c742a, get {"url":"http://lwo1-dhp-f35258.synapse.com:6432/common/formPage.html"}]
Mar 05, 2013 1:00:58 PM org.openqa.selenium.remote.RemoteWebDriver log
INFO: Executed: [f0fb82a6f972dd0a920a24e0056c742a, get {"url":"http://lwo1-dhp-f35258.synapse.com:6432/common/formPage.html"}]
Mar 05, 2013 1:00:58 PM org.openqa.selenium.remote.RemoteWebDriver log
INFO: Executing: findElement [f0fb82a6f972dd0a920a24e0056c742a, findElement {"using":"name","value":"multi"}]
Mar 05, 2013 1:00:58 PM org.openqa.selenium.remote.RemoteWebDriver log
INFO: Executed: [f0fb82a6f972dd0a920a24e0056c742a, findElement {"using":"name","value":"multi"}]
Mar 05, 2013 1:00:58 PM org.openqa.selenium.remote.RemoteWebDriver log
INFO: Executing: getElementTagName [f0fb82a6f972dd0a920a24e0056c742a, getElementTagName {"id":":wdc:1362481258920"}]
Mar 05, 2013 1:00:58 PM org.openqa.selenium.remote.RemoteWebDriver log
INFO: Executed: [f0fb82a6f972dd0a920a24e0056c742a, getElementTagName {"id":":wdc:1362481258920"}]
Mar 05, 2013 1:00:58 PM org.openqa.selenium.remote.RemoteWebDriver log
INFO: Executing: getElementAttribute [f0fb82a6f972dd0a920a24e0056c742a, getElementAttribute {"id":":wdc:1362481258920","name":"multiple"}]
Mar 05, 2013 1:00:59 PM org.openqa.selenium.remote.RemoteWebDriver log
INFO: Executed: [f0fb82a6f972dd0a920a24e0056c742a, getElementAttribute {"id":":wdc:1362481258920","name":"multiple"}]
Mar 05, 2013 1:00:59 PM org.openqa.selenium.remote.RemoteWebDriver log
INFO: Executing: findChildElements [f0fb82a6f972dd0a920a24e0056c742a, findChildElements {"id":":wdc:1362481258920","using":"tag name","value":"option"}]
Mar 05, 2013 1:00:59 PM org.openqa.selenium.remote.RemoteWebDriver log
INFO: Executed: [f0fb82a6f972dd0a920a24e0056c742a, findChildElements {"id":":wdc:1362481258920","using":"tag name","value":"option"}]
Mar 05, 2013 1:00:59 PM org.openqa.selenium.remote.RemoteWebDriver log
INFO: Executing: isElementSelected [f0fb82a6f972dd0a920a24e0056c742a, isElementSelected {"id":":wdc:1362481258921"}]
Mar 05, 2013 1:00:59 PM org.openqa.selenium.remote.RemoteWebDriver log
INFO: Executed: [f0fb82a6f972dd0a920a24e0056c742a, isElementSelected {"id":":wdc:1362481258921"}]
Mar 05, 2013 1:00:59 PM org.openqa.selenium.remote.RemoteWebDriver log
INFO: Executing: isElementSelected [f0fb82a6f972dd0a920a24e0056c742a, isElementSelected {"id":":wdc:1362481258922"}]
Mar 05, 2013 1:00:59 PM org.openqa.selenium.remote.RemoteWebDriver log
INFO: Executed: [f0fb82a6f972dd0a920a24e0056c742a, isElementSelected {"id":":wdc:1362481258922"}]
Mar 05, 2013 1:00:59 PM org.openqa.selenium.remote.RemoteWebDriver log
INFO: Executing: isElementSelected [f0fb82a6f972dd0a920a24e0056c742a, isElementSelected {"id":":wdc:1362481258923"}]
Mar 05, 2013 1:00:59 PM org.openqa.selenium.remote.RemoteWebDriver log
INFO: Executed: [f0fb82a6f972dd0a920a24e0056c742a, isElementSelected {"id":":wdc:1362481258923"}]
Mar 05, 2013 1:00:59 PM org.openqa.selenium.remote.RemoteWebDriver log
INFO: Executing: isElementSelected [f0fb82a6f972dd0a920a24e0056c742a, isElementSelected {"id":":wdc:1362481258924"}]
Mar 05, 2013 1:00:59 PM org.openqa.selenium.remote.RemoteWebDriver log
INFO: Executed: [f0fb82a6f972dd0a920a24e0056c742a, isElementSelected {"id":":wdc:1362481258924"}]
Mar 05, 2013 1:00:59 PM org.openqa.selenium.remote.RemoteWebDriver log
INFO: Executing: getElementText [f0fb82a6f972dd0a920a24e0056c742a, getElementText {"id":":wdc:1362481258921"}]
Mar 05, 2013 1:00:59 PM org.openqa.selenium.remote.RemoteWebDriver log
INFO: Executed: [f0fb82a6f972dd0a920a24e0056c742a, getElementText {"id":":wdc:1362481258921"}]
Mar 05, 2013 1:00:59 PM org.openqa.selenium.remote.RemoteWebDriver log
INFO: Executing: getElementText [f0fb82a6f972dd0a920a24e0056c742a, getElementText {"id":":wdc:1362481258923"}]
Mar 05, 2013 1:00:59 PM org.openqa.selenium.remote.RemoteWebDriver log
INFO: Executed: [f0fb82a6f972dd0a920a24e0056c742a, getElementText {"id":":wdc:1362481258923"}]
Mar 05, 2013 1:00:59 PM org.openqa.selenium.remote.RemoteWebDriver log
INFO: Executing: get [f0fb82a6f972dd0a920a24e0056c742a, get {"url":"http://lwo1-dhp-f35258.synapse.com:6432/common/formPage.html"}]
Mar 05, 2013 1:00:59 PM org.openqa.selenium.remote.RemoteWebDriver log
INFO: Executed: [f0fb82a6f972dd0a920a24e0056c742a, get {"url":"http://lwo1-dhp-f35258.synapse.com:6432/common/formPage.html"}]
Mar 05, 2013 1:00:59 PM org.openqa.selenium.remote.RemoteWebDriver log
INFO: Executing: findElement [f0fb82a6f972dd0a920a24e0056c742a, findElement {"using":"name","value":"multi"}]
Mar 05, 2013 1:00:59 PM org.openqa.selenium.remote.RemoteWebDriver log
INFO: Executed: [f0fb82a6f972dd0a920a24e0056c742a, findElement {"using":"name","value":"multi"}]
Mar 05, 2013 1:00:59 PM org.openqa.selenium.remote.RemoteWebDriver log
INFO: Executing: getElementTagName [f0fb82a6f972dd0a920a24e0056c742a, getElementTagName {"id":":wdc:1362481259787"}]
Mar 05, 2013 1:00:59 PM org.openqa.selenium.remote.RemoteWebDriver log
INFO: Executed: [f0fb82a6f972dd0a920a24e0056c742a, getElementTagName {"id":":wdc:1362481259787"}]
Mar 05, 2013 1:00:59 PM org.openqa.selenium.remote.RemoteWebDriver log
INFO: Executing: getElementAttribute [f0fb82a6f972dd0a920a24e0056c742a, getElementAttribute {"id":":wdc:1362481259787","name":"multiple"}]
Mar 05, 2013 1:00:59 PM org.openqa.selenium.remote.RemoteWebDriver log
INFO: Executed: [f0fb82a6f972dd0a920a24e0056c742a, getElementAttribute {"id":":wdc:1362481259787","name":"multiple"}]
Mar 05, 2013 1:00:59 PM org.openqa.selenium.remote.RemoteWebDriver log
INFO: Executing: findChildElements [f0fb82a6f972dd0a920a24e0056c742a, findChildElements {"id":":wdc:1362481259787","using":"tag name","value":"option"}]
Mar 05, 2013 1:00:59 PM org.openqa.selenium.remote.RemoteWebDriver log
INFO: Executed: [f0fb82a6f972dd0a920a24e0056c742a, findChildElements {"id":":wdc:1362481259787","using":"tag name","value":"option"}]
Mar 05, 2013 1:00:59 PM org.openqa.selenium.remote.RemoteWebDriver log
INFO: Executing: isElementSelected [f0fb82a6f972dd0a920a24e0056c742a, isElementSelected {"id":":wdc:1362481259788"}]
Mar 05, 2013 1:01:00 PM org.openqa.selenium.remote.RemoteWebDriver log
INFO: Executed: [f0fb82a6f972dd0a920a24e0056c742a, isElementSelected {"id":":wdc:1362481259788"}]
Mar 05, 2013 1:01:00 PM org.openqa.selenium.remote.RemoteWebDriver log
INFO: Executing: getElementText [f0fb82a6f972dd0a920a24e0056c742a, getElementText {"id":":wdc:1362481259788"}]
Mar 05, 2013 1:01:00 PM org.openqa.selenium.remote.RemoteWebDriver log
INFO: Executed: [f0fb82a6f972dd0a920a24e0056c742a, getElementText {"id":":wdc:1362481259788"}]
Mar 05, 2013 1:01:00 PM org.openqa.selenium.remote.RemoteWebDriver log
INFO: Executing: get [f0fb82a6f972dd0a920a24e0056c742a, get {"url":"http://lwo1-dhp-f35258.synapse.com:6432/common/formPage.html"}]
Mar 05, 2013 1:01:00 PM org.openqa.selenium.remote.RemoteWebDriver log
INFO: Executed: [f0fb82a6f972dd0a920a24e0056c742a, get {"url":"http://lwo1-dhp-f35258.synapse.com:6432/common/formPage.html"}]
Mar 05, 2013 1:01:00 PM org.openqa.selenium.remote.RemoteWebDriver log
INFO: Executing: findElement [f0fb82a6f972dd0a920a24e0056c742a, findElement {"using":"name","value":"select_empty_multiple"}]
Mar 05, 2013 1:01:00 PM org.openqa.selenium.remote.RemoteWebDriver log
INFO: Executed: [f0fb82a6f972dd0a920a24e0056c742a, findElement {"using":"name","value":"select_empty_multiple"}]
Mar 05, 2013 1:01:00 PM org.openqa.selenium.remote.RemoteWebDriver log
INFO: Executing: getElementTagName [f0fb82a6f972dd0a920a24e0056c742a, getElementTagName {"id":":wdc:1362481260217"}]
Mar 05, 2013 1:01:00 PM org.openqa.selenium.remote.RemoteWebDriver log
INFO: Executed: [f0fb82a6f972dd0a920a24e0056c742a, getElementTagName {"id":":wdc:1362481260217"}]
Mar 05, 2013 1:01:00 PM org.openqa.selenium.remote.RemoteWebDriver log
INFO: Executing: getElementAttribute [f0fb82a6f972dd0a920a24e0056c742a, getElementAttribute {"id":":wdc:1362481260217","name":"multiple"}]
Mar 05, 2013 1:01:00 PM org.openqa.selenium.remote.RemoteWebDriver log
INFO: Executed: [f0fb82a6f972dd0a920a24e0056c742a, getElementAttribute {"id":":wdc:1362481260217","name":"multiple"}]
Mar 05, 2013 1:01:00 PM org.openqa.selenium.remote.RemoteWebDriver log
INFO: Executing: findChildElements [f0fb82a6f972dd0a920a24e0056c742a, findChildElements {"id":":wdc:1362481260217","using":"tag name","value":"option"}]
Mar 05, 2013 1:01:00 PM org.openqa.selenium.remote.RemoteWebDriver log
INFO: Executed: [f0fb82a6f972dd0a920a24e0056c742a, findChildElements {"id":":wdc:1362481260217","using":"tag name","value":"option"}]
Mar 05, 2013 1:01:00 PM org.openqa.selenium.remote.RemoteWebDriver log
INFO: Executing: isElementSelected [f0fb82a6f972dd0a920a24e0056c742a, isElementSelected {"id":":wdc:1362481260218"}]
Mar 05, 2013 1:01:00 PM org.openqa.selenium.remote.RemoteWebDriver log
INFO: Executed: [f0fb82a6f972dd0a920a24e0056c742a, isElementSelected {"id":":wdc:1362481260218"}]
Mar 05, 2013 1:01:00 PM org.openqa.selenium.remote.RemoteWebDriver log
INFO: Executing: isElementSelected [f0fb82a6f972dd0a920a24e0056c742a, isElementSelected {"id":":wdc:1362481260219"}]
Mar 05, 2013 1:01:00 PM org.openqa.selenium.remote.RemoteWebDriver log
INFO: Executed: [f0fb82a6f972dd0a920a24e0056c742a, isElementSelected {"id":":wdc:1362481260219"}]
Mar 05, 2013 1:01:00 PM org.openqa.selenium.remote.RemoteWebDriver log
INFO: Executing: isElementSelected [f0fb82a6f972dd0a920a24e0056c742a, isElementSelected {"id":":wdc:1362481260220"}]
Mar 05, 2013 1:01:00 PM org.openqa.selenium.remote.RemoteWebDriver log
INFO: Executed: [f0fb82a6f972dd0a920a24e0056c742a, isElementSelected {"id":":wdc:1362481260220"}]
Mar 05, 2013 1:01:00 PM org.openqa.selenium.remote.RemoteWebDriver log
INFO: Executing: isElementSelected [f0fb82a6f972dd0a920a24e0056c742a, isElementSelected {"id":":wdc:1362481260221"}]
Mar 05, 2013 1:01:00 PM org.openqa.selenium.remote.RemoteWebDriver log
INFO: Executed: [f0fb82a6f972dd0a920a24e0056c742a, isElementSelected {"id":":wdc:1362481260221"}]
Mar 05, 2013 1:01:00 PM org.openqa.selenium.remote.RemoteWebDriver log
INFO: Executing: get [f0fb82a6f972dd0a920a24e0056c742a, get {"url":"http://lwo1-dhp-f35258.synapse.com:6432/common/formPage.html"}]
Mar 05, 2013 1:01:00 PM org.openqa.selenium.remote.RemoteWebDriver log
INFO: Executed: [f0fb82a6f972dd0a920a24e0056c742a, get {"url":"http://lwo1-dhp-f35258.synapse.com:6432/common/formPage.html"}]
Mar 05, 2013 1:01:00 PM org.openqa.selenium.remote.RemoteWebDriver log
INFO: Executing: findElement [f0fb82a6f972dd0a920a24e0056c742a, findElement {"using":"name","value":"select_empty_multiple"}]
Mar 05, 2013 1:01:00 PM org.openqa.selenium.remote.RemoteWebDriver log
INFO: Executed: [f0fb82a6f972dd0a920a24e0056c742a, findElement {"using":"name","value":"select_empty_multiple"}]
Mar 05, 2013 1:01:00 PM org.openqa.selenium.remote.RemoteWebDriver log
INFO: Executing: getElementTagName [f0fb82a6f972dd0a920a24e0056c742a, getElementTagName {"id":":wdc:1362481260887"}]
Mar 05, 2013 1:01:00 PM org.openqa.selenium.remote.RemoteWebDriver log
INFO: Executed: [f0fb82a6f972dd0a920a24e0056c742a, getElementTagName {"id":":wdc:1362481260887"}]
Mar 05, 2013 1:01:00 PM org.openqa.selenium.remote.RemoteWebDriver log
INFO: Executing: getElementAttribute [f0fb82a6f972dd0a920a24e0056c742a, getElementAttribute {"id":":wdc:1362481260887","name":"multiple"}]
Mar 05, 2013 1:01:01 PM org.openqa.selenium.remote.RemoteWebDriver log
INFO: Executed: [f0fb82a6f972dd0a920a24e0056c742a, getElementAttribute {"id":":wdc:1362481260887","name":"multiple"}]
Mar 05, 2013 1:01:01 PM org.openqa.selenium.remote.RemoteWebDriver log
INFO: Executing: findChildElements [f0fb82a6f972dd0a920a24e0056c742a, findChildElements {"id":":wdc:1362481260887","using":"xpath","value":".//option[normalize-space(.) = \"select_2\"]"}]
Mar 05, 2013 1:01:01 PM org.openqa.selenium.remote.RemoteWebDriver log
INFO: Executed: [f0fb82a6f972dd0a920a24e0056c742a, findChildElements {"id":":wdc:1362481260887","using":"xpath","value":".//option[normalize-space(.) = \"select_2\"]"}]
Mar 05, 2013 1:01:01 PM org.openqa.selenium.remote.RemoteWebDriver log
INFO: Executing: isElementSelected [f0fb82a6f972dd0a920a24e0056c742a, isElementSelected {"id":":wdc:1362481260888"}]
Mar 05, 2013 1:01:01 PM org.openqa.selenium.remote.RemoteWebDriver log
INFO: Executed: [f0fb82a6f972dd0a920a24e0056c742a, isElementSelected {"id":":wdc:1362481260888"}]
Mar 05, 2013 1:01:01 PM org.openqa.selenium.remote.RemoteWebDriver log
INFO: Executing: clickElement [f0fb82a6f972dd0a920a24e0056c742a, clickElement {"id":":wdc:1362481260888"}]
Mar 05, 2013 1:01:01 PM org.openqa.selenium.remote.RemoteWebDriver log
INFO: Executed: [f0fb82a6f972dd0a920a24e0056c742a, clickElement {"id":":wdc:1362481260888"}]
Mar 05, 2013 1:01:01 PM org.openqa.selenium.remote.RemoteWebDriver log
INFO: Executing: findChildElements [f0fb82a6f972dd0a920a24e0056c742a, findChildElements {"id":":wdc:1362481260887","using":"tag name","value":"option"}]
Mar 05, 2013 1:01:01 PM org.openqa.selenium.remote.RemoteWebDriver log
INFO: Executed: [f0fb82a6f972dd0a920a24e0056c742a, findChildElements {"id":":wdc:1362481260887","using":"tag name","value":"option"}]
Mar 05, 2013 1:01:01 PM org.openqa.selenium.remote.RemoteWebDriver log
INFO: Executing: isElementSelected [f0fb82a6f972dd0a920a24e0056c742a, isElementSelected {"id":":wdc:1362481260889"}]
Mar 05, 2013 1:01:01 PM org.openqa.selenium.remote.RemoteWebDriver log
INFO: Executed: [f0fb82a6f972dd0a920a24e0056c742a, isElementSelected {"id":":wdc:1362481260889"}]
Mar 05, 2013 1:01:01 PM org.openqa.selenium.remote.RemoteWebDriver log
INFO: Executing: isElementSelected [f0fb82a6f972dd0a920a24e0056c742a, isElementSelected {"id":":wdc:1362481260888"}]
Mar 05, 2013 1:01:01 PM org.openqa.selenium.remote.RemoteWebDriver log
INFO: Executed: [f0fb82a6f972dd0a920a24e0056c742a, isElementSelected {"id":":wdc:1362481260888"}]
Mar 05, 2013 1:01:01 PM org.openqa.selenium.remote.RemoteWebDriver log
INFO: Executing: getElementText [f0fb82a6f972dd0a920a24e0056c742a, getElementText {"id":":wdc:1362481260888"}]
Mar 05, 2013 1:01:01 PM org.openqa.selenium.remote.RemoteWebDriver log
INFO: Executed: [f0fb82a6f972dd0a920a24e0056c742a, getElementText {"id":":wdc:1362481260888"}]
Mar 05, 2013 1:01:01 PM org.openqa.selenium.remote.RemoteWebDriver log
INFO: Executing: get [f0fb82a6f972dd0a920a24e0056c742a, get {"url":"http://lwo1-dhp-f35258.synapse.com:6432/common/formPage.html"}]
Mar 05, 2013 1:01:01 PM org.openqa.selenium.remote.RemoteWebDriver log
INFO: Executed: [f0fb82a6f972dd0a920a24e0056c742a, get {"url":"http://lwo1-dhp-f35258.synapse.com:6432/common/formPage.html"}]
Mar 05, 2013 1:01:01 PM org.openqa.selenium.remote.RemoteWebDriver log
INFO: Executing: findElement [f0fb82a6f972dd0a920a24e0056c742a, findElement {"using":"name","value":"invisi_select"}]
Mar 05, 2013 1:01:01 PM org.openqa.selenium.remote.RemoteWebDriver log
INFO: Executed: [f0fb82a6f972dd0a920a24e0056c742a, findElement {"using":"name","value":"invisi_select"}]
Mar 05, 2013 1:01:01 PM org.openqa.selenium.remote.RemoteWebDriver log
INFO: Executing: get [f0fb82a6f972dd0a920a24e0056c742a, get {"url":"http://lwo1-dhp-f35258.synapse.com:6432/common/formPage.html"}]
Mar 05, 2013 1:01:01 PM org.openqa.selenium.remote.RemoteWebDriver log
INFO: Executed: [f0fb82a6f972dd0a920a24e0056c742a, get {"url":"http://lwo1-dhp-f35258.synapse.com:6432/common/formPage.html"}]
Mar 05, 2013 1:01:01 PM org.openqa.selenium.remote.RemoteWebDriver log
INFO: Executing: findElement [f0fb82a6f972dd0a920a24e0056c742a, findElement {"using":"name","value":"select_empty_multiple"}]
Mar 05, 2013 1:01:01 PM org.openqa.selenium.remote.RemoteWebDriver log
INFO: Executed: [f0fb82a6f972dd0a920a24e0056c742a, findElement {"using":"name","value":"select_empty_multiple"}]
Mar 05, 2013 1:01:01 PM org.openqa.selenium.remote.RemoteWebDriver log
INFO: Executing: getElementTagName [f0fb82a6f972dd0a920a24e0056c742a, getElementTagName {"id":":wdc:1362481261900"}]
Mar 05, 2013 1:01:01 PM org.openqa.selenium.remote.RemoteWebDriver log
INFO: Executed: [f0fb82a6f972dd0a920a24e0056c742a, getElementTagName {"id":":wdc:1362481261900"}]
Mar 05, 2013 1:01:01 PM org.openqa.selenium.remote.RemoteWebDriver log
INFO: Executing: getElementAttribute [f0fb82a6f972dd0a920a24e0056c742a, getElementAttribute {"id":":wdc:1362481261900","name":"multiple"}]
Mar 05, 2013 1:01:02 PM org.openqa.selenium.remote.RemoteWebDriver log
INFO: Executed: [f0fb82a6f972dd0a920a24e0056c742a, getElementAttribute {"id":":wdc:1362481261900","name":"multiple"}]
Mar 05, 2013 1:01:02 PM org.openqa.selenium.remote.RemoteWebDriver log
INFO: Executing: findChildElements [f0fb82a6f972dd0a920a24e0056c742a, findChildElements {"id":":wdc:1362481261900","using":"xpath","value":".//option[normalize-space(.) = \"not there\"]"}]
Mar 05, 2013 1:01:02 PM org.openqa.selenium.remote.RemoteWebDriver log
INFO: Executed: [f0fb82a6f972dd0a920a24e0056c742a, findChildElements {"id":":wdc:1362481261900","using":"xpath","value":".//option[normalize-space(.) = \"not there\"]"}]
Mar 05, 2013 1:01:02 PM org.openqa.selenium.remote.RemoteWebDriver log
INFO: Executing: findChildElements [f0fb82a6f972dd0a920a24e0056c742a, findChildElements {"id":":wdc:1362481261900","using":"xpath","value":".//option[contains(., \"there\")]"}]
Mar 05, 2013 1:01:02 PM org.openqa.selenium.remote.RemoteWebDriver log
INFO: Executed: [f0fb82a6f972dd0a920a24e0056c742a, findChildElements {"id":":wdc:1362481261900","using":"xpath","value":".//option[contains(., \"there\")]"}]
Mar 05, 2013 1:01:02 PM org.openqa.selenium.remote.RemoteWebDriver log
INFO: Executing: get [f0fb82a6f972dd0a920a24e0056c742a, get {"url":"http://lwo1-dhp-f35258.synapse.com:6432/common/formPage.html"}]
Mar 05, 2013 1:01:02 PM org.openqa.selenium.remote.RemoteWebDriver log
INFO: Executed: [f0fb82a6f972dd0a920a24e0056c742a, get {"url":"http://lwo1-dhp-f35258.synapse.com:6432/common/formPage.html"}]
Mar 05, 2013 1:01:02 PM org.openqa.selenium.remote.RemoteWebDriver log
INFO: Executing: findElement [f0fb82a6f972dd0a920a24e0056c742a, findElement {"using":"name","value":"select_empty_multiple"}]
Mar 05, 2013 1:01:02 PM org.openqa.selenium.remote.RemoteWebDriver log
INFO: Executed: [f0fb82a6f972dd0a920a24e0056c742a, findElement {"using":"name","value":"select_empty_multiple"}]
Mar 05, 2013 1:01:02 PM org.openqa.selenium.remote.RemoteWebDriver log
INFO: Executing: getElementTagName [f0fb82a6f972dd0a920a24e0056c742a, getElementTagName {"id":":wdc:1362481262177"}]
Mar 05, 2013 1:01:02 PM org.openqa.selenium.remote.RemoteWebDriver log
INFO: Executed: [f0fb82a6f972dd0a920a24e0056c742a, getElementTagName {"id":":wdc:1362481262177"}]
Mar 05, 2013 1:01:02 PM org.openqa.selenium.remote.RemoteWebDriver log
INFO: Executing: getElementAttribute [f0fb82a6f972dd0a920a24e0056c742a, getElementAttribute {"id":":wdc:1362481262177","name":"multiple"}]
Mar 05, 2013 1:01:02 PM org.openqa.selenium.remote.RemoteWebDriver log
INFO: Executed: [f0fb82a6f972dd0a920a24e0056c742a, getElementAttribute {"id":":wdc:1362481262177","name":"multiple"}]
Mar 05, 2013 1:01:02 PM org.openqa.selenium.remote.RemoteWebDriver log
INFO: Executing: findChildElements [f0fb82a6f972dd0a920a24e0056c742a, findChildElements {"id":":wdc:1362481262177","using":"tag name","value":"option"}]
Mar 05, 2013 1:01:02 PM org.openqa.selenium.remote.RemoteWebDriver log
INFO: Executed: [f0fb82a6f972dd0a920a24e0056c742a, findChildElements {"id":":wdc:1362481262177","using":"tag name","value":"option"}]
Mar 05, 2013 1:01:02 PM org.openqa.selenium.remote.RemoteWebDriver log
INFO: Executing: getElementAttribute [f0fb82a6f972dd0a920a24e0056c742a, getElementAttribute {"id":":wdc:1362481262178","name":"index"}]
Mar 05, 2013 1:01:02 PM org.openqa.selenium.remote.RemoteWebDriver log
INFO: Executed: [f0fb82a6f972dd0a920a24e0056c742a, getElementAttribute {"id":":wdc:1362481262178","name":"index"}]
Mar 05, 2013 1:01:02 PM org.openqa.selenium.remote.RemoteWebDriver log
INFO: Executing: getElementAttribute [f0fb82a6f972dd0a920a24e0056c742a, getElementAttribute {"id":":wdc:1362481262179","name":"index"}]
Mar 05, 2013 1:01:02 PM org.openqa.selenium.remote.RemoteWebDriver log
INFO: Executed: [f0fb82a6f972dd0a920a24e0056c742a, getElementAttribute {"id":":wdc:1362481262179","name":"index"}]
Mar 05, 2013 1:01:02 PM org.openqa.selenium.remote.RemoteWebDriver log
INFO: Executing: isElementSelected [f0fb82a6f972dd0a920a24e0056c742a, isElementSelected {"id":":wdc:1362481262179"}]
Mar 05, 2013 1:01:02 PM org.openqa.selenium.remote.RemoteWebDriver log
INFO: Executed: [f0fb82a6f972dd0a920a24e0056c742a, isElementSelected {"id":":wdc:1362481262179"}]
Mar 05, 2013 1:01:02 PM org.openqa.selenium.remote.RemoteWebDriver log
INFO: Executing: clickElement [f0fb82a6f972dd0a920a24e0056c742a, clickElement {"id":":wdc:1362481262179"}]
Mar 05, 2013 1:01:02 PM org.openqa.selenium.remote.RemoteWebDriver log
INFO: Executed: [f0fb82a6f972dd0a920a24e0056c742a, clickElement {"id":":wdc:1362481262179"}]
Mar 05, 2013 1:01:02 PM org.openqa.selenium.remote.RemoteWebDriver log
INFO: Executing: getElementAttribute [f0fb82a6f972dd0a920a24e0056c742a, getElementAttribute {"id":":wdc:1362481262180","name":"index"}]
Mar 05, 2013 1:01:03 PM org.openqa.selenium.remote.RemoteWebDriver log
INFO: Executed: [f0fb82a6f972dd0a920a24e0056c742a, getElementAttribute {"id":":wdc:1362481262180","name":"index"}]
Mar 05, 2013 1:01:03 PM org.openqa.selenium.remote.RemoteWebDriver log
INFO: Executing: getElementAttribute [f0fb82a6f972dd0a920a24e0056c742a, getElementAttribute {"id":":wdc:1362481262181","name":"index"}]
Mar 05, 2013 1:01:03 PM org.openqa.selenium.remote.RemoteWebDriver log
INFO: Executed: [f0fb82a6f972dd0a920a24e0056c742a, getElementAttribute {"id":":wdc:1362481262181","name":"index"}]
Mar 05, 2013 1:01:03 PM org.openqa.selenium.remote.RemoteWebDriver log
INFO: Executing: findChildElements [f0fb82a6f972dd0a920a24e0056c742a, findChildElements {"id":":wdc:1362481262177","using":"tag name","value":"option"}]
Mar 05, 2013 1:01:03 PM org.openqa.selenium.remote.RemoteWebDriver log
INFO: Executed: [f0fb82a6f972dd0a920a24e0056c742a, findChildElements {"id":":wdc:1362481262177","using":"tag name","value":"option"}]
Mar 05, 2013 1:01:03 PM org.openqa.selenium.remote.RemoteWebDriver log
INFO: Executing: isElementSelected [f0fb82a6f972dd0a920a24e0056c742a, isElementSelected {"id":":wdc:1362481262178"}]
Mar 05, 2013 1:01:03 PM org.openqa.selenium.remote.RemoteWebDriver log
INFO: Executed: [f0fb82a6f972dd0a920a24e0056c742a, isElementSelected {"id":":wdc:1362481262178"}]
Mar 05, 2013 1:01:03 PM org.openqa.selenium.remote.RemoteWebDriver log
INFO: Executing: isElementSelected [f0fb82a6f972dd0a920a24e0056c742a, isElementSelected {"id":":wdc:1362481262179"}]
Mar 05, 2013 1:01:03 PM org.openqa.selenium.remote.RemoteWebDriver log
INFO: Executed: [f0fb82a6f972dd0a920a24e0056c742a, isElementSelected {"id":":wdc:1362481262179"}]
Mar 05, 2013 1:01:03 PM org.openqa.selenium.remote.RemoteWebDriver log
INFO: Executing: getElementText [f0fb82a6f972dd0a920a24e0056c742a, getElementText {"id":":wdc:1362481262179"}]
Mar 05, 2013 1:01:03 PM org.openqa.selenium.remote.RemoteWebDriver log
INFO: Executed: [f0fb82a6f972dd0a920a24e0056c742a, getElementText {"id":":wdc:1362481262179"}]
Mar 05, 2013 1:01:03 PM org.openqa.selenium.remote.RemoteWebDriver log
INFO: Executing: get [f0fb82a6f972dd0a920a24e0056c742a, get {"url":"http://lwo1-dhp-f35258.synapse.com:6432/common/formPage.html"}]
Mar 05, 2013 1:01:03 PM org.openqa.selenium.remote.RemoteWebDriver log
INFO: Executed: [f0fb82a6f972dd0a920a24e0056c742a, get {"url":"http://lwo1-dhp-f35258.synapse.com:6432/common/formPage.html"}]
Mar 05, 2013 1:01:03 PM org.openqa.selenium.remote.RemoteWebDriver log
INFO: Executing: findElement [f0fb82a6f972dd0a920a24e0056c742a, findElement {"using":"name","value":"select_empty_multiple"}]
Mar 05, 2013 1:01:03 PM org.openqa.selenium.remote.RemoteWebDriver log
INFO: Executed: [f0fb82a6f972dd0a920a24e0056c742a, findElement {"using":"name","value":"select_empty_multiple"}]
Mar 05, 2013 1:01:03 PM org.openqa.selenium.remote.RemoteWebDriver log
INFO: Executing: getElementTagName [f0fb82a6f972dd0a920a24e0056c742a, getElementTagName {"id":":wdc:1362481263559"}]
Mar 05, 2013 1:01:03 PM org.openqa.selenium.remote.RemoteWebDriver log
INFO: Executed: [f0fb82a6f972dd0a920a24e0056c742a, getElementTagName {"id":":wdc:1362481263559"}]
Mar 05, 2013 1:01:03 PM org.openqa.selenium.remote.RemoteWebDriver log
INFO: Executing: getElementAttribute [f0fb82a6f972dd0a920a24e0056c742a, getElementAttribute {"id":":wdc:1362481263559","name":"multiple"}]
Mar 05, 2013 1:01:03 PM org.openqa.selenium.remote.RemoteWebDriver log
INFO: Executed: [f0fb82a6f972dd0a920a24e0056c742a, getElementAttribute {"id":":wdc:1362481263559","name":"multiple"}]
Mar 05, 2013 1:01:03 PM org.openqa.selenium.remote.RemoteWebDriver log
INFO: Executing: findChildElements [f0fb82a6f972dd0a920a24e0056c742a, findChildElements {"id":":wdc:1362481263559","using":"tag name","value":"option"}]
Mar 05, 2013 1:01:03 PM org.openqa.selenium.remote.RemoteWebDriver log
INFO: Executed: [f0fb82a6f972dd0a920a24e0056c742a, findChildElements {"id":":wdc:1362481263559","using":"tag name","value":"option"}]
Mar 05, 2013 1:01:03 PM org.openqa.selenium.remote.RemoteWebDriver log
INFO: Executing: getElementAttribute [f0fb82a6f972dd0a920a24e0056c742a, getElementAttribute {"id":":wdc:1362481263560","name":"index"}]
Mar 05, 2013 1:01:03 PM org.openqa.selenium.remote.RemoteWebDriver log
INFO: Executed: [f0fb82a6f972dd0a920a24e0056c742a, getElementAttribute {"id":":wdc:1362481263560","name":"index"}]
Mar 05, 2013 1:01:03 PM org.openqa.selenium.remote.RemoteWebDriver log
INFO: Executing: getElementAttribute [f0fb82a6f972dd0a920a24e0056c742a, getElementAttribute {"id":":wdc:1362481263561","name":"index"}]
Mar 05, 2013 1:01:03 PM org.openqa.selenium.remote.RemoteWebDriver log
INFO: Executed: [f0fb82a6f972dd0a920a24e0056c742a, getElementAttribute {"id":":wdc:1362481263561","name":"index"}]
Mar 05, 2013 1:01:03 PM org.openqa.selenium.remote.RemoteWebDriver log
INFO: Executing: getElementAttribute [f0fb82a6f972dd0a920a24e0056c742a, getElementAttribute {"id":":wdc:1362481263562","name":"index"}]
Mar 05, 2013 1:01:04 PM org.openqa.selenium.remote.RemoteWebDriver log
INFO: Executed: [f0fb82a6f972dd0a920a24e0056c742a, getElementAttribute {"id":":wdc:1362481263562","name":"index"}]
Mar 05, 2013 1:01:04 PM org.openqa.selenium.remote.RemoteWebDriver log
INFO: Executing: getElementAttribute [f0fb82a6f972dd0a920a24e0056c742a, getElementAttribute {"id":":wdc:1362481263563","name":"index"}]
Mar 05, 2013 1:01:04 PM org.openqa.selenium.remote.RemoteWebDriver log
INFO: Executed: [f0fb82a6f972dd0a920a24e0056c742a, getElementAttribute {"id":":wdc:1362481263563","name":"index"}]
Mar 05, 2013 1:01:04 PM org.openqa.selenium.remote.RemoteWebDriver log
INFO: Executing: get [f0fb82a6f972dd0a920a24e0056c742a, get {"url":"http://lwo1-dhp-f35258.synapse.com:6432/common/formPage.html"}]
Mar 05, 2013 1:01:04 PM org.openqa.selenium.remote.RemoteWebDriver log
INFO: Executed: [f0fb82a6f972dd0a920a24e0056c742a, get {"url":"http://lwo1-dhp-f35258.synapse.com:6432/common/formPage.html"}]
Mar 05, 2013 1:01:04 PM org.openqa.selenium.remote.RemoteWebDriver log
INFO: Executing: findElement [f0fb82a6f972dd0a920a24e0056c742a, findElement {"using":"name","value":"select_empty_multiple"}]
Mar 05, 2013 1:01:04 PM org.openqa.selenium.remote.RemoteWebDriver log
INFO: Executed: [f0fb82a6f972dd0a920a24e0056c742a, findElement {"using":"name","value":"select_empty_multiple"}]
Mar 05, 2013 1:01:04 PM org.openqa.selenium.remote.RemoteWebDriver log
INFO: Executing: getElementTagName [f0fb82a6f972dd0a920a24e0056c742a, getElementTagName {"id":":wdc:1362481264205"}]
Mar 05, 2013 1:01:04 PM org.openqa.selenium.remote.RemoteWebDriver log
INFO: Executed: [f0fb82a6f972dd0a920a24e0056c742a, getElementTagName {"id":":wdc:1362481264205"}]
Mar 05, 2013 1:01:04 PM org.openqa.selenium.remote.RemoteWebDriver log
INFO: Executing: getElementAttribute [f0fb82a6f972dd0a920a24e0056c742a, getElementAttribute {"id":":wdc:1362481264205","name":"multiple"}]
Mar 05, 2013 1:01:04 PM org.openqa.selenium.remote.RemoteWebDriver log
INFO: Executed: [f0fb82a6f972dd0a920a24e0056c742a, getElementAttribute {"id":":wdc:1362481264205","name":"multiple"}]
Mar 05, 2013 1:01:04 PM org.openqa.selenium.remote.RemoteWebDriver log
INFO: Executing: findChildElements [f0fb82a6f972dd0a920a24e0056c742a, findChildElements {"id":":wdc:1362481264205","using":"xpath","value":".//option[@value = \"select_2\"]"}]
Mar 05, 2013 1:01:04 PM org.openqa.selenium.remote.RemoteWebDriver log
INFO: Executed: [f0fb82a6f972dd0a920a24e0056c742a, findChildElements {"id":":wdc:1362481264205","using":"xpath","value":".//option[@value = \"select_2\"]"}]
Mar 05, 2013 1:01:04 PM org.openqa.selenium.remote.RemoteWebDriver log
INFO: Executing: isElementSelected [f0fb82a6f972dd0a920a24e0056c742a, isElementSelected {"id":":wdc:1362481264206"}]
Mar 05, 2013 1:01:04 PM org.openqa.selenium.remote.RemoteWebDriver log
INFO: Executed: [f0fb82a6f972dd0a920a24e0056c742a, isElementSelected {"id":":wdc:1362481264206"}]
Mar 05, 2013 1:01:04 PM org.openqa.selenium.remote.RemoteWebDriver log
INFO: Executing: clickElement [f0fb82a6f972dd0a920a24e0056c742a, clickElement {"id":":wdc:1362481264206"}]
Mar 05, 2013 1:01:04 PM org.openqa.selenium.remote.RemoteWebDriver log
INFO: Executed: [f0fb82a6f972dd0a920a24e0056c742a, clickElement {"id":":wdc:1362481264206"}]
Mar 05, 2013 1:01:04 PM org.openqa.selenium.remote.RemoteWebDriver log
INFO: Executing: findChildElements [f0fb82a6f972dd0a920a24e0056c742a, findChildElements {"id":":wdc:1362481264205","using":"tag name","value":"option"}]
Mar 05, 2013 1:01:04 PM org.openqa.selenium.remote.RemoteWebDriver log
INFO: Executed: [f0fb82a6f972dd0a920a24e0056c742a, findChildElements {"id":":wdc:1362481264205","using":"tag name","value":"option"}]
Mar 05, 2013 1:01:04 PM org.openqa.selenium.remote.RemoteWebDriver log
INFO: Executing: isElementSelected [f0fb82a6f972dd0a920a24e0056c742a, isElementSelected {"id":":wdc:1362481264207"}]
Mar 05, 2013 1:01:04 PM org.openqa.selenium.remote.RemoteWebDriver log
INFO: Executed: [f0fb82a6f972dd0a920a24e0056c742a, isElementSelected {"id":":wdc:1362481264207"}]
Mar 05, 2013 1:01:04 PM org.openqa.selenium.remote.RemoteWebDriver log
INFO: Executing: isElementSelected [f0fb82a6f972dd0a920a24e0056c742a, isElementSelected {"id":":wdc:1362481264206"}]
Mar 05, 2013 1:01:05 PM org.openqa.selenium.remote.RemoteWebDriver log
INFO: Executed: [f0fb82a6f972dd0a920a24e0056c742a, isElementSelected {"id":":wdc:1362481264206"}]
Mar 05, 2013 1:01:05 PM org.openqa.selenium.remote.RemoteWebDriver log
INFO: Executing: getElementText [f0fb82a6f972dd0a920a24e0056c742a, getElementText {"id":":wdc:1362481264206"}]
Mar 05, 2013 1:01:05 PM org.openqa.selenium.remote.RemoteWebDriver log
INFO: Executed: [f0fb82a6f972dd0a920a24e0056c742a, getElementText {"id":":wdc:1362481264206"}]
Mar 05, 2013 1:01:05 PM org.openqa.selenium.remote.RemoteWebDriver log
INFO: Executing: get [f0fb82a6f972dd0a920a24e0056c742a, get {"url":"http://lwo1-dhp-f35258.synapse.com:6432/common/formPage.html"}]
Mar 05, 2013 1:01:05 PM org.openqa.selenium.remote.RemoteWebDriver log
INFO: Executed: [f0fb82a6f972dd0a920a24e0056c742a, get {"url":"http://lwo1-dhp-f35258.synapse.com:6432/common/formPage.html"}]
Mar 05, 2013 1:01:05 PM org.openqa.selenium.remote.RemoteWebDriver log
INFO: Executing: findElement [f0fb82a6f972dd0a920a24e0056c742a, findElement {"using":"name","value":"select_empty_multiple"}]
Mar 05, 2013 1:01:05 PM org.openqa.selenium.remote.RemoteWebDriver log
INFO: Executed: [f0fb82a6f972dd0a920a24e0056c742a, findElement {"using":"name","value":"select_empty_multiple"}]
Mar 05, 2013 1:01:05 PM org.openqa.selenium.remote.RemoteWebDriver log
INFO: Executing: getElementTagName [f0fb82a6f972dd0a920a24e0056c742a, getElementTagName {"id":":wdc:1362481265156"}]
Mar 05, 2013 1:01:05 PM org.openqa.selenium.remote.RemoteWebDriver log
INFO: Executed: [f0fb82a6f972dd0a920a24e0056c742a, getElementTagName {"id":":wdc:1362481265156"}]
Mar 05, 2013 1:01:05 PM org.openqa.selenium.remote.RemoteWebDriver log
INFO: Executing: getElementAttribute [f0fb82a6f972dd0a920a24e0056c742a, getElementAttribute {"id":":wdc:1362481265156","name":"multiple"}]
Mar 05, 2013 1:01:05 PM org.openqa.selenium.remote.RemoteWebDriver log
INFO: Executed: [f0fb82a6f972dd0a920a24e0056c742a, getElementAttribute {"id":":wdc:1362481265156","name":"multiple"}]
Mar 05, 2013 1:01:05 PM org.openqa.selenium.remote.RemoteWebDriver log
INFO: Executing: findChildElements [f0fb82a6f972dd0a920a24e0056c742a, findChildElements {"id":":wdc:1362481265156","using":"xpath","value":".//option[@value = \"not there\"]"}]
Mar 05, 2013 1:01:05 PM org.openqa.selenium.remote.RemoteWebDriver log
INFO: Executed: [f0fb82a6f972dd0a920a24e0056c742a, findChildElements {"id":":wdc:1362481265156","using":"xpath","value":".//option[@value = \"not there\"]"}]
Mar 05, 2013 1:01:05 PM org.openqa.selenium.remote.RemoteWebDriver log
INFO: Executing: get [f0fb82a6f972dd0a920a24e0056c742a, get {"url":"http://lwo1-dhp-f35258.synapse.com:6432/common/formPage.html"}]
Mar 05, 2013 1:01:05 PM org.openqa.selenium.remote.RemoteWebDriver log
INFO: Executed: [f0fb82a6f972dd0a920a24e0056c742a, get {"url":"http://lwo1-dhp-f35258.synapse.com:6432/common/formPage.html"}]
Mar 05, 2013 1:01:05 PM org.openqa.selenium.remote.RemoteWebDriver log
INFO: Executing: findElement [f0fb82a6f972dd0a920a24e0056c742a, findElement {"using":"name","value":"multi"}]
Mar 05, 2013 1:01:05 PM org.openqa.selenium.remote.RemoteWebDriver log
INFO: Executed: [f0fb82a6f972dd0a920a24e0056c742a, findElement {"using":"name","value":"multi"}]
Mar 05, 2013 1:01:05 PM org.openqa.selenium.remote.RemoteWebDriver log
INFO: Executing: getElementTagName [f0fb82a6f972dd0a920a24e0056c742a, getElementTagName {"id":":wdc:1362481265402"}]
Mar 05, 2013 1:01:05 PM org.openqa.selenium.remote.RemoteWebDriver log
INFO: Executed: [f0fb82a6f972dd0a920a24e0056c742a, getElementTagName {"id":":wdc:1362481265402"}]
Mar 05, 2013 1:01:05 PM org.openqa.selenium.remote.RemoteWebDriver log
INFO: Executing: getElementAttribute [f0fb82a6f972dd0a920a24e0056c742a, getElementAttribute {"id":":wdc:1362481265402","name":"multiple"}]
Mar 05, 2013 1:01:05 PM org.openqa.selenium.remote.RemoteWebDriver log
INFO: Executed: [f0fb82a6f972dd0a920a24e0056c742a, getElementAttribute {"id":":wdc:1362481265402","name":"multiple"}]
Mar 05, 2013 1:01:05 PM org.openqa.selenium.remote.RemoteWebDriver log
INFO: Executing: findChildElements [f0fb82a6f972dd0a920a24e0056c742a, findChildElements {"id":":wdc:1362481265402","using":"tag name","value":"option"}]
Mar 05, 2013 1:01:05 PM org.openqa.selenium.remote.RemoteWebDriver log
INFO: Executed: [f0fb82a6f972dd0a920a24e0056c742a, findChildElements {"id":":wdc:1362481265402","using":"tag name","value":"option"}]
Mar 05, 2013 1:01:05 PM org.openqa.selenium.remote.RemoteWebDriver log
INFO: Executing: isElementSelected [f0fb82a6f972dd0a920a24e0056c742a, isElementSelected {"id":":wdc:1362481265403"}]
Mar 05, 2013 1:01:05 PM org.openqa.selenium.remote.RemoteWebDriver log
INFO: Executed: [f0fb82a6f972dd0a920a24e0056c742a, isElementSelected {"id":":wdc:1362481265403"}]
Mar 05, 2013 1:01:05 PM org.openqa.selenium.remote.RemoteWebDriver log
INFO: Executing: clickElement [f0fb82a6f972dd0a920a24e0056c742a, clickElement {"id":":wdc:1362481265403"}]
Mar 05, 2013 1:01:05 PM org.openqa.selenium.remote.RemoteWebDriver log
INFO: Executed: [f0fb82a6f972dd0a920a24e0056c742a, clickElement {"id":":wdc:1362481265403"}]
Mar 05, 2013 1:01:05 PM org.openqa.selenium.remote.RemoteWebDriver log
INFO: Executing: isElementSelected [f0fb82a6f972dd0a920a24e0056c742a, isElementSelected {"id":":wdc:1362481265404"}]
Mar 05, 2013 1:01:06 PM org.openqa.selenium.remote.RemoteWebDriver log
INFO: Executed: [f0fb82a6f972dd0a920a24e0056c742a, isElementSelected {"id":":wdc:1362481265404"}]
Mar 05, 2013 1:01:06 PM org.openqa.selenium.remote.RemoteWebDriver log
INFO: Executing: isElementSelected [f0fb82a6f972dd0a920a24e0056c742a, isElementSelected {"id":":wdc:1362481265405"}]
Mar 05, 2013 1:01:06 PM org.openqa.selenium.remote.RemoteWebDriver log
INFO: Executed: [f0fb82a6f972dd0a920a24e0056c742a, isElementSelected {"id":":wdc:1362481265405"}]
Mar 05, 2013 1:01:06 PM org.openqa.selenium.remote.RemoteWebDriver log
INFO: Executing: clickElement [f0fb82a6f972dd0a920a24e0056c742a, clickElement {"id":":wdc:1362481265405"}]
Mar 05, 2013 1:01:06 PM org.openqa.selenium.remote.RemoteWebDriver log
INFO: Executed: [f0fb82a6f972dd0a920a24e0056c742a, clickElement {"id":":wdc:1362481265405"}]
Mar 05, 2013 1:01:06 PM org.openqa.selenium.remote.RemoteWebDriver log
INFO: Executing: isElementSelected [f0fb82a6f972dd0a920a24e0056c742a, isElementSelected {"id":":wdc:1362481265406"}]
Mar 05, 2013 1:01:06 PM org.openqa.selenium.remote.RemoteWebDriver log
INFO: Executed: [f0fb82a6f972dd0a920a24e0056c742a, isElementSelected {"id":":wdc:1362481265406"}]
Mar 05, 2013 1:01:06 PM org.openqa.selenium.remote.RemoteWebDriver log
INFO: Executing: findChildElements [f0fb82a6f972dd0a920a24e0056c742a, findChildElements {"id":":wdc:1362481265402","using":"tag name","value":"option"}]
Mar 05, 2013 1:01:06 PM org.openqa.selenium.remote.RemoteWebDriver log
INFO: Executed: [f0fb82a6f972dd0a920a24e0056c742a, findChildElements {"id":":wdc:1362481265402","using":"tag name","value":"option"}]
Mar 05, 2013 1:01:06 PM org.openqa.selenium.remote.RemoteWebDriver log
INFO: Executing: isElementSelected [f0fb82a6f972dd0a920a24e0056c742a, isElementSelected {"id":":wdc:1362481265403"}]
Mar 05, 2013 1:01:06 PM org.openqa.selenium.remote.RemoteWebDriver log
INFO: Executed: [f0fb82a6f972dd0a920a24e0056c742a, isElementSelected {"id":":wdc:1362481265403"}]
Mar 05, 2013 1:01:06 PM org.openqa.selenium.remote.RemoteWebDriver log
INFO: Executing: isElementSelected [f0fb82a6f972dd0a920a24e0056c742a, isElementSelected {"id":":wdc:1362481265404"}]
Mar 05, 2013 1:01:06 PM org.openqa.selenium.remote.RemoteWebDriver log
INFO: Executed: [f0fb82a6f972dd0a920a24e0056c742a, isElementSelected {"id":":wdc:1362481265404"}]
Mar 05, 2013 1:01:06 PM org.openqa.selenium.remote.RemoteWebDriver log
INFO: Executing: isElementSelected [f0fb82a6f972dd0a920a24e0056c742a, isElementSelected {"id":":wdc:1362481265405"}]
Mar 05, 2013 1:01:06 PM org.openqa.selenium.remote.RemoteWebDriver log
INFO: Executed: [f0fb82a6f972dd0a920a24e0056c742a, isElementSelected {"id":":wdc:1362481265405"}]
Mar 05, 2013 1:01:06 PM org.openqa.selenium.remote.RemoteWebDriver log
INFO: Executing: isElementSelected [f0fb82a6f972dd0a920a24e0056c742a, isElementSelected {"id":":wdc:1362481265406"}]
Mar 05, 2013 1:01:06 PM org.openqa.selenium.remote.RemoteWebDriver log
INFO: Executed: [f0fb82a6f972dd0a920a24e0056c742a, isElementSelected {"id":":wdc:1362481265406"}]
Mar 05, 2013 1:01:06 PM org.openqa.selenium.remote.RemoteWebDriver log
INFO: Executing: get [f0fb82a6f972dd0a920a24e0056c742a, get {"url":"http://lwo1-dhp-f35258.synapse.com:6432/common/formPage.html"}]
Mar 05, 2013 1:01:06 PM org.openqa.selenium.remote.RemoteWebDriver log
INFO: Executed: [f0fb82a6f972dd0a920a24e0056c742a, get {"url":"http://lwo1-dhp-f35258.synapse.com:6432/common/formPage.html"}]
Mar 05, 2013 1:01:06 PM org.openqa.selenium.remote.RemoteWebDriver log
INFO: Executing: findElement [f0fb82a6f972dd0a920a24e0056c742a, findElement {"using":"name","value":"selectomatic"}]
Mar 05, 2013 1:01:07 PM org.openqa.selenium.remote.RemoteWebDriver log
INFO: Executed: [f0fb82a6f972dd0a920a24e0056c742a, findElement {"using":"name","value":"selectomatic"}]
Mar 05, 2013 1:01:07 PM org.openqa.selenium.remote.RemoteWebDriver log
INFO: Executing: getElementTagName [f0fb82a6f972dd0a920a24e0056c742a, getElementTagName {"id":":wdc:1362481267005"}]
Mar 05, 2013 1:01:07 PM org.openqa.selenium.remote.RemoteWebDriver log
INFO: Executed: [f0fb82a6f972dd0a920a24e0056c742a, getElementTagName {"id":":wdc:1362481267005"}]
Mar 05, 2013 1:01:07 PM org.openqa.selenium.remote.RemoteWebDriver log
INFO: Executing: getElementAttribute [f0fb82a6f972dd0a920a24e0056c742a, getElementAttribute {"id":":wdc:1362481267005","name":"multiple"}]
Mar 05, 2013 1:01:07 PM org.openqa.selenium.remote.RemoteWebDriver log
INFO: Executed: [f0fb82a6f972dd0a920a24e0056c742a, getElementAttribute {"id":":wdc:1362481267005","name":"multiple"}]
Mar 05, 2013 1:01:07 PM org.openqa.selenium.remote.RemoteWebDriver log
INFO: Executing: get [f0fb82a6f972dd0a920a24e0056c742a, get {"url":"http://lwo1-dhp-f35258.synapse.com:6432/common/formPage.html"}]
Mar 05, 2013 1:01:07 PM org.openqa.selenium.remote.RemoteWebDriver log
INFO: Executed: [f0fb82a6f972dd0a920a24e0056c742a, get {"url":"http://lwo1-dhp-f35258.synapse.com:6432/common/formPage.html"}]
Mar 05, 2013 1:01:07 PM org.openqa.selenium.remote.RemoteWebDriver log
INFO: Executing: findElement [f0fb82a6f972dd0a920a24e0056c742a, findElement {"using":"name","value":"multi"}]
Mar 05, 2013 1:01:07 PM org.openqa.selenium.remote.RemoteWebDriver log
INFO: Executed: [f0fb82a6f972dd0a920a24e0056c742a, findElement {"using":"name","value":"multi"}]
Mar 05, 2013 1:01:07 PM org.openqa.selenium.remote.RemoteWebDriver log
INFO: Executing: getElementTagName [f0fb82a6f972dd0a920a24e0056c742a, getElementTagName {"id":":wdc:1362481267189"}]
Mar 05, 2013 1:01:07 PM org.openqa.selenium.remote.RemoteWebDriver log
INFO: Executed: [f0fb82a6f972dd0a920a24e0056c742a, getElementTagName {"id":":wdc:1362481267189"}]
Mar 05, 2013 1:01:07 PM org.openqa.selenium.remote.RemoteWebDriver log
INFO: Executing: getElementAttribute [f0fb82a6f972dd0a920a24e0056c742a, getElementAttribute {"id":":wdc:1362481267189","name":"multiple"}]
Mar 05, 2013 1:01:07 PM org.openqa.selenium.remote.RemoteWebDriver log
INFO: Executed: [f0fb82a6f972dd0a920a24e0056c742a, getElementAttribute {"id":":wdc:1362481267189","name":"multiple"}]
Mar 05, 2013 1:01:07 PM org.openqa.selenium.remote.RemoteWebDriver log
INFO: Executing: findChildElements [f0fb82a6f972dd0a920a24e0056c742a, findChildElements {"id":":wdc:1362481267189","using":"xpath","value":".//option[normalize-space(.) = \"Eggs\"]"}]
Mar 05, 2013 1:01:07 PM org.openqa.selenium.remote.RemoteWebDriver log
INFO: Executed: [f0fb82a6f972dd0a920a24e0056c742a, findChildElements {"id":":wdc:1362481267189","using":"xpath","value":".//option[normalize-space(.) = \"Eggs\"]"}]
Mar 05, 2013 1:01:07 PM org.openqa.selenium.remote.RemoteWebDriver log
INFO: Executing: isElementSelected [f0fb82a6f972dd0a920a24e0056c742a, isElementSelected {"id":":wdc:1362481267190"}]
Mar 05, 2013 1:01:07 PM org.openqa.selenium.remote.RemoteWebDriver log
INFO: Executed: [f0fb82a6f972dd0a920a24e0056c742a, isElementSelected {"id":":wdc:1362481267190"}]
Mar 05, 2013 1:01:07 PM org.openqa.selenium.remote.RemoteWebDriver log
INFO: Executing: clickElement [f0fb82a6f972dd0a920a24e0056c742a, clickElement {"id":":wdc:1362481267190"}]
Mar 05, 2013 1:01:07 PM org.openqa.selenium.remote.RemoteWebDriver log
INFO: Executed: [f0fb82a6f972dd0a920a24e0056c742a, clickElement {"id":":wdc:1362481267190"}]
Mar 05, 2013 1:01:07 PM org.openqa.selenium.remote.RemoteWebDriver log
INFO: Executing: findChildElements [f0fb82a6f972dd0a920a24e0056c742a, findChildElements {"id":":wdc:1362481267189","using":"tag name","value":"option"}]
Mar 05, 2013 1:01:07 PM org.openqa.selenium.remote.RemoteWebDriver log
INFO: Executed: [f0fb82a6f972dd0a920a24e0056c742a, findChildElements {"id":":wdc:1362481267189","using":"tag name","value":"option"}]
Mar 05, 2013 1:01:07 PM org.openqa.selenium.remote.RemoteWebDriver log
INFO: Executing: isElementSelected [f0fb82a6f972dd0a920a24e0056c742a, isElementSelected {"id":":wdc:1362481267190"}]
Mar 05, 2013 1:01:07 PM org.openqa.selenium.remote.RemoteWebDriver log
INFO: Executed: [f0fb82a6f972dd0a920a24e0056c742a, isElementSelected {"id":":wdc:1362481267190"}]
Mar 05, 2013 1:01:07 PM org.openqa.selenium.remote.RemoteWebDriver log
INFO: Executing: isElementSelected [f0fb82a6f972dd0a920a24e0056c742a, isElementSelected {"id":":wdc:1362481267191"}]
Mar 05, 2013 1:01:07 PM org.openqa.selenium.remote.RemoteWebDriver log
INFO: Executed: [f0fb82a6f972dd0a920a24e0056c742a, isElementSelected {"id":":wdc:1362481267191"}]
Mar 05, 2013 1:01:07 PM org.openqa.selenium.remote.RemoteWebDriver log
INFO: Executing: isElementSelected [f0fb82a6f972dd0a920a24e0056c742a, isElementSelected {"id":":wdc:1362481267192"}]
Mar 05, 2013 1:01:08 PM org.openqa.selenium.remote.RemoteWebDriver log
INFO: Executed: [f0fb82a6f972dd0a920a24e0056c742a, isElementSelected {"id":":wdc:1362481267192"}]
Mar 05, 2013 1:01:08 PM org.openqa.selenium.remote.RemoteWebDriver log
INFO: Executing: isElementSelected [f0fb82a6f972dd0a920a24e0056c742a, isElementSelected {"id":":wdc:1362481267193"}]
Mar 05, 2013 1:01:08 PM org.openqa.selenium.remote.RemoteWebDriver log
INFO: Executed: [f0fb82a6f972dd0a920a24e0056c742a, isElementSelected {"id":":wdc:1362481267193"}]
Mar 05, 2013 1:01:08 PM org.openqa.selenium.remote.RemoteWebDriver log
INFO: Executing: get [f0fb82a6f972dd0a920a24e0056c742a, get {"url":"http://lwo1-dhp-f35258.synapse.com:6432/common/formPage.html"}]
Mar 05, 2013 1:01:08 PM org.openqa.selenium.remote.RemoteWebDriver log
INFO: Executed: [f0fb82a6f972dd0a920a24e0056c742a, get {"url":"http://lwo1-dhp-f35258.synapse.com:6432/common/formPage.html"}]
Mar 05, 2013 1:01:08 PM org.openqa.selenium.remote.RemoteWebDriver log
INFO: Executing: findElement [f0fb82a6f972dd0a920a24e0056c742a, findElement {"using":"name","value":"invisi_select"}]
Mar 05, 2013 1:01:08 PM org.openqa.selenium.remote.RemoteWebDriver log
INFO: Executed: [f0fb82a6f972dd0a920a24e0056c742a, findElement {"using":"name","value":"invisi_select"}]
Mar 05, 2013 1:01:08 PM org.openqa.selenium.remote.RemoteWebDriver log
INFO: Executing: get [f0fb82a6f972dd0a920a24e0056c742a, get {"url":"http://lwo1-dhp-f35258.synapse.com:6432/common/formPage.html"}]
Mar 05, 2013 1:01:08 PM org.openqa.selenium.remote.RemoteWebDriver log
INFO: Executed: [f0fb82a6f972dd0a920a24e0056c742a, get {"url":"http://lwo1-dhp-f35258.synapse.com:6432/common/formPage.html"}]
Mar 05, 2013 1:01:08 PM org.openqa.selenium.remote.RemoteWebDriver log
INFO: Executing: findElement [f0fb82a6f972dd0a920a24e0056c742a, findElement {"using":"name","value":"multi"}]
Mar 05, 2013 1:01:08 PM org.openqa.selenium.remote.RemoteWebDriver log
INFO: Executed: [f0fb82a6f972dd0a920a24e0056c742a, findElement {"using":"name","value":"multi"}]
Mar 05, 2013 1:01:08 PM org.openqa.selenium.remote.RemoteWebDriver log
INFO: Executing: getElementTagName [f0fb82a6f972dd0a920a24e0056c742a, getElementTagName {"id":":wdc:1362481268289"}]
Mar 05, 2013 1:01:08 PM org.openqa.selenium.remote.RemoteWebDriver log
INFO: Executed: [f0fb82a6f972dd0a920a24e0056c742a, getElementTagName {"id":":wdc:1362481268289"}]
Mar 05, 2013 1:01:08 PM org.openqa.selenium.remote.RemoteWebDriver log
INFO: Executing: getElementAttribute [f0fb82a6f972dd0a920a24e0056c742a, getElementAttribute {"id":":wdc:1362481268289","name":"multiple"}]
Mar 05, 2013 1:01:08 PM org.openqa.selenium.remote.RemoteWebDriver log
INFO: Executed: [f0fb82a6f972dd0a920a24e0056c742a, getElementAttribute {"id":":wdc:1362481268289","name":"multiple"}]
Mar 05, 2013 1:01:08 PM org.openqa.selenium.remote.RemoteWebDriver log
INFO: Executing: findChildElements [f0fb82a6f972dd0a920a24e0056c742a, findChildElements {"id":":wdc:1362481268289","using":"tag name","value":"option"}]
Mar 05, 2013 1:01:08 PM org.openqa.selenium.remote.RemoteWebDriver log
INFO: Executed: [f0fb82a6f972dd0a920a24e0056c742a, findChildElements {"id":":wdc:1362481268289","using":"tag name","value":"option"}]
Mar 05, 2013 1:01:08 PM org.openqa.selenium.remote.RemoteWebDriver log
INFO: Executing: getElementAttribute [f0fb82a6f972dd0a920a24e0056c742a, getElementAttribute {"id":":wdc:1362481268290","name":"index"}]
Mar 05, 2013 1:01:08 PM org.openqa.selenium.remote.RemoteWebDriver log
INFO: Executed: [f0fb82a6f972dd0a920a24e0056c742a, getElementAttribute {"id":":wdc:1362481268290","name":"index"}]
Mar 05, 2013 1:01:08 PM org.openqa.selenium.remote.RemoteWebDriver log
INFO: Executing: isElementSelected [f0fb82a6f972dd0a920a24e0056c742a, isElementSelected {"id":":wdc:1362481268290"}]
Mar 05, 2013 1:01:08 PM org.openqa.selenium.remote.RemoteWebDriver log
INFO: Executed: [f0fb82a6f972dd0a920a24e0056c742a, isElementSelected {"id":":wdc:1362481268290"}]
Mar 05, 2013 1:01:08 PM org.openqa.selenium.remote.RemoteWebDriver log
INFO: Executing: clickElement [f0fb82a6f972dd0a920a24e0056c742a, clickElement {"id":":wdc:1362481268290"}]
Mar 05, 2013 1:01:08 PM org.openqa.selenium.remote.RemoteWebDriver log
INFO: Executed: [f0fb82a6f972dd0a920a24e0056c742a, clickElement {"id":":wdc:1362481268290"}]
Mar 05, 2013 1:01:08 PM org.openqa.selenium.remote.RemoteWebDriver log
INFO: Executing: getElementAttribute [f0fb82a6f972dd0a920a24e0056c742a, getElementAttribute {"id":":wdc:1362481268291","name":"index"}]
Mar 05, 2013 1:01:09 PM org.openqa.selenium.remote.RemoteWebDriver log
INFO: Executed: [f0fb82a6f972dd0a920a24e0056c742a, getElementAttribute {"id":":wdc:1362481268291","name":"index"}]
Mar 05, 2013 1:01:09 PM org.openqa.selenium.remote.RemoteWebDriver log
INFO: Executing: getElementAttribute [f0fb82a6f972dd0a920a24e0056c742a, getElementAttribute {"id":":wdc:1362481268292","name":"index"}]
Mar 05, 2013 1:01:09 PM org.openqa.selenium.remote.RemoteWebDriver log
INFO: Executed: [f0fb82a6f972dd0a920a24e0056c742a, getElementAttribute {"id":":wdc:1362481268292","name":"index"}]
Mar 05, 2013 1:01:09 PM org.openqa.selenium.remote.RemoteWebDriver log
INFO: Executing: getElementAttribute [f0fb82a6f972dd0a920a24e0056c742a, getElementAttribute {"id":":wdc:1362481268293","name":"index"}]
Mar 05, 2013 1:01:09 PM org.openqa.selenium.remote.RemoteWebDriver log
INFO: Executed: [f0fb82a6f972dd0a920a24e0056c742a, getElementAttribute {"id":":wdc:1362481268293","name":"index"}]
Mar 05, 2013 1:01:09 PM org.openqa.selenium.remote.RemoteWebDriver log
INFO: Executing: findChildElements [f0fb82a6f972dd0a920a24e0056c742a, findChildElements {"id":":wdc:1362481268289","using":"tag name","value":"option"}]
Mar 05, 2013 1:01:09 PM org.openqa.selenium.remote.RemoteWebDriver log
INFO: Executed: [f0fb82a6f972dd0a920a24e0056c742a, findChildElements {"id":":wdc:1362481268289","using":"tag name","value":"option"}]
Mar 05, 2013 1:01:09 PM org.openqa.selenium.remote.RemoteWebDriver log
INFO: Executing: isElementSelected [f0fb82a6f972dd0a920a24e0056c742a, isElementSelected {"id":":wdc:1362481268290"}]
Mar 05, 2013 1:01:09 PM org.openqa.selenium.remote.RemoteWebDriver log
INFO: Executed: [f0fb82a6f972dd0a920a24e0056c742a, isElementSelected {"id":":wdc:1362481268290"}]
Mar 05, 2013 1:01:09 PM org.openqa.selenium.remote.RemoteWebDriver log
INFO: Executing: isElementSelected [f0fb82a6f972dd0a920a24e0056c742a, isElementSelected {"id":":wdc:1362481268291"}]
Mar 05, 2013 1:01:09 PM org.openqa.selenium.remote.RemoteWebDriver log
INFO: Executed: [f0fb82a6f972dd0a920a24e0056c742a, isElementSelected {"id":":wdc:1362481268291"}]
Mar 05, 2013 1:01:09 PM org.openqa.selenium.remote.RemoteWebDriver log
INFO: Executing: isElementSelected [f0fb82a6f972dd0a920a24e0056c742a, isElementSelected {"id":":wdc:1362481268292"}]
Mar 05, 2013 1:01:09 PM org.openqa.selenium.remote.RemoteWebDriver log
INFO: Executed: [f0fb82a6f972dd0a920a24e0056c742a, isElementSelected {"id":":wdc:1362481268292"}]
Mar 05, 2013 1:01:09 PM org.openqa.selenium.remote.RemoteWebDriver log
INFO: Executing: isElementSelected [f0fb82a6f972dd0a920a24e0056c742a, isElementSelected {"id":":wdc:1362481268293"}]
Mar 05, 2013 1:01:09 PM org.openqa.selenium.remote.RemoteWebDriver log
INFO: Executed: [f0fb82a6f972dd0a920a24e0056c742a, isElementSelected {"id":":wdc:1362481268293"}]
Mar 05, 2013 1:01:09 PM org.openqa.selenium.remote.RemoteWebDriver log
INFO: Executing: get [f0fb82a6f972dd0a920a24e0056c742a, get {"url":"http://lwo1-dhp-f35258.synapse.com:6432/common/formPage.html"}]
Mar 05, 2013 1:01:09 PM org.openqa.selenium.remote.RemoteWebDriver log
INFO: Executed: [f0fb82a6f972dd0a920a24e0056c742a, get {"url":"http://lwo1-dhp-f35258.synapse.com:6432/common/formPage.html"}]
Mar 05, 2013 1:01:09 PM org.openqa.selenium.remote.RemoteWebDriver log
INFO: Executing: findElement [f0fb82a6f972dd0a920a24e0056c742a, findElement {"using":"name","value":"multi"}]
Mar 05, 2013 1:01:09 PM org.openqa.selenium.remote.RemoteWebDriver log
INFO: Executed: [f0fb82a6f972dd0a920a24e0056c742a, findElement {"using":"name","value":"multi"}]
Mar 05, 2013 1:01:09 PM org.openqa.selenium.remote.RemoteWebDriver log
INFO: Executing: getElementTagName [f0fb82a6f972dd0a920a24e0056c742a, getElementTagName {"id":":wdc:1362481269792"}]
Mar 05, 2013 1:01:09 PM org.openqa.selenium.remote.RemoteWebDriver log
INFO: Executed: [f0fb82a6f972dd0a920a24e0056c742a, getElementTagName {"id":":wdc:1362481269792"}]
Mar 05, 2013 1:01:09 PM org.openqa.selenium.remote.RemoteWebDriver log
INFO: Executing: getElementAttribute [f0fb82a6f972dd0a920a24e0056c742a, getElementAttribute {"id":":wdc:1362481269792","name":"multiple"}]
Mar 05, 2013 1:01:09 PM org.openqa.selenium.remote.RemoteWebDriver log
INFO: Executed: [f0fb82a6f972dd0a920a24e0056c742a, getElementAttribute {"id":":wdc:1362481269792","name":"multiple"}]
Mar 05, 2013 1:01:09 PM org.openqa.selenium.remote.RemoteWebDriver log
INFO: Executing: findChildElements [f0fb82a6f972dd0a920a24e0056c742a, findChildElements {"id":":wdc:1362481269792","using":"xpath","value":".//option[@value = \"eggs\"]"}]
Mar 05, 2013 1:01:09 PM org.openqa.selenium.remote.RemoteWebDriver log
INFO: Executed: [f0fb82a6f972dd0a920a24e0056c742a, findChildElements {"id":":wdc:1362481269792","using":"xpath","value":".//option[@value = \"eggs\"]"}]
Mar 05, 2013 1:01:09 PM org.openqa.selenium.remote.RemoteWebDriver log
INFO: Executing: isElementSelected [f0fb82a6f972dd0a920a24e0056c742a, isElementSelected {"id":":wdc:1362481269793"}]
Mar 05, 2013 1:01:10 PM org.openqa.selenium.remote.RemoteWebDriver log
INFO: Executed: [f0fb82a6f972dd0a920a24e0056c742a, isElementSelected {"id":":wdc:1362481269793"}]
Mar 05, 2013 1:01:10 PM org.openqa.selenium.remote.RemoteWebDriver log
INFO: Executing: clickElement [f0fb82a6f972dd0a920a24e0056c742a, clickElement {"id":":wdc:1362481269793"}]
Mar 05, 2013 1:01:10 PM org.openqa.selenium.remote.RemoteWebDriver log
INFO: Executed: [f0fb82a6f972dd0a920a24e0056c742a, clickElement {"id":":wdc:1362481269793"}]
Mar 05, 2013 1:01:10 PM org.openqa.selenium.remote.RemoteWebDriver log
INFO: Executing: findChildElements [f0fb82a6f972dd0a920a24e0056c742a, findChildElements {"id":":wdc:1362481269792","using":"tag name","value":"option"}]
Mar 05, 2013 1:01:10 PM org.openqa.selenium.remote.RemoteWebDriver log
INFO: Executed: [f0fb82a6f972dd0a920a24e0056c742a, findChildElements {"id":":wdc:1362481269792","using":"tag name","value":"option"}]
Mar 05, 2013 1:01:10 PM org.openqa.selenium.remote.RemoteWebDriver log
INFO: Executing: isElementSelected [f0fb82a6f972dd0a920a24e0056c742a, isElementSelected {"id":":wdc:1362481269793"}]
Mar 05, 2013 1:01:10 PM org.openqa.selenium.remote.RemoteWebDriver log
INFO: Executed: [f0fb82a6f972dd0a920a24e0056c742a, isElementSelected {"id":":wdc:1362481269793"}]
Mar 05, 2013 1:01:10 PM org.openqa.selenium.remote.RemoteWebDriver log
INFO: Executing: isElementSelected [f0fb82a6f972dd0a920a24e0056c742a, isElementSelected {"id":":wdc:1362481269794"}]
Mar 05, 2013 1:01:10 PM org.openqa.selenium.remote.RemoteWebDriver log
INFO: Executed: [f0fb82a6f972dd0a920a24e0056c742a, isElementSelected {"id":":wdc:1362481269794"}]
Mar 05, 2013 1:01:10 PM org.openqa.selenium.remote.RemoteWebDriver log
INFO: Executing: isElementSelected [f0fb82a6f972dd0a920a24e0056c742a, isElementSelected {"id":":wdc:1362481269795"}]
Mar 05, 2013 1:01:10 PM org.openqa.selenium.remote.RemoteWebDriver log
INFO: Executed: [f0fb82a6f972dd0a920a24e0056c742a, isElementSelected {"id":":wdc:1362481269795"}]
Mar 05, 2013 1:01:10 PM org.openqa.selenium.remote.RemoteWebDriver log
INFO: Executing: isElementSelected [f0fb82a6f972dd0a920a24e0056c742a, isElementSelected {"id":":wdc:1362481269796"}]
Mar 05, 2013 1:01:10 PM org.openqa.selenium.remote.RemoteWebDriver log
INFO: Executed: [f0fb82a6f972dd0a920a24e0056c742a, isElementSelected {"id":":wdc:1362481269796"}]
Mar 05, 2013 1:01:10 PM org.openqa.selenium.remote.RemoteWebDriver log
INFO: Executing: get [f0fb82a6f972dd0a920a24e0056c742a, get {"url":"http://lwo1-dhp-f35258.synapse.com:6432/common/formPage.html"}]
Mar 05, 2013 1:01:10 PM org.openqa.selenium.remote.RemoteWebDriver log
INFO: Executed: [f0fb82a6f972dd0a920a24e0056c742a, get {"url":"http://lwo1-dhp-f35258.synapse.com:6432/common/formPage.html"}]
Mar 05, 2013 1:01:10 PM org.openqa.selenium.remote.RemoteWebDriver log
INFO: Executing: findElement [f0fb82a6f972dd0a920a24e0056c742a, findElement {"using":"name","value":"multi"}]
Mar 05, 2013 1:01:10 PM org.openqa.selenium.remote.RemoteWebDriver log
INFO: Executed: [f0fb82a6f972dd0a920a24e0056c742a, findElement {"using":"name","value":"multi"}]
Mar 05, 2013 1:01:10 PM org.openqa.selenium.remote.RemoteWebDriver log
INFO: Executing: getElementTagName [f0fb82a6f972dd0a920a24e0056c742a, getElementTagName {"id":":wdc:1362481270842"}]
Mar 05, 2013 1:01:10 PM org.openqa.selenium.remote.RemoteWebDriver log
INFO: Executed: [f0fb82a6f972dd0a920a24e0056c742a, getElementTagName {"id":":wdc:1362481270842"}]
Mar 05, 2013 1:01:10 PM org.openqa.selenium.remote.RemoteWebDriver log
INFO: Executing: getElementAttribute [f0fb82a6f972dd0a920a24e0056c742a, getElementAttribute {"id":":wdc:1362481270842","name":"multiple"}]
Mar 05, 2013 1:01:10 PM org.openqa.selenium.remote.RemoteWebDriver log
INFO: Executed: [f0fb82a6f972dd0a920a24e0056c742a, getElementAttribute {"id":":wdc:1362481270842","name":"multiple"}]
Mar 05, 2013 1:01:10 PM org.openqa.selenium.remote.RemoteWebDriver log
INFO: Executing: get [f0fb82a6f972dd0a920a24e0056c742a, get {"url":"http://lwo1-dhp-f35258.synapse.com:6432/common/formPage.html"}]
Mar 05, 2013 1:01:10 PM org.openqa.selenium.remote.RemoteWebDriver log
INFO: Executed: [f0fb82a6f972dd0a920a24e0056c742a, get {"url":"http://lwo1-dhp-f35258.synapse.com:6432/common/formPage.html"}]
Mar 05, 2013 1:01:10 PM org.openqa.selenium.remote.RemoteWebDriver log
INFO: Executing: findElement [f0fb82a6f972dd0a920a24e0056c742a, findElement {"using":"name","value":"multi"}]
Mar 05, 2013 1:01:11 PM org.openqa.selenium.remote.RemoteWebDriver log
INFO: Executed: [f0fb82a6f972dd0a920a24e0056c742a, findElement {"using":"name","value":"multi"}]
Mar 05, 2013 1:01:11 PM org.openqa.selenium.remote.RemoteWebDriver log
INFO: Executing: getElementTagName [f0fb82a6f972dd0a920a24e0056c742a, getElementTagName {"id":":wdc:1362481271021"}]
Mar 05, 2013 1:01:11 PM org.openqa.selenium.remote.RemoteWebDriver log
INFO: Executed: [f0fb82a6f972dd0a920a24e0056c742a, getElementTagName {"id":":wdc:1362481271021"}]
Mar 05, 2013 1:01:11 PM org.openqa.selenium.remote.RemoteWebDriver log
INFO: Executing: getElementAttribute [f0fb82a6f972dd0a920a24e0056c742a, getElementAttribute {"id":":wdc:1362481271021","name":"multiple"}]
Mar 05, 2013 1:01:11 PM org.openqa.selenium.remote.RemoteWebDriver log
INFO: Executed: [f0fb82a6f972dd0a920a24e0056c742a, getElementAttribute {"id":":wdc:1362481271021","name":"multiple"}]
Mar 05, 2013 1:01:11 PM org.openqa.selenium.remote.RemoteWebDriver log
INFO: Executing: get [f0fb82a6f972dd0a920a24e0056c742a, get {"url":"http://lwo1-dhp-f35258.synapse.com:6432/common/formPage.html"}]
Mar 05, 2013 1:01:11 PM org.openqa.selenium.remote.RemoteWebDriver log
INFO: Executed: [f0fb82a6f972dd0a920a24e0056c742a, get {"url":"http://lwo1-dhp-f35258.synapse.com:6432/common/formPage.html"}]
Mar 05, 2013 1:01:11 PM org.openqa.selenium.remote.RemoteWebDriver log
INFO: Executing: findElement [f0fb82a6f972dd0a920a24e0056c742a, findElement {"using":"name","value":"multi"}]
Mar 05, 2013 1:01:11 PM org.openqa.selenium.remote.RemoteWebDriver log
INFO: Executed: [f0fb82a6f972dd0a920a24e0056c742a, findElement {"using":"name","value":"multi"}]
Mar 05, 2013 1:01:11 PM org.openqa.selenium.remote.RemoteWebDriver log
INFO: Executing: getElementTagName [f0fb82a6f972dd0a920a24e0056c742a, getElementTagName {"id":":wdc:1362481271179"}]
Mar 05, 2013 1:01:11 PM org.openqa.selenium.remote.RemoteWebDriver log
INFO: Executed: [f0fb82a6f972dd0a920a24e0056c742a, getElementTagName {"id":":wdc:1362481271179"}]
Mar 05, 2013 1:01:11 PM org.openqa.selenium.remote.RemoteWebDriver log
INFO: Executing: getElementAttribute [f0fb82a6f972dd0a920a24e0056c742a, getElementAttribute {"id":":wdc:1362481271179","name":"multiple"}]
Mar 05, 2013 1:01:11 PM org.openqa.selenium.remote.RemoteWebDriver log
INFO: Executed: [f0fb82a6f972dd0a920a24e0056c742a, getElementAttribute {"id":":wdc:1362481271179","name":"multiple"}]
Mar 05, 2013 1:01:11 PM org.openqa.selenium.remote.RemoteWebDriver log
INFO: Executing: get [f0fb82a6f972dd0a920a24e0056c742a, get {"url":"http://lwo1-dhp-f35258.synapse.com:6432/common/formPage.html"}]
Mar 05, 2013 1:01:11 PM org.openqa.selenium.remote.RemoteWebDriver log
INFO: Executed: [f0fb82a6f972dd0a920a24e0056c742a, get {"url":"http://lwo1-dhp-f35258.synapse.com:6432/common/formPage.html"}]
Mar 05, 2013 1:01:11 PM org.openqa.selenium.remote.RemoteWebDriver log
INFO: Executing: findElement [f0fb82a6f972dd0a920a24e0056c742a, findElement {"using":"name","value":"multi"}]
Mar 05, 2013 1:01:11 PM org.openqa.selenium.remote.RemoteWebDriver log
INFO: Executed: [f0fb82a6f972dd0a920a24e0056c742a, findElement {"using":"name","value":"multi"}]
Mar 05, 2013 1:01:11 PM org.openqa.selenium.remote.RemoteWebDriver log
INFO: Executing: getElementTagName [f0fb82a6f972dd0a920a24e0056c742a, getElementTagName {"id":":wdc:1362481271358"}]
Mar 05, 2013 1:01:11 PM org.openqa.selenium.remote.RemoteWebDriver log
INFO: Executed: [f0fb82a6f972dd0a920a24e0056c742a, getElementTagName {"id":":wdc:1362481271358"}]
Mar 05, 2013 1:01:11 PM org.openqa.selenium.remote.RemoteWebDriver log
INFO: Executing: getElementAttribute [f0fb82a6f972dd0a920a24e0056c742a, getElementAttribute {"id":":wdc:1362481271358","name":"multiple"}]
Mar 05, 2013 1:01:11 PM org.openqa.selenium.remote.RemoteWebDriver log
INFO: Executed: [f0fb82a6f972dd0a920a24e0056c742a, getElementAttribute {"id":":wdc:1362481271358","name":"multiple"}]
Mar 05, 2013 1:01:11 PM org.openqa.selenium.remote.RemoteWebDriver log
INFO: Executing: get [f0fb82a6f972dd0a920a24e0056c742a, get {"url":"http://lwo1-dhp-f35258.synapse.com:6432/common/formPage.html"}]
Mar 05, 2013 1:01:11 PM org.openqa.selenium.remote.RemoteWebDriver log
INFO: Executed: [f0fb82a6f972dd0a920a24e0056c742a, get {"url":"http://lwo1-dhp-f35258.synapse.com:6432/common/formPage.html"}]
Mar 05, 2013 1:01:11 PM org.openqa.selenium.remote.RemoteWebDriver log
INFO: Executing: findElement [f0fb82a6f972dd0a920a24e0056c742a, findElement {"using":"name","value":"multi"}]
Mar 05, 2013 1:01:11 PM org.openqa.selenium.remote.RemoteWebDriver log
INFO: Executed: [f0fb82a6f972dd0a920a24e0056c742a, findElement {"using":"name","value":"multi"}]
Mar 05, 2013 1:01:11 PM org.openqa.selenium.remote.RemoteWebDriver log
INFO: Executing: getElementTagName [f0fb82a6f972dd0a920a24e0056c742a, getElementTagName {"id":":wdc:1362481271542"}]
Mar 05, 2013 1:01:11 PM org.openqa.selenium.remote.RemoteWebDriver log
INFO: Executed: [f0fb82a6f972dd0a920a24e0056c742a, getElementTagName {"id":":wdc:1362481271542"}]
Mar 05, 2013 1:01:11 PM org.openqa.selenium.remote.RemoteWebDriver log
INFO: Executing: getElementAttribute [f0fb82a6f972dd0a920a24e0056c742a, getElementAttribute {"id":":wdc:1362481271542","name":"multiple"}]
Mar 05, 2013 1:01:11 PM org.openqa.selenium.remote.RemoteWebDriver log
INFO: Executed: [f0fb82a6f972dd0a920a24e0056c742a, getElementAttribute {"id":":wdc:1362481271542","name":"multiple"}]
Mar 05, 2013 1:01:11 PM org.openqa.selenium.remote.RemoteWebDriver log
INFO: Executing: get [f0fb82a6f972dd0a920a24e0056c742a, get {"url":"http://lwo1-dhp-f35258.synapse.com:6432/common/formPage.html"}]
Mar 05, 2013 1:01:11 PM org.openqa.selenium.remote.RemoteWebDriver log
INFO: Executed: [f0fb82a6f972dd0a920a24e0056c742a, get {"url":"http://lwo1-dhp-f35258.synapse.com:6432/common/formPage.html"}]
Mar 05, 2013 1:01:11 PM org.openqa.selenium.remote.RemoteWebDriver log
INFO: Executing: findElement [f0fb82a6f972dd0a920a24e0056c742a, findElement {"using":"xpath","value":"//select[@name='selectomatic']"}]
Mar 05, 2013 1:01:11 PM org.openqa.selenium.remote.RemoteWebDriver log
INFO: Executed: [f0fb82a6f972dd0a920a24e0056c742a, findElement {"using":"xpath","value":"//select[@name='selectomatic']"}]
Mar 05, 2013 1:01:11 PM org.openqa.selenium.remote.RemoteWebDriver log
INFO: Executing: findChildElements [f0fb82a6f972dd0a920a24e0056c742a, findChildElements {"id":":wdc:1362481271700","using":"tag name","value":"option"}]
Mar 05, 2013 1:01:11 PM org.openqa.selenium.remote.RemoteWebDriver log
INFO: Executed: [f0fb82a6f972dd0a920a24e0056c742a, findChildElements {"id":":wdc:1362481271700","using":"tag name","value":"option"}]
Mar 05, 2013 1:01:11 PM org.openqa.selenium.remote.RemoteWebDriver log
INFO: Executing: isElementSelected [f0fb82a6f972dd0a920a24e0056c742a, isElementSelected {"id":":wdc:1362481271701"}]
Mar 05, 2013 1:01:11 PM org.openqa.selenium.remote.RemoteWebDriver log
INFO: Executed: [f0fb82a6f972dd0a920a24e0056c742a, isElementSelected {"id":":wdc:1362481271701"}]
Mar 05, 2013 1:01:11 PM org.openqa.selenium.remote.RemoteWebDriver log
INFO: Executing: isElementSelected [f0fb82a6f972dd0a920a24e0056c742a, isElementSelected {"id":":wdc:1362481271702"}]
Mar 05, 2013 1:01:11 PM org.openqa.selenium.remote.RemoteWebDriver log
INFO: Executed: [f0fb82a6f972dd0a920a24e0056c742a, isElementSelected {"id":":wdc:1362481271702"}]
Mar 05, 2013 1:01:11 PM org.openqa.selenium.remote.RemoteWebDriver log
INFO: Executing: clickElement [f0fb82a6f972dd0a920a24e0056c742a, clickElement {"id":":wdc:1362481271702"}]
Mar 05, 2013 1:01:12 PM org.openqa.selenium.remote.RemoteWebDriver log
INFO: Executed: [f0fb82a6f972dd0a920a24e0056c742a, clickElement {"id":":wdc:1362481271702"}]
Mar 05, 2013 1:01:12 PM org.openqa.selenium.remote.RemoteWebDriver log
INFO: Executing: isElementSelected [f0fb82a6f972dd0a920a24e0056c742a, isElementSelected {"id":":wdc:1362481271701"}]
Mar 05, 2013 1:01:12 PM org.openqa.selenium.remote.RemoteWebDriver log
INFO: Executed: [f0fb82a6f972dd0a920a24e0056c742a, isElementSelected {"id":":wdc:1362481271701"}]
Mar 05, 2013 1:01:12 PM org.openqa.selenium.remote.RemoteWebDriver log
INFO: Executing: isElementSelected [f0fb82a6f972dd0a920a24e0056c742a, isElementSelected {"id":":wdc:1362481271702"}]
Mar 05, 2013 1:01:12 PM org.openqa.selenium.remote.RemoteWebDriver log
INFO: Executed: [f0fb82a6f972dd0a920a24e0056c742a, isElementSelected {"id":":wdc:1362481271702"}]
Mar 05, 2013 1:01:12 PM org.openqa.selenium.remote.RemoteWebDriver log
INFO: Executing: get [f0fb82a6f972dd0a920a24e0056c742a, get {"url":"http://lwo1-dhp-f35258.synapse.com:6432/common/formPage.html"}]
Mar 05, 2013 1:01:12 PM org.openqa.selenium.remote.RemoteWebDriver log
INFO: Executed: [f0fb82a6f972dd0a920a24e0056c742a, get {"url":"http://lwo1-dhp-f35258.synapse.com:6432/common/formPage.html"}]
Mar 05, 2013 1:01:12 PM org.openqa.selenium.remote.RemoteWebDriver log
INFO: Executing: findElement [f0fb82a6f972dd0a920a24e0056c742a, findElement {"using":"id","value":"multi"}]
Mar 05, 2013 1:01:12 PM org.openqa.selenium.remote.RemoteWebDriver log
INFO: Executed: [f0fb82a6f972dd0a920a24e0056c742a, findElement {"using":"id","value":"multi"}]
Mar 05, 2013 1:01:12 PM org.openqa.selenium.remote.RemoteWebDriver log
INFO: Executing: findChildElements [f0fb82a6f972dd0a920a24e0056c742a, findChildElements {"id":":wdc:1362481272373","using":"tag name","value":"option"}]
Mar 05, 2013 1:01:12 PM org.openqa.selenium.remote.RemoteWebDriver log
INFO: Executed: [f0fb82a6f972dd0a920a24e0056c742a, findChildElements {"id":":wdc:1362481272373","using":"tag name","value":"option"}]
Mar 05, 2013 1:01:12 PM org.openqa.selenium.remote.RemoteWebDriver log
INFO: Executing: isElementSelected [f0fb82a6f972dd0a920a24e0056c742a, isElementSelected {"id":":wdc:1362481272374"}]
Mar 05, 2013 1:01:12 PM org.openqa.selenium.remote.RemoteWebDriver log
INFO: Executed: [f0fb82a6f972dd0a920a24e0056c742a, isElementSelected {"id":":wdc:1362481272374"}]
Mar 05, 2013 1:01:12 PM org.openqa.selenium.remote.RemoteWebDriver log
INFO: Executing: isElementSelected [f0fb82a6f972dd0a920a24e0056c742a, isElementSelected {"id":":wdc:1362481272375"}]
Mar 05, 2013 1:01:12 PM org.openqa.selenium.remote.RemoteWebDriver log
INFO: Executed: [f0fb82a6f972dd0a920a24e0056c742a, isElementSelected {"id":":wdc:1362481272375"}]
Mar 05, 2013 1:01:12 PM org.openqa.selenium.remote.RemoteWebDriver log
INFO: Executing: clickElement [f0fb82a6f972dd0a920a24e0056c742a, clickElement {"id":":wdc:1362481272375"}]
Mar 05, 2013 1:01:12 PM org.openqa.selenium.remote.RemoteWebDriver log
INFO: Executed: [f0fb82a6f972dd0a920a24e0056c742a, clickElement {"id":":wdc:1362481272375"}]
Mar 05, 2013 1:01:12 PM org.openqa.selenium.remote.RemoteWebDriver log
INFO: Executing: isElementSelected [f0fb82a6f972dd0a920a24e0056c742a, isElementSelected {"id":":wdc:1362481272376"}]
Mar 05, 2013 1:01:12 PM org.openqa.selenium.remote.RemoteWebDriver log
INFO: Executed: [f0fb82a6f972dd0a920a24e0056c742a, isElementSelected {"id":":wdc:1362481272376"}]
Mar 05, 2013 1:01:12 PM org.openqa.selenium.remote.RemoteWebDriver log
INFO: Executing: isElementSelected [f0fb82a6f972dd0a920a24e0056c742a, isElementSelected {"id":":wdc:1362481272377"}]
Mar 05, 2013 1:01:13 PM org.openqa.selenium.remote.RemoteWebDriver log
INFO: Executed: [f0fb82a6f972dd0a920a24e0056c742a, isElementSelected {"id":":wdc:1362481272377"}]
Mar 05, 2013 1:01:13 PM org.openqa.selenium.remote.RemoteWebDriver log
INFO: Executing: clickElement [f0fb82a6f972dd0a920a24e0056c742a, clickElement {"id":":wdc:1362481272377"}]
Mar 05, 2013 1:01:13 PM org.openqa.selenium.remote.RemoteWebDriver log
INFO: Executed: [f0fb82a6f972dd0a920a24e0056c742a, clickElement {"id":":wdc:1362481272377"}]
Mar 05, 2013 1:01:13 PM org.openqa.selenium.remote.RemoteWebDriver log
INFO: Executing: isElementSelected [f0fb82a6f972dd0a920a24e0056c742a, isElementSelected {"id":":wdc:1362481272374"}]
Mar 05, 2013 1:01:13 PM org.openqa.selenium.remote.RemoteWebDriver log
INFO: Executed: [f0fb82a6f972dd0a920a24e0056c742a, isElementSelected {"id":":wdc:1362481272374"}]
Mar 05, 2013 1:01:13 PM org.openqa.selenium.remote.RemoteWebDriver log
INFO: Executing: isElementSelected [f0fb82a6f972dd0a920a24e0056c742a, isElementSelected {"id":":wdc:1362481272375"}]
Mar 05, 2013 1:01:13 PM org.openqa.selenium.remote.RemoteWebDriver log
INFO: Executed: [f0fb82a6f972dd0a920a24e0056c742a, isElementSelected {"id":":wdc:1362481272375"}]
Mar 05, 2013 1:01:13 PM org.openqa.selenium.remote.RemoteWebDriver log
INFO: Executing: isElementSelected [f0fb82a6f972dd0a920a24e0056c742a, isElementSelected {"id":":wdc:1362481272376"}]
Mar 05, 2013 1:01:13 PM org.openqa.selenium.remote.RemoteWebDriver log
INFO: Executed: [f0fb82a6f972dd0a920a24e0056c742a, isElementSelected {"id":":wdc:1362481272376"}]
Mar 05, 2013 1:01:13 PM org.openqa.selenium.remote.RemoteWebDriver log
INFO: Executing: isElementSelected [f0fb82a6f972dd0a920a24e0056c742a, isElementSelected {"id":":wdc:1362481272377"}]
Mar 05, 2013 1:01:13 PM org.openqa.selenium.remote.RemoteWebDriver log
INFO: Executed: [f0fb82a6f972dd0a920a24e0056c742a, isElementSelected {"id":":wdc:1362481272377"}]
Mar 05, 2013 1:01:13 PM org.openqa.selenium.remote.RemoteWebDriver log
INFO: Executing: get [f0fb82a6f972dd0a920a24e0056c742a, get {"url":"http://lwo1-dhp-f35258.synapse.com:6432/common/formPage.html"}]
Mar 05, 2013 1:01:13 PM org.openqa.selenium.remote.RemoteWebDriver log
INFO: Executed: [f0fb82a6f972dd0a920a24e0056c742a, get {"url":"http://lwo1-dhp-f35258.synapse.com:6432/common/formPage.html"}]
Mar 05, 2013 1:01:13 PM org.openqa.selenium.remote.RemoteWebDriver log
INFO: Executing: findElement [f0fb82a6f972dd0a920a24e0056c742a, findElement {"using":"xpath","value":"//select[@name='select-default']"}]
Mar 05, 2013 1:01:13 PM org.openqa.selenium.remote.RemoteWebDriver log
INFO: Executed: [f0fb82a6f972dd0a920a24e0056c742a, findElement {"using":"xpath","value":"//select[@name='select-default']"}]
Mar 05, 2013 1:01:13 PM org.openqa.selenium.remote.RemoteWebDriver log
INFO: Executing: findChildElements [f0fb82a6f972dd0a920a24e0056c742a, findChildElements {"id":":wdc:1362481273817","using":"tag name","value":"option"}]
Mar 05, 2013 1:01:13 PM org.openqa.selenium.remote.RemoteWebDriver log
INFO: Executed: [f0fb82a6f972dd0a920a24e0056c742a, findChildElements {"id":":wdc:1362481273817","using":"tag name","value":"option"}]
Mar 05, 2013 1:01:13 PM org.openqa.selenium.remote.RemoteWebDriver log
INFO: Executing: isElementSelected [f0fb82a6f972dd0a920a24e0056c742a, isElementSelected {"id":":wdc:1362481273818"}]
Mar 05, 2013 1:01:13 PM org.openqa.selenium.remote.RemoteWebDriver log
INFO: Executed: [f0fb82a6f972dd0a920a24e0056c742a, isElementSelected {"id":":wdc:1362481273818"}]
Mar 05, 2013 1:01:13 PM org.openqa.selenium.remote.RemoteWebDriver log
INFO: Executing: isElementSelected [f0fb82a6f972dd0a920a24e0056c742a, isElementSelected {"id":":wdc:1362481273819"}]
Mar 05, 2013 1:01:14 PM org.openqa.selenium.remote.RemoteWebDriver log
INFO: Executed: [f0fb82a6f972dd0a920a24e0056c742a, isElementSelected {"id":":wdc:1362481273819"}]
Mar 05, 2013 1:01:14 PM org.openqa.selenium.remote.RemoteWebDriver log
INFO: Executing: clickElement [f0fb82a6f972dd0a920a24e0056c742a, clickElement {"id":":wdc:1362481273819"}]
Mar 05, 2013 1:01:14 PM org.openqa.selenium.remote.RemoteWebDriver log
INFO: Executed: [f0fb82a6f972dd0a920a24e0056c742a, clickElement {"id":":wdc:1362481273819"}]
Mar 05, 2013 1:01:14 PM org.openqa.selenium.remote.RemoteWebDriver log
INFO: Executing: isElementSelected [f0fb82a6f972dd0a920a24e0056c742a, isElementSelected {"id":":wdc:1362481273818"}]
Mar 05, 2013 1:01:14 PM org.openqa.selenium.remote.RemoteWebDriver log
INFO: Executed: [f0fb82a6f972dd0a920a24e0056c742a, isElementSelected {"id":":wdc:1362481273818"}]
Mar 05, 2013 1:01:14 PM org.openqa.selenium.remote.RemoteWebDriver log
INFO: Executing: isElementSelected [f0fb82a6f972dd0a920a24e0056c742a, isElementSelected {"id":":wdc:1362481273819"}]
Mar 05, 2013 1:01:14 PM org.openqa.selenium.remote.RemoteWebDriver log
INFO: Executed: [f0fb82a6f972dd0a920a24e0056c742a, isElementSelected {"id":":wdc:1362481273819"}]
Mar 05, 2013 1:01:14 PM org.openqa.selenium.remote.RemoteWebDriver log
INFO: Executing: get [f0fb82a6f972dd0a920a24e0056c742a, get {"url":"http://lwo1-dhp-f35258.synapse.com:6432/common/formPage.html"}]
Mar 05, 2013 1:01:14 PM org.openqa.selenium.remote.RemoteWebDriver log
INFO: Executed: [f0fb82a6f972dd0a920a24e0056c742a, get {"url":"http://lwo1-dhp-f35258.synapse.com:6432/common/formPage.html"}]
Mar 05, 2013 1:01:14 PM org.openqa.selenium.remote.RemoteWebDriver log
INFO: Executing: findElement [f0fb82a6f972dd0a920a24e0056c742a, findElement {"using":"css selector","value":"select[name='select-default'] option"}]
Mar 05, 2013 1:01:14 PM org.openqa.selenium.remote.RemoteWebDriver log
INFO: Executed: [f0fb82a6f972dd0a920a24e0056c742a, findElement {"using":"css selector","value":"select[name='select-default'] option"}]
Mar 05, 2013 1:01:14 PM org.openqa.selenium.remote.RemoteWebDriver log
INFO: Executing: getElementAttribute [f0fb82a6f972dd0a920a24e0056c742a, getElementAttribute {"id":":wdc:1362481274492","name":"value"}]
Mar 05, 2013 1:01:14 PM org.openqa.selenium.remote.RemoteWebDriver log
INFO: Executed: [f0fb82a6f972dd0a920a24e0056c742a, getElementAttribute {"id":":wdc:1362481274492","name":"value"}]
Mar 05, 2013 1:01:14 PM org.openqa.selenium.remote.RemoteWebDriver log
INFO: Executing: findElement [f0fb82a6f972dd0a920a24e0056c742a, findElement {"using":"id","value":"blankOption"}]
Mar 05, 2013 1:01:14 PM org.openqa.selenium.remote.RemoteWebDriver log
INFO: Executed: [f0fb82a6f972dd0a920a24e0056c742a, findElement {"using":"id","value":"blankOption"}]
Mar 05, 2013 1:01:14 PM org.openqa.selenium.remote.RemoteWebDriver log
INFO: Executing: getElementAttribute [f0fb82a6f972dd0a920a24e0056c742a, getElementAttribute {"id":":wdc:1362481274493","name":"value"}]
Mar 05, 2013 1:01:14 PM org.openqa.selenium.remote.RemoteWebDriver log
INFO: Executed: [f0fb82a6f972dd0a920a24e0056c742a, getElementAttribute {"id":":wdc:1362481274493","name":"value"}]
Mar 05, 2013 1:01:14 PM org.openqa.selenium.remote.RemoteWebDriver log
INFO: Executing: get [f0fb82a6f972dd0a920a24e0056c742a, get {"url":"http://lwo1-dhp-f35258.synapse.com:6432/common/formPage.html"}]
Mar 05, 2013 1:01:14 PM org.openqa.selenium.remote.RemoteWebDriver log
INFO: Executed: [f0fb82a6f972dd0a920a24e0056c742a, get {"url":"http://lwo1-dhp-f35258.synapse.com:6432/common/formPage.html"}]
Mar 05, 2013 1:01:14 PM org.openqa.selenium.remote.RemoteWebDriver log
INFO: Executing: findElement [f0fb82a6f972dd0a920a24e0056c742a, findElement {"using":"id","value":"optionEmptyValueSet"}]
Mar 05, 2013 1:01:14 PM org.openqa.selenium.remote.RemoteWebDriver log
INFO: Executed: [f0fb82a6f972dd0a920a24e0056c742a, findElement {"using":"id","value":"optionEmptyValueSet"}]
Mar 05, 2013 1:01:14 PM org.openqa.selenium.remote.RemoteWebDriver log
INFO: Executing: getElementAttribute [f0fb82a6f972dd0a920a24e0056c742a, getElementAttribute {"id":":wdc:1362481274799","name":"value"}]
Mar 05, 2013 1:01:14 PM org.openqa.selenium.remote.RemoteWebDriver log
INFO: Executed: [f0fb82a6f972dd0a920a24e0056c742a, getElementAttribute {"id":":wdc:1362481274799","name":"value"}]
Mar 05, 2013 1:01:14 PM org.openqa.selenium.remote.RemoteWebDriver log
INFO: Executing: get [f0fb82a6f972dd0a920a24e0056c742a, get {"url":"http://lwo1-dhp-f35258.synapse.com:6432/common/sleep?time=3"}]
Mar 05, 2013 1:01:17 PM org.openqa.selenium.remote.RemoteWebDriver log
INFO: Executed: [f0fb82a6f972dd0a920a24e0056c742a, get {"url":"http://lwo1-dhp-f35258.synapse.com:6432/common/sleep?time=3"}]
Mar 05, 2013 1:01:17 PM org.openqa.selenium.remote.RemoteWebDriver log
INFO: Executing: get [f0fb82a6f972dd0a920a24e0056c742a, get {"url":"http://lwo1-dhp-f35258.synapse.com:6432/common/slow_loading_iframes.html"}]
Mar 05, 2013 1:01:20 PM org.openqa.selenium.remote.RemoteWebDriver log
INFO: Executed: [f0fb82a6f972dd0a920a24e0056c742a, get {"url":"http://lwo1-dhp-f35258.synapse.com:6432/common/slow_loading_iframes.html"}]
Mar 05, 2013 1:01:20 PM org.openqa.selenium.remote.RemoteWebDriver log
INFO: Executing: get [f0fb82a6f972dd0a920a24e0056c742a, get {"url":"http://lwo1-dhp-f35258.synapse.com:6432/common/sleep?time=3"}]
Mar 05, 2013 1:01:23 PM org.openqa.selenium.remote.RemoteWebDriver log
INFO: Executed: [f0fb82a6f972dd0a920a24e0056c742a, get {"url":"http://lwo1-dhp-f35258.synapse.com:6432/common/sleep?time=3"}]
Mar 05, 2013 1:01:23 PM org.openqa.selenium.remote.RemoteWebDriver log
INFO: Executing: refresh [f0fb82a6f972dd0a920a24e0056c742a, refresh {}]
Mar 05, 2013 1:01:23 PM org.openqa.selenium.remote.RemoteWebDriver log
INFO: Executed: [f0fb82a6f972dd0a920a24e0056c742a, refresh {}]
Mar 05, 2013 1:01:23 PM org.openqa.selenium.remote.RemoteWebDriver log
INFO: Executing: get [f0fb82a6f972dd0a920a24e0056c742a, get {"url":"http://lwo1-dhp-f35258.synapse.com:6432/common/simpleTest.html"}]
Mar 05, 2013 1:01:23 PM org.openqa.selenium.remote.RemoteWebDriver log
INFO: Executed: [f0fb82a6f972dd0a920a24e0056c742a, get {"url":"http://lwo1-dhp-f35258.synapse.com:6432/common/simpleTest.html"}]
Mar 05, 2013 1:01:23 PM org.openqa.selenium.remote.RemoteWebDriver log
INFO: Executing: findElement [f0fb82a6f972dd0a920a24e0056c742a, findElement {"using":"id","value":"links"}]
Mar 05, 2013 1:01:23 PM org.openqa.selenium.remote.RemoteWebDriver log
INFO: Executed: [f0fb82a6f972dd0a920a24e0056c742a, findElement {"using":"id","value":"links"}]
Mar 05, 2013 1:01:23 PM org.openqa.selenium.remote.RemoteWebDriver log
INFO: Executing: get [f0fb82a6f972dd0a920a24e0056c742a, get {"url":"http://lwo1-dhp-f35258.synapse.com:6432/common/xhtmlTest.html"}]
Mar 05, 2013 1:01:23 PM org.openqa.selenium.remote.RemoteWebDriver log
INFO: Executed: [f0fb82a6f972dd0a920a24e0056c742a, get {"url":"http://lwo1-dhp-f35258.synapse.com:6432/common/xhtmlTest.html"}]
Mar 05, 2013 1:01:23 PM org.openqa.selenium.remote.RemoteWebDriver log
INFO: Executing: findElement [f0fb82a6f972dd0a920a24e0056c742a, findElement {"using":"xpath","value":"//h1"}]
Mar 05, 2013 1:01:23 PM org.openqa.selenium.remote.RemoteWebDriver log
INFO: Executed: [f0fb82a6f972dd0a920a24e0056c742a, findElement {"using":"xpath","value":"//h1"}]
Mar 05, 2013 1:01:23 PM org.openqa.selenium.remote.RemoteWebDriver log
INFO: Executing: get [f0fb82a6f972dd0a920a24e0056c742a, get {"url":"http://lwo1-dhp-f35258.synapse.com:6432/common/simpleTest.html"}]
Mar 05, 2013 1:01:23 PM org.openqa.selenium.remote.RemoteWebDriver log
INFO: Executed: [f0fb82a6f972dd0a920a24e0056c742a, get {"url":"http://lwo1-dhp-f35258.synapse.com:6432/common/simpleTest.html"}]
Mar 05, 2013 1:01:23 PM org.openqa.selenium.remote.RemoteWebDriver log
INFO: Executing: findElement [f0fb82a6f972dd0a920a24e0056c742a, findElement {"using":"id","value":"links"}]
Mar 05, 2013 1:01:23 PM org.openqa.selenium.remote.RemoteWebDriver log
INFO: Executed: [f0fb82a6f972dd0a920a24e0056c742a, findElement {"using":"id","value":"links"}]
Mar 05, 2013 1:01:23 PM org.openqa.selenium.remote.RemoteWebDriver log
INFO: Executing: get [f0fb82a6f972dd0a920a24e0056c742a, get {"url":"http://lwo1-dhp-f35258.synapse.com:6432/common/svgPiechart.xhtml"}]
Mar 05, 2013 1:01:23 PM org.openqa.selenium.remote.RemoteWebDriver log
INFO: Executed: [f0fb82a6f972dd0a920a24e0056c742a, get {"url":"http://lwo1-dhp-f35258.synapse.com:6432/common/svgPiechart.xhtml"}]
Mar 05, 2013 1:01:23 PM org.openqa.selenium.remote.RemoteWebDriver log
INFO: Executing: findElement [f0fb82a6f972dd0a920a24e0056c742a, findElement {"using":"css selector","value":"svg"}]
Mar 05, 2013 1:01:24 PM org.openqa.selenium.remote.RemoteWebDriver log
INFO: Executed: [f0fb82a6f972dd0a920a24e0056c742a, findElement {"using":"css selector","value":"svg"}]
Mar 05, 2013 1:01:24 PM org.openqa.selenium.remote.RemoteWebDriver log
INFO: Executing: get [f0fb82a6f972dd0a920a24e0056c742a, get {"url":"http://lwo1-dhp-f35258.synapse.com:6432/common/svgPiechart.xhtml"}]
Mar 05, 2013 1:01:24 PM org.openqa.selenium.remote.RemoteWebDriver log
INFO: Executed: [f0fb82a6f972dd0a920a24e0056c742a, get {"url":"http://lwo1-dhp-f35258.synapse.com:6432/common/svgPiechart.xhtml"}]
Mar 05, 2013 1:01:24 PM org.openqa.selenium.remote.RemoteWebDriver log
INFO: Executing: findElement [f0fb82a6f972dd0a920a24e0056c742a, findElement {"using":"css selector","value":"svg"}]
Mar 05, 2013 1:01:24 PM org.openqa.selenium.remote.RemoteWebDriver log
INFO: Executed: [f0fb82a6f972dd0a920a24e0056c742a, findElement {"using":"css selector","value":"svg"}]
Mar 05, 2013 1:01:24 PM org.openqa.selenium.remote.RemoteWebDriver log
INFO: Executing: findChildElements [f0fb82a6f972dd0a920a24e0056c742a, findChildElements {"id":":wdc:1362481284104","using":"css selector","value":"text"}]
Mar 05, 2013 1:01:24 PM org.openqa.selenium.remote.RemoteWebDriver log
INFO: Executed: [f0fb82a6f972dd0a920a24e0056c742a, findChildElements {"id":":wdc:1362481284104","using":"css selector","value":"text"}]
Mar 05, 2013 1:01:24 PM org.openqa.selenium.remote.RemoteWebDriver log
INFO: Executing: executeScript [f0fb82a6f972dd0a920a24e0056c742a, executeScript {"script":"return navigator.userAgent;","args":[]}]
Mar 05, 2013 1:01:24 PM org.openqa.selenium.remote.RemoteWebDriver log
INFO: Executed: [f0fb82a6f972dd0a920a24e0056c742a, executeScript {"script":"return navigator.userAgent;","args":[]}]
Mar 05, 2013 1:01:24 PM org.openqa.selenium.remote.RemoteWebDriver log
INFO: Executing: getElementText [f0fb82a6f972dd0a920a24e0056c742a, getElementText {"id":":wdc:1362481284105"}]
Mar 05, 2013 1:01:24 PM org.openqa.selenium.remote.RemoteWebDriver log
INFO: Executed: [f0fb82a6f972dd0a920a24e0056c742a, getElementText {"id":":wdc:1362481284105"}]
Mar 05, 2013 1:01:24 PM org.openqa.selenium.remote.RemoteWebDriver log
INFO: Executing: getElementText [f0fb82a6f972dd0a920a24e0056c742a, getElementText {"id":":wdc:1362481284106"}]
Mar 05, 2013 1:01:24 PM org.openqa.selenium.remote.RemoteWebDriver log
INFO: Executed: [f0fb82a6f972dd0a920a24e0056c742a, getElementText {"id":":wdc:1362481284106"}]
Mar 05, 2013 1:01:24 PM org.openqa.selenium.remote.RemoteWebDriver log
INFO: Executing: clickElement [f0fb82a6f972dd0a920a24e0056c742a, clickElement {"id":":wdc:1362481284106"}]
Mar 05, 2013 1:01:24 PM org.openqa.selenium.remote.RemoteWebDriver log
INFO: Executed: [f0fb82a6f972dd0a920a24e0056c742a, clickElement {"id":":wdc:1362481284106"}]
Mar 05, 2013 1:01:24 PM org.openqa.selenium.remote.RemoteWebDriver log
INFO: Executing: findElement [f0fb82a6f972dd0a920a24e0056c742a, findElement {"using":"id","value":"result"}]
Mar 05, 2013 1:01:24 PM org.openqa.selenium.remote.RemoteWebDriver log
INFO: Executed: [f0fb82a6f972dd0a920a24e0056c742a, findElement {"using":"id","value":"result"}]
Mar 05, 2013 1:01:24 PM org.openqa.selenium.remote.RemoteWebDriver log
INFO: Executing: getElementText [f0fb82a6f972dd0a920a24e0056c742a, getElementText {"id":":wdc:1362481284110"}]
Mar 05, 2013 1:01:24 PM org.openqa.selenium.remote.RemoteWebDriver log
INFO: Executed: [f0fb82a6f972dd0a920a24e0056c742a, getElementText {"id":":wdc:1362481284110"}]
Mar 05, 2013 1:01:24 PM org.openqa.selenium.remote.RemoteWebDriver log
INFO: Executing: getElementText [f0fb82a6f972dd0a920a24e0056c742a, getElementText {"id":":wdc:1362481284110"}]
Mar 05, 2013 1:01:24 PM org.openqa.selenium.remote.RemoteWebDriver log
INFO: Executed: [f0fb82a6f972dd0a920a24e0056c742a, getElementText {"id":":wdc:1362481284110"}]
Mar 05, 2013 1:01:24 PM org.openqa.selenium.remote.RemoteWebDriver log
INFO: Executing: get [f0fb82a6f972dd0a920a24e0056c742a, get {"url":"http://lwo1-dhp-f35258.synapse.com:6432/common/formPage.html"}]
Mar 05, 2013 1:01:24 PM org.openqa.selenium.remote.RemoteWebDriver log
INFO: Executed: [f0fb82a6f972dd0a920a24e0056c742a, get {"url":"http://lwo1-dhp-f35258.synapse.com:6432/common/formPage.html"}]
Mar 05, 2013 1:01:24 PM org.openqa.selenium.remote.RemoteWebDriver log
INFO: Executing: findElement [f0fb82a6f972dd0a920a24e0056c742a, findElement {"using":"id","value":"cheese"}]
Mar 05, 2013 1:01:24 PM org.openqa.selenium.remote.RemoteWebDriver log
INFO: Executed: [f0fb82a6f972dd0a920a24e0056c742a, findElement {"using":"id","value":"cheese"}]
Mar 05, 2013 1:01:24 PM org.openqa.selenium.remote.RemoteWebDriver log
INFO: Executing: getElementTagName [f0fb82a6f972dd0a920a24e0056c742a, getElementTagName {"id":":wdc:1362481284810"}]
Mar 05, 2013 1:01:24 PM org.openqa.selenium.remote.RemoteWebDriver log
INFO: Executed: [f0fb82a6f972dd0a920a24e0056c742a, getElementTagName {"id":":wdc:1362481284810"}]
Mar 05, 2013 1:01:24 PM org.openqa.selenium.remote.RemoteWebDriver log
INFO: Executing: get [f0fb82a6f972dd0a920a24e0056c742a, get {"url":"http://lwo1-dhp-f35258.synapse.com:6432/common/simpleTest.html"}]
Mar 05, 2013 1:01:24 PM org.openqa.selenium.remote.RemoteWebDriver log
INFO: Executed: [f0fb82a6f972dd0a920a24e0056c742a, get {"url":"http://lwo1-dhp-f35258.synapse.com:6432/common/simpleTest.html"}]
Mar 05, 2013 1:01:24 PM org.openqa.selenium.remote.RemoteWebDriver log
INFO: Executing: findElement [f0fb82a6f972dd0a920a24e0056c742a, findElement {"using":"id","value":"oneline"}]
Mar 05, 2013 1:01:24 PM org.openqa.selenium.remote.RemoteWebDriver log
INFO: Executed: [f0fb82a6f972dd0a920a24e0056c742a, findElement {"using":"id","value":"oneline"}]
Mar 05, 2013 1:01:24 PM org.openqa.selenium.remote.RemoteWebDriver log
INFO: Executing: getElementText [f0fb82a6f972dd0a920a24e0056c742a, getElementText {"id":":wdc:1362481284871"}]
Mar 05, 2013 1:01:25 PM org.openqa.selenium.remote.RemoteWebDriver log
INFO: Executed: [f0fb82a6f972dd0a920a24e0056c742a, getElementText {"id":":wdc:1362481284871"}]
Mar 05, 2013 1:01:25 PM org.openqa.selenium.remote.RemoteWebDriver log
INFO: Executing: findElement [f0fb82a6f972dd0a920a24e0056c742a, findElement {"using":"id","value":"oneline"}]
Mar 05, 2013 1:01:25 PM org.openqa.selenium.remote.RemoteWebDriver log
INFO: Executed: [f0fb82a6f972dd0a920a24e0056c742a, findElement {"using":"id","value":"oneline"}]
Mar 05, 2013 1:01:25 PM org.openqa.selenium.remote.RemoteWebDriver log
INFO: Executing: getElementText [f0fb82a6f972dd0a920a24e0056c742a, getElementText {"id":":wdc:1362481284871"}]
Mar 05, 2013 1:01:25 PM org.openqa.selenium.remote.RemoteWebDriver log
INFO: Executed: [f0fb82a6f972dd0a920a24e0056c742a, getElementText {"id":":wdc:1362481284871"}]
Mar 05, 2013 1:01:25 PM org.openqa.selenium.remote.RemoteWebDriver log
INFO: Executing: get [f0fb82a6f972dd0a920a24e0056c742a, get {"url":"http://lwo1-dhp-f35258.synapse.com:6432/common/simpleTest.html"}]
Mar 05, 2013 1:01:25 PM org.openqa.selenium.remote.RemoteWebDriver log
INFO: Executed: [f0fb82a6f972dd0a920a24e0056c742a, get {"url":"http://lwo1-dhp-f35258.synapse.com:6432/common/simpleTest.html"}]
Mar 05, 2013 1:01:25 PM org.openqa.selenium.remote.RemoteWebDriver log
INFO: Executing: findElement [f0fb82a6f972dd0a920a24e0056c742a, findElement {"using":"id","value":"multiline"}]
Mar 05, 2013 1:01:25 PM org.openqa.selenium.remote.RemoteWebDriver log
INFO: Executed: [f0fb82a6f972dd0a920a24e0056c742a, findElement {"using":"id","value":"multiline"}]
Mar 05, 2013 1:01:25 PM org.openqa.selenium.remote.RemoteWebDriver log
INFO: Executing: getElementText [f0fb82a6f972dd0a920a24e0056c742a, getElementText {"id":":wdc:1362481285209"}]
Mar 05, 2013 1:01:25 PM org.openqa.selenium.remote.RemoteWebDriver log
INFO: Executed: [f0fb82a6f972dd0a920a24e0056c742a, getElementText {"id":":wdc:1362481285209"}]
Mar 05, 2013 1:01:25 PM org.openqa.selenium.remote.RemoteWebDriver log
INFO: Executing: get [f0fb82a6f972dd0a920a24e0056c742a, get {"url":"http://lwo1-dhp-f35258.synapse.com:6432/common/javascriptEnhancedForm.html"}]
Mar 05, 2013 1:01:25 PM org.openqa.selenium.remote.RemoteWebDriver log
INFO: Executed: [f0fb82a6f972dd0a920a24e0056c742a, get {"url":"http://lwo1-dhp-f35258.synapse.com:6432/common/javascriptEnhancedForm.html"}]
Mar 05, 2013 1:01:25 PM org.openqa.selenium.remote.RemoteWebDriver log
INFO: Executing: findElement [f0fb82a6f972dd0a920a24e0056c742a, findElement {"using":"id","value":"labelforusername"}]
Mar 05, 2013 1:01:25 PM org.openqa.selenium.remote.RemoteWebDriver log
INFO: Executed: [f0fb82a6f972dd0a920a24e0056c742a, findElement {"using":"id","value":"labelforusername"}]
Mar 05, 2013 1:01:25 PM org.openqa.selenium.remote.RemoteWebDriver log
INFO: Executing: getElementText [f0fb82a6f972dd0a920a24e0056c742a, getElementText {"id":":wdc:1362481285362"}]
Mar 05, 2013 1:01:25 PM org.openqa.selenium.remote.RemoteWebDriver log
INFO: Executed: [f0fb82a6f972dd0a920a24e0056c742a, getElementText {"id":":wdc:1362481285362"}]
Mar 05, 2013 1:01:25 PM org.openqa.selenium.remote.RemoteWebDriver log
INFO: Executing: findChildElements [f0fb82a6f972dd0a920a24e0056c742a, findChildElements {"id":":wdc:1362481285362","using":"tag name","value":"script"}]
Mar 05, 2013 1:01:25 PM org.openqa.selenium.remote.RemoteWebDriver log
INFO: Executed: [f0fb82a6f972dd0a920a24e0056c742a, findChildElements {"id":":wdc:1362481285362","using":"tag name","value":"script"}]
Mar 05, 2013 1:01:25 PM org.openqa.selenium.remote.RemoteWebDriver log
INFO: Executing: get [f0fb82a6f972dd0a920a24e0056c742a, get {"url":"http://lwo1-dhp-f35258.synapse.com:6432/common/simpleTest.html"}]
Mar 05, 2013 1:01:25 PM org.openqa.selenium.remote.RemoteWebDriver log
INFO: Executed: [f0fb82a6f972dd0a920a24e0056c742a, get {"url":"http://lwo1-dhp-f35258.synapse.com:6432/common/simpleTest.html"}]
Mar 05, 2013 1:01:25 PM org.openqa.selenium.remote.RemoteWebDriver log
INFO: Executing: findElement [f0fb82a6f972dd0a920a24e0056c742a, findElement {"using":"id","value":"multiline"}]
Mar 05, 2013 1:01:25 PM org.openqa.selenium.remote.RemoteWebDriver log
INFO: Executed: [f0fb82a6f972dd0a920a24e0056c742a, findElement {"using":"id","value":"multiline"}]
Mar 05, 2013 1:01:25 PM org.openqa.selenium.remote.RemoteWebDriver log
INFO: Executing: getElementText [f0fb82a6f972dd0a920a24e0056c742a, getElementText {"id":":wdc:1362481285578"}]
Mar 05, 2013 1:01:25 PM org.openqa.selenium.remote.RemoteWebDriver log
INFO: Executed: [f0fb82a6f972dd0a920a24e0056c742a, getElementText {"id":":wdc:1362481285578"}]
Mar 05, 2013 1:01:25 PM org.openqa.selenium.remote.RemoteWebDriver log
INFO: Executing: get [f0fb82a6f972dd0a920a24e0056c742a, get {"url":"http://lwo1-dhp-f35258.synapse.com:6432/common/simpleTest.html"}]
Mar 05, 2013 1:01:25 PM org.openqa.selenium.remote.RemoteWebDriver log
INFO: Executed: [f0fb82a6f972dd0a920a24e0056c742a, get {"url":"http://lwo1-dhp-f35258.synapse.com:6432/common/simpleTest.html"}]
Mar 05, 2013 1:01:25 PM org.openqa.selenium.remote.RemoteWebDriver log
INFO: Executing: findElement [f0fb82a6f972dd0a920a24e0056c742a, findElement {"using":"id","value":"multiline"}]
Mar 05, 2013 1:01:25 PM org.openqa.selenium.remote.RemoteWebDriver log
INFO: Executed: [f0fb82a6f972dd0a920a24e0056c742a, findElement {"using":"id","value":"multiline"}]
Mar 05, 2013 1:01:25 PM org.openqa.selenium.remote.RemoteWebDriver log
INFO: Executing: getElementText [f0fb82a6f972dd0a920a24e0056c742a, getElementText {"id":":wdc:1362481285737"}]
Mar 05, 2013 1:01:25 PM org.openqa.selenium.remote.RemoteWebDriver log
INFO: Executed: [f0fb82a6f972dd0a920a24e0056c742a, getElementText {"id":":wdc:1362481285737"}]
Mar 05, 2013 1:01:25 PM org.openqa.selenium.remote.RemoteWebDriver log
INFO: Executing: get [f0fb82a6f972dd0a920a24e0056c742a, get {"url":"http://lwo1-dhp-f35258.synapse.com:6432/common/simpleTest.html"}]
Mar 05, 2013 1:01:25 PM org.openqa.selenium.remote.RemoteWebDriver log
INFO: Executed: [f0fb82a6f972dd0a920a24e0056c742a, get {"url":"http://lwo1-dhp-f35258.synapse.com:6432/common/simpleTest.html"}]
Mar 05, 2013 1:01:25 PM org.openqa.selenium.remote.RemoteWebDriver log
INFO: Executing: findElement [f0fb82a6f972dd0a920a24e0056c742a, findElement {"using":"id","value":"lotsofspaces"}]
Mar 05, 2013 1:01:25 PM org.openqa.selenium.remote.RemoteWebDriver log
INFO: Executed: [f0fb82a6f972dd0a920a24e0056c742a, findElement {"using":"id","value":"lotsofspaces"}]
Mar 05, 2013 1:01:25 PM org.openqa.selenium.remote.RemoteWebDriver log
INFO: Executing: getElementText [f0fb82a6f972dd0a920a24e0056c742a, getElementText {"id":":wdc:1362481285916"}]
Mar 05, 2013 1:01:26 PM org.openqa.selenium.remote.RemoteWebDriver log
INFO: Executed: [f0fb82a6f972dd0a920a24e0056c742a, getElementText {"id":":wdc:1362481285916"}]
Mar 05, 2013 1:01:26 PM org.openqa.selenium.remote.RemoteWebDriver log
INFO: Executing: get [f0fb82a6f972dd0a920a24e0056c742a, get {"url":"http://lwo1-dhp-f35258.synapse.com:6432/common/simpleTest.html"}]
Mar 05, 2013 1:01:26 PM org.openqa.selenium.remote.RemoteWebDriver log
INFO: Executed: [f0fb82a6f972dd0a920a24e0056c742a, get {"url":"http://lwo1-dhp-f35258.synapse.com:6432/common/simpleTest.html"}]
Mar 05, 2013 1:01:26 PM org.openqa.selenium.remote.RemoteWebDriver log
INFO: Executing: findElement [f0fb82a6f972dd0a920a24e0056c742a, findElement {"using":"id","value":"nbsp"}]
Mar 05, 2013 1:01:26 PM org.openqa.selenium.remote.RemoteWebDriver log
INFO: Executed: [f0fb82a6f972dd0a920a24e0056c742a, findElement {"using":"id","value":"nbsp"}]
Mar 05, 2013 1:01:26 PM org.openqa.selenium.remote.RemoteWebDriver log
INFO: Executing: getElementText [f0fb82a6f972dd0a920a24e0056c742a, getElementText {"id":":wdc:1362481286070"}]
Mar 05, 2013 1:01:26 PM org.openqa.selenium.remote.RemoteWebDriver log
INFO: Executed: [f0fb82a6f972dd0a920a24e0056c742a, getElementText {"id":":wdc:1362481286070"}]
Mar 05, 2013 1:01:26 PM org.openqa.selenium.remote.RemoteWebDriver log
INFO: Executing: get [f0fb82a6f972dd0a920a24e0056c742a, get {"url":"http://lwo1-dhp-f35258.synapse.com:6432/common/simpleTest.html"}]
Mar 05, 2013 1:01:26 PM org.openqa.selenium.remote.RemoteWebDriver log
INFO: Executed: [f0fb82a6f972dd0a920a24e0056c742a, get {"url":"http://lwo1-dhp-f35258.synapse.com:6432/common/simpleTest.html"}]
Mar 05, 2013 1:01:26 PM org.openqa.selenium.remote.RemoteWebDriver log
INFO: Executing: findElement [f0fb82a6f972dd0a920a24e0056c742a, findElement {"using":"id","value":"inline"}]
Mar 05, 2013 1:01:26 PM org.openqa.selenium.remote.RemoteWebDriver log
INFO: Executed: [f0fb82a6f972dd0a920a24e0056c742a, findElement {"using":"id","value":"inline"}]
Mar 05, 2013 1:01:26 PM org.openqa.selenium.remote.RemoteWebDriver log
INFO: Executing: getElementText [f0fb82a6f972dd0a920a24e0056c742a, getElementText {"id":":wdc:1362481286231"}]
Mar 05, 2013 1:01:26 PM org.openqa.selenium.remote.RemoteWebDriver log
INFO: Executed: [f0fb82a6f972dd0a920a24e0056c742a, getElementText {"id":":wdc:1362481286231"}]
Mar 05, 2013 1:01:26 PM org.openqa.selenium.remote.RemoteWebDriver log
INFO: Executing: get [f0fb82a6f972dd0a920a24e0056c742a, get {"url":"http://lwo1-dhp-f35258.synapse.com:6432/common/simpleTest.html"}]
Mar 05, 2013 1:01:26 PM org.openqa.selenium.remote.RemoteWebDriver log
INFO: Executed: [f0fb82a6f972dd0a920a24e0056c742a, get {"url":"http://lwo1-dhp-f35258.synapse.com:6432/common/simpleTest.html"}]
Mar 05, 2013 1:01:26 PM org.openqa.selenium.remote.RemoteWebDriver log
INFO: Executing: findElement [f0fb82a6f972dd0a920a24e0056c742a, findElement {"using":"id","value":"span"}]
Mar 05, 2013 1:01:26 PM org.openqa.selenium.remote.RemoteWebDriver log
INFO: Executed: [f0fb82a6f972dd0a920a24e0056c742a, findElement {"using":"id","value":"span"}]
Mar 05, 2013 1:01:26 PM org.openqa.selenium.remote.RemoteWebDriver log
INFO: Executing: getElementText [f0fb82a6f972dd0a920a24e0056c742a, getElementText {"id":":wdc:1362481286408"}]
Mar 05, 2013 1:01:26 PM org.openqa.selenium.remote.RemoteWebDriver log
INFO: Executed: [f0fb82a6f972dd0a920a24e0056c742a, getElementText {"id":":wdc:1362481286408"}]
Mar 05, 2013 1:01:26 PM org.openqa.selenium.remote.RemoteWebDriver log
INFO: Executing: get [f0fb82a6f972dd0a920a24e0056c742a, get {"url":"http://lwo1-dhp-f35258.synapse.com:6432/common/formPage.html"}]
Mar 05, 2013 1:01:26 PM org.openqa.selenium.remote.RemoteWebDriver log
INFO: Executed: [f0fb82a6f972dd0a920a24e0056c742a, get {"url":"http://lwo1-dhp-f35258.synapse.com:6432/common/formPage.html"}]
Mar 05, 2013 1:01:26 PM org.openqa.selenium.remote.RemoteWebDriver log
INFO: Executing: findElement [f0fb82a6f972dd0a920a24e0056c742a, findElement {"using":"id","value":"working"}]
Mar 05, 2013 1:01:26 PM org.openqa.selenium.remote.RemoteWebDriver log
INFO: Executed: [f0fb82a6f972dd0a920a24e0056c742a, findElement {"using":"id","value":"working"}]
Mar 05, 2013 1:01:26 PM org.openqa.selenium.remote.RemoteWebDriver log
INFO: Executing: sendKeysToElement [f0fb82a6f972dd0a920a24e0056c742a, sendKeysToElement {"id":":wdc:1362481286562","value":["10/03/2007 to 30/07/1993"]}]
Mar 05, 2013 1:01:26 PM org.openqa.selenium.remote.RemoteWebDriver log
INFO: Executed: [f0fb82a6f972dd0a920a24e0056c742a, sendKeysToElement {"id":":wdc:1362481286562","value":["10/03/2007 to 30/07/1993"]}]
Mar 05, 2013 1:01:26 PM org.openqa.selenium.remote.RemoteWebDriver log
INFO: Executing: getElementAttribute [f0fb82a6f972dd0a920a24e0056c742a, getElementAttribute {"id":":wdc:1362481286562","name":"value"}]
Mar 05, 2013 1:01:26 PM org.openqa.selenium.remote.RemoteWebDriver log
INFO: Executed: [f0fb82a6f972dd0a920a24e0056c742a, getElementAttribute {"id":":wdc:1362481286562","name":"value"}]
Mar 05, 2013 1:01:26 PM org.openqa.selenium.remote.RemoteWebDriver log
INFO: Executing: get [f0fb82a6f972dd0a920a24e0056c742a, get {"url":"http://lwo1-dhp-f35258.synapse.com:6432/common/xhtmlTest.html"}]
Mar 05, 2013 1:01:26 PM org.openqa.selenium.remote.RemoteWebDriver log
INFO: Executed: [f0fb82a6f972dd0a920a24e0056c742a, get {"url":"http://lwo1-dhp-f35258.synapse.com:6432/common/xhtmlTest.html"}]
Mar 05, 2013 1:01:26 PM org.openqa.selenium.remote.RemoteWebDriver log
INFO: Executing: findElement [f0fb82a6f972dd0a920a24e0056c742a, findElement {"using":"id","value":"spaces"}]
Mar 05, 2013 1:01:26 PM org.openqa.selenium.remote.RemoteWebDriver log
INFO: Executed: [f0fb82a6f972dd0a920a24e0056c742a, findElement {"using":"id","value":"spaces"}]
Mar 05, 2013 1:01:26 PM org.openqa.selenium.remote.RemoteWebDriver log
INFO: Executing: getElementText [f0fb82a6f972dd0a920a24e0056c742a, getElementText {"id":":wdc:1362481286997"}]
Mar 05, 2013 1:01:27 PM org.openqa.selenium.remote.RemoteWebDriver log
INFO: Executed: [f0fb82a6f972dd0a920a24e0056c742a, getElementText {"id":":wdc:1362481286997"}]
Mar 05, 2013 1:01:27 PM org.openqa.selenium.remote.RemoteWebDriver log
INFO: Executing: get [f0fb82a6f972dd0a920a24e0056c742a, get {"url":"http://lwo1-dhp-f35258.synapse.com:6432/common/xhtmlTest.html"}]
Mar 05, 2013 1:01:27 PM org.openqa.selenium.remote.RemoteWebDriver log
INFO: Executed: [f0fb82a6f972dd0a920a24e0056c742a, get {"url":"http://lwo1-dhp-f35258.synapse.com:6432/common/xhtmlTest.html"}]
Mar 05, 2013 1:01:27 PM org.openqa.selenium.remote.RemoteWebDriver log
INFO: Executing: findElement [f0fb82a6f972dd0a920a24e0056c742a, findElement {"using":"id","value":"empty"}]
Mar 05, 2013 1:01:27 PM org.openqa.selenium.remote.RemoteWebDriver log
INFO: Executed: [f0fb82a6f972dd0a920a24e0056c742a, findElement {"using":"id","value":"empty"}]
Mar 05, 2013 1:01:27 PM org.openqa.selenium.remote.RemoteWebDriver log
INFO: Executing: getElementText [f0fb82a6f972dd0a920a24e0056c742a, getElementText {"id":":wdc:1362481287177"}]
Mar 05, 2013 1:01:27 PM org.openqa.selenium.remote.RemoteWebDriver log
INFO: Executed: [f0fb82a6f972dd0a920a24e0056c742a, getElementText {"id":":wdc:1362481287177"}]
Mar 05, 2013 1:01:27 PM org.openqa.selenium.remote.RemoteWebDriver log
INFO: Executing: executeScript [f0fb82a6f972dd0a920a24e0056c742a, executeScript {"script":"return parseInt(window.navigator.appVersion.split(' ')[0]);","args":[]}]
Mar 05, 2013 1:01:27 PM org.openqa.selenium.remote.RemoteWebDriver log
INFO: Executed: [f0fb82a6f972dd0a920a24e0056c742a, executeScript {"script":"return parseInt(window.navigator.appVersion.split(' ')[0]);","args":[]}]
Mar 05, 2013 1:01:27 PM org.openqa.selenium.remote.RemoteWebDriver log
INFO: Executing: get [f0fb82a6f972dd0a920a24e0056c742a, get {"url":"http://lwo1-dhp-f35258.synapse.com:6432/common/xhtmlFormPage.xhtml"}]
Mar 05, 2013 1:01:27 PM org.openqa.selenium.remote.RemoteWebDriver log
INFO: Executed: [f0fb82a6f972dd0a920a24e0056c742a, get {"url":"http://lwo1-dhp-f35258.synapse.com:6432/common/xhtmlFormPage.xhtml"}]
Mar 05, 2013 1:01:27 PM org.openqa.selenium.remote.RemoteWebDriver log
INFO: Executing: findElement [f0fb82a6f972dd0a920a24e0056c742a, findElement {"using":"id","value":"self-closed"}]
Mar 05, 2013 1:01:27 PM org.openqa.selenium.remote.RemoteWebDriver log
INFO: Executed: [f0fb82a6f972dd0a920a24e0056c742a, findElement {"using":"id","value":"self-closed"}]
Mar 05, 2013 1:01:27 PM org.openqa.selenium.remote.RemoteWebDriver log
INFO: Executing: getElementText [f0fb82a6f972dd0a920a24e0056c742a, getElementText {"id":":wdc:1362481287336"}]
Mar 05, 2013 1:01:27 PM org.openqa.selenium.remote.RemoteWebDriver log
INFO: Executed: [f0fb82a6f972dd0a920a24e0056c742a, getElementText {"id":":wdc:1362481287336"}]
Mar 05, 2013 1:01:27 PM org.openqa.selenium.remote.RemoteWebDriver log
INFO: Executing: get [f0fb82a6f972dd0a920a24e0056c742a, get {"url":"http://lwo1-dhp-f35258.synapse.com:6432/common/simpleTest.html"}]
Mar 05, 2013 1:01:27 PM org.openqa.selenium.remote.RemoteWebDriver log
INFO: Executed: [f0fb82a6f972dd0a920a24e0056c742a, get {"url":"http://lwo1-dhp-f35258.synapse.com:6432/common/simpleTest.html"}]
Mar 05, 2013 1:01:27 PM org.openqa.selenium.remote.RemoteWebDriver log
INFO: Executing: findElement [f0fb82a6f972dd0a920a24e0056c742a, findElement {"using":"xpath","value":"//table/tbody/tr[1]/td[1]"}]
Mar 05, 2013 1:01:27 PM org.openqa.selenium.remote.RemoteWebDriver log
INFO: Executed: [f0fb82a6f972dd0a920a24e0056c742a, findElement {"using":"xpath","value":"//table/tbody/tr[1]/td[1]"}]
Mar 05, 2013 1:01:27 PM org.openqa.selenium.remote.RemoteWebDriver log
INFO: Executing: getElementText [f0fb82a6f972dd0a920a24e0056c742a, getElementText {"id":":wdc:1362481287514"}]
Mar 05, 2013 1:01:27 PM org.openqa.selenium.remote.RemoteWebDriver log
INFO: Executed: [f0fb82a6f972dd0a920a24e0056c742a, getElementText {"id":":wdc:1362481287514"}]
Mar 05, 2013 1:01:27 PM org.openqa.selenium.remote.RemoteWebDriver log
INFO: Executing: get [f0fb82a6f972dd0a920a24e0056c742a, get {"url":"http://lwo1-dhp-f35258.synapse.com:6432/common/simpleTest.html"}]
Mar 05, 2013 1:01:27 PM org.openqa.selenium.remote.RemoteWebDriver log
INFO: Executed: [f0fb82a6f972dd0a920a24e0056c742a, get {"url":"http://lwo1-dhp-f35258.synapse.com:6432/common/simpleTest.html"}]
Mar 05, 2013 1:01:27 PM org.openqa.selenium.remote.RemoteWebDriver log
INFO: Executing: findElement [f0fb82a6f972dd0a920a24e0056c742a, findElement {"using":"id","value":"twoblocks"}]
Mar 05, 2013 1:01:27 PM org.openqa.selenium.remote.RemoteWebDriver log
INFO: Executed: [f0fb82a6f972dd0a920a24e0056c742a, findElement {"using":"id","value":"twoblocks"}]
Mar 05, 2013 1:01:27 PM org.openqa.selenium.remote.RemoteWebDriver log
INFO: Executing: getElementText [f0fb82a6f972dd0a920a24e0056c742a, getElementText {"id":":wdc:1362481287674"}]
Mar 05, 2013 1:01:27 PM org.openqa.selenium.remote.RemoteWebDriver log
INFO: Executed: [f0fb82a6f972dd0a920a24e0056c742a, getElementText {"id":":wdc:1362481287674"}]
Mar 05, 2013 1:01:27 PM org.openqa.selenium.remote.RemoteWebDriver log
INFO: Executing: get [f0fb82a6f972dd0a920a24e0056c742a, get {"url":"http://lwo1-dhp-f35258.synapse.com:6432/common/simpleTest.html"}]
Mar 05, 2013 1:01:27 PM org.openqa.selenium.remote.RemoteWebDriver log
INFO: Executed: [f0fb82a6f972dd0a920a24e0056c742a, get {"url":"http://lwo1-dhp-f35258.synapse.com:6432/common/simpleTest.html"}]
Mar 05, 2013 1:01:27 PM org.openqa.selenium.remote.RemoteWebDriver log
INFO: Executing: findElement [f0fb82a6f972dd0a920a24e0056c742a, findElement {"using":"id","value":"nestedblocks"}]
Mar 05, 2013 1:01:27 PM org.openqa.selenium.remote.RemoteWebDriver log
INFO: Executed: [f0fb82a6f972dd0a920a24e0056c742a, findElement {"using":"id","value":"nestedblocks"}]
Mar 05, 2013 1:01:27 PM org.openqa.selenium.remote.RemoteWebDriver log
INFO: Executing: getElementText [f0fb82a6f972dd0a920a24e0056c742a, getElementText {"id":":wdc:1362481287827"}]
Mar 05, 2013 1:01:27 PM org.openqa.selenium.remote.RemoteWebDriver log
INFO: Executed: [f0fb82a6f972dd0a920a24e0056c742a, getElementText {"id":":wdc:1362481287827"}]
Mar 05, 2013 1:01:27 PM org.openqa.selenium.remote.RemoteWebDriver log
INFO: Executing: get [f0fb82a6f972dd0a920a24e0056c742a, get {"url":"http://lwo1-dhp-f35258.synapse.com:6432/common/simpleTest.html"}]
Mar 05, 2013 1:01:27 PM org.openqa.selenium.remote.RemoteWebDriver log
INFO: Executed: [f0fb82a6f972dd0a920a24e0056c742a, get {"url":"http://lwo1-dhp-f35258.synapse.com:6432/common/simpleTest.html"}]
Mar 05, 2013 1:01:27 PM org.openqa.selenium.remote.RemoteWebDriver log
INFO: Executing: findElement [f0fb82a6f972dd0a920a24e0056c742a, findElement {"using":"id","value":"inlinespan"}]
Mar 05, 2013 1:01:28 PM org.openqa.selenium.remote.RemoteWebDriver log
INFO: Executed: [f0fb82a6f972dd0a920a24e0056c742a, findElement {"using":"id","value":"inlinespan"}]
Mar 05, 2013 1:01:28 PM org.openqa.selenium.remote.RemoteWebDriver log
INFO: Executing: getElementText [f0fb82a6f972dd0a920a24e0056c742a, getElementText {"id":":wdc:1362481288005"}]
Mar 05, 2013 1:01:28 PM org.openqa.selenium.remote.RemoteWebDriver log
INFO: Executed: [f0fb82a6f972dd0a920a24e0056c742a, getElementText {"id":":wdc:1362481288005"}]
Mar 05, 2013 1:01:28 PM org.openqa.selenium.remote.RemoteWebDriver log
INFO: Executing: get [f0fb82a6f972dd0a920a24e0056c742a, get {"url":"http://lwo1-dhp-f35258.synapse.com:6432/common/macbeth.html"}]
Mar 05, 2013 1:01:28 PM org.openqa.selenium.remote.RemoteWebDriver log
INFO: Executed: [f0fb82a6f972dd0a920a24e0056c742a, get {"url":"http://lwo1-dhp-f35258.synapse.com:6432/common/macbeth.html"}]
Mar 05, 2013 1:01:28 PM org.openqa.selenium.remote.RemoteWebDriver log
INFO: Executing: getPageSource [f0fb82a6f972dd0a920a24e0056c742a, getPageSource {}]
Mar 05, 2013 1:01:29 PM org.openqa.selenium.remote.RemoteWebDriver log
INFO: Executed: [f0fb82a6f972dd0a920a24e0056c742a, getPageSource {}]
Mar 05, 2013 1:01:29 PM org.openqa.selenium.remote.RemoteWebDriver log
INFO: Executing: get [f0fb82a6f972dd0a920a24e0056c742a, get {"url":"http://lwo1-dhp-f35258.synapse.com:6432/common/simpleTest.html"}]
Mar 05, 2013 1:01:29 PM org.openqa.selenium.remote.RemoteWebDriver log
INFO: Executed: [f0fb82a6f972dd0a920a24e0056c742a, get {"url":"http://lwo1-dhp-f35258.synapse.com:6432/common/simpleTest.html"}]
Mar 05, 2013 1:01:29 PM org.openqa.selenium.remote.RemoteWebDriver log
INFO: Executing: findElement [f0fb82a6f972dd0a920a24e0056c742a, findElement {"using":"id","value":"label1"}]
Mar 05, 2013 1:01:29 PM org.openqa.selenium.remote.RemoteWebDriver log
INFO: Executed: [f0fb82a6f972dd0a920a24e0056c742a, findElement {"using":"id","value":"label1"}]
Mar 05, 2013 1:01:29 PM org.openqa.selenium.remote.RemoteWebDriver log
INFO: Executing: getElementText [f0fb82a6f972dd0a920a24e0056c742a, getElementText {"id":":wdc:1362481289199"}]
Mar 05, 2013 1:01:29 PM org.openqa.selenium.remote.RemoteWebDriver log
INFO: Executed: [f0fb82a6f972dd0a920a24e0056c742a, getElementText {"id":":wdc:1362481289199"}]
Mar 05, 2013 1:01:29 PM org.openqa.selenium.remote.RemoteWebDriver log
INFO: Executing: get [f0fb82a6f972dd0a920a24e0056c742a, get {"url":"http://lwo1-dhp-f35258.synapse.com:6432/common/javascriptPage.html"}]
Mar 05, 2013 1:01:29 PM org.openqa.selenium.remote.RemoteWebDriver log
INFO: Executed: [f0fb82a6f972dd0a920a24e0056c742a, get {"url":"http://lwo1-dhp-f35258.synapse.com:6432/common/javascriptPage.html"}]
Mar 05, 2013 1:01:29 PM org.openqa.selenium.remote.RemoteWebDriver log
INFO: Executing: findElement [f0fb82a6f972dd0a920a24e0056c742a, findElement {"using":"id","value":"suppressedParagraph"}]
Mar 05, 2013 1:01:29 PM org.openqa.selenium.remote.RemoteWebDriver log
INFO: Executed: [f0fb82a6f972dd0a920a24e0056c742a, findElement {"using":"id","value":"suppressedParagraph"}]
Mar 05, 2013 1:01:29 PM org.openqa.selenium.remote.RemoteWebDriver log
INFO: Executing: getElementText [f0fb82a6f972dd0a920a24e0056c742a, getElementText {"id":":wdc:1362481289357"}]
Mar 05, 2013 1:01:29 PM org.openqa.selenium.remote.RemoteWebDriver log
INFO: Executed: [f0fb82a6f972dd0a920a24e0056c742a, getElementText {"id":":wdc:1362481289357"}]
Mar 05, 2013 1:01:29 PM org.openqa.selenium.remote.RemoteWebDriver log
INFO: Executing: findElement [f0fb82a6f972dd0a920a24e0056c742a, findElement {"using":"id","value":"outer"}]
Mar 05, 2013 1:01:29 PM org.openqa.selenium.remote.RemoteWebDriver log
INFO: Executed: [f0fb82a6f972dd0a920a24e0056c742a, findElement {"using":"id","value":"outer"}]
Mar 05, 2013 1:01:29 PM org.openqa.selenium.remote.RemoteWebDriver log
INFO: Executing: getElementText [f0fb82a6f972dd0a920a24e0056c742a, getElementText {"id":":wdc:1362481289358"}]
Mar 05, 2013 1:01:29 PM org.openqa.selenium.remote.RemoteWebDriver log
INFO: Executed: [f0fb82a6f972dd0a920a24e0056c742a, getElementText {"id":":wdc:1362481289358"}]
Mar 05, 2013 1:01:29 PM org.openqa.selenium.remote.RemoteWebDriver log
INFO: Executing: get [f0fb82a6f972dd0a920a24e0056c742a, get {"url":"http://lwo1-dhp-f35258.synapse.com:6432/common/tables.html"}]
Mar 05, 2013 1:01:29 PM org.openqa.selenium.remote.RemoteWebDriver log
INFO: Executed: [f0fb82a6f972dd0a920a24e0056c742a, get {"url":"http://lwo1-dhp-f35258.synapse.com:6432/common/tables.html"}]
Mar 05, 2013 1:01:29 PM org.openqa.selenium.remote.RemoteWebDriver log
INFO: Executing: findElement [f0fb82a6f972dd0a920a24e0056c742a, findElement {"using":"id","value":"hidden_text"}]
Mar 05, 2013 1:01:29 PM org.openqa.selenium.remote.RemoteWebDriver log
INFO: Executed: [f0fb82a6f972dd0a920a24e0056c742a, findElement {"using":"id","value":"hidden_text"}]
Mar 05, 2013 1:01:29 PM org.openqa.selenium.remote.RemoteWebDriver log
INFO: Executing: getElementText [f0fb82a6f972dd0a920a24e0056c742a, getElementText {"id":":wdc:1362481289688"}]
Mar 05, 2013 1:01:29 PM org.openqa.selenium.remote.RemoteWebDriver log
INFO: Executed: [f0fb82a6f972dd0a920a24e0056c742a, getElementText {"id":":wdc:1362481289688"}]
Mar 05, 2013 1:01:29 PM org.openqa.selenium.remote.RemoteWebDriver log
INFO: Executing: get [f0fb82a6f972dd0a920a24e0056c742a, get {"url":"http://lwo1-dhp-f35258.synapse.com:6432/common/simpleTest.html"}]
Mar 05, 2013 1:01:29 PM org.openqa.selenium.remote.RemoteWebDriver log
INFO: Executed: [f0fb82a6f972dd0a920a24e0056c742a, get {"url":"http://lwo1-dhp-f35258.synapse.com:6432/common/simpleTest.html"}]
Mar 05, 2013 1:01:29 PM org.openqa.selenium.remote.RemoteWebDriver log
INFO: Executing: findElement [f0fb82a6f972dd0a920a24e0056c742a, findElement {"using":"id","value":"simpleJsonText"}]
Mar 05, 2013 1:01:29 PM org.openqa.selenium.remote.RemoteWebDriver log
INFO: Executed: [f0fb82a6f972dd0a920a24e0056c742a, findElement {"using":"id","value":"simpleJsonText"}]
Mar 05, 2013 1:01:29 PM org.openqa.selenium.remote.RemoteWebDriver log
INFO: Executing: getElementText [f0fb82a6f972dd0a920a24e0056c742a, getElementText {"id":":wdc:1362481289841"}]
Mar 05, 2013 1:01:29 PM org.openqa.selenium.remote.RemoteWebDriver log
INFO: Executed: [f0fb82a6f972dd0a920a24e0056c742a, getElementText {"id":":wdc:1362481289841"}]
Mar 05, 2013 1:01:29 PM org.openqa.selenium.remote.RemoteWebDriver log
INFO: Executing: get [f0fb82a6f972dd0a920a24e0056c742a, get {"url":"http://lwo1-dhp-f35258.synapse.com:6432/common/simpleTest.html"}]
Mar 05, 2013 1:01:29 PM org.openqa.selenium.remote.RemoteWebDriver log
INFO: Executed: [f0fb82a6f972dd0a920a24e0056c742a, get {"url":"http://lwo1-dhp-f35258.synapse.com:6432/common/simpleTest.html"}]
Mar 05, 2013 1:01:29 PM org.openqa.selenium.remote.RemoteWebDriver log
INFO: Executing: findElement [f0fb82a6f972dd0a920a24e0056c742a, findElement {"using":"id","value":"complexJsonText"}]
Mar 05, 2013 1:01:30 PM org.openqa.selenium.remote.RemoteWebDriver log
INFO: Executed: [f0fb82a6f972dd0a920a24e0056c742a, findElement {"using":"id","value":"complexJsonText"}]
Mar 05, 2013 1:01:30 PM org.openqa.selenium.remote.RemoteWebDriver log
INFO: Executing: getElementText [f0fb82a6f972dd0a920a24e0056c742a, getElementText {"id":":wdc:1362481290000"}]
Mar 05, 2013 1:01:30 PM org.openqa.selenium.remote.RemoteWebDriver log
INFO: Executed: [f0fb82a6f972dd0a920a24e0056c742a, getElementText {"id":":wdc:1362481290000"}]
Mar 05, 2013 1:01:30 PM org.openqa.selenium.remote.RemoteWebDriver log
INFO: Executing: get [f0fb82a6f972dd0a920a24e0056c742a, get {"url":"http://lwo1-dhp-f35258.synapse.com:6432/common/plain.txt"}]
Mar 05, 2013 1:01:30 PM org.openqa.selenium.remote.RemoteWebDriver log
INFO: Executed: [f0fb82a6f972dd0a920a24e0056c742a, get {"url":"http://lwo1-dhp-f35258.synapse.com:6432/common/plain.txt"}]
Mar 05, 2013 1:01:30 PM org.openqa.selenium.remote.RemoteWebDriver log
INFO: Executing: findElement [f0fb82a6f972dd0a920a24e0056c742a, findElement {"using":"id","value":"foo"}]
Mar 05, 2013 1:01:30 PM org.openqa.selenium.remote.RemoteWebDriver log
INFO: Executed: [f0fb82a6f972dd0a920a24e0056c742a, findElement {"using":"id","value":"foo"}]
Mar 05, 2013 1:01:30 PM org.openqa.selenium.remote.RemoteWebDriver log
INFO: Executing: get [f0fb82a6f972dd0a920a24e0056c742a, get {"url":"http://lwo1-dhp-f35258.synapse.com:6432/common/javascriptPage.html"}]
Mar 05, 2013 1:01:30 PM org.openqa.selenium.remote.RemoteWebDriver log
INFO: Executed: [f0fb82a6f972dd0a920a24e0056c742a, get {"url":"http://lwo1-dhp-f35258.synapse.com:6432/common/javascriptPage.html"}]
Mar 05, 2013 1:01:30 PM org.openqa.selenium.remote.RemoteWebDriver log
INFO: Executing: findElement [f0fb82a6f972dd0a920a24e0056c742a, findElement {"using":"id","value":"keyReporter"}]
Mar 05, 2013 1:01:30 PM org.openqa.selenium.remote.RemoteWebDriver log
INFO: Executed: [f0fb82a6f972dd0a920a24e0056c742a, findElement {"using":"id","value":"keyReporter"}]
Mar 05, 2013 1:01:30 PM org.openqa.selenium.remote.RemoteWebDriver log
INFO: Executing: sendKeysToElement [f0fb82a6f972dd0a920a24e0056c742a, sendKeysToElement {"id":":wdc:1362481290216","value":["a"]}]
Mar 05, 2013 1:01:30 PM org.openqa.selenium.remote.RemoteWebDriver log
INFO: Executed: [f0fb82a6f972dd0a920a24e0056c742a, sendKeysToElement {"id":":wdc:1362481290216","value":["a"]}]
Mar 05, 2013 1:01:30 PM org.openqa.selenium.remote.RemoteWebDriver log
INFO: Executing: findElement [f0fb82a6f972dd0a920a24e0056c742a, findElement {"using":"id","value":"result"}]
Mar 05, 2013 1:01:30 PM org.openqa.selenium.remote.RemoteWebDriver log
INFO: Executed: [f0fb82a6f972dd0a920a24e0056c742a, findElement {"using":"id","value":"result"}]
Mar 05, 2013 1:01:30 PM org.openqa.selenium.remote.RemoteWebDriver log
INFO: Executing: getElementText [f0fb82a6f972dd0a920a24e0056c742a, getElementText {"id":":wdc:1362481290217"}]
Mar 05, 2013 1:01:30 PM org.openqa.selenium.remote.RemoteWebDriver log
INFO: Executed: [f0fb82a6f972dd0a920a24e0056c742a, getElementText {"id":":wdc:1362481290217"}]
Mar 05, 2013 1:01:30 PM org.openqa.selenium.remote.RemoteWebDriver log
INFO: Executing: get [f0fb82a6f972dd0a920a24e0056c742a, get {"url":"http://lwo1-dhp-f35258.synapse.com:6432/common/javascriptPage.html"}]
Mar 05, 2013 1:01:30 PM org.openqa.selenium.remote.RemoteWebDriver log
INFO: Executed: [f0fb82a6f972dd0a920a24e0056c742a, get {"url":"http://lwo1-dhp-f35258.synapse.com:6432/common/javascriptPage.html"}]
Mar 05, 2013 1:01:30 PM org.openqa.selenium.remote.RemoteWebDriver log
INFO: Executing: findElement [f0fb82a6f972dd0a920a24e0056c742a, findElement {"using":"id","value":"keyReporter"}]
Mar 05, 2013 1:01:30 PM org.openqa.selenium.remote.RemoteWebDriver log
INFO: Executed: [f0fb82a6f972dd0a920a24e0056c742a, findElement {"using":"id","value":"keyReporter"}]
Mar 05, 2013 1:01:30 PM org.openqa.selenium.remote.RemoteWebDriver log
INFO: Executing: sendKeysToElement [f0fb82a6f972dd0a920a24e0056c742a, sendKeysToElement {"id":":wdc:1362481290731","value":["I"]}]
Mar 05, 2013 1:01:31 PM org.openqa.selenium.remote.RemoteWebDriver log
INFO: Executed: [f0fb82a6f972dd0a920a24e0056c742a, sendKeysToElement {"id":":wdc:1362481290731","value":["I"]}]
Mar 05, 2013 1:01:31 PM org.openqa.selenium.remote.RemoteWebDriver log
INFO: Executing: findElement [f0fb82a6f972dd0a920a24e0056c742a, findElement {"using":"id","value":"result"}]
Mar 05, 2013 1:01:31 PM org.openqa.selenium.remote.RemoteWebDriver log
INFO: Executed: [f0fb82a6f972dd0a920a24e0056c742a, findElement {"using":"id","value":"result"}]
Mar 05, 2013 1:01:31 PM org.openqa.selenium.remote.RemoteWebDriver log
INFO: Executing: getElementText [f0fb82a6f972dd0a920a24e0056c742a, getElementText {"id":":wdc:1362481290732"}]
Mar 05, 2013 1:01:31 PM org.openqa.selenium.remote.RemoteWebDriver log
INFO: Executed: [f0fb82a6f972dd0a920a24e0056c742a, getElementText {"id":":wdc:1362481290732"}]
Mar 05, 2013 1:01:31 PM org.openqa.selenium.remote.RemoteWebDriver log
INFO: Executing: get [f0fb82a6f972dd0a920a24e0056c742a, get {"url":"http://lwo1-dhp-f35258.synapse.com:6432/common/javascriptPage.html"}]
Mar 05, 2013 1:01:31 PM org.openqa.selenium.remote.RemoteWebDriver log
INFO: Executed: [f0fb82a6f972dd0a920a24e0056c742a, get {"url":"http://lwo1-dhp-f35258.synapse.com:6432/common/javascriptPage.html"}]
Mar 05, 2013 1:01:31 PM org.openqa.selenium.remote.RemoteWebDriver log
INFO: Executing: findElement [f0fb82a6f972dd0a920a24e0056c742a, findElement {"using":"id","value":"keyReporter"}]
Mar 05, 2013 1:01:31 PM org.openqa.selenium.remote.RemoteWebDriver log
INFO: Executed: [f0fb82a6f972dd0a920a24e0056c742a, findElement {"using":"id","value":"keyReporter"}]
Mar 05, 2013 1:01:31 PM org.openqa.selenium.remote.RemoteWebDriver log
INFO: Executing: sendKeysToElement [f0fb82a6f972dd0a920a24e0056c742a, sendKeysToElement {"id":":wdc:1362481291231","value":["a"]}]
Mar 05, 2013 1:01:31 PM org.openqa.selenium.remote.RemoteWebDriver log
INFO: Executed: [f0fb82a6f972dd0a920a24e0056c742a, sendKeysToElement {"id":":wdc:1362481291231","value":["a"]}]
Mar 05, 2013 1:01:31 PM org.openqa.selenium.remote.RemoteWebDriver log
INFO: Executing: findElement [f0fb82a6f972dd0a920a24e0056c742a, findElement {"using":"id","value":"result"}]
Mar 05, 2013 1:01:31 PM org.openqa.selenium.remote.RemoteWebDriver log
INFO: Executed: [f0fb82a6f972dd0a920a24e0056c742a, findElement {"using":"id","value":"result"}]
Mar 05, 2013 1:01:31 PM org.openqa.selenium.remote.RemoteWebDriver log
INFO: Executing: getElementText [f0fb82a6f972dd0a920a24e0056c742a, getElementText {"id":":wdc:1362481291232"}]
Mar 05, 2013 1:01:31 PM org.openqa.selenium.remote.RemoteWebDriver log
INFO: Executed: [f0fb82a6f972dd0a920a24e0056c742a, getElementText {"id":":wdc:1362481291232"}]
Mar 05, 2013 1:01:31 PM org.openqa.selenium.remote.RemoteWebDriver log
INFO: Executing: get [f0fb82a6f972dd0a920a24e0056c742a, get {"url":"http://lwo1-dhp-f35258.synapse.com:6432/common/javascriptPage.html"}]
Mar 05, 2013 1:01:31 PM org.openqa.selenium.remote.RemoteWebDriver log
INFO: Executed: [f0fb82a6f972dd0a920a24e0056c742a, get {"url":"http://lwo1-dhp-f35258.synapse.com:6432/common/javascriptPage.html"}]
Mar 05, 2013 1:01:31 PM org.openqa.selenium.remote.RemoteWebDriver log
INFO: Executing: findElement [f0fb82a6f972dd0a920a24e0056c742a, findElement {"using":"id","value":"keyReporter"}]
Mar 05, 2013 1:01:31 PM org.openqa.selenium.remote.RemoteWebDriver log
INFO: Executed: [f0fb82a6f972dd0a920a24e0056c742a, findElement {"using":"id","value":"keyReporter"}]
Mar 05, 2013 1:01:31 PM org.openqa.selenium.remote.RemoteWebDriver log
INFO: Executing: sendKeysToElement [f0fb82a6f972dd0a920a24e0056c742a, sendKeysToElement {"id":":wdc:1362481291721","value":["abc def"]}]
Mar 05, 2013 1:01:32 PM org.openqa.selenium.remote.RemoteWebDriver log
INFO: Executed: [f0fb82a6f972dd0a920a24e0056c742a, sendKeysToElement {"id":":wdc:1362481291721","value":["abc def"]}]
Mar 05, 2013 1:01:32 PM org.openqa.selenium.remote.RemoteWebDriver log
INFO: Executing: getElementAttribute [f0fb82a6f972dd0a920a24e0056c742a, getElementAttribute {"id":":wdc:1362481291721","name":"value"}]
Mar 05, 2013 1:01:32 PM org.openqa.selenium.remote.RemoteWebDriver log
INFO: Executed: [f0fb82a6f972dd0a920a24e0056c742a, getElementAttribute {"id":":wdc:1362481291721","name":"value"}]
Mar 05, 2013 1:01:32 PM org.openqa.selenium.remote.RemoteWebDriver log
INFO: Executing: get [f0fb82a6f972dd0a920a24e0056c742a, get {"url":"http://lwo1-dhp-f35258.synapse.com:6432/common/javascriptPage.html"}]
Mar 05, 2013 1:01:32 PM org.openqa.selenium.remote.RemoteWebDriver log
INFO: Executed: [f0fb82a6f972dd0a920a24e0056c742a, get {"url":"http://lwo1-dhp-f35258.synapse.com:6432/common/javascriptPage.html"}]
Mar 05, 2013 1:01:32 PM org.openqa.selenium.remote.RemoteWebDriver log
INFO: Executing: findElement [f0fb82a6f972dd0a920a24e0056c742a, findElement {"using":"id","value":"keyReporter"}]
Mar 05, 2013 1:01:32 PM org.openqa.selenium.remote.RemoteWebDriver log
INFO: Executed: [f0fb82a6f972dd0a920a24e0056c742a, findElement {"using":"id","value":"keyReporter"}]
Mar 05, 2013 1:01:32 PM org.openqa.selenium.remote.RemoteWebDriver log
INFO: Executing: sendKeysToElement [f0fb82a6f972dd0a920a24e0056c742a, sendKeysToElement {"id":":wdc:1362481292176","value":["ABC DEF"]}]
Mar 05, 2013 1:01:32 PM org.openqa.selenium.remote.RemoteWebDriver log
INFO: Executed: [f0fb82a6f972dd0a920a24e0056c742a, sendKeysToElement {"id":":wdc:1362481292176","value":["ABC DEF"]}]
Mar 05, 2013 1:01:32 PM org.openqa.selenium.remote.RemoteWebDriver log
INFO: Executing: getElementAttribute [f0fb82a6f972dd0a920a24e0056c742a, getElementAttribute {"id":":wdc:1362481292176","name":"value"}]
Mar 05, 2013 1:01:32 PM org.openqa.selenium.remote.RemoteWebDriver log
INFO: Executed: [f0fb82a6f972dd0a920a24e0056c742a, getElementAttribute {"id":":wdc:1362481292176","name":"value"}]
Mar 05, 2013 1:01:32 PM org.openqa.selenium.remote.RemoteWebDriver log
INFO: Executing: get [f0fb82a6f972dd0a920a24e0056c742a, get {"url":"http://lwo1-dhp-f35258.synapse.com:6432/common/javascriptPage.html"}]
Mar 05, 2013 1:01:32 PM org.openqa.selenium.remote.RemoteWebDriver log
INFO: Executed: [f0fb82a6f972dd0a920a24e0056c742a, get {"url":"http://lwo1-dhp-f35258.synapse.com:6432/common/javascriptPage.html"}]
Mar 05, 2013 1:01:32 PM org.openqa.selenium.remote.RemoteWebDriver log
INFO: Executing: findElement [f0fb82a6f972dd0a920a24e0056c742a, findElement {"using":"id","value":"keyReporter"}]
Mar 05, 2013 1:01:32 PM org.openqa.selenium.remote.RemoteWebDriver log
INFO: Executed: [f0fb82a6f972dd0a920a24e0056c742a, findElement {"using":"id","value":"keyReporter"}]
Mar 05, 2013 1:01:32 PM org.openqa.selenium.remote.RemoteWebDriver log
INFO: Executing: sendKeysToElement [f0fb82a6f972dd0a920a24e0056c742a, sendKeysToElement {"id":":wdc:1362481292617","value":["\""]}]
Mar 05, 2013 1:01:32 PM org.openqa.selenium.remote.RemoteWebDriver log
INFO: Executed: [f0fb82a6f972dd0a920a24e0056c742a, sendKeysToElement {"id":":wdc:1362481292617","value":["\""]}]
Mar 05, 2013 1:01:32 PM org.openqa.selenium.remote.RemoteWebDriver log
INFO: Executing: getElementAttribute [f0fb82a6f972dd0a920a24e0056c742a, getElementAttribute {"id":":wdc:1362481292617","name":"value"}]
Mar 05, 2013 1:01:33 PM org.openqa.selenium.remote.RemoteWebDriver log
INFO: Executed: [f0fb82a6f972dd0a920a24e0056c742a, getElementAttribute {"id":":wdc:1362481292617","name":"value"}]
Mar 05, 2013 1:01:33 PM org.openqa.selenium.remote.RemoteWebDriver log
INFO: Executing: get [f0fb82a6f972dd0a920a24e0056c742a, get {"url":"http://lwo1-dhp-f35258.synapse.com:6432/common/javascriptPage.html"}]
Mar 05, 2013 1:01:33 PM org.openqa.selenium.remote.RemoteWebDriver log
INFO: Executed: [f0fb82a6f972dd0a920a24e0056c742a, get {"url":"http://lwo1-dhp-f35258.synapse.com:6432/common/javascriptPage.html"}]
Mar 05, 2013 1:01:33 PM org.openqa.selenium.remote.RemoteWebDriver log
INFO: Executing: findElement [f0fb82a6f972dd0a920a24e0056c742a, findElement {"using":"id","value":"keyReporter"}]
Mar 05, 2013 1:01:33 PM org.openqa.selenium.remote.RemoteWebDriver log
INFO: Executed: [f0fb82a6f972dd0a920a24e0056c742a, findElement {"using":"id","value":"keyReporter"}]
Mar 05, 2013 1:01:33 PM org.openqa.selenium.remote.RemoteWebDriver log
INFO: Executing: sendKeysToElement [f0fb82a6f972dd0a920a24e0056c742a, sendKeysToElement {"id":":wdc:1362481293065","value":["@"]}]
Mar 05, 2013 1:01:33 PM org.openqa.selenium.remote.RemoteWebDriver log
INFO: Executed: [f0fb82a6f972dd0a920a24e0056c742a, sendKeysToElement {"id":":wdc:1362481293065","value":["@"]}]
Mar 05, 2013 1:01:33 PM org.openqa.selenium.remote.RemoteWebDriver log
INFO: Executing: getElementAttribute [f0fb82a6f972dd0a920a24e0056c742a, getElementAttribute {"id":":wdc:1362481293065","name":"value"}]
Mar 05, 2013 1:01:33 PM org.openqa.selenium.remote.RemoteWebDriver log
INFO: Executed: [f0fb82a6f972dd0a920a24e0056c742a, getElementAttribute {"id":":wdc:1362481293065","name":"value"}]
Mar 05, 2013 1:01:33 PM org.openqa.selenium.remote.RemoteWebDriver log
INFO: Executing: get [f0fb82a6f972dd0a920a24e0056c742a, get {"url":"http://lwo1-dhp-f35258.synapse.com:6432/common/javascriptPage.html"}]
Mar 05, 2013 1:01:33 PM org.openqa.selenium.remote.RemoteWebDriver log
INFO: Executed: [f0fb82a6f972dd0a920a24e0056c742a, get {"url":"http://lwo1-dhp-f35258.synapse.com:6432/common/javascriptPage.html"}]
Mar 05, 2013 1:01:33 PM org.openqa.selenium.remote.RemoteWebDriver log
INFO: Executing: findElement [f0fb82a6f972dd0a920a24e0056c742a, findElement {"using":"id","value":"keyReporter"}]
Mar 05, 2013 1:01:33 PM org.openqa.selenium.remote.RemoteWebDriver log
INFO: Executed: [f0fb82a6f972dd0a920a24e0056c742a, findElement {"using":"id","value":"keyReporter"}]
Mar 05, 2013 1:01:33 PM org.openqa.selenium.remote.RemoteWebDriver log
INFO: Executing: sendKeysToElement [f0fb82a6f972dd0a920a24e0056c742a, sendKeysToElement {"id":":wdc:1362481293525","value":["me@eXample.com"]}]
Mar 05, 2013 1:01:33 PM org.openqa.selenium.remote.RemoteWebDriver log
INFO: Executed: [f0fb82a6f972dd0a920a24e0056c742a, sendKeysToElement {"id":":wdc:1362481293525","value":["me@eXample.com"]}]
Mar 05, 2013 1:01:33 PM org.openqa.selenium.remote.RemoteWebDriver log
INFO: Executing: getElementAttribute [f0fb82a6f972dd0a920a24e0056c742a, getElementAttribute {"id":":wdc:1362481293525","name":"value"}]
Mar 05, 2013 1:01:33 PM org.openqa.selenium.remote.RemoteWebDriver log
INFO: Executed: [f0fb82a6f972dd0a920a24e0056c742a, getElementAttribute {"id":":wdc:1362481293525","name":"value"}]
Mar 05, 2013 1:01:33 PM org.openqa.selenium.remote.RemoteWebDriver log
INFO: Executing: get [f0fb82a6f972dd0a920a24e0056c742a, get {"url":"http://lwo1-dhp-f35258.synapse.com:6432/common/javascriptPage.html"}]
Mar 05, 2013 1:01:33 PM org.openqa.selenium.remote.RemoteWebDriver log
INFO: Executed: [f0fb82a6f972dd0a920a24e0056c742a, get {"url":"http://lwo1-dhp-f35258.synapse.com:6432/common/javascriptPage.html"}]
Mar 05, 2013 1:01:33 PM org.openqa.selenium.remote.RemoteWebDriver log
INFO: Executing: findElement [f0fb82a6f972dd0a920a24e0056c742a, findElement {"using":"id","value":"keyReporter"}]
Mar 05, 2013 1:01:33 PM org.openqa.selenium.remote.RemoteWebDriver log
INFO: Executed: [f0fb82a6f972dd0a920a24e0056c742a, findElement {"using":"id","value":"keyReporter"}]
Mar 05, 2013 1:01:33 PM org.openqa.selenium.remote.RemoteWebDriver log
INFO: Executing: sendKeysToElement [f0fb82a6f972dd0a920a24e0056c742a, sendKeysToElement {"id":":wdc:1362481293955","value":[""]}]
Mar 05, 2013 1:01:34 PM org.openqa.selenium.remote.RemoteWebDriver log
INFO: Executed: [f0fb82a6f972dd0a920a24e0056c742a, sendKeysToElement {"id":":wdc:1362481293955","value":[""]}]
Mar 05, 2013 1:01:34 PM org.openqa.selenium.remote.RemoteWebDriver log
INFO: Executing: getElementAttribute [f0fb82a6f972dd0a920a24e0056c742a, getElementAttribute {"id":":wdc:1362481293955","name":"value"}]
Mar 05, 2013 1:01:34 PM org.openqa.selenium.remote.RemoteWebDriver log
INFO: Executed: [f0fb82a6f972dd0a920a24e0056c742a, getElementAttribute {"id":":wdc:1362481293955","name":"value"}]
Mar 05, 2013 1:01:34 PM org.openqa.selenium.remote.RemoteWebDriver log
INFO: Executing: get [f0fb82a6f972dd0a920a24e0056c742a, get {"url":"http://lwo1-dhp-f35258.synapse.com:6432/common/javascriptPage.html"}]
Mar 05, 2013 1:01:34 PM org.openqa.selenium.remote.RemoteWebDriver log
INFO: Executed: [f0fb82a6f972dd0a920a24e0056c742a, get {"url":"http://lwo1-dhp-f35258.synapse.com:6432/common/javascriptPage.html"}]
Mar 05, 2013 1:01:34 PM org.openqa.selenium.remote.RemoteWebDriver log
INFO: Executing: findElement [f0fb82a6f972dd0a920a24e0056c742a, findElement {"using":"id","value":"keyReporter"}]
Mar 05, 2013 1:01:34 PM org.openqa.selenium.remote.RemoteWebDriver log
INFO: Executed: [f0fb82a6f972dd0a920a24e0056c742a, findElement {"using":"id","value":"keyReporter"}]
Mar 05, 2013 1:01:34 PM org.openqa.selenium.remote.RemoteWebDriver log
INFO: Executing: sendKeysToElement [f0fb82a6f972dd0a920a24e0056c742a, sendKeysToElement {"id":":wdc:1362481294391","value":["tet","","s"]}]
Mar 05, 2013 1:01:34 PM org.openqa.selenium.remote.RemoteWebDriver log
INFO: Executed: [f0fb82a6f972dd0a920a24e0056c742a, sendKeysToElement {"id":":wdc:1362481294391","value":["tet","","s"]}]
Mar 05, 2013 1:01:34 PM org.openqa.selenium.remote.RemoteWebDriver log
INFO: Executing: getElementAttribute [f0fb82a6f972dd0a920a24e0056c742a, getElementAttribute {"id":":wdc:1362481294391","name":"value"}]
Mar 05, 2013 1:01:34 PM org.openqa.selenium.remote.RemoteWebDriver log
INFO: Executed: [f0fb82a6f972dd0a920a24e0056c742a, getElementAttribute {"id":":wdc:1362481294391","name":"value"}]
Mar 05, 2013 1:01:34 PM org.openqa.selenium.remote.RemoteWebDriver log
INFO: Executing: get [f0fb82a6f972dd0a920a24e0056c742a, get {"url":"http://lwo1-dhp-f35258.synapse.com:6432/common/javascriptPage.html"}]
Mar 05, 2013 1:01:34 PM org.openqa.selenium.remote.RemoteWebDriver log
INFO: Executed: [f0fb82a6f972dd0a920a24e0056c742a, get {"url":"http://lwo1-dhp-f35258.synapse.com:6432/common/javascriptPage.html"}]
Mar 05, 2013 1:01:34 PM org.openqa.selenium.remote.RemoteWebDriver log
INFO: Executing: findElement [f0fb82a6f972dd0a920a24e0056c742a, findElement {"using":"id","value":"keyUp"}]
Mar 05, 2013 1:01:34 PM org.openqa.selenium.remote.RemoteWebDriver log
INFO: Executed: [f0fb82a6f972dd0a920a24e0056c742a, findElement {"using":"id","value":"keyUp"}]
Mar 05, 2013 1:01:34 PM org.openqa.selenium.remote.RemoteWebDriver log
INFO: Executing: sendKeysToElement [f0fb82a6f972dd0a920a24e0056c742a, sendKeysToElement {"id":":wdc:1362481294852","value":["I like cheese"]}]
Mar 05, 2013 1:01:35 PM org.openqa.selenium.remote.RemoteWebDriver log
INFO: Executed: [f0fb82a6f972dd0a920a24e0056c742a, sendKeysToElement {"id":":wdc:1362481294852","value":["I like cheese"]}]
Mar 05, 2013 1:01:35 PM org.openqa.selenium.remote.RemoteWebDriver log
INFO: Executing: findElement [f0fb82a6f972dd0a920a24e0056c742a, findElement {"using":"id","value":"result"}]
Mar 05, 2013 1:01:35 PM org.openqa.selenium.remote.RemoteWebDriver log
INFO: Executed: [f0fb82a6f972dd0a920a24e0056c742a, findElement {"using":"id","value":"result"}]
Mar 05, 2013 1:01:35 PM org.openqa.selenium.remote.RemoteWebDriver log
INFO: Executing: getElementText [f0fb82a6f972dd0a920a24e0056c742a, getElementText {"id":":wdc:1362481294853"}]
Mar 05, 2013 1:01:35 PM org.openqa.selenium.remote.RemoteWebDriver log
INFO: Executed: [f0fb82a6f972dd0a920a24e0056c742a, getElementText {"id":":wdc:1362481294853"}]
Mar 05, 2013 1:01:35 PM org.openqa.selenium.remote.RemoteWebDriver log
INFO: Executing: get [f0fb82a6f972dd0a920a24e0056c742a, get {"url":"http://lwo1-dhp-f35258.synapse.com:6432/common/javascriptPage.html"}]
Mar 05, 2013 1:01:35 PM org.openqa.selenium.remote.RemoteWebDriver log
INFO: Executed: [f0fb82a6f972dd0a920a24e0056c742a, get {"url":"http://lwo1-dhp-f35258.synapse.com:6432/common/javascriptPage.html"}]
Mar 05, 2013 1:01:35 PM org.openqa.selenium.remote.RemoteWebDriver log
INFO: Executing: findElement [f0fb82a6f972dd0a920a24e0056c742a, findElement {"using":"id","value":"keyDown"}]
Mar 05, 2013 1:01:35 PM org.openqa.selenium.remote.RemoteWebDriver log
INFO: Executed: [f0fb82a6f972dd0a920a24e0056c742a, findElement {"using":"id","value":"keyDown"}]
Mar 05, 2013 1:01:35 PM org.openqa.selenium.remote.RemoteWebDriver log
INFO: Executing: sendKeysToElement [f0fb82a6f972dd0a920a24e0056c742a, sendKeysToElement {"id":":wdc:1362481295344","value":["I like cheese"]}]
Mar 05, 2013 1:01:35 PM org.openqa.selenium.remote.RemoteWebDriver log
INFO: Executed: [f0fb82a6f972dd0a920a24e0056c742a, sendKeysToElement {"id":":wdc:1362481295344","value":["I like cheese"]}]
Mar 05, 2013 1:01:35 PM org.openqa.selenium.remote.RemoteWebDriver log
INFO: Executing: findElement [f0fb82a6f972dd0a920a24e0056c742a, findElement {"using":"id","value":"result"}]
Mar 05, 2013 1:01:35 PM org.openqa.selenium.remote.RemoteWebDriver log
INFO: Executed: [f0fb82a6f972dd0a920a24e0056c742a, findElement {"using":"id","value":"result"}]
Mar 05, 2013 1:01:35 PM org.openqa.selenium.remote.RemoteWebDriver log
INFO: Executing: getElementText [f0fb82a6f972dd0a920a24e0056c742a, getElementText {"id":":wdc:1362481295345"}]
Mar 05, 2013 1:01:35 PM org.openqa.selenium.remote.RemoteWebDriver log
INFO: Executed: [f0fb82a6f972dd0a920a24e0056c742a, getElementText {"id":":wdc:1362481295345"}]
Mar 05, 2013 1:01:35 PM org.openqa.selenium.remote.RemoteWebDriver log
INFO: Executing: get [f0fb82a6f972dd0a920a24e0056c742a, get {"url":"http://lwo1-dhp-f35258.synapse.com:6432/common/javascriptPage.html"}]
Mar 05, 2013 1:01:35 PM org.openqa.selenium.remote.RemoteWebDriver log
INFO: Executed: [f0fb82a6f972dd0a920a24e0056c742a, get {"url":"http://lwo1-dhp-f35258.synapse.com:6432/common/javascriptPage.html"}]
Mar 05, 2013 1:01:35 PM org.openqa.selenium.remote.RemoteWebDriver log
INFO: Executing: findElement [f0fb82a6f972dd0a920a24e0056c742a, findElement {"using":"id","value":"keyPress"}]
Mar 05, 2013 1:01:35 PM org.openqa.selenium.remote.RemoteWebDriver log
INFO: Executed: [f0fb82a6f972dd0a920a24e0056c742a, findElement {"using":"id","value":"keyPress"}]
Mar 05, 2013 1:01:35 PM org.openqa.selenium.remote.RemoteWebDriver log
INFO: Executing: sendKeysToElement [f0fb82a6f972dd0a920a24e0056c742a, sendKeysToElement {"id":":wdc:1362481295836","value":["I like cheese"]}]
Mar 05, 2013 1:01:36 PM org.openqa.selenium.remote.RemoteWebDriver log
INFO: Executed: [f0fb82a6f972dd0a920a24e0056c742a, sendKeysToElement {"id":":wdc:1362481295836","value":["I like cheese"]}]
Mar 05, 2013 1:01:36 PM org.openqa.selenium.remote.RemoteWebDriver log
INFO: Executing: findElement [f0fb82a6f972dd0a920a24e0056c742a, findElement {"using":"id","value":"result"}]
Mar 05, 2013 1:01:36 PM org.openqa.selenium.remote.RemoteWebDriver log
INFO: Executed: [f0fb82a6f972dd0a920a24e0056c742a, findElement {"using":"id","value":"result"}]
Mar 05, 2013 1:01:36 PM org.openqa.selenium.remote.RemoteWebDriver log
INFO: Executing: getElementText [f0fb82a6f972dd0a920a24e0056c742a, getElementText {"id":":wdc:1362481295837"}]
Mar 05, 2013 1:01:36 PM org.openqa.selenium.remote.RemoteWebDriver log
INFO: Executed: [f0fb82a6f972dd0a920a24e0056c742a, getElementText {"id":":wdc:1362481295837"}]
Mar 05, 2013 1:01:36 PM org.openqa.selenium.remote.RemoteWebDriver log
INFO: Executing: get [f0fb82a6f972dd0a920a24e0056c742a, get {"url":"http://lwo1-dhp-f35258.synapse.com:6432/common/javascriptPage.html"}]
Mar 05, 2013 1:01:36 PM org.openqa.selenium.remote.RemoteWebDriver log
INFO: Executed: [f0fb82a6f972dd0a920a24e0056c742a, get {"url":"http://lwo1-dhp-f35258.synapse.com:6432/common/javascriptPage.html"}]
Mar 05, 2013 1:01:36 PM org.openqa.selenium.remote.RemoteWebDriver log
INFO: Executing: findElement [f0fb82a6f972dd0a920a24e0056c742a, findElement {"using":"id","value":"keyUpArea"}]
Mar 05, 2013 1:01:36 PM org.openqa.selenium.remote.RemoteWebDriver log
INFO: Executed: [f0fb82a6f972dd0a920a24e0056c742a, findElement {"using":"id","value":"keyUpArea"}]
Mar 05, 2013 1:01:36 PM org.openqa.selenium.remote.RemoteWebDriver log
INFO: Executing: sendKeysToElement [f0fb82a6f972dd0a920a24e0056c742a, sendKeysToElement {"id":":wdc:1362481296353","value":["I like cheese"]}]
Mar 05, 2013 1:01:36 PM org.openqa.selenium.remote.RemoteWebDriver log
INFO: Executed: [f0fb82a6f972dd0a920a24e0056c742a, sendKeysToElement {"id":":wdc:1362481296353","value":["I like cheese"]}]
Mar 05, 2013 1:01:36 PM org.openqa.selenium.remote.RemoteWebDriver log
INFO: Executing: findElement [f0fb82a6f972dd0a920a24e0056c742a, findElement {"using":"id","value":"result"}]
Mar 05, 2013 1:01:36 PM org.openqa.selenium.remote.RemoteWebDriver log
INFO: Executed: [f0fb82a6f972dd0a920a24e0056c742a, findElement {"using":"id","value":"result"}]
Mar 05, 2013 1:01:36 PM org.openqa.selenium.remote.RemoteWebDriver log
INFO: Executing: getElementText [f0fb82a6f972dd0a920a24e0056c742a, getElementText {"id":":wdc:1362481296354"}]
Mar 05, 2013 1:01:36 PM org.openqa.selenium.remote.RemoteWebDriver log
INFO: Executed: [f0fb82a6f972dd0a920a24e0056c742a, getElementText {"id":":wdc:1362481296354"}]
Mar 05, 2013 1:01:36 PM org.openqa.selenium.remote.RemoteWebDriver log
INFO: Executing: get [f0fb82a6f972dd0a920a24e0056c742a, get {"url":"http://lwo1-dhp-f35258.synapse.com:6432/common/javascriptPage.html"}]
Mar 05, 2013 1:01:36 PM org.openqa.selenium.remote.RemoteWebDriver log
INFO: Executed: [f0fb82a6f972dd0a920a24e0056c742a, get {"url":"http://lwo1-dhp-f35258.synapse.com:6432/common/javascriptPage.html"}]
Mar 05, 2013 1:01:36 PM org.openqa.selenium.remote.RemoteWebDriver log
INFO: Executing: findElement [f0fb82a6f972dd0a920a24e0056c742a, findElement {"using":"id","value":"keyDownArea"}]
Mar 05, 2013 1:01:36 PM org.openqa.selenium.remote.RemoteWebDriver log
INFO: Executed: [f0fb82a6f972dd0a920a24e0056c742a, findElement {"using":"id","value":"keyDownArea"}]
Mar 05, 2013 1:01:36 PM org.openqa.selenium.remote.RemoteWebDriver log
INFO: Executing: sendKeysToElement [f0fb82a6f972dd0a920a24e0056c742a, sendKeysToElement {"id":":wdc:1362481296850","value":["I like cheese"]}]
Mar 05, 2013 1:01:37 PM org.openqa.selenium.remote.RemoteWebDriver log
INFO: Executed: [f0fb82a6f972dd0a920a24e0056c742a, sendKeysToElement {"id":":wdc:1362481296850","value":["I like cheese"]}]
Mar 05, 2013 1:01:37 PM org.openqa.selenium.remote.RemoteWebDriver log
INFO: Executing: findElement [f0fb82a6f972dd0a920a24e0056c742a, findElement {"using":"id","value":"result"}]
Mar 05, 2013 1:01:37 PM org.openqa.selenium.remote.RemoteWebDriver log
INFO: Executed: [f0fb82a6f972dd0a920a24e0056c742a, findElement {"using":"id","value":"result"}]
Mar 05, 2013 1:01:37 PM org.openqa.selenium.remote.RemoteWebDriver log
INFO: Executing: getElementText [f0fb82a6f972dd0a920a24e0056c742a, getElementText {"id":":wdc:1362481296851"}]
Mar 05, 2013 1:01:37 PM org.openqa.selenium.remote.RemoteWebDriver log
INFO: Executed: [f0fb82a6f972dd0a920a24e0056c742a, getElementText {"id":":wdc:1362481296851"}]
Mar 05, 2013 1:01:37 PM org.openqa.selenium.remote.RemoteWebDriver log
INFO: Executing: get [f0fb82a6f972dd0a920a24e0056c742a, get {"url":"http://lwo1-dhp-f35258.synapse.com:6432/common/javascriptPage.html"}]
Mar 05, 2013 1:01:37 PM org.openqa.selenium.remote.RemoteWebDriver log
INFO: Executed: [f0fb82a6f972dd0a920a24e0056c742a, get {"url":"http://lwo1-dhp-f35258.synapse.com:6432/common/javascriptPage.html"}]
Mar 05, 2013 1:01:37 PM org.openqa.selenium.remote.RemoteWebDriver log
INFO: Executing: findElement [f0fb82a6f972dd0a920a24e0056c742a, findElement {"using":"id","value":"keyPressArea"}]
Mar 05, 2013 1:01:37 PM org.openqa.selenium.remote.RemoteWebDriver log
INFO: Executed: [f0fb82a6f972dd0a920a24e0056c742a, findElement {"using":"id","value":"keyPressArea"}]
Mar 05, 2013 1:01:37 PM org.openqa.selenium.remote.RemoteWebDriver log
INFO: Executing: sendKeysToElement [f0fb82a6f972dd0a920a24e0056c742a, sendKeysToElement {"id":":wdc:1362481297341","value":["I like cheese"]}]
Mar 05, 2013 1:01:37 PM org.openqa.selenium.remote.RemoteWebDriver log
INFO: Executed: [f0fb82a6f972dd0a920a24e0056c742a, sendKeysToElement {"id":":wdc:1362481297341","value":["I like cheese"]}]
Mar 05, 2013 1:01:37 PM org.openqa.selenium.remote.RemoteWebDriver log
INFO: Executing: findElement [f0fb82a6f972dd0a920a24e0056c742a, findElement {"using":"id","value":"result"}]
Mar 05, 2013 1:01:37 PM org.openqa.selenium.remote.RemoteWebDriver log
INFO: Executed: [f0fb82a6f972dd0a920a24e0056c742a, findElement {"using":"id","value":"result"}]
Mar 05, 2013 1:01:37 PM org.openqa.selenium.remote.RemoteWebDriver log
INFO: Executing: getElementText [f0fb82a6f972dd0a920a24e0056c742a, getElementText {"id":":wdc:1362481297342"}]
Mar 05, 2013 1:01:37 PM org.openqa.selenium.remote.RemoteWebDriver log
INFO: Executed: [f0fb82a6f972dd0a920a24e0056c742a, getElementText {"id":":wdc:1362481297342"}]
Mar 05, 2013 1:01:37 PM org.openqa.selenium.remote.RemoteWebDriver log
INFO: Executing: get [f0fb82a6f972dd0a920a24e0056c742a, get {"url":"http://lwo1-dhp-f35258.synapse.com:6432/common/javascriptPage.html"}]
Mar 05, 2013 1:01:37 PM org.openqa.selenium.remote.RemoteWebDriver log
INFO: Executed: [f0fb82a6f972dd0a920a24e0056c742a, get {"url":"http://lwo1-dhp-f35258.synapse.com:6432/common/javascriptPage.html"}]
Mar 05, 2013 1:01:37 PM org.openqa.selenium.remote.RemoteWebDriver log
INFO: Executing: findElement [f0fb82a6f972dd0a920a24e0056c742a, findElement {"using":"id","value":"result"}]
Mar 05, 2013 1:01:37 PM org.openqa.selenium.remote.RemoteWebDriver log
INFO: Executed: [f0fb82a6f972dd0a920a24e0056c742a, findElement {"using":"id","value":"result"}]
Mar 05, 2013 1:01:37 PM org.openqa.selenium.remote.RemoteWebDriver log
INFO: Executing: findElement [f0fb82a6f972dd0a920a24e0056c742a, findElement {"using":"id","value":"theworks"}]
Mar 05, 2013 1:01:37 PM org.openqa.selenium.remote.RemoteWebDriver log
INFO: Executed: [f0fb82a6f972dd0a920a24e0056c742a, findElement {"using":"id","value":"theworks"}]
Mar 05, 2013 1:01:37 PM org.openqa.selenium.remote.RemoteWebDriver log
INFO: Executing: sendKeysToElement [f0fb82a6f972dd0a920a24e0056c742a, sendKeysToElement {"id":":wdc:1362481297861","value":["a"]}]
Mar 05, 2013 1:01:38 PM org.openqa.selenium.remote.RemoteWebDriver log
INFO: Executed: [f0fb82a6f972dd0a920a24e0056c742a, sendKeysToElement {"id":":wdc:1362481297861","value":["a"]}]
Mar 05, 2013 1:01:38 PM org.openqa.selenium.remote.RemoteWebDriver log
INFO: Executing: getElementText [f0fb82a6f972dd0a920a24e0056c742a, getElementText {"id":":wdc:1362481297860"}]
Mar 05, 2013 1:01:38 PM org.openqa.selenium.remote.RemoteWebDriver log
INFO: Executed: [f0fb82a6f972dd0a920a24e0056c742a, getElementText {"id":":wdc:1362481297860"}]
Mar 05, 2013 1:01:38 PM org.openqa.selenium.remote.RemoteWebDriver log
INFO: Executing: get [f0fb82a6f972dd0a920a24e0056c742a, get {"url":"http://lwo1-dhp-f35258.synapse.com:6432/common/javascriptPage.html"}]
Mar 05, 2013 1:01:38 PM org.openqa.selenium.remote.RemoteWebDriver log
INFO: Executed: [f0fb82a6f972dd0a920a24e0056c742a, get {"url":"http://lwo1-dhp-f35258.synapse.com:6432/common/javascriptPage.html"}]
Mar 05, 2013 1:01:38 PM org.openqa.selenium.remote.RemoteWebDriver log
INFO: Executing: findElement [f0fb82a6f972dd0a920a24e0056c742a, findElement {"using":"id","value":"result"}]
Mar 05, 2013 1:01:38 PM org.openqa.selenium.remote.RemoteWebDriver log
INFO: Executed: [f0fb82a6f972dd0a920a24e0056c742a, findElement {"using":"id","value":"result"}]
Mar 05, 2013 1:01:38 PM org.openqa.selenium.remote.RemoteWebDriver log
INFO: Executing: findElement [f0fb82a6f972dd0a920a24e0056c742a, findElement {"using":"id","value":"keyReporter"}]
Mar 05, 2013 1:01:38 PM org.openqa.selenium.remote.RemoteWebDriver log
INFO: Executed: [f0fb82a6f972dd0a920a24e0056c742a, findElement {"using":"id","value":"keyReporter"}]
Mar 05, 2013 1:01:38 PM org.openqa.selenium.remote.RemoteWebDriver log
INFO: Executing: sendKeysToElement [f0fb82a6f972dd0a920a24e0056c742a, sendKeysToElement {"id":":wdc:1362481298357","value":[""]}]
Mar 05, 2013 1:01:38 PM org.openqa.selenium.remote.RemoteWebDriver log
INFO: Executed: [f0fb82a6f972dd0a920a24e0056c742a, sendKeysToElement {"id":":wdc:1362481298357","value":[""]}]
Mar 05, 2013 1:01:38 PM org.openqa.selenium.remote.RemoteWebDriver log
INFO: Executing: getElementText [f0fb82a6f972dd0a920a24e0056c742a, getElementText {"id":":wdc:1362481298356"}]
Mar 05, 2013 1:01:38 PM org.openqa.selenium.remote.RemoteWebDriver log
INFO: Executed: [f0fb82a6f972dd0a920a24e0056c742a, getElementText {"id":":wdc:1362481298356"}]
Mar 05, 2013 1:01:38 PM org.openqa.selenium.remote.RemoteWebDriver log
INFO: Executing: sendKeysToElement [f0fb82a6f972dd0a920a24e0056c742a, sendKeysToElement {"id":":wdc:1362481298357","value":[""]}]
Mar 05, 2013 1:01:39 PM org.openqa.selenium.remote.RemoteWebDriver log
INFO: Executed: [f0fb82a6f972dd0a920a24e0056c742a, sendKeysToElement {"id":":wdc:1362481298357","value":[""]}]
Mar 05, 2013 1:01:39 PM org.openqa.selenium.remote.RemoteWebDriver log
INFO: Executing: getElementText [f0fb82a6f972dd0a920a24e0056c742a, getElementText {"id":":wdc:1362481298356"}]
Mar 05, 2013 1:01:39 PM org.openqa.selenium.remote.RemoteWebDriver log
INFO: Executed: [f0fb82a6f972dd0a920a24e0056c742a, getElementText {"id":":wdc:1362481298356"}]
Mar 05, 2013 1:01:39 PM org.openqa.selenium.remote.RemoteWebDriver log
INFO: Executing: sendKeysToElement [f0fb82a6f972dd0a920a24e0056c742a, sendKeysToElement {"id":":wdc:1362481298357","value":[""]}]
Mar 05, 2013 1:01:39 PM org.openqa.selenium.remote.RemoteWebDriver log
INFO: Executed: [f0fb82a6f972dd0a920a24e0056c742a, sendKeysToElement {"id":":wdc:1362481298357","value":[""]}]
Mar 05, 2013 1:01:39 PM org.openqa.selenium.remote.RemoteWebDriver log
INFO: Executing: getElementText [f0fb82a6f972dd0a920a24e0056c742a, getElementText {"id":":wdc:1362481298356"}]
Mar 05, 2013 1:01:39 PM org.openqa.selenium.remote.RemoteWebDriver log
INFO: Executed: [f0fb82a6f972dd0a920a24e0056c742a, getElementText {"id":":wdc:1362481298356"}]
Mar 05, 2013 1:01:39 PM org.openqa.selenium.remote.RemoteWebDriver log
INFO: Executing: sendKeysToElement [f0fb82a6f972dd0a920a24e0056c742a, sendKeysToElement {"id":":wdc:1362481298357","value":[""]}]
Mar 05, 2013 1:01:39 PM org.openqa.selenium.remote.RemoteWebDriver log
INFO: Executed: [f0fb82a6f972dd0a920a24e0056c742a, sendKeysToElement {"id":":wdc:1362481298357","value":[""]}]
Mar 05, 2013 1:01:39 PM org.openqa.selenium.remote.RemoteWebDriver log
INFO: Executing: getElementText [f0fb82a6f972dd0a920a24e0056c742a, getElementText {"id":":wdc:1362481298356"}]
Mar 05, 2013 1:01:40 PM org.openqa.selenium.remote.RemoteWebDriver log
INFO: Executed: [f0fb82a6f972dd0a920a24e0056c742a, getElementText {"id":":wdc:1362481298356"}]
Mar 05, 2013 1:01:40 PM org.openqa.selenium.remote.RemoteWebDriver log
INFO: Executing: getElementAttribute [f0fb82a6f972dd0a920a24e0056c742a, getElementAttribute {"id":":wdc:1362481298357","name":"value"}]
Mar 05, 2013 1:01:40 PM org.openqa.selenium.remote.RemoteWebDriver log
INFO: Executed: [f0fb82a6f972dd0a920a24e0056c742a, getElementAttribute {"id":":wdc:1362481298357","name":"value"}]
Mar 05, 2013 1:01:40 PM org.openqa.selenium.remote.RemoteWebDriver log
INFO: Executing: get [f0fb82a6f972dd0a920a24e0056c742a, get {"url":"http://lwo1-dhp-f35258.synapse.com:6432/common/javascriptPage.html"}]
Mar 05, 2013 1:01:40 PM org.openqa.selenium.remote.RemoteWebDriver log
INFO: Executed: [f0fb82a6f972dd0a920a24e0056c742a, get {"url":"http://lwo1-dhp-f35258.synapse.com:6432/common/javascriptPage.html"}]
Mar 05, 2013 1:01:40 PM org.openqa.selenium.remote.RemoteWebDriver log
INFO: Executing: findElement [f0fb82a6f972dd0a920a24e0056c742a, findElement {"using":"id","value":"result"}]
Mar 05, 2013 1:01:40 PM org.openqa.selenium.remote.RemoteWebDriver log
INFO: Executed: [f0fb82a6f972dd0a920a24e0056c742a, findElement {"using":"id","value":"result"}]
Mar 05, 2013 1:01:40 PM org.openqa.selenium.remote.RemoteWebDriver log
INFO: Executing: findElement [f0fb82a6f972dd0a920a24e0056c742a, findElement {"using":"id","value":"keyReporter"}]
Mar 05, 2013 1:01:40 PM org.openqa.selenium.remote.RemoteWebDriver log
INFO: Executed: [f0fb82a6f972dd0a920a24e0056c742a, findElement {"using":"id","value":"keyReporter"}]
Mar 05, 2013 1:01:40 PM org.openqa.selenium.remote.RemoteWebDriver log
INFO: Executing: sendKeysToElement [f0fb82a6f972dd0a920a24e0056c742a, sendKeysToElement {"id":":wdc:1362481300163","value":[""]}]
Mar 05, 2013 1:01:40 PM org.openqa.selenium.remote.RemoteWebDriver log
INFO: Executed: [f0fb82a6f972dd0a920a24e0056c742a, sendKeysToElement {"id":":wdc:1362481300163","value":[""]}]
Mar 05, 2013 1:01:40 PM org.openqa.selenium.remote.RemoteWebDriver log
INFO: Executing: getElementText [f0fb82a6f972dd0a920a24e0056c742a, getElementText {"id":":wdc:1362481300162"}]
Mar 05, 2013 1:01:40 PM org.openqa.selenium.remote.RemoteWebDriver log
INFO: Executed: [f0fb82a6f972dd0a920a24e0056c742a, getElementText {"id":":wdc:1362481300162"}]
Mar 05, 2013 1:01:40 PM org.openqa.selenium.remote.RemoteWebDriver log
INFO: Executing: getElementText [f0fb82a6f972dd0a920a24e0056c742a, getElementText {"id":":wdc:1362481300162"}]
Mar 05, 2013 1:01:40 PM org.openqa.selenium.remote.RemoteWebDriver log
INFO: Executed: [f0fb82a6f972dd0a920a24e0056c742a, getElementText {"id":":wdc:1362481300162"}]
Mar 05, 2013 1:01:40 PM org.openqa.selenium.remote.RemoteWebDriver log
INFO: Executing: sendKeysToElement [f0fb82a6f972dd0a920a24e0056c742a, sendKeysToElement {"id":":wdc:1362481300163","value":[""]}]
Mar 05, 2013 1:01:40 PM org.openqa.selenium.remote.RemoteWebDriver log
INFO: Executed: [f0fb82a6f972dd0a920a24e0056c742a, sendKeysToElement {"id":":wdc:1362481300163","value":[""]}]
Mar 05, 2013 1:01:40 PM org.openqa.selenium.remote.RemoteWebDriver log
INFO: Executing: getElementText [f0fb82a6f972dd0a920a24e0056c742a, getElementText {"id":":wdc:1362481300162"}]
Mar 05, 2013 1:01:41 PM org.openqa.selenium.remote.RemoteWebDriver log
INFO: Executed: [f0fb82a6f972dd0a920a24e0056c742a, getElementText {"id":":wdc:1362481300162"}]
Mar 05, 2013 1:01:41 PM org.openqa.selenium.remote.RemoteWebDriver log
INFO: Executing: getElementText [f0fb82a6f972dd0a920a24e0056c742a, getElementText {"id":":wdc:1362481300162"}]
Mar 05, 2013 1:01:41 PM org.openqa.selenium.remote.RemoteWebDriver log
INFO: Executed: [f0fb82a6f972dd0a920a24e0056c742a, getElementText {"id":":wdc:1362481300162"}]
Mar 05, 2013 1:01:41 PM org.openqa.selenium.remote.RemoteWebDriver log
INFO: Executing: sendKeysToElement [f0fb82a6f972dd0a920a24e0056c742a, sendKeysToElement {"id":":wdc:1362481300163","value":[""]}]
Mar 05, 2013 1:01:41 PM org.openqa.selenium.remote.RemoteWebDriver log
INFO: Executed: [f0fb82a6f972dd0a920a24e0056c742a, sendKeysToElement {"id":":wdc:1362481300163","value":[""]}]
Mar 05, 2013 1:01:41 PM org.openqa.selenium.remote.RemoteWebDriver log
INFO: Executing: getElementText [f0fb82a6f972dd0a920a24e0056c742a, getElementText {"id":":wdc:1362481300162"}]
Mar 05, 2013 1:01:41 PM org.openqa.selenium.remote.RemoteWebDriver log
INFO: Executed: [f0fb82a6f972dd0a920a24e0056c742a, getElementText {"id":":wdc:1362481300162"}]
Mar 05, 2013 1:01:41 PM org.openqa.selenium.remote.RemoteWebDriver log
INFO: Executing: getElementText [f0fb82a6f972dd0a920a24e0056c742a, getElementText {"id":":wdc:1362481300162"}]
Mar 05, 2013 1:01:41 PM org.openqa.selenium.remote.RemoteWebDriver log
INFO: Executed: [f0fb82a6f972dd0a920a24e0056c742a, getElementText {"id":":wdc:1362481300162"}]
Mar 05, 2013 1:01:41 PM org.openqa.selenium.remote.RemoteWebDriver log
INFO: Executing: sendKeysToElement [f0fb82a6f972dd0a920a24e0056c742a, sendKeysToElement {"id":":wdc:1362481300163","value":[""]}]
Mar 05, 2013 1:01:42 PM org.openqa.selenium.remote.RemoteWebDriver log
INFO: Executed: [f0fb82a6f972dd0a920a24e0056c742a, sendKeysToElement {"id":":wdc:1362481300163","value":[""]}]
Mar 05, 2013 1:01:42 PM org.openqa.selenium.remote.RemoteWebDriver log
INFO: Executing: getElementText [f0fb82a6f972dd0a920a24e0056c742a, getElementText {"id":":wdc:1362481300162"}]
Mar 05, 2013 1:01:42 PM org.openqa.selenium.remote.RemoteWebDriver log
INFO: Executed: [f0fb82a6f972dd0a920a24e0056c742a, getElementText {"id":":wdc:1362481300162"}]
Mar 05, 2013 1:01:42 PM org.openqa.selenium.remote.RemoteWebDriver log
INFO: Executing: getElementText [f0fb82a6f972dd0a920a24e0056c742a, getElementText {"id":":wdc:1362481300162"}]
Mar 05, 2013 1:01:42 PM org.openqa.selenium.remote.RemoteWebDriver log
INFO: Executed: [f0fb82a6f972dd0a920a24e0056c742a, getElementText {"id":":wdc:1362481300162"}]
Mar 05, 2013 1:01:42 PM org.openqa.selenium.remote.RemoteWebDriver log
INFO: Executing: getElementAttribute [f0fb82a6f972dd0a920a24e0056c742a, getElementAttribute {"id":":wdc:1362481300163","name":"value"}]
Mar 05, 2013 1:01:42 PM org.openqa.selenium.remote.RemoteWebDriver log
INFO: Executed: [f0fb82a6f972dd0a920a24e0056c742a, getElementAttribute {"id":":wdc:1362481300163","name":"value"}]
Mar 05, 2013 1:01:42 PM org.openqa.selenium.remote.RemoteWebDriver log
INFO: Executing: get [f0fb82a6f972dd0a920a24e0056c742a, get {"url":"http://lwo1-dhp-f35258.synapse.com:6432/common/javascriptPage.html"}]
Mar 05, 2013 1:01:42 PM org.openqa.selenium.remote.RemoteWebDriver log
INFO: Executed: [f0fb82a6f972dd0a920a24e0056c742a, get {"url":"http://lwo1-dhp-f35258.synapse.com:6432/common/javascriptPage.html"}]
Mar 05, 2013 1:01:42 PM org.openqa.selenium.remote.RemoteWebDriver log
INFO: Executing: findElement [f0fb82a6f972dd0a920a24e0056c742a, findElement {"using":"id","value":"keyReporter"}]
Mar 05, 2013 1:01:42 PM org.openqa.selenium.remote.RemoteWebDriver log
INFO: Executed: [f0fb82a6f972dd0a920a24e0056c742a, findElement {"using":"id","value":"keyReporter"}]
Mar 05, 2013 1:01:42 PM org.openqa.selenium.remote.RemoteWebDriver log
INFO: Executing: sendKeysToElement [f0fb82a6f972dd0a920a24e0056c742a, sendKeysToElement {"id":":wdc:1362481302376","value":["`1234567890-=[]\\;,.'/42"]}]
Mar 05, 2013 1:01:42 PM org.openqa.selenium.remote.RemoteWebDriver log
INFO: Executed: [f0fb82a6f972dd0a920a24e0056c742a, sendKeysToElement {"id":":wdc:1362481302376","value":["`1234567890-=[]\\;,.'/42"]}]
Mar 05, 2013 1:01:42 PM org.openqa.selenium.remote.RemoteWebDriver log
INFO: Executing: getElementAttribute [f0fb82a6f972dd0a920a24e0056c742a, getElementAttribute {"id":":wdc:1362481302376","name":"value"}]
Mar 05, 2013 1:01:42 PM org.openqa.selenium.remote.RemoteWebDriver log
INFO: Executed: [f0fb82a6f972dd0a920a24e0056c742a, getElementAttribute {"id":":wdc:1362481302376","name":"value"}]
Mar 05, 2013 1:01:42 PM org.openqa.selenium.remote.RemoteWebDriver log
INFO: Executing: get [f0fb82a6f972dd0a920a24e0056c742a, get {"url":"http://lwo1-dhp-f35258.synapse.com:6432/common/javascriptPage.html"}]
Mar 05, 2013 1:01:42 PM org.openqa.selenium.remote.RemoteWebDriver log
INFO: Executed: [f0fb82a6f972dd0a920a24e0056c742a, get {"url":"http://lwo1-dhp-f35258.synapse.com:6432/common/javascriptPage.html"}]
Mar 05, 2013 1:01:42 PM org.openqa.selenium.remote.RemoteWebDriver log
INFO: Executing: findElement [f0fb82a6f972dd0a920a24e0056c742a, findElement {"using":"id","value":"result"}]
Mar 05, 2013 1:01:42 PM org.openqa.selenium.remote.RemoteWebDriver log
INFO: Executed: [f0fb82a6f972dd0a920a24e0056c742a, findElement {"using":"id","value":"result"}]
Mar 05, 2013 1:01:42 PM org.openqa.selenium.remote.RemoteWebDriver log
INFO: Executing: findElement [f0fb82a6f972dd0a920a24e0056c742a, findElement {"using":"id","value":"keyReporter"}]
Mar 05, 2013 1:01:42 PM org.openqa.selenium.remote.RemoteWebDriver log
INFO: Executed: [f0fb82a6f972dd0a920a24e0056c742a, findElement {"using":"id","value":"keyReporter"}]
Mar 05, 2013 1:01:42 PM org.openqa.selenium.remote.RemoteWebDriver log
INFO: Executing: sendKeysToElement [f0fb82a6f972dd0a920a24e0056c742a, sendKeysToElement {"id":":wdc:1362481302837","value":["~!@#$%^&*()_+{}:\"<>?|END~"]}]
Mar 05, 2013 1:01:43 PM org.openqa.selenium.remote.RemoteWebDriver log
INFO: Executed: [f0fb82a6f972dd0a920a24e0056c742a, sendKeysToElement {"id":":wdc:1362481302837","value":["~!@#$%^&*()_+{}:\"<>?|END~"]}]
Mar 05, 2013 1:01:43 PM org.openqa.selenium.remote.RemoteWebDriver log
INFO: Executing: getElementAttribute [f0fb82a6f972dd0a920a24e0056c742a, getElementAttribute {"id":":wdc:1362481302837","name":"value"}]
Mar 05, 2013 1:01:43 PM org.openqa.selenium.remote.RemoteWebDriver log
INFO: Executed: [f0fb82a6f972dd0a920a24e0056c742a, getElementAttribute {"id":":wdc:1362481302837","name":"value"}]
Mar 05, 2013 1:01:43 PM org.openqa.selenium.remote.RemoteWebDriver log
INFO: Executing: getElementText [f0fb82a6f972dd0a920a24e0056c742a, getElementText {"id":":wdc:1362481302836"}]
Mar 05, 2013 1:01:43 PM org.openqa.selenium.remote.RemoteWebDriver log
INFO: Executed: [f0fb82a6f972dd0a920a24e0056c742a, getElementText {"id":":wdc:1362481302836"}]
Mar 05, 2013 1:01:43 PM org.openqa.selenium.remote.RemoteWebDriver log
INFO: Executing: get [f0fb82a6f972dd0a920a24e0056c742a, get {"url":"http://lwo1-dhp-f35258.synapse.com:6432/common/javascriptPage.html"}]
Mar 05, 2013 1:01:43 PM org.openqa.selenium.remote.RemoteWebDriver log
INFO: Executed: [f0fb82a6f972dd0a920a24e0056c742a, get {"url":"http://lwo1-dhp-f35258.synapse.com:6432/common/javascriptPage.html"}]
Mar 05, 2013 1:01:43 PM org.openqa.selenium.remote.RemoteWebDriver log
INFO: Executing: findElement [f0fb82a6f972dd0a920a24e0056c742a, findElement {"using":"id","value":"keyReporter"}]
Mar 05, 2013 1:01:43 PM org.openqa.selenium.remote.RemoteWebDriver log
INFO: Executed: [f0fb82a6f972dd0a920a24e0056c742a, findElement {"using":"id","value":"keyReporter"}]
Mar 05, 2013 1:01:43 PM org.openqa.selenium.remote.RemoteWebDriver log
INFO: Executing: sendKeysToElement [f0fb82a6f972dd0a920a24e0056c742a, sendKeysToElement {"id":":wdc:1362481303450","value":["abcdefghijklmnopqrstuvwxyz"]}]
Mar 05, 2013 1:01:43 PM org.openqa.selenium.remote.RemoteWebDriver log
INFO: Executed: [f0fb82a6f972dd0a920a24e0056c742a, sendKeysToElement {"id":":wdc:1362481303450","value":["abcdefghijklmnopqrstuvwxyz"]}]
Mar 05, 2013 1:01:43 PM org.openqa.selenium.remote.RemoteWebDriver log
INFO: Executing: getElementAttribute [f0fb82a6f972dd0a920a24e0056c742a, getElementAttribute {"id":":wdc:1362481303450","name":"value"}]
Mar 05, 2013 1:01:43 PM org.openqa.selenium.remote.RemoteWebDriver log
INFO: Executed: [f0fb82a6f972dd0a920a24e0056c742a, getElementAttribute {"id":":wdc:1362481303450","name":"value"}]
Mar 05, 2013 1:01:43 PM org.openqa.selenium.remote.RemoteWebDriver log
INFO: Executing: get [f0fb82a6f972dd0a920a24e0056c742a, get {"url":"http://lwo1-dhp-f35258.synapse.com:6432/common/javascriptPage.html"}]
Mar 05, 2013 1:01:43 PM org.openqa.selenium.remote.RemoteWebDriver log
INFO: Executed: [f0fb82a6f972dd0a920a24e0056c742a, get {"url":"http://lwo1-dhp-f35258.synapse.com:6432/common/javascriptPage.html"}]
Mar 05, 2013 1:01:43 PM org.openqa.selenium.remote.RemoteWebDriver log
INFO: Executing: findElement [f0fb82a6f972dd0a920a24e0056c742a, findElement {"using":"id","value":"result"}]
Mar 05, 2013 1:01:43 PM org.openqa.selenium.remote.RemoteWebDriver log
INFO: Executed: [f0fb82a6f972dd0a920a24e0056c742a, findElement {"using":"id","value":"result"}]
Mar 05, 2013 1:01:43 PM org.openqa.selenium.remote.RemoteWebDriver log
INFO: Executing: findElement [f0fb82a6f972dd0a920a24e0056c742a, findElement {"using":"id","value":"keyReporter"}]
Mar 05, 2013 1:01:43 PM org.openqa.selenium.remote.RemoteWebDriver log
INFO: Executed: [f0fb82a6f972dd0a920a24e0056c742a, findElement {"using":"id","value":"keyReporter"}]
Mar 05, 2013 1:01:43 PM org.openqa.selenium.remote.RemoteWebDriver log
INFO: Executing: sendKeysToElement [f0fb82a6f972dd0a920a24e0056c742a, sendKeysToElement {"id":":wdc:1362481303887","value":["ABCDEFGHIJKLMNOPQRSTUVWXYZ"]}]
Mar 05, 2013 1:01:44 PM org.openqa.selenium.remote.RemoteWebDriver log
INFO: Executed: [f0fb82a6f972dd0a920a24e0056c742a, sendKeysToElement {"id":":wdc:1362481303887","value":["ABCDEFGHIJKLMNOPQRSTUVWXYZ"]}]
Mar 05, 2013 1:01:44 PM org.openqa.selenium.remote.RemoteWebDriver log
INFO: Executing: getElementAttribute [f0fb82a6f972dd0a920a24e0056c742a, getElementAttribute {"id":":wdc:1362481303887","name":"value"}]
Mar 05, 2013 1:01:44 PM org.openqa.selenium.remote.RemoteWebDriver log
INFO: Executed: [f0fb82a6f972dd0a920a24e0056c742a, getElementAttribute {"id":":wdc:1362481303887","name":"value"}]
Mar 05, 2013 1:01:44 PM org.openqa.selenium.remote.RemoteWebDriver log
INFO: Executing: getElementText [f0fb82a6f972dd0a920a24e0056c742a, getElementText {"id":":wdc:1362481303886"}]
Mar 05, 2013 1:01:44 PM org.openqa.selenium.remote.RemoteWebDriver log
INFO: Executed: [f0fb82a6f972dd0a920a24e0056c742a, getElementText {"id":":wdc:1362481303886"}]
Mar 05, 2013 1:01:44 PM org.openqa.selenium.remote.RemoteWebDriver log
INFO: Executing: get [f0fb82a6f972dd0a920a24e0056c742a, get {"url":"http://lwo1-dhp-f35258.synapse.com:6432/common/javascriptPage.html"}]
Mar 05, 2013 1:01:44 PM org.openqa.selenium.remote.RemoteWebDriver log
INFO: Executed: [f0fb82a6f972dd0a920a24e0056c742a, get {"url":"http://lwo1-dhp-f35258.synapse.com:6432/common/javascriptPage.html"}]
Mar 05, 2013 1:01:44 PM org.openqa.selenium.remote.RemoteWebDriver log
INFO: Executing: findElement [f0fb82a6f972dd0a920a24e0056c742a, findElement {"using":"id","value":"result"}]
Mar 05, 2013 1:01:44 PM org.openqa.selenium.remote.RemoteWebDriver log
INFO: Executed: [f0fb82a6f972dd0a920a24e0056c742a, findElement {"using":"id","value":"result"}]
Mar 05, 2013 1:01:44 PM org.openqa.selenium.remote.RemoteWebDriver log
INFO: Executing: findElement [f0fb82a6f972dd0a920a24e0056c742a, findElement {"using":"id","value":"keyReporter"}]
Mar 05, 2013 1:01:44 PM org.openqa.selenium.remote.RemoteWebDriver log
INFO: Executed: [f0fb82a6f972dd0a920a24e0056c742a, findElement {"using":"id","value":"keyReporter"}]
Mar 05, 2013 1:01:44 PM org.openqa.selenium.remote.RemoteWebDriver log
INFO: Executing: sendKeysToElement [f0fb82a6f972dd0a920a24e0056c742a, sendKeysToElement {"id":":wdc:1362481304501","value":["!\"#$%&'()*+,-./0123456789:;<=>?@ ABCDEFGHIJKLMNOPQRSTUVWXYZ [\\]^_`abcdefghijklmnopqrstuvwxyz{|}~"]}]
Mar 05, 2013 1:01:44 PM org.openqa.selenium.remote.RemoteWebDriver log
INFO: Executed: [f0fb82a6f972dd0a920a24e0056c742a, sendKeysToElement {"id":":wdc:1362481304501","value":["!\"#$%&'()*+,-./0123456789:;<=>?@ ABCDEFGHIJKLMNOPQRSTUVWXYZ [\\]^_`abcdefghijklmnopqrstuvwxyz{|}~"]}]
Mar 05, 2013 1:01:44 PM org.openqa.selenium.remote.RemoteWebDriver log
INFO: Executing: getElementAttribute [f0fb82a6f972dd0a920a24e0056c742a, getElementAttribute {"id":":wdc:1362481304501","name":"value"}]
Mar 05, 2013 1:01:44 PM org.openqa.selenium.remote.RemoteWebDriver log
INFO: Executed: [f0fb82a6f972dd0a920a24e0056c742a, getElementAttribute {"id":":wdc:1362481304501","name":"value"}]
Mar 05, 2013 1:01:44 PM org.openqa.selenium.remote.RemoteWebDriver log
INFO: Executing: getElementText [f0fb82a6f972dd0a920a24e0056c742a, getElementText {"id":":wdc:1362481304500"}]
Mar 05, 2013 1:01:45 PM org.openqa.selenium.remote.RemoteWebDriver log
INFO: Executed: [f0fb82a6f972dd0a920a24e0056c742a, getElementText {"id":":wdc:1362481304500"}]
Mar 05, 2013 1:01:45 PM org.openqa.selenium.remote.RemoteWebDriver log
INFO: Executing: get [f0fb82a6f972dd0a920a24e0056c742a, get {"url":"http://lwo1-dhp-f35258.synapse.com:6432/common/javascriptPage.html"}]
Mar 05, 2013 1:01:45 PM org.openqa.selenium.remote.RemoteWebDriver log
INFO: Executed: [f0fb82a6f972dd0a920a24e0056c742a, get {"url":"http://lwo1-dhp-f35258.synapse.com:6432/common/javascriptPage.html"}]
Mar 05, 2013 1:01:45 PM org.openqa.selenium.remote.RemoteWebDriver log
INFO: Executing: findElement [f0fb82a6f972dd0a920a24e0056c742a, findElement {"using":"id","value":"keyReporter"}]
Mar 05, 2013 1:01:45 PM org.openqa.selenium.remote.RemoteWebDriver log
INFO: Executed: [f0fb82a6f972dd0a920a24e0056c742a, findElement {"using":"id","value":"keyReporter"}]
Mar 05, 2013 1:01:45 PM org.openqa.selenium.remote.RemoteWebDriver log
INFO: Executing: sendKeysToElement [f0fb82a6f972dd0a920a24e0056c742a, sendKeysToElement {"id":":wdc:1362481305114","value":["ab1"]}]
Mar 05, 2013 1:01:45 PM org.openqa.selenium.remote.RemoteWebDriver log
INFO: Executed: [f0fb82a6f972dd0a920a24e0056c742a, sendKeysToElement {"id":":wdc:1362481305114","value":["ab1"]}]
Mar 05, 2013 1:01:45 PM org.openqa.selenium.remote.RemoteWebDriver log
INFO: Executing: getElementAttribute [f0fb82a6f972dd0a920a24e0056c742a, getElementAttribute {"id":":wdc:1362481305114","name":"value"}]
Mar 05, 2013 1:01:45 PM org.openqa.selenium.remote.RemoteWebDriver log
INFO: Executed: [f0fb82a6f972dd0a920a24e0056c742a, getElementAttribute {"id":":wdc:1362481305114","name":"value"}]
Mar 05, 2013 1:01:45 PM org.openqa.selenium.remote.RemoteWebDriver log
INFO: Executing: get [f0fb82a6f972dd0a920a24e0056c742a, get {"url":"http://lwo1-dhp-f35258.synapse.com:6432/common/javascriptPage.html"}]
Mar 05, 2013 1:01:45 PM org.openqa.selenium.remote.RemoteWebDriver log
INFO: Executed: [f0fb82a6f972dd0a920a24e0056c742a, get {"url":"http://lwo1-dhp-f35258.synapse.com:6432/common/javascriptPage.html"}]
Mar 05, 2013 1:01:45 PM org.openqa.selenium.remote.RemoteWebDriver log
INFO: Executing: findElement [f0fb82a6f972dd0a920a24e0056c742a, findElement {"using":"id","value":"keyReporter"}]
Mar 05, 2013 1:01:45 PM org.openqa.selenium.remote.RemoteWebDriver log
INFO: Executed: [f0fb82a6f972dd0a920a24e0056c742a, findElement {"using":"id","value":"keyReporter"}]
Mar 05, 2013 1:01:45 PM org.openqa.selenium.remote.RemoteWebDriver log
INFO: Executing: sendKeysToElement [f0fb82a6f972dd0a920a24e0056c742a, sendKeysToElement {"id":":wdc:1362481305570","value":["abc01011100"]}]
Mar 05, 2013 1:01:45 PM org.openqa.selenium.remote.RemoteWebDriver log
INFO: Executed: [f0fb82a6f972dd0a920a24e0056c742a, sendKeysToElement {"id":":wdc:1362481305570","value":["abc01011100"]}]
Mar 05, 2013 1:01:45 PM org.openqa.selenium.remote.RemoteWebDriver log
INFO: Executing: getElementAttribute [f0fb82a6f972dd0a920a24e0056c742a, getElementAttribute {"id":":wdc:1362481305570","name":"value"}]
Mar 05, 2013 1:01:45 PM org.openqa.selenium.remote.RemoteWebDriver log
INFO: Executed: [f0fb82a6f972dd0a920a24e0056c742a, getElementAttribute {"id":":wdc:1362481305570","name":"value"}]
Mar 05, 2013 1:01:45 PM org.openqa.selenium.remote.RemoteWebDriver log
INFO: Executing: get [f0fb82a6f972dd0a920a24e0056c742a, get {"url":"http://lwo1-dhp-f35258.synapse.com:6432/common/javascriptPage.html"}]
Mar 05, 2013 1:01:45 PM org.openqa.selenium.remote.RemoteWebDriver log
INFO: Executed: [f0fb82a6f972dd0a920a24e0056c742a, get {"url":"http://lwo1-dhp-f35258.synapse.com:6432/common/javascriptPage.html"}]
Mar 05, 2013 1:01:45 PM org.openqa.selenium.remote.RemoteWebDriver log
INFO: Executing: findElement [f0fb82a6f972dd0a920a24e0056c742a, findElement {"using":"id","value":"keyReporter"}]
Mar 05, 2013 1:01:46 PM org.openqa.selenium.remote.RemoteWebDriver log
INFO: Executed: [f0fb82a6f972dd0a920a24e0056c742a, findElement {"using":"id","value":"keyReporter"}]
Mar 05, 2013 1:01:46 PM org.openqa.selenium.remote.RemoteWebDriver log
INFO: Executing: sendKeysToElement [f0fb82a6f972dd0a920a24e0056c742a, sendKeysToElement {"id":":wdc:1362481306007","value":["abcdefghi"]}]
Mar 05, 2013 1:01:46 PM org.openqa.selenium.remote.RemoteWebDriver log
INFO: Executed: [f0fb82a6f972dd0a920a24e0056c742a, sendKeysToElement {"id":":wdc:1362481306007","value":["abcdefghi"]}]
Mar 05, 2013 1:01:46 PM org.openqa.selenium.remote.RemoteWebDriver log
INFO: Executing: getElementAttribute [f0fb82a6f972dd0a920a24e0056c742a, getElementAttribute {"id":":wdc:1362481306007","name":"value"}]
Mar 05, 2013 1:01:46 PM org.openqa.selenium.remote.RemoteWebDriver log
INFO: Executed: [f0fb82a6f972dd0a920a24e0056c742a, getElementAttribute {"id":":wdc:1362481306007","name":"value"}]
Mar 05, 2013 1:01:46 PM org.openqa.selenium.remote.RemoteWebDriver log
INFO: Executing: sendKeysToElement [f0fb82a6f972dd0a920a24e0056c742a, sendKeysToElement {"id":":wdc:1362481306007","value":["","",""]}]
Mar 05, 2013 1:01:46 PM org.openqa.selenium.remote.RemoteWebDriver log
INFO: Executed: [f0fb82a6f972dd0a920a24e0056c742a, sendKeysToElement {"id":":wdc:1362481306007","value":["","",""]}]
Mar 05, 2013 1:01:46 PM org.openqa.selenium.remote.RemoteWebDriver log
INFO: Executing: getElementAttribute [f0fb82a6f972dd0a920a24e0056c742a, getElementAttribute {"id":":wdc:1362481306007","name":"value"}]
Mar 05, 2013 1:01:46 PM org.openqa.selenium.remote.RemoteWebDriver log
INFO: Executed: [f0fb82a6f972dd0a920a24e0056c742a, getElementAttribute {"id":":wdc:1362481306007","name":"value"}]
Mar 05, 2013 1:01:46 PM org.openqa.selenium.remote.RemoteWebDriver log
INFO: Executing: sendKeysToElement [f0fb82a6f972dd0a920a24e0056c742a, sendKeysToElement {"id":":wdc:1362481306007","value":["","",""]}]
Mar 05, 2013 1:01:47 PM org.openqa.selenium.remote.RemoteWebDriver log
INFO: Executed: [f0fb82a6f972dd0a920a24e0056c742a, sendKeysToElement {"id":":wdc:1362481306007","value":["","",""]}]
Mar 05, 2013 1:01:47 PM org.openqa.selenium.remote.RemoteWebDriver log
INFO: Executing: getElementAttribute [f0fb82a6f972dd0a920a24e0056c742a, getElementAttribute {"id":":wdc:1362481306007","name":"value"}]
Mar 05, 2013 1:01:47 PM org.openqa.selenium.remote.RemoteWebDriver log
INFO: Executed: [f0fb82a6f972dd0a920a24e0056c742a, getElementAttribute {"id":":wdc:1362481306007","name":"value"}]
Mar 05, 2013 1:01:47 PM org.openqa.selenium.remote.RemoteWebDriver log
INFO: Executing: get [f0fb82a6f972dd0a920a24e0056c742a, get {"url":"http://lwo1-dhp-f35258.synapse.com:6432/common/javascriptPage.html"}]
Mar 05, 2013 1:01:47 PM org.openqa.selenium.remote.RemoteWebDriver log
INFO: Executed: [f0fb82a6f972dd0a920a24e0056c742a, get {"url":"http://lwo1-dhp-f35258.synapse.com:6432/common/javascriptPage.html"}]
Mar 05, 2013 1:01:47 PM org.openqa.selenium.remote.RemoteWebDriver log
INFO: Executing: findElement [f0fb82a6f972dd0a920a24e0056c742a, findElement {"using":"id","value":"keyReporter"}]
Mar 05, 2013 1:01:47 PM org.openqa.selenium.remote.RemoteWebDriver log
INFO: Executed: [f0fb82a6f972dd0a920a24e0056c742a, findElement {"using":"id","value":"keyReporter"}]
Mar 05, 2013 1:01:47 PM org.openqa.selenium.remote.RemoteWebDriver log
INFO: Executing: sendKeysToElement [f0fb82a6f972dd0a920a24e0056c742a, sendKeysToElement {"id":":wdc:1362481307235","value":["abcdfghij"]}]
Mar 05, 2013 1:01:47 PM org.openqa.selenium.remote.RemoteWebDriver log
INFO: Executed: [f0fb82a6f972dd0a920a24e0056c742a, sendKeysToElement {"id":":wdc:1362481307235","value":["abcdfghij"]}]
Mar 05, 2013 1:01:47 PM org.openqa.selenium.remote.RemoteWebDriver log
INFO: Executing: getElementAttribute [f0fb82a6f972dd0a920a24e0056c742a, getElementAttribute {"id":":wdc:1362481307235","name":"value"}]
Mar 05, 2013 1:01:47 PM org.openqa.selenium.remote.RemoteWebDriver log
INFO: Executed: [f0fb82a6f972dd0a920a24e0056c742a, getElementAttribute {"id":":wdc:1362481307235","name":"value"}]
Mar 05, 2013 1:01:47 PM org.openqa.selenium.remote.RemoteWebDriver log
INFO: Executing: get [f0fb82a6f972dd0a920a24e0056c742a, get {"url":"http://lwo1-dhp-f35258.synapse.com:6432/common/javascriptPage.html"}]
Mar 05, 2013 1:01:47 PM org.openqa.selenium.remote.RemoteWebDriver log
INFO: Executed: [f0fb82a6f972dd0a920a24e0056c742a, get {"url":"http://lwo1-dhp-f35258.synapse.com:6432/common/javascriptPage.html"}]
Mar 05, 2013 1:01:47 PM org.openqa.selenium.remote.RemoteWebDriver log
INFO: Executing: findElement [f0fb82a6f972dd0a920a24e0056c742a, findElement {"using":"id","value":"keyReporter"}]
Mar 05, 2013 1:01:47 PM org.openqa.selenium.remote.RemoteWebDriver log
INFO: Executed: [f0fb82a6f972dd0a920a24e0056c742a, findElement {"using":"id","value":"keyReporter"}]
Mar 05, 2013 1:01:47 PM org.openqa.selenium.remote.RemoteWebDriver log
INFO: Executing: sendKeysToElement [f0fb82a6f972dd0a920a24e0056c742a, sendKeysToElement {"id":":wdc:1362481307689","value":["abcdabcd"]}]
Mar 05, 2013 1:01:47 PM org.openqa.selenium.remote.RemoteWebDriver log
INFO: Executed: [f0fb82a6f972dd0a920a24e0056c742a, sendKeysToElement {"id":":wdc:1362481307689","value":["abcdabcd"]}]
Mar 05, 2013 1:01:47 PM org.openqa.selenium.remote.RemoteWebDriver log
INFO: Executing: getElementAttribute [f0fb82a6f972dd0a920a24e0056c742a, getElementAttribute {"id":":wdc:1362481307689","name":"value"}]
Mar 05, 2013 1:01:48 PM org.openqa.selenium.remote.RemoteWebDriver log
INFO: Executed: [f0fb82a6f972dd0a920a24e0056c742a, getElementAttribute {"id":":wdc:1362481307689","name":"value"}]
Mar 05, 2013 1:01:48 PM org.openqa.selenium.remote.RemoteWebDriver log
INFO: Executing: get [f0fb82a6f972dd0a920a24e0056c742a, get {"url":"http://lwo1-dhp-f35258.synapse.com:6432/common/javascriptPage.html"}]
Mar 05, 2013 1:01:48 PM org.openqa.selenium.remote.RemoteWebDriver log
INFO: Executed: [f0fb82a6f972dd0a920a24e0056c742a, get {"url":"http://lwo1-dhp-f35258.synapse.com:6432/common/javascriptPage.html"}]
Mar 05, 2013 1:01:48 PM org.openqa.selenium.remote.RemoteWebDriver log
INFO: Executing: findElement [f0fb82a6f972dd0a920a24e0056c742a, findElement {"using":"id","value":"keyReporter"}]
Mar 05, 2013 1:01:48 PM org.openqa.selenium.remote.RemoteWebDriver log
INFO: Executed: [f0fb82a6f972dd0a920a24e0056c742a, findElement {"using":"id","value":"keyReporter"}]
Mar 05, 2013 1:01:48 PM org.openqa.selenium.remote.RemoteWebDriver log
INFO: Executing: sendKeysToElement [f0fb82a6f972dd0a920a24e0056c742a, sendKeysToElement {"id":":wdc:1362481308122","value":["FUNCTION-KEYS"]}]
Mar 05, 2013 1:01:48 PM org.openqa.selenium.remote.RemoteWebDriver log
INFO: Executed: [f0fb82a6f972dd0a920a24e0056c742a, sendKeysToElement {"id":":wdc:1362481308122","value":["FUNCTION-KEYS"]}]
Mar 05, 2013 1:01:48 PM org.openqa.selenium.remote.RemoteWebDriver log
INFO: Executing: sendKeysToElement [f0fb82a6f972dd0a920a24e0056c742a, sendKeysToElement {"id":":wdc:1362481308122","value":["-TOO"]}]
Mar 05, 2013 1:01:48 PM org.openqa.selenium.remote.RemoteWebDriver log
INFO: Executed: [f0fb82a6f972dd0a920a24e0056c742a, sendKeysToElement {"id":":wdc:1362481308122","value":["-TOO"]}]
Mar 05, 2013 1:01:48 PM org.openqa.selenium.remote.RemoteWebDriver log
INFO: Executing: getElementAttribute [f0fb82a6f972dd0a920a24e0056c742a, getElementAttribute {"id":":wdc:1362481308122","name":"value"}]
Mar 05, 2013 1:01:48 PM org.openqa.selenium.remote.RemoteWebDriver log
INFO: Executed: [f0fb82a6f972dd0a920a24e0056c742a, getElementAttribute {"id":":wdc:1362481308122","name":"value"}]
Mar 05, 2013 1:01:48 PM org.openqa.selenium.remote.RemoteWebDriver log
INFO: Executing: get [f0fb82a6f972dd0a920a24e0056c742a, get {"url":"http://lwo1-dhp-f35258.synapse.com:6432/common/javascriptPage.html"}]
Mar 05, 2013 1:01:48 PM org.openqa.selenium.remote.RemoteWebDriver log
INFO: Executed: [f0fb82a6f972dd0a920a24e0056c742a, get {"url":"http://lwo1-dhp-f35258.synapse.com:6432/common/javascriptPage.html"}]
Mar 05, 2013 1:01:48 PM org.openqa.selenium.remote.RemoteWebDriver log
INFO: Executing: findElement [f0fb82a6f972dd0a920a24e0056c742a, findElement {"using":"id","value":"keyReporter"}]
Mar 05, 2013 1:01:48 PM org.openqa.selenium.remote.RemoteWebDriver log
INFO: Executed: [f0fb82a6f972dd0a920a24e0056c742a, findElement {"using":"id","value":"keyReporter"}]
Mar 05, 2013 1:01:48 PM org.openqa.selenium.remote.RemoteWebDriver log
INFO: Executing: sendKeysToElement [f0fb82a6f972dd0a920a24e0056c742a, sendKeysToElement {"id":":wdc:1362481308860","value":["abcd efgh"]}]
Mar 05, 2013 1:01:49 PM org.openqa.selenium.remote.RemoteWebDriver log
INFO: Executed: [f0fb82a6f972dd0a920a24e0056c742a, sendKeysToElement {"id":":wdc:1362481308860","value":["abcd efgh"]}]
Mar 05, 2013 1:01:49 PM org.openqa.selenium.remote.RemoteWebDriver log
INFO: Executing: getElementAttribute [f0fb82a6f972dd0a920a24e0056c742a, getElementAttribute {"id":":wdc:1362481308860","name":"value"}]
Mar 05, 2013 1:01:49 PM org.openqa.selenium.remote.RemoteWebDriver log
INFO: Executed: [f0fb82a6f972dd0a920a24e0056c742a, getElementAttribute {"id":":wdc:1362481308860","name":"value"}]
Mar 05, 2013 1:01:49 PM org.openqa.selenium.remote.RemoteWebDriver log
INFO: Executing: sendKeysToElement [f0fb82a6f972dd0a920a24e0056c742a, sendKeysToElement {"id":":wdc:1362481308860","value":["","","",""]}]
Mar 05, 2013 1:01:49 PM org.openqa.selenium.remote.RemoteWebDriver log
INFO: Executed: [f0fb82a6f972dd0a920a24e0056c742a, sendKeysToElement {"id":":wdc:1362481308860","value":["","","",""]}]
Mar 05, 2013 1:01:49 PM org.openqa.selenium.remote.RemoteWebDriver log
INFO: Executing: sendKeysToElement [f0fb82a6f972dd0a920a24e0056c742a, sendKeysToElement {"id":":wdc:1362481308860","value":[""]}]
Mar 05, 2013 1:01:49 PM org.openqa.selenium.remote.RemoteWebDriver log
INFO: Executed: [f0fb82a6f972dd0a920a24e0056c742a, sendKeysToElement {"id":":wdc:1362481308860","value":[""]}]
Mar 05, 2013 1:01:49 PM org.openqa.selenium.remote.RemoteWebDriver log
INFO: Executing: getElementAttribute [f0fb82a6f972dd0a920a24e0056c742a, getElementAttribute {"id":":wdc:1362481308860","name":"value"}]
Mar 05, 2013 1:01:49 PM org.openqa.selenium.remote.RemoteWebDriver log
INFO: Executed: [f0fb82a6f972dd0a920a24e0056c742a, getElementAttribute {"id":":wdc:1362481308860","name":"value"}]
Mar 05, 2013 1:01:49 PM org.openqa.selenium.remote.RemoteWebDriver log
INFO: Executing: get [f0fb82a6f972dd0a920a24e0056c742a, get {"url":"http://lwo1-dhp-f35258.synapse.com:6432/common/javascriptPage.html"}]
Mar 05, 2013 1:01:49 PM org.openqa.selenium.remote.RemoteWebDriver log
INFO: Executed: [f0fb82a6f972dd0a920a24e0056c742a, get {"url":"http://lwo1-dhp-f35258.synapse.com:6432/common/javascriptPage.html"}]
Mar 05, 2013 1:01:49 PM org.openqa.selenium.remote.RemoteWebDriver log
INFO: Executing: findElement [f0fb82a6f972dd0a920a24e0056c742a, findElement {"using":"id","value":"result"}]
Mar 05, 2013 1:01:49 PM org.openqa.selenium.remote.RemoteWebDriver log
INFO: Executed: [f0fb82a6f972dd0a920a24e0056c742a, findElement {"using":"id","value":"result"}]
Mar 05, 2013 1:01:49 PM org.openqa.selenium.remote.RemoteWebDriver log
INFO: Executing: findElement [f0fb82a6f972dd0a920a24e0056c742a, findElement {"using":"id","value":"keyReporter"}]
Mar 05, 2013 1:01:50 PM org.openqa.selenium.remote.RemoteWebDriver log
INFO: Executed: [f0fb82a6f972dd0a920a24e0056c742a, findElement {"using":"id","value":"keyReporter"}]
Mar 05, 2013 1:01:50 PM org.openqa.selenium.remote.RemoteWebDriver log
INFO: Executing: sendKeysToElement [f0fb82a6f972dd0a920a24e0056c742a, sendKeysToElement {"id":":wdc:1362481309990","value":["!\"#$%&'()*+,-./0123456789:;<=>?@ ABCDEFG"]}]
Mar 05, 2013 1:01:50 PM org.openqa.selenium.remote.RemoteWebDriver log
INFO: Executed: [f0fb82a6f972dd0a920a24e0056c742a, sendKeysToElement {"id":":wdc:1362481309990","value":["!\"#$%&'()*+,-./0123456789:;<=>?@ ABCDEFG"]}]
Mar 05, 2013 1:01:50 PM org.openqa.selenium.remote.RemoteWebDriver log
INFO: Executing: sendKeysToElement [f0fb82a6f972dd0a920a24e0056c742a, sendKeysToElement {"id":":wdc:1362481309990","value":[""]}]
Mar 05, 2013 1:01:50 PM org.openqa.selenium.remote.RemoteWebDriver log
INFO: Executed: [f0fb82a6f972dd0a920a24e0056c742a, sendKeysToElement {"id":":wdc:1362481309990","value":[""]}]
Mar 05, 2013 1:01:50 PM org.openqa.selenium.remote.RemoteWebDriver log
INFO: Executing: sendKeysToElement [f0fb82a6f972dd0a920a24e0056c742a, sendKeysToElement {"id":":wdc:1362481309990","value":[""]}]
Mar 05, 2013 1:01:50 PM org.openqa.selenium.remote.RemoteWebDriver log
INFO: Executed: [f0fb82a6f972dd0a920a24e0056c742a, sendKeysToElement {"id":":wdc:1362481309990","value":[""]}]
Mar 05, 2013 1:01:50 PM org.openqa.selenium.remote.RemoteWebDriver log
INFO: Executing: getElementText [f0fb82a6f972dd0a920a24e0056c742a, getElementText {"id":":wdc:1362481309989"}]
Mar 05, 2013 1:01:51 PM org.openqa.selenium.remote.RemoteWebDriver log
INFO: Executed: [f0fb82a6f972dd0a920a24e0056c742a, getElementText {"id":":wdc:1362481309989"}]
Mar 05, 2013 1:01:51 PM org.openqa.selenium.remote.RemoteWebDriver log
INFO: Executing: sendKeysToElement [f0fb82a6f972dd0a920a24e0056c742a, sendKeysToElement {"id":":wdc:1362481309990","value":[""]}]
Mar 05, 2013 1:01:51 PM org.openqa.selenium.remote.RemoteWebDriver log
INFO: Executed: [f0fb82a6f972dd0a920a24e0056c742a, sendKeysToElement {"id":":wdc:1362481309990","value":[""]}]
Mar 05, 2013 1:01:51 PM org.openqa.selenium.remote.RemoteWebDriver log
INFO: Executing: getElementAttribute [f0fb82a6f972dd0a920a24e0056c742a, getElementAttribute {"id":":wdc:1362481309990","name":"value"}]
Mar 05, 2013 1:01:51 PM org.openqa.selenium.remote.RemoteWebDriver log
INFO: Executed: [f0fb82a6f972dd0a920a24e0056c742a, getElementAttribute {"id":":wdc:1362481309990","name":"value"}]
Mar 05, 2013 1:01:51 PM org.openqa.selenium.remote.RemoteWebDriver log
INFO: Executing: get [f0fb82a6f972dd0a920a24e0056c742a, get {"url":"http://lwo1-dhp-f35258.synapse.com:6432/common/javascriptPage.html"}]
Mar 05, 2013 1:01:51 PM org.openqa.selenium.remote.RemoteWebDriver log
INFO: Executed: [f0fb82a6f972dd0a920a24e0056c742a, get {"url":"http://lwo1-dhp-f35258.synapse.com:6432/common/javascriptPage.html"}]
Mar 05, 2013 1:01:51 PM org.openqa.selenium.remote.RemoteWebDriver log
INFO: Executing: findElement [f0fb82a6f972dd0a920a24e0056c742a, findElement {"using":"id","value":"result"}]
Mar 05, 2013 1:01:51 PM org.openqa.selenium.remote.RemoteWebDriver log
INFO: Executed: [f0fb82a6f972dd0a920a24e0056c742a, findElement {"using":"id","value":"result"}]
Mar 05, 2013 1:01:51 PM org.openqa.selenium.remote.RemoteWebDriver log
INFO: Executing: findElement [f0fb82a6f972dd0a920a24e0056c742a, findElement {"using":"id","value":"keyReporter"}]
Mar 05, 2013 1:01:51 PM org.openqa.selenium.remote.RemoteWebDriver log
INFO: Executed: [f0fb82a6f972dd0a920a24e0056c742a, findElement {"using":"id","value":"keyReporter"}]
Mar 05, 2013 1:01:51 PM org.openqa.selenium.remote.RemoteWebDriver log
INFO: Executing: sendKeysToElement [f0fb82a6f972dd0a920a24e0056c742a, sendKeysToElement {"id":":wdc:1362481311438","value":["done"]}]
Mar 05, 2013 1:01:51 PM org.openqa.selenium.remote.RemoteWebDriver log
INFO: Executed: [f0fb82a6f972dd0a920a24e0056c742a, sendKeysToElement {"id":":wdc:1362481311438","value":["done"]}]
Mar 05, 2013 1:01:51 PM org.openqa.selenium.remote.RemoteWebDriver log
INFO: Executing: getElementAttribute [f0fb82a6f972dd0a920a24e0056c742a, getElementAttribute {"id":":wdc:1362481311438","name":"value"}]
Mar 05, 2013 1:01:51 PM org.openqa.selenium.remote.RemoteWebDriver log
INFO: Executed: [f0fb82a6f972dd0a920a24e0056c742a, getElementAttribute {"id":":wdc:1362481311438","name":"value"}]
Mar 05, 2013 1:01:51 PM org.openqa.selenium.remote.RemoteWebDriver log
INFO: Executing: sendKeysToElement [f0fb82a6f972dd0a920a24e0056c742a, sendKeysToElement {"id":":wdc:1362481311438","value":["ALL "]}]
Mar 05, 2013 1:01:52 PM org.openqa.selenium.remote.RemoteWebDriver log
INFO: Executed: [f0fb82a6f972dd0a920a24e0056c742a, sendKeysToElement {"id":":wdc:1362481311438","value":["ALL "]}]
Mar 05, 2013 1:01:52 PM org.openqa.selenium.remote.RemoteWebDriver log
INFO: Executing: getElementAttribute [f0fb82a6f972dd0a920a24e0056c742a, getElementAttribute {"id":":wdc:1362481311438","name":"value"}]
Mar 05, 2013 1:01:52 PM org.openqa.selenium.remote.RemoteWebDriver log
INFO: Executed: [f0fb82a6f972dd0a920a24e0056c742a, getElementAttribute {"id":":wdc:1362481311438","name":"value"}]
Mar 05, 2013 1:01:52 PM org.openqa.selenium.remote.RemoteWebDriver log
INFO: Executing: sendKeysToElement [f0fb82a6f972dd0a920a24e0056c742a, sendKeysToElement {"id":":wdc:1362481311438","value":[""]}]
Mar 05, 2013 1:01:52 PM org.openqa.selenium.remote.RemoteWebDriver log
INFO: Executed: [f0fb82a6f972dd0a920a24e0056c742a, sendKeysToElement {"id":":wdc:1362481311438","value":[""]}]
Mar 05, 2013 1:01:52 PM org.openqa.selenium.remote.RemoteWebDriver log
INFO: Executing: getElementAttribute [f0fb82a6f972dd0a920a24e0056c742a, getElementAttribute {"id":":wdc:1362481311438","name":"value"}]
Mar 05, 2013 1:01:52 PM org.openqa.selenium.remote.RemoteWebDriver log
INFO: Executed: [f0fb82a6f972dd0a920a24e0056c742a, getElementAttribute {"id":":wdc:1362481311438","name":"value"}]
Mar 05, 2013 1:01:52 PM org.openqa.selenium.remote.RemoteWebDriver log
INFO: Executing: sendKeysToElement [f0fb82a6f972dd0a920a24e0056c742a, sendKeysToElement {"id":":wdc:1362481311438","value":[""]}]
Mar 05, 2013 1:01:52 PM org.openqa.selenium.remote.RemoteWebDriver log
INFO: Executed: [f0fb82a6f972dd0a920a24e0056c742a, sendKeysToElement {"id":":wdc:1362481311438","value":[""]}]
Mar 05, 2013 1:01:52 PM org.openqa.selenium.remote.RemoteWebDriver log
INFO: Executing: getElementAttribute [f0fb82a6f972dd0a920a24e0056c742a, getElementAttribute {"id":":wdc:1362481311438","name":"value"}]
Mar 05, 2013 1:01:53 PM org.openqa.selenium.remote.RemoteWebDriver log
INFO: Executed: [f0fb82a6f972dd0a920a24e0056c742a, getElementAttribute {"id":":wdc:1362481311438","name":"value"}]
Mar 05, 2013 1:01:53 PM org.openqa.selenium.remote.RemoteWebDriver log
INFO: Executing: getElementText [f0fb82a6f972dd0a920a24e0056c742a, getElementText {"id":":wdc:1362481311437"}]
Mar 05, 2013 1:01:53 PM org.openqa.selenium.remote.RemoteWebDriver log
INFO: Executed: [f0fb82a6f972dd0a920a24e0056c742a, getElementText {"id":":wdc:1362481311437"}]
Mar 05, 2013 1:01:53 PM org.openqa.selenium.remote.RemoteWebDriver log
INFO: Executing: sendKeysToElement [f0fb82a6f972dd0a920a24e0056c742a, sendKeysToElement {"id":":wdc:1362481311438","value":[""]}]
Mar 05, 2013 1:01:53 PM org.openqa.selenium.remote.RemoteWebDriver log
INFO: Executed: [f0fb82a6f972dd0a920a24e0056c742a, sendKeysToElement {"id":":wdc:1362481311438","value":[""]}]
Mar 05, 2013 1:01:53 PM org.openqa.selenium.remote.RemoteWebDriver log
INFO: Executing: getElementAttribute [f0fb82a6f972dd0a920a24e0056c742a, getElementAttribute {"id":":wdc:1362481311438","name":"value"}]
Mar 05, 2013 1:01:53 PM org.openqa.selenium.remote.RemoteWebDriver log
INFO: Executed: [f0fb82a6f972dd0a920a24e0056c742a, getElementAttribute {"id":":wdc:1362481311438","name":"value"}]
Mar 05, 2013 1:01:53 PM org.openqa.selenium.remote.RemoteWebDriver log
INFO: Executing: get [f0fb82a6f972dd0a920a24e0056c742a, get {"url":"http://lwo1-dhp-f35258.synapse.com:6432/common/javascriptPage.html"}]
Mar 05, 2013 1:01:53 PM org.openqa.selenium.remote.RemoteWebDriver log
INFO: Executed: [f0fb82a6f972dd0a920a24e0056c742a, get {"url":"http://lwo1-dhp-f35258.synapse.com:6432/common/javascriptPage.html"}]
Mar 05, 2013 1:01:53 PM org.openqa.selenium.remote.RemoteWebDriver log
INFO: Executing: findElement [f0fb82a6f972dd0a920a24e0056c742a, findElement {"using":"id","value":"keyReporter"}]
Mar 05, 2013 1:01:53 PM org.openqa.selenium.remote.RemoteWebDriver log
INFO: Executed: [f0fb82a6f972dd0a920a24e0056c742a, findElement {"using":"id","value":"keyReporter"}]
Mar 05, 2013 1:01:53 PM org.openqa.selenium.remote.RemoteWebDriver log
INFO: Executing: findElement [f0fb82a6f972dd0a920a24e0056c742a, findElement {"using":"id","value":"result"}]
Mar 05, 2013 1:01:53 PM org.openqa.selenium.remote.RemoteWebDriver log
INFO: Executed: [f0fb82a6f972dd0a920a24e0056c742a, findElement {"using":"id","value":"result"}]
Mar 05, 2013 1:01:53 PM org.openqa.selenium.remote.RemoteWebDriver log
INFO: Executing: sendKeysToElement [f0fb82a6f972dd0a920a24e0056c742a, sendKeysToElement {"id":":wdc:1362481313643","value":["!\"#$%&'()*+,-./0123456789:;<=>?@ ABCDEFG"]}]
Mar 05, 2013 1:01:54 PM org.openqa.selenium.remote.RemoteWebDriver log
INFO: Executed: [f0fb82a6f972dd0a920a24e0056c742a, sendKeysToElement {"id":":wdc:1362481313643","value":["!\"#$%&'()*+,-./0123456789:;<=>?@ ABCDEFG"]}]
Mar 05, 2013 1:01:54 PM org.openqa.selenium.remote.RemoteWebDriver log
INFO: Executing: getElementAttribute [f0fb82a6f972dd0a920a24e0056c742a, getElementAttribute {"id":":wdc:1362481313643","name":"value"}]
Mar 05, 2013 1:01:54 PM org.openqa.selenium.remote.RemoteWebDriver log
INFO: Executed: [f0fb82a6f972dd0a920a24e0056c742a, getElementAttribute {"id":":wdc:1362481313643","name":"value"}]
Mar 05, 2013 1:01:54 PM org.openqa.selenium.remote.RemoteWebDriver log
INFO: Executing: sendKeysToElement [f0fb82a6f972dd0a920a24e0056c742a, sendKeysToElement {"id":":wdc:1362481313643","value":[""]}]
Mar 05, 2013 1:01:54 PM org.openqa.selenium.remote.RemoteWebDriver log
INFO: Executed: [f0fb82a6f972dd0a920a24e0056c742a, sendKeysToElement {"id":":wdc:1362481313643","value":[""]}]
Mar 05, 2013 1:01:54 PM org.openqa.selenium.remote.RemoteWebDriver log
INFO: Executing: sendKeysToElement [f0fb82a6f972dd0a920a24e0056c742a, sendKeysToElement {"id":":wdc:1362481313643","value":[""]}]
Mar 05, 2013 1:01:54 PM org.openqa.selenium.remote.RemoteWebDriver log
INFO: Executed: [f0fb82a6f972dd0a920a24e0056c742a, sendKeysToElement {"id":":wdc:1362481313643","value":[""]}]
Mar 05, 2013 1:01:54 PM org.openqa.selenium.remote.RemoteWebDriver log
INFO: Executing: getElementText [f0fb82a6f972dd0a920a24e0056c742a, getElementText {"id":":wdc:1362481313644"}]
Mar 05, 2013 1:01:54 PM org.openqa.selenium.remote.RemoteWebDriver log
INFO: Executed: [f0fb82a6f972dd0a920a24e0056c742a, getElementText {"id":":wdc:1362481313644"}]
Mar 05, 2013 1:01:54 PM org.openqa.selenium.remote.RemoteWebDriver log
INFO: Executing: sendKeysToElement [f0fb82a6f972dd0a920a24e0056c742a, sendKeysToElement {"id":":wdc:1362481313643","value":["","x"]}]
Mar 05, 2013 1:01:55 PM org.openqa.selenium.remote.RemoteWebDriver log
INFO: Executed: [f0fb82a6f972dd0a920a24e0056c742a, sendKeysToElement {"id":":wdc:1362481313643","value":["","x"]}]
Mar 05, 2013 1:01:55 PM org.openqa.selenium.remote.RemoteWebDriver log
INFO: Executing: getElementAttribute [f0fb82a6f972dd0a920a24e0056c742a, getElementAttribute {"id":":wdc:1362481313643","name":"value"}]
Mar 05, 2013 1:01:55 PM org.openqa.selenium.remote.RemoteWebDriver log
INFO: Executed: [f0fb82a6f972dd0a920a24e0056c742a, getElementAttribute {"id":":wdc:1362481313643","name":"value"}]
Mar 05, 2013 1:01:55 PM org.openqa.selenium.remote.RemoteWebDriver log
INFO: Executing: get [f0fb82a6f972dd0a920a24e0056c742a, get {"url":"http://lwo1-dhp-f35258.synapse.com:6432/common/formPage.html"}]
Mar 05, 2013 1:01:55 PM org.openqa.selenium.remote.RemoteWebDriver log
INFO: Executed: [f0fb82a6f972dd0a920a24e0056c742a, get {"url":"http://lwo1-dhp-f35258.synapse.com:6432/common/formPage.html"}]
Mar 05, 2013 1:01:55 PM org.openqa.selenium.remote.RemoteWebDriver log
INFO: Executing: findElement [f0fb82a6f972dd0a920a24e0056c742a, findElement {"using":"id","value":"no-type"}]
Mar 05, 2013 1:01:55 PM org.openqa.selenium.remote.RemoteWebDriver log
INFO: Executed: [f0fb82a6f972dd0a920a24e0056c742a, findElement {"using":"id","value":"no-type"}]
Mar 05, 2013 1:01:55 PM org.openqa.selenium.remote.RemoteWebDriver log
INFO: Executing: sendKeysToElement [f0fb82a6f972dd0a920a24e0056c742a, sendKeysToElement {"id":":wdc:1362481315206","value":["should say cheese"]}]
Mar 05, 2013 1:01:55 PM org.openqa.selenium.remote.RemoteWebDriver log
INFO: Executed: [f0fb82a6f972dd0a920a24e0056c742a, sendKeysToElement {"id":":wdc:1362481315206","value":["should say cheese"]}]
Mar 05, 2013 1:01:55 PM org.openqa.selenium.remote.RemoteWebDriver log
INFO: Executing: getElementAttribute [f0fb82a6f972dd0a920a24e0056c742a, getElementAttribute {"id":":wdc:1362481315206","name":"value"}]
Mar 05, 2013 1:01:55 PM org.openqa.selenium.remote.RemoteWebDriver log
INFO: Executed: [f0fb82a6f972dd0a920a24e0056c742a, getElementAttribute {"id":":wdc:1362481315206","name":"value"}]
Mar 05, 2013 1:01:55 PM org.openqa.selenium.remote.RemoteWebDriver log
INFO: Executing: get [f0fb82a6f972dd0a920a24e0056c742a, get {"url":"http://lwo1-dhp-f35258.synapse.com:6432/common/javascriptPage.html"}]
Mar 05, 2013 1:01:55 PM org.openqa.selenium.remote.RemoteWebDriver log
INFO: Executed: [f0fb82a6f972dd0a920a24e0056c742a, get {"url":"http://lwo1-dhp-f35258.synapse.com:6432/common/javascriptPage.html"}]
Mar 05, 2013 1:01:55 PM org.openqa.selenium.remote.RemoteWebDriver log
INFO: Executing: findElement [f0fb82a6f972dd0a920a24e0056c742a, findElement {"using":"name","value":"suppress"}]
Mar 05, 2013 1:01:55 PM org.openqa.selenium.remote.RemoteWebDriver log
INFO: Executed: [f0fb82a6f972dd0a920a24e0056c742a, findElement {"using":"name","value":"suppress"}]
Mar 05, 2013 1:01:55 PM org.openqa.selenium.remote.RemoteWebDriver log
INFO: Executing: sendKeysToElement [f0fb82a6f972dd0a920a24e0056c742a, sendKeysToElement {"id":":wdc:1362481315643","value":["s"]}]
Mar 05, 2013 1:01:56 PM org.openqa.selenium.remote.RemoteWebDriver log
INFO: Executed: [f0fb82a6f972dd0a920a24e0056c742a, sendKeysToElement {"id":":wdc:1362481315643","value":["s"]}]
Mar 05, 2013 1:01:56 PM org.openqa.selenium.remote.RemoteWebDriver log
INFO: Executing: getElementAttribute [f0fb82a6f972dd0a920a24e0056c742a, getElementAttribute {"id":":wdc:1362481315643","name":"value"}]
Mar 05, 2013 1:01:56 PM org.openqa.selenium.remote.RemoteWebDriver log
INFO: Executed: [f0fb82a6f972dd0a920a24e0056c742a, getElementAttribute {"id":":wdc:1362481315643","name":"value"}]
Mar 05, 2013 1:01:56 PM org.openqa.selenium.remote.RemoteWebDriver log
INFO: Executing: get [f0fb82a6f972dd0a920a24e0056c742a, get {"url":"http://lwo1-dhp-f35258.synapse.com:6432/common/rich_text.html"}]
Mar 05, 2013 1:01:56 PM org.openqa.selenium.remote.RemoteWebDriver log
INFO: Executed: [f0fb82a6f972dd0a920a24e0056c742a, get {"url":"http://lwo1-dhp-f35258.synapse.com:6432/common/rich_text.html"}]
Mar 05, 2013 1:01:56 PM org.openqa.selenium.remote.RemoteWebDriver log
INFO: Executing: switchToFrame [f0fb82a6f972dd0a920a24e0056c742a, switchToFrame {"id":"editFrame"}]
Mar 05, 2013 1:01:56 PM org.openqa.selenium.remote.RemoteWebDriver log
INFO: Executed: [f0fb82a6f972dd0a920a24e0056c742a, switchToFrame {"id":"editFrame"}]
Mar 05, 2013 1:01:56 PM org.openqa.selenium.remote.RemoteWebDriver log
INFO: Executing: getActiveElement [f0fb82a6f972dd0a920a24e0056c742a, getActiveElement {}]
Mar 05, 2013 1:01:56 PM org.openqa.selenium.remote.RemoteWebDriver log
INFO: Executed: [f0fb82a6f972dd0a920a24e0056c742a, getActiveElement {}]
Mar 05, 2013 1:01:56 PM org.openqa.selenium.remote.RemoteWebDriver log
INFO: Executing: sendKeysToElement [f0fb82a6f972dd0a920a24e0056c742a, sendKeysToElement {"id":":wdc:1362481316322","value":["Fishy"]}]
Mar 05, 2013 1:01:56 PM org.openqa.selenium.remote.RemoteWebDriver log
INFO: Executed: [f0fb82a6f972dd0a920a24e0056c742a, sendKeysToElement {"id":":wdc:1362481316322","value":["Fishy"]}]
Mar 05, 2013 1:01:56 PM org.openqa.selenium.remote.RemoteWebDriver log
INFO: Executing: switchToFrame [f0fb82a6f972dd0a920a24e0056c742a, switchToFrame {"id":null}]
Mar 05, 2013 1:01:56 PM org.openqa.selenium.remote.RemoteWebDriver log
INFO: Executed: [f0fb82a6f972dd0a920a24e0056c742a, switchToFrame {"id":null}]
Mar 05, 2013 1:01:56 PM org.openqa.selenium.remote.RemoteWebDriver log
INFO: Executing: findElement [f0fb82a6f972dd0a920a24e0056c742a, findElement {"using":"id","value":"istrusted"}]
Mar 05, 2013 1:01:56 PM org.openqa.selenium.remote.RemoteWebDriver log
INFO: Executed: [f0fb82a6f972dd0a920a24e0056c742a, findElement {"using":"id","value":"istrusted"}]
Mar 05, 2013 1:01:56 PM org.openqa.selenium.remote.RemoteWebDriver log
INFO: Executing: findElement [f0fb82a6f972dd0a920a24e0056c742a, findElement {"using":"id","value":"tagId"}]
Mar 05, 2013 1:01:56 PM org.openqa.selenium.remote.RemoteWebDriver log
INFO: Executed: [f0fb82a6f972dd0a920a24e0056c742a, findElement {"using":"id","value":"tagId"}]
Mar 05, 2013 1:01:56 PM org.openqa.selenium.remote.RemoteWebDriver log
INFO: Executing: getElementText [f0fb82a6f972dd0a920a24e0056c742a, getElementText {"id":":wdc:1362481316316"}]
Mar 05, 2013 1:01:56 PM org.openqa.selenium.remote.RemoteWebDriver log
INFO: Executed: [f0fb82a6f972dd0a920a24e0056c742a, getElementText {"id":":wdc:1362481316316"}]
Mar 05, 2013 1:01:56 PM org.openqa.selenium.remote.RemoteWebDriver log
INFO: Executing: getElementText [f0fb82a6f972dd0a920a24e0056c742a, getElementText {"id":":wdc:1362481316317"}]
Mar 05, 2013 1:01:56 PM org.openqa.selenium.remote.RemoteWebDriver log
INFO: Executed: [f0fb82a6f972dd0a920a24e0056c742a, getElementText {"id":":wdc:1362481316317"}]
Mar 05, 2013 1:01:56 PM org.openqa.selenium.remote.RemoteWebDriver log
INFO: Executing: get [f0fb82a6f972dd0a920a24e0056c742a, get {"url":"http://lwo1-dhp-f35258.synapse.com:6432/common/rich_text.html"}]
Mar 05, 2013 1:01:56 PM org.openqa.selenium.remote.RemoteWebDriver log
INFO: Executed: [f0fb82a6f972dd0a920a24e0056c742a, get {"url":"http://lwo1-dhp-f35258.synapse.com:6432/common/rich_text.html"}]
Mar 05, 2013 1:01:56 PM org.openqa.selenium.remote.RemoteWebDriver log
INFO: Executing: switchToFrame [f0fb82a6f972dd0a920a24e0056c742a, switchToFrame {"id":"editFrame"}]
Mar 05, 2013 1:01:56 PM org.openqa.selenium.remote.RemoteWebDriver log
INFO: Executed: [f0fb82a6f972dd0a920a24e0056c742a, switchToFrame {"id":"editFrame"}]
Mar 05, 2013 1:01:56 PM org.openqa.selenium.remote.RemoteWebDriver log
INFO: Executing: getActiveElement [f0fb82a6f972dd0a920a24e0056c742a, getActiveElement {}]
Mar 05, 2013 1:01:56 PM org.openqa.selenium.remote.RemoteWebDriver log
INFO: Executed: [f0fb82a6f972dd0a920a24e0056c742a, getActiveElement {}]
Mar 05, 2013 1:01:56 PM org.openqa.selenium.remote.RemoteWebDriver log
INFO: Executing: sendKeysToElement [f0fb82a6f972dd0a920a24e0056c742a, sendKeysToElement {"id":":wdc:1362481316972","value":["Dishy","","",""]}]
Mar 05, 2013 1:01:57 PM org.openqa.selenium.remote.RemoteWebDriver log
INFO: Executed: [f0fb82a6f972dd0a920a24e0056c742a, sendKeysToElement {"id":":wdc:1362481316972","value":["Dishy","","",""]}]
Mar 05, 2013 1:01:57 PM org.openqa.selenium.remote.RemoteWebDriver log
INFO: Executing: sendKeysToElement [f0fb82a6f972dd0a920a24e0056c742a, sendKeysToElement {"id":":wdc:1362481316972","value":["","","F","","","ee!"]}]
Mar 05, 2013 1:01:57 PM org.openqa.selenium.remote.RemoteWebDriver log
INFO: Executed: [f0fb82a6f972dd0a920a24e0056c742a, sendKeysToElement {"id":":wdc:1362481316972","value":["","","F","","","ee!"]}]
Mar 05, 2013 1:01:57 PM org.openqa.selenium.remote.RemoteWebDriver log
INFO: Executing: getElementText [f0fb82a6f972dd0a920a24e0056c742a, getElementText {"id":":wdc:1362481316972"}]
Mar 05, 2013 1:01:57 PM org.openqa.selenium.remote.RemoteWebDriver log
INFO: Executed: [f0fb82a6f972dd0a920a24e0056c742a, getElementText {"id":":wdc:1362481316972"}]
Mar 05, 2013 1:01:57 PM org.openqa.selenium.remote.RemoteWebDriver log
INFO: Executing: get [f0fb82a6f972dd0a920a24e0056c742a, get {"url":"http://lwo1-dhp-f35258.synapse.com:6432/common/formPage.html"}]
Mar 05, 2013 1:01:57 PM org.openqa.selenium.remote.RemoteWebDriver log
INFO: Executed: [f0fb82a6f972dd0a920a24e0056c742a, get {"url":"http://lwo1-dhp-f35258.synapse.com:6432/common/formPage.html"}]
Mar 05, 2013 1:01:57 PM org.openqa.selenium.remote.RemoteWebDriver log
INFO: Executing: findElement [f0fb82a6f972dd0a920a24e0056c742a, findElement {"using":"id","value":"email"}]
Mar 05, 2013 1:01:57 PM org.openqa.selenium.remote.RemoteWebDriver log
INFO: Executed: [f0fb82a6f972dd0a920a24e0056c742a, findElement {"using":"id","value":"email"}]
Mar 05, 2013 1:01:57 PM org.openqa.selenium.remote.RemoteWebDriver log
INFO: Executing: sendKeysToElement [f0fb82a6f972dd0a920a24e0056c742a, sendKeysToElement {"id":":wdc:1362481317696","value":["foobar"]}]
Mar 05, 2013 1:01:58 PM org.openqa.selenium.remote.RemoteWebDriver log
INFO: Executed: [f0fb82a6f972dd0a920a24e0056c742a, sendKeysToElement {"id":":wdc:1362481317696","value":["foobar"]}]
Mar 05, 2013 1:01:58 PM org.openqa.selenium.remote.RemoteWebDriver log
INFO: Executing: getElementAttribute [f0fb82a6f972dd0a920a24e0056c742a, getElementAttribute {"id":":wdc:1362481317696","name":"value"}]
Mar 05, 2013 1:01:58 PM org.openqa.selenium.remote.RemoteWebDriver log
INFO: Executed: [f0fb82a6f972dd0a920a24e0056c742a, getElementAttribute {"id":":wdc:1362481317696","name":"value"}]
Mar 05, 2013 1:01:58 PM org.openqa.selenium.remote.RemoteWebDriver log
INFO: Executing: get [f0fb82a6f972dd0a920a24e0056c742a, get {"url":"http://lwo1-dhp-f35258.synapse.com:6432/common/readOnlyPage.html"}]
Mar 05, 2013 1:01:58 PM org.openqa.selenium.remote.RemoteWebDriver log
INFO: Executed: [f0fb82a6f972dd0a920a24e0056c742a, get {"url":"http://lwo1-dhp-f35258.synapse.com:6432/common/readOnlyPage.html"}]
Mar 05, 2013 1:01:58 PM org.openqa.selenium.remote.RemoteWebDriver log
INFO: Executing: findElement [f0fb82a6f972dd0a920a24e0056c742a, findElement {"using":"id","value":"content-editable"}]
Mar 05, 2013 1:01:58 PM org.openqa.selenium.remote.RemoteWebDriver log
INFO: Executed: [f0fb82a6f972dd0a920a24e0056c742a, findElement {"using":"id","value":"content-editable"}]
Mar 05, 2013 1:01:58 PM org.openqa.selenium.remote.RemoteWebDriver log
INFO: Executing: clearElement [f0fb82a6f972dd0a920a24e0056c742a, clearElement {"id":":wdc:1362481318223"}]
Mar 05, 2013 1:01:58 PM org.openqa.selenium.remote.RemoteWebDriver log
INFO: Executed: [f0fb82a6f972dd0a920a24e0056c742a, clearElement {"id":":wdc:1362481318223"}]
Mar 05, 2013 1:01:58 PM org.openqa.selenium.remote.RemoteWebDriver log
INFO: Executing: sendKeysToElement [f0fb82a6f972dd0a920a24e0056c742a, sendKeysToElement {"id":":wdc:1362481318223","value":["cheese"]}]
Mar 05, 2013 1:01:58 PM org.openqa.selenium.remote.RemoteWebDriver log
INFO: Executed: [f0fb82a6f972dd0a920a24e0056c742a, sendKeysToElement {"id":":wdc:1362481318223","value":["cheese"]}]
Mar 05, 2013 1:01:58 PM org.openqa.selenium.remote.RemoteWebDriver log
INFO: Executing: getElementText [f0fb82a6f972dd0a920a24e0056c742a, getElementText {"id":":wdc:1362481318223"}]
Mar 05, 2013 1:01:58 PM org.openqa.selenium.remote.RemoteWebDriver log
INFO: Executed: [f0fb82a6f972dd0a920a24e0056c742a, getElementText {"id":":wdc:1362481318223"}]
Mar 05, 2013 1:01:58 PM org.openqa.selenium.remote.RemoteWebDriver log
INFO: Executing: get [f0fb82a6f972dd0a920a24e0056c742a, get {"url":"http://lwo1-dhp-f35258.synapse.com:6432/common/upload.html"}]
Mar 05, 2013 1:01:58 PM org.openqa.selenium.remote.RemoteWebDriver log
INFO: Executed: [f0fb82a6f972dd0a920a24e0056c742a, get {"url":"http://lwo1-dhp-f35258.synapse.com:6432/common/upload.html"}]
Mar 05, 2013 1:01:58 PM org.openqa.selenium.remote.RemoteWebDriver log
INFO: Executing: findElement [f0fb82a6f972dd0a920a24e0056c742a, findElement {"using":"id","value":"upload"}]
Mar 05, 2013 1:01:58 PM org.openqa.selenium.remote.RemoteWebDriver log
INFO: Executed: [f0fb82a6f972dd0a920a24e0056c742a, findElement {"using":"id","value":"upload"}]
Mar 05, 2013 1:01:58 PM org.openqa.selenium.remote.RemoteWebDriver log
INFO: Executing: sendKeysToElement [f0fb82a6f972dd0a920a24e0056c742a, sendKeysToElement {"id":":wdc:1362481318750","value":["/tmp/webdriver6643472227923473305tmp"]}]
Mar 05, 2013 1:01:59 PM org.openqa.selenium.remote.RemoteWebDriver log
INFO: Executed: [f0fb82a6f972dd0a920a24e0056c742a, sendKeysToElement {"id":":wdc:1362481318750","value":["/tmp/webdriver6643472227923473305tmp"]}]
Mar 05, 2013 1:01:59 PM org.openqa.selenium.remote.RemoteWebDriver log
INFO: Executing: findElement [f0fb82a6f972dd0a920a24e0056c742a, findElement {"using":"id","value":"go"}]
Mar 05, 2013 1:01:59 PM org.openqa.selenium.remote.RemoteWebDriver log
INFO: Executed: [f0fb82a6f972dd0a920a24e0056c742a, findElement {"using":"id","value":"go"}]
Mar 05, 2013 1:01:59 PM org.openqa.selenium.remote.RemoteWebDriver log
INFO: Executing: submitElement [f0fb82a6f972dd0a920a24e0056c742a, submitElement {"id":":wdc:1362481318751"}]
Mar 05, 2013 1:01:59 PM org.openqa.selenium.remote.RemoteWebDriver log
INFO: Executed: [f0fb82a6f972dd0a920a24e0056c742a, submitElement {"id":":wdc:1362481318751"}]
Mar 05, 2013 1:01:59 PM org.openqa.selenium.remote.RemoteWebDriver log
INFO: Executing: findElement [f0fb82a6f972dd0a920a24e0056c742a, findElement {"using":"id","value":"upload_label"}]
Mar 05, 2013 1:01:59 PM org.openqa.selenium.remote.RemoteWebDriver log
INFO: Executed: [f0fb82a6f972dd0a920a24e0056c742a, findElement {"using":"id","value":"upload_label"}]
Mar 05, 2013 1:01:59 PM org.openqa.selenium.remote.RemoteWebDriver log
INFO: Executing: isElementDisplayed [f0fb82a6f972dd0a920a24e0056c742a, isElementDisplayed {"id":":wdc:1362481318752"}]
Mar 05, 2013 1:01:59 PM org.openqa.selenium.remote.RemoteWebDriver log
INFO: Executed: [f0fb82a6f972dd0a920a24e0056c742a, isElementDisplayed {"id":":wdc:1362481318752"}]
Mar 05, 2013 1:01:59 PM org.openqa.selenium.remote.RemoteWebDriver log
INFO: Executing: isElementDisplayed [f0fb82a6f972dd0a920a24e0056c742a, isElementDisplayed {"id":":wdc:1362481318752"}]
Mar 05, 2013 1:01:59 PM org.openqa.selenium.remote.RemoteWebDriver log
INFO: Executed: [f0fb82a6f972dd0a920a24e0056c742a, isElementDisplayed {"id":":wdc:1362481318752"}]
Mar 05, 2013 1:01:59 PM org.openqa.selenium.remote.RemoteWebDriver log
INFO: Executing: isElementDisplayed [f0fb82a6f972dd0a920a24e0056c742a, isElementDisplayed {"id":":wdc:1362481318752"}]
Mar 05, 2013 1:01:59 PM org.openqa.selenium.remote.RemoteWebDriver log
INFO: Executed: [f0fb82a6f972dd0a920a24e0056c742a, isElementDisplayed {"id":":wdc:1362481318752"}]
Mar 05, 2013 1:01:59 PM org.openqa.selenium.remote.RemoteWebDriver log
INFO: Executing: isElementDisplayed [f0fb82a6f972dd0a920a24e0056c742a, isElementDisplayed {"id":":wdc:1362481318752"}]
Mar 05, 2013 1:01:59 PM org.openqa.selenium.remote.RemoteWebDriver log
INFO: Executed: [f0fb82a6f972dd0a920a24e0056c742a, isElementDisplayed {"id":":wdc:1362481318752"}]
Mar 05, 2013 1:01:59 PM org.openqa.selenium.remote.RemoteWebDriver log
INFO: Executing: isElementDisplayed [f0fb82a6f972dd0a920a24e0056c742a, isElementDisplayed {"id":":wdc:1362481318752"}]
Mar 05, 2013 1:01:59 PM org.openqa.selenium.remote.RemoteWebDriver log
INFO: Executed: [f0fb82a6f972dd0a920a24e0056c742a, isElementDisplayed {"id":":wdc:1362481318752"}]
Mar 05, 2013 1:01:59 PM org.openqa.selenium.remote.RemoteWebDriver log
INFO: Executing: isElementDisplayed [f0fb82a6f972dd0a920a24e0056c742a, isElementDisplayed {"id":":wdc:1362481318752"}]
Mar 05, 2013 1:01:59 PM org.openqa.selenium.remote.RemoteWebDriver log
INFO: Executed: [f0fb82a6f972dd0a920a24e0056c742a, isElementDisplayed {"id":":wdc:1362481318752"}]
Mar 05, 2013 1:02:00 PM org.openqa.selenium.remote.RemoteWebDriver log
INFO: Executing: isElementDisplayed [f0fb82a6f972dd0a920a24e0056c742a, isElementDisplayed {"id":":wdc:1362481318752"}]
Mar 05, 2013 1:02:00 PM org.openqa.selenium.remote.RemoteWebDriver log
INFO: Executed: [f0fb82a6f972dd0a920a24e0056c742a, isElementDisplayed {"id":":wdc:1362481318752"}]
Mar 05, 2013 1:02:00 PM org.openqa.selenium.remote.RemoteWebDriver log
INFO: Executing: isElementDisplayed [f0fb82a6f972dd0a920a24e0056c742a, isElementDisplayed {"id":":wdc:1362481318752"}]
Mar 05, 2013 1:02:00 PM org.openqa.selenium.remote.RemoteWebDriver log
INFO: Executed: [f0fb82a6f972dd0a920a24e0056c742a, isElementDisplayed {"id":":wdc:1362481318752"}]
Mar 05, 2013 1:02:00 PM org.openqa.selenium.remote.RemoteWebDriver log
INFO: Executing: isElementDisplayed [f0fb82a6f972dd0a920a24e0056c742a, isElementDisplayed {"id":":wdc:1362481318752"}]
Mar 05, 2013 1:02:00 PM org.openqa.selenium.remote.RemoteWebDriver log
INFO: Executed: [f0fb82a6f972dd0a920a24e0056c742a, isElementDisplayed {"id":":wdc:1362481318752"}]
Mar 05, 2013 1:02:00 PM org.openqa.selenium.remote.RemoteWebDriver log
INFO: Executing: isElementDisplayed [f0fb82a6f972dd0a920a24e0056c742a, isElementDisplayed {"id":":wdc:1362481318752"}]
Mar 05, 2013 1:02:00 PM org.openqa.selenium.remote.RemoteWebDriver log
INFO: Executed: [f0fb82a6f972dd0a920a24e0056c742a, isElementDisplayed {"id":":wdc:1362481318752"}]
Mar 05, 2013 1:02:00 PM org.openqa.selenium.remote.RemoteWebDriver log
INFO: Executing: isElementDisplayed [f0fb82a6f972dd0a920a24e0056c742a, isElementDisplayed {"id":":wdc:1362481318752"}]
Mar 05, 2013 1:02:00 PM org.openqa.selenium.remote.RemoteWebDriver log
INFO: Executed: [f0fb82a6f972dd0a920a24e0056c742a, isElementDisplayed {"id":":wdc:1362481318752"}]
Mar 05, 2013 1:02:00 PM org.openqa.selenium.remote.RemoteWebDriver log
INFO: Executing: isElementDisplayed [f0fb82a6f972dd0a920a24e0056c742a, isElementDisplayed {"id":":wdc:1362481318752"}]
Mar 05, 2013 1:02:00 PM org.openqa.selenium.remote.RemoteWebDriver log
INFO: Executed: [f0fb82a6f972dd0a920a24e0056c742a, isElementDisplayed {"id":":wdc:1362481318752"}]
Mar 05, 2013 1:02:00 PM org.openqa.selenium.remote.RemoteWebDriver log
INFO: Executing: isElementDisplayed [f0fb82a6f972dd0a920a24e0056c742a, isElementDisplayed {"id":":wdc:1362481318752"}]
Mar 05, 2013 1:02:00 PM org.openqa.selenium.remote.RemoteWebDriver log
INFO: Executed: [f0fb82a6f972dd0a920a24e0056c742a, isElementDisplayed {"id":":wdc:1362481318752"}]
Mar 05, 2013 1:02:00 PM org.openqa.selenium.remote.RemoteWebDriver log
INFO: Executing: isElementDisplayed [f0fb82a6f972dd0a920a24e0056c742a, isElementDisplayed {"id":":wdc:1362481318752"}]
Mar 05, 2013 1:02:00 PM org.openqa.selenium.remote.RemoteWebDriver log
INFO: Executed: [f0fb82a6f972dd0a920a24e0056c742a, isElementDisplayed {"id":":wdc:1362481318752"}]
Mar 05, 2013 1:02:00 PM org.openqa.selenium.remote.RemoteWebDriver log
INFO: Executing: isElementDisplayed [f0fb82a6f972dd0a920a24e0056c742a, isElementDisplayed {"id":":wdc:1362481318752"}]
Mar 05, 2013 1:02:00 PM org.openqa.selenium.remote.RemoteWebDriver log
INFO: Executed: [f0fb82a6f972dd0a920a24e0056c742a, isElementDisplayed {"id":":wdc:1362481318752"}]
Mar 05, 2013 1:02:01 PM org.openqa.selenium.remote.RemoteWebDriver log
INFO: Executing: isElementDisplayed [f0fb82a6f972dd0a920a24e0056c742a, isElementDisplayed {"id":":wdc:1362481318752"}]
Mar 05, 2013 1:02:01 PM org.openqa.selenium.remote.RemoteWebDriver log
INFO: Executed: [f0fb82a6f972dd0a920a24e0056c742a, isElementDisplayed {"id":":wdc:1362481318752"}]
Mar 05, 2013 1:02:01 PM org.openqa.selenium.remote.RemoteWebDriver log
INFO: Executing: isElementDisplayed [f0fb82a6f972dd0a920a24e0056c742a, isElementDisplayed {"id":":wdc:1362481318752"}]
Mar 05, 2013 1:02:01 PM org.openqa.selenium.remote.RemoteWebDriver log
INFO: Executed: [f0fb82a6f972dd0a920a24e0056c742a, isElementDisplayed {"id":":wdc:1362481318752"}]
Mar 05, 2013 1:02:01 PM org.openqa.selenium.remote.RemoteWebDriver log
INFO: Executing: isElementDisplayed [f0fb82a6f972dd0a920a24e0056c742a, isElementDisplayed {"id":":wdc:1362481318752"}]
Mar 05, 2013 1:02:01 PM org.openqa.selenium.remote.RemoteWebDriver log
INFO: Executed: [f0fb82a6f972dd0a920a24e0056c742a, isElementDisplayed {"id":":wdc:1362481318752"}]
Mar 05, 2013 1:02:01 PM org.openqa.selenium.remote.RemoteWebDriver log
INFO: Executing: isElementDisplayed [f0fb82a6f972dd0a920a24e0056c742a, isElementDisplayed {"id":":wdc:1362481318752"}]
Mar 05, 2013 1:02:01 PM org.openqa.selenium.remote.RemoteWebDriver log
INFO: Executed: [f0fb82a6f972dd0a920a24e0056c742a, isElementDisplayed {"id":":wdc:1362481318752"}]
Mar 05, 2013 1:02:01 PM org.openqa.selenium.remote.RemoteWebDriver log
INFO: Executing: isElementDisplayed [f0fb82a6f972dd0a920a24e0056c742a, isElementDisplayed {"id":":wdc:1362481318752"}]
Mar 05, 2013 1:02:01 PM org.openqa.selenium.remote.RemoteWebDriver log
INFO: Executed: [f0fb82a6f972dd0a920a24e0056c742a, isElementDisplayed {"id":":wdc:1362481318752"}]
Mar 05, 2013 1:02:01 PM org.openqa.selenium.remote.RemoteWebDriver log
INFO: Executing: isElementDisplayed [f0fb82a6f972dd0a920a24e0056c742a, isElementDisplayed {"id":":wdc:1362481318752"}]
Mar 05, 2013 1:02:01 PM org.openqa.selenium.remote.RemoteWebDriver log
INFO: Executed: [f0fb82a6f972dd0a920a24e0056c742a, isElementDisplayed {"id":":wdc:1362481318752"}]
Mar 05, 2013 1:02:01 PM org.openqa.selenium.remote.RemoteWebDriver log
INFO: Executing: isElementDisplayed [f0fb82a6f972dd0a920a24e0056c742a, isElementDisplayed {"id":":wdc:1362481318752"}]
Mar 05, 2013 1:02:01 PM org.openqa.selenium.remote.RemoteWebDriver log
INFO: Executed: [f0fb82a6f972dd0a920a24e0056c742a, isElementDisplayed {"id":":wdc:1362481318752"}]
Mar 05, 2013 1:02:01 PM org.openqa.selenium.remote.RemoteWebDriver log
INFO: Executing: isElementDisplayed [f0fb82a6f972dd0a920a24e0056c742a, isElementDisplayed {"id":":wdc:1362481318752"}]
Mar 05, 2013 1:02:01 PM org.openqa.selenium.remote.RemoteWebDriver log
INFO: Executed: [f0fb82a6f972dd0a920a24e0056c742a, isElementDisplayed {"id":":wdc:1362481318752"}]
Mar 05, 2013 1:02:01 PM org.openqa.selenium.remote.RemoteWebDriver log
INFO: Executing: isElementDisplayed [f0fb82a6f972dd0a920a24e0056c742a, isElementDisplayed {"id":":wdc:1362481318752"}]
Mar 05, 2013 1:02:01 PM org.openqa.selenium.remote.RemoteWebDriver log
INFO: Executed: [f0fb82a6f972dd0a920a24e0056c742a, isElementDisplayed {"id":":wdc:1362481318752"}]
Mar 05, 2013 1:02:01 PM org.openqa.selenium.remote.RemoteWebDriver log
INFO: Executing: switchToFrame [f0fb82a6f972dd0a920a24e0056c742a, switchToFrame {"id":"upload_target"}]
Mar 05, 2013 1:02:01 PM org.openqa.selenium.remote.RemoteWebDriver log
INFO: Executed: [f0fb82a6f972dd0a920a24e0056c742a, switchToFrame {"id":"upload_target"}]
Mar 05, 2013 1:02:01 PM org.openqa.selenium.remote.RemoteWebDriver log
INFO: Executing: findElement [f0fb82a6f972dd0a920a24e0056c742a, findElement {"using":"xpath","value":"//body"}]
Mar 05, 2013 1:02:01 PM org.openqa.selenium.remote.RemoteWebDriver log
INFO: Executed: [f0fb82a6f972dd0a920a24e0056c742a, findElement {"using":"xpath","value":"//body"}]
Mar 05, 2013 1:02:01 PM org.openqa.selenium.remote.RemoteWebDriver log
INFO: Executing: getElementText [f0fb82a6f972dd0a920a24e0056c742a, getElementText {"id":":wdc:1362481321938"}]
Mar 05, 2013 1:02:02 PM org.openqa.selenium.remote.RemoteWebDriver log
INFO: Executed: [f0fb82a6f972dd0a920a24e0056c742a, getElementText {"id":":wdc:1362481321938"}]
Mar 05, 2013 1:02:02 PM org.openqa.selenium.remote.RemoteWebDriver log
INFO: Executing: get [f0fb82a6f972dd0a920a24e0056c742a, get {"url":"http://lwo1-dhp-f35258.synapse.com:6432/common/javascriptPage.html"}]
Mar 05, 2013 1:02:02 PM org.openqa.selenium.remote.RemoteWebDriver log
INFO: Executed: [f0fb82a6f972dd0a920a24e0056c742a, get {"url":"http://lwo1-dhp-f35258.synapse.com:6432/common/javascriptPage.html"}]
Mar 05, 2013 1:02:02 PM org.openqa.selenium.remote.RemoteWebDriver log
INFO: Executing: findElement [f0fb82a6f972dd0a920a24e0056c742a, findElement {"using":"id","value":"hideMe"}]
Mar 05, 2013 1:02:02 PM org.openqa.selenium.remote.RemoteWebDriver log
INFO: Executed: [f0fb82a6f972dd0a920a24e0056c742a, findElement {"using":"id","value":"hideMe"}]
Mar 05, 2013 1:02:02 PM org.openqa.selenium.remote.RemoteWebDriver log
INFO: Executing: isElementDisplayed [f0fb82a6f972dd0a920a24e0056c742a, isElementDisplayed {"id":":wdc:1362481322037"}]
Mar 05, 2013 1:02:02 PM org.openqa.selenium.remote.RemoteWebDriver log
INFO: Executed: [f0fb82a6f972dd0a920a24e0056c742a, isElementDisplayed {"id":":wdc:1362481322037"}]
Mar 05, 2013 1:02:02 PM org.openqa.selenium.remote.RemoteWebDriver log
INFO: Executing: clickElement [f0fb82a6f972dd0a920a24e0056c742a, clickElement {"id":":wdc:1362481322037"}]
Mar 05, 2013 1:02:02 PM org.openqa.selenium.remote.RemoteWebDriver log
INFO: Executed: [f0fb82a6f972dd0a920a24e0056c742a, clickElement {"id":":wdc:1362481322037"}]
Mar 05, 2013 1:02:02 PM org.openqa.selenium.remote.RemoteWebDriver log
INFO: Executing: isElementDisplayed [f0fb82a6f972dd0a920a24e0056c742a, isElementDisplayed {"id":":wdc:1362481322037"}]
Mar 05, 2013 1:02:02 PM org.openqa.selenium.remote.RemoteWebDriver log
INFO: Executed: [f0fb82a6f972dd0a920a24e0056c742a, isElementDisplayed {"id":":wdc:1362481322037"}]
Mar 05, 2013 1:02:02 PM org.openqa.selenium.remote.RemoteWebDriver log
INFO: Executing: isElementDisplayed [f0fb82a6f972dd0a920a24e0056c742a, isElementDisplayed {"id":":wdc:1362481322037"}]
Mar 05, 2013 1:02:02 PM org.openqa.selenium.remote.RemoteWebDriver log
INFO: Executed: [f0fb82a6f972dd0a920a24e0056c742a, isElementDisplayed {"id":":wdc:1362481322037"}]
Mar 05, 2013 1:02:02 PM org.openqa.selenium.remote.RemoteWebDriver log
INFO: Executing: get [f0fb82a6f972dd0a920a24e0056c742a, get {"url":"http://lwo1-dhp-f35258.synapse.com:6432/common/javascriptPage.html"}]
Mar 05, 2013 1:02:02 PM org.openqa.selenium.remote.RemoteWebDriver log
INFO: Executed: [f0fb82a6f972dd0a920a24e0056c742a, get {"url":"http://lwo1-dhp-f35258.synapse.com:6432/common/javascriptPage.html"}]
Mar 05, 2013 1:02:02 PM org.openqa.selenium.remote.RemoteWebDriver log
INFO: Executing: findElement [f0fb82a6f972dd0a920a24e0056c742a, findElement {"using":"name","value":"hidden"}]
Mar 05, 2013 1:02:02 PM org.openqa.selenium.remote.RemoteWebDriver log
INFO: Executed: [f0fb82a6f972dd0a920a24e0056c742a, findElement {"using":"name","value":"hidden"}]
Mar 05, 2013 1:02:02 PM org.openqa.selenium.remote.RemoteWebDriver log
INFO: Executing: isElementDisplayed [f0fb82a6f972dd0a920a24e0056c742a, isElementDisplayed {"id":":wdc:1362481322373"}]
Mar 05, 2013 1:02:02 PM org.openqa.selenium.remote.RemoteWebDriver log
INFO: Executed: [f0fb82a6f972dd0a920a24e0056c742a, isElementDisplayed {"id":":wdc:1362481322373"}]
Mar 05, 2013 1:02:02 PM org.openqa.selenium.remote.RemoteWebDriver log
INFO: Executing: get [f0fb82a6f972dd0a920a24e0056c742a, get {"url":"http://lwo1-dhp-f35258.synapse.com:6432/common/javascriptPage.html"}]
Mar 05, 2013 1:02:02 PM org.openqa.selenium.remote.RemoteWebDriver log
INFO: Executed: [f0fb82a6f972dd0a920a24e0056c742a, get {"url":"http://lwo1-dhp-f35258.synapse.com:6432/common/javascriptPage.html"}]
Mar 05, 2013 1:02:02 PM org.openqa.selenium.remote.RemoteWebDriver log
INFO: Executing: findElement [f0fb82a6f972dd0a920a24e0056c742a, findElement {"using":"id","value":"unclickable"}]
Mar 05, 2013 1:02:02 PM org.openqa.selenium.remote.RemoteWebDriver log
INFO: Executed: [f0fb82a6f972dd0a920a24e0056c742a, findElement {"using":"id","value":"unclickable"}]
Mar 05, 2013 1:02:02 PM org.openqa.selenium.remote.RemoteWebDriver log
INFO: Executing: clickElement [f0fb82a6f972dd0a920a24e0056c742a, clickElement {"id":":wdc:1362481322465"}]
Mar 05, 2013 1:02:02 PM org.openqa.selenium.remote.RemoteWebDriver log
INFO: Executed: [f0fb82a6f972dd0a920a24e0056c742a, clickElement {"id":":wdc:1362481322465"}]
Mar 05, 2013 1:02:02 PM org.openqa.selenium.remote.RemoteWebDriver log
INFO: Executing: get [f0fb82a6f972dd0a920a24e0056c742a, get {"url":"http://lwo1-dhp-f35258.synapse.com:6432/common/javascriptPage.html"}]
Mar 05, 2013 1:02:02 PM org.openqa.selenium.remote.RemoteWebDriver log
INFO: Executed: [f0fb82a6f972dd0a920a24e0056c742a, get {"url":"http://lwo1-dhp-f35258.synapse.com:6432/common/javascriptPage.html"}]
Mar 05, 2013 1:02:02 PM org.openqa.selenium.remote.RemoteWebDriver log
INFO: Executing: findElement [f0fb82a6f972dd0a920a24e0056c742a, findElement {"using":"id","value":"unclickable"}]
Mar 05, 2013 1:02:02 PM org.openqa.selenium.remote.RemoteWebDriver log
INFO: Executed: [f0fb82a6f972dd0a920a24e0056c742a, findElement {"using":"id","value":"unclickable"}]
Mar 05, 2013 1:02:02 PM org.openqa.selenium.remote.RemoteWebDriver log
INFO: Executing: sendKeysToElement [f0fb82a6f972dd0a920a24e0056c742a, sendKeysToElement {"id":":wdc:1362481322557","value":["You don't see me"]}]
Mar 05, 2013 1:02:02 PM org.openqa.selenium.remote.RemoteWebDriver log
INFO: Executed: [f0fb82a6f972dd0a920a24e0056c742a, sendKeysToElement {"id":":wdc:1362481322557","value":["You don't see me"]}]
Mar 05, 2013 1:02:02 PM org.openqa.selenium.remote.RemoteWebDriver log
INFO: Executing: getElementAttribute [f0fb82a6f972dd0a920a24e0056c742a, getElementAttribute {"id":":wdc:1362481322557","name":"value"}]
Mar 05, 2013 1:02:02 PM org.openqa.selenium.remote.RemoteWebDriver log
INFO: Executed: [f0fb82a6f972dd0a920a24e0056c742a, getElementAttribute {"id":":wdc:1362481322557","name":"value"}]
Mar 05, 2013 1:02:02 PM org.openqa.selenium.remote.RemoteWebDriver log
INFO: Executing: get [f0fb82a6f972dd0a920a24e0056c742a, get {"url":"http://lwo1-dhp-f35258.synapse.com:6432/common/javascriptPage.html"}]
Mar 05, 2013 1:02:02 PM org.openqa.selenium.remote.RemoteWebDriver log
INFO: Executed: [f0fb82a6f972dd0a920a24e0056c742a, get {"url":"http://lwo1-dhp-f35258.synapse.com:6432/common/javascriptPage.html"}]
Mar 05, 2013 1:02:02 PM org.openqa.selenium.remote.RemoteWebDriver log
INFO: Executing: findElement [f0fb82a6f972dd0a920a24e0056c742a, findElement {"using":"id","value":"zero"}]
Mar 05, 2013 1:02:02 PM org.openqa.selenium.remote.RemoteWebDriver log
INFO: Executed: [f0fb82a6f972dd0a920a24e0056c742a, findElement {"using":"id","value":"zero"}]
Mar 05, 2013 1:02:02 PM org.openqa.selenium.remote.RemoteWebDriver log
INFO: Executing: getElementSize [f0fb82a6f972dd0a920a24e0056c742a, getElementSize {"id":":wdc:1362481322987"}]
Mar 05, 2013 1:02:02 PM org.openqa.selenium.remote.RemoteWebDriver log
INFO: Executed: [f0fb82a6f972dd0a920a24e0056c742a, getElementSize {"id":":wdc:1362481322987"}]
Mar 05, 2013 1:02:02 PM org.openqa.selenium.remote.RemoteWebDriver log
INFO: Executing: isElementDisplayed [f0fb82a6f972dd0a920a24e0056c742a, isElementDisplayed {"id":":wdc:1362481322987"}]
Mar 05, 2013 1:02:03 PM org.openqa.selenium.remote.RemoteWebDriver log
INFO: Executed: [f0fb82a6f972dd0a920a24e0056c742a, isElementDisplayed {"id":":wdc:1362481322987"}]
Mar 05, 2013 1:02:03 PM org.openqa.selenium.remote.RemoteWebDriver log
INFO: Executing: get [f0fb82a6f972dd0a920a24e0056c742a, get {"url":"http://lwo1-dhp-f35258.synapse.com:6432/common/visibility-css.html"}]
Mar 05, 2013 1:02:03 PM org.openqa.selenium.remote.RemoteWebDriver log
INFO: Executed: [f0fb82a6f972dd0a920a24e0056c742a, get {"url":"http://lwo1-dhp-f35258.synapse.com:6432/common/visibility-css.html"}]
Mar 05, 2013 1:02:03 PM org.openqa.selenium.remote.RemoteWebDriver log
INFO: Executing: findElement [f0fb82a6f972dd0a920a24e0056c742a, findElement {"using":"id","value":"suggest"}]
Mar 05, 2013 1:02:03 PM org.openqa.selenium.remote.RemoteWebDriver log
INFO: Executed: [f0fb82a6f972dd0a920a24e0056c742a, findElement {"using":"id","value":"suggest"}]
Mar 05, 2013 1:02:03 PM org.openqa.selenium.remote.RemoteWebDriver log
INFO: Executing: isElementDisplayed [f0fb82a6f972dd0a920a24e0056c742a, isElementDisplayed {"id":":wdc:1362481323084"}]
Mar 05, 2013 1:02:03 PM org.openqa.selenium.remote.RemoteWebDriver log
INFO: Executed: [f0fb82a6f972dd0a920a24e0056c742a, isElementDisplayed {"id":":wdc:1362481323084"}]
Mar 05, 2013 1:02:03 PM org.openqa.selenium.remote.RemoteWebDriver log
INFO: Executing: get [f0fb82a6f972dd0a920a24e0056c742a, get {"url":"http://lwo1-dhp-f35258.synapse.com:6432/common/javascriptPage.html"}]
Mar 05, 2013 1:02:03 PM org.openqa.selenium.remote.RemoteWebDriver log
INFO: Executed: [f0fb82a6f972dd0a920a24e0056c742a, get {"url":"http://lwo1-dhp-f35258.synapse.com:6432/common/javascriptPage.html"}]
Mar 05, 2013 1:02:03 PM org.openqa.selenium.remote.RemoteWebDriver log
INFO: Executing: findElement [f0fb82a6f972dd0a920a24e0056c742a, findElement {"using":"id","value":"displayed"}]
Mar 05, 2013 1:02:03 PM org.openqa.selenium.remote.RemoteWebDriver log
INFO: Executed: [f0fb82a6f972dd0a920a24e0056c742a, findElement {"using":"id","value":"displayed"}]
Mar 05, 2013 1:02:03 PM org.openqa.selenium.remote.RemoteWebDriver log
INFO: Executing: isElementDisplayed [f0fb82a6f972dd0a920a24e0056c742a, isElementDisplayed {"id":":wdc:1362481323202"}]
Mar 05, 2013 1:02:03 PM org.openqa.selenium.remote.RemoteWebDriver log
INFO: Executed: [f0fb82a6f972dd0a920a24e0056c742a, isElementDisplayed {"id":":wdc:1362481323202"}]
Mar 05, 2013 1:02:03 PM org.openqa.selenium.remote.RemoteWebDriver log
INFO: Executing: findElement [f0fb82a6f972dd0a920a24e0056c742a, findElement {"using":"id","value":"none"}]
Mar 05, 2013 1:02:03 PM org.openqa.selenium.remote.RemoteWebDriver log
INFO: Executed: [f0fb82a6f972dd0a920a24e0056c742a, findElement {"using":"id","value":"none"}]
Mar 05, 2013 1:02:03 PM org.openqa.selenium.remote.RemoteWebDriver log
INFO: Executing: isElementDisplayed [f0fb82a6f972dd0a920a24e0056c742a, isElementDisplayed {"id":":wdc:1362481323203"}]
Mar 05, 2013 1:02:03 PM org.openqa.selenium.remote.RemoteWebDriver log
INFO: Executed: [f0fb82a6f972dd0a920a24e0056c742a, isElementDisplayed {"id":":wdc:1362481323203"}]
Mar 05, 2013 1:02:03 PM org.openqa.selenium.remote.RemoteWebDriver log
INFO: Executing: findElement [f0fb82a6f972dd0a920a24e0056c742a, findElement {"using":"id","value":"suppressedParagraph"}]
Mar 05, 2013 1:02:03 PM org.openqa.selenium.remote.RemoteWebDriver log
INFO: Executed: [f0fb82a6f972dd0a920a24e0056c742a, findElement {"using":"id","value":"suppressedParagraph"}]
Mar 05, 2013 1:02:03 PM org.openqa.selenium.remote.RemoteWebDriver log
INFO: Executing: isElementDisplayed [f0fb82a6f972dd0a920a24e0056c742a, isElementDisplayed {"id":":wdc:1362481323204"}]
Mar 05, 2013 1:02:03 PM org.openqa.selenium.remote.RemoteWebDriver log
INFO: Executed: [f0fb82a6f972dd0a920a24e0056c742a, isElementDisplayed {"id":":wdc:1362481323204"}]
Mar 05, 2013 1:02:03 PM org.openqa.selenium.remote.RemoteWebDriver log
INFO: Executing: findElement [f0fb82a6f972dd0a920a24e0056c742a, findElement {"using":"id","value":"hidden"}]
Mar 05, 2013 1:02:03 PM org.openqa.selenium.remote.RemoteWebDriver log
INFO: Executed: [f0fb82a6f972dd0a920a24e0056c742a, findElement {"using":"id","value":"hidden"}]
Mar 05, 2013 1:02:03 PM org.openqa.selenium.remote.RemoteWebDriver log
INFO: Executing: isElementDisplayed [f0fb82a6f972dd0a920a24e0056c742a, isElementDisplayed {"id":":wdc:1362481323205"}]
Mar 05, 2013 1:02:03 PM org.openqa.selenium.remote.RemoteWebDriver log
INFO: Executed: [f0fb82a6f972dd0a920a24e0056c742a, isElementDisplayed {"id":":wdc:1362481323205"}]
Mar 05, 2013 1:02:03 PM org.openqa.selenium.remote.RemoteWebDriver log
INFO: Executing: get [f0fb82a6f972dd0a920a24e0056c742a, get {"url":"http://lwo1-dhp-f35258.synapse.com:6432/common/javascriptPage.html"}]
Mar 05, 2013 1:02:03 PM org.openqa.selenium.remote.RemoteWebDriver log
INFO: Executed: [f0fb82a6f972dd0a920a24e0056c742a, get {"url":"http://lwo1-dhp-f35258.synapse.com:6432/common/javascriptPage.html"}]
Mar 05, 2013 1:02:03 PM org.openqa.selenium.remote.RemoteWebDriver log
INFO: Executing: findElement [f0fb82a6f972dd0a920a24e0056c742a, findElement {"using":"id","value":"hiddenchild"}]
Mar 05, 2013 1:02:03 PM org.openqa.selenium.remote.RemoteWebDriver log
INFO: Executed: [f0fb82a6f972dd0a920a24e0056c742a, findElement {"using":"id","value":"hiddenchild"}]
Mar 05, 2013 1:02:03 PM org.openqa.selenium.remote.RemoteWebDriver log
INFO: Executing: findElement [f0fb82a6f972dd0a920a24e0056c742a, findElement {"using":"id","value":"hiddenlink"}]
Mar 05, 2013 1:02:03 PM org.openqa.selenium.remote.RemoteWebDriver log
INFO: Executed: [f0fb82a6f972dd0a920a24e0056c742a, findElement {"using":"id","value":"hiddenlink"}]
Mar 05, 2013 1:02:03 PM org.openqa.selenium.remote.RemoteWebDriver log
INFO: Executing: isElementDisplayed [f0fb82a6f972dd0a920a24e0056c742a, isElementDisplayed {"id":":wdc:1362481323569"}]
Mar 05, 2013 1:02:03 PM org.openqa.selenium.remote.RemoteWebDriver log
INFO: Executed: [f0fb82a6f972dd0a920a24e0056c742a, isElementDisplayed {"id":":wdc:1362481323569"}]
Mar 05, 2013 1:02:03 PM org.openqa.selenium.remote.RemoteWebDriver log
INFO: Executing: isElementDisplayed [f0fb82a6f972dd0a920a24e0056c742a, isElementDisplayed {"id":":wdc:1362481323570"}]
Mar 05, 2013 1:02:03 PM org.openqa.selenium.remote.RemoteWebDriver log
INFO: Executed: [f0fb82a6f972dd0a920a24e0056c742a, isElementDisplayed {"id":":wdc:1362481323570"}]
Mar 05, 2013 1:02:03 PM org.openqa.selenium.remote.RemoteWebDriver log
INFO: Executing: get [f0fb82a6f972dd0a920a24e0056c742a, get {"url":"http://lwo1-dhp-f35258.synapse.com:6432/common/javascriptPage.html"}]
Mar 05, 2013 1:02:03 PM org.openqa.selenium.remote.RemoteWebDriver log
INFO: Executed: [f0fb82a6f972dd0a920a24e0056c742a, get {"url":"http://lwo1-dhp-f35258.synapse.com:6432/common/javascriptPage.html"}]
Mar 05, 2013 1:02:03 PM org.openqa.selenium.remote.RemoteWebDriver log
INFO: Executing: findElement [f0fb82a6f972dd0a920a24e0056c742a, findElement {"using":"id","value":"visibleSubElement"}]
Mar 05, 2013 1:02:03 PM org.openqa.selenium.remote.RemoteWebDriver log
INFO: Executed: [f0fb82a6f972dd0a920a24e0056c742a, findElement {"using":"id","value":"visibleSubElement"}]
Mar 05, 2013 1:02:03 PM org.openqa.selenium.remote.RemoteWebDriver log
INFO: Executing: isElementDisplayed [f0fb82a6f972dd0a920a24e0056c742a, isElementDisplayed {"id":":wdc:1362481323761"}]
Mar 05, 2013 1:02:03 PM org.openqa.selenium.remote.RemoteWebDriver log
INFO: Executed: [f0fb82a6f972dd0a920a24e0056c742a, isElementDisplayed {"id":":wdc:1362481323761"}]
Mar 05, 2013 1:02:03 PM org.openqa.selenium.remote.RemoteWebDriver log
INFO: Executing: get [f0fb82a6f972dd0a920a24e0056c742a, get {"url":"http://lwo1-dhp-f35258.synapse.com:6432/common/simpleTest.html"}]
Mar 05, 2013 1:02:03 PM org.openqa.selenium.remote.RemoteWebDriver log
INFO: Executed: [f0fb82a6f972dd0a920a24e0056c742a, get {"url":"http://lwo1-dhp-f35258.synapse.com:6432/common/simpleTest.html"}]
Mar 05, 2013 1:02:03 PM org.openqa.selenium.remote.RemoteWebDriver log
INFO: Executing: findElement [f0fb82a6f972dd0a920a24e0056c742a, findElement {"using":"id","value":"containsSomeDiv"}]
Mar 05, 2013 1:02:03 PM org.openqa.selenium.remote.RemoteWebDriver log
INFO: Executed: [f0fb82a6f972dd0a920a24e0056c742a, findElement {"using":"id","value":"containsSomeDiv"}]
Mar 05, 2013 1:02:03 PM org.openqa.selenium.remote.RemoteWebDriver log
INFO: Executing: get [f0fb82a6f972dd0a920a24e0056c742a, get {"url":"http://lwo1-dhp-f35258.synapse.com:6432/common/simpleTest.html"}]
Mar 05, 2013 1:02:03 PM org.openqa.selenium.remote.RemoteWebDriver log
INFO: Executed: [f0fb82a6f972dd0a920a24e0056c742a, get {"url":"http://lwo1-dhp-f35258.synapse.com:6432/common/simpleTest.html"}]
Mar 05, 2013 1:02:03 PM org.openqa.selenium.remote.RemoteWebDriver log
INFO: Executing: findElement [f0fb82a6f972dd0a920a24e0056c742a, findElement {"using":"id","value":"containsSomeDiv"}]
Mar 05, 2013 1:02:03 PM org.openqa.selenium.remote.RemoteWebDriver log
INFO: Executed: [f0fb82a6f972dd0a920a24e0056c742a, findElement {"using":"id","value":"containsSomeDiv"}]
Mar 05, 2013 1:02:03 PM org.openqa.selenium.remote.RemoteWebDriver log
INFO: Executing: getWindowSize [f0fb82a6f972dd0a920a24e0056c742a, getWindowSize {"windowHandle":"current"}]
Mar 05, 2013 1:02:03 PM org.openqa.selenium.remote.RemoteWebDriver log
INFO: Executed: [f0fb82a6f972dd0a920a24e0056c742a, getWindowSize {"windowHandle":"current"}]
Mar 05, 2013 1:02:03 PM org.openqa.selenium.remote.RemoteWebDriver log
INFO: Executing: getWindowSize [f0fb82a6f972dd0a920a24e0056c742a, getWindowSize {"windowHandle":"current"}]
Mar 05, 2013 1:02:03 PM org.openqa.selenium.remote.RemoteWebDriver log
INFO: Executed: [f0fb82a6f972dd0a920a24e0056c742a, getWindowSize {"windowHandle":"current"}]
Mar 05, 2013 1:02:03 PM org.openqa.selenium.remote.RemoteWebDriver log
INFO: Executing: setWindowSize [f0fb82a6f972dd0a920a24e0056c742a, setWindowSize {"windowHandle":"current","width":780,"height":580}]
Mar 05, 2013 1:02:03 PM org.openqa.selenium.remote.RemoteWebDriver log
INFO: Executed: [f0fb82a6f972dd0a920a24e0056c742a, setWindowSize {"windowHandle":"current","width":780,"height":580}]
Mar 05, 2013 1:02:03 PM org.openqa.selenium.remote.RemoteWebDriver log
INFO: Executing: getWindowSize [f0fb82a6f972dd0a920a24e0056c742a, getWindowSize {"windowHandle":"current"}]
Mar 05, 2013 1:02:03 PM org.openqa.selenium.remote.RemoteWebDriver log
INFO: Executed: [f0fb82a6f972dd0a920a24e0056c742a, getWindowSize {"windowHandle":"current"}]
Mar 05, 2013 1:02:03 PM org.openqa.selenium.remote.RemoteWebDriver log
INFO: Executing: getWindowSize [f0fb82a6f972dd0a920a24e0056c742a, getWindowSize {"windowHandle":"current"}]
Mar 05, 2013 1:02:03 PM org.openqa.selenium.remote.RemoteWebDriver log
INFO: Executed: [f0fb82a6f972dd0a920a24e0056c742a, getWindowSize {"windowHandle":"current"}]
Mar 05, 2013 1:02:03 PM org.openqa.selenium.remote.RemoteWebDriver log
INFO: Executing: get [f0fb82a6f972dd0a920a24e0056c742a, get {"url":"http://lwo1-dhp-f35258.synapse.com:6432/common/frameset.html"}]
Mar 05, 2013 1:02:04 PM org.openqa.selenium.remote.RemoteWebDriver log
INFO: Executed: [f0fb82a6f972dd0a920a24e0056c742a, get {"url":"http://lwo1-dhp-f35258.synapse.com:6432/common/frameset.html"}]
Mar 05, 2013 1:02:04 PM org.openqa.selenium.remote.RemoteWebDriver log
INFO: Executing: switchToFrame [f0fb82a6f972dd0a920a24e0056c742a, switchToFrame {"id":"fourth"}]
Mar 05, 2013 1:02:04 PM org.openqa.selenium.remote.RemoteWebDriver log
INFO: Executed: [f0fb82a6f972dd0a920a24e0056c742a, switchToFrame {"id":"fourth"}]
Mar 05, 2013 1:02:04 PM org.openqa.selenium.remote.RemoteWebDriver log
INFO: Executing: getWindowSize [f0fb82a6f972dd0a920a24e0056c742a, getWindowSize {"windowHandle":"current"}]
Mar 05, 2013 1:02:04 PM org.openqa.selenium.remote.RemoteWebDriver log
INFO: Executed: [f0fb82a6f972dd0a920a24e0056c742a, getWindowSize {"windowHandle":"current"}]
Mar 05, 2013 1:02:04 PM org.openqa.selenium.remote.RemoteWebDriver log
INFO: Executing: setWindowSize [f0fb82a6f972dd0a920a24e0056c742a, setWindowSize {"windowHandle":"current","width":760,"height":560}]
Mar 05, 2013 1:02:04 PM org.openqa.selenium.remote.RemoteWebDriver log
INFO: Executed: [f0fb82a6f972dd0a920a24e0056c742a, setWindowSize {"windowHandle":"current","width":760,"height":560}]
Mar 05, 2013 1:02:04 PM org.openqa.selenium.remote.RemoteWebDriver log
INFO: Executing: getWindowSize [f0fb82a6f972dd0a920a24e0056c742a, getWindowSize {"windowHandle":"current"}]
Mar 05, 2013 1:02:04 PM org.openqa.selenium.remote.RemoteWebDriver log
INFO: Executed: [f0fb82a6f972dd0a920a24e0056c742a, getWindowSize {"windowHandle":"current"}]
Mar 05, 2013 1:02:04 PM org.openqa.selenium.remote.RemoteWebDriver log
INFO: Executing: getWindowSize [f0fb82a6f972dd0a920a24e0056c742a, getWindowSize {"windowHandle":"current"}]
Mar 05, 2013 1:02:04 PM org.openqa.selenium.remote.RemoteWebDriver log
INFO: Executed: [f0fb82a6f972dd0a920a24e0056c742a, getWindowSize {"windowHandle":"current"}]
Mar 05, 2013 1:02:04 PM org.openqa.selenium.remote.RemoteWebDriver log
INFO: Executing: switchToFrame [f0fb82a6f972dd0a920a24e0056c742a, switchToFrame {"id":null}]
Mar 05, 2013 1:02:04 PM org.openqa.selenium.remote.RemoteWebDriver log
INFO: Executed: [f0fb82a6f972dd0a920a24e0056c742a, switchToFrame {"id":null}]
Mar 05, 2013 1:02:04 PM org.openqa.selenium.remote.RemoteWebDriver log
INFO: Executing: get [f0fb82a6f972dd0a920a24e0056c742a, get {"url":"http://lwo1-dhp-f35258.synapse.com:6432/common/iframes.html"}]
Mar 05, 2013 1:02:04 PM org.openqa.selenium.remote.RemoteWebDriver log
INFO: Executed: [f0fb82a6f972dd0a920a24e0056c742a, get {"url":"http://lwo1-dhp-f35258.synapse.com:6432/common/iframes.html"}]
Mar 05, 2013 1:02:04 PM org.openqa.selenium.remote.RemoteWebDriver log
INFO: Executing: switchToFrame [f0fb82a6f972dd0a920a24e0056c742a, switchToFrame {"id":"iframe1-name"}]
Mar 05, 2013 1:02:04 PM org.openqa.selenium.remote.RemoteWebDriver log
INFO: Executed: [f0fb82a6f972dd0a920a24e0056c742a, switchToFrame {"id":"iframe1-name"}]
Mar 05, 2013 1:02:04 PM org.openqa.selenium.remote.RemoteWebDriver log
INFO: Executing: getWindowSize [f0fb82a6f972dd0a920a24e0056c742a, getWindowSize {"windowHandle":"current"}]
Mar 05, 2013 1:02:04 PM org.openqa.selenium.remote.RemoteWebDriver log
INFO: Executed: [f0fb82a6f972dd0a920a24e0056c742a, getWindowSize {"windowHandle":"current"}]
Mar 05, 2013 1:02:04 PM org.openqa.selenium.remote.RemoteWebDriver log
INFO: Executing: setWindowSize [f0fb82a6f972dd0a920a24e0056c742a, setWindowSize {"windowHandle":"current","width":740,"height":540}]
Mar 05, 2013 1:02:04 PM org.openqa.selenium.remote.RemoteWebDriver log
INFO: Executed: [f0fb82a6f972dd0a920a24e0056c742a, setWindowSize {"windowHandle":"current","width":740,"height":540}]
Mar 05, 2013 1:02:04 PM org.openqa.selenium.remote.RemoteWebDriver log
INFO: Executing: getWindowSize [f0fb82a6f972dd0a920a24e0056c742a, getWindowSize {"windowHandle":"current"}]
Mar 05, 2013 1:02:04 PM org.openqa.selenium.remote.RemoteWebDriver log
INFO: Executed: [f0fb82a6f972dd0a920a24e0056c742a, getWindowSize {"windowHandle":"current"}]
Mar 05, 2013 1:02:04 PM org.openqa.selenium.remote.RemoteWebDriver log
INFO: Executing: getWindowSize [f0fb82a6f972dd0a920a24e0056c742a, getWindowSize {"windowHandle":"current"}]
Mar 05, 2013 1:02:04 PM org.openqa.selenium.remote.RemoteWebDriver log
INFO: Executed: [f0fb82a6f972dd0a920a24e0056c742a, getWindowSize {"windowHandle":"current"}]
Mar 05, 2013 1:02:04 PM org.openqa.selenium.remote.RemoteWebDriver log
INFO: Executing: switchToFrame [f0fb82a6f972dd0a920a24e0056c742a, switchToFrame {"id":null}]
Mar 05, 2013 1:02:04 PM org.openqa.selenium.remote.RemoteWebDriver log
INFO: Executed: [f0fb82a6f972dd0a920a24e0056c742a, switchToFrame {"id":null}]
Mar 05, 2013 1:02:04 PM org.openqa.selenium.remote.RemoteWebDriver log
INFO: Executing: getWindowPosition [f0fb82a6f972dd0a920a24e0056c742a, getWindowPosition {"windowHandle":"current"}]
Mar 05, 2013 1:02:04 PM org.openqa.selenium.remote.RemoteWebDriver log
INFO: Executed: [f0fb82a6f972dd0a920a24e0056c742a, getWindowPosition {"windowHandle":"current"}]
Mar 05, 2013 1:02:04 PM org.openqa.selenium.remote.RemoteWebDriver log
INFO: Executing: getWindowPosition [f0fb82a6f972dd0a920a24e0056c742a, getWindowPosition {"windowHandle":"current"}]
Mar 05, 2013 1:02:04 PM org.openqa.selenium.remote.RemoteWebDriver log
INFO: Executed: [f0fb82a6f972dd0a920a24e0056c742a, getWindowPosition {"windowHandle":"current"}]
Mar 05, 2013 1:02:04 PM org.openqa.selenium.remote.RemoteWebDriver log
INFO: Executing: getWindowSize [f0fb82a6f972dd0a920a24e0056c742a, getWindowSize {"windowHandle":"current"}]
Mar 05, 2013 1:02:04 PM org.openqa.selenium.remote.RemoteWebDriver log
INFO: Executed: [f0fb82a6f972dd0a920a24e0056c742a, getWindowSize {"windowHandle":"current"}]
Mar 05, 2013 1:02:04 PM org.openqa.selenium.remote.RemoteWebDriver log
INFO: Executing: setWindowSize [f0fb82a6f972dd0a920a24e0056c742a, setWindowSize {"windowHandle":"current","width":200,"height":200}]
Mar 05, 2013 1:02:04 PM org.openqa.selenium.remote.RemoteWebDriver log
INFO: Executed: [f0fb82a6f972dd0a920a24e0056c742a, setWindowSize {"windowHandle":"current","width":200,"height":200}]
Mar 05, 2013 1:02:04 PM org.openqa.selenium.remote.RemoteWebDriver log
INFO: Executing: setWindowPosition [f0fb82a6f972dd0a920a24e0056c742a, setWindowPosition {"windowHandle":"current","x":1691,"y":69}]
Mar 05, 2013 1:02:04 PM org.openqa.selenium.remote.RemoteWebDriver log
INFO: Executed: [f0fb82a6f972dd0a920a24e0056c742a, setWindowPosition {"windowHandle":"current","x":1691,"y":69}]
Mar 05, 2013 1:02:04 PM org.openqa.selenium.remote.RemoteWebDriver log
INFO: Executing: getWindowPosition [f0fb82a6f972dd0a920a24e0056c742a, getWindowPosition {"windowHandle":"current"}]
Mar 05, 2013 1:02:04 PM org.openqa.selenium.remote.RemoteWebDriver log
INFO: Executed: [f0fb82a6f972dd0a920a24e0056c742a, getWindowPosition {"windowHandle":"current"}]
Mar 05, 2013 1:02:04 PM org.openqa.selenium.remote.RemoteWebDriver log
INFO: Executing: getWindowPosition [f0fb82a6f972dd0a920a24e0056c742a, getWindowPosition {"windowHandle":"current"}]
Mar 05, 2013 1:02:04 PM org.openqa.selenium.remote.RemoteWebDriver log
INFO: Executed: [f0fb82a6f972dd0a920a24e0056c742a, getWindowPosition {"windowHandle":"current"}]
Mar 05, 2013 1:02:04 PM org.openqa.selenium.remote.RemoteWebDriver log
INFO: Executing: setWindowSize [f0fb82a6f972dd0a920a24e0056c742a, setWindowSize {"windowHandle":"current","width":740,"height":540}]
Mar 05, 2013 1:02:04 PM org.openqa.selenium.remote.RemoteWebDriver log
INFO: Executed: [f0fb82a6f972dd0a920a24e0056c742a, setWindowSize {"windowHandle":"current","width":740,"height":540}]
Mar 05, 2013 1:02:04 PM org.openqa.selenium.remote.RemoteWebDriver log
INFO: Executing: get [f0fb82a6f972dd0a920a24e0056c742a, get {"url":"http://lwo1-dhp-f35258.synapse.com:6432/common/xhtmlTest.html"}]
Mar 05, 2013 1:02:04 PM org.openqa.selenium.remote.RemoteWebDriver log
INFO: Executed: [f0fb82a6f972dd0a920a24e0056c742a, get {"url":"http://lwo1-dhp-f35258.synapse.com:6432/common/xhtmlTest.html"}]
Mar 05, 2013 1:02:04 PM org.openqa.selenium.remote.RemoteWebDriver log
INFO: Executing: findElement [f0fb82a6f972dd0a920a24e0056c742a, findElement {"using":"xpath","value":"//a[@id='Not here']"}]
Mar 05, 2013 1:02:04 PM org.openqa.selenium.remote.RemoteWebDriver log
INFO: Executed: [f0fb82a6f972dd0a920a24e0056c742a, findElement {"using":"xpath","value":"//a[@id='Not here']"}]
Mar 05, 2013 1:02:04 PM org.openqa.selenium.remote.RemoteWebDriver log
INFO: Executing: get [f0fb82a6f972dd0a920a24e0056c742a, get {"url":"http://lwo1-dhp-f35258.synapse.com:6432/common/xhtmlTest.html"}]
Mar 05, 2013 1:02:04 PM org.openqa.selenium.remote.RemoteWebDriver log
INFO: Executed: [f0fb82a6f972dd0a920a24e0056c742a, get {"url":"http://lwo1-dhp-f35258.synapse.com:6432/common/xhtmlTest.html"}]
Mar 05, 2013 1:02:04 PM org.openqa.selenium.remote.RemoteWebDriver log
INFO: Executing: findElement [f0fb82a6f972dd0a920a24e0056c742a, findElement {"using":"xpath","value":"//a[@id='Not here']"}]
Mar 05, 2013 1:02:04 PM org.openqa.selenium.remote.RemoteWebDriver log
INFO: Executed: [f0fb82a6f972dd0a920a24e0056c742a, findElement {"using":"xpath","value":"//a[@id='Not here']"}]
Mar 05, 2013 1:02:04 PM org.openqa.selenium.remote.RemoteWebDriver log
INFO: Executing: get [f0fb82a6f972dd0a920a24e0056c742a, get {"url":"http://lwo1-dhp-f35258.synapse.com:6432/common/xhtmlTest.html"}]
Mar 05, 2013 1:02:04 PM org.openqa.selenium.remote.RemoteWebDriver log
INFO: Executed: [f0fb82a6f972dd0a920a24e0056c742a, get {"url":"http://lwo1-dhp-f35258.synapse.com:6432/common/xhtmlTest.html"}]
Mar 05, 2013 1:02:04 PM org.openqa.selenium.remote.RemoteWebDriver log
INFO: Executing: findElement [f0fb82a6f972dd0a920a24e0056c742a, findElement {"using":"xpath","value":"//h1"}]
Mar 05, 2013 1:02:04 PM org.openqa.selenium.remote.RemoteWebDriver log
INFO: Executed: [f0fb82a6f972dd0a920a24e0056c742a, findElement {"using":"xpath","value":"//h1"}]
Mar 05, 2013 1:02:04 PM org.openqa.selenium.remote.RemoteWebDriver log
INFO: Executing: getElementText [f0fb82a6f972dd0a920a24e0056c742a, getElementText {"id":":wdc:1362481324836"}]
Mar 05, 2013 1:02:04 PM org.openqa.selenium.remote.RemoteWebDriver log
INFO: Executed: [f0fb82a6f972dd0a920a24e0056c742a, getElementText {"id":":wdc:1362481324836"}]
Mar 05, 2013 1:02:04 PM org.openqa.selenium.remote.RemoteWebDriver log
INFO: Executing: get [f0fb82a6f972dd0a920a24e0056c742a, get {"url":"http://lwo1-dhp-f35258.synapse.com:6432/common/xhtmlTest.html"}]
Mar 05, 2013 1:02:04 PM org.openqa.selenium.remote.RemoteWebDriver log
INFO: Executed: [f0fb82a6f972dd0a920a24e0056c742a, get {"url":"http://lwo1-dhp-f35258.synapse.com:6432/common/xhtmlTest.html"}]
Mar 05, 2013 1:02:04 PM org.openqa.selenium.remote.RemoteWebDriver log
INFO: Executing: findElements [f0fb82a6f972dd0a920a24e0056c742a, findElements {"using":"xpath","value":"//div"}]
Mar 05, 2013 1:02:04 PM org.openqa.selenium.remote.RemoteWebDriver log
INFO: Executed: [f0fb82a6f972dd0a920a24e0056c742a, findElements {"using":"xpath","value":"//div"}]
Mar 05, 2013 1:02:04 PM org.openqa.selenium.remote.RemoteWebDriver log
INFO: Executing: get [f0fb82a6f972dd0a920a24e0056c742a, get {"url":"http://lwo1-dhp-f35258.synapse.com:6432/common/xhtmlTest.html"}]
Mar 05, 2013 1:02:05 PM org.openqa.selenium.remote.RemoteWebDriver log
INFO: Executed: [f0fb82a6f972dd0a920a24e0056c742a, get {"url":"http://lwo1-dhp-f35258.synapse.com:6432/common/xhtmlTest.html"}]
Mar 05, 2013 1:02:05 PM org.openqa.selenium.remote.RemoteWebDriver log
INFO: Executing: findElements [f0fb82a6f972dd0a920a24e0056c742a, findElements {"using":"xpath","value":"//node()[contains(@id,'id')]"}]
Mar 05, 2013 1:02:05 PM org.openqa.selenium.remote.RemoteWebDriver log
INFO: Executed: [f0fb82a6f972dd0a920a24e0056c742a, findElements {"using":"xpath","value":"//node()[contains(@id,'id')]"}]
Mar 05, 2013 1:02:05 PM org.openqa.selenium.remote.RemoteWebDriver log
INFO: Executing: findElements [f0fb82a6f972dd0a920a24e0056c742a, findElements {"using":"xpath","value":"//node()[contains(@id,'nope')]"}]
Mar 05, 2013 1:02:05 PM org.openqa.selenium.remote.RemoteWebDriver log
INFO: Executed: [f0fb82a6f972dd0a920a24e0056c742a, findElements {"using":"xpath","value":"//node()[contains(@id,'nope')]"}]
Mar 05, 2013 1:02:05 PM org.openqa.selenium.remote.RemoteWebDriver log
INFO: Executing: get [f0fb82a6f972dd0a920a24e0056c742a, get {"url":"http://lwo1-dhp-f35258.synapse.com:6432/common/xhtmlTest.html"}]
Mar 05, 2013 1:02:05 PM org.openqa.selenium.remote.RemoteWebDriver log
INFO: Executed: [f0fb82a6f972dd0a920a24e0056c742a, get {"url":"http://lwo1-dhp-f35258.synapse.com:6432/common/xhtmlTest.html"}]
Mar 05, 2013 1:02:05 PM org.openqa.selenium.remote.RemoteWebDriver log
INFO: Executing: findElement [f0fb82a6f972dd0a920a24e0056c742a, findElement {"using":"xpath","value":"//h1[@class='header']"}]
Mar 05, 2013 1:02:05 PM org.openqa.selenium.remote.RemoteWebDriver log
INFO: Executed: [f0fb82a6f972dd0a920a24e0056c742a, findElement {"using":"xpath","value":"//h1[@class='header']"}]
Mar 05, 2013 1:02:05 PM org.openqa.selenium.remote.RemoteWebDriver log
INFO: Executing: getElementText [f0fb82a6f972dd0a920a24e0056c742a, getElementText {"id":":wdc:1362481325149"}]
Mar 05, 2013 1:02:05 PM org.openqa.selenium.remote.RemoteWebDriver log
INFO: Executed: [f0fb82a6f972dd0a920a24e0056c742a, getElementText {"id":":wdc:1362481325149"}]
Mar 05, 2013 1:02:05 PM org.openqa.selenium.remote.RemoteWebDriver log
INFO: Executing: get [f0fb82a6f972dd0a920a24e0056c742a, get {"url":"http://lwo1-dhp-f35258.synapse.com:6432/common/formPage.html"}]
Mar 05, 2013 1:02:05 PM org.openqa.selenium.remote.RemoteWebDriver log
INFO: Executed: [f0fb82a6f972dd0a920a24e0056c742a, get {"url":"http://lwo1-dhp-f35258.synapse.com:6432/common/formPage.html"}]
Mar 05, 2013 1:02:05 PM org.openqa.selenium.remote.RemoteWebDriver log
INFO: Executing: findElement [f0fb82a6f972dd0a920a24e0056c742a, findElement {"using":"xpath","value":"//form[@name='optional']/input[@type='submit' and @value='Click!']"}]
Mar 05, 2013 1:02:05 PM org.openqa.selenium.remote.RemoteWebDriver log
INFO: Executed: [f0fb82a6f972dd0a920a24e0056c742a, findElement {"using":"xpath","value":"//form[@name='optional']/input[@type='submit' and @value='Click!']"}]
Mar 05, 2013 1:02:05 PM org.openqa.selenium.remote.RemoteWebDriver log
INFO: Executing: clickElement [f0fb82a6f972dd0a920a24e0056c742a, clickElement {"id":":wdc:1362481325325"}]
Mar 05, 2013 1:02:05 PM org.openqa.selenium.remote.RemoteWebDriver log
INFO: Executed: [f0fb82a6f972dd0a920a24e0056c742a, clickElement {"id":":wdc:1362481325325"}]
Mar 05, 2013 1:02:05 PM org.openqa.selenium.remote.RemoteWebDriver log
INFO: Executing: get [f0fb82a6f972dd0a920a24e0056c742a, get {"url":"http://lwo1-dhp-f35258.synapse.com:6432/common/xhtmlTest.html"}]
Mar 05, 2013 1:02:05 PM org.openqa.selenium.remote.RemoteWebDriver log
INFO: Executed: [f0fb82a6f972dd0a920a24e0056c742a, get {"url":"http://lwo1-dhp-f35258.synapse.com:6432/common/xhtmlTest.html"}]
Mar 05, 2013 1:02:05 PM org.openqa.selenium.remote.RemoteWebDriver log
INFO: Executing: findElement [f0fb82a6f972dd0a920a24e0056c742a, findElement {"using":"xpath","value":"//a[text()='click me']"}]
Mar 05, 2013 1:02:05 PM org.openqa.selenium.remote.RemoteWebDriver log
INFO: Executed: [f0fb82a6f972dd0a920a24e0056c742a, findElement {"using":"xpath","value":"//a[text()='click me']"}]
Mar 05, 2013 1:02:05 PM org.openqa.selenium.remote.RemoteWebDriver log
INFO: Executing: get [f0fb82a6f972dd0a920a24e0056c742a, get {"url":"http://lwo1-dhp-f35258.synapse.com:6432/common/formPage.html"}]
Mar 05, 2013 1:02:05 PM org.openqa.selenium.remote.RemoteWebDriver log
INFO: Executed: [f0fb82a6f972dd0a920a24e0056c742a, get {"url":"http://lwo1-dhp-f35258.synapse.com:6432/common/formPage.html"}]
Mar 05, 2013 1:02:05 PM org.openqa.selenium.remote.RemoteWebDriver log
INFO: Executing: findElement [f0fb82a6f972dd0a920a24e0056c742a, findElement {"using":"xpath","value":"this][isnot][valid"}]
Mar 05, 2013 1:02:05 PM org.openqa.selenium.remote.RemoteWebDriver log
INFO: Executed: [f0fb82a6f972dd0a920a24e0056c742a, findElement {"using":"xpath","value":"this][isnot][valid"}]
Mar 05, 2013 1:02:05 PM org.openqa.selenium.remote.RemoteWebDriver log
INFO: Executing: executeScript [f0fb82a6f972dd0a920a24e0056c742a, executeScript {"script":"return navigator.userAgent;","args":[]}]
Mar 05, 2013 1:02:05 PM org.openqa.selenium.remote.RemoteWebDriver log
INFO: Executed: [f0fb82a6f972dd0a920a24e0056c742a, executeScript {"script":"return navigator.userAgent;","args":[]}]
Mar 05, 2013 1:02:05 PM org.openqa.selenium.remote.RemoteWebDriver log
INFO: Executing: get [f0fb82a6f972dd0a920a24e0056c742a, get {"url":"http://lwo1-dhp-f35258.synapse.com:6432/common/formPage.html"}]
Mar 05, 2013 1:02:05 PM org.openqa.selenium.remote.RemoteWebDriver log
INFO: Executed: [f0fb82a6f972dd0a920a24e0056c742a, get {"url":"http://lwo1-dhp-f35258.synapse.com:6432/common/formPage.html"}]
Mar 05, 2013 1:02:05 PM org.openqa.selenium.remote.RemoteWebDriver log
INFO: Executing: findElements [f0fb82a6f972dd0a920a24e0056c742a, findElements {"using":"xpath","value":"this][isnot][valid"}]
Mar 05, 2013 1:02:05 PM org.openqa.selenium.remote.RemoteWebDriver log
INFO: Executed: [f0fb82a6f972dd0a920a24e0056c742a, findElements {"using":"xpath","value":"this][isnot][valid"}]
Mar 05, 2013 1:02:05 PM org.openqa.selenium.remote.RemoteWebDriver log
INFO: Executing: get [f0fb82a6f972dd0a920a24e0056c742a, get {"url":"http://lwo1-dhp-f35258.synapse.com:6432/common/formPage.html"}]
Mar 05, 2013 1:02:05 PM org.openqa.selenium.remote.RemoteWebDriver log
INFO: Executed: [f0fb82a6f972dd0a920a24e0056c742a, get {"url":"http://lwo1-dhp-f35258.synapse.com:6432/common/formPage.html"}]
Mar 05, 2013 1:02:05 PM org.openqa.selenium.remote.RemoteWebDriver log
INFO: Executing: findElement [f0fb82a6f972dd0a920a24e0056c742a, findElement {"using":"tag name","value":"body"}]
Mar 05, 2013 1:02:05 PM org.openqa.selenium.remote.RemoteWebDriver log
INFO: Executed: [f0fb82a6f972dd0a920a24e0056c742a, findElement {"using":"tag name","value":"body"}]
Mar 05, 2013 1:02:05 PM org.openqa.selenium.remote.RemoteWebDriver log
INFO: Executing: findChildElement [f0fb82a6f972dd0a920a24e0056c742a, findChildElement {"id":":wdc:1362481325638","using":"xpath","value":"this][isnot][valid"}]
Mar 05, 2013 1:02:05 PM org.openqa.selenium.remote.RemoteWebDriver log
INFO: Executed: [f0fb82a6f972dd0a920a24e0056c742a, findChildElement {"id":":wdc:1362481325638","using":"xpath","value":"this][isnot][valid"}]
Mar 05, 2013 1:02:05 PM org.openqa.selenium.remote.RemoteWebDriver log
INFO: Executing: executeScript [f0fb82a6f972dd0a920a24e0056c742a, executeScript {"script":"return navigator.userAgent;","args":[]}]
Mar 05, 2013 1:02:05 PM org.openqa.selenium.remote.RemoteWebDriver log
INFO: Executed: [f0fb82a6f972dd0a920a24e0056c742a, executeScript {"script":"return navigator.userAgent;","args":[]}]
Mar 05, 2013 1:02:05 PM org.openqa.selenium.remote.RemoteWebDriver log
INFO: Executing: get [f0fb82a6f972dd0a920a24e0056c742a, get {"url":"http://lwo1-dhp-f35258.synapse.com:6432/common/formPage.html"}]
Mar 05, 2013 1:02:05 PM org.openqa.selenium.remote.RemoteWebDriver log
INFO: Executed: [f0fb82a6f972dd0a920a24e0056c742a, get {"url":"http://lwo1-dhp-f35258.synapse.com:6432/common/formPage.html"}]
Mar 05, 2013 1:02:05 PM org.openqa.selenium.remote.RemoteWebDriver log
INFO: Executing: findElement [f0fb82a6f972dd0a920a24e0056c742a, findElement {"using":"tag name","value":"body"}]
Mar 05, 2013 1:02:05 PM org.openqa.selenium.remote.RemoteWebDriver log
INFO: Executed: [f0fb82a6f972dd0a920a24e0056c742a, findElement {"using":"tag name","value":"body"}]
Mar 05, 2013 1:02:05 PM org.openqa.selenium.remote.RemoteWebDriver log
INFO: Executing: findChildElements [f0fb82a6f972dd0a920a24e0056c742a, findChildElements {"id":":wdc:1362481325755","using":"xpath","value":"this][isnot][valid"}]
Mar 05, 2013 1:02:05 PM org.openqa.selenium.remote.RemoteWebDriver log
INFO: Executed: [f0fb82a6f972dd0a920a24e0056c742a, findChildElements {"id":":wdc:1362481325755","using":"xpath","value":"this][isnot][valid"}]
Mar 05, 2013 1:02:05 PM org.openqa.selenium.remote.RemoteWebDriver log
INFO: Executing: get [f0fb82a6f972dd0a920a24e0056c742a, get {"url":"http://lwo1-dhp-f35258.synapse.com:6432/common/formPage.html"}]
Mar 05, 2013 1:02:05 PM org.openqa.selenium.remote.RemoteWebDriver log
INFO: Executed: [f0fb82a6f972dd0a920a24e0056c742a, get {"url":"http://lwo1-dhp-f35258.synapse.com:6432/common/formPage.html"}]
Mar 05, 2013 1:02:05 PM org.openqa.selenium.remote.RemoteWebDriver log
INFO: Executing: findElement [f0fb82a6f972dd0a920a24e0056c742a, findElement {"using":"xpath","value":"count(//input)"}]
Mar 05, 2013 1:02:05 PM org.openqa.selenium.remote.RemoteWebDriver log
INFO: Executed: [f0fb82a6f972dd0a920a24e0056c742a, findElement {"using":"xpath","value":"count(//input)"}]
Mar 05, 2013 1:02:05 PM org.openqa.selenium.remote.RemoteWebDriver log
INFO: Executing: executeScript [f0fb82a6f972dd0a920a24e0056c742a, executeScript {"script":"return navigator.userAgent;","args":[]}]
Mar 05, 2013 1:02:05 PM org.openqa.selenium.remote.RemoteWebDriver log
INFO: Executed: [f0fb82a6f972dd0a920a24e0056c742a, executeScript {"script":"return navigator.userAgent;","args":[]}]
Mar 05, 2013 1:02:05 PM org.openqa.selenium.remote.RemoteWebDriver log
INFO: Executing: get [f0fb82a6f972dd0a920a24e0056c742a, get {"url":"http://lwo1-dhp-f35258.synapse.com:6432/common/formPage.html"}]
Mar 05, 2013 1:02:05 PM org.openqa.selenium.remote.RemoteWebDriver log
INFO: Executed: [f0fb82a6f972dd0a920a24e0056c742a, get {"url":"http://lwo1-dhp-f35258.synapse.com:6432/common/formPage.html"}]
Mar 05, 2013 1:02:05 PM org.openqa.selenium.remote.RemoteWebDriver log
INFO: Executing: findElements [f0fb82a6f972dd0a920a24e0056c742a, findElements {"using":"xpath","value":"count(//input)"}]
Mar 05, 2013 1:02:05 PM org.openqa.selenium.remote.RemoteWebDriver log
INFO: Executed: [f0fb82a6f972dd0a920a24e0056c742a, findElements {"using":"xpath","value":"count(//input)"}]
Mar 05, 2013 1:02:05 PM org.openqa.selenium.remote.RemoteWebDriver log
INFO: Executing: get [f0fb82a6f972dd0a920a24e0056c742a, get {"url":"http://lwo1-dhp-f35258.synapse.com:6432/common/formPage.html"}]
Mar 05, 2013 1:02:05 PM org.openqa.selenium.remote.RemoteWebDriver log
INFO: Executed: [f0fb82a6f972dd0a920a24e0056c742a, get {"url":"http://lwo1-dhp-f35258.synapse.com:6432/common/formPage.html"}]
Mar 05, 2013 1:02:05 PM org.openqa.selenium.remote.RemoteWebDriver log
INFO: Executing: findElement [f0fb82a6f972dd0a920a24e0056c742a, findElement {"using":"tag name","value":"body"}]
Mar 05, 2013 1:02:05 PM org.openqa.selenium.remote.RemoteWebDriver log
INFO: Executed: [f0fb82a6f972dd0a920a24e0056c742a, findElement {"using":"tag name","value":"body"}]
Mar 05, 2013 1:02:05 PM org.openqa.selenium.remote.RemoteWebDriver log
INFO: Executing: findChildElement [f0fb82a6f972dd0a920a24e0056c742a, findChildElement {"id":":wdc:1362481325975","using":"xpath","value":"count(//input)"}]
Mar 05, 2013 1:02:06 PM org.openqa.selenium.remote.RemoteWebDriver log
INFO: Executed: [f0fb82a6f972dd0a920a24e0056c742a, findChildElement {"id":":wdc:1362481325975","using":"xpath","value":"count(//input)"}]
Mar 05, 2013 1:02:06 PM org.openqa.selenium.remote.RemoteWebDriver log
INFO: Executing: executeScript [f0fb82a6f972dd0a920a24e0056c742a, executeScript {"script":"return navigator.userAgent;","args":[]}]
Mar 05, 2013 1:02:06 PM org.openqa.selenium.remote.RemoteWebDriver log
INFO: Executed: [f0fb82a6f972dd0a920a24e0056c742a, executeScript {"script":"return navigator.userAgent;","args":[]}]
Mar 05, 2013 1:02:06 PM org.openqa.selenium.remote.RemoteWebDriver log
INFO: Executing: get [f0fb82a6f972dd0a920a24e0056c742a, get {"url":"http://lwo1-dhp-f35258.synapse.com:6432/common/formPage.html"}]
Mar 05, 2013 1:02:06 PM org.openqa.selenium.remote.RemoteWebDriver log
INFO: Executed: [f0fb82a6f972dd0a920a24e0056c742a, get {"url":"http://lwo1-dhp-f35258.synapse.com:6432/common/formPage.html"}]
Mar 05, 2013 1:02:06 PM org.openqa.selenium.remote.RemoteWebDriver log
INFO: Executing: findElement [f0fb82a6f972dd0a920a24e0056c742a, findElement {"using":"tag name","value":"body"}]
Mar 05, 2013 1:02:06 PM org.openqa.selenium.remote.RemoteWebDriver log
INFO: Executed: [f0fb82a6f972dd0a920a24e0056c742a, findElement {"using":"tag name","value":"body"}]
Mar 05, 2013 1:02:06 PM org.openqa.selenium.remote.RemoteWebDriver log
INFO: Executing: findChildElements [f0fb82a6f972dd0a920a24e0056c742a, findChildElements {"id":":wdc:1362481326099","using":"xpath","value":"count(//input)"}]
Mar 05, 2013 1:02:06 PM org.openqa.selenium.remote.RemoteWebDriver log
INFO: Executed: [f0fb82a6f972dd0a920a24e0056c742a, findChildElements {"id":":wdc:1362481326099","using":"xpath","value":"count(//input)"}]
Mar 05, 2013 1:02:06 PM org.openqa.selenium.remote.RemoteWebDriver log
INFO: Executing: get [f0fb82a6f972dd0a920a24e0056c742a, get {"url":"http://lwo1-dhp-f35258.synapse.com:6432/common/droppableItems.html"}]
Mar 05, 2013 1:02:06 PM org.openqa.selenium.remote.RemoteWebDriver log
INFO: Executed: [f0fb82a6f972dd0a920a24e0056c742a, get {"url":"http://lwo1-dhp-f35258.synapse.com:6432/common/droppableItems.html"}]
Mar 05, 2013 1:02:06 PM org.openqa.selenium.remote.RemoteWebDriver log
INFO: Executing: findElement [f0fb82a6f972dd0a920a24e0056c742a, findElement {"using":"id","value":"draggable"}]
Mar 05, 2013 1:02:06 PM org.openqa.selenium.remote.RemoteWebDriver log
INFO: Executed: [f0fb82a6f972dd0a920a24e0056c742a, findElement {"using":"id","value":"draggable"}]
Mar 05, 2013 1:02:06 PM org.openqa.selenium.remote.RemoteWebDriver log
INFO: Executing: findElement [f0fb82a6f972dd0a920a24e0056c742a, findElement {"using":"id","value":"draggable"}]
Mar 05, 2013 1:02:06 PM org.openqa.selenium.remote.RemoteWebDriver log
INFO: Executed: [f0fb82a6f972dd0a920a24e0056c742a, findElement {"using":"id","value":"draggable"}]
Mar 05, 2013 1:02:06 PM org.openqa.selenium.remote.RemoteWebDriver log
INFO: Executing: findElement [f0fb82a6f972dd0a920a24e0056c742a, findElement {"using":"id","value":"draggable"}]
Mar 05, 2013 1:02:06 PM org.openqa.selenium.remote.RemoteWebDriver log
INFO: Executed: [f0fb82a6f972dd0a920a24e0056c742a, findElement {"using":"id","value":"draggable"}]
Mar 05, 2013 1:02:06 PM org.openqa.selenium.remote.RemoteWebDriver log
INFO: Executing: findElement [f0fb82a6f972dd0a920a24e0056c742a, findElement {"using":"id","value":"droppable"}]
Mar 05, 2013 1:02:06 PM org.openqa.selenium.remote.RemoteWebDriver log
INFO: Executed: [f0fb82a6f972dd0a920a24e0056c742a, findElement {"using":"id","value":"droppable"}]
Mar 05, 2013 1:02:06 PM org.openqa.selenium.remote.RemoteWebDriver log
INFO: Executing: mouseMoveTo [f0fb82a6f972dd0a920a24e0056c742a, mouseMoveTo {"element":":wdc:1362481326214"}]
Mar 05, 2013 1:02:06 PM org.openqa.selenium.remote.RemoteWebDriver log
INFO: Executed: [f0fb82a6f972dd0a920a24e0056c742a, mouseMoveTo {"element":":wdc:1362481326214"}]
Mar 05, 2013 1:02:06 PM org.openqa.selenium.remote.RemoteWebDriver log
INFO: Executing: mouseMoveTo [f0fb82a6f972dd0a920a24e0056c742a, mouseMoveTo {"element":":wdc:1362481326214"}]
Mar 05, 2013 1:02:06 PM org.openqa.selenium.remote.RemoteWebDriver log
INFO: Executed: [f0fb82a6f972dd0a920a24e0056c742a, mouseMoveTo {"element":":wdc:1362481326214"}]
Mar 05, 2013 1:02:06 PM org.openqa.selenium.remote.RemoteWebDriver log
INFO: Executing: mouseButtonDown [f0fb82a6f972dd0a920a24e0056c742a, mouseButtonDown {}]
Mar 05, 2013 1:02:06 PM org.openqa.selenium.remote.RemoteWebDriver log
INFO: Executed: [f0fb82a6f972dd0a920a24e0056c742a, mouseButtonDown {}]
Mar 05, 2013 1:02:06 PM org.openqa.selenium.remote.RemoteWebDriver log
INFO: Executing: mouseMoveTo [f0fb82a6f972dd0a920a24e0056c742a, mouseMoveTo {"element":":wdc:1362481326215"}]
Mar 05, 2013 1:02:06 PM org.openqa.selenium.remote.RemoteWebDriver log
INFO: Executed: [f0fb82a6f972dd0a920a24e0056c742a, mouseMoveTo {"element":":wdc:1362481326215"}]
Mar 05, 2013 1:02:06 PM org.openqa.selenium.remote.RemoteWebDriver log
INFO: Executing: mouseMoveTo [f0fb82a6f972dd0a920a24e0056c742a, mouseMoveTo {"element":":wdc:1362481326215"}]
Mar 05, 2013 1:02:06 PM org.openqa.selenium.remote.RemoteWebDriver log
INFO: Executed: [f0fb82a6f972dd0a920a24e0056c742a, mouseMoveTo {"element":":wdc:1362481326215"}]
Mar 05, 2013 1:02:06 PM org.openqa.selenium.remote.RemoteWebDriver log
INFO: Executing: mouseMoveTo [f0fb82a6f972dd0a920a24e0056c742a, mouseMoveTo {"element":":wdc:1362481326215"}]
Mar 05, 2013 1:02:06 PM org.openqa.selenium.remote.RemoteWebDriver log
INFO: Executed: [f0fb82a6f972dd0a920a24e0056c742a, mouseMoveTo {"element":":wdc:1362481326215"}]
Mar 05, 2013 1:02:06 PM org.openqa.selenium.remote.RemoteWebDriver log
INFO: Executing: mouseButtonUp [f0fb82a6f972dd0a920a24e0056c742a, mouseButtonUp {}]
Mar 05, 2013 1:02:06 PM org.openqa.selenium.remote.RemoteWebDriver log
INFO: Executed: [f0fb82a6f972dd0a920a24e0056c742a, mouseButtonUp {}]
Mar 05, 2013 1:02:06 PM org.openqa.selenium.remote.RemoteWebDriver log
INFO: Executing: findElement [f0fb82a6f972dd0a920a24e0056c742a, findElement {"using":"id","value":"droppable"}]
Mar 05, 2013 1:02:06 PM org.openqa.selenium.remote.RemoteWebDriver log
INFO: Executed: [f0fb82a6f972dd0a920a24e0056c742a, findElement {"using":"id","value":"droppable"}]
Mar 05, 2013 1:02:06 PM org.openqa.selenium.remote.RemoteWebDriver log
INFO: Executing: findChildElement [f0fb82a6f972dd0a920a24e0056c742a, findChildElement {"id":":wdc:1362481326215","using":"tag name","value":"p"}]
Mar 05, 2013 1:02:06 PM org.openqa.selenium.remote.RemoteWebDriver log
INFO: Executed: [f0fb82a6f972dd0a920a24e0056c742a, findChildElement {"id":":wdc:1362481326215","using":"tag name","value":"p"}]
Mar 05, 2013 1:02:06 PM org.openqa.selenium.remote.RemoteWebDriver log
INFO: Executing: getElementText [f0fb82a6f972dd0a920a24e0056c742a, getElementText {"id":":wdc:1362481326216"}]
Mar 05, 2013 1:02:06 PM org.openqa.selenium.remote.RemoteWebDriver log
INFO: Executed: [f0fb82a6f972dd0a920a24e0056c742a, getElementText {"id":":wdc:1362481326216"}]
Mar 05, 2013 1:02:06 PM org.openqa.selenium.remote.RemoteWebDriver log
INFO: Executing: get [f0fb82a6f972dd0a920a24e0056c742a, get {"url":"http://lwo1-dhp-f35258.synapse.com:6432/common/draggableLists.html"}]
Mar 05, 2013 1:02:06 PM org.openqa.selenium.remote.RemoteWebDriver log
INFO: Executed: [f0fb82a6f972dd0a920a24e0056c742a, get {"url":"http://lwo1-dhp-f35258.synapse.com:6432/common/draggableLists.html"}]
Mar 05, 2013 1:02:06 PM org.openqa.selenium.remote.RemoteWebDriver log
INFO: Executing: findElement [f0fb82a6f972dd0a920a24e0056c742a, findElement {"using":"id","value":"dragging_reports"}]
Mar 05, 2013 1:02:06 PM org.openqa.selenium.remote.RemoteWebDriver log
INFO: Executed: [f0fb82a6f972dd0a920a24e0056c742a, findElement {"using":"id","value":"dragging_reports"}]
Mar 05, 2013 1:02:06 PM org.openqa.selenium.remote.RemoteWebDriver log
INFO: Executing: findElement [f0fb82a6f972dd0a920a24e0056c742a, findElement {"using":"id","value":"rightitem-3"}]
Mar 05, 2013 1:02:06 PM org.openqa.selenium.remote.RemoteWebDriver log
INFO: Executed: [f0fb82a6f972dd0a920a24e0056c742a, findElement {"using":"id","value":"rightitem-3"}]
Mar 05, 2013 1:02:06 PM org.openqa.selenium.remote.RemoteWebDriver log
INFO: Executing: findElement [f0fb82a6f972dd0a920a24e0056c742a, findElement {"using":"id","value":"sortable1"}]
Mar 05, 2013 1:02:06 PM org.openqa.selenium.remote.RemoteWebDriver log
INFO: Executed: [f0fb82a6f972dd0a920a24e0056c742a, findElement {"using":"id","value":"sortable1"}]
Mar 05, 2013 1:02:06 PM org.openqa.selenium.remote.RemoteWebDriver log
INFO: Executing: findElement [f0fb82a6f972dd0a920a24e0056c742a, findElement {"using":"id","value":"leftitem-4"}]
Mar 05, 2013 1:02:07 PM org.openqa.selenium.remote.RemoteWebDriver log
INFO: Executed: [f0fb82a6f972dd0a920a24e0056c742a, findElement {"using":"id","value":"leftitem-4"}]
Mar 05, 2013 1:02:07 PM org.openqa.selenium.remote.RemoteWebDriver log
INFO: Executing: getElementText [f0fb82a6f972dd0a920a24e0056c742a, getElementText {"id":":wdc:1362481326881"}]
Mar 05, 2013 1:02:07 PM org.openqa.selenium.remote.RemoteWebDriver log
INFO: Executed: [f0fb82a6f972dd0a920a24e0056c742a, getElementText {"id":":wdc:1362481326881"}]
Mar 05, 2013 1:02:07 PM org.openqa.selenium.remote.RemoteWebDriver log
INFO: Executing: mouseMoveTo [f0fb82a6f972dd0a920a24e0056c742a, mouseMoveTo {"element":":wdc:1362481326882"}]
Mar 05, 2013 1:02:07 PM org.openqa.selenium.remote.RemoteWebDriver log
INFO: Executed: [f0fb82a6f972dd0a920a24e0056c742a, mouseMoveTo {"element":":wdc:1362481326882"}]
Mar 05, 2013 1:02:07 PM org.openqa.selenium.remote.RemoteWebDriver log
INFO: Executing: mouseMoveTo [f0fb82a6f972dd0a920a24e0056c742a, mouseMoveTo {"element":":wdc:1362481326882"}]
Mar 05, 2013 1:02:07 PM org.openqa.selenium.remote.RemoteWebDriver log
INFO: Executed: [f0fb82a6f972dd0a920a24e0056c742a, mouseMoveTo {"element":":wdc:1362481326882"}]
Mar 05, 2013 1:02:07 PM org.openqa.selenium.remote.RemoteWebDriver log
INFO: Executing: mouseButtonDown [f0fb82a6f972dd0a920a24e0056c742a, mouseButtonDown {}]
Mar 05, 2013 1:02:07 PM org.openqa.selenium.remote.RemoteWebDriver log
INFO: Executed: [f0fb82a6f972dd0a920a24e0056c742a, mouseButtonDown {}]
Mar 05, 2013 1:02:07 PM org.openqa.selenium.remote.RemoteWebDriver log
INFO: Executing: mouseMoveTo [f0fb82a6f972dd0a920a24e0056c742a, mouseMoveTo {"element":":wdc:1362481326884"}]
Mar 05, 2013 1:02:07 PM org.openqa.selenium.remote.RemoteWebDriver log
INFO: Executed: [f0fb82a6f972dd0a920a24e0056c742a, mouseMoveTo {"element":":wdc:1362481326884"}]
Mar 05, 2013 1:02:07 PM org.openqa.selenium.remote.RemoteWebDriver log
INFO: Executing: mouseMoveTo [f0fb82a6f972dd0a920a24e0056c742a, mouseMoveTo {"element":":wdc:1362481326883"}]
Mar 05, 2013 1:02:07 PM org.openqa.selenium.remote.RemoteWebDriver log
INFO: Executed: [f0fb82a6f972dd0a920a24e0056c742a, mouseMoveTo {"element":":wdc:1362481326883"}]
Mar 05, 2013 1:02:07 PM org.openqa.selenium.remote.RemoteWebDriver log
INFO: Executing: getElementText [f0fb82a6f972dd0a920a24e0056c742a, getElementText {"id":":wdc:1362481326881"}]
Mar 05, 2013 1:02:07 PM org.openqa.selenium.remote.RemoteWebDriver log
INFO: Executed: [f0fb82a6f972dd0a920a24e0056c742a, getElementText {"id":":wdc:1362481326881"}]
Mar 05, 2013 1:02:07 PM org.openqa.selenium.remote.RemoteWebDriver log
INFO: Executing: mouseMoveTo [f0fb82a6f972dd0a920a24e0056c742a, mouseMoveTo {"element":":wdc:1362481326883"}]
Mar 05, 2013 1:02:07 PM org.openqa.selenium.remote.RemoteWebDriver log
INFO: Executed: [f0fb82a6f972dd0a920a24e0056c742a, mouseMoveTo {"element":":wdc:1362481326883"}]
Mar 05, 2013 1:02:07 PM org.openqa.selenium.remote.RemoteWebDriver log
INFO: Executing: mouseMoveTo [f0fb82a6f972dd0a920a24e0056c742a, mouseMoveTo {"element":":wdc:1362481326883"}]
Mar 05, 2013 1:02:07 PM org.openqa.selenium.remote.RemoteWebDriver log
INFO: Executed: [f0fb82a6f972dd0a920a24e0056c742a, mouseMoveTo {"element":":wdc:1362481326883"}]
Mar 05, 2013 1:02:07 PM org.openqa.selenium.remote.RemoteWebDriver log
INFO: Executing: mouseButtonUp [f0fb82a6f972dd0a920a24e0056c742a, mouseButtonUp {}]
Mar 05, 2013 1:02:07 PM org.openqa.selenium.remote.RemoteWebDriver log
INFO: Executed: [f0fb82a6f972dd0a920a24e0056c742a, mouseButtonUp {}]
Mar 05, 2013 1:02:07 PM org.openqa.selenium.remote.RemoteWebDriver log
INFO: Executing: findElement [f0fb82a6f972dd0a920a24e0056c742a, findElement {"using":"id","value":"sortable1"}]
Mar 05, 2013 1:02:07 PM org.openqa.selenium.remote.RemoteWebDriver log
INFO: Executed: [f0fb82a6f972dd0a920a24e0056c742a, findElement {"using":"id","value":"sortable1"}]
Mar 05, 2013 1:02:07 PM org.openqa.selenium.remote.RemoteWebDriver log
INFO: Executing: findChildElements [f0fb82a6f972dd0a920a24e0056c742a, findChildElements {"id":":wdc:1362481326883","using":"tag name","value":"li"}]
Mar 05, 2013 1:02:07 PM org.openqa.selenium.remote.RemoteWebDriver log
INFO: Executed: [f0fb82a6f972dd0a920a24e0056c742a, findChildElements {"id":":wdc:1362481326883","using":"tag name","value":"li"}]
Mar 05, 2013 1:02:07 PM org.openqa.selenium.remote.RemoteWebDriver log
INFO: Executing: get [f0fb82a6f972dd0a920a24e0056c742a, get {"url":"http://lwo1-dhp-f35258.synapse.com:6432/common/draggableLists.html"}]
Mar 05, 2013 1:02:07 PM org.openqa.selenium.remote.RemoteWebDriver log
INFO: Executed: [f0fb82a6f972dd0a920a24e0056c742a, get {"url":"http://lwo1-dhp-f35258.synapse.com:6432/common/draggableLists.html"}]
Mar 05, 2013 1:02:07 PM org.openqa.selenium.remote.RemoteWebDriver log
INFO: Executing: findElement [f0fb82a6f972dd0a920a24e0056c742a, findElement {"using":"id","value":"dragging_reports"}]
Mar 05, 2013 1:02:07 PM org.openqa.selenium.remote.RemoteWebDriver log
INFO: Executed: [f0fb82a6f972dd0a920a24e0056c742a, findElement {"using":"id","value":"dragging_reports"}]
Mar 05, 2013 1:02:07 PM org.openqa.selenium.remote.RemoteWebDriver log
INFO: Executing: findElement [f0fb82a6f972dd0a920a24e0056c742a, findElement {"using":"id","value":"rightitem-3"}]
Mar 05, 2013 1:02:07 PM org.openqa.selenium.remote.RemoteWebDriver log
INFO: Executed: [f0fb82a6f972dd0a920a24e0056c742a, findElement {"using":"id","value":"rightitem-3"}]
Mar 05, 2013 1:02:07 PM org.openqa.selenium.remote.RemoteWebDriver log
INFO: Executing: findElement [f0fb82a6f972dd0a920a24e0056c742a, findElement {"using":"id","value":"sortable1"}]
Mar 05, 2013 1:02:07 PM org.openqa.selenium.remote.RemoteWebDriver log
INFO: Executed: [f0fb82a6f972dd0a920a24e0056c742a, findElement {"using":"id","value":"sortable1"}]
Mar 05, 2013 1:02:07 PM org.openqa.selenium.remote.RemoteWebDriver log
INFO: Executing: findElement [f0fb82a6f972dd0a920a24e0056c742a, findElement {"using":"id","value":"leftitem-4"}]
Mar 05, 2013 1:02:07 PM org.openqa.selenium.remote.RemoteWebDriver log
INFO: Executed: [f0fb82a6f972dd0a920a24e0056c742a, findElement {"using":"id","value":"leftitem-4"}]
Mar 05, 2013 1:02:07 PM org.openqa.selenium.remote.RemoteWebDriver log
INFO: Executing: getElementText [f0fb82a6f972dd0a920a24e0056c742a, getElementText {"id":":wdc:1362481327693"}]
Mar 05, 2013 1:02:07 PM org.openqa.selenium.remote.RemoteWebDriver log
INFO: Executed: [f0fb82a6f972dd0a920a24e0056c742a, getElementText {"id":":wdc:1362481327693"}]
Mar 05, 2013 1:02:07 PM org.openqa.selenium.remote.RemoteWebDriver log
INFO: Executing: mouseMoveTo [f0fb82a6f972dd0a920a24e0056c742a, mouseMoveTo {"element":":wdc:1362481327694"}]
Mar 05, 2013 1:02:08 PM org.openqa.selenium.remote.RemoteWebDriver log
INFO: Executed: [f0fb82a6f972dd0a920a24e0056c742a, mouseMoveTo {"element":":wdc:1362481327694"}]
Mar 05, 2013 1:02:08 PM org.openqa.selenium.remote.RemoteWebDriver log
INFO: Executing: mouseMoveTo [f0fb82a6f972dd0a920a24e0056c742a, mouseMoveTo {"element":":wdc:1362481327694"}]
Mar 05, 2013 1:02:08 PM org.openqa.selenium.remote.RemoteWebDriver log
INFO: Executed: [f0fb82a6f972dd0a920a24e0056c742a, mouseMoveTo {"element":":wdc:1362481327694"}]
Mar 05, 2013 1:02:08 PM org.openqa.selenium.remote.RemoteWebDriver log
INFO: Executing: mouseButtonDown [f0fb82a6f972dd0a920a24e0056c742a, mouseButtonDown {}]
Mar 05, 2013 1:02:08 PM org.openqa.selenium.remote.RemoteWebDriver log
INFO: Executed: [f0fb82a6f972dd0a920a24e0056c742a, mouseButtonDown {}]
Mar 05, 2013 1:02:08 PM org.openqa.selenium.remote.RemoteWebDriver log
INFO: Executing: mouseMoveTo [f0fb82a6f972dd0a920a24e0056c742a, mouseMoveTo {"element":":wdc:1362481327696"}]
Mar 05, 2013 1:02:08 PM org.openqa.selenium.remote.RemoteWebDriver log
INFO: Executed: [f0fb82a6f972dd0a920a24e0056c742a, mouseMoveTo {"element":":wdc:1362481327696"}]
Mar 05, 2013 1:02:08 PM org.openqa.selenium.remote.RemoteWebDriver log
INFO: Executing: mouseMoveTo [f0fb82a6f972dd0a920a24e0056c742a, mouseMoveTo {"element":":wdc:1362481327695"}]
Mar 05, 2013 1:02:08 PM org.openqa.selenium.remote.RemoteWebDriver log
INFO: Executed: [f0fb82a6f972dd0a920a24e0056c742a, mouseMoveTo {"element":":wdc:1362481327695"}]
Mar 05, 2013 1:02:08 PM org.openqa.selenium.remote.RemoteWebDriver log
INFO: Executing: getElementText [f0fb82a6f972dd0a920a24e0056c742a, getElementText {"id":":wdc:1362481327693"}]
Mar 05, 2013 1:02:08 PM org.openqa.selenium.remote.RemoteWebDriver log
INFO: Executed: [f0fb82a6f972dd0a920a24e0056c742a, getElementText {"id":":wdc:1362481327693"}]
Mar 05, 2013 1:02:08 PM org.openqa.selenium.remote.RemoteWebDriver log
INFO: Executing: mouseMoveTo [f0fb82a6f972dd0a920a24e0056c742a, mouseMoveTo {"element":":wdc:1362481327695"}]
Mar 05, 2013 1:02:08 PM org.openqa.selenium.remote.RemoteWebDriver log
INFO: Executed: [f0fb82a6f972dd0a920a24e0056c742a, mouseMoveTo {"element":":wdc:1362481327695"}]
Mar 05, 2013 1:02:08 PM org.openqa.selenium.remote.RemoteWebDriver log
INFO: Executing: mouseMoveTo [f0fb82a6f972dd0a920a24e0056c742a, mouseMoveTo {"element":":wdc:1362481327695"}]
Mar 05, 2013 1:02:08 PM org.openqa.selenium.remote.RemoteWebDriver log
INFO: Executed: [f0fb82a6f972dd0a920a24e0056c742a, mouseMoveTo {"element":":wdc:1362481327695"}]
Mar 05, 2013 1:02:08 PM org.openqa.selenium.remote.RemoteWebDriver log
INFO: Executing: mouseButtonUp [f0fb82a6f972dd0a920a24e0056c742a, mouseButtonUp {}]
Mar 05, 2013 1:02:08 PM org.openqa.selenium.remote.RemoteWebDriver log
INFO: Executed: [f0fb82a6f972dd0a920a24e0056c742a, mouseButtonUp {}]
Mar 05, 2013 1:02:08 PM org.openqa.selenium.remote.RemoteWebDriver log
INFO: Executing: findElement [f0fb82a6f972dd0a920a24e0056c742a, findElement {"using":"id","value":"dragging_reports"}]
Mar 05, 2013 1:02:08 PM org.openqa.selenium.remote.RemoteWebDriver log
INFO: Executed: [f0fb82a6f972dd0a920a24e0056c742a, findElement {"using":"id","value":"dragging_reports"}]
Mar 05, 2013 1:02:08 PM org.openqa.selenium.remote.RemoteWebDriver log
INFO: Executing: getElementText [f0fb82a6f972dd0a920a24e0056c742a, getElementText {"id":":wdc:1362481327693"}]
Mar 05, 2013 1:02:08 PM org.openqa.selenium.remote.RemoteWebDriver log
INFO: Executed: [f0fb82a6f972dd0a920a24e0056c742a, getElementText {"id":":wdc:1362481327693"}]
Mar 05, 2013 1:02:08 PM org.openqa.selenium.remote.RemoteWebDriver log
INFO: Executing: get [f0fb82a6f972dd0a920a24e0056c742a, get {"url":"http://lwo1-dhp-f35258.synapse.com:6432/common/javascriptPage.html"}]
Mar 05, 2013 1:02:08 PM org.openqa.selenium.remote.RemoteWebDriver log
INFO: Executed: [f0fb82a6f972dd0a920a24e0056c742a, get {"url":"http://lwo1-dhp-f35258.synapse.com:6432/common/javascriptPage.html"}]
Mar 05, 2013 1:02:08 PM org.openqa.selenium.remote.RemoteWebDriver log
INFO: Executing: findElement [f0fb82a6f972dd0a920a24e0056c742a, findElement {"using":"id","value":"clickField"}]
Mar 05, 2013 1:02:08 PM org.openqa.selenium.remote.RemoteWebDriver log
INFO: Executed: [f0fb82a6f972dd0a920a24e0056c742a, findElement {"using":"id","value":"clickField"}]
Mar 05, 2013 1:02:08 PM org.openqa.selenium.remote.RemoteWebDriver log
INFO: Executing: mouseMoveTo [f0fb82a6f972dd0a920a24e0056c742a, mouseMoveTo {"element":":wdc:1362481328577"}]
Mar 05, 2013 1:02:08 PM org.openqa.selenium.remote.RemoteWebDriver log
INFO: Executed: [f0fb82a6f972dd0a920a24e0056c742a, mouseMoveTo {"element":":wdc:1362481328577"}]
Mar 05, 2013 1:02:08 PM org.openqa.selenium.remote.RemoteWebDriver log
INFO: Executing: mouseMoveTo [f0fb82a6f972dd0a920a24e0056c742a, mouseMoveTo {"element":":wdc:1362481328577"}]
Mar 05, 2013 1:02:08 PM org.openqa.selenium.remote.RemoteWebDriver log
INFO: Executed: [f0fb82a6f972dd0a920a24e0056c742a, mouseMoveTo {"element":":wdc:1362481328577"}]
Mar 05, 2013 1:02:08 PM org.openqa.selenium.remote.RemoteWebDriver log
INFO: Executing: mouseDoubleClick [f0fb82a6f972dd0a920a24e0056c742a, mouseDoubleClick {}]
Mar 05, 2013 1:02:08 PM org.openqa.selenium.remote.RemoteWebDriver log
INFO: Executed: [f0fb82a6f972dd0a920a24e0056c742a, mouseDoubleClick {}]
Mar 05, 2013 1:02:08 PM org.openqa.selenium.remote.RemoteWebDriver log
INFO: Executing: get [f0fb82a6f972dd0a920a24e0056c742a, get {"url":"http://lwo1-dhp-f35258.synapse.com:6432/common/droppableItems.html"}]
Mar 05, 2013 1:02:08 PM org.openqa.selenium.remote.RemoteWebDriver log
INFO: Executed: [f0fb82a6f972dd0a920a24e0056c742a, get {"url":"http://lwo1-dhp-f35258.synapse.com:6432/common/droppableItems.html"}]
Mar 05, 2013 1:02:08 PM org.openqa.selenium.remote.RemoteWebDriver log
INFO: Executing: get [f0fb82a6f972dd0a920a24e0056c742a, get {"url":"http://lwo1-dhp-f35258.synapse.com:6432/common/javascriptPage.html"}]
Mar 05, 2013 1:02:08 PM org.openqa.selenium.remote.RemoteWebDriver log
INFO: Executed: [f0fb82a6f972dd0a920a24e0056c742a, get {"url":"http://lwo1-dhp-f35258.synapse.com:6432/common/javascriptPage.html"}]
Mar 05, 2013 1:02:08 PM org.openqa.selenium.remote.RemoteWebDriver log
INFO: Executing: findElement [f0fb82a6f972dd0a920a24e0056c742a, findElement {"using":"id","value":"doubleClickField"}]
Mar 05, 2013 1:02:08 PM org.openqa.selenium.remote.RemoteWebDriver log
INFO: Executed: [f0fb82a6f972dd0a920a24e0056c742a, findElement {"using":"id","value":"doubleClickField"}]
Mar 05, 2013 1:02:08 PM org.openqa.selenium.remote.RemoteWebDriver log
INFO: Executing: mouseMoveTo [f0fb82a6f972dd0a920a24e0056c742a, mouseMoveTo {"element":":wdc:1362481328731"}]
Mar 05, 2013 1:02:08 PM org.openqa.selenium.remote.RemoteWebDriver log
INFO: Executed: [f0fb82a6f972dd0a920a24e0056c742a, mouseMoveTo {"element":":wdc:1362481328731"}]
Mar 05, 2013 1:02:08 PM org.openqa.selenium.remote.RemoteWebDriver log
INFO: Executing: mouseMoveTo [f0fb82a6f972dd0a920a24e0056c742a, mouseMoveTo {"element":":wdc:1362481328731"}]
Mar 05, 2013 1:02:08 PM org.openqa.selenium.remote.RemoteWebDriver log
INFO: Executed: [f0fb82a6f972dd0a920a24e0056c742a, mouseMoveTo {"element":":wdc:1362481328731"}]
Mar 05, 2013 1:02:08 PM org.openqa.selenium.remote.RemoteWebDriver log
INFO: Executing: mouseDoubleClick [f0fb82a6f972dd0a920a24e0056c742a, mouseDoubleClick {}]
Mar 05, 2013 1:02:08 PM org.openqa.selenium.remote.RemoteWebDriver log
INFO: Executed: [f0fb82a6f972dd0a920a24e0056c742a, mouseDoubleClick {}]
Mar 05, 2013 1:02:08 PM org.openqa.selenium.remote.RemoteWebDriver log
INFO: Executing: getElementAttribute [f0fb82a6f972dd0a920a24e0056c742a, getElementAttribute {"id":":wdc:1362481328731","name":"value"}]
Mar 05, 2013 1:02:08 PM org.openqa.selenium.remote.RemoteWebDriver log
INFO: Executed: [f0fb82a6f972dd0a920a24e0056c742a, getElementAttribute {"id":":wdc:1362481328731","name":"value"}]
Mar 05, 2013 1:02:08 PM org.openqa.selenium.remote.RemoteWebDriver log
INFO: Executing: get [f0fb82a6f972dd0a920a24e0056c742a, get {"url":"http://lwo1-dhp-f35258.synapse.com:6432/common/javascriptPage.html"}]
Mar 05, 2013 1:02:08 PM org.openqa.selenium.remote.RemoteWebDriver log
INFO: Executed: [f0fb82a6f972dd0a920a24e0056c742a, get {"url":"http://lwo1-dhp-f35258.synapse.com:6432/common/javascriptPage.html"}]
Mar 05, 2013 1:02:08 PM org.openqa.selenium.remote.RemoteWebDriver log
INFO: Executing: findElement [f0fb82a6f972dd0a920a24e0056c742a, findElement {"using":"id","value":"doubleClickField"}]
Mar 05, 2013 1:02:08 PM org.openqa.selenium.remote.RemoteWebDriver log
INFO: Executed: [f0fb82a6f972dd0a920a24e0056c742a, findElement {"using":"id","value":"doubleClickField"}]
Mar 05, 2013 1:02:08 PM org.openqa.selenium.remote.RemoteWebDriver log
INFO: Executing: mouseMoveTo [f0fb82a6f972dd0a920a24e0056c742a, mouseMoveTo {"element":":wdc:1362481328977"}]
Mar 05, 2013 1:02:09 PM org.openqa.selenium.remote.RemoteWebDriver log
INFO: Executed: [f0fb82a6f972dd0a920a24e0056c742a, mouseMoveTo {"element":":wdc:1362481328977"}]
Mar 05, 2013 1:02:09 PM org.openqa.selenium.remote.RemoteWebDriver log
INFO: Executing: mouseMoveTo [f0fb82a6f972dd0a920a24e0056c742a, mouseMoveTo {"element":":wdc:1362481328977"}]
Mar 05, 2013 1:02:09 PM org.openqa.selenium.remote.RemoteWebDriver log
INFO: Executed: [f0fb82a6f972dd0a920a24e0056c742a, mouseMoveTo {"element":":wdc:1362481328977"}]
Mar 05, 2013 1:02:09 PM org.openqa.selenium.remote.RemoteWebDriver log
INFO: Executing: mouseClick [f0fb82a6f972dd0a920a24e0056c742a, mouseClick {"button":2}]
Mar 05, 2013 1:02:09 PM org.openqa.selenium.remote.RemoteWebDriver log
INFO: Executed: [f0fb82a6f972dd0a920a24e0056c742a, mouseClick {"button":2}]
Mar 05, 2013 1:02:09 PM org.openqa.selenium.remote.RemoteWebDriver log
INFO: Executing: getElementAttribute [f0fb82a6f972dd0a920a24e0056c742a, getElementAttribute {"id":":wdc:1362481328977","name":"value"}]
Mar 05, 2013 1:02:09 PM org.openqa.selenium.remote.RemoteWebDriver log
INFO: Executed: [f0fb82a6f972dd0a920a24e0056c742a, getElementAttribute {"id":":wdc:1362481328977","name":"value"}]
Mar 05, 2013 1:02:09 PM org.openqa.selenium.remote.RemoteWebDriver log
INFO: Executing: get [f0fb82a6f972dd0a920a24e0056c742a, get {"url":"http://lwo1-dhp-f35258.synapse.com:6432/common/javascriptPage.html"}]
Mar 05, 2013 1:02:09 PM org.openqa.selenium.remote.RemoteWebDriver log
INFO: Executed: [f0fb82a6f972dd0a920a24e0056c742a, get {"url":"http://lwo1-dhp-f35258.synapse.com:6432/common/javascriptPage.html"}]
Mar 05, 2013 1:02:09 PM org.openqa.selenium.remote.RemoteWebDriver log
INFO: Executing: findElement [f0fb82a6f972dd0a920a24e0056c742a, findElement {"using":"id","value":"clickField"}]
Mar 05, 2013 1:02:09 PM org.openqa.selenium.remote.RemoteWebDriver log
INFO: Executed: [f0fb82a6f972dd0a920a24e0056c742a, findElement {"using":"id","value":"clickField"}]
Mar 05, 2013 1:02:09 PM org.openqa.selenium.remote.RemoteWebDriver log
INFO: Executing: mouseMoveTo [f0fb82a6f972dd0a920a24e0056c742a, mouseMoveTo {"element":":wdc:1362481329229"}]
Mar 05, 2013 1:02:09 PM org.openqa.selenium.remote.RemoteWebDriver log
INFO: Executed: [f0fb82a6f972dd0a920a24e0056c742a, mouseMoveTo {"element":":wdc:1362481329229"}]
Mar 05, 2013 1:02:09 PM org.openqa.selenium.remote.RemoteWebDriver log
INFO: Executing: mouseClick [f0fb82a6f972dd0a920a24e0056c742a, mouseClick {"button":0}]
Mar 05, 2013 1:02:09 PM org.openqa.selenium.remote.RemoteWebDriver log
INFO: Executed: [f0fb82a6f972dd0a920a24e0056c742a, mouseClick {"button":0}]
Mar 05, 2013 1:02:09 PM org.openqa.selenium.remote.RemoteWebDriver log
INFO: Executing: getElementAttribute [f0fb82a6f972dd0a920a24e0056c742a, getElementAttribute {"id":":wdc:1362481329229","name":"value"}]
Mar 05, 2013 1:02:09 PM org.openqa.selenium.remote.RemoteWebDriver log
INFO: Executed: [f0fb82a6f972dd0a920a24e0056c742a, getElementAttribute {"id":":wdc:1362481329229","name":"value"}]
Mar 05, 2013 1:02:09 PM org.openqa.selenium.remote.RemoteWebDriver log
INFO: Executing: getElementAttribute [f0fb82a6f972dd0a920a24e0056c742a, getElementAttribute {"id":":wdc:1362481329229","name":"value"}]
Mar 05, 2013 1:02:09 PM org.openqa.selenium.remote.RemoteWebDriver log
INFO: Executed: [f0fb82a6f972dd0a920a24e0056c742a, getElementAttribute {"id":":wdc:1362481329229","name":"value"}]
Mar 05, 2013 1:02:09 PM org.openqa.selenium.remote.RemoteWebDriver log
INFO: Executing: get [f0fb82a6f972dd0a920a24e0056c742a, get {"url":"http://lwo1-dhp-f35258.synapse.com:6432/common/clicks.html"}]
Mar 05, 2013 1:02:09 PM org.openqa.selenium.remote.RemoteWebDriver log
INFO: Executed: [f0fb82a6f972dd0a920a24e0056c742a, get {"url":"http://lwo1-dhp-f35258.synapse.com:6432/common/clicks.html"}]
Mar 05, 2013 1:02:09 PM org.openqa.selenium.remote.RemoteWebDriver log
INFO: Executing: switchToFrame [f0fb82a6f972dd0a920a24e0056c742a, switchToFrame {"id":"source"}]
Mar 05, 2013 1:02:09 PM org.openqa.selenium.remote.RemoteWebDriver log
INFO: Executed: [f0fb82a6f972dd0a920a24e0056c742a, switchToFrame {"id":"source"}]
Mar 05, 2013 1:02:09 PM org.openqa.selenium.remote.RemoteWebDriver log
INFO: Executing: findElement [f0fb82a6f972dd0a920a24e0056c742a, findElement {"using":"id","value":"otherframe"}]
Mar 05, 2013 1:02:09 PM org.openqa.selenium.remote.RemoteWebDriver log
INFO: Executed: [f0fb82a6f972dd0a920a24e0056c742a, findElement {"using":"id","value":"otherframe"}]
Mar 05, 2013 1:02:09 PM org.openqa.selenium.remote.RemoteWebDriver log
INFO: Executing: mouseMoveTo [f0fb82a6f972dd0a920a24e0056c742a, mouseMoveTo {"element":":wdc:1362481329592"}]
Mar 05, 2013 1:02:09 PM org.openqa.selenium.remote.RemoteWebDriver log
INFO: Executed: [f0fb82a6f972dd0a920a24e0056c742a, mouseMoveTo {"element":":wdc:1362481329592"}]
Mar 05, 2013 1:02:09 PM org.openqa.selenium.remote.RemoteWebDriver log
INFO: Executing: mouseClick [f0fb82a6f972dd0a920a24e0056c742a, mouseClick {"button":0}]
Mar 05, 2013 1:02:09 PM org.openqa.selenium.remote.RemoteWebDriver log
INFO: Executed: [f0fb82a6f972dd0a920a24e0056c742a, mouseClick {"button":0}]
Mar 05, 2013 1:02:09 PM org.openqa.selenium.remote.RemoteWebDriver log
INFO: Executing: switchToFrame [f0fb82a6f972dd0a920a24e0056c742a, switchToFrame {"id":null}]
Mar 05, 2013 1:02:09 PM org.openqa.selenium.remote.RemoteWebDriver log
INFO: Executed: [f0fb82a6f972dd0a920a24e0056c742a, switchToFrame {"id":null}]
Mar 05, 2013 1:02:09 PM org.openqa.selenium.remote.RemoteWebDriver log
INFO: Executing: switchToFrame [f0fb82a6f972dd0a920a24e0056c742a, switchToFrame {"id":"target"}]
Mar 05, 2013 1:02:09 PM org.openqa.selenium.remote.RemoteWebDriver log
INFO: Executed: [f0fb82a6f972dd0a920a24e0056c742a, switchToFrame {"id":"target"}]
Mar 05, 2013 1:02:09 PM org.openqa.selenium.remote.RemoteWebDriver log
INFO: Executing: findElement [f0fb82a6f972dd0a920a24e0056c742a, findElement {"using":"id","value":"span"}]
Mar 05, 2013 1:02:09 PM org.openqa.selenium.remote.RemoteWebDriver log
INFO: Executed: [f0fb82a6f972dd0a920a24e0056c742a, findElement {"using":"id","value":"span"}]
Mar 05, 2013 1:02:09 PM org.openqa.selenium.remote.RemoteWebDriver log
INFO: Executing: getElementText [f0fb82a6f972dd0a920a24e0056c742a, getElementText {"id":":wdc:1362481329875"}]
Mar 05, 2013 1:02:09 PM org.openqa.selenium.remote.RemoteWebDriver log
INFO: Executed: [f0fb82a6f972dd0a920a24e0056c742a, getElementText {"id":":wdc:1362481329875"}]
Mar 05, 2013 1:02:09 PM org.openqa.selenium.remote.RemoteWebDriver log
INFO: Executing: switchToFrame [f0fb82a6f972dd0a920a24e0056c742a, switchToFrame {"id":null}]
Mar 05, 2013 1:02:10 PM org.openqa.selenium.remote.RemoteWebDriver log
INFO: Executed: [f0fb82a6f972dd0a920a24e0056c742a, switchToFrame {"id":null}]
Mar 05, 2013 1:02:10 PM org.openqa.selenium.remote.RemoteWebDriver log
INFO: Executing: quit [f0fb82a6f972dd0a920a24e0056c742a, quit {}]
Mar 05, 2013 1:02:10 PM org.openqa.selenium.remote.RemoteWebDriver log
INFO: Executed: [f0fb82a6f972dd0a920a24e0056c742a, quit {}]
]]></system-err>
</testsuite>
